{"EventID": "1", "Channel": "Microsoft-Windows-Security-LessPrivilegedAppContainer/Operational", "Provider_Name": "Microsoft-Windows-Security-LessPrivilegedAppContainer", "Computer": "DESKTOP-OFJ6N53", "TimeCreated": "2025-01-14 23:29:09.842834+00:00", "RecordID": "338", "Level": "2", "UserID": "S-1-5-21-963789628-1060504924-4285088085-1001", "EventData.FailureTime": "2025-01-14 23:29:09.842831+00:00", "EventData.StackHash": "0x5cfb5db9"}
{"EventID": "1", "Channel": "Microsoft-Windows-Security-LessPrivilegedAppContainer/Operational", "Provider_Name": "Microsoft-Windows-Security-LessPrivilegedAppContainer", "Computer": "DESKTOP-OFJ6N53", "TimeCreated": "2025-01-14 23:29:09.863886+00:00", "RecordID": "339", "Level": "2", "UserID": "S-1-5-21-963789628-1060504924-4285088085-1001", "EventData.FailureTime": "2025-01-14 23:29:09.863882+00:00", "EventData.StackHash": "0x308bd1db"}
{"EventID": "1", "Channel": "Microsoft-Windows-Security-LessPrivilegedAppContainer/Operational", "Provider_Name": "Microsoft-Windows-Security-LessPrivilegedAppContainer", "Computer": "DESKTOP-OFJ6N53", "TimeCreated": "2025-01-14 23:29:09.863955+00:00", "RecordID": "340", "Level": "2", "UserID": "S-1-5-21-963789628-1060504924-4285088085-1001", "EventData.FailureTime": "2025-01-14 23:29:09.863955+00:00", "EventData.StackHash": "0x308b55e8"}
{"EventID": "1", "Channel": "Microsoft-Windows-Security-LessPrivilegedAppContainer/Operational", "Provider_Name": "Microsoft-Windows-Security-LessPrivilegedAppContainer", "Computer": "DESKTOP-OFJ6N53", "TimeCreated": "2025-01-14 23:29:09.864014+00:00", "RecordID": "341", "Level": "2", "UserID": "S-1-5-21-963789628-1060504924-4285088085-1001", "EventData.FailureTime": "2025-01-14 23:29:09.864014+00:00", "EventData.StackHash": "0x308b55f4"}
{"EventID": "1", "Channel": "Microsoft-Windows-Security-LessPrivilegedAppContainer/Operational", "Provider_Name": "Microsoft-Windows-Security-LessPrivilegedAppContainer", "Computer": "DESKTOP-OFJ6N53", "TimeCreated": "2025-01-14 23:29:09.868780+00:00", "RecordID": "342", "Level": "2", "UserID": "S-1-5-21-963789628-1060504924-4285088085-1001", "EventData.FailureTime": "2025-01-14 23:29:09.868776+00:00", "EventData.StackHash": "0x307e6216"}
{"EventID": "1", "Channel": "Microsoft-Windows-Security-LessPrivilegedAppContainer/Operational", "Provider_Name": "Microsoft-Windows-Security-LessPrivilegedAppContainer", "Computer": "DESKTOP-OFJ6N53", "TimeCreated": "2025-01-14 23:29:09.869781+00:00", "RecordID": "343", "Level": "2", "UserID": "S-1-5-21-963789628-1060504924-4285088085-1001", "EventData.FailureTime": "2025-01-14 23:29:09.869778+00:00", "EventData.StackHash": "0x40bcbc47"}
{"EventID": "1", "Channel": "Microsoft-Windows-Security-LessPrivilegedAppContainer/Operational", "Provider_Name": "Microsoft-Windows-Security-LessPrivilegedAppContainer", "Computer": "DESKTOP-OFJ6N53", "TimeCreated": "2025-01-14 23:29:09.935930+00:00", "RecordID": "344", "Level": "2", "UserID": "S-1-5-21-963789628-1060504924-4285088085-1001", "EventData.FailureTime": "2025-01-14 23:29:09.935928+00:00", "EventData.StackHash": "0x352f5a85"}
{"EventID": "1", "Channel": "Microsoft-Windows-Security-LessPrivilegedAppContainer/Operational", "Provider_Name": "Microsoft-Windows-Security-LessPrivilegedAppContainer", "Computer": "DESKTOP-OFJ6N53", "TimeCreated": "2025-01-14 23:29:09.935963+00:00", "RecordID": "345", "Level": "2", "UserID": "S-1-5-21-963789628-1060504924-4285088085-1001", "EventData.FailureTime": "2025-01-14 23:29:09.935963+00:00", "EventData.StackHash": "0x30b0657d"}
{"EventID": "1", "Channel": "Microsoft-Windows-Security-LessPrivilegedAppContainer/Operational", "Provider_Name": "Microsoft-Windows-Security-LessPrivilegedAppContainer", "Computer": "DESKTOP-OFJ6N53", "TimeCreated": "2025-01-14 23:29:09.942417+00:00", "RecordID": "346", "Level": "2", "UserID": "S-1-5-21-963789628-1060504924-4285088085-1001", "EventData.FailureTime": "2025-01-14 23:29:09.942415+00:00", "EventData.StackHash": "0x3080df90"}
{"EventID": "1", "Channel": "Microsoft-Windows-Security-LessPrivilegedAppContainer/Operational", "Provider_Name": "Microsoft-Windows-Security-LessPrivilegedAppContainer", "Computer": "DESKTOP-OFJ6N53", "TimeCreated": "2025-01-14 23:29:09.942570+00:00", "RecordID": "347", "Level": "2", "UserID": "S-1-5-21-963789628-1060504924-4285088085-1001", "EventData.FailureTime": "2025-01-14 23:29:09.942570+00:00", "EventData.StackHash": "0xb58fec53"}
{"EventID": "1", "Channel": "Microsoft-Windows-Security-LessPrivilegedAppContainer/Operational", "Provider_Name": "Microsoft-Windows-Security-LessPrivilegedAppContainer", "Computer": "DESKTOP-OFJ6N53", "TimeCreated": "2025-01-14 23:29:09.942602+00:00", "RecordID": "348", "Level": "2", "UserID": "S-1-5-21-963789628-1060504924-4285088085-1001", "EventData.FailureTime": "2025-01-14 23:29:09.942602+00:00", "EventData.StackHash": "0xabd1f273"}
{"EventID": "1", "Channel": "Microsoft-Windows-Security-LessPrivilegedAppContainer/Operational", "Provider_Name": "Microsoft-Windows-Security-LessPrivilegedAppContainer", "Computer": "DESKTOP-OFJ6N53", "TimeCreated": "2025-01-14 23:29:09.942682+00:00", "RecordID": "349", "Level": "2", "UserID": "S-1-5-21-963789628-1060504924-4285088085-1001", "EventData.FailureTime": "2025-01-14 23:29:09.942682+00:00", "EventData.StackHash": "0x17f44cf9"}
{"EventID": "1", "Channel": "Microsoft-Windows-Security-LessPrivilegedAppContainer/Operational", "Provider_Name": "Microsoft-Windows-Security-LessPrivilegedAppContainer", "Computer": "DESKTOP-OFJ6N53", "TimeCreated": "2025-01-14 23:29:09.965199+00:00", "RecordID": "350", "Level": "2", "UserID": "S-1-5-21-963789628-1060504924-4285088085-1001", "EventData.FailureTime": "2025-01-14 23:29:09.965197+00:00", "EventData.StackHash": "0x308c45c0"}
{"EventID": "1", "Channel": "Microsoft-Windows-Security-LessPrivilegedAppContainer/Operational", "Provider_Name": "Microsoft-Windows-Security-LessPrivilegedAppContainer", "Computer": "DESKTOP-OFJ6N53", "TimeCreated": "2025-01-14 23:29:09.965317+00:00", "RecordID": "351", "Level": "2", "UserID": "S-1-5-21-963789628-1060504924-4285088085-1001", "EventData.FailureTime": "2025-01-14 23:29:09.965317+00:00", "EventData.StackHash": "0x308c46f6"}
{"EventID": "1", "Channel": "Microsoft-Windows-Security-LessPrivilegedAppContainer/Operational", "Provider_Name": "Microsoft-Windows-Security-LessPrivilegedAppContainer", "Computer": "DESKTOP-OFJ6N53", "TimeCreated": "2025-01-14 23:29:09.969673+00:00", "RecordID": "352", "Level": "2", "UserID": "S-1-5-21-963789628-1060504924-4285088085-1001", "EventData.FailureTime": "2025-01-14 23:29:09.969671+00:00", "EventData.StackHash": "0x307bf81e"}
{"EventID": "1", "Channel": "Microsoft-Windows-Security-LessPrivilegedAppContainer/Operational", "Provider_Name": "Microsoft-Windows-Security-LessPrivilegedAppContainer", "Computer": "DESKTOP-OFJ6N53", "TimeCreated": "2025-01-14 23:29:09.971060+00:00", "RecordID": "353", "Level": "2", "UserID": "S-1-5-21-963789628-1060504924-4285088085-1001", "EventData.FailureTime": "2025-01-14 23:29:09.971058+00:00", "EventData.StackHash": "0x307c219e"}
{"EventID": "1", "Channel": "Microsoft-Windows-Security-LessPrivilegedAppContainer/Operational", "Provider_Name": "Microsoft-Windows-Security-LessPrivilegedAppContainer", "Computer": "DESKTOP-OFJ6N53", "TimeCreated": "2025-01-14 23:29:09.971079+00:00", "RecordID": "354", "Level": "2", "UserID": "S-1-5-21-963789628-1060504924-4285088085-1001", "EventData.FailureTime": "2025-01-14 23:29:09.971079+00:00", "EventData.StackHash": "0x307c2243"}
{"EventID": "1", "Channel": "Microsoft-Windows-Security-LessPrivilegedAppContainer/Operational", "Provider_Name": "Microsoft-Windows-Security-LessPrivilegedAppContainer", "Computer": "DESKTOP-OFJ6N53", "TimeCreated": "2025-01-14 23:29:09.971439+00:00", "RecordID": "355", "Level": "2", "UserID": "S-1-5-21-963789628-1060504924-4285088085-1001", "EventData.FailureTime": "2025-01-14 23:29:09.971437+00:00", "EventData.StackHash": "0x3064c7ce"}
{"EventID": "1", "Channel": "Microsoft-Windows-Security-LessPrivilegedAppContainer/Operational", "Provider_Name": "Microsoft-Windows-Security-LessPrivilegedAppContainer", "Computer": "DESKTOP-OFJ6N53", "TimeCreated": "2025-01-14 23:29:09.971523+00:00", "RecordID": "356", "Level": "2", "UserID": "S-1-5-21-963789628-1060504924-4285088085-1001", "EventData.FailureTime": "2025-01-14 23:29:09.971523+00:00", "EventData.StackHash": "0x30631545"}
{"EventID": "1", "Channel": "Microsoft-Windows-Security-LessPrivilegedAppContainer/Operational", "Provider_Name": "Microsoft-Windows-Security-LessPrivilegedAppContainer", "Computer": "DESKTOP-OFJ6N53", "TimeCreated": "2025-01-14 23:29:09.990112+00:00", "RecordID": "357", "Level": "2", "UserID": "S-1-5-21-963789628-1060504924-4285088085-1001", "EventData.FailureTime": "2025-01-14 23:29:09.990110+00:00", "EventData.StackHash": "0x308d813e"}
{"EventID": "1", "Channel": "Microsoft-Windows-Security-LessPrivilegedAppContainer/Operational", "Provider_Name": "Microsoft-Windows-Security-LessPrivilegedAppContainer", "Computer": "DESKTOP-OFJ6N53", "TimeCreated": "2025-01-14 23:29:09.990129+00:00", "RecordID": "358", "Level": "2", "UserID": "S-1-5-21-963789628-1060504924-4285088085-1001", "EventData.FailureTime": "2025-01-14 23:29:09.990129+00:00", "EventData.StackHash": "0x308d813e"}
{"EventID": "1", "Channel": "Microsoft-Windows-Security-LessPrivilegedAppContainer/Operational", "Provider_Name": "Microsoft-Windows-Security-LessPrivilegedAppContainer", "Computer": "DESKTOP-OFJ6N53", "TimeCreated": "2025-01-14 23:29:09.990141+00:00", "RecordID": "359", "Level": "2", "UserID": "S-1-5-21-963789628-1060504924-4285088085-1001", "EventData.FailureTime": "2025-01-14 23:29:09.990141+00:00", "EventData.StackHash": "0x308d813e"}
{"EventID": "1", "Channel": "Microsoft-Windows-Security-LessPrivilegedAppContainer/Operational", "Provider_Name": "Microsoft-Windows-Security-LessPrivilegedAppContainer", "Computer": "DESKTOP-OFJ6N53", "TimeCreated": "2025-01-14 23:29:09.990150+00:00", "RecordID": "360", "Level": "2", "UserID": "S-1-5-21-963789628-1060504924-4285088085-1001", "EventData.FailureTime": "2025-01-14 23:29:09.990150+00:00", "EventData.StackHash": "0x308d813e"}
{"EventID": "1", "Channel": "Microsoft-Windows-Security-LessPrivilegedAppContainer/Operational", "Provider_Name": "Microsoft-Windows-Security-LessPrivilegedAppContainer", "Computer": "DESKTOP-OFJ6N53", "TimeCreated": "2025-01-14 23:29:09.990168+00:00", "RecordID": "361", "Level": "2", "UserID": "S-1-5-21-963789628-1060504924-4285088085-1001", "EventData.FailureTime": "2025-01-14 23:29:09.990166+00:00", "EventData.StackHash": "0x308e3d4d"}
{"EventID": "1", "Channel": "Microsoft-Windows-Security-LessPrivilegedAppContainer/Operational", "Provider_Name": "Microsoft-Windows-Security-LessPrivilegedAppContainer", "Computer": "DESKTOP-OFJ6N53", "TimeCreated": "2025-01-14 23:29:09.990183+00:00", "RecordID": "362", "Level": "2", "UserID": "S-1-5-21-963789628-1060504924-4285088085-1001", "EventData.FailureTime": "2025-01-14 23:29:09.990181+00:00", "EventData.StackHash": "0x30937b6d"}
{"EventID": "1", "Channel": "Microsoft-Windows-Security-LessPrivilegedAppContainer/Operational", "Provider_Name": "Microsoft-Windows-Security-LessPrivilegedAppContainer", "Computer": "DESKTOP-OFJ6N53", "TimeCreated": "2025-01-14 23:29:09.990196+00:00", "RecordID": "363", "Level": "2", "UserID": "S-1-5-21-963789628-1060504924-4285088085-1001", "EventData.FailureTime": "2025-01-14 23:29:09.990196+00:00", "EventData.StackHash": "0x30937b84"}
{"EventID": "1", "Channel": "Microsoft-Windows-Security-LessPrivilegedAppContainer/Operational", "Provider_Name": "Microsoft-Windows-Security-LessPrivilegedAppContainer", "Computer": "DESKTOP-OFJ6N53", "TimeCreated": "2025-01-14 23:29:09.990629+00:00", "RecordID": "364", "Level": "2", "UserID": "S-1-5-21-963789628-1060504924-4285088085-1001", "EventData.FailureTime": "2025-01-14 23:29:09.990627+00:00", "EventData.StackHash": "0x4df3e11f"}
{"EventID": "1", "Channel": "Microsoft-Windows-Security-LessPrivilegedAppContainer/Operational", "Provider_Name": "Microsoft-Windows-Security-LessPrivilegedAppContainer", "Computer": "DESKTOP-OFJ6N53", "TimeCreated": "2025-01-14 23:29:09.992949+00:00", "RecordID": "365", "Level": "2", "UserID": "S-1-5-21-963789628-1060504924-4285088085-1001", "EventData.FailureTime": "2025-01-14 23:29:09.992947+00:00", "EventData.StackHash": "0x5cfb5db9"}
{"EventID": "1", "Channel": "Microsoft-Windows-Security-LessPrivilegedAppContainer/Operational", "Provider_Name": "Microsoft-Windows-Security-LessPrivilegedAppContainer", "Computer": "DESKTOP-OFJ6N53", "TimeCreated": "2025-01-14 23:29:09.993423+00:00", "RecordID": "366", "Level": "2", "UserID": "S-1-5-21-963789628-1060504924-4285088085-1001", "EventData.FailureTime": "2025-01-14 23:29:09.993423+00:00", "EventData.StackHash": "0x40bcbc47"}
{"EventID": "1", "Channel": "Microsoft-Windows-Security-LessPrivilegedAppContainer/Operational", "Provider_Name": "Microsoft-Windows-Security-LessPrivilegedAppContainer", "Computer": "DESKTOP-OFJ6N53", "TimeCreated": "2025-01-14 23:29:10.000404+00:00", "RecordID": "367", "Level": "2", "UserID": "S-1-5-21-963789628-1060504924-4285088085-1001", "EventData.FailureTime": "2025-01-14 23:29:10.000402+00:00", "EventData.StackHash": "0x308c45c0"}
{"EventID": "1", "Channel": "Microsoft-Windows-Security-LessPrivilegedAppContainer/Operational", "Provider_Name": "Microsoft-Windows-Security-LessPrivilegedAppContainer", "Computer": "DESKTOP-OFJ6N53", "TimeCreated": "2025-01-14 23:29:10.000532+00:00", "RecordID": "368", "Level": "2", "UserID": "S-1-5-21-963789628-1060504924-4285088085-1001", "EventData.FailureTime": "2025-01-14 23:29:10.000530+00:00", "EventData.StackHash": "0x308c46f6"}
{"EventID": "1", "Channel": "Microsoft-Windows-Security-LessPrivilegedAppContainer/Operational", "Provider_Name": "Microsoft-Windows-Security-LessPrivilegedAppContainer", "Computer": "DESKTOP-OFJ6N53", "TimeCreated": "2025-01-14 23:29:10.001923+00:00", "RecordID": "369", "Level": "2", "UserID": "S-1-5-21-963789628-1060504924-4285088085-1001", "EventData.FailureTime": "2025-01-14 23:29:10.001919+00:00", "EventData.StackHash": "0x5cfb5db9"}
{"EventID": "1", "Channel": "Microsoft-Windows-Security-LessPrivilegedAppContainer/Operational", "Provider_Name": "Microsoft-Windows-Security-LessPrivilegedAppContainer", "Computer": "DESKTOP-OFJ6N53", "TimeCreated": "2025-01-14 23:29:10.002411+00:00", "RecordID": "370", "Level": "2", "UserID": "S-1-5-21-963789628-1060504924-4285088085-1001", "EventData.FailureTime": "2025-01-14 23:29:10.002409+00:00", "EventData.StackHash": "0x40bcbc47"}
{"EventID": "1", "Channel": "Microsoft-Windows-Security-LessPrivilegedAppContainer/Operational", "Provider_Name": "Microsoft-Windows-Security-LessPrivilegedAppContainer", "Computer": "DESKTOP-OFJ6N53", "TimeCreated": "2025-01-14 23:29:10.009356+00:00", "RecordID": "371", "Level": "2", "UserID": "S-1-5-21-963789628-1060504924-4285088085-1001", "EventData.FailureTime": "2025-01-14 23:29:10.009356+00:00", "EventData.StackHash": "0x308c45c0"}
{"EventID": "1", "Channel": "Microsoft-Windows-Security-LessPrivilegedAppContainer/Operational", "Provider_Name": "Microsoft-Windows-Security-LessPrivilegedAppContainer", "Computer": "DESKTOP-OFJ6N53", "TimeCreated": "2025-01-14 23:29:10.009470+00:00", "RecordID": "372", "Level": "2", "UserID": "S-1-5-21-963789628-1060504924-4285088085-1001", "EventData.FailureTime": "2025-01-14 23:29:10.009468+00:00", "EventData.StackHash": "0x308c46f6"}
{"EventID": "1", "Channel": "Microsoft-Windows-Security-LessPrivilegedAppContainer/Operational", "Provider_Name": "Microsoft-Windows-Security-LessPrivilegedAppContainer", "Computer": "DESKTOP-OFJ6N53", "TimeCreated": "2025-01-23 07:58:24.942135+00:00", "RecordID": "373", "Level": "2", "UserID": "S-1-5-21-963789628-1060504924-4285088085-1001", "EventData.FailureTime": "2025-01-23 07:58:24.942133+00:00", "EventData.StackHash": "0x269d5532"}
{"EventID": "1", "Channel": "Microsoft-Windows-Security-LessPrivilegedAppContainer/Operational", "Provider_Name": "Microsoft-Windows-Security-LessPrivilegedAppContainer", "Computer": "DESKTOP-OFJ6N53", "TimeCreated": "2025-01-23 07:58:25.006771+00:00", "RecordID": "374", "Level": "2", "UserID": "S-1-5-21-963789628-1060504924-4285088085-1001", "EventData.FailureTime": "2025-01-23 07:58:25.006769+00:00", "EventData.StackHash": "0xa046b30b"}
{"EventID": "1", "Channel": "Microsoft-Windows-Security-LessPrivilegedAppContainer/Operational", "Provider_Name": "Microsoft-Windows-Security-LessPrivilegedAppContainer", "Computer": "DESKTOP-OFJ6N53", "TimeCreated": "2025-01-23 07:58:25.009661+00:00", "RecordID": "375", "Level": "2", "UserID": "S-1-5-21-963789628-1060504924-4285088085-1001", "EventData.FailureTime": "2025-01-23 07:58:25.009657+00:00", "EventData.StackHash": "0x269d5532"}
{"EventID": "1", "Channel": "Microsoft-Windows-Security-LessPrivilegedAppContainer/Operational", "Provider_Name": "Microsoft-Windows-Security-LessPrivilegedAppContainer", "Computer": "DESKTOP-OFJ6N53", "TimeCreated": "2025-01-23 07:58:29.956409+00:00", "RecordID": "376", "Level": "2", "UserID": "S-1-5-21-963789628-1060504924-4285088085-1001", "EventData.FailureTime": "2025-01-23 07:58:29.956406+00:00", "EventData.StackHash": "0x269d5532"}
{"EventID": "1", "Channel": "Microsoft-Windows-Security-LessPrivilegedAppContainer/Operational", "Provider_Name": "Microsoft-Windows-Security-LessPrivilegedAppContainer", "Computer": "DESKTOP-OFJ6N53", "TimeCreated": "2025-01-23 07:58:31.842447+00:00", "RecordID": "377", "Level": "2", "UserID": "S-1-5-21-963789628-1060504924-4285088085-1001", "EventData.FailureTime": "2025-01-23 07:58:31.842445+00:00", "EventData.StackHash": "0x307e50f0"}
{"EventID": "1", "Channel": "Microsoft-Windows-Security-LessPrivilegedAppContainer/Operational", "Provider_Name": "Microsoft-Windows-Security-LessPrivilegedAppContainer", "Computer": "DESKTOP-OFJ6N53", "TimeCreated": "2025-01-23 07:58:31.842503+00:00", "RecordID": "378", "Level": "2", "UserID": "S-1-5-21-963789628-1060504924-4285088085-1001", "EventData.FailureTime": "2025-01-23 07:58:31.842501+00:00", "EventData.StackHash": "0x307e5112"}
{"EventID": "1", "Channel": "Microsoft-Windows-Security-LessPrivilegedAppContainer/Operational", "Provider_Name": "Microsoft-Windows-Security-LessPrivilegedAppContainer", "Computer": "DESKTOP-OFJ6N53", "TimeCreated": "2025-01-23 07:58:31.842630+00:00", "RecordID": "379", "Level": "2", "UserID": "S-1-5-21-963789628-1060504924-4285088085-1001", "EventData.FailureTime": "2025-01-23 07:58:31.842628+00:00", "EventData.StackHash": "0x3078c26a"}
{"EventID": "1", "Channel": "Microsoft-Windows-Security-LessPrivilegedAppContainer/Operational", "Provider_Name": "Microsoft-Windows-Security-LessPrivilegedAppContainer", "Computer": "DESKTOP-OFJ6N53", "TimeCreated": "2025-01-23 07:58:31.843346+00:00", "RecordID": "380", "Level": "2", "UserID": "S-1-5-21-963789628-1060504924-4285088085-1001", "EventData.FailureTime": "2025-01-23 07:58:31.843342+00:00", "EventData.StackHash": "0x3091af6f"}
{"EventID": "1", "Channel": "Microsoft-Windows-Security-LessPrivilegedAppContainer/Operational", "Provider_Name": "Microsoft-Windows-Security-LessPrivilegedAppContainer", "Computer": "DESKTOP-OFJ6N53", "TimeCreated": "2025-01-23 07:58:31.843365+00:00", "RecordID": "381", "Level": "2", "UserID": "S-1-5-21-963789628-1060504924-4285088085-1001", "EventData.FailureTime": "2025-01-23 07:58:31.843365+00:00", "EventData.StackHash": "0x30931b05"}
{"EventID": "1", "Channel": "Microsoft-Windows-Security-LessPrivilegedAppContainer/Operational", "Provider_Name": "Microsoft-Windows-Security-LessPrivilegedAppContainer", "Computer": "DESKTOP-OFJ6N53", "TimeCreated": "2025-01-23 07:58:31.843822+00:00", "RecordID": "382", "Level": "2", "UserID": "S-1-5-21-963789628-1060504924-4285088085-1001", "EventData.FailureTime": "2025-01-23 07:58:31.843821+00:00", "EventData.StackHash": "0x509a8b6a"}
{"EventID": "1", "Channel": "Microsoft-Windows-Security-LessPrivilegedAppContainer/Operational", "Provider_Name": "Microsoft-Windows-Security-LessPrivilegedAppContainer", "Computer": "DESKTOP-OFJ6N53", "TimeCreated": "2025-01-23 07:58:31.844053+00:00", "RecordID": "383", "Level": "2", "UserID": "S-1-5-21-963789628-1060504924-4285088085-1001", "EventData.FailureTime": "2025-01-23 07:58:31.844051+00:00", "EventData.StackHash": "0x5cfb5a69"}
{"EventID": "1", "Channel": "Microsoft-Windows-Security-LessPrivilegedAppContainer/Operational", "Provider_Name": "Microsoft-Windows-Security-LessPrivilegedAppContainer", "Computer": "DESKTOP-OFJ6N53", "TimeCreated": "2025-01-23 07:58:31.845396+00:00", "RecordID": "384", "Level": "2", "UserID": "S-1-5-21-963789628-1060504924-4285088085-1001", "EventData.FailureTime": "2025-01-23 07:58:31.845394+00:00", "EventData.StackHash": "0x308bd1db"}
{"EventID": "1", "Channel": "Microsoft-Windows-Security-LessPrivilegedAppContainer/Operational", "Provider_Name": "Microsoft-Windows-Security-LessPrivilegedAppContainer", "Computer": "DESKTOP-OFJ6N53", "TimeCreated": "2025-01-23 07:58:31.845448+00:00", "RecordID": "385", "Level": "2", "UserID": "S-1-5-21-963789628-1060504924-4285088085-1001", "EventData.FailureTime": "2025-01-23 07:58:31.845446+00:00", "EventData.StackHash": "0x308b55e8"}
{"EventID": "1", "Channel": "Microsoft-Windows-Security-LessPrivilegedAppContainer/Operational", "Provider_Name": "Microsoft-Windows-Security-LessPrivilegedAppContainer", "Computer": "DESKTOP-OFJ6N53", "TimeCreated": "2025-01-23 07:58:31.845493+00:00", "RecordID": "386", "Level": "2", "UserID": "S-1-5-21-963789628-1060504924-4285088085-1001", "EventData.FailureTime": "2025-01-23 07:58:31.845493+00:00", "EventData.StackHash": "0x308b55f4"}
{"EventID": "1", "Channel": "Microsoft-Windows-Security-LessPrivilegedAppContainer/Operational", "Provider_Name": "Microsoft-Windows-Security-LessPrivilegedAppContainer", "Computer": "DESKTOP-OFJ6N53", "TimeCreated": "2025-01-23 07:58:31.846395+00:00", "RecordID": "387", "Level": "2", "UserID": "S-1-5-21-963789628-1060504924-4285088085-1001", "EventData.FailureTime": "2025-01-23 07:58:31.846394+00:00", "EventData.StackHash": "0x307e6216"}
{"EventID": "1", "Channel": "Microsoft-Windows-Security-LessPrivilegedAppContainer/Operational", "Provider_Name": "Microsoft-Windows-Security-LessPrivilegedAppContainer", "Computer": "DESKTOP-OFJ6N53", "TimeCreated": "2025-01-23 07:58:31.847429+00:00", "RecordID": "388", "Level": "2", "UserID": "S-1-5-21-963789628-1060504924-4285088085-1001", "EventData.FailureTime": "2025-01-23 07:58:31.847427+00:00", "EventData.StackHash": "0x40bcba97"}
{"EventID": "1", "Channel": "Microsoft-Windows-Security-LessPrivilegedAppContainer/Operational", "Provider_Name": "Microsoft-Windows-Security-LessPrivilegedAppContainer", "Computer": "DESKTOP-OFJ6N53", "TimeCreated": "2025-01-23 07:58:31.848558+00:00", "RecordID": "389", "Level": "2", "UserID": "S-1-5-21-963789628-1060504924-4285088085-1001", "EventData.FailureTime": "2025-01-23 07:58:31.848558+00:00", "EventData.StackHash": "0x352f5a15"}
{"EventID": "1", "Channel": "Microsoft-Windows-Security-LessPrivilegedAppContainer/Operational", "Provider_Name": "Microsoft-Windows-Security-LessPrivilegedAppContainer", "Computer": "DESKTOP-OFJ6N53", "TimeCreated": "2025-01-23 07:58:31.848583+00:00", "RecordID": "390", "Level": "2", "UserID": "S-1-5-21-963789628-1060504924-4285088085-1001", "EventData.FailureTime": "2025-01-23 07:58:31.848581+00:00", "EventData.StackHash": "0x30b0657d"}
{"EventID": "1", "Channel": "Microsoft-Windows-Security-LessPrivilegedAppContainer/Operational", "Provider_Name": "Microsoft-Windows-Security-LessPrivilegedAppContainer", "Computer": "DESKTOP-OFJ6N53", "TimeCreated": "2025-01-23 07:58:31.853682+00:00", "RecordID": "391", "Level": "2", "UserID": "S-1-5-21-963789628-1060504924-4285088085-1001", "EventData.FailureTime": "2025-01-23 07:58:31.853678+00:00", "EventData.StackHash": "0x3080df90"}
{"EventID": "1", "Channel": "Microsoft-Windows-Security-LessPrivilegedAppContainer/Operational", "Provider_Name": "Microsoft-Windows-Security-LessPrivilegedAppContainer", "Computer": "DESKTOP-OFJ6N53", "TimeCreated": "2025-01-23 07:58:31.853825+00:00", "RecordID": "392", "Level": "2", "UserID": "S-1-5-21-963789628-1060504924-4285088085-1001", "EventData.FailureTime": "2025-01-23 07:58:31.853823+00:00", "EventData.StackHash": "0xb58fec53"}
{"EventID": "1", "Channel": "Microsoft-Windows-Security-LessPrivilegedAppContainer/Operational", "Provider_Name": "Microsoft-Windows-Security-LessPrivilegedAppContainer", "Computer": "DESKTOP-OFJ6N53", "TimeCreated": "2025-01-23 07:58:31.855412+00:00", "RecordID": "393", "Level": "2", "UserID": "S-1-5-21-963789628-1060504924-4285088085-1001", "EventData.FailureTime": "2025-01-23 07:58:31.855412+00:00", "EventData.StackHash": "0xabd1f273"}
{"EventID": "1", "Channel": "Microsoft-Windows-Security-LessPrivilegedAppContainer/Operational", "Provider_Name": "Microsoft-Windows-Security-LessPrivilegedAppContainer", "Computer": "DESKTOP-OFJ6N53", "TimeCreated": "2025-01-23 07:58:31.855488+00:00", "RecordID": "394", "Level": "2", "UserID": "S-1-5-21-963789628-1060504924-4285088085-1001", "EventData.FailureTime": "2025-01-23 07:58:31.855488+00:00", "EventData.StackHash": "0x17f44cf9"}
{"EventID": "1", "Channel": "Microsoft-Windows-Security-LessPrivilegedAppContainer/Operational", "Provider_Name": "Microsoft-Windows-Security-LessPrivilegedAppContainer", "Computer": "DESKTOP-OFJ6N53", "TimeCreated": "2025-01-23 07:58:31.856825+00:00", "RecordID": "395", "Level": "2", "UserID": "S-1-5-21-963789628-1060504924-4285088085-1001", "EventData.FailureTime": "2025-01-23 07:58:31.856823+00:00", "EventData.StackHash": "0x308c45c0"}
{"EventID": "1", "Channel": "Microsoft-Windows-Security-LessPrivilegedAppContainer/Operational", "Provider_Name": "Microsoft-Windows-Security-LessPrivilegedAppContainer", "Computer": "DESKTOP-OFJ6N53", "TimeCreated": "2025-01-23 07:58:31.856926+00:00", "RecordID": "396", "Level": "2", "UserID": "S-1-5-21-963789628-1060504924-4285088085-1001", "EventData.FailureTime": "2025-01-23 07:58:31.856926+00:00", "EventData.StackHash": "0x308c46f6"}
{"EventID": "1", "Channel": "Microsoft-Windows-Security-LessPrivilegedAppContainer/Operational", "Provider_Name": "Microsoft-Windows-Security-LessPrivilegedAppContainer", "Computer": "DESKTOP-OFJ6N53", "TimeCreated": "2025-01-23 07:58:31.857563+00:00", "RecordID": "397", "Level": "2", "UserID": "S-1-5-21-963789628-1060504924-4285088085-1001", "EventData.FailureTime": "2025-01-23 07:58:31.857563+00:00", "EventData.StackHash": "0x307bf81e"}
{"EventID": "1", "Channel": "Microsoft-Windows-Security-LessPrivilegedAppContainer/Operational", "Provider_Name": "Microsoft-Windows-Security-LessPrivilegedAppContainer", "Computer": "DESKTOP-OFJ6N53", "TimeCreated": "2025-01-23 07:58:31.858761+00:00", "RecordID": "398", "Level": "2", "UserID": "S-1-5-21-963789628-1060504924-4285088085-1001", "EventData.FailureTime": "2025-01-23 07:58:31.858761+00:00", "EventData.StackHash": "0x307c219e"}
{"EventID": "1", "Channel": "Microsoft-Windows-Security-LessPrivilegedAppContainer/Operational", "Provider_Name": "Microsoft-Windows-Security-LessPrivilegedAppContainer", "Computer": "DESKTOP-OFJ6N53", "TimeCreated": "2025-01-23 07:58:31.858776+00:00", "RecordID": "399", "Level": "2", "UserID": "S-1-5-21-963789628-1060504924-4285088085-1001", "EventData.FailureTime": "2025-01-23 07:58:31.858776+00:00", "EventData.StackHash": "0x307c2243"}
{"EventID": "1", "Channel": "Microsoft-Windows-Security-LessPrivilegedAppContainer/Operational", "Provider_Name": "Microsoft-Windows-Security-LessPrivilegedAppContainer", "Computer": "DESKTOP-OFJ6N53", "TimeCreated": "2025-01-23 07:58:31.859114+00:00", "RecordID": "400", "Level": "2", "UserID": "S-1-5-21-963789628-1060504924-4285088085-1001", "EventData.FailureTime": "2025-01-23 07:58:31.859112+00:00", "EventData.StackHash": "0x3064c7ce"}
{"EventID": "1", "Channel": "Microsoft-Windows-Security-LessPrivilegedAppContainer/Operational", "Provider_Name": "Microsoft-Windows-Security-LessPrivilegedAppContainer", "Computer": "DESKTOP-OFJ6N53", "TimeCreated": "2025-01-23 07:58:31.859209+00:00", "RecordID": "401", "Level": "2", "UserID": "S-1-5-21-963789628-1060504924-4285088085-1001", "EventData.FailureTime": "2025-01-23 07:58:31.859207+00:00", "EventData.StackHash": "0x30631545"}
{"EventID": "1", "Channel": "Microsoft-Windows-Security-LessPrivilegedAppContainer/Operational", "Provider_Name": "Microsoft-Windows-Security-LessPrivilegedAppContainer", "Computer": "DESKTOP-OFJ6N53", "TimeCreated": "2025-01-23 07:58:31.859846+00:00", "RecordID": "402", "Level": "2", "UserID": "S-1-5-21-963789628-1060504924-4285088085-1001", "EventData.FailureTime": "2025-01-23 07:58:31.859846+00:00", "EventData.StackHash": "0x308d813e"}
{"EventID": "1", "Channel": "Microsoft-Windows-Security-LessPrivilegedAppContainer/Operational", "Provider_Name": "Microsoft-Windows-Security-LessPrivilegedAppContainer", "Computer": "DESKTOP-OFJ6N53", "TimeCreated": "2025-01-23 07:58:31.859861+00:00", "RecordID": "403", "Level": "2", "UserID": "S-1-5-21-963789628-1060504924-4285088085-1001", "EventData.FailureTime": "2025-01-23 07:58:31.859861+00:00", "EventData.StackHash": "0x308d813e"}
{"EventID": "1", "Channel": "Microsoft-Windows-Security-LessPrivilegedAppContainer/Operational", "Provider_Name": "Microsoft-Windows-Security-LessPrivilegedAppContainer", "Computer": "DESKTOP-OFJ6N53", "TimeCreated": "2025-01-23 07:58:31.859873+00:00", "RecordID": "404", "Level": "2", "UserID": "S-1-5-21-963789628-1060504924-4285088085-1001", "EventData.FailureTime": "2025-01-23 07:58:31.859873+00:00", "EventData.StackHash": "0x308d813e"}
{"EventID": "1", "Channel": "Microsoft-Windows-Security-LessPrivilegedAppContainer/Operational", "Provider_Name": "Microsoft-Windows-Security-LessPrivilegedAppContainer", "Computer": "DESKTOP-OFJ6N53", "TimeCreated": "2025-01-23 07:58:31.859884+00:00", "RecordID": "405", "Level": "2", "UserID": "S-1-5-21-963789628-1060504924-4285088085-1001", "EventData.FailureTime": "2025-01-23 07:58:31.859882+00:00", "EventData.StackHash": "0x308d813e"}
{"EventID": "1", "Channel": "Microsoft-Windows-Security-LessPrivilegedAppContainer/Operational", "Provider_Name": "Microsoft-Windows-Security-LessPrivilegedAppContainer", "Computer": "DESKTOP-OFJ6N53", "TimeCreated": "2025-01-23 07:58:31.859898+00:00", "RecordID": "406", "Level": "2", "UserID": "S-1-5-21-963789628-1060504924-4285088085-1001", "EventData.FailureTime": "2025-01-23 07:58:31.859898+00:00", "EventData.StackHash": "0x308e3d4d"}
{"EventID": "1", "Channel": "Microsoft-Windows-Security-LessPrivilegedAppContainer/Operational", "Provider_Name": "Microsoft-Windows-Security-LessPrivilegedAppContainer", "Computer": "DESKTOP-OFJ6N53", "TimeCreated": "2025-01-23 07:58:31.861975+00:00", "RecordID": "407", "Level": "2", "UserID": "S-1-5-21-963789628-1060504924-4285088085-1001", "EventData.FailureTime": "2025-01-23 07:58:31.861975+00:00", "EventData.StackHash": "0x30937b6d"}
{"EventID": "1", "Channel": "Microsoft-Windows-Security-LessPrivilegedAppContainer/Operational", "Provider_Name": "Microsoft-Windows-Security-LessPrivilegedAppContainer", "Computer": "DESKTOP-OFJ6N53", "TimeCreated": "2025-01-23 07:58:31.861990+00:00", "RecordID": "408", "Level": "2", "UserID": "S-1-5-21-963789628-1060504924-4285088085-1001", "EventData.FailureTime": "2025-01-23 07:58:31.861990+00:00", "EventData.StackHash": "0x30937b84"}
{"EventID": "1", "Channel": "Microsoft-Windows-Security-LessPrivilegedAppContainer/Operational", "Provider_Name": "Microsoft-Windows-Security-LessPrivilegedAppContainer", "Computer": "DESKTOP-OFJ6N53", "TimeCreated": "2025-01-23 07:58:31.863472+00:00", "RecordID": "409", "Level": "2", "UserID": "S-1-5-21-963789628-1060504924-4285088085-1001", "EventData.FailureTime": "2025-01-23 07:58:31.863470+00:00", "EventData.StackHash": "0x4df3e11f"}
{"EventID": "1", "Channel": "Microsoft-Windows-Security-LessPrivilegedAppContainer/Operational", "Provider_Name": "Microsoft-Windows-Security-LessPrivilegedAppContainer", "Computer": "DESKTOP-OFJ6N53", "TimeCreated": "2025-01-23 07:58:31.867157+00:00", "RecordID": "410", "Level": "2", "UserID": "S-1-5-21-963789628-1060504924-4285088085-1001", "EventData.FailureTime": "2025-01-23 07:58:31.867155+00:00", "EventData.StackHash": "0x5cfb5a69"}
{"EventID": "1", "Channel": "Microsoft-Windows-Security-LessPrivilegedAppContainer/Operational", "Provider_Name": "Microsoft-Windows-Security-LessPrivilegedAppContainer", "Computer": "DESKTOP-OFJ6N53", "TimeCreated": "2025-01-23 07:58:31.867596+00:00", "RecordID": "411", "Level": "2", "UserID": "S-1-5-21-963789628-1060504924-4285088085-1001", "EventData.FailureTime": "2025-01-23 07:58:31.867596+00:00", "EventData.StackHash": "0x40bcba97"}
{"EventID": "1", "Channel": "Microsoft-Windows-Security-LessPrivilegedAppContainer/Operational", "Provider_Name": "Microsoft-Windows-Security-LessPrivilegedAppContainer", "Computer": "DESKTOP-OFJ6N53", "TimeCreated": "2025-01-23 07:58:31.874018+00:00", "RecordID": "412", "Level": "2", "UserID": "S-1-5-21-963789628-1060504924-4285088085-1001", "EventData.FailureTime": "2025-01-23 07:58:31.874018+00:00", "EventData.StackHash": "0x308c45c0"}
{"EventID": "1", "Channel": "Microsoft-Windows-Security-LessPrivilegedAppContainer/Operational", "Provider_Name": "Microsoft-Windows-Security-LessPrivilegedAppContainer", "Computer": "DESKTOP-OFJ6N53", "TimeCreated": "2025-01-23 07:58:31.874147+00:00", "RecordID": "413", "Level": "2", "UserID": "S-1-5-21-963789628-1060504924-4285088085-1001", "EventData.FailureTime": "2025-01-23 07:58:31.874146+00:00", "EventData.StackHash": "0x308c46f6"}
{"EventID": "1", "Channel": "Microsoft-Windows-Security-LessPrivilegedAppContainer/Operational", "Provider_Name": "Microsoft-Windows-Security-LessPrivilegedAppContainer", "Computer": "DESKTOP-OFJ6N53", "TimeCreated": "2025-01-23 07:58:31.875425+00:00", "RecordID": "414", "Level": "2", "UserID": "S-1-5-21-963789628-1060504924-4285088085-1001", "EventData.FailureTime": "2025-01-23 07:58:31.875423+00:00", "EventData.StackHash": "0x5cfb5a69"}
{"EventID": "1", "Channel": "Microsoft-Windows-Security-LessPrivilegedAppContainer/Operational", "Provider_Name": "Microsoft-Windows-Security-LessPrivilegedAppContainer", "Computer": "DESKTOP-OFJ6N53", "TimeCreated": "2025-01-23 07:58:31.875870+00:00", "RecordID": "415", "Level": "2", "UserID": "S-1-5-21-963789628-1060504924-4285088085-1001", "EventData.FailureTime": "2025-01-23 07:58:31.875870+00:00", "EventData.StackHash": "0x40bcba97"}
{"EventID": "1", "Channel": "Microsoft-Windows-Security-LessPrivilegedAppContainer/Operational", "Provider_Name": "Microsoft-Windows-Security-LessPrivilegedAppContainer", "Computer": "DESKTOP-OFJ6N53", "TimeCreated": "2025-01-23 07:58:31.882467+00:00", "RecordID": "416", "Level": "2", "UserID": "S-1-5-21-963789628-1060504924-4285088085-1001", "EventData.FailureTime": "2025-01-23 07:58:31.882463+00:00", "EventData.StackHash": "0x308c45c0"}
{"EventID": "1", "Channel": "Microsoft-Windows-Security-LessPrivilegedAppContainer/Operational", "Provider_Name": "Microsoft-Windows-Security-LessPrivilegedAppContainer", "Computer": "DESKTOP-OFJ6N53", "TimeCreated": "2025-01-23 07:58:31.882601+00:00", "RecordID": "417", "Level": "2", "UserID": "S-1-5-21-963789628-1060504924-4285088085-1001", "EventData.FailureTime": "2025-01-23 07:58:31.882599+00:00", "EventData.StackHash": "0x308c46f6"}
{"EventID": "1", "Channel": "Microsoft-Windows-Security-LessPrivilegedAppContainer/Operational", "Provider_Name": "Microsoft-Windows-Security-LessPrivilegedAppContainer", "Computer": "DESKTOP-OFJ6N53", "TimeCreated": "2025-01-23 07:58:31.883869+00:00", "RecordID": "418", "Level": "2", "UserID": "S-1-5-21-963789628-1060504924-4285088085-1001", "EventData.FailureTime": "2025-01-23 07:58:31.883867+00:00", "EventData.StackHash": "0x5cfb5a69"}
{"EventID": "1", "Channel": "Microsoft-Windows-Security-LessPrivilegedAppContainer/Operational", "Provider_Name": "Microsoft-Windows-Security-LessPrivilegedAppContainer", "Computer": "DESKTOP-OFJ6N53", "TimeCreated": "2025-01-23 07:58:31.884325+00:00", "RecordID": "419", "Level": "2", "UserID": "S-1-5-21-963789628-1060504924-4285088085-1001", "EventData.FailureTime": "2025-01-23 07:58:31.884325+00:00", "EventData.StackHash": "0x40bcba97"}
{"EventID": "1", "Channel": "Microsoft-Windows-Security-LessPrivilegedAppContainer/Operational", "Provider_Name": "Microsoft-Windows-Security-LessPrivilegedAppContainer", "Computer": "DESKTOP-OFJ6N53", "TimeCreated": "2025-01-23 07:58:31.890799+00:00", "RecordID": "420", "Level": "2", "UserID": "S-1-5-21-963789628-1060504924-4285088085-1001", "EventData.FailureTime": "2025-01-23 07:58:31.890797+00:00", "EventData.StackHash": "0x308c45c0"}
{"EventID": "1", "Channel": "Microsoft-Windows-Security-LessPrivilegedAppContainer/Operational", "Provider_Name": "Microsoft-Windows-Security-LessPrivilegedAppContainer", "Computer": "DESKTOP-OFJ6N53", "TimeCreated": "2025-01-23 07:58:31.890890+00:00", "RecordID": "421", "Level": "2", "UserID": "S-1-5-21-963789628-1060504924-4285088085-1001", "EventData.FailureTime": "2025-01-23 07:58:31.890888+00:00", "EventData.StackHash": "0x308c46f6"}
{"EventID": "1", "Channel": "Microsoft-Windows-Security-LessPrivilegedAppContainer/Operational", "Provider_Name": "Microsoft-Windows-Security-LessPrivilegedAppContainer", "Computer": "DESKTOP-OFJ6N53", "TimeCreated": "2025-01-24 12:07:14.356840+00:00", "RecordID": "422", "Level": "2", "UserID": "S-1-5-21-963789628-1060504924-4285088085-1001", "EventData.FailureTime": "2025-01-24 12:07:14.356836+00:00", "EventData.StackHash": "0xc21d5532"}
{"EventID": "1", "Channel": "Microsoft-Windows-Security-LessPrivilegedAppContainer/Operational", "Provider_Name": "Microsoft-Windows-Security-LessPrivilegedAppContainer", "Computer": "DESKTOP-OFJ6N53", "TimeCreated": "2025-01-24 12:07:14.505354+00:00", "RecordID": "423", "Level": "2", "UserID": "S-1-5-21-963789628-1060504924-4285088085-1001", "EventData.FailureTime": "2025-01-24 12:07:14.505352+00:00", "EventData.StackHash": "0x5f05b30b"}
{"EventID": "1", "Channel": "Microsoft-Windows-Security-LessPrivilegedAppContainer/Operational", "Provider_Name": "Microsoft-Windows-Security-LessPrivilegedAppContainer", "Computer": "DESKTOP-OFJ6N53", "TimeCreated": "2025-01-24 12:07:14.508163+00:00", "RecordID": "424", "Level": "2", "UserID": "S-1-5-21-963789628-1060504924-4285088085-1001", "EventData.FailureTime": "2025-01-24 12:07:14.508160+00:00", "EventData.StackHash": "0xc21d5532"}
{"EventID": "1", "Channel": "Microsoft-Windows-Security-LessPrivilegedAppContainer/Operational", "Provider_Name": "Microsoft-Windows-Security-LessPrivilegedAppContainer", "Computer": "DESKTOP-OFJ6N53", "TimeCreated": "2025-01-24 12:07:20.056913+00:00", "RecordID": "425", "Level": "2", "UserID": "S-1-5-21-963789628-1060504924-4285088085-1001", "EventData.FailureTime": "2025-01-24 12:07:20.056910+00:00", "EventData.StackHash": "0xc21d5532"}
{"EventID": "1", "Channel": "Microsoft-Windows-Security-LessPrivilegedAppContainer/Operational", "Provider_Name": "Microsoft-Windows-Security-LessPrivilegedAppContainer", "Computer": "DESKTOP-OFJ6N53", "TimeCreated": "2025-01-24 12:07:22.069277+00:00", "RecordID": "426", "Level": "2", "UserID": "S-1-5-21-963789628-1060504924-4285088085-1001", "EventData.FailureTime": "2025-01-24 12:07:22.069273+00:00", "EventData.StackHash": "0xf2de50f0"}
{"EventID": "1", "Channel": "Microsoft-Windows-Security-LessPrivilegedAppContainer/Operational", "Provider_Name": "Microsoft-Windows-Security-LessPrivilegedAppContainer", "Computer": "DESKTOP-OFJ6N53", "TimeCreated": "2025-01-24 12:07:22.069328+00:00", "RecordID": "427", "Level": "2", "UserID": "S-1-5-21-963789628-1060504924-4285088085-1001", "EventData.FailureTime": "2025-01-24 12:07:22.069328+00:00", "EventData.StackHash": "0xf2de5112"}
{"EventID": "1", "Channel": "Microsoft-Windows-Security-LessPrivilegedAppContainer/Operational", "Provider_Name": "Microsoft-Windows-Security-LessPrivilegedAppContainer", "Computer": "DESKTOP-OFJ6N53", "TimeCreated": "2025-01-24 12:07:22.069386+00:00", "RecordID": "428", "Level": "2", "UserID": "S-1-5-21-963789628-1060504924-4285088085-1001", "EventData.FailureTime": "2025-01-24 12:07:22.069386+00:00", "EventData.StackHash": "0xf2d8c26a"}
{"EventID": "1", "Channel": "Microsoft-Windows-Security-LessPrivilegedAppContainer/Operational", "Provider_Name": "Microsoft-Windows-Security-LessPrivilegedAppContainer", "Computer": "DESKTOP-OFJ6N53", "TimeCreated": "2025-01-24 12:07:22.070255+00:00", "RecordID": "429", "Level": "2", "UserID": "S-1-5-21-963789628-1060504924-4285088085-1001", "EventData.FailureTime": "2025-01-24 12:07:22.070251+00:00", "EventData.StackHash": "0xf2f1af6f"}
{"EventID": "1", "Channel": "Microsoft-Windows-Security-LessPrivilegedAppContainer/Operational", "Provider_Name": "Microsoft-Windows-Security-LessPrivilegedAppContainer", "Computer": "DESKTOP-OFJ6N53", "TimeCreated": "2025-01-24 12:07:22.070276+00:00", "RecordID": "430", "Level": "2", "UserID": "S-1-5-21-963789628-1060504924-4285088085-1001", "EventData.FailureTime": "2025-01-24 12:07:22.070276+00:00", "EventData.StackHash": "0xf2f31b05"}
{"EventID": "1", "Channel": "Microsoft-Windows-Security-LessPrivilegedAppContainer/Operational", "Provider_Name": "Microsoft-Windows-Security-LessPrivilegedAppContainer", "Computer": "DESKTOP-OFJ6N53", "TimeCreated": "2025-01-24 12:07:22.070757+00:00", "RecordID": "431", "Level": "2", "UserID": "S-1-5-21-963789628-1060504924-4285088085-1001", "EventData.FailureTime": "2025-01-24 12:07:22.070755+00:00", "EventData.StackHash": "0x39da8b6a"}
{"EventID": "1", "Channel": "Microsoft-Windows-Security-LessPrivilegedAppContainer/Operational", "Provider_Name": "Microsoft-Windows-Security-LessPrivilegedAppContainer", "Computer": "DESKTOP-OFJ6N53", "TimeCreated": "2025-01-24 12:07:22.073013+00:00", "RecordID": "432", "Level": "2", "UserID": "S-1-5-21-963789628-1060504924-4285088085-1001", "EventData.FailureTime": "2025-01-24 12:07:22.073011+00:00", "EventData.StackHash": "0x463b5a69"}
{"EventID": "1", "Channel": "Microsoft-Windows-Security-LessPrivilegedAppContainer/Operational", "Provider_Name": "Microsoft-Windows-Security-LessPrivilegedAppContainer", "Computer": "DESKTOP-OFJ6N53", "TimeCreated": "2025-01-24 12:07:22.074787+00:00", "RecordID": "433", "Level": "2", "UserID": "S-1-5-21-963789628-1060504924-4285088085-1001", "EventData.FailureTime": "2025-01-24 12:07:22.074785+00:00", "EventData.StackHash": "0xf2ebd1db"}
{"EventID": "1", "Channel": "Microsoft-Windows-Security-LessPrivilegedAppContainer/Operational", "Provider_Name": "Microsoft-Windows-Security-LessPrivilegedAppContainer", "Computer": "DESKTOP-OFJ6N53", "TimeCreated": "2025-01-24 12:07:22.074839+00:00", "RecordID": "434", "Level": "2", "UserID": "S-1-5-21-963789628-1060504924-4285088085-1001", "EventData.FailureTime": "2025-01-24 12:07:22.074839+00:00", "EventData.StackHash": "0xf2eb55e8"}
{"EventID": "1", "Channel": "Microsoft-Windows-Security-LessPrivilegedAppContainer/Operational", "Provider_Name": "Microsoft-Windows-Security-LessPrivilegedAppContainer", "Computer": "DESKTOP-OFJ6N53", "TimeCreated": "2025-01-24 12:07:22.074886+00:00", "RecordID": "435", "Level": "2", "UserID": "S-1-5-21-963789628-1060504924-4285088085-1001", "EventData.FailureTime": "2025-01-24 12:07:22.074886+00:00", "EventData.StackHash": "0xf2eb55f4"}
{"EventID": "1", "Channel": "Microsoft-Windows-Security-LessPrivilegedAppContainer/Operational", "Provider_Name": "Microsoft-Windows-Security-LessPrivilegedAppContainer", "Computer": "DESKTOP-OFJ6N53", "TimeCreated": "2025-01-24 12:07:22.075878+00:00", "RecordID": "436", "Level": "2", "UserID": "S-1-5-21-963789628-1060504924-4285088085-1001", "EventData.FailureTime": "2025-01-24 12:07:22.075876+00:00", "EventData.StackHash": "0xf2de6216"}
{"EventID": "1", "Channel": "Microsoft-Windows-Security-LessPrivilegedAppContainer/Operational", "Provider_Name": "Microsoft-Windows-Security-LessPrivilegedAppContainer", "Computer": "DESKTOP-OFJ6N53", "TimeCreated": "2025-01-24 12:07:22.076908+00:00", "RecordID": "437", "Level": "2", "UserID": "S-1-5-21-963789628-1060504924-4285088085-1001", "EventData.FailureTime": "2025-01-24 12:07:22.076906+00:00", "EventData.StackHash": "0x29fcba97"}
{"EventID": "1", "Channel": "Microsoft-Windows-Security-LessPrivilegedAppContainer/Operational", "Provider_Name": "Microsoft-Windows-Security-LessPrivilegedAppContainer", "Computer": "DESKTOP-OFJ6N53", "TimeCreated": "2025-01-24 12:07:22.077927+00:00", "RecordID": "438", "Level": "2", "UserID": "S-1-5-21-963789628-1060504924-4285088085-1001", "EventData.FailureTime": "2025-01-24 12:07:22.077925+00:00", "EventData.StackHash": "0xf78f5a15"}
{"EventID": "1", "Channel": "Microsoft-Windows-Security-LessPrivilegedAppContainer/Operational", "Provider_Name": "Microsoft-Windows-Security-LessPrivilegedAppContainer", "Computer": "DESKTOP-OFJ6N53", "TimeCreated": "2025-01-24 12:07:22.077953+00:00", "RecordID": "439", "Level": "2", "UserID": "S-1-5-21-963789628-1060504924-4285088085-1001", "EventData.FailureTime": "2025-01-24 12:07:22.077951+00:00", "EventData.StackHash": "0xf310657d"}
{"EventID": "1", "Channel": "Microsoft-Windows-Security-LessPrivilegedAppContainer/Operational", "Provider_Name": "Microsoft-Windows-Security-LessPrivilegedAppContainer", "Computer": "DESKTOP-OFJ6N53", "TimeCreated": "2025-01-24 12:07:22.082663+00:00", "RecordID": "440", "Level": "2", "UserID": "S-1-5-21-963789628-1060504924-4285088085-1001", "EventData.FailureTime": "2025-01-24 12:07:22.082661+00:00", "EventData.StackHash": "0xf2e0df90"}
{"EventID": "1", "Channel": "Microsoft-Windows-Security-LessPrivilegedAppContainer/Operational", "Provider_Name": "Microsoft-Windows-Security-LessPrivilegedAppContainer", "Computer": "DESKTOP-OFJ6N53", "TimeCreated": "2025-01-24 12:07:22.082771+00:00", "RecordID": "441", "Level": "2", "UserID": "S-1-5-21-963789628-1060504924-4285088085-1001", "EventData.FailureTime": "2025-01-24 12:07:22.082771+00:00", "EventData.StackHash": "0xd9a4ec53"}
{"EventID": "1", "Channel": "Microsoft-Windows-Security-LessPrivilegedAppContainer/Operational", "Provider_Name": "Microsoft-Windows-Security-LessPrivilegedAppContainer", "Computer": "DESKTOP-OFJ6N53", "TimeCreated": "2025-01-24 12:07:22.082811+00:00", "RecordID": "442", "Level": "2", "UserID": "S-1-5-21-963789628-1060504924-4285088085-1001", "EventData.FailureTime": "2025-01-24 12:07:22.082811+00:00", "EventData.StackHash": "0xa906f273"}
{"EventID": "1", "Channel": "Microsoft-Windows-Security-LessPrivilegedAppContainer/Operational", "Provider_Name": "Microsoft-Windows-Security-LessPrivilegedAppContainer", "Computer": "DESKTOP-OFJ6N53", "TimeCreated": "2025-01-24 12:07:22.082876+00:00", "RecordID": "443", "Level": "2", "UserID": "S-1-5-21-963789628-1060504924-4285088085-1001", "EventData.FailureTime": "2025-01-24 12:07:22.082876+00:00", "EventData.StackHash": "0xb2dc4cf9"}
{"EventID": "1", "Channel": "Microsoft-Windows-Security-LessPrivilegedAppContainer/Operational", "Provider_Name": "Microsoft-Windows-Security-LessPrivilegedAppContainer", "Computer": "DESKTOP-OFJ6N53", "TimeCreated": "2025-01-24 12:07:22.084328+00:00", "RecordID": "444", "Level": "2", "UserID": "S-1-5-21-963789628-1060504924-4285088085-1001", "EventData.FailureTime": "2025-01-24 12:07:22.084324+00:00", "EventData.StackHash": "0xf2ec45c0"}
{"EventID": "1", "Channel": "Microsoft-Windows-Security-LessPrivilegedAppContainer/Operational", "Provider_Name": "Microsoft-Windows-Security-LessPrivilegedAppContainer", "Computer": "DESKTOP-OFJ6N53", "TimeCreated": "2025-01-24 12:07:22.084440+00:00", "RecordID": "445", "Level": "2", "UserID": "S-1-5-21-963789628-1060504924-4285088085-1001", "EventData.FailureTime": "2025-01-24 12:07:22.084440+00:00", "EventData.StackHash": "0xf2ec46f6"}
{"EventID": "1", "Channel": "Microsoft-Windows-Security-LessPrivilegedAppContainer/Operational", "Provider_Name": "Microsoft-Windows-Security-LessPrivilegedAppContainer", "Computer": "DESKTOP-OFJ6N53", "TimeCreated": "2025-01-24 12:07:22.085033+00:00", "RecordID": "446", "Level": "2", "UserID": "S-1-5-21-963789628-1060504924-4285088085-1001", "EventData.FailureTime": "2025-01-24 12:07:22.085033+00:00", "EventData.StackHash": "0xf2dbf81e"}
{"EventID": "1", "Channel": "Microsoft-Windows-Security-LessPrivilegedAppContainer/Operational", "Provider_Name": "Microsoft-Windows-Security-LessPrivilegedAppContainer", "Computer": "DESKTOP-OFJ6N53", "TimeCreated": "2025-01-24 12:07:22.086164+00:00", "RecordID": "447", "Level": "2", "UserID": "S-1-5-21-963789628-1060504924-4285088085-1001", "EventData.FailureTime": "2025-01-24 12:07:22.086163+00:00", "EventData.StackHash": "0xf2dc219e"}
{"EventID": "1", "Channel": "Microsoft-Windows-Security-LessPrivilegedAppContainer/Operational", "Provider_Name": "Microsoft-Windows-Security-LessPrivilegedAppContainer", "Computer": "DESKTOP-OFJ6N53", "TimeCreated": "2025-01-24 12:07:22.086180+00:00", "RecordID": "448", "Level": "2", "UserID": "S-1-5-21-963789628-1060504924-4285088085-1001", "EventData.FailureTime": "2025-01-24 12:07:22.086180+00:00", "EventData.StackHash": "0xf2dc2243"}
{"EventID": "1", "Channel": "Microsoft-Windows-Security-LessPrivilegedAppContainer/Operational", "Provider_Name": "Microsoft-Windows-Security-LessPrivilegedAppContainer", "Computer": "DESKTOP-OFJ6N53", "TimeCreated": "2025-01-24 12:07:22.086466+00:00", "RecordID": "449", "Level": "2", "UserID": "S-1-5-21-963789628-1060504924-4285088085-1001", "EventData.FailureTime": "2025-01-24 12:07:22.086466+00:00", "EventData.StackHash": "0xf2c4c7ce"}
