{"EventID": "1027", "Channel": "Microsoft-Windows-ReadyBoost/Operational", "Provider_Name": "Microsoft-Windows-ReadyBoost", "Computer": "WIN-E725EAE32MJ", "TimeCreated": "2022-02-24 08:25:14.528595+00:00", "RecordID": "1", "Level": "4", "UserID": "S-1-5-18", "EventData.ErrorCode": "0", "EventData.UniqueIdLength": "0", "EventData.VolumeUniqueId": null}
{"EventID": "1027", "Channel": "Microsoft-Windows-ReadyBoost/Operational", "Provider_Name": "Microsoft-Windows-ReadyBoost", "Computer": "DESKTOP-OFJ6N53", "TimeCreated": "2022-02-24 08:27:58.680336+00:00", "RecordID": "2", "Level": "4", "UserID": "S-1-5-18", "EventData.ErrorCode": "0", "EventData.UniqueIdLength": "0", "EventData.VolumeUniqueId": null}
{"EventID": "1027", "Channel": "Microsoft-Windows-ReadyBoost/Operational", "Provider_Name": "Microsoft-Windows-ReadyBoost", "Computer": "DESKTOP-OFJ6N53", "TimeCreated": "2022-02-24 12:38:51.827755+00:00", "RecordID": "3", "Level": "4", "UserID": "S-1-5-18", "EventData.ErrorCode": "0", "EventData.UniqueIdLength": "0", "EventData.VolumeUniqueId": null}
{"EventID": "1027", "Channel": "Microsoft-Windows-ReadyBoost/Operational", "Provider_Name": "Microsoft-Windows-ReadyBoost", "Computer": "DESKTOP-OFJ6N53", "TimeCreated": "2022-02-24 12:52:49.680836+00:00", "RecordID": "4", "Level": "4", "UserID": "S-1-5-18", "EventData.ErrorCode": "0", "EventData.UniqueIdLength": "0", "EventData.VolumeUniqueId": null}
{"EventID": "1027", "Channel": "Microsoft-Windows-ReadyBoost/Operational", "Provider_Name": "Microsoft-Windows-ReadyBoost", "Computer": "DESKTOP-OFJ6N53", "TimeCreated": "2022-02-24 21:42:12.948277+00:00", "RecordID": "5", "Level": "4", "UserID": "S-1-5-18", "EventData.ErrorCode": "0", "EventData.UniqueIdLength": "0", "EventData.VolumeUniqueId": null}
{"EventID": "1027", "Channel": "Microsoft-Windows-ReadyBoost/Operational", "Provider_Name": "Microsoft-Windows-ReadyBoost", "Computer": "DESKTOP-OFJ6N53", "TimeCreated": "2022-03-03 17:19:10.573399+00:00", "RecordID": "6", "Level": "4", "UserID": "S-1-5-18", "EventData.ErrorCode": "0", "EventData.UniqueIdLength": "0", "EventData.VolumeUniqueId": null}
{"EventID": "1027", "Channel": "Microsoft-Windows-ReadyBoost/Operational", "Provider_Name": "Microsoft-Windows-ReadyBoost", "Computer": "DESKTOP-OFJ6N53", "TimeCreated": "2022-03-09 07:32:26.695618+00:00", "RecordID": "7", "Level": "4", "UserID": "S-1-5-18", "EventData.ErrorCode": "0", "EventData.UniqueIdLength": "0", "EventData.VolumeUniqueId": null}
{"EventID": "1027", "Channel": "Microsoft-Windows-ReadyBoost/Operational", "Provider_Name": "Microsoft-Windows-ReadyBoost", "Computer": "DESKTOP-OFJ6N53", "TimeCreated": "2022-03-09 10:17:26.150398+00:00", "RecordID": "8", "Level": "4", "UserID": "S-1-5-18", "EventData.ErrorCode": "0", "EventData.UniqueIdLength": "0", "EventData.VolumeUniqueId": null}
{"EventID": "1027", "Channel": "Microsoft-Windows-ReadyBoost/Operational", "Provider_Name": "Microsoft-Windows-ReadyBoost", "Computer": "DESKTOP-OFJ6N53", "TimeCreated": "2022-03-09 11:08:31.414701+00:00", "RecordID": "9", "Level": "4", "UserID": "S-1-5-18", "EventData.ErrorCode": "0", "EventData.UniqueIdLength": "0", "EventData.VolumeUniqueId": null}
{"EventID": "1027", "Channel": "Microsoft-Windows-ReadyBoost/Operational", "Provider_Name": "Microsoft-Windows-ReadyBoost", "Computer": "DESKTOP-OFJ6N53", "TimeCreated": "2022-03-10 14:20:57.106829+00:00", "RecordID": "10", "Level": "4", "UserID": "S-1-5-18", "EventData.ErrorCode": "0", "EventData.UniqueIdLength": "0", "EventData.VolumeUniqueId": null}
{"EventID": "1027", "Channel": "Microsoft-Windows-ReadyBoost/Operational", "Provider_Name": "Microsoft-Windows-ReadyBoost", "Computer": "DESKTOP-OFJ6N53", "TimeCreated": "2022-03-10 16:25:53.030262+00:00", "RecordID": "11", "Level": "4", "UserID": "S-1-5-18", "EventData.ErrorCode": "0", "EventData.UniqueIdLength": "0", "EventData.VolumeUniqueId": null}
{"EventID": "1027", "Channel": "Microsoft-Windows-ReadyBoost/Operational", "Provider_Name": "Microsoft-Windows-ReadyBoost", "Computer": "DESKTOP-OFJ6N53", "TimeCreated": "2022-03-15 16:45:33.730473+00:00", "RecordID": "12", "Level": "4", "UserID": "S-1-5-18", "EventData.ErrorCode": "0", "EventData.UniqueIdLength": "0", "EventData.VolumeUniqueId": null}
{"EventID": "1027", "Channel": "Microsoft-Windows-ReadyBoost/Operational", "Provider_Name": "Microsoft-Windows-ReadyBoost", "Computer": "DESKTOP-OFJ6N53", "TimeCreated": "2022-04-13 14:35:08.263845+00:00", "RecordID": "13", "Level": "4", "UserID": "S-1-5-18", "EventData.ErrorCode": "0", "EventData.UniqueIdLength": "0", "EventData.VolumeUniqueId": null}
{"EventID": "1027", "Channel": "Microsoft-Windows-ReadyBoost/Operational", "Provider_Name": "Microsoft-Windows-ReadyBoost", "Computer": "DESKTOP-OFJ6N53", "TimeCreated": "2022-04-28 21:43:42.112318+00:00", "RecordID": "14", "Level": "4", "UserID": "S-1-5-18", "EventData.ErrorCode": "0", "EventData.UniqueIdLength": "0", "EventData.VolumeUniqueId": null}
{"EventID": "1027", "Channel": "Microsoft-Windows-ReadyBoost/Operational", "Provider_Name": "Microsoft-Windows-ReadyBoost", "Computer": "DESKTOP-OFJ6N53", "TimeCreated": "2022-05-05 10:01:34.053450+00:00", "RecordID": "15", "Level": "4", "UserID": "S-1-5-18", "EventData.ErrorCode": "0", "EventData.UniqueIdLength": "0", "EventData.VolumeUniqueId": null}
{"EventID": "1027", "Channel": "Microsoft-Windows-ReadyBoost/Operational", "Provider_Name": "Microsoft-Windows-ReadyBoost", "Computer": "DESKTOP-OFJ6N53", "TimeCreated": "2022-05-10 23:33:46.233707+00:00", "RecordID": "16", "Level": "4", "UserID": "S-1-5-18", "EventData.ErrorCode": "0", "EventData.UniqueIdLength": "0", "EventData.VolumeUniqueId": null}
{"EventID": "1027", "Channel": "Microsoft-Windows-ReadyBoost/Operational", "Provider_Name": "Microsoft-Windows-ReadyBoost", "Computer": "DESKTOP-OFJ6N53", "TimeCreated": "2022-06-06 07:34:57.079756+00:00", "RecordID": "17", "Level": "4", "UserID": "S-1-5-18", "EventData.ErrorCode": "0", "EventData.UniqueIdLength": "0", "EventData.VolumeUniqueId": null}
{"EventID": "1027", "Channel": "Microsoft-Windows-ReadyBoost/Operational", "Provider_Name": "Microsoft-Windows-ReadyBoost", "Computer": "DESKTOP-OFJ6N53", "TimeCreated": "2022-06-06 07:38:00.347324+00:00", "RecordID": "18", "Level": "4", "UserID": "S-1-5-18", "EventData.ErrorCode": "0", "EventData.UniqueIdLength": "0", "EventData.VolumeUniqueId": null}
{"EventID": "1027", "Channel": "Microsoft-Windows-ReadyBoost/Operational", "Provider_Name": "Microsoft-Windows-ReadyBoost", "Computer": "DESKTOP-OFJ6N53", "TimeCreated": "2022-06-14 18:02:14.999043+00:00", "RecordID": "19", "Level": "4", "UserID": "S-1-5-18", "EventData.ErrorCode": "0", "EventData.UniqueIdLength": "0", "EventData.VolumeUniqueId": null}
{"EventID": "1027", "Channel": "Microsoft-Windows-ReadyBoost/Operational", "Provider_Name": "Microsoft-Windows-ReadyBoost", "Computer": "DESKTOP-OFJ6N53", "TimeCreated": "2022-07-13 14:43:05.553129+00:00", "RecordID": "20", "Level": "4", "UserID": "S-1-5-18", "EventData.ErrorCode": "0", "EventData.UniqueIdLength": "0", "EventData.VolumeUniqueId": null}
{"EventID": "1027", "Channel": "Microsoft-Windows-ReadyBoost/Operational", "Provider_Name": "Microsoft-Windows-ReadyBoost", "Computer": "DESKTOP-OFJ6N53", "TimeCreated": "2022-08-04 17:05:24.776674+00:00", "RecordID": "21", "Level": "4", "UserID": "S-1-5-18", "EventData.ErrorCode": "0", "EventData.UniqueIdLength": "0", "EventData.VolumeUniqueId": null}
{"EventID": "1027", "Channel": "Microsoft-Windows-ReadyBoost/Operational", "Provider_Name": "Microsoft-Windows-ReadyBoost", "Computer": "DESKTOP-OFJ6N53", "TimeCreated": "2022-08-09 19:09:22.382851+00:00", "RecordID": "22", "Level": "4", "UserID": "S-1-5-18", "EventData.ErrorCode": "0", "EventData.UniqueIdLength": "0", "EventData.VolumeUniqueId": null}
{"EventID": "1027", "Channel": "Microsoft-Windows-ReadyBoost/Operational", "Provider_Name": "Microsoft-Windows-ReadyBoost", "Computer": "DESKTOP-OFJ6N53", "TimeCreated": "2022-09-06 09:02:28.033930+00:00", "RecordID": "23", "Level": "4", "UserID": "S-1-5-18", "EventData.ErrorCode": "0", "EventData.UniqueIdLength": "0", "EventData.VolumeUniqueId": null}
{"EventID": "1027", "Channel": "Microsoft-Windows-ReadyBoost/Operational", "Provider_Name": "Microsoft-Windows-ReadyBoost", "Computer": "DESKTOP-OFJ6N53", "TimeCreated": "2022-09-06 13:02:25.223219+00:00", "RecordID": "24", "Level": "4", "UserID": "S-1-5-18", "EventData.ErrorCode": "0", "EventData.UniqueIdLength": "0", "EventData.VolumeUniqueId": null}
{"EventID": "1027", "Channel": "Microsoft-Windows-ReadyBoost/Operational", "Provider_Name": "Microsoft-Windows-ReadyBoost", "Computer": "DESKTOP-OFJ6N53", "TimeCreated": "2022-09-13 14:06:19.719748+00:00", "RecordID": "25", "Level": "4", "UserID": "S-1-5-18", "EventData.ErrorCode": "0", "EventData.UniqueIdLength": "0", "EventData.VolumeUniqueId": null}
{"EventID": "1027", "Channel": "Microsoft-Windows-ReadyBoost/Operational", "Provider_Name": "Microsoft-Windows-ReadyBoost", "Computer": "DESKTOP-OFJ6N53", "TimeCreated": "2022-09-14 17:18:04.418056+00:00", "RecordID": "26", "Level": "4", "UserID": "S-1-5-18", "EventData.ErrorCode": "0", "EventData.UniqueIdLength": "0", "EventData.VolumeUniqueId": null}
{"EventID": "1027", "Channel": "Microsoft-Windows-ReadyBoost/Operational", "Provider_Name": "Microsoft-Windows-ReadyBoost", "Computer": "DESKTOP-OFJ6N53", "TimeCreated": "2022-09-22 12:41:11.756250+00:00", "RecordID": "27", "Level": "4", "UserID": "S-1-5-18", "EventData.ErrorCode": "0", "EventData.UniqueIdLength": "0", "EventData.VolumeUniqueId": null}
{"EventID": "1027", "Channel": "Microsoft-Windows-ReadyBoost/Operational", "Provider_Name": "Microsoft-Windows-ReadyBoost", "Computer": "DESKTOP-OFJ6N53", "TimeCreated": "2022-09-29 11:33:25.290621+00:00", "RecordID": "28", "Level": "4", "UserID": "S-1-5-18", "EventData.ErrorCode": "0", "EventData.UniqueIdLength": "0", "EventData.VolumeUniqueId": null}
{"EventID": "1027", "Channel": "Microsoft-Windows-ReadyBoost/Operational", "Provider_Name": "Microsoft-Windows-ReadyBoost", "Computer": "DESKTOP-OFJ6N53", "TimeCreated": "2022-10-04 08:35:34.475668+00:00", "RecordID": "29", "Level": "4", "UserID": "S-1-5-18", "EventData.ErrorCode": "0", "EventData.UniqueIdLength": "0", "EventData.VolumeUniqueId": null}
{"EventID": "1027", "Channel": "Microsoft-Windows-ReadyBoost/Operational", "Provider_Name": "Microsoft-Windows-ReadyBoost", "Computer": "DESKTOP-OFJ6N53", "TimeCreated": "2022-10-05 14:37:46.250633+00:00", "RecordID": "30", "Level": "4", "UserID": "S-1-5-18", "EventData.ErrorCode": "0", "EventData.UniqueIdLength": "0", "EventData.VolumeUniqueId": null}
{"EventID": "1027", "Channel": "Microsoft-Windows-ReadyBoost/Operational", "Provider_Name": "Microsoft-Windows-ReadyBoost", "Computer": "DESKTOP-OFJ6N53", "TimeCreated": "2022-10-06 08:21:43.094250+00:00", "RecordID": "31", "Level": "4", "UserID": "S-1-5-18", "EventData.ErrorCode": "0", "EventData.UniqueIdLength": "0", "EventData.VolumeUniqueId": null}
{"EventID": "1027", "Channel": "Microsoft-Windows-ReadyBoost/Operational", "Provider_Name": "Microsoft-Windows-ReadyBoost", "Computer": "DESKTOP-OFJ6N53", "TimeCreated": "2022-10-06 09:16:42.214937+00:00", "RecordID": "32", "Level": "4", "UserID": "S-1-5-18", "EventData.ErrorCode": "0", "EventData.UniqueIdLength": "0", "EventData.VolumeUniqueId": null}
{"EventID": "1027", "Channel": "Microsoft-Windows-ReadyBoost/Operational", "Provider_Name": "Microsoft-Windows-ReadyBoost", "Computer": "DESKTOP-OFJ6N53", "TimeCreated": "2022-10-11 22:43:47.089748+00:00", "RecordID": "33", "Level": "4", "UserID": "S-1-5-18", "EventData.ErrorCode": "0", "EventData.UniqueIdLength": "0", "EventData.VolumeUniqueId": null}
{"EventID": "1027", "Channel": "Microsoft-Windows-ReadyBoost/Operational", "Provider_Name": "Microsoft-Windows-ReadyBoost", "Computer": "DESKTOP-OFJ6N53", "TimeCreated": "2022-10-17 12:10:07.334826+00:00", "RecordID": "34", "Level": "4", "UserID": "S-1-5-18", "EventData.ErrorCode": "0", "EventData.UniqueIdLength": "0", "EventData.VolumeUniqueId": null}
{"EventID": "1027", "Channel": "Microsoft-Windows-ReadyBoost/Operational", "Provider_Name": "Microsoft-Windows-ReadyBoost", "Computer": "DESKTOP-OFJ6N53", "TimeCreated": "2022-10-19 13:48:47.746296+00:00", "RecordID": "35", "Level": "4", "UserID": "S-1-5-18", "EventData.ErrorCode": "0", "EventData.UniqueIdLength": "0", "EventData.VolumeUniqueId": null}
{"EventID": "1027", "Channel": "Microsoft-Windows-ReadyBoost/Operational", "Provider_Name": "Microsoft-Windows-ReadyBoost", "Computer": "DESKTOP-OFJ6N53", "TimeCreated": "2022-10-27 11:49:06.950167+00:00", "RecordID": "36", "Level": "4", "UserID": "S-1-5-18", "EventData.ErrorCode": "0", "EventData.UniqueIdLength": "0", "EventData.VolumeUniqueId": null}
{"EventID": "1027", "Channel": "Microsoft-Windows-ReadyBoost/Operational", "Provider_Name": "Microsoft-Windows-ReadyBoost", "Computer": "DESKTOP-OFJ6N53", "TimeCreated": "2022-11-09 14:42:19.681253+00:00", "RecordID": "37", "Level": "4", "UserID": "S-1-5-18", "EventData.ErrorCode": "0", "EventData.UniqueIdLength": "0", "EventData.VolumeUniqueId": null}
{"EventID": "1027", "Channel": "Microsoft-Windows-ReadyBoost/Operational", "Provider_Name": "Microsoft-Windows-ReadyBoost", "Computer": "DESKTOP-OFJ6N53", "TimeCreated": "2022-11-10 09:29:14.155153+00:00", "RecordID": "38", "Level": "4", "UserID": "S-1-5-18", "EventData.ErrorCode": "0", "EventData.UniqueIdLength": "0", "EventData.VolumeUniqueId": null}
{"EventID": "1027", "Channel": "Microsoft-Windows-ReadyBoost/Operational", "Provider_Name": "Microsoft-Windows-ReadyBoost", "Computer": "DESKTOP-OFJ6N53", "TimeCreated": "2022-11-17 17:40:11.004257+00:00", "RecordID": "39", "Level": "4", "UserID": "S-1-5-18", "EventData.ErrorCode": "0", "EventData.UniqueIdLength": "0", "EventData.VolumeUniqueId": null}
{"EventID": "1027", "Channel": "Microsoft-Windows-ReadyBoost/Operational", "Provider_Name": "Microsoft-Windows-ReadyBoost", "Computer": "DESKTOP-OFJ6N53", "TimeCreated": "2022-11-18 00:57:52.759241+00:00", "RecordID": "40", "Level": "4", "UserID": "S-1-5-18", "EventData.ErrorCode": "0", "EventData.UniqueIdLength": "0", "EventData.VolumeUniqueId": null}
{"EventID": "1027", "Channel": "Microsoft-Windows-ReadyBoost/Operational", "Provider_Name": "Microsoft-Windows-ReadyBoost", "Computer": "DESKTOP-OFJ6N53", "TimeCreated": "2022-11-19 20:57:00.585539+00:00", "RecordID": "41", "Level": "4", "UserID": "S-1-5-18", "EventData.ErrorCode": "0", "EventData.UniqueIdLength": "0", "EventData.VolumeUniqueId": null}
{"EventID": "1027", "Channel": "Microsoft-Windows-ReadyBoost/Operational", "Provider_Name": "Microsoft-Windows-ReadyBoost", "Computer": "DESKTOP-OFJ6N53", "TimeCreated": "2022-11-21 07:57:06.931973+00:00", "RecordID": "42", "Level": "4", "UserID": "S-1-5-18", "EventData.ErrorCode": "0", "EventData.UniqueIdLength": "0", "EventData.VolumeUniqueId": null}
{"EventID": "1027", "Channel": "Microsoft-Windows-ReadyBoost/Operational", "Provider_Name": "Microsoft-Windows-ReadyBoost", "Computer": "DESKTOP-OFJ6N53", "TimeCreated": "2022-11-22 07:20:32.858538+00:00", "RecordID": "43", "Level": "4", "UserID": "S-1-5-18", "EventData.ErrorCode": "0", "EventData.UniqueIdLength": "0", "EventData.VolumeUniqueId": null}
{"EventID": "1027", "Channel": "Microsoft-Windows-ReadyBoost/Operational", "Provider_Name": "Microsoft-Windows-ReadyBoost", "Computer": "DESKTOP-OFJ6N53", "TimeCreated": "2022-11-22 11:57:50.408146+00:00", "RecordID": "44", "Level": "4", "UserID": "S-1-5-18", "EventData.ErrorCode": "0", "EventData.UniqueIdLength": "0", "EventData.VolumeUniqueId": null}
{"EventID": "1027", "Channel": "Microsoft-Windows-ReadyBoost/Operational", "Provider_Name": "Microsoft-Windows-ReadyBoost", "Computer": "DESKTOP-OFJ6N53", "TimeCreated": "2022-11-24 10:52:46.978968+00:00", "RecordID": "45", "Level": "4", "UserID": "S-1-5-18", "EventData.ErrorCode": "0", "EventData.UniqueIdLength": "0", "EventData.VolumeUniqueId": null}
{"EventID": "1027", "Channel": "Microsoft-Windows-ReadyBoost/Operational", "Provider_Name": "Microsoft-Windows-ReadyBoost", "Computer": "DESKTOP-OFJ6N53", "TimeCreated": "2022-11-28 11:07:40.940012+00:00", "RecordID": "46", "Level": "4", "UserID": "S-1-5-18", "EventData.ErrorCode": "0", "EventData.UniqueIdLength": "0", "EventData.VolumeUniqueId": null}
{"EventID": "1027", "Channel": "Microsoft-Windows-ReadyBoost/Operational", "Provider_Name": "Microsoft-Windows-ReadyBoost", "Computer": "DESKTOP-OFJ6N53", "TimeCreated": "2022-11-30 10:06:33.788021+00:00", "RecordID": "47", "Level": "4", "UserID": "S-1-5-18", "EventData.ErrorCode": "0", "EventData.UniqueIdLength": "0", "EventData.VolumeUniqueId": null}
{"EventID": "1027", "Channel": "Microsoft-Windows-ReadyBoost/Operational", "Provider_Name": "Microsoft-Windows-ReadyBoost", "Computer": "DESKTOP-OFJ6N53", "TimeCreated": "2022-12-06 11:57:56.287367+00:00", "RecordID": "48", "Level": "4", "UserID": "S-1-5-18", "EventData.ErrorCode": "0", "EventData.UniqueIdLength": "0", "EventData.VolumeUniqueId": null}
{"EventID": "1027", "Channel": "Microsoft-Windows-ReadyBoost/Operational", "Provider_Name": "Microsoft-Windows-ReadyBoost", "Computer": "DESKTOP-OFJ6N53", "TimeCreated": "2022-12-09 11:52:31.922777+00:00", "RecordID": "49", "Level": "4", "UserID": "S-1-5-18", "EventData.ErrorCode": "0", "EventData.UniqueIdLength": "0", "EventData.VolumeUniqueId": null}
{"EventID": "1027", "Channel": "Microsoft-Windows-ReadyBoost/Operational", "Provider_Name": "Microsoft-Windows-ReadyBoost", "Computer": "DESKTOP-OFJ6N53", "TimeCreated": "2022-12-12 15:21:19.509171+00:00", "RecordID": "50", "Level": "4", "UserID": "S-1-5-18", "EventData.ErrorCode": "0", "EventData.UniqueIdLength": "0", "EventData.VolumeUniqueId": null}
{"EventID": "1027", "Channel": "Microsoft-Windows-ReadyBoost/Operational", "Provider_Name": "Microsoft-Windows-ReadyBoost", "Computer": "DESKTOP-OFJ6N53", "TimeCreated": "2022-12-14 12:47:18.897627+00:00", "RecordID": "51", "Level": "4", "UserID": "S-1-5-18", "EventData.ErrorCode": "0", "EventData.UniqueIdLength": "0", "EventData.VolumeUniqueId": null}
{"EventID": "1027", "Channel": "Microsoft-Windows-ReadyBoost/Operational", "Provider_Name": "Microsoft-Windows-ReadyBoost", "Computer": "DESKTOP-OFJ6N53", "TimeCreated": "2022-12-15 08:29:34.660723+00:00", "RecordID": "52", "Level": "4", "UserID": "S-1-5-18", "EventData.ErrorCode": "0", "EventData.UniqueIdLength": "0", "EventData.VolumeUniqueId": null}
{"EventID": "1027", "Channel": "Microsoft-Windows-ReadyBoost/Operational", "Provider_Name": "Microsoft-Windows-ReadyBoost", "Computer": "DESKTOP-OFJ6N53", "TimeCreated": "2022-12-21 09:56:03.946417+00:00", "RecordID": "53", "Level": "4", "UserID": "S-1-5-18", "EventData.ErrorCode": "0", "EventData.UniqueIdLength": "0", "EventData.VolumeUniqueId": null}
{"EventID": "1027", "Channel": "Microsoft-Windows-ReadyBoost/Operational", "Provider_Name": "Microsoft-Windows-ReadyBoost", "Computer": "DESKTOP-OFJ6N53", "TimeCreated": "2022-12-27 09:35:25.040283+00:00", "RecordID": "54", "Level": "4", "UserID": "S-1-5-18", "EventData.ErrorCode": "0", "EventData.UniqueIdLength": "0", "EventData.VolumeUniqueId": null}
{"EventID": "1027", "Channel": "Microsoft-Windows-ReadyBoost/Operational", "Provider_Name": "Microsoft-Windows-ReadyBoost", "Computer": "DESKTOP-OFJ6N53", "TimeCreated": "2022-12-29 12:42:19.002199+00:00", "RecordID": "55", "Level": "4", "UserID": "S-1-5-18", "EventData.ErrorCode": "0", "EventData.UniqueIdLength": "0", "EventData.VolumeUniqueId": null}
{"EventID": "1027", "Channel": "Microsoft-Windows-ReadyBoost/Operational", "Provider_Name": "Microsoft-Windows-ReadyBoost", "Computer": "DESKTOP-OFJ6N53", "TimeCreated": "2023-01-10 07:50:03.953476+00:00", "RecordID": "56", "Level": "4", "UserID": "S-1-5-18", "EventData.ErrorCode": "0", "EventData.UniqueIdLength": "0", "EventData.VolumeUniqueId": null}
{"EventID": "1027", "Channel": "Microsoft-Windows-ReadyBoost/Operational", "Provider_Name": "Microsoft-Windows-ReadyBoost", "Computer": "DESKTOP-OFJ6N53", "TimeCreated": "2023-01-11 14:46:30.304665+00:00", "RecordID": "57", "Level": "4", "UserID": "S-1-5-18", "EventData.ErrorCode": "0", "EventData.UniqueIdLength": "0", "EventData.VolumeUniqueId": null}
{"EventID": "1027", "Channel": "Microsoft-Windows-ReadyBoost/Operational", "Provider_Name": "Microsoft-Windows-ReadyBoost", "Computer": "DESKTOP-OFJ6N53", "TimeCreated": "2023-01-13 13:32:15.826347+00:00", "RecordID": "58", "Level": "4", "UserID": "S-1-5-18", "EventData.ErrorCode": "0", "EventData.UniqueIdLength": "0", "EventData.VolumeUniqueId": null}
{"EventID": "1027", "Channel": "Microsoft-Windows-ReadyBoost/Operational", "Provider_Name": "Microsoft-Windows-ReadyBoost", "Computer": "DESKTOP-OFJ6N53", "TimeCreated": "2023-01-16 08:15:12.433817+00:00", "RecordID": "59", "Level": "4", "UserID": "S-1-5-18", "EventData.ErrorCode": "0", "EventData.UniqueIdLength": "0", "EventData.VolumeUniqueId": null}
{"EventID": "1027", "Channel": "Microsoft-Windows-ReadyBoost/Operational", "Provider_Name": "Microsoft-Windows-ReadyBoost", "Computer": "DESKTOP-OFJ6N53", "TimeCreated": "2023-01-17 12:31:06.136391+00:00", "RecordID": "60", "Level": "4", "UserID": "S-1-5-18", "EventData.ErrorCode": "0", "EventData.UniqueIdLength": "0", "EventData.VolumeUniqueId": null}
{"EventID": "1027", "Channel": "Microsoft-Windows-ReadyBoost/Operational", "Provider_Name": "Microsoft-Windows-ReadyBoost", "Computer": "DESKTOP-OFJ6N53", "TimeCreated": "2023-01-19 08:00:56.665319+00:00", "RecordID": "61", "Level": "4", "UserID": "S-1-5-18", "EventData.ErrorCode": "0", "EventData.UniqueIdLength": "0", "EventData.VolumeUniqueId": null}
{"EventID": "1027", "Channel": "Microsoft-Windows-ReadyBoost/Operational", "Provider_Name": "Microsoft-Windows-ReadyBoost", "Computer": "DESKTOP-OFJ6N53", "TimeCreated": "2023-01-19 11:55:42.394142+00:00", "RecordID": "62", "Level": "4", "UserID": "S-1-5-18", "EventData.ErrorCode": "0", "EventData.UniqueIdLength": "0", "EventData.VolumeUniqueId": null}
{"EventID": "1027", "Channel": "Microsoft-Windows-ReadyBoost/Operational", "Provider_Name": "Microsoft-Windows-ReadyBoost", "Computer": "DESKTOP-OFJ6N53", "TimeCreated": "2023-01-20 14:31:43.225939+00:00", "RecordID": "63", "Level": "4", "UserID": "S-1-5-18", "EventData.ErrorCode": "0", "EventData.UniqueIdLength": "0", "EventData.VolumeUniqueId": null}
{"EventID": "1027", "Channel": "Microsoft-Windows-ReadyBoost/Operational", "Provider_Name": "Microsoft-Windows-ReadyBoost", "Computer": "DESKTOP-OFJ6N53", "TimeCreated": "2023-01-23 10:20:05.398430+00:00", "RecordID": "64", "Level": "4", "UserID": "S-1-5-18", "EventData.ErrorCode": "0", "EventData.UniqueIdLength": "0", "EventData.VolumeUniqueId": null}
{"EventID": "1027", "Channel": "Microsoft-Windows-ReadyBoost/Operational", "Provider_Name": "Microsoft-Windows-ReadyBoost", "Computer": "DESKTOP-OFJ6N53", "TimeCreated": "2023-01-23 12:41:46.885992+00:00", "RecordID": "65", "Level": "4", "UserID": "S-1-5-18", "EventData.ErrorCode": "0", "EventData.UniqueIdLength": "0", "EventData.VolumeUniqueId": null}
{"EventID": "1027", "Channel": "Microsoft-Windows-ReadyBoost/Operational", "Provider_Name": "Microsoft-Windows-ReadyBoost", "Computer": "DESKTOP-OFJ6N53", "TimeCreated": "2023-01-25 08:57:57.775854+00:00", "RecordID": "66", "Level": "4", "UserID": "S-1-5-18", "EventData.ErrorCode": "0", "EventData.UniqueIdLength": "0", "EventData.VolumeUniqueId": null}
{"EventID": "1027", "Channel": "Microsoft-Windows-ReadyBoost/Operational", "Provider_Name": "Microsoft-Windows-ReadyBoost", "Computer": "DESKTOP-OFJ6N53", "TimeCreated": "2023-01-27 15:04:46.958246+00:00", "RecordID": "67", "Level": "4", "UserID": "S-1-5-18", "EventData.ErrorCode": "0", "EventData.UniqueIdLength": "0", "EventData.VolumeUniqueId": null}
{"EventID": "1027", "Channel": "Microsoft-Windows-ReadyBoost/Operational", "Provider_Name": "Microsoft-Windows-ReadyBoost", "Computer": "DESKTOP-OFJ6N53", "TimeCreated": "2023-01-30 08:03:36.097614+00:00", "RecordID": "68", "Level": "4", "UserID": "S-1-5-18", "EventData.ErrorCode": "0", "EventData.UniqueIdLength": "0", "EventData.VolumeUniqueId": null}
{"EventID": "1027", "Channel": "Microsoft-Windows-ReadyBoost/Operational", "Provider_Name": "Microsoft-Windows-ReadyBoost", "Computer": "DESKTOP-OFJ6N53", "TimeCreated": "2023-02-09 10:50:51.518326+00:00", "RecordID": "69", "Level": "4", "UserID": "S-1-5-18", "EventData.ErrorCode": "0", "EventData.UniqueIdLength": "0", "EventData.VolumeUniqueId": null}
{"EventID": "1027", "Channel": "Microsoft-Windows-ReadyBoost/Operational", "Provider_Name": "Microsoft-Windows-ReadyBoost", "Computer": "DESKTOP-OFJ6N53", "TimeCreated": "2023-02-14 14:08:35.671370+00:00", "RecordID": "70", "Level": "4", "UserID": "S-1-5-18", "EventData.ErrorCode": "0", "EventData.UniqueIdLength": "0", "EventData.VolumeUniqueId": null}
{"EventID": "1027", "Channel": "Microsoft-Windows-ReadyBoost/Operational", "Provider_Name": "Microsoft-Windows-ReadyBoost", "Computer": "DESKTOP-OFJ6N53", "TimeCreated": "2023-02-15 12:31:20.743668+00:00", "RecordID": "71", "Level": "4", "UserID": "S-1-5-18", "EventData.ErrorCode": "0", "EventData.UniqueIdLength": "0", "EventData.VolumeUniqueId": null}
{"EventID": "1027", "Channel": "Microsoft-Windows-ReadyBoost/Operational", "Provider_Name": "Microsoft-Windows-ReadyBoost", "Computer": "DESKTOP-OFJ6N53", "TimeCreated": "2023-02-15 19:10:39.533773+00:00", "RecordID": "72", "Level": "4", "UserID": "S-1-5-18", "EventData.ErrorCode": "0", "EventData.UniqueIdLength": "0", "EventData.VolumeUniqueId": null}
{"EventID": "1027", "Channel": "Microsoft-Windows-ReadyBoost/Operational", "Provider_Name": "Microsoft-Windows-ReadyBoost", "Computer": "DESKTOP-OFJ6N53", "TimeCreated": "2023-02-16 01:25:06.324730+00:00", "RecordID": "73", "Level": "4", "UserID": "S-1-5-18", "EventData.ErrorCode": "0", "EventData.UniqueIdLength": "0", "EventData.VolumeUniqueId": null}
{"EventID": "1027", "Channel": "Microsoft-Windows-ReadyBoost/Operational", "Provider_Name": "Microsoft-Windows-ReadyBoost", "Computer": "DESKTOP-OFJ6N53", "TimeCreated": "2023-02-27 19:07:15.289906+00:00", "RecordID": "74", "Level": "4", "UserID": "S-1-5-18", "EventData.ErrorCode": "0", "EventData.UniqueIdLength": "0", "EventData.VolumeUniqueId": null}
{"EventID": "1027", "Channel": "Microsoft-Windows-ReadyBoost/Operational", "Provider_Name": "Microsoft-Windows-ReadyBoost", "Computer": "DESKTOP-OFJ6N53", "TimeCreated": "2023-03-06 09:00:20.413166+00:00", "RecordID": "75", "Level": "4", "UserID": "S-1-5-18", "EventData.ErrorCode": "0", "EventData.UniqueIdLength": "0", "EventData.VolumeUniqueId": null}
{"EventID": "1027", "Channel": "Microsoft-Windows-ReadyBoost/Operational", "Provider_Name": "Microsoft-Windows-ReadyBoost", "Computer": "DESKTOP-OFJ6N53", "TimeCreated": "2023-03-10 12:04:22.798605+00:00", "RecordID": "76", "Level": "4", "UserID": "S-1-5-18", "EventData.ErrorCode": "0", "EventData.UniqueIdLength": "0", "EventData.VolumeUniqueId": null}
{"EventID": "1027", "Channel": "Microsoft-Windows-ReadyBoost/Operational", "Provider_Name": "Microsoft-Windows-ReadyBoost", "Computer": "DESKTOP-OFJ6N53", "TimeCreated": "2023-03-13 11:09:34.901226+00:00", "RecordID": "77", "Level": "4", "UserID": "S-1-5-18", "EventData.ErrorCode": "0", "EventData.UniqueIdLength": "0", "EventData.VolumeUniqueId": null}
{"EventID": "1027", "Channel": "Microsoft-Windows-ReadyBoost/Operational", "Provider_Name": "Microsoft-Windows-ReadyBoost", "Computer": "DESKTOP-OFJ6N53", "TimeCreated": "2023-03-15 22:04:10.685932+00:00", "RecordID": "78", "Level": "4", "UserID": "S-1-5-18", "EventData.ErrorCode": "0", "EventData.UniqueIdLength": "0", "EventData.VolumeUniqueId": null}
{"EventID": "1027", "Channel": "Microsoft-Windows-ReadyBoost/Operational", "Provider_Name": "Microsoft-Windows-ReadyBoost", "Computer": "DESKTOP-OFJ6N53", "TimeCreated": "2023-03-19 01:08:12.409128+00:00", "RecordID": "79", "Level": "4", "UserID": "S-1-5-18", "EventData.ErrorCode": "0", "EventData.UniqueIdLength": "0", "EventData.VolumeUniqueId": null}
{"EventID": "1027", "Channel": "Microsoft-Windows-ReadyBoost/Operational", "Provider_Name": "Microsoft-Windows-ReadyBoost", "Computer": "DESKTOP-OFJ6N53", "TimeCreated": "2023-03-20 08:31:30.659065+00:00", "RecordID": "80", "Level": "4", "UserID": "S-1-5-18", "EventData.ErrorCode": "0", "EventData.UniqueIdLength": "0", "EventData.VolumeUniqueId": null}
{"EventID": "1027", "Channel": "Microsoft-Windows-ReadyBoost/Operational", "Provider_Name": "Microsoft-Windows-ReadyBoost", "Computer": "DESKTOP-OFJ6N53", "TimeCreated": "2023-03-23 10:01:47.242380+00:00", "RecordID": "81", "Level": "4", "UserID": "S-1-5-18", "EventData.ErrorCode": "0", "EventData.UniqueIdLength": "0", "EventData.VolumeUniqueId": null}
{"EventID": "1027", "Channel": "Microsoft-Windows-ReadyBoost/Operational", "Provider_Name": "Microsoft-Windows-ReadyBoost", "Computer": "DESKTOP-OFJ6N53", "TimeCreated": "2023-03-29 11:09:05.038311+00:00", "RecordID": "82", "Level": "4", "UserID": "S-1-5-18", "EventData.ErrorCode": "0", "EventData.UniqueIdLength": "0", "EventData.VolumeUniqueId": null}
{"EventID": "1027", "Channel": "Microsoft-Windows-ReadyBoost/Operational", "Provider_Name": "Microsoft-Windows-ReadyBoost", "Computer": "DESKTOP-OFJ6N53", "TimeCreated": "2023-04-03 12:07:35.877956+00:00", "RecordID": "83", "Level": "4", "UserID": "S-1-5-18", "EventData.ErrorCode": "0", "EventData.UniqueIdLength": "0", "EventData.VolumeUniqueId": null}
{"EventID": "1027", "Channel": "Microsoft-Windows-ReadyBoost/Operational", "Provider_Name": "Microsoft-Windows-ReadyBoost", "Computer": "DESKTOP-OFJ6N53", "TimeCreated": "2023-04-03 14:21:47.405085+00:00", "RecordID": "84", "Level": "4", "UserID": "S-1-5-18", "EventData.ErrorCode": "0", "EventData.UniqueIdLength": "0", "EventData.VolumeUniqueId": null}
{"EventID": "1027", "Channel": "Microsoft-Windows-ReadyBoost/Operational", "Provider_Name": "Microsoft-Windows-ReadyBoost", "Computer": "DESKTOP-OFJ6N53", "TimeCreated": "2023-04-04 06:31:39.345163+00:00", "RecordID": "85", "Level": "4", "UserID": "S-1-5-18", "EventData.ErrorCode": "0", "EventData.UniqueIdLength": "0", "EventData.VolumeUniqueId": null}
{"EventID": "1027", "Channel": "Microsoft-Windows-ReadyBoost/Operational", "Provider_Name": "Microsoft-Windows-ReadyBoost", "Computer": "DESKTOP-OFJ6N53", "TimeCreated": "2023-04-05 07:28:55.521442+00:00", "RecordID": "86", "Level": "4", "UserID": "S-1-5-18", "EventData.ErrorCode": "0", "EventData.UniqueIdLength": "0", "EventData.VolumeUniqueId": null}
{"EventID": "1027", "Channel": "Microsoft-Windows-ReadyBoost/Operational", "Provider_Name": "Microsoft-Windows-ReadyBoost", "Computer": "DESKTOP-OFJ6N53", "TimeCreated": "2023-04-05 15:19:07.010778+00:00", "RecordID": "87", "Level": "4", "UserID": "S-1-5-18", "EventData.ErrorCode": "0", "EventData.UniqueIdLength": "0", "EventData.VolumeUniqueId": null}
{"EventID": "1027", "Channel": "Microsoft-Windows-ReadyBoost/Operational", "Provider_Name": "Microsoft-Windows-ReadyBoost", "Computer": "DESKTOP-OFJ6N53", "TimeCreated": "2023-04-11 19:42:18.123285+00:00", "RecordID": "88", "Level": "4", "UserID": "S-1-5-18", "EventData.ErrorCode": "0", "EventData.UniqueIdLength": "0", "EventData.VolumeUniqueId": null}
{"EventID": "1027", "Channel": "Microsoft-Windows-ReadyBoost/Operational", "Provider_Name": "Microsoft-Windows-ReadyBoost", "Computer": "DESKTOP-OFJ6N53", "TimeCreated": "2023-04-12 17:28:00.918522+00:00", "RecordID": "89", "Level": "4", "UserID": "S-1-5-18", "EventData.ErrorCode": "0", "EventData.UniqueIdLength": "0", "EventData.VolumeUniqueId": null}
{"EventID": "1027", "Channel": "Microsoft-Windows-ReadyBoost/Operational", "Provider_Name": "Microsoft-Windows-ReadyBoost", "Computer": "DESKTOP-OFJ6N53", "TimeCreated": "2023-04-22 12:25:08.190445+00:00", "RecordID": "90", "Level": "4", "UserID": "S-1-5-18", "EventData.ErrorCode": "0", "EventData.UniqueIdLength": "0", "EventData.VolumeUniqueId": null}
{"EventID": "1027", "Channel": "Microsoft-Windows-ReadyBoost/Operational", "Provider_Name": "Microsoft-Windows-ReadyBoost", "Computer": "DESKTOP-OFJ6N53", "TimeCreated": "2023-04-26 10:05:51.184847+00:00", "RecordID": "91", "Level": "4", "UserID": "S-1-5-18", "EventData.ErrorCode": "0", "EventData.UniqueIdLength": "0", "EventData.VolumeUniqueId": null}
{"EventID": "1027", "Channel": "Microsoft-Windows-ReadyBoost/Operational", "Provider_Name": "Microsoft-Windows-ReadyBoost", "Computer": "DESKTOP-OFJ6N53", "TimeCreated": "2023-05-02 20:28:41.829655+00:00", "RecordID": "92", "Level": "4", "UserID": "S-1-5-18", "EventData.ErrorCode": "0", "EventData.UniqueIdLength": "0", "EventData.VolumeUniqueId": null}
{"EventID": "1027", "Channel": "Microsoft-Windows-ReadyBoost/Operational", "Provider_Name": "Microsoft-Windows-ReadyBoost", "Computer": "DESKTOP-OFJ6N53", "TimeCreated": "2023-05-03 08:17:19.993853+00:00", "RecordID": "93", "Level": "4", "UserID": "S-1-5-18", "EventData.ErrorCode": "0", "EventData.UniqueIdLength": "0", "EventData.VolumeUniqueId": null}
{"EventID": "1027", "Channel": "Microsoft-Windows-ReadyBoost/Operational", "Provider_Name": "Microsoft-Windows-ReadyBoost", "Computer": "DESKTOP-OFJ6N53", "TimeCreated": "2023-05-10 00:46:40.531292+00:00", "RecordID": "94", "Level": "4", "UserID": "S-1-5-18", "EventData.ErrorCode": "0", "EventData.UniqueIdLength": "0", "EventData.VolumeUniqueId": null}
{"EventID": "1027", "Channel": "Microsoft-Windows-ReadyBoost/Operational", "Provider_Name": "Microsoft-Windows-ReadyBoost", "Computer": "DESKTOP-OFJ6N53", "TimeCreated": "2023-05-15 12:20:26.027887+00:00", "RecordID": "95", "Level": "4", "UserID": "S-1-5-18", "EventData.ErrorCode": "0", "EventData.UniqueIdLength": "0", "EventData.VolumeUniqueId": null}
{"EventID": "1027", "Channel": "Microsoft-Windows-ReadyBoost/Operational", "Provider_Name": "Microsoft-Windows-ReadyBoost", "Computer": "DESKTOP-OFJ6N53", "TimeCreated": "2023-05-16 14:56:06.653954+00:00", "RecordID": "96", "Level": "4", "UserID": "S-1-5-18", "EventData.ErrorCode": "0", "EventData.UniqueIdLength": "0", "EventData.VolumeUniqueId": null}
{"EventID": "1027", "Channel": "Microsoft-Windows-ReadyBoost/Operational", "Provider_Name": "Microsoft-Windows-ReadyBoost", "Computer": "DESKTOP-OFJ6N53", "TimeCreated": "2023-06-09 08:40:53.625736+00:00", "RecordID": "97", "Level": "4", "UserID": "S-1-5-18", "EventData.ErrorCode": "0", "EventData.UniqueIdLength": "0", "EventData.VolumeUniqueId": null}
{"EventID": "1027", "Channel": "Microsoft-Windows-ReadyBoost/Operational", "Provider_Name": "Microsoft-Windows-ReadyBoost", "Computer": "DESKTOP-OFJ6N53", "TimeCreated": "2023-06-11 21:01:31.943830+00:00", "RecordID": "98", "Level": "4", "UserID": "S-1-5-18", "EventData.ErrorCode": "0", "EventData.UniqueIdLength": "0", "EventData.VolumeUniqueId": null}
{"EventID": "1027", "Channel": "Microsoft-Windows-ReadyBoost/Operational", "Provider_Name": "Microsoft-Windows-ReadyBoost", "Computer": "DESKTOP-OFJ6N53", "TimeCreated": "2023-06-13 19:25:35.040804+00:00", "RecordID": "99", "Level": "4", "UserID": "S-1-5-18", "EventData.ErrorCode": "0", "EventData.UniqueIdLength": "0", "EventData.VolumeUniqueId": null}
{"EventID": "1027", "Channel": "Microsoft-Windows-ReadyBoost/Operational", "Provider_Name": "Microsoft-Windows-ReadyBoost", "Computer": "DESKTOP-OFJ6N53", "TimeCreated": "2023-06-27 09:48:30.525215+00:00", "RecordID": "100", "Level": "4", "UserID": "S-1-5-18", "EventData.ErrorCode": "0", "EventData.UniqueIdLength": "0", "EventData.VolumeUniqueId": null}
{"EventID": "1027", "Channel": "Microsoft-Windows-ReadyBoost/Operational", "Provider_Name": "Microsoft-Windows-ReadyBoost", "Computer": "DESKTOP-OFJ6N53", "TimeCreated": "2023-07-03 07:38:42.129925+00:00", "RecordID": "101", "Level": "4", "UserID": "S-1-5-18", "EventData.ErrorCode": "0", "EventData.UniqueIdLength": "0", "EventData.VolumeUniqueId": null}
{"EventID": "1027", "Channel": "Microsoft-Windows-ReadyBoost/Operational", "Provider_Name": "Microsoft-Windows-ReadyBoost", "Computer": "DESKTOP-OFJ6N53", "TimeCreated": "2023-07-06 12:45:33.313877+00:00", "RecordID": "102", "Level": "4", "UserID": "S-1-5-18", "EventData.ErrorCode": "0", "EventData.UniqueIdLength": "0", "EventData.VolumeUniqueId": null}
{"EventID": "1027", "Channel": "Microsoft-Windows-ReadyBoost/Operational", "Provider_Name": "Microsoft-Windows-ReadyBoost", "Computer": "DESKTOP-OFJ6N53", "TimeCreated": "2023-07-12 14:41:39.035011+00:00", "RecordID": "103", "Level": "4", "UserID": "S-1-5-18", "EventData.ErrorCode": "0", "EventData.UniqueIdLength": "0", "EventData.VolumeUniqueId": null}
{"EventID": "1027", "Channel": "Microsoft-Windows-ReadyBoost/Operational", "Provider_Name": "Microsoft-Windows-ReadyBoost", "Computer": "DESKTOP-OFJ6N53", "TimeCreated": "2023-07-18 14:53:27.578783+00:00", "RecordID": "104", "Level": "4", "UserID": "S-1-5-18", "EventData.ErrorCode": "0", "EventData.UniqueIdLength": "0", "EventData.VolumeUniqueId": null}
{"EventID": "1027", "Channel": "Microsoft-Windows-ReadyBoost/Operational", "Provider_Name": "Microsoft-Windows-ReadyBoost", "Computer": "DESKTOP-OFJ6N53", "TimeCreated": "2023-07-25 09:00:03.980293+00:00", "RecordID": "105", "Level": "4", "UserID": "S-1-5-18", "EventData.ErrorCode": "0", "EventData.UniqueIdLength": "0", "EventData.VolumeUniqueId": null}
{"EventID": "1027", "Channel": "Microsoft-Windows-ReadyBoost/Operational", "Provider_Name": "Microsoft-Windows-ReadyBoost", "Computer": "DESKTOP-OFJ6N53", "TimeCreated": "2023-07-26 16:05:54.062624+00:00", "RecordID": "106", "Level": "4", "UserID": "S-1-5-18", "EventData.ErrorCode": "0", "EventData.UniqueIdLength": "0", "EventData.VolumeUniqueId": null}
{"EventID": "1027", "Channel": "Microsoft-Windows-ReadyBoost/Operational", "Provider_Name": "Microsoft-Windows-ReadyBoost", "Computer": "DESKTOP-OFJ6N53", "TimeCreated": "2023-07-31 13:02:15.301739+00:00", "RecordID": "107", "Level": "4", "UserID": "S-1-5-18", "EventData.ErrorCode": "0", "EventData.UniqueIdLength": "0", "EventData.VolumeUniqueId": null}
{"EventID": "1027", "Channel": "Microsoft-Windows-ReadyBoost/Operational", "Provider_Name": "Microsoft-Windows-ReadyBoost", "Computer": "DESKTOP-OFJ6N53", "TimeCreated": "2023-08-02 10:03:55.058987+00:00", "RecordID": "108", "Level": "4", "UserID": "S-1-5-18", "EventData.ErrorCode": "0", "EventData.UniqueIdLength": "0", "EventData.VolumeUniqueId": null}
{"EventID": "1027", "Channel": "Microsoft-Windows-ReadyBoost/Operational", "Provider_Name": "Microsoft-Windows-ReadyBoost", "Computer": "DESKTOP-OFJ6N53", "TimeCreated": "2023-08-10 07:39:48.122648+00:00", "RecordID": "109", "Level": "4", "UserID": "S-1-5-18", "EventData.ErrorCode": "0", "EventData.UniqueIdLength": "0", "EventData.VolumeUniqueId": null}
{"EventID": "1027", "Channel": "Microsoft-Windows-ReadyBoost/Operational", "Provider_Name": "Microsoft-Windows-ReadyBoost", "Computer": "DESKTOP-OFJ6N53", "TimeCreated": "2023-08-16 10:01:01.339954+00:00", "RecordID": "110", "Level": "4", "UserID": "S-1-5-18", "EventData.ErrorCode": "0", "EventData.UniqueIdLength": "0", "EventData.VolumeUniqueId": null}
{"EventID": "1027", "Channel": "Microsoft-Windows-ReadyBoost/Operational", "Provider_Name": "Microsoft-Windows-ReadyBoost", "Computer": "DESKTOP-OFJ6N53", "TimeCreated": "2023-08-29 22:45:54.972229+00:00", "RecordID": "111", "Level": "4", "UserID": "S-1-5-18", "EventData.ErrorCode": "0", "EventData.UniqueIdLength": "0", "EventData.VolumeUniqueId": null}
{"EventID": "1027", "Channel": "Microsoft-Windows-ReadyBoost/Operational", "Provider_Name": "Microsoft-Windows-ReadyBoost", "Computer": "DESKTOP-OFJ6N53", "TimeCreated": "2023-09-04 14:37:44.432026+00:00", "RecordID": "112", "Level": "4", "UserID": "S-1-5-18", "EventData.ErrorCode": "0", "EventData.UniqueIdLength": "0", "EventData.VolumeUniqueId": null}
{"EventID": "1027", "Channel": "Microsoft-Windows-ReadyBoost/Operational", "Provider_Name": "Microsoft-Windows-ReadyBoost", "Computer": "DESKTOP-OFJ6N53", "TimeCreated": "2023-09-13 14:37:18.300211+00:00", "RecordID": "113", "Level": "4", "UserID": "S-1-5-18", "EventData.ErrorCode": "0", "EventData.UniqueIdLength": "0", "EventData.VolumeUniqueId": null}
{"EventID": "1027", "Channel": "Microsoft-Windows-ReadyBoost/Operational", "Provider_Name": "Microsoft-Windows-ReadyBoost", "Computer": "DESKTOP-OFJ6N53", "TimeCreated": "2023-09-29 16:11:25.839861+00:00", "RecordID": "114", "Level": "4", "UserID": "S-1-5-18", "EventData.ErrorCode": "0", "EventData.UniqueIdLength": "0", "EventData.VolumeUniqueId": null}
{"EventID": "1027", "Channel": "Microsoft-Windows-ReadyBoost/Operational", "Provider_Name": "Microsoft-Windows-ReadyBoost", "Computer": "DESKTOP-OFJ6N53", "TimeCreated": "2023-10-12 16:56:10.944553+00:00", "RecordID": "115", "Level": "4", "UserID": "S-1-5-18", "EventData.ErrorCode": "0", "EventData.UniqueIdLength": "0", "EventData.VolumeUniqueId": null}
{"EventID": "1027", "Channel": "Microsoft-Windows-ReadyBoost/Operational", "Provider_Name": "Microsoft-Windows-ReadyBoost", "Computer": "DESKTOP-OFJ6N53", "TimeCreated": "2023-10-27 14:41:25.208397+00:00", "RecordID": "116", "Level": "4", "UserID": "S-1-5-18", "EventData.ErrorCode": "0", "EventData.UniqueIdLength": "0", "EventData.VolumeUniqueId": null}
{"EventID": "1027", "Channel": "Microsoft-Windows-ReadyBoost/Operational", "Provider_Name": "Microsoft-Windows-ReadyBoost", "Computer": "DESKTOP-OFJ6N53", "TimeCreated": "2023-11-20 15:06:19.744400+00:00", "RecordID": "117", "Level": "4", "UserID": "S-1-5-18", "EventData.ErrorCode": "0", "EventData.UniqueIdLength": "0", "EventData.VolumeUniqueId": null}
{"EventID": "1027", "Channel": "Microsoft-Windows-ReadyBoost/Operational", "Provider_Name": "Microsoft-Windows-ReadyBoost", "Computer": "DESKTOP-OFJ6N53", "TimeCreated": "2023-12-12 07:26:06.426147+00:00", "RecordID": "118", "Level": "4", "UserID": "S-1-5-18", "EventData.ErrorCode": "0", "EventData.UniqueIdLength": "0", "EventData.VolumeUniqueId": null}
{"EventID": "1027", "Channel": "Microsoft-Windows-ReadyBoost/Operational", "Provider_Name": "Microsoft-Windows-ReadyBoost", "Computer": "DESKTOP-OFJ6N53", "TimeCreated": "2023-12-13 14:34:55.518572+00:00", "RecordID": "119", "Level": "4", "UserID": "S-1-5-18", "EventData.ErrorCode": "0", "EventData.UniqueIdLength": "0", "EventData.VolumeUniqueId": null}
{"EventID": "1027", "Channel": "Microsoft-Windows-ReadyBoost/Operational", "Provider_Name": "Microsoft-Windows-ReadyBoost", "Computer": "DESKTOP-OFJ6N53", "TimeCreated": "2023-12-29 14:45:22.679583+00:00", "RecordID": "120", "Level": "4", "UserID": "S-1-5-18", "EventData.ErrorCode": "0", "EventData.UniqueIdLength": "0", "EventData.VolumeUniqueId": null}
{"EventID": "1027", "Channel": "Microsoft-Windows-ReadyBoost/Operational", "Provider_Name": "Microsoft-Windows-ReadyBoost", "Computer": "DESKTOP-OFJ6N53", "TimeCreated": "2024-01-10 14:59:05.757982+00:00", "RecordID": "121", "Level": "4", "UserID": "S-1-5-18", "EventData.ErrorCode": "0", "EventData.UniqueIdLength": "0", "EventData.VolumeUniqueId": null}
{"EventID": "1027", "Channel": "Microsoft-Windows-ReadyBoost/Operational", "Provider_Name": "Microsoft-Windows-ReadyBoost", "Computer": "DESKTOP-OFJ6N53", "TimeCreated": "2024-02-15 15:27:34.037012+00:00", "RecordID": "122", "Level": "4", "UserID": "S-1-5-18", "EventData.ErrorCode": "0", "EventData.UniqueIdLength": "0", "EventData.VolumeUniqueId": null}
{"EventID": "1027", "Channel": "Microsoft-Windows-ReadyBoost/Operational", "Provider_Name": "Microsoft-Windows-ReadyBoost", "Computer": "DESKTOP-OFJ6N53", "TimeCreated": "2024-03-12 11:05:24.431406+00:00", "RecordID": "123", "Level": "4", "UserID": "S-1-5-18", "EventData.ErrorCode": "0", "EventData.UniqueIdLength": "0", "EventData.VolumeUniqueId": null}
{"EventID": "1027", "Channel": "Microsoft-Windows-ReadyBoost/Operational", "Provider_Name": "Microsoft-Windows-ReadyBoost", "Computer": "DESKTOP-OFJ6N53", "TimeCreated": "2024-04-12 02:53:49.150381+00:00", "RecordID": "124", "Level": "4", "UserID": "S-1-5-18", "EventData.ErrorCode": "0", "EventData.UniqueIdLength": "0", "EventData.VolumeUniqueId": null}
{"EventID": "1027", "Channel": "Microsoft-Windows-ReadyBoost/Operational", "Provider_Name": "Microsoft-Windows-ReadyBoost", "Computer": "DESKTOP-OFJ6N53", "TimeCreated": "2024-04-23 15:40:34.975525+00:00", "RecordID": "125", "Level": "4", "UserID": "S-1-5-18", "EventData.ErrorCode": "0", "EventData.UniqueIdLength": "0", "EventData.VolumeUniqueId": null}
{"EventID": "1027", "Channel": "Microsoft-Windows-ReadyBoost/Operational", "Provider_Name": "Microsoft-Windows-ReadyBoost", "Computer": "DESKTOP-OFJ6N53", "TimeCreated": "2024-04-29 15:11:02.734016+00:00", "RecordID": "126", "Level": "4", "UserID": "S-1-5-18", "EventData.ErrorCode": "0", "EventData.UniqueIdLength": "0", "EventData.VolumeUniqueId": null}
{"EventID": "1027", "Channel": "Microsoft-Windows-ReadyBoost/Operational", "Provider_Name": "Microsoft-Windows-ReadyBoost", "Computer": "DESKTOP-OFJ6N53", "TimeCreated": "2024-05-14 09:14:13.736200+00:00", "RecordID": "127", "Level": "4", "UserID": "S-1-5-18", "EventData.ErrorCode": "0", "EventData.UniqueIdLength": "0", "EventData.VolumeUniqueId": null}
{"EventID": "1027", "Channel": "Microsoft-Windows-ReadyBoost/Operational", "Provider_Name": "Microsoft-Windows-ReadyBoost", "Computer": "DESKTOP-OFJ6N53", "TimeCreated": "2024-05-15 13:37:30.866070+00:00", "RecordID": "128", "Level": "4", "UserID": "S-1-5-18", "EventData.ErrorCode": "0", "EventData.UniqueIdLength": "0", "EventData.VolumeUniqueId": null}
{"EventID": "1027", "Channel": "Microsoft-Windows-ReadyBoost/Operational", "Provider_Name": "Microsoft-Windows-ReadyBoost", "Computer": "DESKTOP-OFJ6N53", "TimeCreated": "2024-05-31 10:41:45.832336+00:00", "RecordID": "129", "Level": "4", "UserID": "S-1-5-18", "EventData.ErrorCode": "0", "EventData.UniqueIdLength": "0", "EventData.VolumeUniqueId": null}
{"EventID": "1027", "Channel": "Microsoft-Windows-ReadyBoost/Operational", "Provider_Name": "Microsoft-Windows-ReadyBoost", "Computer": "DESKTOP-OFJ6N53", "TimeCreated": "2024-06-06 12:17:08.385586+00:00", "RecordID": "130", "Level": "4", "UserID": "S-1-5-18", "EventData.ErrorCode": "0", "EventData.UniqueIdLength": "0", "EventData.VolumeUniqueId": null}
{"EventID": "1027", "Channel": "Microsoft-Windows-ReadyBoost/Operational", "Provider_Name": "Microsoft-Windows-ReadyBoost", "Computer": "DESKTOP-OFJ6N53", "TimeCreated": "2024-06-11 17:57:25.680229+00:00", "RecordID": "131", "Level": "4", "UserID": "S-1-5-18", "EventData.ErrorCode": "0", "EventData.UniqueIdLength": "0", "EventData.VolumeUniqueId": null}
{"EventID": "1027", "Channel": "Microsoft-Windows-ReadyBoost/Operational", "Provider_Name": "Microsoft-Windows-ReadyBoost", "Computer": "DESKTOP-OFJ6N53", "TimeCreated": "2024-06-13 10:19:37.607651+00:00", "RecordID": "132", "Level": "4", "UserID": "S-1-5-18", "EventData.ErrorCode": "0", "EventData.UniqueIdLength": "0", "EventData.VolumeUniqueId": null}
{"EventID": "1027", "Channel": "Microsoft-Windows-ReadyBoost/Operational", "Provider_Name": "Microsoft-Windows-ReadyBoost", "Computer": "DESKTOP-OFJ6N53", "TimeCreated": "2024-07-03 13:22:38.517466+00:00", "RecordID": "133", "Level": "4", "UserID": "S-1-5-18", "EventData.ErrorCode": "0", "EventData.UniqueIdLength": "0", "EventData.VolumeUniqueId": null}
{"EventID": "1027", "Channel": "Microsoft-Windows-ReadyBoost/Operational", "Provider_Name": "Microsoft-Windows-ReadyBoost", "Computer": "DESKTOP-OFJ6N53", "TimeCreated": "2024-07-10 14:34:28.882109+00:00", "RecordID": "134", "Level": "4", "UserID": "S-1-5-18", "EventData.ErrorCode": "0", "EventData.UniqueIdLength": "0", "EventData.VolumeUniqueId": null}
{"EventID": "1027", "Channel": "Microsoft-Windows-ReadyBoost/Operational", "Provider_Name": "Microsoft-Windows-ReadyBoost", "Computer": "DESKTOP-OFJ6N53", "TimeCreated": "2024-07-22 07:27:13.522825+00:00", "RecordID": "135", "Level": "4", "UserID": "S-1-5-18", "EventData.ErrorCode": "0", "EventData.UniqueIdLength": "0", "EventData.VolumeUniqueId": null}
{"EventID": "1027", "Channel": "Microsoft-Windows-ReadyBoost/Operational", "Provider_Name": "Microsoft-Windows-ReadyBoost", "Computer": "DESKTOP-OFJ6N53", "TimeCreated": "2024-08-14 00:10:55.458563+00:00", "RecordID": "136", "Level": "4", "UserID": "S-1-5-18", "EventData.ErrorCode": "0", "EventData.UniqueIdLength": "0", "EventData.VolumeUniqueId": null}
{"EventID": "1027", "Channel": "Microsoft-Windows-ReadyBoost/Operational", "Provider_Name": "Microsoft-Windows-ReadyBoost", "Computer": "DESKTOP-OFJ6N53", "TimeCreated": "2024-09-06 13:40:56.324793+00:00", "RecordID": "137", "Level": "4", "UserID": "S-1-5-18", "EventData.ErrorCode": "0", "EventData.UniqueIdLength": "0", "EventData.VolumeUniqueId": null}
{"EventID": "1027", "Channel": "Microsoft-Windows-ReadyBoost/Operational", "Provider_Name": "Microsoft-Windows-ReadyBoost", "Computer": "DESKTOP-OFJ6N53", "TimeCreated": "2024-09-11 14:51:45.604534+00:00", "RecordID": "138", "Level": "4", "UserID": "S-1-5-18", "EventData.ErrorCode": "0", "EventData.UniqueIdLength": "0", "EventData.VolumeUniqueId": null}
{"EventID": "1027", "Channel": "Microsoft-Windows-ReadyBoost/Operational", "Provider_Name": "Microsoft-Windows-ReadyBoost", "Computer": "DESKTOP-OFJ6N53", "TimeCreated": "2024-09-19 17:26:08.637268+00:00", "RecordID": "139", "Level": "4", "UserID": "S-1-5-18", "EventData.ErrorCode": "0", "EventData.UniqueIdLength": "0", "EventData.VolumeUniqueId": null}
{"EventID": "1027", "Channel": "Microsoft-Windows-ReadyBoost/Operational", "Provider_Name": "Microsoft-Windows-ReadyBoost", "Computer": "DESKTOP-OFJ6N53", "TimeCreated": "2024-09-24 10:58:14.035126+00:00", "RecordID": "140", "Level": "4", "UserID": "S-1-5-18", "EventData.ErrorCode": "0", "EventData.UniqueIdLength": "0", "EventData.VolumeUniqueId": null}
