{"EventID": "257", "Channel": "Microsoft-Windows-Time-Service/Operational", "Provider_Name": "Microsoft-Windows-Time-Service", "Computer": "DESKTOP-OFJ6N53", "TimeCreated": "2025-05-08 08:40:35.334476+00:00", "RecordID": "11907", "Level": "4", "UserID": "S-1-5-19", "EventData.CurrentTime(UTC)": "2025-05-08T08:40:35.334Z", "EventData.TickCount": "1324812140", "EventData.Configuration": "EventLogFlags: 2 (Локальный)\nAnnounceFlags: 10 (Локальный)\nTimeJumpAuditOffset: 28800 (Локальный)\nMinPollInterval: 10 (Локальный)\nMaxPollInterval: 15 (Локальный)\nMaxNegPhaseCorrection: 54000 (Локальный)\nMaxPosPhaseCorrection: 54000 (Локальный)\nMaxAllowedPhaseOffset: 1 (Локальный)\n\nFrequencyCorrectRate: 4 (Локальный)\nPollAdjustFactor: 5 (Локальный)\nLargePhaseOffset: 50000000 (Локальный)\nSpikeWatchPeriod: 900 (Локальный)\nLocalClockDispersion: 10 (Локальный)\nHoldPeriod: 5 (Локальный)\nPhaseCorrectRate: 1 (Локальный)\nUpdateInterval: 360000 (Локальный)\n\nFileLogName:  (Не определен или не используется)\nFileLogEntries:  (Не определен или не используется)\nFileLogSize: 0 (Не определен или не используется)\nFileLogFlags: 0 (Не определен или не используется)\n\nUtilizeSslTimeData: 1 (Локальный)\n\n[Leap Seconds]\nEnabled: 1 (Local)\nTotal Leap Seconds (after June 2018): 0 (Local)\nCurrent UTC offset: 0 (Local)", "EventData.TimeProviders": "NtpClient (Локальный)\nDllName: C:\\Windows\\system32\\w32time.dll (Локальный)\nEnabled: 1 (Локальный)\nInputProvider: 1 (Локальный)\nCrossSiteSyncFlags: 0 (Не определен или не используется)\nAllowNonstandardModeCombinations: 1 (Локальный)\nResolvePeerBackoffMinutes: 15 (Локальный)\nResolvePeerBackoffMaxTimes: 7 (Локальный)\nCompatibilityFlags: 2147483648 (Локальный)\nEventLogFlags: 1 (Локальный)\nLargeSampleSkew: 3 (Локальный)\nSpecialPollInterval: 32768 (Локальный)\nType: NTP (Локальный)\nNtpServer: time.windows.com,0x9 (Локальный)\n\nVMICTimeProvider (Локальный)\nDllName: C:\\Windows\\System32\\vmictimeprovider.dll (Локальный)\nEnabled: 1 (Локальный)\nInputProvider: 1 (Локальный)\n\nNtpServer (Локальный)\nDllName: C:\\Windows\\system32\\w32time.dll (Локальный)\nEnabled: 0 (Локальный)\nInputProvider: 0 (Локальный)", "EventData.ClockRate": "156250"}
{"EventID": "266", "Channel": "Microsoft-Windows-Time-Service/Operational", "Provider_Name": "Microsoft-Windows-Time-Service", "Computer": "DESKTOP-OFJ6N53", "TimeCreated": "2025-05-08 08:40:35.334824+00:00", "RecordID": "11908", "Level": "4", "UserID": "S-1-5-19", "EventData.ReasonCode": "2", "EventData.TickCount": "1324812187"}
{"EventID": "264", "Channel": "Microsoft-Windows-Time-Service/Operational", "Provider_Name": "Microsoft-Windows-Time-Service", "Computer": "DESKTOP-OFJ6N53", "TimeCreated": "2025-05-08 08:40:37.114071+00:00", "RecordID": "11909", "Level": "4", "UserID": "S-1-5-19", "EventData.AllNtpServers": "time.windows.com,0x9 (ntp.m|0x9|0.0.0.0:123->104.40.149.189:123);", "EventData.TickCount": "1324813968"}
{"EventID": "261", "Channel": "Microsoft-Windows-Time-Service/Operational", "Provider_Name": "Microsoft-Windows-Time-Service", "Computer": "DESKTOP-OFJ6N53", "TimeCreated": "2025-05-08 08:40:53.014803+00:00", "RecordID": "11910", "Level": "4", "UserID": "S-1-5-19", "EventData.NewTime": "2025-05-08T08:40:53.13Z", "EventData.OldTime": "2025-05-08T08:40:51.719Z", "EventData.TickCount": "1324828578"}
{"EventID": "266", "Channel": "Microsoft-Windows-Time-Service/Operational", "Provider_Name": "Microsoft-Windows-Time-Service", "Computer": "DESKTOP-OFJ6N53", "TimeCreated": "2025-05-08 08:40:53.017162+00:00", "RecordID": "11911", "Level": "4", "UserID": "S-1-5-19", "EventData.ReasonCode": "3", "EventData.TickCount": "1324828578"}
{"EventID": "265", "Channel": "Microsoft-Windows-Time-Service/Operational", "Provider_Name": "Microsoft-Windows-Time-Service", "Computer": "DESKTOP-OFJ6N53", "TimeCreated": "2025-05-08 08:40:53.017176+00:00", "RecordID": "11912", "Level": "4", "UserID": "S-1-5-19", "EventData.TimeSource": "time.windows.com,0x9 (ntp.m|0x9|0.0.0.0:123->104.40.149.189:123)", "EventData.TimeSourceRefId": "0x682895BD", "EventData.LocalStratumNumber": "4", "EventData.TickCount": "1324828578"}
{"EventID": "261", "Channel": "Microsoft-Windows-Time-Service/Operational", "Provider_Name": "Microsoft-Windows-Time-Service", "Computer": "DESKTOP-OFJ6N53", "TimeCreated": "2025-05-08 08:40:53.017826+00:00", "RecordID": "11913", "Level": "4", "UserID": "S-1-5-19", "EventData.NewTime": "2025-05-08T08:40:53.17Z", "EventData.OldTime": "2025-05-08T08:40:53.13Z", "EventData.TickCount": "1324828578"}
{"EventID": "261", "Channel": "Microsoft-Windows-Time-Service/Operational", "Provider_Name": "Microsoft-Windows-Time-Service", "Computer": "DESKTOP-OFJ6N53", "TimeCreated": "2025-05-08 08:40:53.019785+00:00", "RecordID": "11914", "Level": "4", "UserID": "S-1-5-19", "EventData.NewTime": "2025-05-08T08:40:53.19Z", "EventData.OldTime": "2025-05-08T08:40:53.17Z", "EventData.TickCount": "1324828578"}
{"EventID": "258", "Channel": "Microsoft-Windows-Time-Service/Operational", "Provider_Name": "Microsoft-Windows-Time-Service", "Computer": "DESKTOP-OFJ6N53", "TimeCreated": "2025-05-08 08:40:53.029745+00:00", "RecordID": "11915", "Level": "4", "UserID": "S-1-5-19", "EventData.CurrentTime(UTC)": "2025-05-08T08:40:53.29Z", "EventData.TickCount": "1324828593", "EventData.ErrorMessage": "0x00000000: Успешно."}
{"EventID": "272", "Channel": "Microsoft-Windows-Time-Service/Operational", "Provider_Name": "Microsoft-Windows-Time-Service", "Computer": "DESKTOP-OFJ6N53", "TimeCreated": "2025-05-09 08:40:38.935415+00:00", "RecordID": "11916", "Level": "4", "UserID": "S-1-5-19", "EventData.Enabled": "1", "EventData.LeapSecondCount": "0", "EventData.CurrentUtcOffset": "0", "EventData.RuntimeStateAndSettingsConsistent": "1", "EventData.NewestLeapSecondsList": null, "EventData.TickCount": "1411214484"}
{"EventID": "257", "Channel": "Microsoft-Windows-Time-Service/Operational", "Provider_Name": "Microsoft-Windows-Time-Service", "Computer": "DESKTOP-OFJ6N53", "TimeCreated": "2025-05-09 08:40:38.952635+00:00", "RecordID": "11917", "Level": "4", "UserID": "S-1-5-19", "EventData.CurrentTime(UTC)": "2025-05-09T08:40:38.952Z", "EventData.TickCount": "1411214484", "EventData.Configuration": "EventLogFlags: 2 (Локальный)\nAnnounceFlags: 10 (Локальный)\nTimeJumpAuditOffset: 28800 (Локальный)\nMinPollInterval: 10 (Локальный)\nMaxPollInterval: 15 (Локальный)\nMaxNegPhaseCorrection: 54000 (Локальный)\nMaxPosPhaseCorrection: 54000 (Локальный)\nMaxAllowedPhaseOffset: 1 (Локальный)\n\nFrequencyCorrectRate: 4 (Локальный)\nPollAdjustFactor: 5 (Локальный)\nLargePhaseOffset: 50000000 (Локальный)\nSpikeWatchPeriod: 900 (Локальный)\nLocalClockDispersion: 10 (Локальный)\nHoldPeriod: 5 (Локальный)\nPhaseCorrectRate: 1 (Локальный)\nUpdateInterval: 360000 (Локальный)\n\nFileLogName:  (Не определен или не используется)\nFileLogEntries:  (Не определен или не используется)\nFileLogSize: 0 (Не определен или не используется)\nFileLogFlags: 0 (Не определен или не используется)\n\nUtilizeSslTimeData: 1 (Локальный)\n\n[Leap Seconds]\nEnabled: 1 (Local)\nTotal Leap Seconds (after June 2018): 0 (Local)\nCurrent UTC offset: 0 (Local)", "EventData.TimeProviders": "NtpClient (Локальный)\nDllName: C:\\Windows\\system32\\w32time.dll (Локальный)\nEnabled: 1 (Локальный)\nInputProvider: 1 (Локальный)\nCrossSiteSyncFlags: 0 (Не определен или не используется)\nAllowNonstandardModeCombinations: 1 (Локальный)\nResolvePeerBackoffMinutes: 15 (Локальный)\nResolvePeerBackoffMaxTimes: 7 (Локальный)\nCompatibilityFlags: 2147483648 (Локальный)\nEventLogFlags: 1 (Локальный)\nLargeSampleSkew: 3 (Локальный)\nSpecialPollInterval: 32768 (Локальный)\nType: NTP (Локальный)\nNtpServer: time.windows.com,0x9 (Локальный)\n\nVMICTimeProvider (Локальный)\nDllName: C:\\Windows\\System32\\vmictimeprovider.dll (Локальный)\nEnabled: 1 (Локальный)\nInputProvider: 1 (Локальный)\n\nNtpServer (Локальный)\nDllName: C:\\Windows\\system32\\w32time.dll (Локальный)\nEnabled: 0 (Локальный)\nInputProvider: 0 (Локальный)", "EventData.ClockRate": "156250"}
{"EventID": "266", "Channel": "Microsoft-Windows-Time-Service/Operational", "Provider_Name": "Microsoft-Windows-Time-Service", "Computer": "DESKTOP-OFJ6N53", "TimeCreated": "2025-05-09 08:40:38.953587+00:00", "RecordID": "11918", "Level": "4", "UserID": "S-1-5-19", "EventData.ReasonCode": "2", "EventData.TickCount": "1411214515"}
{"EventID": "264", "Channel": "Microsoft-Windows-Time-Service/Operational", "Provider_Name": "Microsoft-Windows-Time-Service", "Computer": "DESKTOP-OFJ6N53", "TimeCreated": "2025-05-09 08:40:40.524178+00:00", "RecordID": "11919", "Level": "4", "UserID": "S-1-5-19", "EventData.AllNtpServers": "time.windows.com,0x9 (ntp.m|0x9|0.0.0.0:123->20.101.57.9:123);", "EventData.TickCount": "1411216078"}
{"EventID": "261", "Channel": "Microsoft-Windows-Time-Service/Operational", "Provider_Name": "Microsoft-Windows-Time-Service", "Computer": "DESKTOP-OFJ6N53", "TimeCreated": "2025-05-09 08:40:56.662001+00:00", "RecordID": "11920", "Level": "4", "UserID": "S-1-5-19", "EventData.NewTime": "2025-05-09T08:40:56.661Z", "EventData.OldTime": "2025-05-09T08:40:55.166Z", "EventData.TickCount": "1411230734"}
{"EventID": "265", "Channel": "Microsoft-Windows-Time-Service/Operational", "Provider_Name": "Microsoft-Windows-Time-Service", "Computer": "DESKTOP-OFJ6N53", "TimeCreated": "2025-05-09 08:40:56.664307+00:00", "RecordID": "11921", "Level": "4", "UserID": "S-1-5-19", "EventData.TimeSource": "time.windows.com,0x9 (ntp.m|0x9|0.0.0.0:123->20.101.57.9:123)", "EventData.TimeSourceRefId": "0x14653909", "EventData.LocalStratumNumber": "4", "EventData.TickCount": "1411230734"}
{"EventID": "266", "Channel": "Microsoft-Windows-Time-Service/Operational", "Provider_Name": "Microsoft-Windows-Time-Service", "Computer": "DESKTOP-OFJ6N53", "TimeCreated": "2025-05-09 08:40:56.664309+00:00", "RecordID": "11922", "Level": "4", "UserID": "S-1-5-19", "EventData.ReasonCode": "3", "EventData.TickCount": "1411230734"}
{"EventID": "261", "Channel": "Microsoft-Windows-Time-Service/Operational", "Provider_Name": "Microsoft-Windows-Time-Service", "Computer": "DESKTOP-OFJ6N53", "TimeCreated": "2025-05-09 08:40:56.664770+00:00", "RecordID": "11923", "Level": "4", "UserID": "S-1-5-19", "EventData.NewTime": "2025-05-09T08:40:56.664Z", "EventData.OldTime": "2025-05-09T08:40:56.661Z", "EventData.TickCount": "1411230734"}
{"EventID": "261", "Channel": "Microsoft-Windows-Time-Service/Operational", "Provider_Name": "Microsoft-Windows-Time-Service", "Computer": "DESKTOP-OFJ6N53", "TimeCreated": "2025-05-09 08:40:56.669140+00:00", "RecordID": "11924", "Level": "4", "UserID": "S-1-5-19", "EventData.NewTime": "2025-05-09T08:40:56.668Z", "EventData.OldTime": "2025-05-09T08:40:56.664Z", "EventData.TickCount": "1411230734"}
{"EventID": "258", "Channel": "Microsoft-Windows-Time-Service/Operational", "Provider_Name": "Microsoft-Windows-Time-Service", "Computer": "DESKTOP-OFJ6N53", "TimeCreated": "2025-05-09 08:40:56.674328+00:00", "RecordID": "11925", "Level": "4", "UserID": "S-1-5-19", "EventData.CurrentTime(UTC)": "2025-05-09T08:40:56.674Z", "EventData.TickCount": "1411230734", "EventData.ErrorMessage": "0x00000000: Успешно."}
{"EventID": "272", "Channel": "Microsoft-Windows-Time-Service/Operational", "Provider_Name": "Microsoft-Windows-Time-Service", "Computer": "DESKTOP-OFJ6N53", "TimeCreated": "2025-05-10 08:40:34.713043+00:00", "RecordID": "11926", "Level": "4", "UserID": "S-1-5-19", "EventData.Enabled": "1", "EventData.LeapSecondCount": "0", "EventData.CurrentUtcOffset": "0", "EventData.RuntimeStateAndSettingsConsistent": "1", "EventData.NewestLeapSecondsList": null, "EventData.TickCount": "1497608781"}
{"EventID": "257", "Channel": "Microsoft-Windows-Time-Service/Operational", "Provider_Name": "Microsoft-Windows-Time-Service", "Computer": "DESKTOP-OFJ6N53", "TimeCreated": "2025-05-10 08:40:34.729031+00:00", "RecordID": "11927", "Level": "4", "UserID": "S-1-5-19", "EventData.CurrentTime(UTC)": "2025-05-10T08:40:34.729Z", "EventData.TickCount": "1497608781", "EventData.Configuration": "EventLogFlags: 2 (Локальный)\nAnnounceFlags: 10 (Локальный)\nTimeJumpAuditOffset: 28800 (Локальный)\nMinPollInterval: 10 (Локальный)\nMaxPollInterval: 15 (Локальный)\nMaxNegPhaseCorrection: 54000 (Локальный)\nMaxPosPhaseCorrection: 54000 (Локальный)\nMaxAllowedPhaseOffset: 1 (Локальный)\n\nFrequencyCorrectRate: 4 (Локальный)\nPollAdjustFactor: 5 (Локальный)\nLargePhaseOffset: 50000000 (Локальный)\nSpikeWatchPeriod: 900 (Локальный)\nLocalClockDispersion: 10 (Локальный)\nHoldPeriod: 5 (Локальный)\nPhaseCorrectRate: 1 (Локальный)\nUpdateInterval: 360000 (Локальный)\n\nFileLogName:  (Не определен или не используется)\nFileLogEntries:  (Не определен или не используется)\nFileLogSize: 0 (Не определен или не используется)\nFileLogFlags: 0 (Не определен или не используется)\n\nUtilizeSslTimeData: 1 (Локальный)\n\n[Leap Seconds]\nEnabled: 1 (Local)\nTotal Leap Seconds (after June 2018): 0 (Local)\nCurrent UTC offset: 0 (Local)", "EventData.TimeProviders": "NtpClient (Локальный)\nDllName: C:\\Windows\\system32\\w32time.dll (Локальный)\nEnabled: 1 (Локальный)\nInputProvider: 1 (Локальный)\nCrossSiteSyncFlags: 0 (Не определен или не используется)\nAllowNonstandardModeCombinations: 1 (Локальный)\nResolvePeerBackoffMinutes: 15 (Локальный)\nResolvePeerBackoffMaxTimes: 7 (Локальный)\nCompatibilityFlags: 2147483648 (Локальный)\nEventLogFlags: 1 (Локальный)\nLargeSampleSkew: 3 (Локальный)\nSpecialPollInterval: 32768 (Локальный)\nType: NTP (Локальный)\nNtpServer: time.windows.com,0x9 (Локальный)\n\nVMICTimeProvider (Локальный)\nDllName: C:\\Windows\\System32\\vmictimeprovider.dll (Локальный)\nEnabled: 1 (Локальный)\nInputProvider: 1 (Локальный)\n\nNtpServer (Локальный)\nDllName: C:\\Windows\\system32\\w32time.dll (Локальный)\nEnabled: 0 (Локальный)\nInputProvider: 0 (Локальный)", "EventData.ClockRate": "156250"}
{"EventID": "266", "Channel": "Microsoft-Windows-Time-Service/Operational", "Provider_Name": "Microsoft-Windows-Time-Service", "Computer": "DESKTOP-OFJ6N53", "TimeCreated": "2025-05-10 08:40:34.729712+00:00", "RecordID": "11928", "Level": "4", "UserID": "S-1-5-19", "EventData.ReasonCode": "2", "EventData.TickCount": "1497608796"}
{"EventID": "264", "Channel": "Microsoft-Windows-Time-Service/Operational", "Provider_Name": "Microsoft-Windows-Time-Service", "Computer": "DESKTOP-OFJ6N53", "TimeCreated": "2025-05-10 08:40:36.504015+00:00", "RecordID": "11929", "Level": "4", "UserID": "S-1-5-19", "EventData.AllNtpServers": "time.windows.com,0x9 (ntp.m|0x9|0.0.0.0:123->104.40.149.189:123);", "EventData.TickCount": "1497610562"}
{"EventID": "261", "Channel": "Microsoft-Windows-Time-Service/Operational", "Provider_Name": "Microsoft-Windows-Time-Service", "Computer": "DESKTOP-OFJ6N53", "TimeCreated": "2025-05-10 08:40:52.153084+00:00", "RecordID": "11930", "Level": "4", "UserID": "S-1-5-19", "EventData.NewTime": "2025-05-10T08:40:52.152Z", "EventData.OldTime": "2025-05-10T08:40:50.749Z", "EventData.TickCount": "1497624812"}
{"EventID": "265", "Channel": "Microsoft-Windows-Time-Service/Operational", "Provider_Name": "Microsoft-Windows-Time-Service", "Computer": "DESKTOP-OFJ6N53", "TimeCreated": "2025-05-10 08:40:52.153383+00:00", "RecordID": "11931", "Level": "4", "UserID": "S-1-5-19", "EventData.TimeSource": "time.windows.com,0x9 (ntp.m|0x9|0.0.0.0:123->104.40.149.189:123)", "EventData.TimeSourceRefId": "0x682895BD", "EventData.LocalStratumNumber": "4", "EventData.TickCount": "1497624812"}
{"EventID": "266", "Channel": "Microsoft-Windows-Time-Service/Operational", "Provider_Name": "Microsoft-Windows-Time-Service", "Computer": "DESKTOP-OFJ6N53", "TimeCreated": "2025-05-10 08:40:52.153389+00:00", "RecordID": "11932", "Level": "4", "UserID": "S-1-5-19", "EventData.ReasonCode": "3", "EventData.TickCount": "1497624812"}
{"EventID": "261", "Channel": "Microsoft-Windows-Time-Service/Operational", "Provider_Name": "Microsoft-Windows-Time-Service", "Computer": "DESKTOP-OFJ6N53", "TimeCreated": "2025-05-10 08:40:52.153877+00:00", "RecordID": "11933", "Level": "4", "UserID": "S-1-5-19", "EventData.NewTime": "2025-05-10T08:40:52.153Z", "EventData.OldTime": "2025-05-10T08:40:52.152Z", "EventData.TickCount": "1497624812"}
{"EventID": "261", "Channel": "Microsoft-Windows-Time-Service/Operational", "Provider_Name": "Microsoft-Windows-Time-Service", "Computer": "DESKTOP-OFJ6N53", "TimeCreated": "2025-05-10 08:40:52.154461+00:00", "RecordID": "11934", "Level": "4", "UserID": "S-1-5-19", "EventData.NewTime": "2025-05-10T08:40:52.154Z", "EventData.OldTime": "2025-05-10T08:40:52.153Z", "EventData.TickCount": "1497624812"}
{"EventID": "258", "Channel": "Microsoft-Windows-Time-Service/Operational", "Provider_Name": "Microsoft-Windows-Time-Service", "Computer": "DESKTOP-OFJ6N53", "TimeCreated": "2025-05-10 08:40:52.156008+00:00", "RecordID": "11935", "Level": "4", "UserID": "S-1-5-19", "EventData.CurrentTime(UTC)": "2025-05-10T08:40:52.155Z", "EventData.TickCount": "1497624812", "EventData.ErrorMessage": "0x00000000: Успешно."}
{"EventID": "272", "Channel": "Microsoft-Windows-Time-Service/Operational", "Provider_Name": "Microsoft-Windows-Time-Service", "Computer": "DESKTOP-OFJ6N53", "TimeCreated": "2025-05-11 08:40:34.507471+00:00", "RecordID": "11936", "Level": "4", "UserID": "S-1-5-19", "EventData.Enabled": "1", "EventData.LeapSecondCount": "0", "EventData.CurrentUtcOffset": "0", "EventData.RuntimeStateAndSettingsConsistent": "1", "EventData.NewestLeapSecondsList": null, "EventData.TickCount": "1584007171"}
{"EventID": "257", "Channel": "Microsoft-Windows-Time-Service/Operational", "Provider_Name": "Microsoft-Windows-Time-Service", "Computer": "DESKTOP-OFJ6N53", "TimeCreated": "2025-05-11 08:40:34.524527+00:00", "RecordID": "11937", "Level": "4", "UserID": "S-1-5-19", "EventData.CurrentTime(UTC)": "2025-05-11T08:40:34.524Z", "EventData.TickCount": "1584007171", "EventData.Configuration": "EventLogFlags: 2 (Локальный)\nAnnounceFlags: 10 (Локальный)\nTimeJumpAuditOffset: 28800 (Локальный)\nMinPollInterval: 10 (Локальный)\nMaxPollInterval: 15 (Локальный)\nMaxNegPhaseCorrection: 54000 (Локальный)\nMaxPosPhaseCorrection: 54000 (Локальный)\nMaxAllowedPhaseOffset: 1 (Локальный)\n\nFrequencyCorrectRate: 4 (Локальный)\nPollAdjustFactor: 5 (Локальный)\nLargePhaseOffset: 50000000 (Локальный)\nSpikeWatchPeriod: 900 (Локальный)\nLocalClockDispersion: 10 (Локальный)\nHoldPeriod: 5 (Локальный)\nPhaseCorrectRate: 1 (Локальный)\nUpdateInterval: 360000 (Локальный)\n\nFileLogName:  (Не определен или не используется)\nFileLogEntries:  (Не определен или не используется)\nFileLogSize: 0 (Не определен или не используется)\nFileLogFlags: 0 (Не определен или не используется)\n\nUtilizeSslTimeData: 1 (Локальный)\n\n[Leap Seconds]\nEnabled: 1 (Local)\nTotal Leap Seconds (after June 2018): 0 (Local)\nCurrent UTC offset: 0 (Local)", "EventData.TimeProviders": "NtpClient (Локальный)\nDllName: C:\\Windows\\system32\\w32time.dll (Локальный)\nEnabled: 1 (Локальный)\nInputProvider: 1 (Локальный)\nCrossSiteSyncFlags: 0 (Не определен или не используется)\nAllowNonstandardModeCombinations: 1 (Локальный)\nResolvePeerBackoffMinutes: 15 (Локальный)\nResolvePeerBackoffMaxTimes: 7 (Локальный)\nCompatibilityFlags: 2147483648 (Локальный)\nEventLogFlags: 1 (Локальный)\nLargeSampleSkew: 3 (Локальный)\nSpecialPollInterval: 32768 (Локальный)\nType: NTP (Локальный)\nNtpServer: time.windows.com,0x9 (Локальный)\n\nVMICTimeProvider (Локальный)\nDllName: C:\\Windows\\System32\\vmictimeprovider.dll (Локальный)\nEnabled: 1 (Локальный)\nInputProvider: 1 (Локальный)\n\nNtpServer (Локальный)\nDllName: C:\\Windows\\system32\\w32time.dll (Локальный)\nEnabled: 0 (Локальный)\nInputProvider: 0 (Локальный)", "EventData.ClockRate": "156250"}
{"EventID": "266", "Channel": "Microsoft-Windows-Time-Service/Operational", "Provider_Name": "Microsoft-Windows-Time-Service", "Computer": "DESKTOP-OFJ6N53", "TimeCreated": "2025-05-11 08:40:34.526932+00:00", "RecordID": "11938", "Level": "4", "UserID": "S-1-5-19", "EventData.ReasonCode": "2", "EventData.TickCount": "1584007187"}
{"EventID": "264", "Channel": "Microsoft-Windows-Time-Service/Operational", "Provider_Name": "Microsoft-Windows-Time-Service", "Computer": "DESKTOP-OFJ6N53", "TimeCreated": "2025-05-11 08:40:36.102697+00:00", "RecordID": "11939", "Level": "4", "UserID": "S-1-5-19", "EventData.AllNtpServers": "time.windows.com,0x9 (ntp.m|0x9|0.0.0.0:123->104.40.149.189:123);", "EventData.TickCount": "1584008765"}
{"EventID": "261", "Channel": "Microsoft-Windows-Time-Service/Operational", "Provider_Name": "Microsoft-Windows-Time-Service", "Computer": "DESKTOP-OFJ6N53", "TimeCreated": "2025-05-11 08:40:52.204580+00:00", "RecordID": "11940", "Level": "4", "UserID": "S-1-5-19", "EventData.NewTime": "2025-05-11T08:40:52.203Z", "EventData.OldTime": "2025-05-11T08:40:50.552Z", "EventData.TickCount": "1584023218"}
{"EventID": "266", "Channel": "Microsoft-Windows-Time-Service/Operational", "Provider_Name": "Microsoft-Windows-Time-Service", "Computer": "DESKTOP-OFJ6N53", "TimeCreated": "2025-05-11 08:40:52.206034+00:00", "RecordID": "11941", "Level": "4", "UserID": "S-1-5-19", "EventData.ReasonCode": "3", "EventData.TickCount": "1584023218"}
{"EventID": "265", "Channel": "Microsoft-Windows-Time-Service/Operational", "Provider_Name": "Microsoft-Windows-Time-Service", "Computer": "DESKTOP-OFJ6N53", "TimeCreated": "2025-05-11 08:40:52.206186+00:00", "RecordID": "11942", "Level": "4", "UserID": "S-1-5-19", "EventData.TimeSource": "time.windows.com,0x9 (ntp.m|0x9|0.0.0.0:123->104.40.149.189:123)", "EventData.TimeSourceRefId": "0x682895BD", "EventData.LocalStratumNumber": "4", "EventData.TickCount": "1584023218"}
{"EventID": "261", "Channel": "Microsoft-Windows-Time-Service/Operational", "Provider_Name": "Microsoft-Windows-Time-Service", "Computer": "DESKTOP-OFJ6N53", "TimeCreated": "2025-05-11 08:40:52.206770+00:00", "RecordID": "11943", "Level": "4", "UserID": "S-1-5-19", "EventData.NewTime": "2025-05-11T08:40:52.206Z", "EventData.OldTime": "2025-05-11T08:40:52.205Z", "EventData.TickCount": "1584023218"}
{"EventID": "261", "Channel": "Microsoft-Windows-Time-Service/Operational", "Provider_Name": "Microsoft-Windows-Time-Service", "Computer": "DESKTOP-OFJ6N53", "TimeCreated": "2025-05-11 08:40:52.208776+00:00", "RecordID": "11944", "Level": "4", "UserID": "S-1-5-19", "EventData.NewTime": "2025-05-11T08:40:52.208Z", "EventData.OldTime": "2025-05-11T08:40:52.206Z", "EventData.TickCount": "1584023218"}
{"EventID": "258", "Channel": "Microsoft-Windows-Time-Service/Operational", "Provider_Name": "Microsoft-Windows-Time-Service", "Computer": "DESKTOP-OFJ6N53", "TimeCreated": "2025-05-11 08:40:52.222254+00:00", "RecordID": "11945", "Level": "4", "UserID": "S-1-5-19", "EventData.CurrentTime(UTC)": "2025-05-11T08:40:52.222Z", "EventData.TickCount": "1584023234", "EventData.ErrorMessage": "0x00000000: Успешно."}
{"EventID": "272", "Channel": "Microsoft-Windows-Time-Service/Operational", "Provider_Name": "Microsoft-Windows-Time-Service", "Computer": "DESKTOP-OFJ6N53", "TimeCreated": "2025-05-12 08:40:35.598450+00:00", "RecordID": "11946", "Level": "4", "UserID": "S-1-5-19", "EventData.Enabled": "1", "EventData.LeapSecondCount": "0", "EventData.CurrentUtcOffset": "0", "EventData.RuntimeStateAndSettingsConsistent": "1", "EventData.NewestLeapSecondsList": null, "EventData.TickCount": "1670406609"}
{"EventID": "257", "Channel": "Microsoft-Windows-Time-Service/Operational", "Provider_Name": "Microsoft-Windows-Time-Service", "Computer": "DESKTOP-OFJ6N53", "TimeCreated": "2025-05-12 08:40:35.614605+00:00", "RecordID": "11947", "Level": "4", "UserID": "S-1-5-19", "EventData.CurrentTime(UTC)": "2025-05-12T08:40:35.614Z", "EventData.TickCount": "1670406609", "EventData.Configuration": "EventLogFlags: 2 (Локальный)\nAnnounceFlags: 10 (Локальный)\nTimeJumpAuditOffset: 28800 (Локальный)\nMinPollInterval: 10 (Локальный)\nMaxPollInterval: 15 (Локальный)\nMaxNegPhaseCorrection: 54000 (Локальный)\nMaxPosPhaseCorrection: 54000 (Локальный)\nMaxAllowedPhaseOffset: 1 (Локальный)\n\nFrequencyCorrectRate: 4 (Локальный)\nPollAdjustFactor: 5 (Локальный)\nLargePhaseOffset: 50000000 (Локальный)\nSpikeWatchPeriod: 900 (Локальный)\nLocalClockDispersion: 10 (Локальный)\nHoldPeriod: 5 (Локальный)\nPhaseCorrectRate: 1 (Локальный)\nUpdateInterval: 360000 (Локальный)\n\nFileLogName:  (Не определен или не используется)\nFileLogEntries:  (Не определен или не используется)\nFileLogSize: 0 (Не определен или не используется)\nFileLogFlags: 0 (Не определен или не используется)\n\nUtilizeSslTimeData: 1 (Локальный)\n\n[Leap Seconds]\nEnabled: 1 (Local)\nTotal Leap Seconds (after June 2018): 0 (Local)\nCurrent UTC offset: 0 (Local)", "EventData.TimeProviders": "NtpClient (Локальный)\nDllName: C:\\Windows\\system32\\w32time.dll (Локальный)\nEnabled: 1 (Локальный)\nInputProvider: 1 (Локальный)\nCrossSiteSyncFlags: 0 (Не определен или не используется)\nAllowNonstandardModeCombinations: 1 (Локальный)\nResolvePeerBackoffMinutes: 15 (Локальный)\nResolvePeerBackoffMaxTimes: 7 (Локальный)\nCompatibilityFlags: 2147483648 (Локальный)\nEventLogFlags: 1 (Локальный)\nLargeSampleSkew: 3 (Локальный)\nSpecialPollInterval: 32768 (Локальный)\nType: NTP (Локальный)\nNtpServer: time.windows.com,0x9 (Локальный)\n\nVMICTimeProvider (Локальный)\nDllName: C:\\Windows\\System32\\vmictimeprovider.dll (Локальный)\nEnabled: 1 (Локальный)\nInputProvider: 1 (Локальный)\n\nNtpServer (Локальный)\nDllName: C:\\Windows\\system32\\w32time.dll (Локальный)\nEnabled: 0 (Локальный)\nInputProvider: 0 (Локальный)", "EventData.ClockRate": "156250"}
{"EventID": "266", "Channel": "Microsoft-Windows-Time-Service/Operational", "Provider_Name": "Microsoft-Windows-Time-Service", "Computer": "DESKTOP-OFJ6N53", "TimeCreated": "2025-05-12 08:40:35.614975+00:00", "RecordID": "11948", "Level": "4", "UserID": "S-1-5-19", "EventData.ReasonCode": "2", "EventData.TickCount": "1670406625"}
{"EventID": "264", "Channel": "Microsoft-Windows-Time-Service/Operational", "Provider_Name": "Microsoft-Windows-Time-Service", "Computer": "DESKTOP-OFJ6N53", "TimeCreated": "2025-05-12 08:40:37.187567+00:00", "RecordID": "11949", "Level": "4", "UserID": "S-1-5-19", "EventData.AllNtpServers": "time.windows.com,0x9 (ntp.m|0x9|0.0.0.0:123->104.40.149.189:123);", "EventData.TickCount": "1670408203"}
{"EventID": "261", "Channel": "Microsoft-Windows-Time-Service/Operational", "Provider_Name": "Microsoft-Windows-Time-Service", "Computer": "DESKTOP-OFJ6N53", "TimeCreated": "2025-05-12 08:40:53.124113+00:00", "RecordID": "11950", "Level": "4", "UserID": "S-1-5-19", "EventData.NewTime": "2025-05-12T08:40:53.122Z", "EventData.OldTime": "2025-05-12T08:40:51.634Z", "EventData.TickCount": "1670422656"}
{"EventID": "265", "Channel": "Microsoft-Windows-Time-Service/Operational", "Provider_Name": "Microsoft-Windows-Time-Service", "Computer": "DESKTOP-OFJ6N53", "TimeCreated": "2025-05-12 08:40:53.125786+00:00", "RecordID": "11951", "Level": "4", "UserID": "S-1-5-19", "EventData.TimeSource": "time.windows.com,0x9 (ntp.m|0x9|0.0.0.0:123->104.40.149.189:123)", "EventData.TimeSourceRefId": "0x682895BD", "EventData.LocalStratumNumber": "4", "EventData.TickCount": "1670422656"}
{"EventID": "266", "Channel": "Microsoft-Windows-Time-Service/Operational", "Provider_Name": "Microsoft-Windows-Time-Service", "Computer": "DESKTOP-OFJ6N53", "TimeCreated": "2025-05-12 08:40:53.125816+00:00", "RecordID": "11952", "Level": "4", "UserID": "S-1-5-19", "EventData.ReasonCode": "3", "EventData.TickCount": "1670422656"}
{"EventID": "261", "Channel": "Microsoft-Windows-Time-Service/Operational", "Provider_Name": "Microsoft-Windows-Time-Service", "Computer": "DESKTOP-OFJ6N53", "TimeCreated": "2025-05-12 08:40:53.126266+00:00", "RecordID": "11953", "Level": "4", "UserID": "S-1-5-19", "EventData.NewTime": "2025-05-12T08:40:53.125Z", "EventData.OldTime": "2025-05-12T08:40:53.122Z", "EventData.TickCount": "1670422656"}
{"EventID": "261", "Channel": "Microsoft-Windows-Time-Service/Operational", "Provider_Name": "Microsoft-Windows-Time-Service", "Computer": "DESKTOP-OFJ6N53", "TimeCreated": "2025-05-12 08:40:53.127733+00:00", "RecordID": "11954", "Level": "4", "UserID": "S-1-5-19", "EventData.NewTime": "2025-05-12T08:40:53.127Z", "EventData.OldTime": "2025-05-12T08:40:53.125Z", "EventData.TickCount": "1670422656"}
{"EventID": "258", "Channel": "Microsoft-Windows-Time-Service/Operational", "Provider_Name": "Microsoft-Windows-Time-Service", "Computer": "DESKTOP-OFJ6N53", "TimeCreated": "2025-05-12 08:40:53.136896+00:00", "RecordID": "11955", "Level": "4", "UserID": "S-1-5-19", "EventData.CurrentTime(UTC)": "2025-05-12T08:40:53.136Z", "EventData.TickCount": "1670422671", "EventData.ErrorMessage": "0x00000000: Успешно."}
{"EventID": "272", "Channel": "Microsoft-Windows-Time-Service/Operational", "Provider_Name": "Microsoft-Windows-Time-Service", "Computer": "DESKTOP-OFJ6N53", "TimeCreated": "2025-05-13 08:40:34.252237+00:00", "RecordID": "11956", "Level": "4", "UserID": "S-1-5-19", "EventData.Enabled": "1", "EventData.LeapSecondCount": "0", "EventData.CurrentUtcOffset": "0", "EventData.RuntimeStateAndSettingsConsistent": "1", "EventData.NewestLeapSecondsList": null, "EventData.TickCount": "1756803781"}
{"EventID": "257", "Channel": "Microsoft-Windows-Time-Service/Operational", "Provider_Name": "Microsoft-Windows-Time-Service", "Computer": "DESKTOP-OFJ6N53", "TimeCreated": "2025-05-13 08:40:34.267849+00:00", "RecordID": "11957", "Level": "4", "UserID": "S-1-5-19", "EventData.CurrentTime(UTC)": "2025-05-13T08:40:34.267Z", "EventData.TickCount": "1756803781", "EventData.Configuration": "EventLogFlags: 2 (Локальный)\nAnnounceFlags: 10 (Локальный)\nTimeJumpAuditOffset: 28800 (Локальный)\nMinPollInterval: 10 (Локальный)\nMaxPollInterval: 15 (Локальный)\nMaxNegPhaseCorrection: 54000 (Локальный)\nMaxPosPhaseCorrection: 54000 (Локальный)\nMaxAllowedPhaseOffset: 1 (Локальный)\n\nFrequencyCorrectRate: 4 (Локальный)\nPollAdjustFactor: 5 (Локальный)\nLargePhaseOffset: 50000000 (Локальный)\nSpikeWatchPeriod: 900 (Локальный)\nLocalClockDispersion: 10 (Локальный)\nHoldPeriod: 5 (Локальный)\nPhaseCorrectRate: 1 (Локальный)\nUpdateInterval: 360000 (Локальный)\n\nFileLogName:  (Не определен или не используется)\nFileLogEntries:  (Не определен или не используется)\nFileLogSize: 0 (Не определен или не используется)\nFileLogFlags: 0 (Не определен или не используется)\n\nUtilizeSslTimeData: 1 (Локальный)\n\n[Leap Seconds]\nEnabled: 1 (Local)\nTotal Leap Seconds (after June 2018): 0 (Local)\nCurrent UTC offset: 0 (Local)", "EventData.TimeProviders": "NtpClient (Локальный)\nDllName: C:\\Windows\\system32\\w32time.dll (Локальный)\nEnabled: 1 (Локальный)\nInputProvider: 1 (Локальный)\nCrossSiteSyncFlags: 0 (Не определен или не используется)\nAllowNonstandardModeCombinations: 1 (Локальный)\nResolvePeerBackoffMinutes: 15 (Локальный)\nResolvePeerBackoffMaxTimes: 7 (Локальный)\nCompatibilityFlags: 2147483648 (Локальный)\nEventLogFlags: 1 (Локальный)\nLargeSampleSkew: 3 (Локальный)\nSpecialPollInterval: 32768 (Локальный)\nType: NTP (Локальный)\nNtpServer: time.windows.com,0x9 (Локальный)\n\nVMICTimeProvider (Локальный)\nDllName: C:\\Windows\\System32\\vmictimeprovider.dll (Локальный)\nEnabled: 1 (Локальный)\nInputProvider: 1 (Локальный)\n\nNtpServer (Локальный)\nDllName: C:\\Windows\\system32\\w32time.dll (Локальный)\nEnabled: 0 (Локальный)\nInputProvider: 0 (Локальный)", "EventData.ClockRate": "156250"}
{"EventID": "266", "Channel": "Microsoft-Windows-Time-Service/Operational", "Provider_Name": "Microsoft-Windows-Time-Service", "Computer": "DESKTOP-OFJ6N53", "TimeCreated": "2025-05-13 08:40:34.268261+00:00", "RecordID": "11958", "Level": "4", "UserID": "S-1-5-19", "EventData.ReasonCode": "2", "EventData.TickCount": "1756803796"}
{"EventID": "264", "Channel": "Microsoft-Windows-Time-Service/Operational", "Provider_Name": "Microsoft-Windows-Time-Service", "Computer": "DESKTOP-OFJ6N53", "TimeCreated": "2025-05-13 08:40:35.892189+00:00", "RecordID": "11959", "Level": "4", "UserID": "S-1-5-19", "EventData.AllNtpServers": "time.windows.com,0x9 (ntp.m|0x9|0.0.0.0:123->104.40.149.189:123);", "EventData.TickCount": "1756805406"}
{"EventID": "261", "Channel": "Microsoft-Windows-Time-Service/Operational", "Provider_Name": "Microsoft-Windows-Time-Service", "Computer": "DESKTOP-OFJ6N53", "TimeCreated": "2025-05-13 08:40:51.838123+00:00", "RecordID": "11960", "Level": "4", "UserID": "S-1-5-19", "EventData.NewTime": "2025-05-13T08:40:51.837Z", "EventData.OldTime": "2025-05-13T08:40:50.349Z", "EventData.TickCount": "1756819875"}
{"EventID": "265", "Channel": "Microsoft-Windows-Time-Service/Operational", "Provider_Name": "Microsoft-Windows-Time-Service", "Computer": "DESKTOP-OFJ6N53", "TimeCreated": "2025-05-13 08:40:51.840624+00:00", "RecordID": "11961", "Level": "4", "UserID": "S-1-5-19", "EventData.TimeSource": "time.windows.com,0x9 (ntp.m|0x9|0.0.0.0:123->104.40.149.189:123)", "EventData.TimeSourceRefId": "0x682895BD", "EventData.LocalStratumNumber": "4", "EventData.TickCount": "1756819875"}
{"EventID": "266", "Channel": "Microsoft-Windows-Time-Service/Operational", "Provider_Name": "Microsoft-Windows-Time-Service", "Computer": "DESKTOP-OFJ6N53", "TimeCreated": "2025-05-13 08:40:51.840639+00:00", "RecordID": "11962", "Level": "4", "UserID": "S-1-5-19", "EventData.ReasonCode": "3", "EventData.TickCount": "1756819875"}
{"EventID": "261", "Channel": "Microsoft-Windows-Time-Service/Operational", "Provider_Name": "Microsoft-Windows-Time-Service", "Computer": "DESKTOP-OFJ6N53", "TimeCreated": "2025-05-13 08:40:51.841074+00:00", "RecordID": "11963", "Level": "4", "UserID": "S-1-5-19", "EventData.NewTime": "2025-05-13T08:40:51.840Z", "EventData.OldTime": "2025-05-13T08:40:51.837Z", "EventData.TickCount": "1756819875"}
{"EventID": "261", "Channel": "Microsoft-Windows-Time-Service/Operational", "Provider_Name": "Microsoft-Windows-Time-Service", "Computer": "DESKTOP-OFJ6N53", "TimeCreated": "2025-05-13 08:40:51.842606+00:00", "RecordID": "11964", "Level": "4", "UserID": "S-1-5-19", "EventData.NewTime": "2025-05-13T08:40:51.842Z", "EventData.OldTime": "2025-05-13T08:40:51.840Z", "EventData.TickCount": "1756819875"}
{"EventID": "258", "Channel": "Microsoft-Windows-Time-Service/Operational", "Provider_Name": "Microsoft-Windows-Time-Service", "Computer": "DESKTOP-OFJ6N53", "TimeCreated": "2025-05-13 08:40:51.847677+00:00", "RecordID": "11965", "Level": "4", "UserID": "S-1-5-19", "EventData.CurrentTime(UTC)": "2025-05-13T08:40:51.847Z", "EventData.TickCount": "1756819875", "EventData.ErrorMessage": "0x00000000: Успешно."}
{"EventID": "272", "Channel": "Microsoft-Windows-Time-Service/Operational", "Provider_Name": "Microsoft-Windows-Time-Service", "Computer": "DESKTOP-OFJ6N53", "TimeCreated": "2025-05-14 08:40:33.685375+00:00", "RecordID": "11966", "Level": "4", "UserID": "S-1-5-19", "EventData.Enabled": "1", "EventData.LeapSecondCount": "0", "EventData.CurrentUtcOffset": "0", "EventData.RuntimeStateAndSettingsConsistent": "1", "EventData.NewestLeapSecondsList": null, "EventData.TickCount": "1843201718"}
{"EventID": "257", "Channel": "Microsoft-Windows-Time-Service/Operational", "Provider_Name": "Microsoft-Windows-Time-Service", "Computer": "DESKTOP-OFJ6N53", "TimeCreated": "2025-05-14 08:40:33.747768+00:00", "RecordID": "11967", "Level": "4", "UserID": "S-1-5-19", "EventData.CurrentTime(UTC)": "2025-05-14T08:40:33.747Z", "EventData.TickCount": "1843201718", "EventData.Configuration": "EventLogFlags: 2 (Локальный)\nAnnounceFlags: 10 (Локальный)\nTimeJumpAuditOffset: 28800 (Локальный)\nMinPollInterval: 10 (Локальный)\nMaxPollInterval: 15 (Локальный)\nMaxNegPhaseCorrection: 54000 (Локальный)\nMaxPosPhaseCorrection: 54000 (Локальный)\nMaxAllowedPhaseOffset: 1 (Локальный)\n\nFrequencyCorrectRate: 4 (Локальный)\nPollAdjustFactor: 5 (Локальный)\nLargePhaseOffset: 50000000 (Локальный)\nSpikeWatchPeriod: 900 (Локальный)\nLocalClockDispersion: 10 (Локальный)\nHoldPeriod: 5 (Локальный)\nPhaseCorrectRate: 1 (Локальный)\nUpdateInterval: 360000 (Локальный)\n\nFileLogName:  (Не определен или не используется)\nFileLogEntries:  (Не определен или не используется)\nFileLogSize: 0 (Не определен или не используется)\nFileLogFlags: 0 (Не определен или не используется)\n\nUtilizeSslTimeData: 1 (Локальный)\n\n[Leap Seconds]\nEnabled: 1 (Local)\nTotal Leap Seconds (after June 2018): 0 (Local)\nCurrent UTC offset: 0 (Local)", "EventData.TimeProviders": "NtpClient (Локальный)\nDllName: C:\\Windows\\system32\\w32time.dll (Локальный)\nEnabled: 1 (Локальный)\nInputProvider: 1 (Локальный)\nCrossSiteSyncFlags: 0 (Не определен или не используется)\nAllowNonstandardModeCombinations: 1 (Локальный)\nResolvePeerBackoffMinutes: 15 (Локальный)\nResolvePeerBackoffMaxTimes: 7 (Локальный)\nCompatibilityFlags: 2147483648 (Локальный)\nEventLogFlags: 1 (Локальный)\nLargeSampleSkew: 3 (Локальный)\nSpecialPollInterval: 32768 (Локальный)\nType: NTP (Локальный)\nNtpServer: time.windows.com,0x9 (Локальный)\n\nVMICTimeProvider (Локальный)\nDllName: C:\\Windows\\System32\\vmictimeprovider.dll (Локальный)\nEnabled: 1 (Локальный)\nInputProvider: 1 (Локальный)\n\nNtpServer (Локальный)\nDllName: C:\\Windows\\system32\\w32time.dll (Локальный)\nEnabled: 0 (Локальный)\nInputProvider: 0 (Локальный)", "EventData.ClockRate": "156250"}
{"EventID": "266", "Channel": "Microsoft-Windows-Time-Service/Operational", "Provider_Name": "Microsoft-Windows-Time-Service", "Computer": "DESKTOP-OFJ6N53", "TimeCreated": "2025-05-14 08:40:33.748186+00:00", "RecordID": "11968", "Level": "4", "UserID": "S-1-5-19", "EventData.ReasonCode": "2", "EventData.TickCount": "1843201781"}
{"EventID": "264", "Channel": "Microsoft-Windows-Time-Service/Operational", "Provider_Name": "Microsoft-Windows-Time-Service", "Computer": "DESKTOP-OFJ6N53", "TimeCreated": "2025-05-14 08:40:35.363453+00:00", "RecordID": "11969", "Level": "4", "UserID": "S-1-5-19", "EventData.AllNtpServers": "time.windows.com,0x9 (ntp.m|0x9|0.0.0.0:123->104.40.149.189:123);", "EventData.TickCount": "1843203406"}
{"EventID": "261", "Channel": "Microsoft-Windows-Time-Service/Operational", "Provider_Name": "Microsoft-Windows-Time-Service", "Computer": "DESKTOP-OFJ6N53", "TimeCreated": "2025-05-14 08:40:51.307961+00:00", "RecordID": "11970", "Level": "4", "UserID": "S-1-5-19", "EventData.NewTime": "2025-05-14T08:40:51.306Z", "EventData.OldTime": "2025-05-14T08:40:49.813Z", "EventData.TickCount": "1843217859"}
{"EventID": "266", "Channel": "Microsoft-Windows-Time-Service/Operational", "Provider_Name": "Microsoft-Windows-Time-Service", "Computer": "DESKTOP-OFJ6N53", "TimeCreated": "2025-05-14 08:40:51.309332+00:00", "RecordID": "11971", "Level": "4", "UserID": "S-1-5-19", "EventData.ReasonCode": "3", "EventData.TickCount": "1843217859"}
{"EventID": "265", "Channel": "Microsoft-Windows-Time-Service/Operational", "Provider_Name": "Microsoft-Windows-Time-Service", "Computer": "DESKTOP-OFJ6N53", "TimeCreated": "2025-05-14 08:40:51.309345+00:00", "RecordID": "11972", "Level": "4", "UserID": "S-1-5-19", "EventData.TimeSource": "time.windows.com,0x9 (ntp.m|0x9|0.0.0.0:123->104.40.149.189:123)", "EventData.TimeSourceRefId": "0x682895BD", "EventData.LocalStratumNumber": "4", "EventData.TickCount": "1843217859"}
{"EventID": "261", "Channel": "Microsoft-Windows-Time-Service/Operational", "Provider_Name": "Microsoft-Windows-Time-Service", "Computer": "DESKTOP-OFJ6N53", "TimeCreated": "2025-05-14 08:40:51.309847+00:00", "RecordID": "11973", "Level": "4", "UserID": "S-1-5-19", "EventData.NewTime": "2025-05-14T08:40:51.309Z", "EventData.OldTime": "2025-05-14T08:40:51.306Z", "EventData.TickCount": "1843217859"}
{"EventID": "261", "Channel": "Microsoft-Windows-Time-Service/Operational", "Provider_Name": "Microsoft-Windows-Time-Service", "Computer": "DESKTOP-OFJ6N53", "TimeCreated": "2025-05-14 08:40:51.311369+00:00", "RecordID": "11974", "Level": "4", "UserID": "S-1-5-19", "EventData.NewTime": "2025-05-14T08:40:51.311Z", "EventData.OldTime": "2025-05-14T08:40:51.309Z", "EventData.TickCount": "1843217859"}
{"EventID": "258", "Channel": "Microsoft-Windows-Time-Service/Operational", "Provider_Name": "Microsoft-Windows-Time-Service", "Computer": "DESKTOP-OFJ6N53", "TimeCreated": "2025-05-14 08:40:51.317331+00:00", "RecordID": "11975", "Level": "4", "UserID": "S-1-5-19", "EventData.CurrentTime(UTC)": "2025-05-14T08:40:51.317Z", "EventData.TickCount": "1843217859", "EventData.ErrorMessage": "0x00000000: Успешно."}
{"EventID": "272", "Channel": "Microsoft-Windows-Time-Service/Operational", "Provider_Name": "Microsoft-Windows-Time-Service", "Computer": "DESKTOP-OFJ6N53", "TimeCreated": "2025-05-15 08:42:08.614882+00:00", "RecordID": "11976", "Level": "4", "UserID": "S-1-5-19", "EventData.Enabled": "1", "EventData.LeapSecondCount": "0", "EventData.CurrentUtcOffset": "0", "EventData.RuntimeStateAndSettingsConsistent": "1", "EventData.NewestLeapSecondsList": null, "EventData.TickCount": "64817359"}
{"EventID": "257", "Channel": "Microsoft-Windows-Time-Service/Operational", "Provider_Name": "Microsoft-Windows-Time-Service", "Computer": "DESKTOP-OFJ6N53", "TimeCreated": "2025-05-15 08:42:08.637167+00:00", "RecordID": "11977", "Level": "4", "UserID": "S-1-5-19", "EventData.CurrentTime(UTC)": "2025-05-15T08:42:08.637Z", "EventData.TickCount": "64817359", "EventData.Configuration": "EventLogFlags: 2 (Локальный)\nAnnounceFlags: 10 (Локальный)\nTimeJumpAuditOffset: 28800 (Локальный)\nMinPollInterval: 10 (Локальный)\nMaxPollInterval: 15 (Локальный)\nMaxNegPhaseCorrection: 54000 (Локальный)\nMaxPosPhaseCorrection: 54000 (Локальный)\nMaxAllowedPhaseOffset: 1 (Локальный)\n\nFrequencyCorrectRate: 4 (Локальный)\nPollAdjustFactor: 5 (Локальный)\nLargePhaseOffset: 50000000 (Локальный)\nSpikeWatchPeriod: 900 (Локальный)\nLocalClockDispersion: 10 (Локальный)\nHoldPeriod: 5 (Локальный)\nPhaseCorrectRate: 1 (Локальный)\nUpdateInterval: 360000 (Локальный)\n\nFileLogName:  (Не определен или не используется)\nFileLogEntries:  (Не определен или не используется)\nFileLogSize: 0 (Не определен или не используется)\nFileLogFlags: 0 (Не определен или не используется)\n\nUtilizeSslTimeData: 1 (Локальный)\n\n[Leap Seconds]\nEnabled: 1 (Local)\nTotal Leap Seconds (after June 2018): 0 (Local)\nCurrent UTC offset: 0 (Local)", "EventData.TimeProviders": "NtpClient (Локальный)\nDllName: C:\\Windows\\system32\\w32time.dll (Локальный)\nEnabled: 1 (Локальный)\nInputProvider: 1 (Локальный)\nCrossSiteSyncFlags: 0 (Не определен или не используется)\nAllowNonstandardModeCombinations: 1 (Локальный)\nResolvePeerBackoffMinutes: 15 (Локальный)\nResolvePeerBackoffMaxTimes: 7 (Локальный)\nCompatibilityFlags: 2147483648 (Локальный)\nEventLogFlags: 1 (Локальный)\nLargeSampleSkew: 3 (Локальный)\nSpecialPollInterval: 32768 (Локальный)\nType: NTP (Локальный)\nNtpServer: time.windows.com,0x9 (Локальный)\n\nVMICTimeProvider (Локальный)\nDllName: C:\\Windows\\System32\\vmictimeprovider.dll (Локальный)\nEnabled: 1 (Локальный)\nInputProvider: 1 (Локальный)\n\nNtpServer (Локальный)\nDllName: C:\\Windows\\system32\\w32time.dll (Локальный)\nEnabled: 0 (Локальный)\nInputProvider: 0 (Локальный)", "EventData.ClockRate": "156250"}
{"EventID": "266", "Channel": "Microsoft-Windows-Time-Service/Operational", "Provider_Name": "Microsoft-Windows-Time-Service", "Computer": "DESKTOP-OFJ6N53", "TimeCreated": "2025-05-15 08:42:08.637564+00:00", "RecordID": "11978", "Level": "4", "UserID": "S-1-5-19", "EventData.ReasonCode": "2", "EventData.TickCount": "64817390"}
{"EventID": "264", "Channel": "Microsoft-Windows-Time-Service/Operational", "Provider_Name": "Microsoft-Windows-Time-Service", "Computer": "DESKTOP-OFJ6N53", "TimeCreated": "2025-05-15 08:42:10.203577+00:00", "RecordID": "11979", "Level": "4", "UserID": "S-1-5-19", "EventData.AllNtpServers": "time.windows.com,0x9 (ntp.m|0x9|0.0.0.0:123->20.101.57.9:123);", "EventData.TickCount": "64818953"}
{"EventID": "265", "Channel": "Microsoft-Windows-Time-Service/Operational", "Provider_Name": "Microsoft-Windows-Time-Service", "Computer": "DESKTOP-OFJ6N53", "TimeCreated": "2025-05-15 08:42:24.653210+00:00", "RecordID": "11980", "Level": "4", "UserID": "S-1-5-19", "EventData.TimeSource": "time.windows.com,0x9 (ntp.m|0x9|0.0.0.0:123->20.101.57.9:123)", "EventData.TimeSourceRefId": "0x14653909", "EventData.LocalStratumNumber": "4", "EventData.TickCount": "64833406"}
{"EventID": "261", "Channel": "Microsoft-Windows-Time-Service/Operational", "Provider_Name": "Microsoft-Windows-Time-Service", "Computer": "DESKTOP-OFJ6N53", "TimeCreated": "2025-05-15 08:42:24.654099+00:00", "RecordID": "11981", "Level": "4", "UserID": "S-1-5-19", "EventData.NewTime": "2025-05-15T08:42:24.653Z", "EventData.OldTime": "2025-05-15T08:42:24.652Z", "EventData.TickCount": "64833406"}
{"EventID": "258", "Channel": "Microsoft-Windows-Time-Service/Operational", "Provider_Name": "Microsoft-Windows-Time-Service", "Computer": "DESKTOP-OFJ6N53", "TimeCreated": "2025-05-15 08:42:24.657091+00:00", "RecordID": "11982", "Level": "4", "UserID": "S-1-5-19", "EventData.CurrentTime(UTC)": "2025-05-15T08:42:24.657Z", "EventData.TickCount": "64833406", "EventData.ErrorMessage": "0x00000000: Успешно."}
{"EventID": "272", "Channel": "Microsoft-Windows-Time-Service/Operational", "Provider_Name": "Microsoft-Windows-Time-Service", "Computer": "DESKTOP-OFJ6N53", "TimeCreated": "2025-05-16 08:42:09.438717+00:00", "RecordID": "11983", "Level": "4", "UserID": "S-1-5-19", "EventData.Enabled": "1", "EventData.LeapSecondCount": "0", "EventData.CurrentUtcOffset": "0", "EventData.RuntimeStateAndSettingsConsistent": "1", "EventData.NewestLeapSecondsList": null, "EventData.TickCount": "151218187"}
{"EventID": "257", "Channel": "Microsoft-Windows-Time-Service/Operational", "Provider_Name": "Microsoft-Windows-Time-Service", "Computer": "DESKTOP-OFJ6N53", "TimeCreated": "2025-05-16 08:42:09.458044+00:00", "RecordID": "11984", "Level": "4", "UserID": "S-1-5-19", "EventData.CurrentTime(UTC)": "2025-05-16T08:42:09.458Z", "EventData.TickCount": "151218187", "EventData.Configuration": "EventLogFlags: 2 (Локальный)\nAnnounceFlags: 10 (Локальный)\nTimeJumpAuditOffset: 28800 (Локальный)\nMinPollInterval: 10 (Локальный)\nMaxPollInterval: 15 (Локальный)\nMaxNegPhaseCorrection: 54000 (Локальный)\nMaxPosPhaseCorrection: 54000 (Локальный)\nMaxAllowedPhaseOffset: 1 (Локальный)\n\nFrequencyCorrectRate: 4 (Локальный)\nPollAdjustFactor: 5 (Локальный)\nLargePhaseOffset: 50000000 (Локальный)\nSpikeWatchPeriod: 900 (Локальный)\nLocalClockDispersion: 10 (Локальный)\nHoldPeriod: 5 (Локальный)\nPhaseCorrectRate: 1 (Локальный)\nUpdateInterval: 360000 (Локальный)\n\nFileLogName:  (Не определен или не используется)\nFileLogEntries:  (Не определен или не используется)\nFileLogSize: 0 (Не определен или не используется)\nFileLogFlags: 0 (Не определен или не используется)\n\nUtilizeSslTimeData: 1 (Локальный)\n\n[Leap Seconds]\nEnabled: 1 (Local)\nTotal Leap Seconds (after June 2018): 0 (Local)\nCurrent UTC offset: 0 (Local)", "EventData.TimeProviders": "NtpClient (Локальный)\nDllName: C:\\Windows\\system32\\w32time.dll (Локальный)\nEnabled: 1 (Локальный)\nInputProvider: 1 (Локальный)\nCrossSiteSyncFlags: 0 (Не определен или не используется)\nAllowNonstandardModeCombinations: 1 (Локальный)\nResolvePeerBackoffMinutes: 15 (Локальный)\nResolvePeerBackoffMaxTimes: 7 (Локальный)\nCompatibilityFlags: 2147483648 (Локальный)\nEventLogFlags: 1 (Локальный)\nLargeSampleSkew: 3 (Локальный)\nSpecialPollInterval: 32768 (Локальный)\nType: NTP (Локальный)\nNtpServer: time.windows.com,0x9 (Локальный)\n\nVMICTimeProvider (Локальный)\nDllName: C:\\Windows\\System32\\vmictimeprovider.dll (Локальный)\nEnabled: 1 (Локальный)\nInputProvider: 1 (Локальный)\n\nNtpServer (Локальный)\nDllName: C:\\Windows\\system32\\w32time.dll (Локальный)\nEnabled: 0 (Локальный)\nInputProvider: 0 (Локальный)", "EventData.ClockRate": "156250"}
{"EventID": "266", "Channel": "Microsoft-Windows-Time-Service/Operational", "Provider_Name": "Microsoft-Windows-Time-Service", "Computer": "DESKTOP-OFJ6N53", "TimeCreated": "2025-05-16 08:42:09.459402+00:00", "RecordID": "11985", "Level": "4", "UserID": "S-1-5-19", "EventData.ReasonCode": "2", "EventData.TickCount": "151218203"}
{"EventID": "264", "Channel": "Microsoft-Windows-Time-Service/Operational", "Provider_Name": "Microsoft-Windows-Time-Service", "Computer": "DESKTOP-OFJ6N53", "TimeCreated": "2025-05-16 08:42:11.061848+00:00", "RecordID": "11986", "Level": "4", "UserID": "S-1-5-19", "EventData.AllNtpServers": "time.windows.com,0x9 (ntp.m|0x9|0.0.0.0:123->20.101.57.9:123);", "EventData.TickCount": "151219812"}
{"EventID": "261", "Channel": "Microsoft-Windows-Time-Service/Operational", "Provider_Name": "Microsoft-Windows-Time-Service", "Computer": "DESKTOP-OFJ6N53", "TimeCreated": "2025-05-16 08:42:27.776930+00:00", "RecordID": "11987", "Level": "4", "UserID": "S-1-5-19", "EventData.NewTime": "2025-05-16T08:42:27.776Z", "EventData.OldTime": "2025-05-16T08:42:25.511Z", "EventData.TickCount": "151234265"}
{"EventID": "265", "Channel": "Microsoft-Windows-Time-Service/Operational", "Provider_Name": "Microsoft-Windows-Time-Service", "Computer": "DESKTOP-OFJ6N53", "TimeCreated": "2025-05-16 08:42:27.777802+00:00", "RecordID": "11988", "Level": "4", "UserID": "S-1-5-19", "EventData.TimeSource": "time.windows.com,0x9 (ntp.m|0x9|0.0.0.0:123->20.101.57.9:123)", "EventData.TimeSourceRefId": "0x14653909", "EventData.LocalStratumNumber": "4", "EventData.TickCount": "151234265"}
{"EventID": "266", "Channel": "Microsoft-Windows-Time-Service/Operational", "Provider_Name": "Microsoft-Windows-Time-Service", "Computer": "DESKTOP-OFJ6N53", "TimeCreated": "2025-05-16 08:42:27.777834+00:00", "RecordID": "11989", "Level": "4", "UserID": "S-1-5-19", "EventData.ReasonCode": "3", "EventData.TickCount": "151234265"}
