{"EventID": "211", "Channel": "Microsoft-Windows-AppModel-Runtime/Admin", "Provider_Name": "Microsoft-Windows-AppModel-Runtime", "Computer": "DESKTOP-OFJ6N53", "TimeCreated": "2025-07-30 08:12:41.962372+00:00", "RecordID": "12938", "Level": "4", "UserID": "S-1-5-18", "EventData.ProcessID": "9516", "EventData.PackageName": "Microsoft.YourPhone_1.25061.51.0_x64__8wekyb3d8bbwe", "EventData.ContainerId": "46492ec1-68d5-11f0-a763-005056b235ad"}
{"EventID": "217", "Channel": "Microsoft-Windows-AppModel-Runtime/Admin", "Provider_Name": "Microsoft-Windows-AppModel-Runtime", "Computer": "DESKTOP-OFJ6N53", "TimeCreated": "2025-07-30 16:04:09.313459+00:00", "RecordID": "12939", "Level": "4", "UserID": "S-1-5-18", "EventData.PackageName": "Microsoft.YourPhone_1.25061.51.0_x64__8wekyb3d8bbwe", "EventData.ContainerId": "46492ec1-68d5-11f0-a763-005056b235ad"}
{"EventID": "210", "Channel": "Microsoft-Windows-AppModel-Runtime/Admin", "Provider_Name": "Microsoft-Windows-AppModel-Runtime", "Computer": "DESKTOP-OFJ6N53", "TimeCreated": "2025-07-30 20:12:08.904558+00:00", "RecordID": "12940", "Level": "4", "UserID": "S-1-5-18", "EventData.PackageName": "Microsoft.YourPhone_1.25061.51.0_x64__8wekyb3d8bbwe", "EventData.ContainerName": "Microsoft.YourPhone_1.25061.51.0_x64__8wekyb3d8bbwe-S-1-5-21-963789628-1060504924-4285088085-1001", "EventData.ContainerId": "be1d644e-6d78-11f0-a763-005056b235ad"}
{"EventID": "211", "Channel": "Microsoft-Windows-AppModel-Runtime/Admin", "Provider_Name": "Microsoft-Windows-AppModel-Runtime", "Computer": "DESKTOP-OFJ6N53", "TimeCreated": "2025-07-30 20:12:08.904604+00:00", "RecordID": "12941", "Level": "4", "UserID": "S-1-5-18", "EventData.ProcessID": "5892", "EventData.PackageName": "Microsoft.YourPhone_1.25061.51.0_x64__8wekyb3d8bbwe", "EventData.ContainerId": "be1d644e-6d78-11f0-a763-005056b235ad"}
{"EventID": "70", "Channel": "Microsoft-Windows-AppModel-Runtime/Admin", "Provider_Name": "Microsoft-Windows-AppModel-Runtime", "Computer": "DESKTOP-OFJ6N53", "TimeCreated": "2025-07-30 23:37:28.224522+00:00", "RecordID": "12942", "Level": "4", "UserID": "S-1-5-18", "EventData.PackageFullName": "Microsoft.MicrosoftOfficeHub_19.2507.56041.0_x64__8wekyb3d8bbwe", "EventData.User": "S-1-5-21-963789628-1060504924-4285088085-1001", "EventData.DesiredStatus": "32", "EventData.CurrentStatus": "0"}
{"EventID": "69", "Channel": "Microsoft-Windows-AppModel-Runtime/Admin", "Provider_Name": "Microsoft-Windows-AppModel-Runtime", "Computer": "DESKTOP-OFJ6N53", "TimeCreated": "2025-07-30 23:37:28.224751+00:00", "RecordID": "12943", "Level": "4", "UserID": "S-1-5-18", "EventData.ErrorCode": "1168", "EventData.PackageFullName": "Microsoft.MicrosoftOfficeHub_19.2507.57011.0_x64__8wekyb3d8bbwe", "EventData.User": "S-1-5-21-963789628-1060504924-4285088085-1001", "EventData.DesiredStatus": "32", "EventData.CurrentStatus": "0"}
{"EventID": "42", "Channel": "Microsoft-Windows-AppModel-Runtime/Admin", "Provider_Name": "Microsoft-Windows-AppModel-Runtime", "Computer": "DESKTOP-OFJ6N53", "TimeCreated": "2025-07-30 23:37:28.462164+00:00", "RecordID": "12944", "Level": "4", "UserID": "S-1-5-21-963789628-1060504924-4285088085-1001", "EventData.AppContainerName": "Microsoft.MicrosoftOfficeHub_8wekyb3d8bbwe"}
{"EventID": "70", "Channel": "Microsoft-Windows-AppModel-Runtime/Admin", "Provider_Name": "Microsoft-Windows-AppModel-Runtime", "Computer": "DESKTOP-OFJ6N53", "TimeCreated": "2025-07-30 23:37:29.345238+00:00", "RecordID": "12945", "Level": "4", "UserID": "S-1-5-18", "EventData.PackageFullName": "Microsoft.MicrosoftOfficeHub_19.2507.57011.0_x64__8wekyb3d8bbwe", "EventData.User": "S-1-5-21-963789628-1060504924-4285088085-1001", "EventData.DesiredStatus": "0", "EventData.CurrentStatus": "32"}
{"EventID": "217", "Channel": "Microsoft-Windows-AppModel-Runtime/Admin", "Provider_Name": "Microsoft-Windows-AppModel-Runtime", "Computer": "DESKTOP-OFJ6N53", "TimeCreated": "2025-07-31 04:03:46.049757+00:00", "RecordID": "12946", "Level": "4", "UserID": "S-1-5-18", "EventData.PackageName": "Microsoft.YourPhone_1.25061.51.0_x64__8wekyb3d8bbwe", "EventData.ContainerId": "be1d644e-6d78-11f0-a763-005056b235ad"}
{"EventID": "40", "Channel": "Microsoft-Windows-AppModel-Runtime/Admin", "Provider_Name": "Microsoft-Windows-AppModel-Runtime", "Computer": "DESKTOP-OFJ6N53", "TimeCreated": "2025-07-31 08:03:32.635103+00:00", "RecordID": "12947", "Level": "4", "UserID": "S-1-5-18", "EventData.AppContainerName": "onecore\\ds\\security\\gina\\profile\\profext\\appcontainer.cpp Line:1813 Usermode Font Driver Host microsoft.windows.fontdrvhost"}
{"EventID": "40", "Channel": "Microsoft-Windows-AppModel-Runtime/Admin", "Provider_Name": "Microsoft-Windows-AppModel-Runtime", "Computer": "DESKTOP-OFJ6N53", "TimeCreated": "2025-07-31 08:03:32.635141+00:00", "RecordID": "12948", "Level": "4", "UserID": "S-1-5-18", "EventData.AppContainerName": "onecore\\ds\\security\\gina\\profile\\profext\\appcontainer.cpp Line:1813 Usermode Font Driver Host microsoft.windows.fontdrvhost"}
{"EventID": "70", "Channel": "Microsoft-Windows-AppModel-Runtime/Admin", "Provider_Name": "Microsoft-Windows-AppModel-Runtime", "Computer": "DESKTOP-OFJ6N53", "TimeCreated": "2025-07-31 08:14:06.215792+00:00", "RecordID": "12949", "Level": "4", "UserID": "S-1-5-18", "EventData.PackageFullName": "Microsoft.Edge.GameAssist_1.0.3423.0_x64__8wekyb3d8bbwe", "EventData.User": "S-1-5-21-963789628-1060504924-4285088085-1001", "EventData.DesiredStatus": "2048", "EventData.CurrentStatus": "0"}
{"EventID": "70", "Channel": "Microsoft-Windows-AppModel-Runtime/Admin", "Provider_Name": "Microsoft-Windows-AppModel-Runtime", "Computer": "DESKTOP-OFJ6N53", "TimeCreated": "2025-07-31 08:14:06.227234+00:00", "RecordID": "12950", "Level": "4", "UserID": "S-1-5-18", "EventData.PackageFullName": "Microsoft.MicrosoftEdge.Stable_138.0.3351.95_neutral__8wekyb3d8bbwe", "EventData.User": "S-1-5-21-963789628-1060504924-4285088085-1001", "EventData.DesiredStatus": "2048", "EventData.CurrentStatus": "0"}
{"EventID": "70", "Channel": "Microsoft-Windows-AppModel-Runtime/Admin", "Provider_Name": "Microsoft-Windows-AppModel-Runtime", "Computer": "DESKTOP-OFJ6N53", "TimeCreated": "2025-07-31 08:14:06.227682+00:00", "RecordID": "12951", "Level": "4", "UserID": "S-1-5-18", "EventData.PackageFullName": "Microsoft.MicrosoftEdge.Stable_138.0.3351.109_neutral__8wekyb3d8bbwe", "EventData.User": "S-1-5-21-963789628-1060504924-4285088085-1001", "EventData.DesiredStatus": "2048", "EventData.CurrentStatus": "0"}
{"EventID": "70", "Channel": "Microsoft-Windows-AppModel-Runtime/Admin", "Provider_Name": "Microsoft-Windows-AppModel-Runtime", "Computer": "DESKTOP-OFJ6N53", "TimeCreated": "2025-07-31 08:14:07.080223+00:00", "RecordID": "12952", "Level": "4", "UserID": "S-1-5-18", "EventData.PackageFullName": "Microsoft.MicrosoftEdge.Stable_138.0.3351.95_neutral__8wekyb3d8bbwe", "EventData.User": "S-1-5-21-963789628-1060504924-4285088085-1001", "EventData.DesiredStatus": "2080", "EventData.CurrentStatus": "2048"}
{"EventID": "70", "Channel": "Microsoft-Windows-AppModel-Runtime/Admin", "Provider_Name": "Microsoft-Windows-AppModel-Runtime", "Computer": "DESKTOP-OFJ6N53", "TimeCreated": "2025-07-31 08:14:07.080578+00:00", "RecordID": "12953", "Level": "4", "UserID": "S-1-5-18", "EventData.PackageFullName": "Microsoft.MicrosoftEdge.Stable_138.0.3351.109_neutral__8wekyb3d8bbwe", "EventData.User": "S-1-5-21-963789628-1060504924-4285088085-1001", "EventData.DesiredStatus": "2080", "EventData.CurrentStatus": "2048"}
{"EventID": "42", "Channel": "Microsoft-Windows-AppModel-Runtime/Admin", "Provider_Name": "Microsoft-Windows-AppModel-Runtime", "Computer": "DESKTOP-OFJ6N53", "TimeCreated": "2025-07-31 08:14:07.284985+00:00", "RecordID": "12954", "Level": "4", "UserID": "S-1-5-21-963789628-1060504924-4285088085-1001", "EventData.AppContainerName": "Microsoft.MicrosoftEdge.Stable_8wekyb3d8bbwe"}
{"EventID": "70", "Channel": "Microsoft-Windows-AppModel-Runtime/Admin", "Provider_Name": "Microsoft-Windows-AppModel-Runtime", "Computer": "DESKTOP-OFJ6N53", "TimeCreated": "2025-07-31 08:14:07.622185+00:00", "RecordID": "12955", "Level": "4", "UserID": "S-1-5-18", "EventData.PackageFullName": "Microsoft.MicrosoftEdge.Stable_138.0.3351.109_neutral__8wekyb3d8bbwe", "EventData.User": "S-1-5-21-963789628-1060504924-4285088085-1001", "EventData.DesiredStatus": "0", "EventData.CurrentStatus": "32"}
{"EventID": "70", "Channel": "Microsoft-Windows-AppModel-Runtime/Admin", "Provider_Name": "Microsoft-Windows-AppModel-Runtime", "Computer": "DESKTOP-OFJ6N53", "TimeCreated": "2025-07-31 08:14:39.978300+00:00", "RecordID": "12956", "Level": "4", "UserID": "S-1-5-18", "EventData.PackageFullName": "Microsoft.Edge.GameAssist_1.0.3423.0_x64__8wekyb3d8bbwe", "EventData.User": "S-1-5-21-963789628-1060504924-4285088085-1001", "EventData.DesiredStatus": "2080", "EventData.CurrentStatus": "2048"}
{"EventID": "39", "Channel": "Microsoft-Windows-AppModel-Runtime/Admin", "Provider_Name": "Microsoft-Windows-AppModel-Runtime", "Computer": "DESKTOP-OFJ6N53", "TimeCreated": "2025-07-31 08:15:16.995031+00:00", "RecordID": "12957", "Level": "4", "UserID": "S-1-5-21-963789628-1060504924-4285088085-1001", "EventData.AppContainerName": "Microsoft.Edge.GameAssist_8wekyb3d8bbwe"}
{"EventID": "70", "Channel": "Microsoft-Windows-AppModel-Runtime/Admin", "Provider_Name": "Microsoft-Windows-AppModel-Runtime", "Computer": "DESKTOP-OFJ6N53", "TimeCreated": "2025-07-31 08:15:18.167959+00:00", "RecordID": "12958", "Level": "4", "UserID": "S-1-5-18", "EventData.PackageFullName": "Microsoft.Edge.GameAssist_1.0.3423.0_x64__8wekyb3d8bbwe", "EventData.User": "S-1-5-21-963789628-1060504924-4285088085-1001", "EventData.DesiredStatus": "0", "EventData.CurrentStatus": "32"}
{"EventID": "210", "Channel": "Microsoft-Windows-AppModel-Runtime/Admin", "Provider_Name": "Microsoft-Windows-AppModel-Runtime", "Computer": "DESKTOP-OFJ6N53", "TimeCreated": "2025-07-31 08:15:26.088898+00:00", "RecordID": "12959", "Level": "4", "UserID": "S-1-5-18", "EventData.PackageName": "Microsoft.YourPhone_1.25061.51.0_x64__8wekyb3d8bbwe", "EventData.ContainerName": "Microsoft.YourPhone_1.25061.51.0_x64__8wekyb3d8bbwe-S-1-5-21-963789628-1060504924-4285088085-1001", "EventData.ContainerId": "d3fc8f04-6de4-11f0-a764-005056b235ad"}
{"EventID": "211", "Channel": "Microsoft-Windows-AppModel-Runtime/Admin", "Provider_Name": "Microsoft-Windows-AppModel-Runtime", "Computer": "DESKTOP-OFJ6N53", "TimeCreated": "2025-07-31 08:15:26.088943+00:00", "RecordID": "12960", "Level": "4", "UserID": "S-1-5-18", "EventData.ProcessID": "10368", "EventData.PackageName": "Microsoft.YourPhone_1.25061.51.0_x64__8wekyb3d8bbwe", "EventData.ContainerId": "d3fc8f04-6de4-11f0-a764-005056b235ad"}
{"EventID": "40", "Channel": "Microsoft-Windows-AppModel-Runtime/Admin", "Provider_Name": "Microsoft-Windows-AppModel-Runtime", "Computer": "DESKTOP-OFJ6N53", "TimeCreated": "2025-07-31 08:16:22.256502+00:00", "RecordID": "12961", "Level": "4", "UserID": "S-1-5-18", "EventData.AppContainerName": "onecore\\ds\\security\\gina\\profile\\profext\\appcontainer.cpp Line:1813 Usermode Font Driver Host microsoft.windows.fontdrvhost"}
{"EventID": "210", "Channel": "Microsoft-Windows-AppModel-Runtime/Admin", "Provider_Name": "Microsoft-Windows-AppModel-Runtime", "Computer": "DESKTOP-OFJ6N53", "TimeCreated": "2025-07-31 08:17:37.580036+00:00", "RecordID": "12962", "Level": "4", "UserID": "S-1-5-18", "EventData.PackageName": "Microsoft.DesktopAppInstaller_1.26.430.0_x64__8wekyb3d8bbwe", "EventData.ContainerName": "Microsoft.DesktopAppInstaller_1.26.430.0_x64__8wekyb3d8bbwe-S-1-5-21-963789628-1060504924-4285088085-1001", "EventData.ContainerId": "d3fc8f85-6de4-11f0-a764-005056b235ad"}
{"EventID": "211", "Channel": "Microsoft-Windows-AppModel-Runtime/Admin", "Provider_Name": "Microsoft-Windows-AppModel-Runtime", "Computer": "DESKTOP-OFJ6N53", "TimeCreated": "2025-07-31 08:17:37.580082+00:00", "RecordID": "12963", "Level": "4", "UserID": "S-1-5-18", "EventData.ProcessID": "9848", "EventData.PackageName": "Microsoft.DesktopAppInstaller_1.26.430.0_x64__8wekyb3d8bbwe", "EventData.ContainerId": "d3fc8f85-6de4-11f0-a764-005056b235ad"}
{"EventID": "217", "Channel": "Microsoft-Windows-AppModel-Runtime/Admin", "Provider_Name": "Microsoft-Windows-AppModel-Runtime", "Computer": "DESKTOP-OFJ6N53", "TimeCreated": "2025-07-31 08:18:48.244345+00:00", "RecordID": "12964", "Level": "4", "UserID": "S-1-5-18", "EventData.PackageName": "Microsoft.DesktopAppInstaller_1.26.430.0_x64__8wekyb3d8bbwe", "EventData.ContainerId": "d3fc8f85-6de4-11f0-a764-005056b235ad"}
{"EventID": "201", "Channel": "Microsoft-Windows-AppModel-Runtime/Admin", "Provider_Name": "Microsoft-Windows-AppModel-Runtime", "Computer": "DESKTOP-OFJ6N53", "TimeCreated": "2025-07-31 11:14:17.911455+00:00", "RecordID": "12965", "Level": "4", "UserID": "S-1-5-18", "EventData.ProcessID": "11132", "EventData.PackageName": "Microsoft.MicrosoftEdge.Stable_138.0.3351.109_neutral__8wekyb3d8bbwe", "EventData.ImageName": "identity_helper.exe", "EventData.ApplicationName": "Microsoft.MicrosoftEdge.Stable_8wekyb3d8bbwe!App", "EventData.Message": "[FinishPackageActivation]"}
{"EventID": "40", "Channel": "Microsoft-Windows-AppModel-Runtime/Admin", "Provider_Name": "Microsoft-Windows-AppModel-Runtime", "Computer": "DESKTOP-OFJ6N53", "TimeCreated": "2025-07-31 11:17:17.176861+00:00", "RecordID": "12966", "Level": "4", "UserID": "S-1-5-21-963789628-1060504924-4285088085-1001", "EventData.AppContainerName": "onecore\\ds\\security\\gina\\profile\\profext\\appcontainer.cpp Line:1813 Chrome Sandbox cr.sb.odmF5200EAFD3AD904629CBB0F87A78A3C7211081FE"}
{"EventID": "217", "Channel": "Microsoft-Windows-AppModel-Runtime/Admin", "Provider_Name": "Microsoft-Windows-AppModel-Runtime", "Computer": "DESKTOP-OFJ6N53", "TimeCreated": "2025-07-31 15:30:04.398872+00:00", "RecordID": "12967", "Level": "4", "UserID": "S-1-5-18", "EventData.PackageName": "Microsoft.YourPhone_1.25061.51.0_x64__8wekyb3d8bbwe", "EventData.ContainerId": "d3fc8f04-6de4-11f0-a764-005056b235ad"}
{"EventID": "210", "Channel": "Microsoft-Windows-AppModel-Runtime/Admin", "Provider_Name": "Microsoft-Windows-AppModel-Runtime", "Computer": "DESKTOP-OFJ6N53", "TimeCreated": "2025-07-31 18:40:56.494452+00:00", "RecordID": "12968", "Level": "4", "UserID": "S-1-5-18", "EventData.PackageName": "Microsoft.XboxGamingOverlay_7.325.7090.0_x64__8wekyb3d8bbwe", "EventData.ContainerName": "Microsoft.XboxGamingOverlay_7.325.7090.0_x64__8wekyb3d8bbwe-S-1-5-21-963789628-1060504924-4285088085-1001", "EventData.ContainerId": "d3fc9466-6de4-11f0-a764-005056b235ad"}
{"EventID": "211", "Channel": "Microsoft-Windows-AppModel-Runtime/Admin", "Provider_Name": "Microsoft-Windows-AppModel-Runtime", "Computer": "DESKTOP-OFJ6N53", "TimeCreated": "2025-07-31 18:40:56.494490+00:00", "RecordID": "12969", "Level": "4", "UserID": "S-1-5-18", "EventData.ProcessID": "12700", "EventData.PackageName": "Microsoft.XboxGamingOverlay_7.325.7090.0_x64__8wekyb3d8bbwe", "EventData.ContainerId": "d3fc9466-6de4-11f0-a764-005056b235ad"}
{"EventID": "217", "Channel": "Microsoft-Windows-AppModel-Runtime/Admin", "Provider_Name": "Microsoft-Windows-AppModel-Runtime", "Computer": "DESKTOP-OFJ6N53", "TimeCreated": "2025-07-31 18:45:56.387585+00:00", "RecordID": "12970", "Level": "4", "UserID": "S-1-5-18", "EventData.PackageName": "Microsoft.XboxGamingOverlay_7.325.7090.0_x64__8wekyb3d8bbwe", "EventData.ContainerId": "d3fc9466-6de4-11f0-a764-005056b235ad"}
{"EventID": "210", "Channel": "Microsoft-Windows-AppModel-Runtime/Admin", "Provider_Name": "Microsoft-Windows-AppModel-Runtime", "Computer": "DESKTOP-OFJ6N53", "TimeCreated": "2025-07-31 20:12:34.276361+00:00", "RecordID": "12971", "Level": "4", "UserID": "S-1-5-18", "EventData.PackageName": "Microsoft.YourPhone_1.25061.51.0_x64__8wekyb3d8bbwe", "EventData.ContainerName": "Microsoft.YourPhone_1.25061.51.0_x64__8wekyb3d8bbwe-S-1-5-21-963789628-1060504924-4285088085-1001", "EventData.ContainerId": "d3fc94bf-6de4-11f0-a764-005056b235ad"}
{"EventID": "211", "Channel": "Microsoft-Windows-AppModel-Runtime/Admin", "Provider_Name": "Microsoft-Windows-AppModel-Runtime", "Computer": "DESKTOP-OFJ6N53", "TimeCreated": "2025-07-31 20:12:34.276405+00:00", "RecordID": "12972", "Level": "4", "UserID": "S-1-5-18", "EventData.ProcessID": "9180", "EventData.PackageName": "Microsoft.YourPhone_1.25061.51.0_x64__8wekyb3d8bbwe", "EventData.ContainerId": "d3fc94bf-6de4-11f0-a764-005056b235ad"}
{"EventID": "217", "Channel": "Microsoft-Windows-AppModel-Runtime/Admin", "Provider_Name": "Microsoft-Windows-AppModel-Runtime", "Computer": "DESKTOP-OFJ6N53", "TimeCreated": "2025-08-01 04:14:42.157738+00:00", "RecordID": "12973", "Level": "4", "UserID": "S-1-5-18", "EventData.PackageName": "Microsoft.YourPhone_1.25061.51.0_x64__8wekyb3d8bbwe", "EventData.ContainerId": "d3fc94bf-6de4-11f0-a764-005056b235ad"}
{"EventID": "210", "Channel": "Microsoft-Windows-AppModel-Runtime/Admin", "Provider_Name": "Microsoft-Windows-AppModel-Runtime", "Computer": "DESKTOP-OFJ6N53", "TimeCreated": "2025-08-01 08:12:34.652615+00:00", "RecordID": "12974", "Level": "4", "UserID": "S-1-5-18", "EventData.PackageName": "Microsoft.YourPhone_1.25061.51.0_x64__8wekyb3d8bbwe", "EventData.ContainerName": "Microsoft.YourPhone_1.25061.51.0_x64__8wekyb3d8bbwe-S-1-5-21-963789628-1060504924-4285088085-1001", "EventData.ContainerId": "d3fc97bc-6de4-11f0-a764-005056b235ad"}
{"EventID": "211", "Channel": "Microsoft-Windows-AppModel-Runtime/Admin", "Provider_Name": "Microsoft-Windows-AppModel-Runtime", "Computer": "DESKTOP-OFJ6N53", "TimeCreated": "2025-08-01 08:12:34.652660+00:00", "RecordID": "12975", "Level": "4", "UserID": "S-1-5-18", "EventData.ProcessID": "2004", "EventData.PackageName": "Microsoft.YourPhone_1.25061.51.0_x64__8wekyb3d8bbwe", "EventData.ContainerId": "d3fc97bc-6de4-11f0-a764-005056b235ad"}
{"EventID": "210", "Channel": "Microsoft-Windows-AppModel-Runtime/Admin", "Provider_Name": "Microsoft-Windows-AppModel-Runtime", "Computer": "DESKTOP-OFJ6N53", "TimeCreated": "2025-08-01 08:40:28.395138+00:00", "RecordID": "12976", "Level": "4", "UserID": "S-1-5-18", "EventData.PackageName": "Microsoft.DesktopAppInstaller_1.26.430.0_x64__8wekyb3d8bbwe", "EventData.ContainerName": "Microsoft.DesktopAppInstaller_1.26.430.0_x64__8wekyb3d8bbwe-S-1-5-21-963789628-1060504924-4285088085-1001", "EventData.ContainerId": "d3fc984a-6de4-11f0-a764-005056b235ad"}
{"EventID": "211", "Channel": "Microsoft-Windows-AppModel-Runtime/Admin", "Provider_Name": "Microsoft-Windows-AppModel-Runtime", "Computer": "DESKTOP-OFJ6N53", "TimeCreated": "2025-08-01 08:40:28.395180+00:00", "RecordID": "12977", "Level": "4", "UserID": "S-1-5-18", "EventData.ProcessID": "3676", "EventData.PackageName": "Microsoft.DesktopAppInstaller_1.26.430.0_x64__8wekyb3d8bbwe", "EventData.ContainerId": "d3fc984a-6de4-11f0-a764-005056b235ad"}
{"EventID": "210", "Channel": "Microsoft-Windows-AppModel-Runtime/Admin", "Provider_Name": "Microsoft-Windows-AppModel-Runtime", "Computer": "DESKTOP-OFJ6N53", "TimeCreated": "2025-08-01 12:02:41.011311+00:00", "RecordID": "12978", "Level": "4", "UserID": "S-1-5-18", "EventData.PackageName": "Microsoft.XboxGamingOverlay_7.325.7090.0_x64__8wekyb3d8bbwe", "EventData.ContainerName": "Microsoft.XboxGamingOverlay_7.325.7090.0_x64__8wekyb3d8bbwe-S-1-5-21-963789628-1060504924-4285088085-1001", "EventData.ContainerId": "d3fc99d9-6de4-11f0-a764-005056b235ad"}
{"EventID": "211", "Channel": "Microsoft-Windows-AppModel-Runtime/Admin", "Provider_Name": "Microsoft-Windows-AppModel-Runtime", "Computer": "DESKTOP-OFJ6N53", "TimeCreated": "2025-08-01 12:02:41.011351+00:00", "RecordID": "12979", "Level": "4", "UserID": "S-1-5-18", "EventData.ProcessID": "12424", "EventData.PackageName": "Microsoft.XboxGamingOverlay_7.325.7090.0_x64__8wekyb3d8bbwe", "EventData.ContainerId": "d3fc99d9-6de4-11f0-a764-005056b235ad"}
{"EventID": "217", "Channel": "Microsoft-Windows-AppModel-Runtime/Admin", "Provider_Name": "Microsoft-Windows-AppModel-Runtime", "Computer": "DESKTOP-OFJ6N53", "TimeCreated": "2025-08-01 12:07:40.873510+00:00", "RecordID": "12980", "Level": "4", "UserID": "S-1-5-18", "EventData.PackageName": "Microsoft.XboxGamingOverlay_7.325.7090.0_x64__8wekyb3d8bbwe", "EventData.ContainerId": "d3fc99d9-6de4-11f0-a764-005056b235ad"}
{"EventID": "217", "Channel": "Microsoft-Windows-AppModel-Runtime/Admin", "Provider_Name": "Microsoft-Windows-AppModel-Runtime", "Computer": "DESKTOP-OFJ6N53", "TimeCreated": "2025-08-01 15:36:22.220423+00:00", "RecordID": "12981", "Level": "4", "UserID": "S-1-5-18", "EventData.PackageName": "Microsoft.YourPhone_1.25061.51.0_x64__8wekyb3d8bbwe", "EventData.ContainerId": "d3fc97bc-6de4-11f0-a764-005056b235ad"}
{"EventID": "210", "Channel": "Microsoft-Windows-AppModel-Runtime/Admin", "Provider_Name": "Microsoft-Windows-AppModel-Runtime", "Computer": "DESKTOP-OFJ6N53", "TimeCreated": "2025-08-01 20:12:36.329967+00:00", "RecordID": "12982", "Level": "4", "UserID": "S-1-5-18", "EventData.PackageName": "Microsoft.YourPhone_1.25061.51.0_x64__8wekyb3d8bbwe", "EventData.ContainerName": "Microsoft.YourPhone_1.25061.51.0_x64__8wekyb3d8bbwe-S-1-5-21-963789628-1060504924-4285088085-1001", "EventData.ContainerId": "d3fc9bca-6de4-11f0-a764-005056b235ad"}
{"EventID": "211", "Channel": "Microsoft-Windows-AppModel-Runtime/Admin", "Provider_Name": "Microsoft-Windows-AppModel-Runtime", "Computer": "DESKTOP-OFJ6N53", "TimeCreated": "2025-08-01 20:12:36.330011+00:00", "RecordID": "12983", "Level": "4", "UserID": "S-1-5-18", "EventData.ProcessID": "6724", "EventData.PackageName": "Microsoft.YourPhone_1.25061.51.0_x64__8wekyb3d8bbwe", "EventData.ContainerId": "d3fc9bca-6de4-11f0-a764-005056b235ad"}
{"EventID": "70", "Channel": "Microsoft-Windows-AppModel-Runtime/Admin", "Provider_Name": "Microsoft-Windows-AppModel-Runtime", "Computer": "DESKTOP-OFJ6N53", "TimeCreated": "2025-08-01 21:35:04.072233+00:00", "RecordID": "12984", "Level": "4", "UserID": "S-1-5-18", "EventData.PackageFullName": "Microsoft.MicrosoftOfficeHub_19.2507.57011.0_x64__8wekyb3d8bbwe", "EventData.User": "S-1-5-21-963789628-1060504924-4285088085-1001", "EventData.DesiredStatus": "32", "EventData.CurrentStatus": "0"}
{"EventID": "69", "Channel": "Microsoft-Windows-AppModel-Runtime/Admin", "Provider_Name": "Microsoft-Windows-AppModel-Runtime", "Computer": "DESKTOP-OFJ6N53", "TimeCreated": "2025-08-01 21:35:04.072599+00:00", "RecordID": "12985", "Level": "4", "UserID": "S-1-5-18", "EventData.ErrorCode": "1168", "EventData.PackageFullName": "Microsoft.MicrosoftOfficeHub_19.2507.59091.0_x64__8wekyb3d8bbwe", "EventData.User": "S-1-5-21-963789628-1060504924-4285088085-1001", "EventData.DesiredStatus": "32", "EventData.CurrentStatus": "0"}
{"EventID": "42", "Channel": "Microsoft-Windows-AppModel-Runtime/Admin", "Provider_Name": "Microsoft-Windows-AppModel-Runtime", "Computer": "DESKTOP-OFJ6N53", "TimeCreated": "2025-08-01 21:35:04.735649+00:00", "RecordID": "12986", "Level": "4", "UserID": "S-1-5-21-963789628-1060504924-4285088085-1001", "EventData.AppContainerName": "Microsoft.MicrosoftOfficeHub_8wekyb3d8bbwe"}
{"EventID": "70", "Channel": "Microsoft-Windows-AppModel-Runtime/Admin", "Provider_Name": "Microsoft-Windows-AppModel-Runtime", "Computer": "DESKTOP-OFJ6N53", "TimeCreated": "2025-08-01 21:35:06.337070+00:00", "RecordID": "12987", "Level": "4", "UserID": "S-1-5-18", "EventData.PackageFullName": "Microsoft.MicrosoftOfficeHub_19.2507.59091.0_x64__8wekyb3d8bbwe", "EventData.User": "S-1-5-21-963789628-1060504924-4285088085-1001", "EventData.DesiredStatus": "0", "EventData.CurrentStatus": "32"}
{"EventID": "70", "Channel": "Microsoft-Windows-AppModel-Runtime/Admin", "Provider_Name": "Microsoft-Windows-AppModel-Runtime", "Computer": "DESKTOP-OFJ6N53", "TimeCreated": "2025-08-01 21:35:08.431553+00:00", "RecordID": "12988", "Level": "4", "UserID": "S-1-5-18", "EventData.PackageFullName": "Microsoft.BingWeather_4.54.63007.0_x64__8wekyb3d8bbwe", "EventData.User": "S-1-5-21-963789628-1060504924-4285088085-1001", "EventData.DesiredStatus": "32", "EventData.CurrentStatus": "0"}
{"EventID": "69", "Channel": "Microsoft-Windows-AppModel-Runtime/Admin", "Provider_Name": "Microsoft-Windows-AppModel-Runtime", "Computer": "DESKTOP-OFJ6N53", "TimeCreated": "2025-08-01 21:35:08.431883+00:00", "RecordID": "12989", "Level": "4", "UserID": "S-1-5-18", "EventData.ErrorCode": "1168", "EventData.PackageFullName": "Microsoft.BingWeather_4.54.63026.0_x64__8wekyb3d8bbwe", "EventData.User": "S-1-5-21-963789628-1060504924-4285088085-1001", "EventData.DesiredStatus": "32", "EventData.CurrentStatus": "0"}
{"EventID": "42", "Channel": "Microsoft-Windows-AppModel-Runtime/Admin", "Provider_Name": "Microsoft-Windows-AppModel-Runtime", "Computer": "DESKTOP-OFJ6N53", "TimeCreated": "2025-08-01 21:35:08.620287+00:00", "RecordID": "12990", "Level": "4", "UserID": "S-1-5-21-963789628-1060504924-4285088085-1001", "EventData.AppContainerName": "Microsoft.BingWeather_8wekyb3d8bbwe"}
{"EventID": "70", "Channel": "Microsoft-Windows-AppModel-Runtime/Admin", "Provider_Name": "Microsoft-Windows-AppModel-Runtime", "Computer": "DESKTOP-OFJ6N53", "TimeCreated": "2025-08-01 21:35:09.589643+00:00", "RecordID": "12991", "Level": "4", "UserID": "S-1-5-18", "EventData.PackageFullName": "Microsoft.BingWeather_4.54.63026.0_x64__8wekyb3d8bbwe", "EventData.User": "S-1-5-21-963789628-1060504924-4285088085-1001", "EventData.DesiredStatus": "0", "EventData.CurrentStatus": "32"}
{"EventID": "70", "Channel": "Microsoft-Windows-AppModel-Runtime/Admin", "Provider_Name": "Microsoft-Windows-AppModel-Runtime", "Computer": "DESKTOP-OFJ6N53", "TimeCreated": "2025-08-01 21:35:10.568354+00:00", "RecordID": "12992", "Level": "4", "UserID": "S-1-5-18", "EventData.PackageFullName": "Microsoft.Office.OneNote_16001.14326.22348.0_x64__8wekyb3d8bbwe", "EventData.User": "S-1-5-21-963789628-1060504924-4285088085-1001", "EventData.DesiredStatus": "32", "EventData.CurrentStatus": "0"}
{"EventID": "69", "Channel": "Microsoft-Windows-AppModel-Runtime/Admin", "Provider_Name": "Microsoft-Windows-AppModel-Runtime", "Computer": "DESKTOP-OFJ6N53", "TimeCreated": "2025-08-01 21:35:10.568638+00:00", "RecordID": "12993", "Level": "4", "UserID": "S-1-5-18", "EventData.ErrorCode": "1168", "EventData.PackageFullName": "Microsoft.Office.OneNote_16001.14326.22594.0_x64__8wekyb3d8bbwe", "EventData.User": "S-1-5-21-963789628-1060504924-4285088085-1001", "EventData.DesiredStatus": "32", "EventData.CurrentStatus": "0"}
{"EventID": "42", "Channel": "Microsoft-Windows-AppModel-Runtime/Admin", "Provider_Name": "Microsoft-Windows-AppModel-Runtime", "Computer": "DESKTOP-OFJ6N53", "TimeCreated": "2025-08-01 21:35:11.810242+00:00", "RecordID": "12994", "Level": "4", "UserID": "S-1-5-21-963789628-1060504924-4285088085-1001", "EventData.AppContainerName": "Microsoft.Office.OneNote_8wekyb3d8bbwe"}
{"EventID": "70", "Channel": "Microsoft-Windows-AppModel-Runtime/Admin", "Provider_Name": "Microsoft-Windows-AppModel-Runtime", "Computer": "DESKTOP-OFJ6N53", "TimeCreated": "2025-08-01 21:35:12.633633+00:00", "RecordID": "12995", "Level": "4", "UserID": "S-1-5-18", "EventData.PackageFullName": "Microsoft.Office.OneNote_16001.14326.22594.0_x64__8wekyb3d8bbwe", "EventData.User": "S-1-5-21-963789628-1060504924-4285088085-1001", "EventData.DesiredStatus": "0", "EventData.CurrentStatus": "32"}
{"EventID": "217", "Channel": "Microsoft-Windows-AppModel-Runtime/Admin", "Provider_Name": "Microsoft-Windows-AppModel-Runtime", "Computer": "DESKTOP-OFJ6N53", "TimeCreated": "2025-08-02 04:18:14.157728+00:00", "RecordID": "12996", "Level": "4", "UserID": "S-1-5-18", "EventData.PackageName": "Microsoft.YourPhone_1.25061.51.0_x64__8wekyb3d8bbwe", "EventData.ContainerId": "d3fc9bca-6de4-11f0-a764-005056b235ad"}
{"EventID": "210", "Channel": "Microsoft-Windows-AppModel-Runtime/Admin", "Provider_Name": "Microsoft-Windows-AppModel-Runtime", "Computer": "DESKTOP-OFJ6N53", "TimeCreated": "2025-08-02 08:12:35.052414+00:00", "RecordID": "12997", "Level": "4", "UserID": "S-1-5-18", "EventData.PackageName": "Microsoft.YourPhone_1.25061.51.0_x64__8wekyb3d8bbwe", "EventData.ContainerName": "Microsoft.YourPhone_1.25061.51.0_x64__8wekyb3d8bbwe-S-1-5-21-963789628-1060504924-4285088085-1001", "EventData.ContainerId": "d3fc9eec-6de4-11f0-a764-005056b235ad"}
{"EventID": "211", "Channel": "Microsoft-Windows-AppModel-Runtime/Admin", "Provider_Name": "Microsoft-Windows-AppModel-Runtime", "Computer": "DESKTOP-OFJ6N53", "TimeCreated": "2025-08-02 08:12:35.052458+00:00", "RecordID": "12998", "Level": "4", "UserID": "S-1-5-18", "EventData.ProcessID": "9988", "EventData.PackageName": "Microsoft.YourPhone_1.25061.51.0_x64__8wekyb3d8bbwe", "EventData.ContainerId": "d3fc9eec-6de4-11f0-a764-005056b235ad"}
{"EventID": "217", "Channel": "Microsoft-Windows-AppModel-Runtime/Admin", "Provider_Name": "Microsoft-Windows-AppModel-Runtime", "Computer": "DESKTOP-OFJ6N53", "TimeCreated": "2025-08-02 16:14:43.193155+00:00", "RecordID": "12999", "Level": "4", "UserID": "S-1-5-18", "EventData.PackageName": "Microsoft.YourPhone_1.25061.51.0_x64__8wekyb3d8bbwe", "EventData.ContainerId": "d3fc9eec-6de4-11f0-a764-005056b235ad"}
{"EventID": "210", "Channel": "Microsoft-Windows-AppModel-Runtime/Admin", "Provider_Name": "Microsoft-Windows-AppModel-Runtime", "Computer": "DESKTOP-OFJ6N53", "TimeCreated": "2025-08-02 20:12:38.931368+00:00", "RecordID": "13000", "Level": "4", "UserID": "S-1-5-18", "EventData.PackageName": "Microsoft.YourPhone_1.25061.51.0_x64__8wekyb3d8bbwe", "EventData.ContainerName": "Microsoft.YourPhone_1.25061.51.0_x64__8wekyb3d8bbwe-S-1-5-21-963789628-1060504924-4285088085-1001", "EventData.ContainerId": "d3fca2ff-6de4-11f0-a764-005056b235ad"}
{"EventID": "211", "Channel": "Microsoft-Windows-AppModel-Runtime/Admin", "Provider_Name": "Microsoft-Windows-AppModel-Runtime", "Computer": "DESKTOP-OFJ6N53", "TimeCreated": "2025-08-02 20:12:38.931423+00:00", "RecordID": "13001", "Level": "4", "UserID": "S-1-5-18", "EventData.ProcessID": "10228", "EventData.PackageName": "Microsoft.YourPhone_1.25061.51.0_x64__8wekyb3d8bbwe", "EventData.ContainerId": "d3fca2ff-6de4-11f0-a764-005056b235ad"}
{"EventID": "217", "Channel": "Microsoft-Windows-AppModel-Runtime/Admin", "Provider_Name": "Microsoft-Windows-AppModel-Runtime", "Computer": "DESKTOP-OFJ6N53", "TimeCreated": "2025-08-03 04:14:46.849739+00:00", "RecordID": "13002", "Level": "4", "UserID": "S-1-5-18", "EventData.PackageName": "Microsoft.YourPhone_1.25061.51.0_x64__8wekyb3d8bbwe", "EventData.ContainerId": "d3fca2ff-6de4-11f0-a764-005056b235ad"}
{"EventID": "210", "Channel": "Microsoft-Windows-AppModel-Runtime/Admin", "Provider_Name": "Microsoft-Windows-AppModel-Runtime", "Computer": "DESKTOP-OFJ6N53", "TimeCreated": "2025-08-03 08:12:39.187490+00:00", "RecordID": "13003", "Level": "4", "UserID": "S-1-5-18", "EventData.PackageName": "Microsoft.YourPhone_1.25061.51.0_x64__8wekyb3d8bbwe", "EventData.ContainerName": "Microsoft.YourPhone_1.25061.51.0_x64__8wekyb3d8bbwe-S-1-5-21-963789628-1060504924-4285088085-1001", "EventData.ContainerId": "d3fca604-6de4-11f0-a764-005056b235ad"}
{"EventID": "211", "Channel": "Microsoft-Windows-AppModel-Runtime/Admin", "Provider_Name": "Microsoft-Windows-AppModel-Runtime", "Computer": "DESKTOP-OFJ6N53", "TimeCreated": "2025-08-03 08:12:39.187536+00:00", "RecordID": "13004", "Level": "4", "UserID": "S-1-5-18", "EventData.ProcessID": "11252", "EventData.PackageName": "Microsoft.YourPhone_1.25061.51.0_x64__8wekyb3d8bbwe", "EventData.ContainerId": "d3fca604-6de4-11f0-a764-005056b235ad"}
{"EventID": "217", "Channel": "Microsoft-Windows-AppModel-Runtime/Admin", "Provider_Name": "Microsoft-Windows-AppModel-Runtime", "Computer": "DESKTOP-OFJ6N53", "TimeCreated": "2025-08-03 16:14:47.095312+00:00", "RecordID": "13005", "Level": "4", "UserID": "S-1-5-18", "EventData.PackageName": "Microsoft.YourPhone_1.25061.51.0_x64__8wekyb3d8bbwe", "EventData.ContainerId": "d3fca604-6de4-11f0-a764-005056b235ad"}
{"EventID": "210", "Channel": "Microsoft-Windows-AppModel-Runtime/Admin", "Provider_Name": "Microsoft-Windows-AppModel-Runtime", "Computer": "DESKTOP-OFJ6N53", "TimeCreated": "2025-08-03 20:12:40.885340+00:00", "RecordID": "13006", "Level": "4", "UserID": "S-1-5-18", "EventData.PackageName": "Microsoft.YourPhone_1.25061.51.0_x64__8wekyb3d8bbwe", "EventData.ContainerName": "Microsoft.YourPhone_1.25061.51.0_x64__8wekyb3d8bbwe-S-1-5-21-963789628-1060504924-4285088085-1001", "EventData.ContainerId": "d3fca9e3-6de4-11f0-a764-005056b235ad"}
{"EventID": "211", "Channel": "Microsoft-Windows-AppModel-Runtime/Admin", "Provider_Name": "Microsoft-Windows-AppModel-Runtime", "Computer": "DESKTOP-OFJ6N53", "TimeCreated": "2025-08-03 20:12:40.885391+00:00", "RecordID": "13007", "Level": "4", "UserID": "S-1-5-18", "EventData.ProcessID": "10824", "EventData.PackageName": "Microsoft.YourPhone_1.25061.51.0_x64__8wekyb3d8bbwe", "EventData.ContainerId": "d3fca9e3-6de4-11f0-a764-005056b235ad"}
{"EventID": "217", "Channel": "Microsoft-Windows-AppModel-Runtime/Admin", "Provider_Name": "Microsoft-Windows-AppModel-Runtime", "Computer": "DESKTOP-OFJ6N53", "TimeCreated": "2025-08-04 04:14:27.507755+00:00", "RecordID": "13008", "Level": "4", "UserID": "S-1-5-18", "EventData.PackageName": "Microsoft.YourPhone_1.25061.51.0_x64__8wekyb3d8bbwe", "EventData.ContainerId": "d3fca9e3-6de4-11f0-a764-005056b235ad"}
{"EventID": "210", "Channel": "Microsoft-Windows-AppModel-Runtime/Admin", "Provider_Name": "Microsoft-Windows-AppModel-Runtime", "Computer": "DESKTOP-OFJ6N53", "TimeCreated": "2025-08-04 08:12:40.911152+00:00", "RecordID": "13009", "Level": "4", "UserID": "S-1-5-18", "EventData.PackageName": "Microsoft.YourPhone_1.25061.51.0_x64__8wekyb3d8bbwe", "EventData.ContainerName": "Microsoft.YourPhone_1.25061.51.0_x64__8wekyb3d8bbwe-S-1-5-21-963789628-1060504924-4285088085-1001", "EventData.ContainerId": "d3fcacf5-6de4-11f0-a764-005056b235ad"}
{"EventID": "211", "Channel": "Microsoft-Windows-AppModel-Runtime/Admin", "Provider_Name": "Microsoft-Windows-AppModel-Runtime", "Computer": "DESKTOP-OFJ6N53", "TimeCreated": "2025-08-04 08:12:40.911200+00:00", "RecordID": "13010", "Level": "4", "UserID": "S-1-5-18", "EventData.ProcessID": "8228", "EventData.PackageName": "Microsoft.YourPhone_1.25061.51.0_x64__8wekyb3d8bbwe", "EventData.ContainerId": "d3fcacf5-6de4-11f0-a764-005056b235ad"}
{"EventID": "210", "Channel": "Microsoft-Windows-AppModel-Runtime/Admin", "Provider_Name": "Microsoft-Windows-AppModel-Runtime", "Computer": "DESKTOP-OFJ6N53", "TimeCreated": "2025-08-04 12:35:39.547356+00:00", "RecordID": "13011", "Level": "4", "UserID": "S-1-5-18", "EventData.PackageName": "Microsoft.MicrosoftOfficeHub_19.2507.59091.0_x64__8wekyb3d8bbwe", "EventData.ContainerName": "Microsoft.MicrosoftOfficeHub_19.2507.59091.0_x64__8wekyb3d8bbwe-S-1-5-21-963789628-1060504924-4285088085-1001", "EventData.ContainerId": "d3fcafc5-6de4-11f0-a764-005056b235ad"}
{"EventID": "211", "Channel": "Microsoft-Windows-AppModel-Runtime/Admin", "Provider_Name": "Microsoft-Windows-AppModel-Runtime", "Computer": "DESKTOP-OFJ6N53", "TimeCreated": "2025-08-04 12:35:39.547398+00:00", "RecordID": "13012", "Level": "4", "UserID": "S-1-5-18", "EventData.ProcessID": "9284", "EventData.PackageName": "Microsoft.MicrosoftOfficeHub_19.2507.59091.0_x64__8wekyb3d8bbwe", "EventData.ContainerId": "d3fcafc5-6de4-11f0-a764-005056b235ad"}
{"EventID": "217", "Channel": "Microsoft-Windows-AppModel-Runtime/Admin", "Provider_Name": "Microsoft-Windows-AppModel-Runtime", "Computer": "DESKTOP-OFJ6N53", "TimeCreated": "2025-08-04 12:35:44.996067+00:00", "RecordID": "13013", "Level": "4", "UserID": "S-1-5-18", "EventData.PackageName": "Microsoft.MicrosoftOfficeHub_19.2507.59091.0_x64__8wekyb3d8bbwe", "EventData.ContainerId": "d3fcafc5-6de4-11f0-a764-005056b235ad"}
{"EventID": "210", "Channel": "Microsoft-Windows-AppModel-Runtime/Admin", "Provider_Name": "Microsoft-Windows-AppModel-Runtime", "Computer": "DESKTOP-OFJ6N53", "TimeCreated": "2025-08-04 12:36:47.169357+00:00", "RecordID": "13014", "Level": "4", "UserID": "S-1-5-18", "EventData.PackageName": "Microsoft.MicrosoftOfficeHub_19.2507.59091.0_x64__8wekyb3d8bbwe", "EventData.ContainerName": "Microsoft.MicrosoftOfficeHub_19.2507.59091.0_x64__8wekyb3d8bbwe-S-1-5-21-963789628-1060504924-4285088085-1001", "EventData.ContainerId": "d3fcafd4-6de4-11f0-a764-005056b235ad"}
{"EventID": "211", "Channel": "Microsoft-Windows-AppModel-Runtime/Admin", "Provider_Name": "Microsoft-Windows-AppModel-Runtime", "Computer": "DESKTOP-OFJ6N53", "TimeCreated": "2025-08-04 12:36:47.169411+00:00", "RecordID": "13015", "Level": "4", "UserID": "S-1-5-18", "EventData.ProcessID": "5204", "EventData.PackageName": "Microsoft.MicrosoftOfficeHub_19.2507.59091.0_x64__8wekyb3d8bbwe", "EventData.ContainerId": "d3fcafd4-6de4-11f0-a764-005056b235ad"}
{"EventID": "217", "Channel": "Microsoft-Windows-AppModel-Runtime/Admin", "Provider_Name": "Microsoft-Windows-AppModel-Runtime", "Computer": "DESKTOP-OFJ6N53", "TimeCreated": "2025-08-04 15:45:05.958988+00:00", "RecordID": "13016", "Level": "4", "UserID": "S-1-5-18", "EventData.PackageName": "Microsoft.YourPhone_1.25061.51.0_x64__8wekyb3d8bbwe", "EventData.ContainerId": "d3fcacf5-6de4-11f0-a764-005056b235ad"}
{"EventID": "210", "Channel": "Microsoft-Windows-AppModel-Runtime/Admin", "Provider_Name": "Microsoft-Windows-AppModel-Runtime", "Computer": "DESKTOP-OFJ6N53", "TimeCreated": "2025-08-04 20:12:43.907459+00:00", "RecordID": "13017", "Level": "4", "UserID": "S-1-5-18", "EventData.PackageName": "Microsoft.YourPhone_1.25061.51.0_x64__8wekyb3d8bbwe", "EventData.ContainerName": "Microsoft.YourPhone_1.25061.51.0_x64__8wekyb3d8bbwe-S-1-5-21-963789628-1060504924-4285088085-1001", "EventData.ContainerId": "d3fcb349-6de4-11f0-a764-005056b235ad"}
{"EventID": "211", "Channel": "Microsoft-Windows-AppModel-Runtime/Admin", "Provider_Name": "Microsoft-Windows-AppModel-Runtime", "Computer": "DESKTOP-OFJ6N53", "TimeCreated": "2025-08-04 20:12:43.907501+00:00", "RecordID": "13018", "Level": "4", "UserID": "S-1-5-18", "EventData.ProcessID": "3924", "EventData.PackageName": "Microsoft.YourPhone_1.25061.51.0_x64__8wekyb3d8bbwe", "EventData.ContainerId": "d3fcb349-6de4-11f0-a764-005056b235ad"}
{"EventID": "217", "Channel": "Microsoft-Windows-AppModel-Runtime/Admin", "Provider_Name": "Microsoft-Windows-AppModel-Runtime", "Computer": "DESKTOP-OFJ6N53", "TimeCreated": "2025-08-05 04:14:41.562944+00:00", "RecordID": "13019", "Level": "4", "UserID": "S-1-5-18", "EventData.PackageName": "Microsoft.YourPhone_1.25061.51.0_x64__8wekyb3d8bbwe", "EventData.ContainerId": "d3fcb349-6de4-11f0-a764-005056b235ad"}
{"EventID": "210", "Channel": "Microsoft-Windows-AppModel-Runtime/Admin", "Provider_Name": "Microsoft-Windows-AppModel-Runtime", "Computer": "DESKTOP-OFJ6N53", "TimeCreated": "2025-08-05 07:36:20.351479+00:00", "RecordID": "13020", "Level": "4", "UserID": "S-1-5-18", "EventData.PackageName": "Microsoft.YourPhone_1.25061.51.0_x64__8wekyb3d8bbwe", "EventData.ContainerName": "Microsoft.YourPhone_1.25061.51.0_x64__8wekyb3d8bbwe-S-1-5-21-963789628-1060504924-4285088085-1001", "EventData.ContainerId": "9fed5037-716f-11f0-a764-005056b235ad"}
{"EventID": "211", "Channel": "Microsoft-Windows-AppModel-Runtime/Admin", "Provider_Name": "Microsoft-Windows-AppModel-Runtime", "Computer": "DESKTOP-OFJ6N53", "TimeCreated": "2025-08-05 07:36:20.351532+00:00", "RecordID": "13021", "Level": "4", "UserID": "S-1-5-18", "EventData.ProcessID": "2692", "EventData.PackageName": "Microsoft.YourPhone_1.25061.51.0_x64__8wekyb3d8bbwe", "EventData.ContainerId": "9fed5037-716f-11f0-a764-005056b235ad"}
{"EventID": "201", "Channel": "Microsoft-Windows-AppModel-Runtime/Admin", "Provider_Name": "Microsoft-Windows-AppModel-Runtime", "Computer": "DESKTOP-OFJ6N53", "TimeCreated": "2025-08-05 11:22:38.657476+00:00", "RecordID": "13022", "Level": "4", "UserID": "S-1-5-18", "EventData.ProcessID": "14092", "EventData.PackageName": "Microsoft.MicrosoftEdge.Stable_138.0.3351.109_neutral__8wekyb3d8bbwe", "EventData.ImageName": "identity_helper.exe", "EventData.ApplicationName": "Microsoft.MicrosoftEdge.Stable_8wekyb3d8bbwe!App", "EventData.Message": "[FinishPackageActivation]"}
{"EventID": "40", "Channel": "Microsoft-Windows-AppModel-Runtime/Admin", "Provider_Name": "Microsoft-Windows-AppModel-Runtime", "Computer": "DESKTOP-OFJ6N53", "TimeCreated": "2025-08-05 11:25:37.562895+00:00", "RecordID": "13023", "Level": "4", "UserID": "S-1-5-21-963789628-1060504924-4285088085-1001", "EventData.AppContainerName": "onecore\\ds\\security\\gina\\profile\\profext\\appcontainer.cpp Line:1813 Chrome Sandbox cr.sb.odmF5200EAFD3AD904629CBB0F87A78A3C7211081FE"}
{"EventID": "217", "Channel": "Microsoft-Windows-AppModel-Runtime/Admin", "Provider_Name": "Microsoft-Windows-AppModel-Runtime", "Computer": "DESKTOP-OFJ6N53", "TimeCreated": "2025-08-05 15:00:06.012917+00:00", "RecordID": "13024", "Level": "4", "UserID": "S-1-5-18", "EventData.PackageName": "Microsoft.YourPhone_1.25061.51.0_x64__8wekyb3d8bbwe", "EventData.ContainerId": "9fed5037-716f-11f0-a764-005056b235ad"}
{"EventID": "210", "Channel": "Microsoft-Windows-AppModel-Runtime/Admin", "Provider_Name": "Microsoft-Windows-AppModel-Runtime", "Computer": "DESKTOP-OFJ6N53", "TimeCreated": "2025-08-05 20:11:58.382280+00:00", "RecordID": "13025", "Level": "4", "UserID": "S-1-5-18", "EventData.PackageName": "Microsoft.YourPhone_1.25061.51.0_x64__8wekyb3d8bbwe", "EventData.ContainerName": "Microsoft.YourPhone_1.25061.51.0_x64__8wekyb3d8bbwe-S-1-5-21-963789628-1060504924-4285088085-1001", "EventData.ContainerId": "9fed5a69-716f-11f0-a764-005056b235ad"}
{"EventID": "211", "Channel": "Microsoft-Windows-AppModel-Runtime/Admin", "Provider_Name": "Microsoft-Windows-AppModel-Runtime", "Computer": "DESKTOP-OFJ6N53", "TimeCreated": "2025-08-05 20:11:58.382328+00:00", "RecordID": "13026", "Level": "4", "UserID": "S-1-5-18", "EventData.ProcessID": "6048", "EventData.PackageName": "Microsoft.YourPhone_1.25061.51.0_x64__8wekyb3d8bbwe", "EventData.ContainerId": "9fed5a69-716f-11f0-a764-005056b235ad"}
{"EventID": "217", "Channel": "Microsoft-Windows-AppModel-Runtime/Admin", "Provider_Name": "Microsoft-Windows-AppModel-Runtime", "Computer": "DESKTOP-OFJ6N53", "TimeCreated": "2025-08-06 04:14:16.424095+00:00", "RecordID": "13027", "Level": "4", "UserID": "S-1-5-18", "EventData.PackageName": "Microsoft.YourPhone_1.25061.51.0_x64__8wekyb3d8bbwe", "EventData.ContainerId": "9fed5a69-716f-11f0-a764-005056b235ad"}
{"EventID": "210", "Channel": "Microsoft-Windows-AppModel-Runtime/Admin", "Provider_Name": "Microsoft-Windows-AppModel-Runtime", "Computer": "DESKTOP-OFJ6N53", "TimeCreated": "2025-08-06 07:01:15.315434+00:00", "RecordID": "13028", "Level": "4", "UserID": "S-1-5-18", "EventData.PackageName": "Microsoft.YourPhone_1.25061.51.0_x64__8wekyb3d8bbwe", "EventData.ContainerName": "Microsoft.YourPhone_1.25061.51.0_x64__8wekyb3d8bbwe-S-1-5-21-963789628-1060504924-4285088085-1001", "EventData.ContainerId": "9fed5d47-716f-11f0-a764-005056b235ad"}
{"EventID": "211", "Channel": "Microsoft-Windows-AppModel-Runtime/Admin", "Provider_Name": "Microsoft-Windows-AppModel-Runtime", "Computer": "DESKTOP-OFJ6N53", "TimeCreated": "2025-08-06 07:01:15.315487+00:00", "RecordID": "13029", "Level": "4", "UserID": "S-1-5-18", "EventData.ProcessID": "4308", "EventData.PackageName": "Microsoft.YourPhone_1.25061.51.0_x64__8wekyb3d8bbwe", "EventData.ContainerId": "9fed5d47-716f-11f0-a764-005056b235ad"}
{"EventID": "70", "Channel": "Microsoft-Windows-AppModel-Runtime/Admin", "Provider_Name": "Microsoft-Windows-AppModel-Runtime", "Computer": "DESKTOP-OFJ6N53", "TimeCreated": "2025-08-06 12:04:37.585722+00:00", "RecordID": "13030", "Level": "4", "UserID": "S-1-5-18", "EventData.PackageFullName": "Microsoft.StorePurchaseApp_22505.1401.1.0_x64__8wekyb3d8bbwe", "EventData.User": "S-1-5-21-963789628-1060504924-4285088085-1001", "EventData.DesiredStatus": "32", "EventData.CurrentStatus": "0"}
{"EventID": "69", "Channel": "Microsoft-Windows-AppModel-Runtime/Admin", "Provider_Name": "Microsoft-Windows-AppModel-Runtime", "Computer": "DESKTOP-OFJ6N53", "TimeCreated": "2025-08-06 12:04:37.585999+00:00", "RecordID": "13031", "Level": "4", "UserID": "S-1-5-18", "EventData.ErrorCode": "1168", "EventData.PackageFullName": "Microsoft.StorePurchaseApp_22506.1401.3.0_x64__8wekyb3d8bbwe", "EventData.User": "S-1-5-21-963789628-1060504924-4285088085-1001", "EventData.DesiredStatus": "32", "EventData.CurrentStatus": "0"}
{"EventID": "42", "Channel": "Microsoft-Windows-AppModel-Runtime/Admin", "Provider_Name": "Microsoft-Windows-AppModel-Runtime", "Computer": "DESKTOP-OFJ6N53", "TimeCreated": "2025-08-06 12:04:37.850367+00:00", "RecordID": "13032", "Level": "4", "UserID": "S-1-5-21-963789628-1060504924-4285088085-1001", "EventData.AppContainerName": "Microsoft.StorePurchaseApp_8wekyb3d8bbwe"}
{"EventID": "70", "Channel": "Microsoft-Windows-AppModel-Runtime/Admin", "Provider_Name": "Microsoft-Windows-AppModel-Runtime", "Computer": "DESKTOP-OFJ6N53", "TimeCreated": "2025-08-06 12:04:38.501104+00:00", "RecordID": "13033", "Level": "4", "UserID": "S-1-5-18", "EventData.PackageFullName": "Microsoft.StorePurchaseApp_22506.1401.3.0_x64__8wekyb3d8bbwe", "EventData.User": "S-1-5-21-963789628-1060504924-4285088085-1001", "EventData.DesiredStatus": "0", "EventData.CurrentStatus": "32"}
{"EventID": "217", "Channel": "Microsoft-Windows-AppModel-Runtime/Admin", "Provider_Name": "Microsoft-Windows-AppModel-Runtime", "Computer": "DESKTOP-OFJ6N53", "TimeCreated": "2025-08-06 14:00:06.180323+00:00", "RecordID": "13034", "Level": "4", "UserID": "S-1-5-18", "EventData.PackageName": "Microsoft.YourPhone_1.25061.51.0_x64__8wekyb3d8bbwe", "EventData.ContainerId": "9fed5d47-716f-11f0-a764-005056b235ad"}
{"EventID": "210", "Channel": "Microsoft-Windows-AppModel-Runtime/Admin", "Provider_Name": "Microsoft-Windows-AppModel-Runtime", "Computer": "DESKTOP-OFJ6N53", "TimeCreated": "2025-08-06 18:40:03.016603+00:00", "RecordID": "13035", "Level": "4", "UserID": "S-1-5-18", "EventData.PackageName": "Microsoft.XboxGamingOverlay_7.325.7090.0_x64__8wekyb3d8bbwe", "EventData.ContainerName": "Microsoft.XboxGamingOverlay_7.325.7090.0_x64__8wekyb3d8bbwe-S-1-5-21-963789628-1060504924-4285088085-1001", "EventData.ContainerId": "9fed63f2-716f-11f0-a764-005056b235ad"}
{"EventID": "211", "Channel": "Microsoft-Windows-AppModel-Runtime/Admin", "Provider_Name": "Microsoft-Windows-AppModel-Runtime", "Computer": "DESKTOP-OFJ6N53", "TimeCreated": "2025-08-06 18:40:03.016649+00:00", "RecordID": "13036", "Level": "4", "UserID": "S-1-5-18", "EventData.ProcessID": "12680", "EventData.PackageName": "Microsoft.XboxGamingOverlay_7.325.7090.0_x64__8wekyb3d8bbwe", "EventData.ContainerId": "9fed63f2-716f-11f0-a764-005056b235ad"}
{"EventID": "217", "Channel": "Microsoft-Windows-AppModel-Runtime/Admin", "Provider_Name": "Microsoft-Windows-AppModel-Runtime", "Computer": "DESKTOP-OFJ6N53", "TimeCreated": "2025-08-06 18:45:02.908907+00:00", "RecordID": "13037", "Level": "4", "UserID": "S-1-5-18", "EventData.PackageName": "Microsoft.XboxGamingOverlay_7.325.7090.0_x64__8wekyb3d8bbwe", "EventData.ContainerId": "9fed63f2-716f-11f0-a764-005056b235ad"}
{"EventID": "210", "Channel": "Microsoft-Windows-AppModel-Runtime/Admin", "Provider_Name": "Microsoft-Windows-AppModel-Runtime", "Computer": "DESKTOP-OFJ6N53", "TimeCreated": "2025-08-06 20:12:01.901522+00:00", "RecordID": "13038", "Level": "4", "UserID": "S-1-5-18", "EventData.PackageName": "Microsoft.YourPhone_1.25061.51.0_x64__8wekyb3d8bbwe", "EventData.ContainerName": "Microsoft.YourPhone_1.25061.51.0_x64__8wekyb3d8bbwe-S-1-5-21-963789628-1060504924-4285088085-1001", "EventData.ContainerId": "9fed646b-716f-11f0-a764-005056b235ad"}
{"EventID": "211", "Channel": "Microsoft-Windows-AppModel-Runtime/Admin", "Provider_Name": "Microsoft-Windows-AppModel-Runtime", "Computer": "DESKTOP-OFJ6N53", "TimeCreated": "2025-08-06 20:12:01.901566+00:00", "RecordID": "13039", "Level": "4", "UserID": "S-1-5-18", "EventData.ProcessID": "8028", "EventData.PackageName": "Microsoft.YourPhone_1.25061.51.0_x64__8wekyb3d8bbwe", "EventData.ContainerId": "9fed646b-716f-11f0-a764-005056b235ad"}
{"EventID": "201", "Channel": "Microsoft-Windows-AppModel-Runtime/Admin", "Provider_Name": "Microsoft-Windows-AppModel-Runtime", "Computer": "DESKTOP-OFJ6N53", "TimeCreated": "2025-08-07 00:22:40.673397+00:00", "RecordID": "13040", "Level": "4", "UserID": "S-1-5-18", "EventData.ProcessID": "2968", "EventData.PackageName": "Microsoft.MicrosoftEdge.Stable_138.0.3351.109_neutral__8wekyb3d8bbwe", "EventData.ImageName": "identity_helper.exe", "EventData.ApplicationName": "Microsoft.MicrosoftEdge.Stable_8wekyb3d8bbwe!App", "EventData.Message": "[FinishPackageActivation]"}
{"EventID": "217", "Channel": "Microsoft-Windows-AppModel-Runtime/Admin", "Provider_Name": "Microsoft-Windows-AppModel-Runtime", "Computer": "DESKTOP-OFJ6N53", "TimeCreated": "2025-08-07 04:14:21.361162+00:00", "RecordID": "13041", "Level": "4", "UserID": "S-1-5-18", "EventData.PackageName": "Microsoft.YourPhone_1.25061.51.0_x64__8wekyb3d8bbwe", "EventData.ContainerId": "9fed646b-716f-11f0-a764-005056b235ad"}
{"EventID": "210", "Channel": "Microsoft-Windows-AppModel-Runtime/Admin", "Provider_Name": "Microsoft-Windows-AppModel-Runtime", "Computer": "DESKTOP-OFJ6N53", "TimeCreated": "2025-08-07 08:12:07.223217+00:00", "RecordID": "13042", "Level": "4", "UserID": "S-1-5-18", "EventData.PackageName": "Microsoft.YourPhone_1.25061.51.0_x64__8wekyb3d8bbwe", "EventData.ContainerName": "Microsoft.YourPhone_1.25061.51.0_x64__8wekyb3d8bbwe-S-1-5-21-963789628-1060504924-4285088085-1001", "EventData.ContainerId": "9fed67db-716f-11f0-a764-005056b235ad"}
