{"EventID": "505", "Channel": "Microsoft-Windows-Application-Experience/Program-Telemetry", "Provider_Name": "Microsoft-Windows-Application-Experience", "Computer": "DESKTOP-OFJ6N53", "TimeCreated": "2025-04-10 05:55:42.790792+00:00", "RecordID": "16051", "Level": "4", "UserID": "S-1-5-21-963789628-1060504924-4285088085-1001"}
{"EventID": "505", "Channel": "Microsoft-Windows-Application-Experience/Program-Telemetry", "Provider_Name": "Microsoft-Windows-Application-Experience", "Computer": "DESKTOP-OFJ6N53", "TimeCreated": "2025-04-10 16:45:54.159729+00:00", "RecordID": "16052", "Level": "4", "UserID": "S-1-5-21-963789628-1060504924-4285088085-1001"}
{"EventID": "505", "Channel": "Microsoft-Windows-Application-Experience/Program-Telemetry", "Provider_Name": "Microsoft-Windows-Application-Experience", "Computer": "DESKTOP-OFJ6N53", "TimeCreated": "2025-04-10 20:10:14.792131+00:00", "RecordID": "16053", "Level": "4", "UserID": "S-1-5-18"}
{"EventID": "505", "Channel": "Microsoft-Windows-Application-Experience/Program-Telemetry", "Provider_Name": "Microsoft-Windows-Application-Experience", "Computer": "DESKTOP-OFJ6N53", "TimeCreated": "2025-04-10 20:10:14.898758+00:00", "RecordID": "16054", "Level": "4", "UserID": "S-1-5-18"}
{"EventID": "500", "Channel": "Microsoft-Windows-Application-Experience/Program-Telemetry", "Provider_Name": "Microsoft-Windows-Application-Experience", "Computer": "DESKTOP-OFJ6N53", "TimeCreated": "2025-04-10 20:10:15.433821+00:00", "RecordID": "16055", "Level": "4", "UserID": "S-1-5-18"}
{"EventID": "505", "Channel": "Microsoft-Windows-Application-Experience/Program-Telemetry", "Provider_Name": "Microsoft-Windows-Application-Experience", "Computer": "DESKTOP-OFJ6N53", "TimeCreated": "2025-04-10 20:10:15.692743+00:00", "RecordID": "16056", "Level": "4", "UserID": "S-1-5-18"}
{"EventID": "505", "Channel": "Microsoft-Windows-Application-Experience/Program-Telemetry", "Provider_Name": "Microsoft-Windows-Application-Experience", "Computer": "DESKTOP-OFJ6N53", "TimeCreated": "2025-04-10 20:10:31.344940+00:00", "RecordID": "16057", "Level": "4", "UserID": "S-1-5-18"}
{"EventID": "505", "Channel": "Microsoft-Windows-Application-Experience/Program-Telemetry", "Provider_Name": "Microsoft-Windows-Application-Experience", "Computer": "DESKTOP-OFJ6N53", "TimeCreated": "2025-04-10 20:10:31.453667+00:00", "RecordID": "16058", "Level": "4", "UserID": "S-1-5-18"}
{"EventID": "505", "Channel": "Microsoft-Windows-Application-Experience/Program-Telemetry", "Provider_Name": "Microsoft-Windows-Application-Experience", "Computer": "DESKTOP-OFJ6N53", "TimeCreated": "2025-04-14 11:38:22.678822+00:00", "RecordID": "16059", "Level": "4", "UserID": "S-1-5-21-963789628-1060504924-4285088085-1001"}
{"EventID": "505", "Channel": "Microsoft-Windows-Application-Experience/Program-Telemetry", "Provider_Name": "Microsoft-Windows-Application-Experience", "Computer": "DESKTOP-OFJ6N53", "TimeCreated": "2025-04-14 11:38:24.069807+00:00", "RecordID": "16060", "Level": "4", "UserID": "S-1-5-21-963789628-1060504924-4285088085-1001"}
{"EventID": "505", "Channel": "Microsoft-Windows-Application-Experience/Program-Telemetry", "Provider_Name": "Microsoft-Windows-Application-Experience", "Computer": "DESKTOP-OFJ6N53", "TimeCreated": "2025-04-14 11:38:24.382809+00:00", "RecordID": "16061", "Level": "4", "UserID": "S-1-5-21-963789628-1060504924-4285088085-1001"}
{"EventID": "505", "Channel": "Microsoft-Windows-Application-Experience/Program-Telemetry", "Provider_Name": "Microsoft-Windows-Application-Experience", "Computer": "DESKTOP-OFJ6N53", "TimeCreated": "2025-04-14 11:38:25.660460+00:00", "RecordID": "16062", "Level": "4", "UserID": "S-1-5-21-963789628-1060504924-4285088085-1001"}
{"EventID": "500", "Channel": "Microsoft-Windows-Application-Experience/Program-Telemetry", "Provider_Name": "Microsoft-Windows-Application-Experience", "Computer": "DESKTOP-OFJ6N53", "TimeCreated": "2025-04-14 11:39:40.587292+00:00", "RecordID": "16063", "Level": "4", "UserID": "S-1-5-21-963789628-1060504924-4285088085-1001"}
{"EventID": "500", "Channel": "Microsoft-Windows-Application-Experience/Program-Telemetry", "Provider_Name": "Microsoft-Windows-Application-Experience", "Computer": "DESKTOP-OFJ6N53", "TimeCreated": "2025-04-14 11:39:40.762363+00:00", "RecordID": "16064", "Level": "4", "UserID": "S-1-5-21-963789628-1060504924-4285088085-1001"}
{"EventID": "500", "Channel": "Microsoft-Windows-Application-Experience/Program-Telemetry", "Provider_Name": "Microsoft-Windows-Application-Experience", "Computer": "DESKTOP-OFJ6N53", "TimeCreated": "2025-04-14 11:39:41.284277+00:00", "RecordID": "16065", "Level": "4", "UserID": "S-1-5-21-963789628-1060504924-4285088085-1001"}
{"EventID": "500", "Channel": "Microsoft-Windows-Application-Experience/Program-Telemetry", "Provider_Name": "Microsoft-Windows-Application-Experience", "Computer": "DESKTOP-OFJ6N53", "TimeCreated": "2025-04-14 11:39:41.320679+00:00", "RecordID": "16066", "Level": "4", "UserID": "S-1-5-21-963789628-1060504924-4285088085-1001"}
{"EventID": "500", "Channel": "Microsoft-Windows-Application-Experience/Program-Telemetry", "Provider_Name": "Microsoft-Windows-Application-Experience", "Computer": "DESKTOP-OFJ6N53", "TimeCreated": "2025-04-14 11:39:46.400545+00:00", "RecordID": "16067", "Level": "4", "UserID": "S-1-5-21-963789628-1060504924-4285088085-1001"}
{"EventID": "500", "Channel": "Microsoft-Windows-Application-Experience/Program-Telemetry", "Provider_Name": "Microsoft-Windows-Application-Experience", "Computer": "DESKTOP-OFJ6N53", "TimeCreated": "2025-04-14 11:40:11.328785+00:00", "RecordID": "16068", "Level": "4", "UserID": "S-1-5-21-963789628-1060504924-4285088085-1001"}
{"EventID": "500", "Channel": "Microsoft-Windows-Application-Experience/Program-Telemetry", "Provider_Name": "Microsoft-Windows-Application-Experience", "Computer": "DESKTOP-OFJ6N53", "TimeCreated": "2025-04-14 11:40:11.331085+00:00", "RecordID": "16069", "Level": "4", "UserID": "S-1-5-21-963789628-1060504924-4285088085-1001"}
{"EventID": "500", "Channel": "Microsoft-Windows-Application-Experience/Program-Telemetry", "Provider_Name": "Microsoft-Windows-Application-Experience", "Computer": "DESKTOP-OFJ6N53", "TimeCreated": "2025-04-14 11:40:11.336346+00:00", "RecordID": "16070", "Level": "4", "UserID": "S-1-5-21-963789628-1060504924-4285088085-1001"}
{"EventID": "500", "Channel": "Microsoft-Windows-Application-Experience/Program-Telemetry", "Provider_Name": "Microsoft-Windows-Application-Experience", "Computer": "DESKTOP-OFJ6N53", "TimeCreated": "2025-04-14 11:40:49.790560+00:00", "RecordID": "16071", "Level": "4", "UserID": "S-1-5-21-963789628-1060504924-4285088085-1001"}
{"EventID": "500", "Channel": "Microsoft-Windows-Application-Experience/Program-Telemetry", "Provider_Name": "Microsoft-Windows-Application-Experience", "Computer": "DESKTOP-OFJ6N53", "TimeCreated": "2025-04-14 11:41:41.325420+00:00", "RecordID": "16072", "Level": "4", "UserID": "S-1-5-21-963789628-1060504924-4285088085-1001"}
{"EventID": "500", "Channel": "Microsoft-Windows-Application-Experience/Program-Telemetry", "Provider_Name": "Microsoft-Windows-Application-Experience", "Computer": "DESKTOP-OFJ6N53", "TimeCreated": "2025-04-14 11:42:41.442177+00:00", "RecordID": "16073", "Level": "4", "UserID": "S-1-5-21-963789628-1060504924-4285088085-1001"}
{"EventID": "505", "Channel": "Microsoft-Windows-Application-Experience/Program-Telemetry", "Provider_Name": "Microsoft-Windows-Application-Experience", "Computer": "DESKTOP-OFJ6N53", "TimeCreated": "2025-04-14 13:39:17.724316+00:00", "RecordID": "16074", "Level": "4", "UserID": "S-1-5-21-963789628-1060504924-4285088085-1001"}
{"EventID": "505", "Channel": "Microsoft-Windows-Application-Experience/Program-Telemetry", "Provider_Name": "Microsoft-Windows-Application-Experience", "Computer": "DESKTOP-OFJ6N53", "TimeCreated": "2025-04-14 16:46:01.884058+00:00", "RecordID": "16075", "Level": "4", "UserID": "S-1-5-21-963789628-1060504924-4285088085-1001"}
{"EventID": "505", "Channel": "Microsoft-Windows-Application-Experience/Program-Telemetry", "Provider_Name": "Microsoft-Windows-Application-Experience", "Computer": "DESKTOP-OFJ6N53", "TimeCreated": "2025-04-14 19:56:59.042080+00:00", "RecordID": "16076", "Level": "4", "UserID": "S-1-5-21-963789628-1060504924-4285088085-1001"}
{"EventID": "505", "Channel": "Microsoft-Windows-Application-Experience/Program-Telemetry", "Provider_Name": "Microsoft-Windows-Application-Experience", "Computer": "DESKTOP-OFJ6N53", "TimeCreated": "2025-04-15 04:46:00.373533+00:00", "RecordID": "16077", "Level": "4", "UserID": "S-1-5-21-963789628-1060504924-4285088085-1001"}
{"EventID": "500", "Channel": "Microsoft-Windows-Application-Experience/Program-Telemetry", "Provider_Name": "Microsoft-Windows-Application-Experience", "Computer": "DESKTOP-OFJ6N53", "TimeCreated": "2025-04-15 09:56:27.894535+00:00", "RecordID": "16078", "Level": "4", "UserID": "S-1-5-21-963789628-1060504924-4285088085-1001"}
{"EventID": "500", "Channel": "Microsoft-Windows-Application-Experience/Program-Telemetry", "Provider_Name": "Microsoft-Windows-Application-Experience", "Computer": "DESKTOP-OFJ6N53", "TimeCreated": "2025-04-15 09:56:28.148109+00:00", "RecordID": "16079", "Level": "4", "UserID": "S-1-5-21-963789628-1060504924-4285088085-1001"}
{"EventID": "500", "Channel": "Microsoft-Windows-Application-Experience/Program-Telemetry", "Provider_Name": "Microsoft-Windows-Application-Experience", "Computer": "DESKTOP-OFJ6N53", "TimeCreated": "2025-04-15 11:40:40.334320+00:00", "RecordID": "16080", "Level": "4", "UserID": "S-1-5-21-963789628-1060504924-4285088085-1001"}
{"EventID": "500", "Channel": "Microsoft-Windows-Application-Experience/Program-Telemetry", "Provider_Name": "Microsoft-Windows-Application-Experience", "Computer": "DESKTOP-OFJ6N53", "TimeCreated": "2025-04-15 11:40:40.347460+00:00", "RecordID": "16081", "Level": "4", "UserID": "S-1-5-21-963789628-1060504924-4285088085-1001"}
{"EventID": "505", "Channel": "Microsoft-Windows-Application-Experience/Program-Telemetry", "Provider_Name": "Microsoft-Windows-Application-Experience", "Computer": "DESKTOP-OFJ6N53", "TimeCreated": "2025-04-15 21:42:26.734137+00:00", "RecordID": "16082", "Level": "4", "UserID": "S-1-5-21-963789628-1060504924-4285088085-1001"}
{"EventID": "505", "Channel": "Microsoft-Windows-Application-Experience/Program-Telemetry", "Provider_Name": "Microsoft-Windows-Application-Experience", "Computer": "DESKTOP-OFJ6N53", "TimeCreated": "2025-04-15 21:42:26.794882+00:00", "RecordID": "16083", "Level": "4", "UserID": "S-1-5-21-963789628-1060504924-4285088085-1001"}
{"EventID": "505", "Channel": "Microsoft-Windows-Application-Experience/Program-Telemetry", "Provider_Name": "Microsoft-Windows-Application-Experience", "Computer": "DESKTOP-OFJ6N53", "TimeCreated": "2025-04-15 21:42:27.275536+00:00", "RecordID": "16084", "Level": "4", "UserID": "S-1-5-21-963789628-1060504924-4285088085-1001"}
{"EventID": "500", "Channel": "Microsoft-Windows-Application-Experience/Program-Telemetry", "Provider_Name": "Microsoft-Windows-Application-Experience", "Computer": "DESKTOP-OFJ6N53", "TimeCreated": "2025-04-15 22:20:25.316566+00:00", "RecordID": "16085", "Level": "4", "UserID": "S-1-5-18"}
{"EventID": "505", "Channel": "Microsoft-Windows-Application-Experience/Program-Telemetry", "Provider_Name": "Microsoft-Windows-Application-Experience", "Computer": "DESKTOP-OFJ6N53", "TimeCreated": "2025-04-15 22:20:25.595320+00:00", "RecordID": "16086", "Level": "4", "UserID": "S-1-5-18"}
{"EventID": "500", "Channel": "Microsoft-Windows-Application-Experience/Program-Telemetry", "Provider_Name": "Microsoft-Windows-Application-Experience", "Computer": "DESKTOP-OFJ6N53", "TimeCreated": "2025-04-15 22:20:26.083780+00:00", "RecordID": "16087", "Level": "4", "UserID": "S-1-5-18"}
{"EventID": "505", "Channel": "Microsoft-Windows-Application-Experience/Program-Telemetry", "Provider_Name": "Microsoft-Windows-Application-Experience", "Computer": "DESKTOP-OFJ6N53", "TimeCreated": "2025-04-15 22:20:26.339090+00:00", "RecordID": "16088", "Level": "4", "UserID": "S-1-5-18"}
{"EventID": "505", "Channel": "Microsoft-Windows-Application-Experience/Program-Telemetry", "Provider_Name": "Microsoft-Windows-Application-Experience", "Computer": "DESKTOP-OFJ6N53", "TimeCreated": "2025-04-15 22:20:39.389793+00:00", "RecordID": "16089", "Level": "4", "UserID": "S-1-5-18"}
{"EventID": "505", "Channel": "Microsoft-Windows-Application-Experience/Program-Telemetry", "Provider_Name": "Microsoft-Windows-Application-Experience", "Computer": "DESKTOP-OFJ6N53", "TimeCreated": "2025-04-15 22:20:39.503483+00:00", "RecordID": "16090", "Level": "4", "UserID": "S-1-5-18"}
{"EventID": "505", "Channel": "Microsoft-Windows-Application-Experience/Program-Telemetry", "Provider_Name": "Microsoft-Windows-Application-Experience", "Computer": "DESKTOP-OFJ6N53", "TimeCreated": "2025-04-16 09:41:49.720272+00:00", "RecordID": "16091", "Level": "4", "UserID": "S-1-5-21-963789628-1060504924-4285088085-1001"}
{"EventID": "505", "Channel": "Microsoft-Windows-Application-Experience/Program-Telemetry", "Provider_Name": "Microsoft-Windows-Application-Experience", "Computer": "DESKTOP-OFJ6N53", "TimeCreated": "2025-04-16 09:41:49.768759+00:00", "RecordID": "16092", "Level": "4", "UserID": "S-1-5-21-963789628-1060504924-4285088085-1001"}
{"EventID": "505", "Channel": "Microsoft-Windows-Application-Experience/Program-Telemetry", "Provider_Name": "Microsoft-Windows-Application-Experience", "Computer": "DESKTOP-OFJ6N53", "TimeCreated": "2025-04-16 09:41:50.728092+00:00", "RecordID": "16093", "Level": "4", "UserID": "S-1-5-21-963789628-1060504924-4285088085-1001"}
{"EventID": "500", "Channel": "Microsoft-Windows-Application-Experience/Program-Telemetry", "Provider_Name": "Microsoft-Windows-Application-Experience", "Computer": "DESKTOP-OFJ6N53", "TimeCreated": "2025-04-16 11:41:24.045765+00:00", "RecordID": "16094", "Level": "4", "UserID": "S-1-5-21-963789628-1060504924-4285088085-1001"}
{"EventID": "505", "Channel": "Microsoft-Windows-Application-Experience/Program-Telemetry", "Provider_Name": "Microsoft-Windows-Application-Experience", "Computer": "DESKTOP-OFJ6N53", "TimeCreated": "2025-04-16 15:09:35.726900+00:00", "RecordID": "16095", "Level": "4", "UserID": "S-1-5-21-963789628-1060504924-4285088085-1001"}
{"EventID": "505", "Channel": "Microsoft-Windows-Application-Experience/Program-Telemetry", "Provider_Name": "Microsoft-Windows-Application-Experience", "Computer": "DESKTOP-OFJ6N53", "TimeCreated": "2025-04-16 15:09:38.830000+00:00", "RecordID": "16096", "Level": "4", "UserID": "S-1-5-21-963789628-1060504924-4285088085-1001"}
{"EventID": "505", "Channel": "Microsoft-Windows-Application-Experience/Program-Telemetry", "Provider_Name": "Microsoft-Windows-Application-Experience", "Computer": "DESKTOP-OFJ6N53", "TimeCreated": "2025-04-16 15:09:43.493732+00:00", "RecordID": "16097", "Level": "4", "UserID": "S-1-5-21-963789628-1060504924-4285088085-1001"}
{"EventID": "505", "Channel": "Microsoft-Windows-Application-Experience/Program-Telemetry", "Provider_Name": "Microsoft-Windows-Application-Experience", "Computer": "DESKTOP-OFJ6N53", "TimeCreated": "2025-04-16 21:42:20.700539+00:00", "RecordID": "16098", "Level": "4", "UserID": "S-1-5-21-963789628-1060504924-4285088085-1001"}
{"EventID": "505", "Channel": "Microsoft-Windows-Application-Experience/Program-Telemetry", "Provider_Name": "Microsoft-Windows-Application-Experience", "Computer": "DESKTOP-OFJ6N53", "TimeCreated": "2025-04-16 21:42:20.749207+00:00", "RecordID": "16099", "Level": "4", "UserID": "S-1-5-21-963789628-1060504924-4285088085-1001"}
{"EventID": "505", "Channel": "Microsoft-Windows-Application-Experience/Program-Telemetry", "Provider_Name": "Microsoft-Windows-Application-Experience", "Computer": "DESKTOP-OFJ6N53", "TimeCreated": "2025-04-16 21:42:21.190630+00:00", "RecordID": "16100", "Level": "4", "UserID": "S-1-5-21-963789628-1060504924-4285088085-1001"}
{"EventID": "505", "Channel": "Microsoft-Windows-Application-Experience/Program-Telemetry", "Provider_Name": "Microsoft-Windows-Application-Experience", "Computer": "DESKTOP-OFJ6N53", "TimeCreated": "2025-04-17 09:41:42.572161+00:00", "RecordID": "16101", "Level": "4", "UserID": "S-1-5-21-963789628-1060504924-4285088085-1001"}
{"EventID": "505", "Channel": "Microsoft-Windows-Application-Experience/Program-Telemetry", "Provider_Name": "Microsoft-Windows-Application-Experience", "Computer": "DESKTOP-OFJ6N53", "TimeCreated": "2025-04-17 09:41:42.620842+00:00", "RecordID": "16102", "Level": "4", "UserID": "S-1-5-21-963789628-1060504924-4285088085-1001"}
{"EventID": "505", "Channel": "Microsoft-Windows-Application-Experience/Program-Telemetry", "Provider_Name": "Microsoft-Windows-Application-Experience", "Computer": "DESKTOP-OFJ6N53", "TimeCreated": "2025-04-17 09:41:43.292618+00:00", "RecordID": "16103", "Level": "4", "UserID": "S-1-5-21-963789628-1060504924-4285088085-1001"}
{"EventID": "505", "Channel": "Microsoft-Windows-Application-Experience/Program-Telemetry", "Provider_Name": "Microsoft-Windows-Application-Experience", "Computer": "DESKTOP-OFJ6N53", "TimeCreated": "2025-04-17 21:41:43.332554+00:00", "RecordID": "16104", "Level": "4", "UserID": "S-1-5-21-963789628-1060504924-4285088085-1001"}
{"EventID": "505", "Channel": "Microsoft-Windows-Application-Experience/Program-Telemetry", "Provider_Name": "Microsoft-Windows-Application-Experience", "Computer": "DESKTOP-OFJ6N53", "TimeCreated": "2025-04-17 21:41:43.389780+00:00", "RecordID": "16105", "Level": "4", "UserID": "S-1-5-21-963789628-1060504924-4285088085-1001"}
{"EventID": "505", "Channel": "Microsoft-Windows-Application-Experience/Program-Telemetry", "Provider_Name": "Microsoft-Windows-Application-Experience", "Computer": "DESKTOP-OFJ6N53", "TimeCreated": "2025-04-17 21:41:43.783916+00:00", "RecordID": "16106", "Level": "4", "UserID": "S-1-5-21-963789628-1060504924-4285088085-1001"}
{"EventID": "500", "Channel": "Microsoft-Windows-Application-Experience/Program-Telemetry", "Provider_Name": "Microsoft-Windows-Application-Experience", "Computer": "DESKTOP-OFJ6N53", "TimeCreated": "2025-04-18 00:20:24.913509+00:00", "RecordID": "16107", "Level": "4", "UserID": "S-1-5-18"}
{"EventID": "505", "Channel": "Microsoft-Windows-Application-Experience/Program-Telemetry", "Provider_Name": "Microsoft-Windows-Application-Experience", "Computer": "DESKTOP-OFJ6N53", "TimeCreated": "2025-04-18 00:20:25.208117+00:00", "RecordID": "16108", "Level": "4", "UserID": "S-1-5-18"}
{"EventID": "500", "Channel": "Microsoft-Windows-Application-Experience/Program-Telemetry", "Provider_Name": "Microsoft-Windows-Application-Experience", "Computer": "DESKTOP-OFJ6N53", "TimeCreated": "2025-04-18 00:20:25.760677+00:00", "RecordID": "16109", "Level": "4", "UserID": "S-1-5-18"}
{"EventID": "505", "Channel": "Microsoft-Windows-Application-Experience/Program-Telemetry", "Provider_Name": "Microsoft-Windows-Application-Experience", "Computer": "DESKTOP-OFJ6N53", "TimeCreated": "2025-04-18 00:20:26.023540+00:00", "RecordID": "16110", "Level": "4", "UserID": "S-1-5-18"}
{"EventID": "505", "Channel": "Microsoft-Windows-Application-Experience/Program-Telemetry", "Provider_Name": "Microsoft-Windows-Application-Experience", "Computer": "DESKTOP-OFJ6N53", "TimeCreated": "2025-04-18 00:20:40.354635+00:00", "RecordID": "16111", "Level": "4", "UserID": "S-1-5-18"}
{"EventID": "505", "Channel": "Microsoft-Windows-Application-Experience/Program-Telemetry", "Provider_Name": "Microsoft-Windows-Application-Experience", "Computer": "DESKTOP-OFJ6N53", "TimeCreated": "2025-04-18 00:20:40.540096+00:00", "RecordID": "16112", "Level": "4", "UserID": "S-1-5-18"}
{"EventID": "505", "Channel": "Microsoft-Windows-Application-Experience/Program-Telemetry", "Provider_Name": "Microsoft-Windows-Application-Experience", "Computer": "DESKTOP-OFJ6N53", "TimeCreated": "2025-04-18 09:42:48.940853+00:00", "RecordID": "16113", "Level": "4", "UserID": "S-1-5-21-963789628-1060504924-4285088085-1001"}
{"EventID": "505", "Channel": "Microsoft-Windows-Application-Experience/Program-Telemetry", "Provider_Name": "Microsoft-Windows-Application-Experience", "Computer": "DESKTOP-OFJ6N53", "TimeCreated": "2025-04-18 09:42:48.995886+00:00", "RecordID": "16114", "Level": "4", "UserID": "S-1-5-21-963789628-1060504924-4285088085-1001"}
{"EventID": "505", "Channel": "Microsoft-Windows-Application-Experience/Program-Telemetry", "Provider_Name": "Microsoft-Windows-Application-Experience", "Computer": "DESKTOP-OFJ6N53", "TimeCreated": "2025-04-18 09:42:50.616270+00:00", "RecordID": "16115", "Level": "4", "UserID": "S-1-5-21-963789628-1060504924-4285088085-1001"}
{"EventID": "505", "Channel": "Microsoft-Windows-Application-Experience/Program-Telemetry", "Provider_Name": "Microsoft-Windows-Application-Experience", "Computer": "DESKTOP-OFJ6N53", "TimeCreated": "2025-04-18 13:45:04.078785+00:00", "RecordID": "16116", "Level": "4", "UserID": "S-1-5-21-963789628-1060504924-4285088085-1001"}
{"EventID": "505", "Channel": "Microsoft-Windows-Application-Experience/Program-Telemetry", "Provider_Name": "Microsoft-Windows-Application-Experience", "Computer": "DESKTOP-OFJ6N53", "TimeCreated": "2025-04-18 13:45:04.321428+00:00", "RecordID": "16117", "Level": "4", "UserID": "S-1-5-21-963789628-1060504924-4285088085-1001"}
{"EventID": "505", "Channel": "Microsoft-Windows-Application-Experience/Program-Telemetry", "Provider_Name": "Microsoft-Windows-Application-Experience", "Computer": "DESKTOP-OFJ6N53", "TimeCreated": "2025-04-18 21:42:21.353991+00:00", "RecordID": "16118", "Level": "4", "UserID": "S-1-5-21-963789628-1060504924-4285088085-1001"}
{"EventID": "505", "Channel": "Microsoft-Windows-Application-Experience/Program-Telemetry", "Provider_Name": "Microsoft-Windows-Application-Experience", "Computer": "DESKTOP-OFJ6N53", "TimeCreated": "2025-04-18 21:42:21.403307+00:00", "RecordID": "16119", "Level": "4", "UserID": "S-1-5-21-963789628-1060504924-4285088085-1001"}
{"EventID": "505", "Channel": "Microsoft-Windows-Application-Experience/Program-Telemetry", "Provider_Name": "Microsoft-Windows-Application-Experience", "Computer": "DESKTOP-OFJ6N53", "TimeCreated": "2025-04-18 21:42:21.788607+00:00", "RecordID": "16120", "Level": "4", "UserID": "S-1-5-21-963789628-1060504924-4285088085-1001"}
{"EventID": "505", "Channel": "Microsoft-Windows-Application-Experience/Program-Telemetry", "Provider_Name": "Microsoft-Windows-Application-Experience", "Computer": "DESKTOP-OFJ6N53", "TimeCreated": "2025-04-19 09:44:38.595091+00:00", "RecordID": "16121", "Level": "4", "UserID": "S-1-5-21-963789628-1060504924-4285088085-1001"}
{"EventID": "505", "Channel": "Microsoft-Windows-Application-Experience/Program-Telemetry", "Provider_Name": "Microsoft-Windows-Application-Experience", "Computer": "DESKTOP-OFJ6N53", "TimeCreated": "2025-04-19 09:44:38.644787+00:00", "RecordID": "16122", "Level": "4", "UserID": "S-1-5-21-963789628-1060504924-4285088085-1001"}
{"EventID": "505", "Channel": "Microsoft-Windows-Application-Experience/Program-Telemetry", "Provider_Name": "Microsoft-Windows-Application-Experience", "Computer": "DESKTOP-OFJ6N53", "TimeCreated": "2025-04-19 09:44:39.254566+00:00", "RecordID": "16123", "Level": "4", "UserID": "S-1-5-21-963789628-1060504924-4285088085-1001"}
{"EventID": "505", "Channel": "Microsoft-Windows-Application-Experience/Program-Telemetry", "Provider_Name": "Microsoft-Windows-Application-Experience", "Computer": "DESKTOP-OFJ6N53", "TimeCreated": "2025-04-19 21:42:01.160435+00:00", "RecordID": "16124", "Level": "4", "UserID": "S-1-5-21-963789628-1060504924-4285088085-1001"}
{"EventID": "505", "Channel": "Microsoft-Windows-Application-Experience/Program-Telemetry", "Provider_Name": "Microsoft-Windows-Application-Experience", "Computer": "DESKTOP-OFJ6N53", "TimeCreated": "2025-04-19 21:42:01.229061+00:00", "RecordID": "16125", "Level": "4", "UserID": "S-1-5-21-963789628-1060504924-4285088085-1001"}
{"EventID": "505", "Channel": "Microsoft-Windows-Application-Experience/Program-Telemetry", "Provider_Name": "Microsoft-Windows-Application-Experience", "Computer": "DESKTOP-OFJ6N53", "TimeCreated": "2025-04-19 21:42:01.727659+00:00", "RecordID": "16126", "Level": "4", "UserID": "S-1-5-21-963789628-1060504924-4285088085-1001"}
{"EventID": "505", "Channel": "Microsoft-Windows-Application-Experience/Program-Telemetry", "Provider_Name": "Microsoft-Windows-Application-Experience", "Computer": "DESKTOP-OFJ6N53", "TimeCreated": "2025-04-20 09:46:49.767096+00:00", "RecordID": "16127", "Level": "4", "UserID": "S-1-5-21-963789628-1060504924-4285088085-1001"}
{"EventID": "505", "Channel": "Microsoft-Windows-Application-Experience/Program-Telemetry", "Provider_Name": "Microsoft-Windows-Application-Experience", "Computer": "DESKTOP-OFJ6N53", "TimeCreated": "2025-04-20 09:46:49.824396+00:00", "RecordID": "16128", "Level": "4", "UserID": "S-1-5-21-963789628-1060504924-4285088085-1001"}
{"EventID": "505", "Channel": "Microsoft-Windows-Application-Experience/Program-Telemetry", "Provider_Name": "Microsoft-Windows-Application-Experience", "Computer": "DESKTOP-OFJ6N53", "TimeCreated": "2025-04-20 09:46:50.456274+00:00", "RecordID": "16129", "Level": "4", "UserID": "S-1-5-21-963789628-1060504924-4285088085-1001"}
{"EventID": "505", "Channel": "Microsoft-Windows-Application-Experience/Program-Telemetry", "Provider_Name": "Microsoft-Windows-Application-Experience", "Computer": "DESKTOP-OFJ6N53", "TimeCreated": "2025-04-20 21:41:56.740076+00:00", "RecordID": "16130", "Level": "4", "UserID": "S-1-5-21-963789628-1060504924-4285088085-1001"}
{"EventID": "505", "Channel": "Microsoft-Windows-Application-Experience/Program-Telemetry", "Provider_Name": "Microsoft-Windows-Application-Experience", "Computer": "DESKTOP-OFJ6N53", "TimeCreated": "2025-04-20 21:41:56.798700+00:00", "RecordID": "16131", "Level": "4", "UserID": "S-1-5-21-963789628-1060504924-4285088085-1001"}
{"EventID": "505", "Channel": "Microsoft-Windows-Application-Experience/Program-Telemetry", "Provider_Name": "Microsoft-Windows-Application-Experience", "Computer": "DESKTOP-OFJ6N53", "TimeCreated": "2025-04-20 21:41:57.299667+00:00", "RecordID": "16132", "Level": "4", "UserID": "S-1-5-21-963789628-1060504924-4285088085-1001"}
{"EventID": "505", "Channel": "Microsoft-Windows-Application-Experience/Program-Telemetry", "Provider_Name": "Microsoft-Windows-Application-Experience", "Computer": "DESKTOP-OFJ6N53", "TimeCreated": "2025-04-21 09:43:38.349096+00:00", "RecordID": "16133", "Level": "4", "UserID": "S-1-5-21-963789628-1060504924-4285088085-1001"}
{"EventID": "505", "Channel": "Microsoft-Windows-Application-Experience/Program-Telemetry", "Provider_Name": "Microsoft-Windows-Application-Experience", "Computer": "DESKTOP-OFJ6N53", "TimeCreated": "2025-04-21 09:43:38.405428+00:00", "RecordID": "16134", "Level": "4", "UserID": "S-1-5-21-963789628-1060504924-4285088085-1001"}
{"EventID": "505", "Channel": "Microsoft-Windows-Application-Experience/Program-Telemetry", "Provider_Name": "Microsoft-Windows-Application-Experience", "Computer": "DESKTOP-OFJ6N53", "TimeCreated": "2025-04-21 09:43:39.000628+00:00", "RecordID": "16135", "Level": "4", "UserID": "S-1-5-21-963789628-1060504924-4285088085-1001"}
{"EventID": "505", "Channel": "Microsoft-Windows-Application-Experience/Program-Telemetry", "Provider_Name": "Microsoft-Windows-Application-Experience", "Computer": "DESKTOP-OFJ6N53", "TimeCreated": "2025-04-21 12:47:21.833645+00:00", "RecordID": "16136", "Level": "4", "UserID": "S-1-5-21-963789628-1060504924-4285088085-1001"}
{"EventID": "505", "Channel": "Microsoft-Windows-Application-Experience/Program-Telemetry", "Provider_Name": "Microsoft-Windows-Application-Experience", "Computer": "DESKTOP-OFJ6N53", "TimeCreated": "2025-04-21 12:47:22.101786+00:00", "RecordID": "16137", "Level": "4", "UserID": "S-1-5-21-963789628-1060504924-4285088085-1001"}
{"EventID": "505", "Channel": "Microsoft-Windows-Application-Experience/Program-Telemetry", "Provider_Name": "Microsoft-Windows-Application-Experience", "Computer": "DESKTOP-OFJ6N53", "TimeCreated": "2025-04-21 21:47:49.218611+00:00", "RecordID": "16138", "Level": "4", "UserID": "S-1-5-21-963789628-1060504924-4285088085-1001"}
{"EventID": "505", "Channel": "Microsoft-Windows-Application-Experience/Program-Telemetry", "Provider_Name": "Microsoft-Windows-Application-Experience", "Computer": "DESKTOP-OFJ6N53", "TimeCreated": "2025-04-21 21:47:49.280647+00:00", "RecordID": "16139", "Level": "4", "UserID": "S-1-5-21-963789628-1060504924-4285088085-1001"}
{"EventID": "505", "Channel": "Microsoft-Windows-Application-Experience/Program-Telemetry", "Provider_Name": "Microsoft-Windows-Application-Experience", "Computer": "DESKTOP-OFJ6N53", "TimeCreated": "2025-04-21 21:47:49.730703+00:00", "RecordID": "16140", "Level": "4", "UserID": "S-1-5-21-963789628-1060504924-4285088085-1001"}
{"EventID": "505", "Channel": "Microsoft-Windows-Application-Experience/Program-Telemetry", "Provider_Name": "Microsoft-Windows-Application-Experience", "Computer": "DESKTOP-OFJ6N53", "TimeCreated": "2025-04-22 09:47:49.238111+00:00", "RecordID": "16141", "Level": "4", "UserID": "S-1-5-21-963789628-1060504924-4285088085-1001"}
{"EventID": "505", "Channel": "Microsoft-Windows-Application-Experience/Program-Telemetry", "Provider_Name": "Microsoft-Windows-Application-Experience", "Computer": "DESKTOP-OFJ6N53", "TimeCreated": "2025-04-22 09:47:49.298058+00:00", "RecordID": "16142", "Level": "4", "UserID": "S-1-5-21-963789628-1060504924-4285088085-1001"}
{"EventID": "505", "Channel": "Microsoft-Windows-Application-Experience/Program-Telemetry", "Provider_Name": "Microsoft-Windows-Application-Experience", "Computer": "DESKTOP-OFJ6N53", "TimeCreated": "2025-04-22 09:47:49.953899+00:00", "RecordID": "16143", "Level": "4", "UserID": "S-1-5-21-963789628-1060504924-4285088085-1001"}
{"EventID": "505", "Channel": "Microsoft-Windows-Application-Experience/Program-Telemetry", "Provider_Name": "Microsoft-Windows-Application-Experience", "Computer": "DESKTOP-OFJ6N53", "TimeCreated": "2025-04-22 14:33:23.588722+00:00", "RecordID": "16144", "Level": "4", "UserID": "S-1-5-21-963789628-1060504924-4285088085-1001"}
{"EventID": "500", "Channel": "Microsoft-Windows-Application-Experience/Program-Telemetry", "Provider_Name": "Microsoft-Windows-Application-Experience", "Computer": "DESKTOP-OFJ6N53", "TimeCreated": "2025-04-22 14:34:21.711315+00:00", "RecordID": "16145", "Level": "4", "UserID": "S-1-5-21-963789628-1060504924-4285088085-1001"}
{"EventID": "505", "Channel": "Microsoft-Windows-Application-Experience/Program-Telemetry", "Provider_Name": "Microsoft-Windows-Application-Experience", "Computer": "DESKTOP-OFJ6N53", "TimeCreated": "2025-04-22 14:34:21.778896+00:00", "RecordID": "16146", "Level": "4", "UserID": "S-1-5-21-963789628-1060504924-4285088085-1001"}
{"EventID": "505", "Channel": "Microsoft-Windows-Application-Experience/Program-Telemetry", "Provider_Name": "Microsoft-Windows-Application-Experience", "Computer": "DESKTOP-OFJ6N53", "TimeCreated": "2025-04-22 21:43:17.058733+00:00", "RecordID": "16147", "Level": "4", "UserID": "S-1-5-21-963789628-1060504924-4285088085-1001"}
{"EventID": "505", "Channel": "Microsoft-Windows-Application-Experience/Program-Telemetry", "Provider_Name": "Microsoft-Windows-Application-Experience", "Computer": "DESKTOP-OFJ6N53", "TimeCreated": "2025-04-22 21:43:17.111217+00:00", "RecordID": "16148", "Level": "4", "UserID": "S-1-5-21-963789628-1060504924-4285088085-1001"}
{"EventID": "505", "Channel": "Microsoft-Windows-Application-Experience/Program-Telemetry", "Provider_Name": "Microsoft-Windows-Application-Experience", "Computer": "DESKTOP-OFJ6N53", "TimeCreated": "2025-04-22 21:43:17.726763+00:00", "RecordID": "16149", "Level": "4", "UserID": "S-1-5-21-963789628-1060504924-4285088085-1001"}
{"EventID": "505", "Channel": "Microsoft-Windows-Application-Experience/Program-Telemetry", "Provider_Name": "Microsoft-Windows-Application-Experience", "Computer": "DESKTOP-OFJ6N53", "TimeCreated": "2025-04-23 00:40:29.217443+00:00", "RecordID": "16150", "Level": "4", "UserID": "S-1-5-18"}
{"EventID": "500", "Channel": "Microsoft-Windows-Application-Experience/Program-Telemetry", "Provider_Name": "Microsoft-Windows-Application-Experience", "Computer": "DESKTOP-OFJ6N53", "TimeCreated": "2025-04-24 11:02:37.465466+00:00", "RecordID": "16151", "Level": "4", "UserID": "S-1-5-21-963789628-1060504924-4285088085-1001"}
{"EventID": "505", "Channel": "Microsoft-Windows-Application-Experience/Program-Telemetry", "Provider_Name": "Microsoft-Windows-Application-Experience", "Computer": "DESKTOP-OFJ6N53", "TimeCreated": "2025-04-24 11:02:39.619982+00:00", "RecordID": "16152", "Level": "4", "UserID": "S-1-5-21-963789628-1060504924-4285088085-1001"}
{"EventID": "505", "Channel": "Microsoft-Windows-Application-Experience/Program-Telemetry", "Provider_Name": "Microsoft-Windows-Application-Experience", "Computer": "DESKTOP-OFJ6N53", "TimeCreated": "2025-04-24 11:02:41.168911+00:00", "RecordID": "16153", "Level": "4", "UserID": "S-1-5-21-963789628-1060504924-4285088085-1001"}
{"EventID": "505", "Channel": "Microsoft-Windows-Application-Experience/Program-Telemetry", "Provider_Name": "Microsoft-Windows-Application-Experience", "Computer": "DESKTOP-OFJ6N53", "TimeCreated": "2025-04-24 11:02:54.927879+00:00", "RecordID": "16154", "Level": "4", "UserID": "S-1-5-21-963789628-1060504924-4285088085-1001"}
{"EventID": "505", "Channel": "Microsoft-Windows-Application-Experience/Program-Telemetry", "Provider_Name": "Microsoft-Windows-Application-Experience", "Computer": "DESKTOP-OFJ6N53", "TimeCreated": "2025-04-24 11:02:55.790617+00:00", "RecordID": "16155", "Level": "4", "UserID": "S-1-5-21-963789628-1060504924-4285088085-1001"}
{"EventID": "500", "Channel": "Microsoft-Windows-Application-Experience/Program-Telemetry", "Provider_Name": "Microsoft-Windows-Application-Experience", "Computer": "DESKTOP-OFJ6N53", "TimeCreated": "2025-04-24 11:02:56.803394+00:00", "RecordID": "16156", "Level": "4", "UserID": "S-1-5-21-963789628-1060504924-4285088085-1001"}
{"EventID": "505", "Channel": "Microsoft-Windows-Application-Experience/Program-Telemetry", "Provider_Name": "Microsoft-Windows-Application-Experience", "Computer": "DESKTOP-OFJ6N53", "TimeCreated": "2025-04-24 11:02:57.770285+00:00", "RecordID": "16157", "Level": "4", "UserID": "S-1-5-21-963789628-1060504924-4285088085-1001"}
{"EventID": "505", "Channel": "Microsoft-Windows-Application-Experience/Program-Telemetry", "Provider_Name": "Microsoft-Windows-Application-Experience", "Computer": "DESKTOP-OFJ6N53", "TimeCreated": "2025-04-24 11:02:58.139318+00:00", "RecordID": "16158", "Level": "4", "UserID": "S-1-5-21-963789628-1060504924-4285088085-1001"}
{"EventID": "500", "Channel": "Microsoft-Windows-Application-Experience/Program-Telemetry", "Provider_Name": "Microsoft-Windows-Application-Experience", "Computer": "DESKTOP-OFJ6N53", "TimeCreated": "2025-04-24 11:03:00.723913+00:00", "RecordID": "16159", "Level": "4", "UserID": "S-1-5-18"}
{"EventID": "505", "Channel": "Microsoft-Windows-Application-Experience/Program-Telemetry", "Provider_Name": "Microsoft-Windows-Application-Experience", "Computer": "DESKTOP-OFJ6N53", "TimeCreated": "2025-04-24 11:03:01.884462+00:00", "RecordID": "16160", "Level": "4", "UserID": "S-1-5-18"}
{"EventID": "505", "Channel": "Microsoft-Windows-Application-Experience/Program-Telemetry", "Provider_Name": "Microsoft-Windows-Application-Experience", "Computer": "DESKTOP-OFJ6N53", "TimeCreated": "2025-04-24 11:03:02.024433+00:00", "RecordID": "16161", "Level": "4", "UserID": "S-1-5-18"}
{"EventID": "505", "Channel": "Microsoft-Windows-Application-Experience/Program-Telemetry", "Provider_Name": "Microsoft-Windows-Application-Experience", "Computer": "DESKTOP-OFJ6N53", "TimeCreated": "2025-04-24 11:03:02.587103+00:00", "RecordID": "16162", "Level": "4", "UserID": "S-1-5-18"}
{"EventID": "500", "Channel": "Microsoft-Windows-Application-Experience/Program-Telemetry", "Provider_Name": "Microsoft-Windows-Application-Experience", "Computer": "DESKTOP-OFJ6N53", "TimeCreated": "2025-04-24 11:03:03.036005+00:00", "RecordID": "16163", "Level": "4", "UserID": "S-1-5-21-963789628-1060504924-4285088085-1001"}
{"EventID": "505", "Channel": "Microsoft-Windows-Application-Experience/Program-Telemetry", "Provider_Name": "Microsoft-Windows-Application-Experience", "Computer": "DESKTOP-OFJ6N53", "TimeCreated": "2025-04-24 11:03:03.743652+00:00", "RecordID": "16164", "Level": "4", "UserID": "S-1-5-21-963789628-1060504924-4285088085-1001"}
{"EventID": "505", "Channel": "Microsoft-Windows-Application-Experience/Program-Telemetry", "Provider_Name": "Microsoft-Windows-Application-Experience", "Computer": "DESKTOP-OFJ6N53", "TimeCreated": "2025-04-24 11:03:08.134651+00:00", "RecordID": "16165", "Level": "4", "UserID": "S-1-5-21-963789628-1060504924-4285088085-1001"}
{"EventID": "505", "Channel": "Microsoft-Windows-Application-Experience/Program-Telemetry", "Provider_Name": "Microsoft-Windows-Application-Experience", "Computer": "DESKTOP-OFJ6N53", "TimeCreated": "2025-04-24 11:03:08.845015+00:00", "RecordID": "16166", "Level": "4", "UserID": "S-1-5-21-963789628-1060504924-4285088085-1001"}
{"EventID": "505", "Channel": "Microsoft-Windows-Application-Experience/Program-Telemetry", "Provider_Name": "Microsoft-Windows-Application-Experience", "Computer": "DESKTOP-OFJ6N53", "TimeCreated": "2025-04-24 11:03:09.120785+00:00", "RecordID": "16167", "Level": "4", "UserID": "S-1-5-21-963789628-1060504924-4285088085-1001"}
{"EventID": "505", "Channel": "Microsoft-Windows-Application-Experience/Program-Telemetry", "Provider_Name": "Microsoft-Windows-Application-Experience", "Computer": "DESKTOP-OFJ6N53", "TimeCreated": "2025-04-24 11:03:15.267082+00:00", "RecordID": "16168", "Level": "4", "UserID": "S-1-5-21-963789628-1060504924-4285088085-1001"}
{"EventID": "505", "Channel": "Microsoft-Windows-Application-Experience/Program-Telemetry", "Provider_Name": "Microsoft-Windows-Application-Experience", "Computer": "DESKTOP-OFJ6N53", "TimeCreated": "2025-04-24 11:03:36.978739+00:00", "RecordID": "16169", "Level": "4", "UserID": "S-1-5-21-963789628-1060504924-4285088085-1001"}
{"EventID": "505", "Channel": "Microsoft-Windows-Application-Experience/Program-Telemetry", "Provider_Name": "Microsoft-Windows-Application-Experience", "Computer": "DESKTOP-OFJ6N53", "TimeCreated": "2025-04-24 11:03:36.990894+00:00", "RecordID": "16170", "Level": "4", "UserID": "S-1-5-21-963789628-1060504924-4285088085-1001"}
{"EventID": "505", "Channel": "Microsoft-Windows-Application-Experience/Program-Telemetry", "Provider_Name": "Microsoft-Windows-Application-Experience", "Computer": "DESKTOP-OFJ6N53", "TimeCreated": "2025-04-24 11:03:37.327789+00:00", "RecordID": "16171", "Level": "4", "UserID": "S-1-5-21-963789628-1060504924-4285088085-1001"}
{"EventID": "505", "Channel": "Microsoft-Windows-Application-Experience/Program-Telemetry", "Provider_Name": "Microsoft-Windows-Application-Experience", "Computer": "DESKTOP-OFJ6N53", "TimeCreated": "2025-04-24 11:03:47.057306+00:00", "RecordID": "16172", "Level": "4", "UserID": "S-1-5-21-963789628-1060504924-4285088085-1001"}
{"EventID": "505", "Channel": "Microsoft-Windows-Application-Experience/Program-Telemetry", "Provider_Name": "Microsoft-Windows-Application-Experience", "Computer": "DESKTOP-OFJ6N53", "TimeCreated": "2025-04-24 11:04:33.958323+00:00", "RecordID": "16173", "Level": "4", "UserID": "S-1-5-21-963789628-1060504924-4285088085-1001"}
{"EventID": "505", "Channel": "Microsoft-Windows-Application-Experience/Program-Telemetry", "Provider_Name": "Microsoft-Windows-Application-Experience", "Computer": "DESKTOP-OFJ6N53", "TimeCreated": "2025-04-24 11:04:34.016640+00:00", "RecordID": "16174", "Level": "4", "UserID": "S-1-5-21-963789628-1060504924-4285088085-1001"}
{"EventID": "505", "Channel": "Microsoft-Windows-Application-Experience/Program-Telemetry", "Provider_Name": "Microsoft-Windows-Application-Experience", "Computer": "DESKTOP-OFJ6N53", "TimeCreated": "2025-04-24 11:04:35.085653+00:00", "RecordID": "16175", "Level": "4", "UserID": "S-1-5-21-963789628-1060504924-4285088085-1001"}
{"EventID": "505", "Channel": "Microsoft-Windows-Application-Experience/Program-Telemetry", "Provider_Name": "Microsoft-Windows-Application-Experience", "Computer": "DESKTOP-OFJ6N53", "TimeCreated": "2025-04-24 11:05:06.970602+00:00", "RecordID": "16176", "Level": "4", "UserID": "S-1-5-21-963789628-1060504924-4285088085-1001"}
{"EventID": "505", "Channel": "Microsoft-Windows-Application-Experience/Program-Telemetry", "Provider_Name": "Microsoft-Windows-Application-Experience", "Computer": "DESKTOP-OFJ6N53", "TimeCreated": "2025-04-24 11:06:07.035755+00:00", "RecordID": "16177", "Level": "4", "UserID": "S-1-5-21-963789628-1060504924-4285088085-1001"}
{"EventID": "505", "Channel": "Microsoft-Windows-Application-Experience/Program-Telemetry", "Provider_Name": "Microsoft-Windows-Application-Experience", "Computer": "DESKTOP-OFJ6N53", "TimeCreated": "2025-04-24 19:25:36.254856+00:00", "RecordID": "16178", "Level": "4", "UserID": "S-1-5-18"}
{"EventID": "505", "Channel": "Microsoft-Windows-Application-Experience/Program-Telemetry", "Provider_Name": "Microsoft-Windows-Application-Experience", "Computer": "DESKTOP-OFJ6N53", "TimeCreated": "2025-04-24 19:25:36.361908+00:00", "RecordID": "16179", "Level": "4", "UserID": "S-1-5-18"}
{"EventID": "500", "Channel": "Microsoft-Windows-Application-Experience/Program-Telemetry", "Provider_Name": "Microsoft-Windows-Application-Experience", "Computer": "DESKTOP-OFJ6N53", "TimeCreated": "2025-04-24 19:25:36.909534+00:00", "RecordID": "16180", "Level": "4", "UserID": "S-1-5-18"}
{"EventID": "505", "Channel": "Microsoft-Windows-Application-Experience/Program-Telemetry", "Provider_Name": "Microsoft-Windows-Application-Experience", "Computer": "DESKTOP-OFJ6N53", "TimeCreated": "2025-04-24 19:25:37.163864+00:00", "RecordID": "16181", "Level": "4", "UserID": "S-1-5-18"}
{"EventID": "505", "Channel": "Microsoft-Windows-Application-Experience/Program-Telemetry", "Provider_Name": "Microsoft-Windows-Application-Experience", "Computer": "DESKTOP-OFJ6N53", "TimeCreated": "2025-04-24 19:25:52.580385+00:00", "RecordID": "16182", "Level": "4", "UserID": "S-1-5-18"}
{"EventID": "505", "Channel": "Microsoft-Windows-Application-Experience/Program-Telemetry", "Provider_Name": "Microsoft-Windows-Application-Experience", "Computer": "DESKTOP-OFJ6N53", "TimeCreated": "2025-04-24 19:25:52.688339+00:00", "RecordID": "16183", "Level": "4", "UserID": "S-1-5-18"}
{"EventID": "505", "Channel": "Microsoft-Windows-Application-Experience/Program-Telemetry", "Provider_Name": "Microsoft-Windows-Application-Experience", "Computer": "DESKTOP-OFJ6N53", "TimeCreated": "2025-04-24 22:55:24.756783+00:00", "RecordID": "16184", "Level": "4", "UserID": "S-1-5-21-963789628-1060504924-4285088085-1001"}
{"EventID": "505", "Channel": "Microsoft-Windows-Application-Experience/Program-Telemetry", "Provider_Name": "Microsoft-Windows-Application-Experience", "Computer": "DESKTOP-OFJ6N53", "TimeCreated": "2025-04-24 22:55:25.152317+00:00", "RecordID": "16185", "Level": "4", "UserID": "S-1-5-21-963789628-1060504924-4285088085-1001"}
{"EventID": "505", "Channel": "Microsoft-Windows-Application-Experience/Program-Telemetry", "Provider_Name": "Microsoft-Windows-Application-Experience", "Computer": "DESKTOP-OFJ6N53", "TimeCreated": "2025-04-25 10:55:26.615194+00:00", "RecordID": "16186", "Level": "4", "UserID": "S-1-5-21-963789628-1060504924-4285088085-1001"}
{"EventID": "505", "Channel": "Microsoft-Windows-Application-Experience/Program-Telemetry", "Provider_Name": "Microsoft-Windows-Application-Experience", "Computer": "DESKTOP-OFJ6N53", "TimeCreated": "2025-04-25 10:55:27.201527+00:00", "RecordID": "16187", "Level": "4", "UserID": "S-1-5-21-963789628-1060504924-4285088085-1001"}
{"EventID": "505", "Channel": "Microsoft-Windows-Application-Experience/Program-Telemetry", "Provider_Name": "Microsoft-Windows-Application-Experience", "Computer": "DESKTOP-OFJ6N53", "TimeCreated": "2025-04-25 22:50:26.958673+00:00", "RecordID": "16188", "Level": "4", "UserID": "S-1-5-21-963789628-1060504924-4285088085-1001"}
{"EventID": "505", "Channel": "Microsoft-Windows-Application-Experience/Program-Telemetry", "Provider_Name": "Microsoft-Windows-Application-Experience", "Computer": "DESKTOP-OFJ6N53", "TimeCreated": "2025-04-25 22:50:27.578892+00:00", "RecordID": "16189", "Level": "4", "UserID": "S-1-5-21-963789628-1060504924-4285088085-1001"}
{"EventID": "505", "Channel": "Microsoft-Windows-Application-Experience/Program-Telemetry", "Provider_Name": "Microsoft-Windows-Application-Experience", "Computer": "DESKTOP-OFJ6N53", "TimeCreated": "2025-04-26 10:51:56.110235+00:00", "RecordID": "16190", "Level": "4", "UserID": "S-1-5-21-963789628-1060504924-4285088085-1001"}
{"EventID": "505", "Channel": "Microsoft-Windows-Application-Experience/Program-Telemetry", "Provider_Name": "Microsoft-Windows-Application-Experience", "Computer": "DESKTOP-OFJ6N53", "TimeCreated": "2025-04-26 10:51:56.644768+00:00", "RecordID": "16191", "Level": "4", "UserID": "S-1-5-21-963789628-1060504924-4285088085-1001"}
{"EventID": "505", "Channel": "Microsoft-Windows-Application-Experience/Program-Telemetry", "Provider_Name": "Microsoft-Windows-Application-Experience", "Computer": "DESKTOP-OFJ6N53", "TimeCreated": "2025-04-26 22:48:25.125996+00:00", "RecordID": "16192", "Level": "4", "UserID": "S-1-5-21-963789628-1060504924-4285088085-1001"}
{"EventID": "505", "Channel": "Microsoft-Windows-Application-Experience/Program-Telemetry", "Provider_Name": "Microsoft-Windows-Application-Experience", "Computer": "DESKTOP-OFJ6N53", "TimeCreated": "2025-04-26 22:48:25.752542+00:00", "RecordID": "16193", "Level": "4", "UserID": "S-1-5-21-963789628-1060504924-4285088085-1001"}
{"EventID": "505", "Channel": "Microsoft-Windows-Application-Experience/Program-Telemetry", "Provider_Name": "Microsoft-Windows-Application-Experience", "Computer": "DESKTOP-OFJ6N53", "TimeCreated": "2025-04-27 10:48:30.402599+00:00", "RecordID": "16194", "Level": "4", "UserID": "S-1-5-21-963789628-1060504924-4285088085-1001"}
{"EventID": "505", "Channel": "Microsoft-Windows-Application-Experience/Program-Telemetry", "Provider_Name": "Microsoft-Windows-Application-Experience", "Computer": "DESKTOP-OFJ6N53", "TimeCreated": "2025-04-27 10:48:31.096579+00:00", "RecordID": "16195", "Level": "4", "UserID": "S-1-5-21-963789628-1060504924-4285088085-1001"}
{"EventID": "505", "Channel": "Microsoft-Windows-Application-Experience/Program-Telemetry", "Provider_Name": "Microsoft-Windows-Application-Experience", "Computer": "DESKTOP-OFJ6N53", "TimeCreated": "2025-04-27 22:48:28.457546+00:00", "RecordID": "16196", "Level": "4", "UserID": "S-1-5-21-963789628-1060504924-4285088085-1001"}
{"EventID": "505", "Channel": "Microsoft-Windows-Application-Experience/Program-Telemetry", "Provider_Name": "Microsoft-Windows-Application-Experience", "Computer": "DESKTOP-OFJ6N53", "TimeCreated": "2025-04-27 22:48:29.232924+00:00", "RecordID": "16197", "Level": "4", "UserID": "S-1-5-21-963789628-1060504924-4285088085-1001"}
{"EventID": "505", "Channel": "Microsoft-Windows-Application-Experience/Program-Telemetry", "Provider_Name": "Microsoft-Windows-Application-Experience", "Computer": "DESKTOP-OFJ6N53", "TimeCreated": "2025-04-28 10:48:58.719778+00:00", "RecordID": "16198", "Level": "4", "UserID": "S-1-5-21-963789628-1060504924-4285088085-1001"}
{"EventID": "505", "Channel": "Microsoft-Windows-Application-Experience/Program-Telemetry", "Provider_Name": "Microsoft-Windows-Application-Experience", "Computer": "DESKTOP-OFJ6N53", "TimeCreated": "2025-04-28 10:48:59.368267+00:00", "RecordID": "16199", "Level": "4", "UserID": "S-1-5-21-963789628-1060504924-4285088085-1001"}
{"EventID": "505", "Channel": "Microsoft-Windows-Application-Experience/Program-Telemetry", "Provider_Name": "Microsoft-Windows-Application-Experience", "Computer": "DESKTOP-OFJ6N53", "TimeCreated": "2025-04-28 13:31:33.402229+00:00", "RecordID": "16200", "Level": "4", "UserID": "S-1-5-21-963789628-1060504924-4285088085-1001"}
{"EventID": "505", "Channel": "Microsoft-Windows-Application-Experience/Program-Telemetry", "Provider_Name": "Microsoft-Windows-Application-Experience", "Computer": "DESKTOP-OFJ6N53", "TimeCreated": "2025-04-28 13:31:33.876244+00:00", "RecordID": "16201", "Level": "4", "UserID": "S-1-5-21-963789628-1060504924-4285088085-1001"}
{"EventID": "505", "Channel": "Microsoft-Windows-Application-Experience/Program-Telemetry", "Provider_Name": "Microsoft-Windows-Application-Experience", "Computer": "DESKTOP-OFJ6N53", "TimeCreated": "2025-04-28 17:24:23.326994+00:00", "RecordID": "16202", "Level": "4", "UserID": "S-1-5-21-963789628-1060504924-4285088085-1001"}
{"EventID": "505", "Channel": "Microsoft-Windows-Application-Experience/Program-Telemetry", "Provider_Name": "Microsoft-Windows-Application-Experience", "Computer": "DESKTOP-OFJ6N53", "TimeCreated": "2025-04-28 22:48:48.722197+00:00", "RecordID": "16203", "Level": "4", "UserID": "S-1-5-21-963789628-1060504924-4285088085-1001"}
{"EventID": "505", "Channel": "Microsoft-Windows-Application-Experience/Program-Telemetry", "Provider_Name": "Microsoft-Windows-Application-Experience", "Computer": "DESKTOP-OFJ6N53", "TimeCreated": "2025-04-28 22:48:49.303999+00:00", "RecordID": "16204", "Level": "4", "UserID": "S-1-5-21-963789628-1060504924-4285088085-1001"}
{"EventID": "505", "Channel": "Microsoft-Windows-Application-Experience/Program-Telemetry", "Provider_Name": "Microsoft-Windows-Application-Experience", "Computer": "DESKTOP-OFJ6N53", "TimeCreated": "2025-04-28 23:32:20.286348+00:00", "RecordID": "16205", "Level": "4", "UserID": "S-1-5-21-963789628-1060504924-4285088085-1001"}
