{"EventID": "6116", "Channel": "Microsoft-Windows-LiveId/Operational", "Provider_Name": "Microsoft-Windows-LiveId", "Computer": "DESKTOP-OFJ6N53", "TimeCreated": "2025-08-25 20:44:42.489050+00:00", "RecordID": "88258", "Level": "4", "UserID": "S-1-5-20", "EventData.Value": "<S:Envelope><S:Header><wsa:Action wsu:Id=\"Action\" S:mustUnderstand=\"1\">*</wsa:Action><wsa:To wsu:Id=\"To\" S:mustUnderstand=\"1\">*</wsa:To><wsse:Security><wsu:Timestamp wsu:Id=\"TS\"><wsu:Created>2025-08-25T20:44:43Z</wsu:Created><wsu:Expires>2025-08-25T20:49:43Z</wsu:Expires></wsu:Timestamp><wssc:DerivedKeyToken wsu:Id=\"SignKey\" Algorithm=\"urn:liveid:SP800108_CTR_HMAC_SHA256_DOUBLEDERIVED\"><wsse:SecurityTokenReference><wsse:Reference URI=\"osi+YTQWroJasAbtlr0iEDecYEs=\"></wsse:Reference></wsse:SecurityTokenReference><wssc:Nonce>*</wssc:Nonce></wssc:DerivedKeyToken><wssc:DerivedKeyToken wsu:Id=\"EncKey\" Algorithm=\"urn:liveid:SP800108_CTR_HMAC_SHA256_DOUBLEDERIVED\"><wsse:SecurityTokenReference><wsse:Reference URI=\"osi+YTQWroJasAbtlr0iEDecYEs=\"></wsse:Reference></wsse:SecurityTokenReference><wssc:Nonce>*</wssc:Nonce></wssc:DerivedKeyToken><Signature xmlns=\"http://www.w3.org/2000/09/xmldsig#\"><SignedInfo><CanonicalizationMethod Algorithm=\"http://www.w3.org/2001/10/xml-exc-c14n#\"></CanonicalizationMethod><SignatureMethod Algorithm=\"http://www.w3.org/2001/04/xmldsig-more#hmac-sha256\"></SignatureMethod><Reference URI=\"#EncPsf\"><Transforms><Transform Algorithm=\"http://www.w3.org/2001/10/xml-exc-c14n#\"></Transform></Transforms><DigestMethod Algorithm=\"http://www.w3.org/2001/04/xmlenc#sha256\"></DigestMethod><DigestValue>*</DigestValue></Reference><Reference URI=\"#Body\"><Transforms><Transform Algorithm=\"http://www.w3.org/2001/10/xml-exc-c14n#\"></Transform></Transforms><DigestMethod Algorithm=\"http://www.w3.org/2001/04/xmlenc#sha256\"></DigestMethod><DigestValue>*</DigestValue></Reference><Reference URI=\"#To\"><Transforms><Transform Algorithm=\"http://www.w3.org/2001/10/xml-exc-c14n#\"></Transform></Transforms><DigestMethod Algorithm=\"http://www.w3.org/2001/04/xmlenc#sha256\"></DigestMethod><DigestValue>*</DigestValue></Reference><Reference URI=\"#Action\"><Transforms><Transform Algorithm=\"http://www.w3.org/2001/10/xml-exc-c14n#\"></Transform></Transforms><DigestMethod Algorithm=\"http://www.w3.org/2001/04/xmlenc#sha256\"></DigestMethod><DigestValue>*</DigestValue></Reference><Reference URI=\"#TS\"><Transforms><Transform Algorithm=\"http://www.w3.org/2001/10/xml-exc-c14n#\"></Transform></Transforms><DigestMethod Algorithm=\"http://www.w3.org/2001/04/xmlenc#sha256\"></DigestMethod><DigestValue>*</DigestValue></Reference></SignedInfo><SignatureValue>*</SignatureValue><KeyInfo><wsse:SecurityTokenReference><wsse:Reference URI=\"#SignKey\"></wsse:Reference></wsse:SecurityTokenReference></KeyInfo></Signature><e:ReferenceList xmlns:e=\"http://www.w3.org/2001/04/xmlenc#\"><e:DataReference URI=\"#RSTR\"/><e:DataReference URI=\"#EncPsf\"/></e:ReferenceList></wsse:Security><psf:EncryptedPP><EncryptedData xmlns=\"http://www.w3.org/2001/04/xmlenc#\" Id=\"EncPsf\" Type=\"http://www.w3.org/2001/04/xmlenc#Element\"><EncryptionMethod Algorithm=\"http://www.w3.org/2001/04/xmlenc#aes256-cbc\"></EncryptionMethod><KeyInfo xmlns=\"http://www.w3.org/2000/09/xmldsig#\"><wsse:SecurityTokenReference><wsse:Reference URI=\"#EncKey\"></wsse:Reference></wsse:SecurityTokenReference></KeyInfo><CipherData><CipherValue>*</CipherValue></CipherData></EncryptedData></psf:EncryptedPP></S:Header><S:Body wsu:Id=\"Body\"><EncryptedData xmlns=\"http://www.w3.org/2001/04/xmlenc#\" Id=\"RSTR\" Type=\"http://www.w3.org/2001/04/xmlenc#Element\"><EncryptionMethod Algorithm=\"http://www.w3.org/2001/04/xmlenc#aes256-cbc\"></EncryptionMethod><KeyInfo xmlns=\"http://www.w3.org/2000/09/xmldsig#\"><wsse:SecurityTokenReference><wsse:Reference URI=\"#EncKey\"></wsse:Reference></wsse:SecurityTokenReference></KeyInfo><CipherData><CipherValue>*</CipherValue></CipherData></EncryptedData></S:Body></S:Envelope>"}
{"EventID": "6117", "Channel": "Microsoft-Windows-LiveId/Operational", "Provider_Name": "Microsoft-Windows-LiveId", "Computer": "DESKTOP-OFJ6N53", "TimeCreated": "2025-08-25 20:44:42.490059+00:00", "RecordID": "88259", "Level": "4", "UserID": "S-1-5-20", "EventData.ResourceURI": "474a-87ad-2f9a87615fa3-dc1-tip.cloudapp.net", "EventData.Created": "2025-08-25 23:44:43", "EventData.Expires": "2025-08-26 23:44:43", "EventData.TokenType": "urn:passport:compact", "EventData.AuthRequired": "0", "EventData.RequestStatus": "0", "EventData.HasFlowUrl": "False", "EventData.HasAuthUrl": "False", "EventData.HasEndAuthUrl": "False"}
{"EventID": "2024", "Channel": "Microsoft-Windows-LiveId/Operational", "Provider_Name": "Microsoft-Windows-LiveId", "Computer": "DESKTOP-OFJ6N53", "TimeCreated": "2025-08-25 20:47:42.523226+00:00", "RecordID": "88260", "Level": "4", "UserID": "S-1-5-18", "EventData.Operation": "Service stopped", "EventData.Details": "The service has stopped.", "EventData.Status": "0x00000000"}
{"EventID": "2024", "Channel": "Microsoft-Windows-LiveId/Operational", "Provider_Name": "Microsoft-Windows-LiveId", "Computer": "DESKTOP-OFJ6N53", "TimeCreated": "2025-08-25 21:06:41.741968+00:00", "RecordID": "88261", "Level": "4", "UserID": "S-1-5-18", "EventData.Operation": "Service started", "EventData.Details": "The service will auto stop if no requests received for some period of time.", "EventData.Status": "0x00000000"}
{"EventID": "6115", "Channel": "Microsoft-Windows-LiveId/Operational", "Provider_Name": "Microsoft-Windows-LiveId", "Computer": "DESKTOP-OFJ6N53", "TimeCreated": "2025-08-25 21:06:41.951674+00:00", "RecordID": "88262", "Level": "4", "UserID": "S-1-5-18", "EventData.Value": "<s:Envelope><s:Header><wsa:Action s:mustUnderstand=\"1\">*</wsa:Action><wsa:To s:mustUnderstand=\"1\">*</wsa:To><wsa:MessageID>*</wsa:MessageID><ps:AuthInfo Id=\"PPAuthInfo\"><ps:HostingApp>{0CB4A94A-6E8C-477B-88C8-A3799FC97414}</ps:HostingApp><ps:BinaryVersion>24</ps:BinaryVersion><ps:UIVersion>1</ps:UIVersion><ps:InlineUX>TokenBroker</ps:InlineUX><ps:IsAdmin>1</ps:IsAdmin><ps:Cookies></ps:Cookies><ps:RequestParams>AQAAAAIAAABsYwQAAAAxMDQ5</ps:RequestParams><ps:WindowsClientString>gkfodOJuvaWN7Khxeg1vNcHQNQrBSfkjx+90ZU2g55E=</ps:WindowsClientString><ps:LicenseSignatureKeyVersion>*</ps:LicenseSignatureKeyVersion><ps:ClientCapabilities>1</ps:ClientCapabilities></ps:AuthInfo><wsse:Security><EncryptedData xmlns=\"http://www.w3.org/2001/04/xmlenc#\" Id=\"devicesoftware\" Type=\"http://www.w3.org/2001/04/xmlenc#Element\"><EncryptionMethod Algorithm=\"http://www.w3.org/2001/04/xmlenc#tripledes-cbc\"></EncryptionMethod><ds:KeyInfo><ds:KeyName>http://Passport.NET/STS</ds:KeyName></ds:KeyInfo><CipherData><CipherValue>*</CipherValue></CipherData></EncryptedData><wssc:DerivedKeyToken wsu:Id=\"SignKey\" Algorithm=\"urn:liveid:SP800108_CTR_HMAC_SHA256_DOUBLEDERIVED\"><wsse:RequestedTokenReference><wsse:KeyIdentifier ValueType=\"http://docs.oasis-open.org/wss/2004/XX/oasis-2004XX-wss-saml-token-profile-1.0#SAMLAssertionID\"/><wsse:Reference URI=\"\"/></wsse:RequestedTokenReference><wssc:Nonce>*</wssc:Nonce></wssc:DerivedKeyToken><wsu:Timestamp wsu:Id=\"Timestamp\"><wsu:Created>2025-08-25T21:06:40Z</wsu:Created><wsu:Expires>2025-08-25T21:11:40Z</wsu:Expires></wsu:Timestamp><Signature xmlns=\"http://www.w3.org/2000/09/xmldsig#\"><SignedInfo><CanonicalizationMethod Algorithm=\"http://www.w3.org/2001/10/xml-exc-c14n#\"></CanonicalizationMethod><SignatureMethod Algorithm=\"http://www.w3.org/2001/04/xmldsig-more#hmac-sha256\"></SignatureMethod><Reference URI=\"#RST0\"><Transforms><Transform Algorithm=\"http://www.w3.org/2001/10/xml-exc-c14n#\"></Transform></Transforms><DigestMethod Algorithm=\"http://www.w3.org/2001/04/xmlenc#sha256\"></DigestMethod><DigestValue>*</DigestValue></Reference><Reference URI=\"#Timestamp\"><Transforms><Transform Algorithm=\"http://www.w3.org/2001/10/xml-exc-c14n#\"></Transform></Transforms><DigestMethod Algorithm=\"http://www.w3.org/2001/04/xmlenc#sha256\"></DigestMethod><DigestValue>*</DigestValue></Reference><Reference URI=\"#PPAuthInfo\"><Transforms><Transform Algorithm=\"http://www.w3.org/2001/10/xml-exc-c14n#\"></Transform></Transforms><DigestMethod Algorithm=\"http://www.w3.org/2001/04/xmlenc#sha256\"></DigestMethod><DigestValue>*</DigestValue></Reference></SignedInfo><SignatureValue>*</SignatureValue><KeyInfo><wsse:SecurityTokenReference><wsse:Reference URI=\"#SignKey\"/></wsse:SecurityTokenReference></KeyInfo></Signature></wsse:Security></s:Header><s:Body><wst:RequestSecurityToken Id=\"RST0\"><wst:RequestType>http://schemas.xmlsoap.org/ws/2005/02/trust/Issue</wst:RequestType><wsp:AppliesTo><wsa:EndpointReference><wsa:Address>prod.client.wosc.services.microsoft.com</wsa:Address></wsa:EndpointReference></wsp:AppliesTo><wsp:PolicyReference URI=\"MBI_SSL\"></wsp:PolicyReference></wst:RequestSecurityToken></s:Body></s:Envelope>"}
{"EventID": "6116", "Channel": "Microsoft-Windows-LiveId/Operational", "Provider_Name": "Microsoft-Windows-LiveId", "Computer": "DESKTOP-OFJ6N53", "TimeCreated": "2025-08-25 21:06:42.791924+00:00", "RecordID": "88263", "Level": "4", "UserID": "S-1-5-18", "EventData.Value": "<S:Envelope><S:Header><wsa:Action wsu:Id=\"Action\" S:mustUnderstand=\"1\">*</wsa:Action><wsa:To wsu:Id=\"To\" S:mustUnderstand=\"1\">*</wsa:To><wsse:Security><wsu:Timestamp wsu:Id=\"TS\"><wsu:Created>2025-08-25T21:06:43Z</wsu:Created><wsu:Expires>2025-08-25T21:11:43Z</wsu:Expires></wsu:Timestamp><wssc:DerivedKeyToken wsu:Id=\"SignKey\" Algorithm=\"urn:liveid:SP800108_CTR_HMAC_SHA256_DOUBLEDERIVED\"><wsse:SecurityTokenReference><wsse:Reference URI=\"BjqSnjIiAfqUtYMNT4mVXNvnf+Y=\"></wsse:Reference></wsse:SecurityTokenReference><wssc:Nonce>*</wssc:Nonce></wssc:DerivedKeyToken><wssc:DerivedKeyToken wsu:Id=\"EncKey\" Algorithm=\"urn:liveid:SP800108_CTR_HMAC_SHA256_DOUBLEDERIVED\"><wsse:SecurityTokenReference><wsse:Reference URI=\"BjqSnjIiAfqUtYMNT4mVXNvnf+Y=\"></wsse:Reference></wsse:SecurityTokenReference><wssc:Nonce>*</wssc:Nonce></wssc:DerivedKeyToken><Signature xmlns=\"http://www.w3.org/2000/09/xmldsig#\"><SignedInfo><CanonicalizationMethod Algorithm=\"http://www.w3.org/2001/10/xml-exc-c14n#\"></CanonicalizationMethod><SignatureMethod Algorithm=\"http://www.w3.org/2001/04/xmldsig-more#hmac-sha256\"></SignatureMethod><Reference URI=\"#EncPsf\"><Transforms><Transform Algorithm=\"http://www.w3.org/2001/10/xml-exc-c14n#\"></Transform></Transforms><DigestMethod Algorithm=\"http://www.w3.org/2001/04/xmlenc#sha256\"></DigestMethod><DigestValue>*</DigestValue></Reference><Reference URI=\"#Body\"><Transforms><Transform Algorithm=\"http://www.w3.org/2001/10/xml-exc-c14n#\"></Transform></Transforms><DigestMethod Algorithm=\"http://www.w3.org/2001/04/xmlenc#sha256\"></DigestMethod><DigestValue>*</DigestValue></Reference><Reference URI=\"#To\"><Transforms><Transform Algorithm=\"http://www.w3.org/2001/10/xml-exc-c14n#\"></Transform></Transforms><DigestMethod Algorithm=\"http://www.w3.org/2001/04/xmlenc#sha256\"></DigestMethod><DigestValue>*</DigestValue></Reference><Reference URI=\"#Action\"><Transforms><Transform Algorithm=\"http://www.w3.org/2001/10/xml-exc-c14n#\"></Transform></Transforms><DigestMethod Algorithm=\"http://www.w3.org/2001/04/xmlenc#sha256\"></DigestMethod><DigestValue>*</DigestValue></Reference><Reference URI=\"#TS\"><Transforms><Transform Algorithm=\"http://www.w3.org/2001/10/xml-exc-c14n#\"></Transform></Transforms><DigestMethod Algorithm=\"http://www.w3.org/2001/04/xmlenc#sha256\"></DigestMethod><DigestValue>*</DigestValue></Reference></SignedInfo><SignatureValue>*</SignatureValue><KeyInfo><wsse:SecurityTokenReference><wsse:Reference URI=\"#SignKey\"></wsse:Reference></wsse:SecurityTokenReference></KeyInfo></Signature><e:ReferenceList xmlns:e=\"http://www.w3.org/2001/04/xmlenc#\"><e:DataReference URI=\"#RSTR\"/><e:DataReference URI=\"#EncPsf\"/></e:ReferenceList></wsse:Security><psf:EncryptedPP><EncryptedData xmlns=\"http://www.w3.org/2001/04/xmlenc#\" Id=\"EncPsf\" Type=\"http://www.w3.org/2001/04/xmlenc#Element\"><EncryptionMethod Algorithm=\"http://www.w3.org/2001/04/xmlenc#aes256-cbc\"></EncryptionMethod><KeyInfo xmlns=\"http://www.w3.org/2000/09/xmldsig#\"><wsse:SecurityTokenReference><wsse:Reference URI=\"#EncKey\"></wsse:Reference></wsse:SecurityTokenReference></KeyInfo><CipherData><CipherValue>*</CipherValue></CipherData></EncryptedData></psf:EncryptedPP></S:Header><S:Body wsu:Id=\"Body\"><EncryptedData xmlns=\"http://www.w3.org/2001/04/xmlenc#\" Id=\"RSTR\" Type=\"http://www.w3.org/2001/04/xmlenc#Element\"><EncryptionMethod Algorithm=\"http://www.w3.org/2001/04/xmlenc#aes256-cbc\"></EncryptionMethod><KeyInfo xmlns=\"http://www.w3.org/2000/09/xmldsig#\"><wsse:SecurityTokenReference><wsse:Reference URI=\"#EncKey\"></wsse:Reference></wsse:SecurityTokenReference></KeyInfo><CipherData><CipherValue>*</CipherValue></CipherData></EncryptedData></S:Body></S:Envelope>"}
{"EventID": "6117", "Channel": "Microsoft-Windows-LiveId/Operational", "Provider_Name": "Microsoft-Windows-LiveId", "Computer": "DESKTOP-OFJ6N53", "TimeCreated": "2025-08-25 21:06:42.800386+00:00", "RecordID": "88264", "Level": "4", "UserID": "S-1-5-18", "EventData.ResourceURI": "prod.client.wosc.services.microsoft.com", "EventData.Created": "2025-08-26 00:06:43", "EventData.Expires": "2025-08-27 00:06:43", "EventData.TokenType": "urn:passport:compact", "EventData.AuthRequired": "0", "EventData.RequestStatus": "0", "EventData.HasFlowUrl": "False", "EventData.HasAuthUrl": "False", "EventData.HasEndAuthUrl": "False"}
{"EventID": "2024", "Channel": "Microsoft-Windows-LiveId/Operational", "Provider_Name": "Microsoft-Windows-LiveId", "Computer": "DESKTOP-OFJ6N53", "TimeCreated": "2025-08-25 21:09:47.104294+00:00", "RecordID": "88265", "Level": "4", "UserID": "S-1-5-18", "EventData.Operation": "Service stopped", "EventData.Details": "The service has stopped.", "EventData.Status": "0x00000000"}
{"EventID": "2024", "Channel": "Microsoft-Windows-LiveId/Operational", "Provider_Name": "Microsoft-Windows-LiveId", "Computer": "DESKTOP-OFJ6N53", "TimeCreated": "2025-08-26 00:04:12.950708+00:00", "RecordID": "88266", "Level": "4", "UserID": "S-1-5-18", "EventData.Operation": "Service started", "EventData.Details": "The service will auto stop if no requests received for some period of time.", "EventData.Status": "0x00000000"}
{"EventID": "6115", "Channel": "Microsoft-Windows-LiveId/Operational", "Provider_Name": "Microsoft-Windows-LiveId", "Computer": "DESKTOP-OFJ6N53", "TimeCreated": "2025-08-26 00:04:13.024807+00:00", "RecordID": "88267", "Level": "4", "UserID": "S-1-5-18", "EventData.Value": "<s:Envelope><s:Header><wsa:Action s:mustUnderstand=\"1\">*</wsa:Action><wsa:To s:mustUnderstand=\"1\">*</wsa:To><wsa:MessageID>*</wsa:MessageID><ps:AuthInfo Id=\"PPAuthInfo\"><ps:HostingApp>{A3D87918-9442-435E-9382-9B170962CAB4}</ps:HostingApp><ps:BinaryVersion>24</ps:BinaryVersion><ps:UIVersion>1</ps:UIVersion><ps:InlineUX>TokenBroker</ps:InlineUX><ps:IsAdmin>1</ps:IsAdmin><ps:Cookies></ps:Cookies><ps:RequestParams>AQAAAAIAAABsYwQAAAAxMDQ5</ps:RequestParams><ps:WindowsClientString>gkfodOJuvaWN7Khxeg1vNcHQNQrBSfkjx+90ZU2g55E=</ps:WindowsClientString><ps:LicenseSignatureKeyVersion>*</ps:LicenseSignatureKeyVersion><ps:ClientCapabilities>1</ps:ClientCapabilities></ps:AuthInfo><wsse:Security><EncryptedData xmlns=\"http://www.w3.org/2001/04/xmlenc#\" Id=\"devicesoftware\" Type=\"http://www.w3.org/2001/04/xmlenc#Element\"><EncryptionMethod Algorithm=\"http://www.w3.org/2001/04/xmlenc#tripledes-cbc\"></EncryptionMethod><ds:KeyInfo><ds:KeyName>http://Passport.NET/STS</ds:KeyName></ds:KeyInfo><CipherData><CipherValue>*</CipherValue></CipherData></EncryptedData><wssc:DerivedKeyToken wsu:Id=\"SignKey\" Algorithm=\"urn:liveid:SP800108_CTR_HMAC_SHA256_DOUBLEDERIVED\"><wsse:RequestedTokenReference><wsse:KeyIdentifier ValueType=\"http://docs.oasis-open.org/wss/2004/XX/oasis-2004XX-wss-saml-token-profile-1.0#SAMLAssertionID\"/><wsse:Reference URI=\"\"/></wsse:RequestedTokenReference><wssc:Nonce>*</wssc:Nonce></wssc:DerivedKeyToken><wsu:Timestamp wsu:Id=\"Timestamp\"><wsu:Created>2025-08-26T00:04:12Z</wsu:Created><wsu:Expires>2025-08-26T00:09:12Z</wsu:Expires></wsu:Timestamp><Signature xmlns=\"http://www.w3.org/2000/09/xmldsig#\"><SignedInfo><CanonicalizationMethod Algorithm=\"http://www.w3.org/2001/10/xml-exc-c14n#\"></CanonicalizationMethod><SignatureMethod Algorithm=\"http://www.w3.org/2001/04/xmldsig-more#hmac-sha256\"></SignatureMethod><Reference URI=\"#RST0\"><Transforms><Transform Algorithm=\"http://www.w3.org/2001/10/xml-exc-c14n#\"></Transform></Transforms><DigestMethod Algorithm=\"http://www.w3.org/2001/04/xmlenc#sha256\"></DigestMethod><DigestValue>*</DigestValue></Reference><Reference URI=\"#Timestamp\"><Transforms><Transform Algorithm=\"http://www.w3.org/2001/10/xml-exc-c14n#\"></Transform></Transforms><DigestMethod Algorithm=\"http://www.w3.org/2001/04/xmlenc#sha256\"></DigestMethod><DigestValue>*</DigestValue></Reference><Reference URI=\"#PPAuthInfo\"><Transforms><Transform Algorithm=\"http://www.w3.org/2001/10/xml-exc-c14n#\"></Transform></Transforms><DigestMethod Algorithm=\"http://www.w3.org/2001/04/xmlenc#sha256\"></DigestMethod><DigestValue>*</DigestValue></Reference></SignedInfo><SignatureValue>*</SignatureValue><KeyInfo><wsse:SecurityTokenReference><wsse:Reference URI=\"#SignKey\"/></wsse:SecurityTokenReference></KeyInfo></Signature></wsse:Security></s:Header><s:Body><wst:RequestSecurityToken Id=\"RST0\"><wst:RequestType>http://schemas.xmlsoap.org/ws/2005/02/trust/Issue</wst:RequestType><wsp:AppliesTo><wsa:EndpointReference><wsa:Address>settings-win.data.microsoft.com</wsa:Address></wsa:EndpointReference></wsp:AppliesTo><wsp:PolicyReference URI=\"MBI_SSL\"></wsp:PolicyReference></wst:RequestSecurityToken></s:Body></s:Envelope>"}
{"EventID": "6116", "Channel": "Microsoft-Windows-LiveId/Operational", "Provider_Name": "Microsoft-Windows-LiveId", "Computer": "DESKTOP-OFJ6N53", "TimeCreated": "2025-08-26 00:04:16.477354+00:00", "RecordID": "88268", "Level": "4", "UserID": "S-1-5-18", "EventData.Value": "<S:Envelope><S:Header><wsa:Action wsu:Id=\"Action\" S:mustUnderstand=\"1\">*</wsa:Action><wsa:To wsu:Id=\"To\" S:mustUnderstand=\"1\">*</wsa:To><wsse:Security><wsu:Timestamp wsu:Id=\"TS\"><wsu:Created>2025-08-26T00:04:17Z</wsu:Created><wsu:Expires>2025-08-26T00:09:17Z</wsu:Expires></wsu:Timestamp><wssc:DerivedKeyToken wsu:Id=\"SignKey\" Algorithm=\"urn:liveid:SP800108_CTR_HMAC_SHA256_DOUBLEDERIVED\"><wsse:SecurityTokenReference><wsse:Reference URI=\"BjqSnjIiAfqUtYMNT4mVXNvnf+Y=\"></wsse:Reference></wsse:SecurityTokenReference><wssc:Nonce>*</wssc:Nonce></wssc:DerivedKeyToken><wssc:DerivedKeyToken wsu:Id=\"EncKey\" Algorithm=\"urn:liveid:SP800108_CTR_HMAC_SHA256_DOUBLEDERIVED\"><wsse:SecurityTokenReference><wsse:Reference URI=\"BjqSnjIiAfqUtYMNT4mVXNvnf+Y=\"></wsse:Reference></wsse:SecurityTokenReference><wssc:Nonce>*</wssc:Nonce></wssc:DerivedKeyToken><Signature xmlns=\"http://www.w3.org/2000/09/xmldsig#\"><SignedInfo><CanonicalizationMethod Algorithm=\"http://www.w3.org/2001/10/xml-exc-c14n#\"></CanonicalizationMethod><SignatureMethod Algorithm=\"http://www.w3.org/2001/04/xmldsig-more#hmac-sha256\"></SignatureMethod><Reference URI=\"#EncPsf\"><Transforms><Transform Algorithm=\"http://www.w3.org/2001/10/xml-exc-c14n#\"></Transform></Transforms><DigestMethod Algorithm=\"http://www.w3.org/2001/04/xmlenc#sha256\"></DigestMethod><DigestValue>*</DigestValue></Reference><Reference URI=\"#Body\"><Transforms><Transform Algorithm=\"http://www.w3.org/2001/10/xml-exc-c14n#\"></Transform></Transforms><DigestMethod Algorithm=\"http://www.w3.org/2001/04/xmlenc#sha256\"></DigestMethod><DigestValue>*</DigestValue></Reference><Reference URI=\"#To\"><Transforms><Transform Algorithm=\"http://www.w3.org/2001/10/xml-exc-c14n#\"></Transform></Transforms><DigestMethod Algorithm=\"http://www.w3.org/2001/04/xmlenc#sha256\"></DigestMethod><DigestValue>*</DigestValue></Reference><Reference URI=\"#Action\"><Transforms><Transform Algorithm=\"http://www.w3.org/2001/10/xml-exc-c14n#\"></Transform></Transforms><DigestMethod Algorithm=\"http://www.w3.org/2001/04/xmlenc#sha256\"></DigestMethod><DigestValue>*</DigestValue></Reference><Reference URI=\"#TS\"><Transforms><Transform Algorithm=\"http://www.w3.org/2001/10/xml-exc-c14n#\"></Transform></Transforms><DigestMethod Algorithm=\"http://www.w3.org/2001/04/xmlenc#sha256\"></DigestMethod><DigestValue>*</DigestValue></Reference></SignedInfo><SignatureValue>*</SignatureValue><KeyInfo><wsse:SecurityTokenReference><wsse:Reference URI=\"#SignKey\"></wsse:Reference></wsse:SecurityTokenReference></KeyInfo></Signature><e:ReferenceList xmlns:e=\"http://www.w3.org/2001/04/xmlenc#\"><e:DataReference URI=\"#RSTR\"/><e:DataReference URI=\"#EncPsf\"/></e:ReferenceList></wsse:Security><psf:EncryptedPP><EncryptedData xmlns=\"http://www.w3.org/2001/04/xmlenc#\" Id=\"EncPsf\" Type=\"http://www.w3.org/2001/04/xmlenc#Element\"><EncryptionMethod Algorithm=\"http://www.w3.org/2001/04/xmlenc#aes256-cbc\"></EncryptionMethod><KeyInfo xmlns=\"http://www.w3.org/2000/09/xmldsig#\"><wsse:SecurityTokenReference><wsse:Reference URI=\"#EncKey\"></wsse:Reference></wsse:SecurityTokenReference></KeyInfo><CipherData><CipherValue>*</CipherValue></CipherData></EncryptedData></psf:EncryptedPP></S:Header><S:Body wsu:Id=\"Body\"><EncryptedData xmlns=\"http://www.w3.org/2001/04/xmlenc#\" Id=\"RSTR\" Type=\"http://www.w3.org/2001/04/xmlenc#Element\"><EncryptionMethod Algorithm=\"http://www.w3.org/2001/04/xmlenc#aes256-cbc\"></EncryptionMethod><KeyInfo xmlns=\"http://www.w3.org/2000/09/xmldsig#\"><wsse:SecurityTokenReference><wsse:Reference URI=\"#EncKey\"></wsse:Reference></wsse:SecurityTokenReference></KeyInfo><CipherData><CipherValue>*</CipherValue></CipherData></EncryptedData></S:Body></S:Envelope>"}
{"EventID": "6117", "Channel": "Microsoft-Windows-LiveId/Operational", "Provider_Name": "Microsoft-Windows-LiveId", "Computer": "DESKTOP-OFJ6N53", "TimeCreated": "2025-08-26 00:04:16.485048+00:00", "RecordID": "88269", "Level": "4", "UserID": "S-1-5-18", "EventData.ResourceURI": "settings-win.data.microsoft.com", "EventData.Created": "2025-08-26 03:04:17", "EventData.Expires": "2025-08-27 03:04:16", "EventData.TokenType": "urn:passport:compact", "EventData.AuthRequired": "0", "EventData.RequestStatus": "0", "EventData.HasFlowUrl": "False", "EventData.HasAuthUrl": "False", "EventData.HasEndAuthUrl": "False"}
{"EventID": "2024", "Channel": "Microsoft-Windows-LiveId/Operational", "Provider_Name": "Microsoft-Windows-LiveId", "Computer": "DESKTOP-OFJ6N53", "TimeCreated": "2025-08-26 00:07:16.497635+00:00", "RecordID": "88270", "Level": "4", "UserID": "S-1-5-18", "EventData.Operation": "Service stopped", "EventData.Details": "The service has stopped.", "EventData.Status": "0x00000000"}
{"EventID": "2024", "Channel": "Microsoft-Windows-LiveId/Operational", "Provider_Name": "Microsoft-Windows-LiveId", "Computer": "DESKTOP-OFJ6N53", "TimeCreated": "2025-08-26 00:38:29.047537+00:00", "RecordID": "88271", "Level": "4", "UserID": "S-1-5-18", "EventData.Operation": "Service started", "EventData.Details": "The service will auto stop if no requests received for some period of time.", "EventData.Status": "0x00000000"}
{"EventID": "6115", "Channel": "Microsoft-Windows-LiveId/Operational", "Provider_Name": "Microsoft-Windows-LiveId", "Computer": "DESKTOP-OFJ6N53", "TimeCreated": "2025-08-26 00:38:29.166252+00:00", "RecordID": "88272", "Level": "4", "UserID": "S-1-5-18", "EventData.Value": "<s:Envelope><s:Header><wsa:Action s:mustUnderstand=\"1\">*</wsa:Action><wsa:To s:mustUnderstand=\"1\">*</wsa:To><wsa:MessageID>*</wsa:MessageID><ps:AuthInfo Id=\"PPAuthInfo\"><ps:HostingApp>{0CB4A94A-6E8C-477B-88C8-A3799FC97414}</ps:HostingApp><ps:BinaryVersion>24</ps:BinaryVersion><ps:UIVersion>1</ps:UIVersion><ps:InlineUX>TokenBroker</ps:InlineUX><ps:IsAdmin>1</ps:IsAdmin><ps:Cookies></ps:Cookies><ps:RequestParams>AQAAAAIAAABsYwQAAAAxMDQ5</ps:RequestParams><ps:WindowsClientString>gkfodOJuvaWN7Khxeg1vNcHQNQrBSfkjx+90ZU2g55E=</ps:WindowsClientString><ps:LicenseSignatureKeyVersion>*</ps:LicenseSignatureKeyVersion><ps:ClientCapabilities>1</ps:ClientCapabilities></ps:AuthInfo><wsse:Security><EncryptedData xmlns=\"http://www.w3.org/2001/04/xmlenc#\" Id=\"devicesoftware\" Type=\"http://www.w3.org/2001/04/xmlenc#Element\"><EncryptionMethod Algorithm=\"http://www.w3.org/2001/04/xmlenc#tripledes-cbc\"></EncryptionMethod><ds:KeyInfo><ds:KeyName>http://Passport.NET/STS</ds:KeyName></ds:KeyInfo><CipherData><CipherValue>*</CipherValue></CipherData></EncryptedData><wssc:DerivedKeyToken wsu:Id=\"SignKey\" Algorithm=\"urn:liveid:SP800108_CTR_HMAC_SHA256_DOUBLEDERIVED\"><wsse:RequestedTokenReference><wsse:KeyIdentifier ValueType=\"http://docs.oasis-open.org/wss/2004/XX/oasis-2004XX-wss-saml-token-profile-1.0#SAMLAssertionID\"/><wsse:Reference URI=\"\"/></wsse:RequestedTokenReference><wssc:Nonce>*</wssc:Nonce></wssc:DerivedKeyToken><wsu:Timestamp wsu:Id=\"Timestamp\"><wsu:Created>2025-08-26T00:38:28Z</wsu:Created><wsu:Expires>2025-08-26T00:43:28Z</wsu:Expires></wsu:Timestamp><Signature xmlns=\"http://www.w3.org/2000/09/xmldsig#\"><SignedInfo><CanonicalizationMethod Algorithm=\"http://www.w3.org/2001/10/xml-exc-c14n#\"></CanonicalizationMethod><SignatureMethod Algorithm=\"http://www.w3.org/2001/04/xmldsig-more#hmac-sha256\"></SignatureMethod><Reference URI=\"#RST0\"><Transforms><Transform Algorithm=\"http://www.w3.org/2001/10/xml-exc-c14n#\"></Transform></Transforms><DigestMethod Algorithm=\"http://www.w3.org/2001/04/xmlenc#sha256\"></DigestMethod><DigestValue>*</DigestValue></Reference><Reference URI=\"#Timestamp\"><Transforms><Transform Algorithm=\"http://www.w3.org/2001/10/xml-exc-c14n#\"></Transform></Transforms><DigestMethod Algorithm=\"http://www.w3.org/2001/04/xmlenc#sha256\"></DigestMethod><DigestValue>*</DigestValue></Reference><Reference URI=\"#PPAuthInfo\"><Transforms><Transform Algorithm=\"http://www.w3.org/2001/10/xml-exc-c14n#\"></Transform></Transforms><DigestMethod Algorithm=\"http://www.w3.org/2001/04/xmlenc#sha256\"></DigestMethod><DigestValue>*</DigestValue></Reference></SignedInfo><SignatureValue>*</SignatureValue><KeyInfo><wsse:SecurityTokenReference><wsse:Reference URI=\"#SignKey\"/></wsse:SecurityTokenReference></KeyInfo></Signature></wsse:Security></s:Header><s:Body><wst:RequestSecurityToken Id=\"RST0\"><wst:RequestType>http://schemas.xmlsoap.org/ws/2005/02/trust/Issue</wst:RequestType><wsp:AppliesTo><wsa:EndpointReference><wsa:Address>settings-win.data.microsoft.com</wsa:Address></wsa:EndpointReference></wsp:AppliesTo><wsp:PolicyReference URI=\"MBI_SSL\"></wsp:PolicyReference></wst:RequestSecurityToken></s:Body></s:Envelope>"}
{"EventID": "6116", "Channel": "Microsoft-Windows-LiveId/Operational", "Provider_Name": "Microsoft-Windows-LiveId", "Computer": "DESKTOP-OFJ6N53", "TimeCreated": "2025-08-26 00:38:29.723686+00:00", "RecordID": "88273", "Level": "4", "UserID": "S-1-5-18", "EventData.Value": "<S:Envelope><S:Header><wsa:Action wsu:Id=\"Action\" S:mustUnderstand=\"1\">*</wsa:Action><wsa:To wsu:Id=\"To\" S:mustUnderstand=\"1\">*</wsa:To><wsse:Security><wsu:Timestamp wsu:Id=\"TS\"><wsu:Created>2025-08-26T00:38:30Z</wsu:Created><wsu:Expires>2025-08-26T00:43:30Z</wsu:Expires></wsu:Timestamp><wssc:DerivedKeyToken wsu:Id=\"SignKey\" Algorithm=\"urn:liveid:SP800108_CTR_HMAC_SHA256_DOUBLEDERIVED\"><wsse:SecurityTokenReference><wsse:Reference URI=\"BjqSnjIiAfqUtYMNT4mVXNvnf+Y=\"></wsse:Reference></wsse:SecurityTokenReference><wssc:Nonce>*</wssc:Nonce></wssc:DerivedKeyToken><wssc:DerivedKeyToken wsu:Id=\"EncKey\" Algorithm=\"urn:liveid:SP800108_CTR_HMAC_SHA256_DOUBLEDERIVED\"><wsse:SecurityTokenReference><wsse:Reference URI=\"BjqSnjIiAfqUtYMNT4mVXNvnf+Y=\"></wsse:Reference></wsse:SecurityTokenReference><wssc:Nonce>*</wssc:Nonce></wssc:DerivedKeyToken><Signature xmlns=\"http://www.w3.org/2000/09/xmldsig#\"><SignedInfo><CanonicalizationMethod Algorithm=\"http://www.w3.org/2001/10/xml-exc-c14n#\"></CanonicalizationMethod><SignatureMethod Algorithm=\"http://www.w3.org/2001/04/xmldsig-more#hmac-sha256\"></SignatureMethod><Reference URI=\"#EncPsf\"><Transforms><Transform Algorithm=\"http://www.w3.org/2001/10/xml-exc-c14n#\"></Transform></Transforms><DigestMethod Algorithm=\"http://www.w3.org/2001/04/xmlenc#sha256\"></DigestMethod><DigestValue>*</DigestValue></Reference><Reference URI=\"#Body\"><Transforms><Transform Algorithm=\"http://www.w3.org/2001/10/xml-exc-c14n#\"></Transform></Transforms><DigestMethod Algorithm=\"http://www.w3.org/2001/04/xmlenc#sha256\"></DigestMethod><DigestValue>*</DigestValue></Reference><Reference URI=\"#To\"><Transforms><Transform Algorithm=\"http://www.w3.org/2001/10/xml-exc-c14n#\"></Transform></Transforms><DigestMethod Algorithm=\"http://www.w3.org/2001/04/xmlenc#sha256\"></DigestMethod><DigestValue>*</DigestValue></Reference><Reference URI=\"#Action\"><Transforms><Transform Algorithm=\"http://www.w3.org/2001/10/xml-exc-c14n#\"></Transform></Transforms><DigestMethod Algorithm=\"http://www.w3.org/2001/04/xmlenc#sha256\"></DigestMethod><DigestValue>*</DigestValue></Reference><Reference URI=\"#TS\"><Transforms><Transform Algorithm=\"http://www.w3.org/2001/10/xml-exc-c14n#\"></Transform></Transforms><DigestMethod Algorithm=\"http://www.w3.org/2001/04/xmlenc#sha256\"></DigestMethod><DigestValue>*</DigestValue></Reference></SignedInfo><SignatureValue>*</SignatureValue><KeyInfo><wsse:SecurityTokenReference><wsse:Reference URI=\"#SignKey\"></wsse:Reference></wsse:SecurityTokenReference></KeyInfo></Signature><e:ReferenceList xmlns:e=\"http://www.w3.org/2001/04/xmlenc#\"><e:DataReference URI=\"#RSTR\"/><e:DataReference URI=\"#EncPsf\"/></e:ReferenceList></wsse:Security><psf:EncryptedPP><EncryptedData xmlns=\"http://www.w3.org/2001/04/xmlenc#\" Id=\"EncPsf\" Type=\"http://www.w3.org/2001/04/xmlenc#Element\"><EncryptionMethod Algorithm=\"http://www.w3.org/2001/04/xmlenc#aes256-cbc\"></EncryptionMethod><KeyInfo xmlns=\"http://www.w3.org/2000/09/xmldsig#\"><wsse:SecurityTokenReference><wsse:Reference URI=\"#EncKey\"></wsse:Reference></wsse:SecurityTokenReference></KeyInfo><CipherData><CipherValue>*</CipherValue></CipherData></EncryptedData></psf:EncryptedPP></S:Header><S:Body wsu:Id=\"Body\"><EncryptedData xmlns=\"http://www.w3.org/2001/04/xmlenc#\" Id=\"RSTR\" Type=\"http://www.w3.org/2001/04/xmlenc#Element\"><EncryptionMethod Algorithm=\"http://www.w3.org/2001/04/xmlenc#aes256-cbc\"></EncryptionMethod><KeyInfo xmlns=\"http://www.w3.org/2000/09/xmldsig#\"><wsse:SecurityTokenReference><wsse:Reference URI=\"#EncKey\"></wsse:Reference></wsse:SecurityTokenReference></KeyInfo><CipherData><CipherValue>*</CipherValue></CipherData></EncryptedData></S:Body></S:Envelope>"}
{"EventID": "6117", "Channel": "Microsoft-Windows-LiveId/Operational", "Provider_Name": "Microsoft-Windows-LiveId", "Computer": "DESKTOP-OFJ6N53", "TimeCreated": "2025-08-26 00:38:29.734499+00:00", "RecordID": "88274", "Level": "4", "UserID": "S-1-5-18", "EventData.ResourceURI": "settings-win.data.microsoft.com", "EventData.Created": "2025-08-26 03:38:30", "EventData.Expires": "2025-08-27 03:38:30", "EventData.TokenType": "urn:passport:compact", "EventData.AuthRequired": "0", "EventData.RequestStatus": "0", "EventData.HasFlowUrl": "False", "EventData.HasAuthUrl": "False", "EventData.HasEndAuthUrl": "False"}
{"EventID": "2024", "Channel": "Microsoft-Windows-LiveId/Operational", "Provider_Name": "Microsoft-Windows-LiveId", "Computer": "DESKTOP-OFJ6N53", "TimeCreated": "2025-08-26 00:41:29.762327+00:00", "RecordID": "88275", "Level": "4", "UserID": "S-1-5-18", "EventData.Operation": "Service stopped", "EventData.Details": "The service has stopped.", "EventData.Status": "0x00000000"}
{"EventID": "2024", "Channel": "Microsoft-Windows-LiveId/Operational", "Provider_Name": "Microsoft-Windows-LiveId", "Computer": "DESKTOP-OFJ6N53", "TimeCreated": "2025-08-26 04:55:16.218079+00:00", "RecordID": "88276", "Level": "4", "UserID": "S-1-5-18", "EventData.Operation": "Service started", "EventData.Details": "The service will auto stop if no requests received for some period of time.", "EventData.Status": "0x00000000"}
{"EventID": "6115", "Channel": "Microsoft-Windows-LiveId/Operational", "Provider_Name": "Microsoft-Windows-LiveId", "Computer": "DESKTOP-OFJ6N53", "TimeCreated": "2025-08-26 04:55:16.500956+00:00", "RecordID": "88277", "Level": "4", "UserID": "S-1-5-18", "EventData.Value": "<s:Envelope><s:Header><wsa:Action s:mustUnderstand=\"1\">*</wsa:Action><wsa:To s:mustUnderstand=\"1\">*</wsa:To><wsa:MessageID>*</wsa:MessageID><ps:AuthInfo Id=\"PPAuthInfo\"><ps:HostingApp>{76236E1A-74C6-4CC0-93CB-9D3E85E5138F}</ps:HostingApp><ps:BinaryVersion>24</ps:BinaryVersion><ps:UIVersion>1</ps:UIVersion><ps:InlineUX>TokenBroker</ps:InlineUX><ps:IsAdmin>1</ps:IsAdmin><ps:Cookies></ps:Cookies><ps:RequestParams>AQAAAAIAAABsYwQAAAAxMDQ5</ps:RequestParams><ps:WindowsClientString>gkfodOJuvaWN7Khxeg1vNcHQNQrBSfkjx+90ZU2g55E=</ps:WindowsClientString><ps:LicenseSignatureKeyVersion>*</ps:LicenseSignatureKeyVersion><ps:ClientCapabilities>1</ps:ClientCapabilities></ps:AuthInfo><wsse:Security><EncryptedData xmlns=\"http://www.w3.org/2001/04/xmlenc#\" Id=\"devicesoftware\" Type=\"http://www.w3.org/2001/04/xmlenc#Element\"><EncryptionMethod Algorithm=\"http://www.w3.org/2001/04/xmlenc#tripledes-cbc\"></EncryptionMethod><ds:KeyInfo><ds:KeyName>http://Passport.NET/STS</ds:KeyName></ds:KeyInfo><CipherData><CipherValue>*</CipherValue></CipherData></EncryptedData><wssc:DerivedKeyToken wsu:Id=\"SignKey\" Algorithm=\"urn:liveid:SP800108_CTR_HMAC_SHA256_DOUBLEDERIVED\"><wsse:RequestedTokenReference><wsse:KeyIdentifier ValueType=\"http://docs.oasis-open.org/wss/2004/XX/oasis-2004XX-wss-saml-token-profile-1.0#SAMLAssertionID\"/><wsse:Reference URI=\"\"/></wsse:RequestedTokenReference><wssc:Nonce>*</wssc:Nonce></wssc:DerivedKeyToken><wsu:Timestamp wsu:Id=\"Timestamp\"><wsu:Created>2025-08-26T04:55:15Z</wsu:Created><wsu:Expires>2025-08-26T05:00:15Z</wsu:Expires></wsu:Timestamp><Signature xmlns=\"http://www.w3.org/2000/09/xmldsig#\"><SignedInfo><CanonicalizationMethod Algorithm=\"http://www.w3.org/2001/10/xml-exc-c14n#\"></CanonicalizationMethod><SignatureMethod Algorithm=\"http://www.w3.org/2001/04/xmldsig-more#hmac-sha256\"></SignatureMethod><Reference URI=\"#RST0\"><Transforms><Transform Algorithm=\"http://www.w3.org/2001/10/xml-exc-c14n#\"></Transform></Transforms><DigestMethod Algorithm=\"http://www.w3.org/2001/04/xmlenc#sha256\"></DigestMethod><DigestValue>*</DigestValue></Reference><Reference URI=\"#Timestamp\"><Transforms><Transform Algorithm=\"http://www.w3.org/2001/10/xml-exc-c14n#\"></Transform></Transforms><DigestMethod Algorithm=\"http://www.w3.org/2001/04/xmlenc#sha256\"></DigestMethod><DigestValue>*</DigestValue></Reference><Reference URI=\"#PPAuthInfo\"><Transforms><Transform Algorithm=\"http://www.w3.org/2001/10/xml-exc-c14n#\"></Transform></Transforms><DigestMethod Algorithm=\"http://www.w3.org/2001/04/xmlenc#sha256\"></DigestMethod><DigestValue>*</DigestValue></Reference></SignedInfo><SignatureValue>*</SignatureValue><KeyInfo><wsse:SecurityTokenReference><wsse:Reference URI=\"#SignKey\"/></wsse:SecurityTokenReference></KeyInfo></Signature></wsse:Security></s:Header><s:Body><wst:RequestSecurityToken Id=\"RST0\"><wst:RequestType>http://schemas.xmlsoap.org/ws/2005/02/trust/Issue</wst:RequestType><wsp:AppliesTo><wsa:EndpointReference><wsa:Address>https://settings-win.data.microsoft.com</wsa:Address></wsa:EndpointReference></wsp:AppliesTo><wsp:PolicyReference URI=\"MBI_SSL\"></wsp:PolicyReference></wst:RequestSecurityToken></s:Body></s:Envelope>"}
{"EventID": "6116", "Channel": "Microsoft-Windows-LiveId/Operational", "Provider_Name": "Microsoft-Windows-LiveId", "Computer": "DESKTOP-OFJ6N53", "TimeCreated": "2025-08-26 04:55:17.338808+00:00", "RecordID": "88278", "Level": "4", "UserID": "S-1-5-18", "EventData.Value": "<S:Envelope><S:Header><wsa:Action wsu:Id=\"Action\" S:mustUnderstand=\"1\">*</wsa:Action><wsa:To wsu:Id=\"To\" S:mustUnderstand=\"1\">*</wsa:To><wsse:Security><wsu:Timestamp wsu:Id=\"TS\"><wsu:Created>2025-08-26T04:55:18Z</wsu:Created><wsu:Expires>2025-08-26T05:00:18Z</wsu:Expires></wsu:Timestamp><wssc:DerivedKeyToken wsu:Id=\"SignKey\" Algorithm=\"urn:liveid:SP800108_CTR_HMAC_SHA256_DOUBLEDERIVED\"><wsse:SecurityTokenReference><wsse:Reference URI=\"BjqSnjIiAfqUtYMNT4mVXNvnf+Y=\"></wsse:Reference></wsse:SecurityTokenReference><wssc:Nonce>*</wssc:Nonce></wssc:DerivedKeyToken><wssc:DerivedKeyToken wsu:Id=\"EncKey\" Algorithm=\"urn:liveid:SP800108_CTR_HMAC_SHA256_DOUBLEDERIVED\"><wsse:SecurityTokenReference><wsse:Reference URI=\"BjqSnjIiAfqUtYMNT4mVXNvnf+Y=\"></wsse:Reference></wsse:SecurityTokenReference><wssc:Nonce>*</wssc:Nonce></wssc:DerivedKeyToken><Signature xmlns=\"http://www.w3.org/2000/09/xmldsig#\"><SignedInfo><CanonicalizationMethod Algorithm=\"http://www.w3.org/2001/10/xml-exc-c14n#\"></CanonicalizationMethod><SignatureMethod Algorithm=\"http://www.w3.org/2001/04/xmldsig-more#hmac-sha256\"></SignatureMethod><Reference URI=\"#EncPsf\"><Transforms><Transform Algorithm=\"http://www.w3.org/2001/10/xml-exc-c14n#\"></Transform></Transforms><DigestMethod Algorithm=\"http://www.w3.org/2001/04/xmlenc#sha256\"></DigestMethod><DigestValue>*</DigestValue></Reference><Reference URI=\"#Body\"><Transforms><Transform Algorithm=\"http://www.w3.org/2001/10/xml-exc-c14n#\"></Transform></Transforms><DigestMethod Algorithm=\"http://www.w3.org/2001/04/xmlenc#sha256\"></DigestMethod><DigestValue>*</DigestValue></Reference><Reference URI=\"#To\"><Transforms><Transform Algorithm=\"http://www.w3.org/2001/10/xml-exc-c14n#\"></Transform></Transforms><DigestMethod Algorithm=\"http://www.w3.org/2001/04/xmlenc#sha256\"></DigestMethod><DigestValue>*</DigestValue></Reference><Reference URI=\"#Action\"><Transforms><Transform Algorithm=\"http://www.w3.org/2001/10/xml-exc-c14n#\"></Transform></Transforms><DigestMethod Algorithm=\"http://www.w3.org/2001/04/xmlenc#sha256\"></DigestMethod><DigestValue>*</DigestValue></Reference><Reference URI=\"#TS\"><Transforms><Transform Algorithm=\"http://www.w3.org/2001/10/xml-exc-c14n#\"></Transform></Transforms><DigestMethod Algorithm=\"http://www.w3.org/2001/04/xmlenc#sha256\"></DigestMethod><DigestValue>*</DigestValue></Reference></SignedInfo><SignatureValue>*</SignatureValue><KeyInfo><wsse:SecurityTokenReference><wsse:Reference URI=\"#SignKey\"></wsse:Reference></wsse:SecurityTokenReference></KeyInfo></Signature><e:ReferenceList xmlns:e=\"http://www.w3.org/2001/04/xmlenc#\"><e:DataReference URI=\"#RSTR\"/><e:DataReference URI=\"#EncPsf\"/></e:ReferenceList></wsse:Security><psf:EncryptedPP><EncryptedData xmlns=\"http://www.w3.org/2001/04/xmlenc#\" Id=\"EncPsf\" Type=\"http://www.w3.org/2001/04/xmlenc#Element\"><EncryptionMethod Algorithm=\"http://www.w3.org/2001/04/xmlenc#aes256-cbc\"></EncryptionMethod><KeyInfo xmlns=\"http://www.w3.org/2000/09/xmldsig#\"><wsse:SecurityTokenReference><wsse:Reference URI=\"#EncKey\"></wsse:Reference></wsse:SecurityTokenReference></KeyInfo><CipherData><CipherValue>*</CipherValue></CipherData></EncryptedData></psf:EncryptedPP></S:Header><S:Body wsu:Id=\"Body\"><EncryptedData xmlns=\"http://www.w3.org/2001/04/xmlenc#\" Id=\"RSTR\" Type=\"http://www.w3.org/2001/04/xmlenc#Element\"><EncryptionMethod Algorithm=\"http://www.w3.org/2001/04/xmlenc#aes256-cbc\"></EncryptionMethod><KeyInfo xmlns=\"http://www.w3.org/2000/09/xmldsig#\"><wsse:SecurityTokenReference><wsse:Reference URI=\"#EncKey\"></wsse:Reference></wsse:SecurityTokenReference></KeyInfo><CipherData><CipherValue>*</CipherValue></CipherData></EncryptedData></S:Body></S:Envelope>"}
{"EventID": "6117", "Channel": "Microsoft-Windows-LiveId/Operational", "Provider_Name": "Microsoft-Windows-LiveId", "Computer": "DESKTOP-OFJ6N53", "TimeCreated": "2025-08-26 04:55:17.346924+00:00", "RecordID": "88279", "Level": "4", "UserID": "S-1-5-18", "EventData.ResourceURI": "https://settings-win.data.microsoft.com", "EventData.Created": "2025-08-26 07:55:18", "EventData.Expires": "2025-08-27 07:55:18", "EventData.TokenType": "urn:passport:compact", "EventData.AuthRequired": "0", "EventData.RequestStatus": "0", "EventData.HasFlowUrl": "False", "EventData.HasAuthUrl": "False", "EventData.HasEndAuthUrl": "False"}
{"EventID": "2024", "Channel": "Microsoft-Windows-LiveId/Operational", "Provider_Name": "Microsoft-Windows-LiveId", "Computer": "DESKTOP-OFJ6N53", "TimeCreated": "2025-08-26 04:58:17.371433+00:00", "RecordID": "88280", "Level": "4", "UserID": "S-1-5-18", "EventData.Operation": "Service stopped", "EventData.Details": "The service has stopped.", "EventData.Status": "0x00000000"}
{"EventID": "2024", "Channel": "Microsoft-Windows-LiveId/Operational", "Provider_Name": "Microsoft-Windows-LiveId", "Computer": "DESKTOP-OFJ6N53", "TimeCreated": "2025-08-26 08:48:58.524944+00:00", "RecordID": "88281", "Level": "4", "UserID": "S-1-5-18", "EventData.Operation": "Service started", "EventData.Details": "The service will auto stop if no requests received for some period of time.", "EventData.Status": "0x00000000"}
{"EventID": "6115", "Channel": "Microsoft-Windows-LiveId/Operational", "Provider_Name": "Microsoft-Windows-LiveId", "Computer": "DESKTOP-OFJ6N53", "TimeCreated": "2025-08-26 08:48:58.600136+00:00", "RecordID": "88282", "Level": "4", "UserID": "S-1-5-18", "EventData.Value": "<s:Envelope><s:Header><wsa:Action s:mustUnderstand=\"1\">*</wsa:Action><wsa:To s:mustUnderstand=\"1\">*</wsa:To><wsa:MessageID>*</wsa:MessageID><ps:AuthInfo Id=\"PPAuthInfo\"><ps:HostingApp>{D80D1001-5B38-49E9-9D34-EC9B84779189}</ps:HostingApp><ps:BinaryVersion>24</ps:BinaryVersion><ps:UIVersion>1</ps:UIVersion><ps:InlineUX>TokenBroker</ps:InlineUX><ps:IsAdmin>1</ps:IsAdmin><ps:Cookies></ps:Cookies><ps:RequestParams>AQAAAAIAAABsYwQAAAAxMDQ5</ps:RequestParams><ps:WindowsClientString>gkfodOJuvaWN7Khxeg1vNcHQNQrBSfkjx+90ZU2g55E=</ps:WindowsClientString><ps:LicenseSignatureKeyVersion>*</ps:LicenseSignatureKeyVersion><ps:ClientCapabilities>1</ps:ClientCapabilities></ps:AuthInfo><wsse:Security><EncryptedData xmlns=\"http://www.w3.org/2001/04/xmlenc#\" Id=\"devicesoftware\" Type=\"http://www.w3.org/2001/04/xmlenc#Element\"><EncryptionMethod Algorithm=\"http://www.w3.org/2001/04/xmlenc#tripledes-cbc\"></EncryptionMethod><ds:KeyInfo><ds:KeyName>http://Passport.NET/STS</ds:KeyName></ds:KeyInfo><CipherData><CipherValue>*</CipherValue></CipherData></EncryptedData><wssc:DerivedKeyToken wsu:Id=\"SignKey\" Algorithm=\"urn:liveid:SP800108_CTR_HMAC_SHA256_DOUBLEDERIVED\"><wsse:RequestedTokenReference><wsse:KeyIdentifier ValueType=\"http://docs.oasis-open.org/wss/2004/XX/oasis-2004XX-wss-saml-token-profile-1.0#SAMLAssertionID\"/><wsse:Reference URI=\"\"/></wsse:RequestedTokenReference><wssc:Nonce>*</wssc:Nonce></wssc:DerivedKeyToken><wsu:Timestamp wsu:Id=\"Timestamp\"><wsu:Created>2025-08-26T08:48:57Z</wsu:Created><wsu:Expires>2025-08-26T08:53:57Z</wsu:Expires></wsu:Timestamp><Signature xmlns=\"http://www.w3.org/2000/09/xmldsig#\"><SignedInfo><CanonicalizationMethod Algorithm=\"http://www.w3.org/2001/10/xml-exc-c14n#\"></CanonicalizationMethod><SignatureMethod Algorithm=\"http://www.w3.org/2001/04/xmldsig-more#hmac-sha256\"></SignatureMethod><Reference URI=\"#RST0\"><Transforms><Transform Algorithm=\"http://www.w3.org/2001/10/xml-exc-c14n#\"></Transform></Transforms><DigestMethod Algorithm=\"http://www.w3.org/2001/04/xmlenc#sha256\"></DigestMethod><DigestValue>*</DigestValue></Reference><Reference URI=\"#Timestamp\"><Transforms><Transform Algorithm=\"http://www.w3.org/2001/10/xml-exc-c14n#\"></Transform></Transforms><DigestMethod Algorithm=\"http://www.w3.org/2001/04/xmlenc#sha256\"></DigestMethod><DigestValue>*</DigestValue></Reference><Reference URI=\"#PPAuthInfo\"><Transforms><Transform Algorithm=\"http://www.w3.org/2001/10/xml-exc-c14n#\"></Transform></Transforms><DigestMethod Algorithm=\"http://www.w3.org/2001/04/xmlenc#sha256\"></DigestMethod><DigestValue>*</DigestValue></Reference></SignedInfo><SignatureValue>*</SignatureValue><KeyInfo><wsse:SecurityTokenReference><wsse:Reference URI=\"#SignKey\"/></wsse:SecurityTokenReference></KeyInfo></Signature></wsse:Security></s:Header><s:Body><wst:RequestSecurityToken Id=\"RST0\"><wst:RequestType>http://schemas.xmlsoap.org/ws/2005/02/trust/Issue</wst:RequestType><wsp:AppliesTo><wsa:EndpointReference><wsa:Address>wns.windows.com</wsa:Address></wsa:EndpointReference></wsp:AppliesTo><wsp:PolicyReference URI=\"MBI_SSL\"></wsp:PolicyReference></wst:RequestSecurityToken></s:Body></s:Envelope>"}
{"EventID": "6116", "Channel": "Microsoft-Windows-LiveId/Operational", "Provider_Name": "Microsoft-Windows-LiveId", "Computer": "DESKTOP-OFJ6N53", "TimeCreated": "2025-08-26 08:48:59.070835+00:00", "RecordID": "88283", "Level": "4", "UserID": "S-1-5-18", "EventData.Value": "<S:Envelope><S:Header><wsa:Action wsu:Id=\"Action\" S:mustUnderstand=\"1\">*</wsa:Action><wsa:To wsu:Id=\"To\" S:mustUnderstand=\"1\">*</wsa:To><wsse:Security><wsu:Timestamp wsu:Id=\"TS\"><wsu:Created>2025-08-26T08:49:00Z</wsu:Created><wsu:Expires>2025-08-26T08:54:00Z</wsu:Expires></wsu:Timestamp><wssc:DerivedKeyToken wsu:Id=\"SignKey\" Algorithm=\"urn:liveid:SP800108_CTR_HMAC_SHA256_DOUBLEDERIVED\"><wsse:SecurityTokenReference><wsse:Reference URI=\"BjqSnjIiAfqUtYMNT4mVXNvnf+Y=\"></wsse:Reference></wsse:SecurityTokenReference><wssc:Nonce>*</wssc:Nonce></wssc:DerivedKeyToken><wssc:DerivedKeyToken wsu:Id=\"EncKey\" Algorithm=\"urn:liveid:SP800108_CTR_HMAC_SHA256_DOUBLEDERIVED\"><wsse:SecurityTokenReference><wsse:Reference URI=\"BjqSnjIiAfqUtYMNT4mVXNvnf+Y=\"></wsse:Reference></wsse:SecurityTokenReference><wssc:Nonce>*</wssc:Nonce></wssc:DerivedKeyToken><Signature xmlns=\"http://www.w3.org/2000/09/xmldsig#\"><SignedInfo><CanonicalizationMethod Algorithm=\"http://www.w3.org/2001/10/xml-exc-c14n#\"></CanonicalizationMethod><SignatureMethod Algorithm=\"http://www.w3.org/2001/04/xmldsig-more#hmac-sha256\"></SignatureMethod><Reference URI=\"#EncPsf\"><Transforms><Transform Algorithm=\"http://www.w3.org/2001/10/xml-exc-c14n#\"></Transform></Transforms><DigestMethod Algorithm=\"http://www.w3.org/2001/04/xmlenc#sha256\"></DigestMethod><DigestValue>*</DigestValue></Reference><Reference URI=\"#Body\"><Transforms><Transform Algorithm=\"http://www.w3.org/2001/10/xml-exc-c14n#\"></Transform></Transforms><DigestMethod Algorithm=\"http://www.w3.org/2001/04/xmlenc#sha256\"></DigestMethod><DigestValue>*</DigestValue></Reference><Reference URI=\"#To\"><Transforms><Transform Algorithm=\"http://www.w3.org/2001/10/xml-exc-c14n#\"></Transform></Transforms><DigestMethod Algorithm=\"http://www.w3.org/2001/04/xmlenc#sha256\"></DigestMethod><DigestValue>*</DigestValue></Reference><Reference URI=\"#Action\"><Transforms><Transform Algorithm=\"http://www.w3.org/2001/10/xml-exc-c14n#\"></Transform></Transforms><DigestMethod Algorithm=\"http://www.w3.org/2001/04/xmlenc#sha256\"></DigestMethod><DigestValue>*</DigestValue></Reference><Reference URI=\"#TS\"><Transforms><Transform Algorithm=\"http://www.w3.org/2001/10/xml-exc-c14n#\"></Transform></Transforms><DigestMethod Algorithm=\"http://www.w3.org/2001/04/xmlenc#sha256\"></DigestMethod><DigestValue>*</DigestValue></Reference></SignedInfo><SignatureValue>*</SignatureValue><KeyInfo><wsse:SecurityTokenReference><wsse:Reference URI=\"#SignKey\"></wsse:Reference></wsse:SecurityTokenReference></KeyInfo></Signature><e:ReferenceList xmlns:e=\"http://www.w3.org/2001/04/xmlenc#\"><e:DataReference URI=\"#RSTR\"/><e:DataReference URI=\"#EncPsf\"/></e:ReferenceList></wsse:Security><psf:EncryptedPP><EncryptedData xmlns=\"http://www.w3.org/2001/04/xmlenc#\" Id=\"EncPsf\" Type=\"http://www.w3.org/2001/04/xmlenc#Element\"><EncryptionMethod Algorithm=\"http://www.w3.org/2001/04/xmlenc#aes256-cbc\"></EncryptionMethod><KeyInfo xmlns=\"http://www.w3.org/2000/09/xmldsig#\"><wsse:SecurityTokenReference><wsse:Reference URI=\"#EncKey\"></wsse:Reference></wsse:SecurityTokenReference></KeyInfo><CipherData><CipherValue>*</CipherValue></CipherData></EncryptedData></psf:EncryptedPP></S:Header><S:Body wsu:Id=\"Body\"><EncryptedData xmlns=\"http://www.w3.org/2001/04/xmlenc#\" Id=\"RSTR\" Type=\"http://www.w3.org/2001/04/xmlenc#Element\"><EncryptionMethod Algorithm=\"http://www.w3.org/2001/04/xmlenc#aes256-cbc\"></EncryptionMethod><KeyInfo xmlns=\"http://www.w3.org/2000/09/xmldsig#\"><wsse:SecurityTokenReference><wsse:Reference URI=\"#EncKey\"></wsse:Reference></wsse:SecurityTokenReference></KeyInfo><CipherData><CipherValue>*</CipherValue></CipherData></EncryptedData></S:Body></S:Envelope>"}
{"EventID": "6117", "Channel": "Microsoft-Windows-LiveId/Operational", "Provider_Name": "Microsoft-Windows-LiveId", "Computer": "DESKTOP-OFJ6N53", "TimeCreated": "2025-08-26 08:48:59.078014+00:00", "RecordID": "88284", "Level": "4", "UserID": "S-1-5-18", "EventData.ResourceURI": "wns.windows.com", "EventData.Created": "2025-08-26 11:49:00", "EventData.Expires": "2025-08-27 11:49:00", "EventData.TokenType": "urn:passport:compact", "EventData.AuthRequired": "0", "EventData.RequestStatus": "0", "EventData.HasFlowUrl": "False", "EventData.HasAuthUrl": "False", "EventData.HasEndAuthUrl": "False"}
{"EventID": "2024", "Channel": "Microsoft-Windows-LiveId/Operational", "Provider_Name": "Microsoft-Windows-LiveId", "Computer": "DESKTOP-OFJ6N53", "TimeCreated": "2025-08-26 08:52:57.680002+00:00", "RecordID": "88285", "Level": "4", "UserID": "S-1-5-18", "EventData.Operation": "Service stopped", "EventData.Details": "The service has stopped.", "EventData.Status": "0x00000000"}
