{"EventID": "5", "Channel": "Microsoft-Windows-User Profile Service/Operational", "Provider_Name": "Microsoft-Windows-User Profiles Service", "Computer": "DESKTOP-OFJ6N53", "TimeCreated": "2023-03-06 09:09:08.014111+00:00", "RecordID": "540", "Level": "4", "UserID": "S-1-5-18", "EventData.File": "C:\\Users\\sk.batsiev\\AppData\\Local\\Microsoft\\Windows\\\\UsrClass.dat", "EventData.Key": "S-1-5-21-963789628-1060504924-4285088085-1001_Classes"}
{"EventID": "67", "Channel": "Microsoft-Windows-User Profile Service/Operational", "Provider_Name": "Microsoft-Windows-User Profiles Service", "Computer": "DESKTOP-OFJ6N53", "TimeCreated": "2023-03-06 09:09:08.016529+00:00", "RecordID": "541", "Level": "4", "UserID": "S-1-5-18", "EventData.LogonType": "Regular", "EventData.LocalPath": "C:\\Users\\sk.batsiev", "EventData.ProfileType": "Regular"}
{"EventID": "2", "Channel": "Microsoft-Windows-User Profile Service/Operational", "Provider_Name": "Microsoft-Windows-User Profiles Service", "Computer": "DESKTOP-OFJ6N53", "TimeCreated": "2023-03-06 09:09:10.493984+00:00", "RecordID": "542", "Level": "4", "UserID": "S-1-5-21-963789628-1060504924-4285088085-1001", "EventData.Session": "2"}
{"EventID": "3", "Channel": "Microsoft-Windows-User Profile Service/Operational", "Provider_Name": "Microsoft-Windows-User Profiles Service", "Computer": "DESKTOP-OFJ6N53", "TimeCreated": "2023-03-10 12:02:00.931982+00:00", "RecordID": "543", "Level": "4", "UserID": "S-1-5-21-963789628-1060504924-4285088085-1001", "EventData.Session": "2"}
{"EventID": "4", "Channel": "Microsoft-Windows-User Profile Service/Operational", "Provider_Name": "Microsoft-Windows-User Profiles Service", "Computer": "DESKTOP-OFJ6N53", "TimeCreated": "2023-03-10 12:02:01.255957+00:00", "RecordID": "544", "Level": "4", "UserID": "S-1-5-21-963789628-1060504924-4285088085-1001", "EventData.Session": "2"}
{"EventID": "1", "Channel": "Microsoft-Windows-User Profile Service/Operational", "Provider_Name": "Microsoft-Windows-User Profiles Service", "Computer": "DESKTOP-OFJ6N53", "TimeCreated": "2023-03-10 12:21:05.045832+00:00", "RecordID": "545", "Level": "4", "UserID": "S-1-5-21-963789628-1060504924-4285088085-1001", "EventData.Session": "1"}
{"EventID": "5", "Channel": "Microsoft-Windows-User Profile Service/Operational", "Provider_Name": "Microsoft-Windows-User Profiles Service", "Computer": "DESKTOP-OFJ6N53", "TimeCreated": "2023-03-10 12:21:05.120447+00:00", "RecordID": "546", "Level": "4", "UserID": "S-1-5-18", "EventData.File": "C:\\Users\\sk.batsiev\\ntuser.dat", "EventData.Key": "S-1-5-21-963789628-1060504924-4285088085-1001"}
{"EventID": "5", "Channel": "Microsoft-Windows-User Profile Service/Operational", "Provider_Name": "Microsoft-Windows-User Profiles Service", "Computer": "DESKTOP-OFJ6N53", "TimeCreated": "2023-03-10 12:21:05.210711+00:00", "RecordID": "547", "Level": "4", "UserID": "S-1-5-18", "EventData.File": "C:\\Users\\sk.batsiev\\AppData\\Local\\Microsoft\\Windows\\\\UsrClass.dat", "EventData.Key": "S-1-5-21-963789628-1060504924-4285088085-1001_Classes"}
{"EventID": "67", "Channel": "Microsoft-Windows-User Profile Service/Operational", "Provider_Name": "Microsoft-Windows-User Profiles Service", "Computer": "DESKTOP-OFJ6N53", "TimeCreated": "2023-03-10 12:21:05.213470+00:00", "RecordID": "548", "Level": "4", "UserID": "S-1-5-18", "EventData.LogonType": "Regular", "EventData.LocalPath": "C:\\Users\\sk.batsiev", "EventData.ProfileType": "Regular"}
{"EventID": "2", "Channel": "Microsoft-Windows-User Profile Service/Operational", "Provider_Name": "Microsoft-Windows-User Profiles Service", "Computer": "DESKTOP-OFJ6N53", "TimeCreated": "2023-03-10 12:21:07.970610+00:00", "RecordID": "549", "Level": "4", "UserID": "S-1-5-21-963789628-1060504924-4285088085-1001", "EventData.Session": "1"}
{"EventID": "1", "Channel": "Microsoft-Windows-User Profile Service/Operational", "Provider_Name": "Microsoft-Windows-User Profiles Service", "Computer": "DESKTOP-OFJ6N53", "TimeCreated": "2023-03-13 11:27:35.214785+00:00", "RecordID": "550", "Level": "4", "UserID": "S-1-5-21-963789628-1060504924-4285088085-1001", "EventData.Session": "2"}
{"EventID": "5", "Channel": "Microsoft-Windows-User Profile Service/Operational", "Provider_Name": "Microsoft-Windows-User Profiles Service", "Computer": "DESKTOP-OFJ6N53", "TimeCreated": "2023-03-13 11:27:35.648243+00:00", "RecordID": "551", "Level": "4", "UserID": "S-1-5-18", "EventData.File": "C:\\Users\\sk.batsiev\\ntuser.dat", "EventData.Key": "S-1-5-21-963789628-1060504924-4285088085-1001"}
{"EventID": "5", "Channel": "Microsoft-Windows-User Profile Service/Operational", "Provider_Name": "Microsoft-Windows-User Profiles Service", "Computer": "DESKTOP-OFJ6N53", "TimeCreated": "2023-03-13 11:27:35.914719+00:00", "RecordID": "552", "Level": "4", "UserID": "S-1-5-18", "EventData.File": "C:\\Users\\sk.batsiev\\AppData\\Local\\Microsoft\\Windows\\\\UsrClass.dat", "EventData.Key": "S-1-5-21-963789628-1060504924-4285088085-1001_Classes"}
{"EventID": "67", "Channel": "Microsoft-Windows-User Profile Service/Operational", "Provider_Name": "Microsoft-Windows-User Profiles Service", "Computer": "DESKTOP-OFJ6N53", "TimeCreated": "2023-03-13 11:27:35.918797+00:00", "RecordID": "553", "Level": "4", "UserID": "S-1-5-18", "EventData.LogonType": "Regular", "EventData.LocalPath": "C:\\Users\\sk.batsiev", "EventData.ProfileType": "Regular"}
{"EventID": "2", "Channel": "Microsoft-Windows-User Profile Service/Operational", "Provider_Name": "Microsoft-Windows-User Profiles Service", "Computer": "DESKTOP-OFJ6N53", "TimeCreated": "2023-03-13 11:27:41.592409+00:00", "RecordID": "554", "Level": "4", "UserID": "S-1-5-21-963789628-1060504924-4285088085-1001", "EventData.Session": "2"}
{"EventID": "3", "Channel": "Microsoft-Windows-User Profile Service/Operational", "Provider_Name": "Microsoft-Windows-User Profiles Service", "Computer": "DESKTOP-OFJ6N53", "TimeCreated": "2023-03-15 21:56:25.201241+00:00", "RecordID": "555", "Level": "4", "UserID": "S-1-5-21-963789628-1060504924-4285088085-1001", "EventData.Session": "2"}
{"EventID": "4", "Channel": "Microsoft-Windows-User Profile Service/Operational", "Provider_Name": "Microsoft-Windows-User Profiles Service", "Computer": "DESKTOP-OFJ6N53", "TimeCreated": "2023-03-15 21:56:26.081291+00:00", "RecordID": "556", "Level": "4", "UserID": "S-1-5-21-963789628-1060504924-4285088085-1001", "EventData.Session": "2"}
{"EventID": "1", "Channel": "Microsoft-Windows-User Profile Service/Operational", "Provider_Name": "Microsoft-Windows-User Profiles Service", "Computer": "DESKTOP-OFJ6N53", "TimeCreated": "2023-03-16 14:59:15.100819+00:00", "RecordID": "557", "Level": "4", "UserID": "S-1-5-21-963789628-1060504924-4285088085-1001", "EventData.Session": "2"}
{"EventID": "5", "Channel": "Microsoft-Windows-User Profile Service/Operational", "Provider_Name": "Microsoft-Windows-User Profiles Service", "Computer": "DESKTOP-OFJ6N53", "TimeCreated": "2023-03-16 14:59:17.449459+00:00", "RecordID": "558", "Level": "4", "UserID": "S-1-5-18", "EventData.File": "C:\\Users\\sk.batsiev\\ntuser.dat", "EventData.Key": "S-1-5-21-963789628-1060504924-4285088085-1001"}
{"EventID": "5", "Channel": "Microsoft-Windows-User Profile Service/Operational", "Provider_Name": "Microsoft-Windows-User Profiles Service", "Computer": "DESKTOP-OFJ6N53", "TimeCreated": "2023-03-16 14:59:20.181200+00:00", "RecordID": "559", "Level": "4", "UserID": "S-1-5-18", "EventData.File": "C:\\Users\\sk.batsiev\\AppData\\Local\\Microsoft\\Windows\\\\UsrClass.dat", "EventData.Key": "S-1-5-21-963789628-1060504924-4285088085-1001_Classes"}
{"EventID": "67", "Channel": "Microsoft-Windows-User Profile Service/Operational", "Provider_Name": "Microsoft-Windows-User Profiles Service", "Computer": "DESKTOP-OFJ6N53", "TimeCreated": "2023-03-16 14:59:20.192110+00:00", "RecordID": "560", "Level": "4", "UserID": "S-1-5-18", "EventData.LogonType": "Regular", "EventData.LocalPath": "C:\\Users\\sk.batsiev", "EventData.ProfileType": "Regular"}
{"EventID": "2", "Channel": "Microsoft-Windows-User Profile Service/Operational", "Provider_Name": "Microsoft-Windows-User Profiles Service", "Computer": "DESKTOP-OFJ6N53", "TimeCreated": "2023-03-16 14:59:34.108673+00:00", "RecordID": "561", "Level": "4", "UserID": "S-1-5-21-963789628-1060504924-4285088085-1001", "EventData.Session": "2"}
{"EventID": "5", "Channel": "Microsoft-Windows-User Profile Service/Operational", "Provider_Name": "Microsoft-Windows-User Profiles Service", "Computer": "DESKTOP-OFJ6N53", "TimeCreated": "2023-03-16 14:59:40.555328+00:00", "RecordID": "562", "Level": "4", "UserID": "S-1-5-18", "EventData.File": "C:\\Users\\sk.batsiev\\AppData\\Local\\Microsoft\\Windows\\\\UsrClass.dat", "EventData.Key": "S-1-5-21-963789628-1060504924-4285088085-1001_Classes"}
{"EventID": "3", "Channel": "Microsoft-Windows-User Profile Service/Operational", "Provider_Name": "Microsoft-Windows-User Profiles Service", "Computer": "DESKTOP-OFJ6N53", "TimeCreated": "2023-03-19 01:05:16.037270+00:00", "RecordID": "563", "Level": "4", "UserID": "S-1-5-21-963789628-1060504924-4285088085-1001", "EventData.Session": "2"}
{"EventID": "4", "Channel": "Microsoft-Windows-User Profile Service/Operational", "Provider_Name": "Microsoft-Windows-User Profiles Service", "Computer": "DESKTOP-OFJ6N53", "TimeCreated": "2023-03-19 01:05:17.068684+00:00", "RecordID": "564", "Level": "4", "UserID": "S-1-5-21-963789628-1060504924-4285088085-1001", "EventData.Session": "2"}
{"EventID": "1", "Channel": "Microsoft-Windows-User Profile Service/Operational", "Provider_Name": "Microsoft-Windows-User Profiles Service", "Computer": "DESKTOP-OFJ6N53", "TimeCreated": "2023-03-19 01:10:32.249716+00:00", "RecordID": "565", "Level": "4", "UserID": "S-1-5-21-963789628-1060504924-4285088085-1001", "EventData.Session": "2"}
{"EventID": "5", "Channel": "Microsoft-Windows-User Profile Service/Operational", "Provider_Name": "Microsoft-Windows-User Profiles Service", "Computer": "DESKTOP-OFJ6N53", "TimeCreated": "2023-03-19 01:10:34.699854+00:00", "RecordID": "566", "Level": "4", "UserID": "S-1-5-18", "EventData.File": "C:\\Users\\sk.batsiev\\ntuser.dat", "EventData.Key": "S-1-5-21-963789628-1060504924-4285088085-1001"}
{"EventID": "5", "Channel": "Microsoft-Windows-User Profile Service/Operational", "Provider_Name": "Microsoft-Windows-User Profiles Service", "Computer": "DESKTOP-OFJ6N53", "TimeCreated": "2023-03-19 01:10:36.895540+00:00", "RecordID": "567", "Level": "4", "UserID": "S-1-5-18", "EventData.File": "C:\\Users\\sk.batsiev\\AppData\\Local\\Microsoft\\Windows\\\\UsrClass.dat", "EventData.Key": "S-1-5-21-963789628-1060504924-4285088085-1001_Classes"}
{"EventID": "67", "Channel": "Microsoft-Windows-User Profile Service/Operational", "Provider_Name": "Microsoft-Windows-User Profiles Service", "Computer": "DESKTOP-OFJ6N53", "TimeCreated": "2023-03-19 01:10:36.898069+00:00", "RecordID": "568", "Level": "4", "UserID": "S-1-5-18", "EventData.LogonType": "Regular", "EventData.LocalPath": "C:\\Users\\sk.batsiev", "EventData.ProfileType": "Regular"}
{"EventID": "2", "Channel": "Microsoft-Windows-User Profile Service/Operational", "Provider_Name": "Microsoft-Windows-User Profiles Service", "Computer": "DESKTOP-OFJ6N53", "TimeCreated": "2023-03-19 01:10:51.007944+00:00", "RecordID": "569", "Level": "4", "UserID": "S-1-5-21-963789628-1060504924-4285088085-1001", "EventData.Session": "2"}
{"EventID": "3", "Channel": "Microsoft-Windows-User Profile Service/Operational", "Provider_Name": "Microsoft-Windows-User Profiles Service", "Computer": "DESKTOP-OFJ6N53", "TimeCreated": "2023-03-20 08:26:56.100334+00:00", "RecordID": "570", "Level": "4", "UserID": "S-1-5-21-963789628-1060504924-4285088085-1001", "EventData.Session": "2"}
{"EventID": "4", "Channel": "Microsoft-Windows-User Profile Service/Operational", "Provider_Name": "Microsoft-Windows-User Profiles Service", "Computer": "DESKTOP-OFJ6N53", "TimeCreated": "2023-03-20 08:26:57.762890+00:00", "RecordID": "571", "Level": "4", "UserID": "S-1-5-21-963789628-1060504924-4285088085-1001", "EventData.Session": "2"}
{"EventID": "1", "Channel": "Microsoft-Windows-User Profile Service/Operational", "Provider_Name": "Microsoft-Windows-User Profiles Service", "Computer": "DESKTOP-OFJ6N53", "TimeCreated": "2023-03-20 08:32:47.049667+00:00", "RecordID": "572", "Level": "4", "UserID": "S-1-5-21-963789628-1060504924-4285088085-1001", "EventData.Session": "2"}
{"EventID": "5", "Channel": "Microsoft-Windows-User Profile Service/Operational", "Provider_Name": "Microsoft-Windows-User Profiles Service", "Computer": "DESKTOP-OFJ6N53", "TimeCreated": "2023-03-20 08:32:48.685030+00:00", "RecordID": "573", "Level": "4", "UserID": "S-1-5-18", "EventData.File": "C:\\Users\\sk.batsiev\\ntuser.dat", "EventData.Key": "S-1-5-21-963789628-1060504924-4285088085-1001"}
{"EventID": "5", "Channel": "Microsoft-Windows-User Profile Service/Operational", "Provider_Name": "Microsoft-Windows-User Profiles Service", "Computer": "DESKTOP-OFJ6N53", "TimeCreated": "2023-03-20 08:32:53.271597+00:00", "RecordID": "574", "Level": "4", "UserID": "S-1-5-18", "EventData.File": "C:\\Users\\sk.batsiev\\AppData\\Local\\Microsoft\\Windows\\\\UsrClass.dat", "EventData.Key": "S-1-5-21-963789628-1060504924-4285088085-1001_Classes"}
{"EventID": "67", "Channel": "Microsoft-Windows-User Profile Service/Operational", "Provider_Name": "Microsoft-Windows-User Profiles Service", "Computer": "DESKTOP-OFJ6N53", "TimeCreated": "2023-03-20 08:32:53.275261+00:00", "RecordID": "575", "Level": "4", "UserID": "S-1-5-18", "EventData.LogonType": "Regular", "EventData.LocalPath": "C:\\Users\\sk.batsiev", "EventData.ProfileType": "Regular"}
{"EventID": "2", "Channel": "Microsoft-Windows-User Profile Service/Operational", "Provider_Name": "Microsoft-Windows-User Profiles Service", "Computer": "DESKTOP-OFJ6N53", "TimeCreated": "2023-03-20 08:33:51.823788+00:00", "RecordID": "576", "Level": "4", "UserID": "S-1-5-21-963789628-1060504924-4285088085-1001", "EventData.Session": "2"}
{"EventID": "1", "Channel": "Microsoft-Windows-User Profile Service/Operational", "Provider_Name": "Microsoft-Windows-User Profiles Service", "Computer": "DESKTOP-OFJ6N53", "TimeCreated": "2023-03-23 10:11:56.175730+00:00", "RecordID": "577", "Level": "4", "UserID": "S-1-5-21-963789628-1060504924-4285088085-1001", "EventData.Session": "2"}
{"EventID": "5", "Channel": "Microsoft-Windows-User Profile Service/Operational", "Provider_Name": "Microsoft-Windows-User Profiles Service", "Computer": "DESKTOP-OFJ6N53", "TimeCreated": "2023-03-23 10:11:56.276615+00:00", "RecordID": "578", "Level": "4", "UserID": "S-1-5-18", "EventData.File": "C:\\Users\\sk.batsiev\\ntuser.dat", "EventData.Key": "S-1-5-21-963789628-1060504924-4285088085-1001"}
{"EventID": "5", "Channel": "Microsoft-Windows-User Profile Service/Operational", "Provider_Name": "Microsoft-Windows-User Profiles Service", "Computer": "DESKTOP-OFJ6N53", "TimeCreated": "2023-03-23 10:11:56.572344+00:00", "RecordID": "579", "Level": "4", "UserID": "S-1-5-18", "EventData.File": "C:\\Users\\sk.batsiev\\AppData\\Local\\Microsoft\\Windows\\\\UsrClass.dat", "EventData.Key": "S-1-5-21-963789628-1060504924-4285088085-1001_Classes"}
{"EventID": "67", "Channel": "Microsoft-Windows-User Profile Service/Operational", "Provider_Name": "Microsoft-Windows-User Profiles Service", "Computer": "DESKTOP-OFJ6N53", "TimeCreated": "2023-03-23 10:11:56.574400+00:00", "RecordID": "580", "Level": "4", "UserID": "S-1-5-18", "EventData.LogonType": "Regular", "EventData.LocalPath": "C:\\Users\\sk.batsiev", "EventData.ProfileType": "Regular"}
{"EventID": "2", "Channel": "Microsoft-Windows-User Profile Service/Operational", "Provider_Name": "Microsoft-Windows-User Profiles Service", "Computer": "DESKTOP-OFJ6N53", "TimeCreated": "2023-03-23 10:12:02.328396+00:00", "RecordID": "581", "Level": "4", "UserID": "S-1-5-21-963789628-1060504924-4285088085-1001", "EventData.Session": "2"}
{"EventID": "3", "Channel": "Microsoft-Windows-User Profile Service/Operational", "Provider_Name": "Microsoft-Windows-User Profiles Service", "Computer": "DESKTOP-OFJ6N53", "TimeCreated": "2023-03-29 11:05:19.435953+00:00", "RecordID": "582", "Level": "4", "UserID": "S-1-5-21-963789628-1060504924-4285088085-1001", "EventData.Session": "2"}
{"EventID": "4", "Channel": "Microsoft-Windows-User Profile Service/Operational", "Provider_Name": "Microsoft-Windows-User Profiles Service", "Computer": "DESKTOP-OFJ6N53", "TimeCreated": "2023-03-29 11:05:21.075518+00:00", "RecordID": "583", "Level": "4", "UserID": "S-1-5-21-963789628-1060504924-4285088085-1001", "EventData.Session": "2"}
{"EventID": "1", "Channel": "Microsoft-Windows-User Profile Service/Operational", "Provider_Name": "Microsoft-Windows-User Profiles Service", "Computer": "DESKTOP-OFJ6N53", "TimeCreated": "2023-03-29 11:28:07.800465+00:00", "RecordID": "584", "Level": "4", "UserID": "S-1-5-21-963789628-1060504924-4285088085-1001", "EventData.Session": "2"}
{"EventID": "5", "Channel": "Microsoft-Windows-User Profile Service/Operational", "Provider_Name": "Microsoft-Windows-User Profiles Service", "Computer": "DESKTOP-OFJ6N53", "TimeCreated": "2023-03-29 11:28:07.913885+00:00", "RecordID": "585", "Level": "4", "UserID": "S-1-5-18", "EventData.File": "C:\\Users\\sk.batsiev\\ntuser.dat", "EventData.Key": "S-1-5-21-963789628-1060504924-4285088085-1001"}
{"EventID": "5", "Channel": "Microsoft-Windows-User Profile Service/Operational", "Provider_Name": "Microsoft-Windows-User Profiles Service", "Computer": "DESKTOP-OFJ6N53", "TimeCreated": "2023-03-29 11:28:08.623882+00:00", "RecordID": "586", "Level": "4", "UserID": "S-1-5-18", "EventData.File": "C:\\Users\\sk.batsiev\\AppData\\Local\\Microsoft\\Windows\\\\UsrClass.dat", "EventData.Key": "S-1-5-21-963789628-1060504924-4285088085-1001_Classes"}
{"EventID": "67", "Channel": "Microsoft-Windows-User Profile Service/Operational", "Provider_Name": "Microsoft-Windows-User Profiles Service", "Computer": "DESKTOP-OFJ6N53", "TimeCreated": "2023-03-29 11:28:08.639597+00:00", "RecordID": "587", "Level": "4", "UserID": "S-1-5-18", "EventData.LogonType": "Regular", "EventData.LocalPath": "C:\\Users\\sk.batsiev", "EventData.ProfileType": "Regular"}
{"EventID": "2", "Channel": "Microsoft-Windows-User Profile Service/Operational", "Provider_Name": "Microsoft-Windows-User Profiles Service", "Computer": "DESKTOP-OFJ6N53", "TimeCreated": "2023-03-29 11:28:16.211744+00:00", "RecordID": "588", "Level": "4", "UserID": "S-1-5-21-963789628-1060504924-4285088085-1001", "EventData.Session": "2"}
{"EventID": "3", "Channel": "Microsoft-Windows-User Profile Service/Operational", "Provider_Name": "Microsoft-Windows-User Profiles Service", "Computer": "DESKTOP-OFJ6N53", "TimeCreated": "2023-04-03 12:03:47.087904+00:00", "RecordID": "589", "Level": "4", "UserID": "S-1-5-21-963789628-1060504924-4285088085-1001", "EventData.Session": "2"}
{"EventID": "4", "Channel": "Microsoft-Windows-User Profile Service/Operational", "Provider_Name": "Microsoft-Windows-User Profiles Service", "Computer": "DESKTOP-OFJ6N53", "TimeCreated": "2023-04-03 12:03:47.931866+00:00", "RecordID": "590", "Level": "4", "UserID": "S-1-5-21-963789628-1060504924-4285088085-1001", "EventData.Session": "2"}
{"EventID": "1", "Channel": "Microsoft-Windows-User Profile Service/Operational", "Provider_Name": "Microsoft-Windows-User Profiles Service", "Computer": "DESKTOP-OFJ6N53", "TimeCreated": "2023-04-03 13:38:41.294508+00:00", "RecordID": "591", "Level": "4", "UserID": "S-1-5-21-963789628-1060504924-4285088085-1001", "EventData.Session": "2"}
{"EventID": "5", "Channel": "Microsoft-Windows-User Profile Service/Operational", "Provider_Name": "Microsoft-Windows-User Profiles Service", "Computer": "DESKTOP-OFJ6N53", "TimeCreated": "2023-04-03 13:38:42.495123+00:00", "RecordID": "592", "Level": "4", "UserID": "S-1-5-18", "EventData.File": "C:\\Users\\sk.batsiev\\ntuser.dat", "EventData.Key": "S-1-5-21-963789628-1060504924-4285088085-1001"}
{"EventID": "5", "Channel": "Microsoft-Windows-User Profile Service/Operational", "Provider_Name": "Microsoft-Windows-User Profiles Service", "Computer": "DESKTOP-OFJ6N53", "TimeCreated": "2023-04-03 13:38:43.624334+00:00", "RecordID": "593", "Level": "4", "UserID": "S-1-5-18", "EventData.File": "C:\\Users\\sk.batsiev\\AppData\\Local\\Microsoft\\Windows\\\\UsrClass.dat", "EventData.Key": "S-1-5-21-963789628-1060504924-4285088085-1001_Classes"}
{"EventID": "67", "Channel": "Microsoft-Windows-User Profile Service/Operational", "Provider_Name": "Microsoft-Windows-User Profiles Service", "Computer": "DESKTOP-OFJ6N53", "TimeCreated": "2023-04-03 13:38:43.638517+00:00", "RecordID": "594", "Level": "4", "UserID": "S-1-5-18", "EventData.LogonType": "Regular", "EventData.LocalPath": "C:\\Users\\sk.batsiev", "EventData.ProfileType": "Regular"}
{"EventID": "2", "Channel": "Microsoft-Windows-User Profile Service/Operational", "Provider_Name": "Microsoft-Windows-User Profiles Service", "Computer": "DESKTOP-OFJ6N53", "TimeCreated": "2023-04-03 13:38:57.876451+00:00", "RecordID": "595", "Level": "4", "UserID": "S-1-5-21-963789628-1060504924-4285088085-1001", "EventData.Session": "2"}
{"EventID": "3", "Channel": "Microsoft-Windows-User Profile Service/Operational", "Provider_Name": "Microsoft-Windows-User Profiles Service", "Computer": "DESKTOP-OFJ6N53", "TimeCreated": "2023-04-03 14:19:37.998087+00:00", "RecordID": "596", "Level": "4", "UserID": "S-1-5-21-963789628-1060504924-4285088085-1001", "EventData.Session": "2"}
{"EventID": "4", "Channel": "Microsoft-Windows-User Profile Service/Operational", "Provider_Name": "Microsoft-Windows-User Profiles Service", "Computer": "DESKTOP-OFJ6N53", "TimeCreated": "2023-04-03 14:19:38.594976+00:00", "RecordID": "597", "Level": "4", "UserID": "S-1-5-21-963789628-1060504924-4285088085-1001", "EventData.Session": "2"}
{"EventID": "1", "Channel": "Microsoft-Windows-User Profile Service/Operational", "Provider_Name": "Microsoft-Windows-User Profiles Service", "Computer": "DESKTOP-OFJ6N53", "TimeCreated": "2023-04-03 15:15:49.555260+00:00", "RecordID": "598", "Level": "4", "UserID": "S-1-5-21-963789628-1060504924-4285088085-1001", "EventData.Session": "2"}
{"EventID": "5", "Channel": "Microsoft-Windows-User Profile Service/Operational", "Provider_Name": "Microsoft-Windows-User Profiles Service", "Computer": "DESKTOP-OFJ6N53", "TimeCreated": "2023-04-03 15:15:49.982517+00:00", "RecordID": "599", "Level": "4", "UserID": "S-1-5-18", "EventData.File": "C:\\Users\\sk.batsiev\\ntuser.dat", "EventData.Key": "S-1-5-21-963789628-1060504924-4285088085-1001"}
{"EventID": "5", "Channel": "Microsoft-Windows-User Profile Service/Operational", "Provider_Name": "Microsoft-Windows-User Profiles Service", "Computer": "DESKTOP-OFJ6N53", "TimeCreated": "2023-04-03 15:15:51.345987+00:00", "RecordID": "600", "Level": "4", "UserID": "S-1-5-18", "EventData.File": "C:\\Users\\sk.batsiev\\AppData\\Local\\Microsoft\\Windows\\\\UsrClass.dat", "EventData.Key": "S-1-5-21-963789628-1060504924-4285088085-1001_Classes"}
{"EventID": "67", "Channel": "Microsoft-Windows-User Profile Service/Operational", "Provider_Name": "Microsoft-Windows-User Profiles Service", "Computer": "DESKTOP-OFJ6N53", "TimeCreated": "2023-04-03 15:15:51.350933+00:00", "RecordID": "601", "Level": "4", "UserID": "S-1-5-18", "EventData.LogonType": "Regular", "EventData.LocalPath": "C:\\Users\\sk.batsiev", "EventData.ProfileType": "Regular"}
{"EventID": "2", "Channel": "Microsoft-Windows-User Profile Service/Operational", "Provider_Name": "Microsoft-Windows-User Profiles Service", "Computer": "DESKTOP-OFJ6N53", "TimeCreated": "2023-04-03 15:16:03.052696+00:00", "RecordID": "602", "Level": "4", "UserID": "S-1-5-21-963789628-1060504924-4285088085-1001", "EventData.Session": "2"}
{"EventID": "5", "Channel": "Microsoft-Windows-User Profile Service/Operational", "Provider_Name": "Microsoft-Windows-User Profiles Service", "Computer": "DESKTOP-OFJ6N53", "TimeCreated": "2023-04-03 15:16:10.055845+00:00", "RecordID": "603", "Level": "4", "UserID": "S-1-5-18", "EventData.File": "C:\\Users\\sk.batsiev\\AppData\\Local\\Microsoft\\Windows\\\\UsrClass.dat", "EventData.Key": "S-1-5-21-963789628-1060504924-4285088085-1001_Classes"}
{"EventID": "1", "Channel": "Microsoft-Windows-User Profile Service/Operational", "Provider_Name": "Microsoft-Windows-User Profiles Service", "Computer": "DESKTOP-OFJ6N53", "TimeCreated": "2023-04-04 06:32:21.759739+00:00", "RecordID": "604", "Level": "4", "UserID": "S-1-5-21-963789628-1060504924-4285088085-1001", "EventData.Session": "2"}
{"EventID": "5", "Channel": "Microsoft-Windows-User Profile Service/Operational", "Provider_Name": "Microsoft-Windows-User Profiles Service", "Computer": "DESKTOP-OFJ6N53", "TimeCreated": "2023-04-04 06:32:22.758049+00:00", "RecordID": "605", "Level": "4", "UserID": "S-1-5-18", "EventData.File": "C:\\Users\\sk.batsiev\\ntuser.dat", "EventData.Key": "S-1-5-21-963789628-1060504924-4285088085-1001"}
{"EventID": "5", "Channel": "Microsoft-Windows-User Profile Service/Operational", "Provider_Name": "Microsoft-Windows-User Profiles Service", "Computer": "DESKTOP-OFJ6N53", "TimeCreated": "2023-04-04 06:32:25.452204+00:00", "RecordID": "606", "Level": "4", "UserID": "S-1-5-18", "EventData.File": "C:\\Users\\sk.batsiev\\AppData\\Local\\Microsoft\\Windows\\\\UsrClass.dat", "EventData.Key": "S-1-5-21-963789628-1060504924-4285088085-1001_Classes"}
{"EventID": "67", "Channel": "Microsoft-Windows-User Profile Service/Operational", "Provider_Name": "Microsoft-Windows-User Profiles Service", "Computer": "DESKTOP-OFJ6N53", "TimeCreated": "2023-04-04 06:32:25.457489+00:00", "RecordID": "607", "Level": "4", "UserID": "S-1-5-18", "EventData.LogonType": "Regular", "EventData.LocalPath": "C:\\Users\\sk.batsiev", "EventData.ProfileType": "Regular"}
{"EventID": "2", "Channel": "Microsoft-Windows-User Profile Service/Operational", "Provider_Name": "Microsoft-Windows-User Profiles Service", "Computer": "DESKTOP-OFJ6N53", "TimeCreated": "2023-04-04 06:32:55.661030+00:00", "RecordID": "608", "Level": "4", "UserID": "S-1-5-21-963789628-1060504924-4285088085-1001", "EventData.Session": "2"}
{"EventID": "3", "Channel": "Microsoft-Windows-User Profile Service/Operational", "Provider_Name": "Microsoft-Windows-User Profiles Service", "Computer": "DESKTOP-OFJ6N53", "TimeCreated": "2023-04-05 07:26:28.369249+00:00", "RecordID": "609", "Level": "4", "UserID": "S-1-5-21-963789628-1060504924-4285088085-1001", "EventData.Session": "2"}
{"EventID": "4", "Channel": "Microsoft-Windows-User Profile Service/Operational", "Provider_Name": "Microsoft-Windows-User Profiles Service", "Computer": "DESKTOP-OFJ6N53", "TimeCreated": "2023-04-05 07:26:28.685560+00:00", "RecordID": "610", "Level": "4", "UserID": "S-1-5-21-963789628-1060504924-4285088085-1001", "EventData.Session": "2"}
{"EventID": "1", "Channel": "Microsoft-Windows-User Profile Service/Operational", "Provider_Name": "Microsoft-Windows-User Profiles Service", "Computer": "DESKTOP-OFJ6N53", "TimeCreated": "2023-04-05 07:29:15.690781+00:00", "RecordID": "611", "Level": "4", "UserID": "S-1-5-21-963789628-1060504924-4285088085-1001", "EventData.Session": "2"}
{"EventID": "5", "Channel": "Microsoft-Windows-User Profile Service/Operational", "Provider_Name": "Microsoft-Windows-User Profiles Service", "Computer": "DESKTOP-OFJ6N53", "TimeCreated": "2023-04-05 07:29:16.070808+00:00", "RecordID": "612", "Level": "4", "UserID": "S-1-5-18", "EventData.File": "C:\\Users\\sk.batsiev\\ntuser.dat", "EventData.Key": "S-1-5-21-963789628-1060504924-4285088085-1001"}
{"EventID": "5", "Channel": "Microsoft-Windows-User Profile Service/Operational", "Provider_Name": "Microsoft-Windows-User Profiles Service", "Computer": "DESKTOP-OFJ6N53", "TimeCreated": "2023-04-05 07:29:16.934420+00:00", "RecordID": "613", "Level": "4", "UserID": "S-1-5-18", "EventData.File": "C:\\Users\\sk.batsiev\\AppData\\Local\\Microsoft\\Windows\\\\UsrClass.dat", "EventData.Key": "S-1-5-21-963789628-1060504924-4285088085-1001_Classes"}
{"EventID": "67", "Channel": "Microsoft-Windows-User Profile Service/Operational", "Provider_Name": "Microsoft-Windows-User Profiles Service", "Computer": "DESKTOP-OFJ6N53", "TimeCreated": "2023-04-05 07:29:16.942963+00:00", "RecordID": "614", "Level": "4", "UserID": "S-1-5-18", "EventData.LogonType": "Regular", "EventData.LocalPath": "C:\\Users\\sk.batsiev", "EventData.ProfileType": "Regular"}
{"EventID": "2", "Channel": "Microsoft-Windows-User Profile Service/Operational", "Provider_Name": "Microsoft-Windows-User Profiles Service", "Computer": "DESKTOP-OFJ6N53", "TimeCreated": "2023-04-05 07:29:30.474339+00:00", "RecordID": "615", "Level": "4", "UserID": "S-1-5-21-963789628-1060504924-4285088085-1001", "EventData.Session": "2"}
{"EventID": "3", "Channel": "Microsoft-Windows-User Profile Service/Operational", "Provider_Name": "Microsoft-Windows-User Profiles Service", "Computer": "DESKTOP-OFJ6N53", "TimeCreated": "2023-04-05 15:15:28.730240+00:00", "RecordID": "616", "Level": "4", "UserID": "S-1-5-21-963789628-1060504924-4285088085-1001", "EventData.Session": "2"}
{"EventID": "4", "Channel": "Microsoft-Windows-User Profile Service/Operational", "Provider_Name": "Microsoft-Windows-User Profiles Service", "Computer": "DESKTOP-OFJ6N53", "TimeCreated": "2023-04-05 15:15:29.530664+00:00", "RecordID": "617", "Level": "4", "UserID": "S-1-5-21-963789628-1060504924-4285088085-1001", "EventData.Session": "2"}
{"EventID": "1", "Channel": "Microsoft-Windows-User Profile Service/Operational", "Provider_Name": "Microsoft-Windows-User Profiles Service", "Computer": "DESKTOP-OFJ6N53", "TimeCreated": "2023-04-05 15:19:54.818649+00:00", "RecordID": "618", "Level": "4", "UserID": "S-1-5-21-963789628-1060504924-4285088085-1001", "EventData.Session": "2"}
{"EventID": "5", "Channel": "Microsoft-Windows-User Profile Service/Operational", "Provider_Name": "Microsoft-Windows-User Profiles Service", "Computer": "DESKTOP-OFJ6N53", "TimeCreated": "2023-04-05 15:19:56.203711+00:00", "RecordID": "619", "Level": "4", "UserID": "S-1-5-18", "EventData.File": "C:\\Users\\sk.batsiev\\ntuser.dat", "EventData.Key": "S-1-5-21-963789628-1060504924-4285088085-1001"}
{"EventID": "5", "Channel": "Microsoft-Windows-User Profile Service/Operational", "Provider_Name": "Microsoft-Windows-User Profiles Service", "Computer": "DESKTOP-OFJ6N53", "TimeCreated": "2023-04-05 15:19:58.717951+00:00", "RecordID": "620", "Level": "4", "UserID": "S-1-5-18", "EventData.File": "C:\\Users\\sk.batsiev\\AppData\\Local\\Microsoft\\Windows\\\\UsrClass.dat", "EventData.Key": "S-1-5-21-963789628-1060504924-4285088085-1001_Classes"}
{"EventID": "67", "Channel": "Microsoft-Windows-User Profile Service/Operational", "Provider_Name": "Microsoft-Windows-User Profiles Service", "Computer": "DESKTOP-OFJ6N53", "TimeCreated": "2023-04-05 15:19:58.730907+00:00", "RecordID": "621", "Level": "4", "UserID": "S-1-5-18", "EventData.LogonType": "Regular", "EventData.LocalPath": "C:\\Users\\sk.batsiev", "EventData.ProfileType": "Regular"}
{"EventID": "2", "Channel": "Microsoft-Windows-User Profile Service/Operational", "Provider_Name": "Microsoft-Windows-User Profiles Service", "Computer": "DESKTOP-OFJ6N53", "TimeCreated": "2023-04-05 15:20:30.569019+00:00", "RecordID": "622", "Level": "4", "UserID": "S-1-5-21-963789628-1060504924-4285088085-1001", "EventData.Session": "2"}
{"EventID": "3", "Channel": "Microsoft-Windows-User Profile Service/Operational", "Provider_Name": "Microsoft-Windows-User Profiles Service", "Computer": "DESKTOP-OFJ6N53", "TimeCreated": "2023-04-05 15:20:32.906490+00:00", "RecordID": "623", "Level": "4", "UserID": "S-1-5-21-963789628-1060504924-4285088085-1001", "EventData.Session": "2"}
{"EventID": "4", "Channel": "Microsoft-Windows-User Profile Service/Operational", "Provider_Name": "Microsoft-Windows-User Profiles Service", "Computer": "DESKTOP-OFJ6N53", "TimeCreated": "2023-04-05 15:20:35.916164+00:00", "RecordID": "624", "Level": "4", "UserID": "S-1-5-21-963789628-1060504924-4285088085-1001", "EventData.Session": "2"}
{"EventID": "1", "Channel": "Microsoft-Windows-User Profile Service/Operational", "Provider_Name": "Microsoft-Windows-User Profiles Service", "Computer": "DESKTOP-OFJ6N53", "TimeCreated": "2023-04-05 15:20:42.668400+00:00", "RecordID": "625", "Level": "4", "UserID": "S-1-5-21-963789628-1060504924-4285088085-1001", "EventData.Session": "3"}
{"EventID": "5", "Channel": "Microsoft-Windows-User Profile Service/Operational", "Provider_Name": "Microsoft-Windows-User Profiles Service", "Computer": "DESKTOP-OFJ6N53", "TimeCreated": "2023-04-05 15:20:42.765200+00:00", "RecordID": "626", "Level": "4", "UserID": "S-1-5-18", "EventData.File": "C:\\Users\\sk.batsiev\\ntuser.dat", "EventData.Key": "S-1-5-21-963789628-1060504924-4285088085-1001"}
{"EventID": "5", "Channel": "Microsoft-Windows-User Profile Service/Operational", "Provider_Name": "Microsoft-Windows-User Profiles Service", "Computer": "DESKTOP-OFJ6N53", "TimeCreated": "2023-04-05 15:20:42.856012+00:00", "RecordID": "627", "Level": "4", "UserID": "S-1-5-18", "EventData.File": "C:\\Users\\sk.batsiev\\AppData\\Local\\Microsoft\\Windows\\\\UsrClass.dat", "EventData.Key": "S-1-5-21-963789628-1060504924-4285088085-1001_Classes"}
{"EventID": "67", "Channel": "Microsoft-Windows-User Profile Service/Operational", "Provider_Name": "Microsoft-Windows-User Profiles Service", "Computer": "DESKTOP-OFJ6N53", "TimeCreated": "2023-04-05 15:20:42.859556+00:00", "RecordID": "628", "Level": "4", "UserID": "S-1-5-18", "EventData.LogonType": "Regular", "EventData.LocalPath": "C:\\Users\\sk.batsiev", "EventData.ProfileType": "Regular"}
{"EventID": "2", "Channel": "Microsoft-Windows-User Profile Service/Operational", "Provider_Name": "Microsoft-Windows-User Profiles Service", "Computer": "DESKTOP-OFJ6N53", "TimeCreated": "2023-04-05 15:20:43.226149+00:00", "RecordID": "629", "Level": "4", "UserID": "S-1-5-21-963789628-1060504924-4285088085-1001", "EventData.Session": "3"}
{"EventID": "3", "Channel": "Microsoft-Windows-User Profile Service/Operational", "Provider_Name": "Microsoft-Windows-User Profiles Service", "Computer": "DESKTOP-OFJ6N53", "TimeCreated": "2023-04-11 19:38:29.727739+00:00", "RecordID": "630", "Level": "4", "UserID": "S-1-5-21-963789628-1060504924-4285088085-1001", "EventData.Session": "3"}
{"EventID": "4", "Channel": "Microsoft-Windows-User Profile Service/Operational", "Provider_Name": "Microsoft-Windows-User Profiles Service", "Computer": "DESKTOP-OFJ6N53", "TimeCreated": "2023-04-11 19:38:30.029680+00:00", "RecordID": "631", "Level": "4", "UserID": "S-1-5-21-963789628-1060504924-4285088085-1001", "EventData.Session": "3"}
{"EventID": "1", "Channel": "Microsoft-Windows-User Profile Service/Operational", "Provider_Name": "Microsoft-Windows-User Profiles Service", "Computer": "DESKTOP-OFJ6N53", "TimeCreated": "2023-04-11 20:00:05.642235+00:00", "RecordID": "632", "Level": "4", "UserID": "S-1-5-21-963789628-1060504924-4285088085-1001", "EventData.Session": "2"}
{"EventID": "5", "Channel": "Microsoft-Windows-User Profile Service/Operational", "Provider_Name": "Microsoft-Windows-User Profiles Service", "Computer": "DESKTOP-OFJ6N53", "TimeCreated": "2023-04-11 20:00:07.138487+00:00", "RecordID": "633", "Level": "4", "UserID": "S-1-5-18", "EventData.File": "C:\\Users\\sk.batsiev\\ntuser.dat", "EventData.Key": "S-1-5-21-963789628-1060504924-4285088085-1001"}
{"EventID": "5", "Channel": "Microsoft-Windows-User Profile Service/Operational", "Provider_Name": "Microsoft-Windows-User Profiles Service", "Computer": "DESKTOP-OFJ6N53", "TimeCreated": "2023-04-11 20:00:08.698002+00:00", "RecordID": "634", "Level": "4", "UserID": "S-1-5-18", "EventData.File": "C:\\Users\\sk.batsiev\\AppData\\Local\\Microsoft\\Windows\\\\UsrClass.dat", "EventData.Key": "S-1-5-21-963789628-1060504924-4285088085-1001_Classes"}
{"EventID": "67", "Channel": "Microsoft-Windows-User Profile Service/Operational", "Provider_Name": "Microsoft-Windows-User Profiles Service", "Computer": "DESKTOP-OFJ6N53", "TimeCreated": "2023-04-11 20:00:08.725744+00:00", "RecordID": "635", "Level": "4", "UserID": "S-1-5-18", "EventData.LogonType": "Regular", "EventData.LocalPath": "C:\\Users\\sk.batsiev", "EventData.ProfileType": "Regular"}
{"EventID": "2", "Channel": "Microsoft-Windows-User Profile Service/Operational", "Provider_Name": "Microsoft-Windows-User Profiles Service", "Computer": "DESKTOP-OFJ6N53", "TimeCreated": "2023-04-11 20:00:22.345572+00:00", "RecordID": "636", "Level": "4", "UserID": "S-1-5-21-963789628-1060504924-4285088085-1001", "EventData.Session": "2"}
{"EventID": "3", "Channel": "Microsoft-Windows-User Profile Service/Operational", "Provider_Name": "Microsoft-Windows-User Profiles Service", "Computer": "DESKTOP-OFJ6N53", "TimeCreated": "2023-04-12 17:20:28.166405+00:00", "RecordID": "637", "Level": "4", "UserID": "S-1-5-21-963789628-1060504924-4285088085-1001", "EventData.Session": "2"}
{"EventID": "4", "Channel": "Microsoft-Windows-User Profile Service/Operational", "Provider_Name": "Microsoft-Windows-User Profiles Service", "Computer": "DESKTOP-OFJ6N53", "TimeCreated": "2023-04-12 17:20:28.962666+00:00", "RecordID": "638", "Level": "4", "UserID": "S-1-5-21-963789628-1060504924-4285088085-1001", "EventData.Session": "2"}
{"EventID": "1", "Channel": "Microsoft-Windows-User Profile Service/Operational", "Provider_Name": "Microsoft-Windows-User Profiles Service", "Computer": "DESKTOP-OFJ6N53", "TimeCreated": "2023-04-13 10:51:26.060928+00:00", "RecordID": "639", "Level": "4", "UserID": "S-1-5-21-963789628-1060504924-4285088085-1001", "EventData.Session": "2"}
{"EventID": "5", "Channel": "Microsoft-Windows-User Profile Service/Operational", "Provider_Name": "Microsoft-Windows-User Profiles Service", "Computer": "DESKTOP-OFJ6N53", "TimeCreated": "2023-04-13 10:51:26.840040+00:00", "RecordID": "640", "Level": "4", "UserID": "S-1-5-18", "EventData.File": "C:\\Users\\sk.batsiev\\ntuser.dat", "EventData.Key": "S-1-5-21-963789628-1060504924-4285088085-1001"}
{"EventID": "5", "Channel": "Microsoft-Windows-User Profile Service/Operational", "Provider_Name": "Microsoft-Windows-User Profiles Service", "Computer": "DESKTOP-OFJ6N53", "TimeCreated": "2023-04-13 10:51:28.030800+00:00", "RecordID": "641", "Level": "4", "UserID": "S-1-5-18", "EventData.File": "C:\\Users\\sk.batsiev\\AppData\\Local\\Microsoft\\Windows\\\\UsrClass.dat", "EventData.Key": "S-1-5-21-963789628-1060504924-4285088085-1001_Classes"}
{"EventID": "67", "Channel": "Microsoft-Windows-User Profile Service/Operational", "Provider_Name": "Microsoft-Windows-User Profiles Service", "Computer": "DESKTOP-OFJ6N53", "TimeCreated": "2023-04-13 10:51:28.041407+00:00", "RecordID": "642", "Level": "4", "UserID": "S-1-5-18", "EventData.LogonType": "Regular", "EventData.LocalPath": "C:\\Users\\sk.batsiev", "EventData.ProfileType": "Regular"}
{"EventID": "2", "Channel": "Microsoft-Windows-User Profile Service/Operational", "Provider_Name": "Microsoft-Windows-User Profiles Service", "Computer": "DESKTOP-OFJ6N53", "TimeCreated": "2023-04-13 10:51:32.901218+00:00", "RecordID": "643", "Level": "4", "UserID": "S-1-5-21-963789628-1060504924-4285088085-1001", "EventData.Session": "2"}
{"EventID": "5", "Channel": "Microsoft-Windows-User Profile Service/Operational", "Provider_Name": "Microsoft-Windows-User Profiles Service", "Computer": "DESKTOP-OFJ6N53", "TimeCreated": "2023-04-13 10:51:33.917923+00:00", "RecordID": "644", "Level": "4", "UserID": "S-1-5-18", "EventData.File": "C:\\Users\\sk.batsiev\\AppData\\Local\\Microsoft\\Windows\\\\UsrClass.dat", "EventData.Key": "S-1-5-21-963789628-1060504924-4285088085-1001_Classes"}
{"EventID": "3", "Channel": "Microsoft-Windows-User Profile Service/Operational", "Provider_Name": "Microsoft-Windows-User Profiles Service", "Computer": "DESKTOP-OFJ6N53", "TimeCreated": "2023-04-22 12:23:34.828194+00:00", "RecordID": "645", "Level": "4", "UserID": "S-1-5-21-963789628-1060504924-4285088085-1001", "EventData.Session": "2"}
{"EventID": "4", "Channel": "Microsoft-Windows-User Profile Service/Operational", "Provider_Name": "Microsoft-Windows-User Profiles Service", "Computer": "DESKTOP-OFJ6N53", "TimeCreated": "2023-04-22 12:23:34.939392+00:00", "RecordID": "646", "Level": "4", "UserID": "S-1-5-21-963789628-1060504924-4285088085-1001", "EventData.Session": "2"}
{"EventID": "1", "Channel": "Microsoft-Windows-User Profile Service/Operational", "Provider_Name": "Microsoft-Windows-User Profiles Service", "Computer": "DESKTOP-OFJ6N53", "TimeCreated": "2023-04-22 12:25:26.841974+00:00", "RecordID": "647", "Level": "4", "UserID": "S-1-5-21-963789628-1060504924-4285088085-1001", "EventData.Session": "2"}
{"EventID": "5", "Channel": "Microsoft-Windows-User Profile Service/Operational", "Provider_Name": "Microsoft-Windows-User Profiles Service", "Computer": "DESKTOP-OFJ6N53", "TimeCreated": "2023-04-22 12:25:26.894958+00:00", "RecordID": "648", "Level": "4", "UserID": "S-1-5-18", "EventData.File": "C:\\Users\\sk.batsiev\\ntuser.dat", "EventData.Key": "S-1-5-21-963789628-1060504924-4285088085-1001"}
{"EventID": "5", "Channel": "Microsoft-Windows-User Profile Service/Operational", "Provider_Name": "Microsoft-Windows-User Profiles Service", "Computer": "DESKTOP-OFJ6N53", "TimeCreated": "2023-04-22 12:25:26.970537+00:00", "RecordID": "649", "Level": "4", "UserID": "S-1-5-18", "EventData.File": "C:\\Users\\sk.batsiev\\AppData\\Local\\Microsoft\\Windows\\\\UsrClass.dat", "EventData.Key": "S-1-5-21-963789628-1060504924-4285088085-1001_Classes"}
{"EventID": "67", "Channel": "Microsoft-Windows-User Profile Service/Operational", "Provider_Name": "Microsoft-Windows-User Profiles Service", "Computer": "DESKTOP-OFJ6N53", "TimeCreated": "2023-04-22 12:25:26.972645+00:00", "RecordID": "650", "Level": "4", "UserID": "S-1-5-18", "EventData.LogonType": "Regular", "EventData.LocalPath": "C:\\Users\\sk.batsiev", "EventData.ProfileType": "Regular"}
{"EventID": "2", "Channel": "Microsoft-Windows-User Profile Service/Operational", "Provider_Name": "Microsoft-Windows-User Profiles Service", "Computer": "DESKTOP-OFJ6N53", "TimeCreated": "2023-04-22 12:25:28.873047+00:00", "RecordID": "651", "Level": "4", "UserID": "S-1-5-21-963789628-1060504924-4285088085-1001", "EventData.Session": "2"}
{"EventID": "1", "Channel": "Microsoft-Windows-User Profile Service/Operational", "Provider_Name": "Microsoft-Windows-User Profiles Service", "Computer": "DESKTOP-OFJ6N53", "TimeCreated": "2023-04-26 10:05:25.005569+00:00", "RecordID": "652", "Level": "4", "UserID": "S-1-5-21-963789628-1060504924-4285088085-1001", "EventData.Session": "1"}
{"EventID": "5", "Channel": "Microsoft-Windows-User Profile Service/Operational", "Provider_Name": "Microsoft-Windows-User Profiles Service", "Computer": "DESKTOP-OFJ6N53", "TimeCreated": "2023-04-26 10:05:25.114561+00:00", "RecordID": "653", "Level": "4", "UserID": "S-1-5-18", "EventData.File": "C:\\Users\\sk.batsiev\\ntuser.dat", "EventData.Key": "S-1-5-21-963789628-1060504924-4285088085-1001"}
{"EventID": "5", "Channel": "Microsoft-Windows-User Profile Service/Operational", "Provider_Name": "Microsoft-Windows-User Profiles Service", "Computer": "DESKTOP-OFJ6N53", "TimeCreated": "2023-04-26 10:05:25.203720+00:00", "RecordID": "654", "Level": "4", "UserID": "S-1-5-18", "EventData.File": "C:\\Users\\sk.batsiev\\AppData\\Local\\Microsoft\\Windows\\\\UsrClass.dat", "EventData.Key": "S-1-5-21-963789628-1060504924-4285088085-1001_Classes"}
{"EventID": "67", "Channel": "Microsoft-Windows-User Profile Service/Operational", "Provider_Name": "Microsoft-Windows-User Profiles Service", "Computer": "DESKTOP-OFJ6N53", "TimeCreated": "2023-04-26 10:05:25.205271+00:00", "RecordID": "655", "Level": "4", "UserID": "S-1-5-18", "EventData.LogonType": "Regular", "EventData.LocalPath": "C:\\Users\\sk.batsiev", "EventData.ProfileType": "Regular"}
{"EventID": "2", "Channel": "Microsoft-Windows-User Profile Service/Operational", "Provider_Name": "Microsoft-Windows-User Profiles Service", "Computer": "DESKTOP-OFJ6N53", "TimeCreated": "2023-04-26 10:05:27.344351+00:00", "RecordID": "656", "Level": "4", "UserID": "S-1-5-21-963789628-1060504924-4285088085-1001", "EventData.Session": "1"}
{"EventID": "3", "Channel": "Microsoft-Windows-User Profile Service/Operational", "Provider_Name": "Microsoft-Windows-User Profiles Service", "Computer": "DESKTOP-OFJ6N53", "TimeCreated": "2023-05-02 20:26:32.589222+00:00", "RecordID": "657", "Level": "4", "UserID": "S-1-5-21-963789628-1060504924-4285088085-1001", "EventData.Session": "1"}
{"EventID": "4", "Channel": "Microsoft-Windows-User Profile Service/Operational", "Provider_Name": "Microsoft-Windows-User Profiles Service", "Computer": "DESKTOP-OFJ6N53", "TimeCreated": "2023-05-02 20:26:33.175064+00:00", "RecordID": "658", "Level": "4", "UserID": "S-1-5-21-963789628-1060504924-4285088085-1001", "EventData.Session": "1"}
{"EventID": "1", "Channel": "Microsoft-Windows-User Profile Service/Operational", "Provider_Name": "Microsoft-Windows-User Profiles Service", "Computer": "DESKTOP-OFJ6N53", "TimeCreated": "2023-05-02 20:28:14.836094+00:00", "RecordID": "659", "Level": "4", "UserID": "S-1-5-21-963789628-1060504924-4285088085-1001", "EventData.Session": "1"}
{"EventID": "5", "Channel": "Microsoft-Windows-User Profile Service/Operational", "Provider_Name": "Microsoft-Windows-User Profiles Service", "Computer": "DESKTOP-OFJ6N53", "TimeCreated": "2023-05-02 20:28:15.124382+00:00", "RecordID": "660", "Level": "4", "UserID": "S-1-5-18", "EventData.File": "C:\\Users\\sk.batsiev\\ntuser.dat", "EventData.Key": "S-1-5-21-963789628-1060504924-4285088085-1001"}
{"EventID": "5", "Channel": "Microsoft-Windows-User Profile Service/Operational", "Provider_Name": "Microsoft-Windows-User Profiles Service", "Computer": "DESKTOP-OFJ6N53", "TimeCreated": "2023-05-02 20:28:15.798182+00:00", "RecordID": "661", "Level": "4", "UserID": "S-1-5-18", "EventData.File": "C:\\Users\\sk.batsiev\\AppData\\Local\\Microsoft\\Windows\\\\UsrClass.dat", "EventData.Key": "S-1-5-21-963789628-1060504924-4285088085-1001_Classes"}
{"EventID": "67", "Channel": "Microsoft-Windows-User Profile Service/Operational", "Provider_Name": "Microsoft-Windows-User Profiles Service", "Computer": "DESKTOP-OFJ6N53", "TimeCreated": "2023-05-02 20:28:15.801296+00:00", "RecordID": "662", "Level": "4", "UserID": "S-1-5-18", "EventData.LogonType": "Regular", "EventData.LocalPath": "C:\\Users\\sk.batsiev", "EventData.ProfileType": "Regular"}
{"EventID": "2", "Channel": "Microsoft-Windows-User Profile Service/Operational", "Provider_Name": "Microsoft-Windows-User Profiles Service", "Computer": "DESKTOP-OFJ6N53", "TimeCreated": "2023-05-02 20:28:24.226213+00:00", "RecordID": "663", "Level": "4", "UserID": "S-1-5-21-963789628-1060504924-4285088085-1001", "EventData.Session": "1"}
{"EventID": "3", "Channel": "Microsoft-Windows-User Profile Service/Operational", "Provider_Name": "Microsoft-Windows-User Profiles Service", "Computer": "DESKTOP-OFJ6N53", "TimeCreated": "2023-05-03 08:14:49.310989+00:00", "RecordID": "664", "Level": "4", "UserID": "S-1-5-21-963789628-1060504924-4285088085-1001", "EventData.Session": "1"}
{"EventID": "4", "Channel": "Microsoft-Windows-User Profile Service/Operational", "Provider_Name": "Microsoft-Windows-User Profiles Service", "Computer": "DESKTOP-OFJ6N53", "TimeCreated": "2023-05-03 08:14:49.602749+00:00", "RecordID": "665", "Level": "4", "UserID": "S-1-5-21-963789628-1060504924-4285088085-1001", "EventData.Session": "1"}
{"EventID": "1", "Channel": "Microsoft-Windows-User Profile Service/Operational", "Provider_Name": "Microsoft-Windows-User Profiles Service", "Computer": "DESKTOP-OFJ6N53", "TimeCreated": "2023-05-03 08:16:39.650480+00:00", "RecordID": "666", "Level": "4", "UserID": "S-1-5-21-963789628-1060504924-4285088085-1001", "EventData.Session": "1"}
{"EventID": "5", "Channel": "Microsoft-Windows-User Profile Service/Operational", "Provider_Name": "Microsoft-Windows-User Profiles Service", "Computer": "DESKTOP-OFJ6N53", "TimeCreated": "2023-05-03 08:16:39.953165+00:00", "RecordID": "667", "Level": "4", "UserID": "S-1-5-18", "EventData.File": "C:\\Users\\sk.batsiev\\ntuser.dat", "EventData.Key": "S-1-5-21-963789628-1060504924-4285088085-1001"}
{"EventID": "5", "Channel": "Microsoft-Windows-User Profile Service/Operational", "Provider_Name": "Microsoft-Windows-User Profiles Service", "Computer": "DESKTOP-OFJ6N53", "TimeCreated": "2023-05-03 08:16:40.419699+00:00", "RecordID": "668", "Level": "4", "UserID": "S-1-5-18", "EventData.File": "C:\\Users\\sk.batsiev\\AppData\\Local\\Microsoft\\Windows\\\\UsrClass.dat", "EventData.Key": "S-1-5-21-963789628-1060504924-4285088085-1001_Classes"}
{"EventID": "67", "Channel": "Microsoft-Windows-User Profile Service/Operational", "Provider_Name": "Microsoft-Windows-User Profiles Service", "Computer": "DESKTOP-OFJ6N53", "TimeCreated": "2023-05-03 08:16:40.433458+00:00", "RecordID": "669", "Level": "4", "UserID": "S-1-5-18", "EventData.LogonType": "Regular", "EventData.LocalPath": "C:\\Users\\sk.batsiev", "EventData.ProfileType": "Regular"}
{"EventID": "2", "Channel": "Microsoft-Windows-User Profile Service/Operational", "Provider_Name": "Microsoft-Windows-User Profiles Service", "Computer": "DESKTOP-OFJ6N53", "TimeCreated": "2023-05-03 08:16:55.824268+00:00", "RecordID": "670", "Level": "4", "UserID": "S-1-5-21-963789628-1060504924-4285088085-1001", "EventData.Session": "1"}
{"EventID": "3", "Channel": "Microsoft-Windows-User Profile Service/Operational", "Provider_Name": "Microsoft-Windows-User Profiles Service", "Computer": "DESKTOP-OFJ6N53", "TimeCreated": "2023-05-10 00:44:11.325048+00:00", "RecordID": "671", "Level": "4", "UserID": "S-1-5-21-963789628-1060504924-4285088085-1001", "EventData.Session": "1"}
