{"EventID": "62440", "Channel": "Microsoft-Windows-Shell-Core/AppDefaults", "Provider_Name": "Microsoft-Windows-Shell-Core", "Computer": "DESKTOP-OFJ6N53", "TimeCreated": "2024-07-02 01:47:17.260500+00:00", "RecordID": "1702", "Level": "4", "UserID": "S-1-5-18", "EventData.ExtOrUriScheme": ".url", "EventData.ProgId": "IE.AssocFile.URL"}
{"EventID": "62443", "Channel": "Microsoft-Windows-Shell-Core/AppDefaults", "Provider_Name": "Microsoft-Windows-Shell-Core", "Computer": "DESKTOP-OFJ6N53", "TimeCreated": "2024-07-02 01:47:17.261763+00:00", "RecordID": "1703", "Level": "4", "UserID": "S-1-5-18", "EventData.Info": "QueryDefault-Mismatch: Association=.url, ProgId=IE.AssocFile.URL, S=S-1-5-18, T:2022:02:04:24:09:08, RH=3gz22dmDZ9k=, CH=IjkkKOTxZ78="}
{"EventID": "62440", "Channel": "Microsoft-Windows-Shell-Core/AppDefaults", "Provider_Name": "Microsoft-Windows-Shell-Core", "Computer": "DESKTOP-OFJ6N53", "TimeCreated": "2024-07-02 01:47:19.743727+00:00", "RecordID": "1704", "Level": "4", "UserID": "S-1-5-18", "EventData.ExtOrUriScheme": ".html", "EventData.ProgId": "MSEdgeHTM"}
{"EventID": "62443", "Channel": "Microsoft-Windows-Shell-Core/AppDefaults", "Provider_Name": "Microsoft-Windows-Shell-Core", "Computer": "DESKTOP-OFJ6N53", "TimeCreated": "2024-07-02 01:47:19.743736+00:00", "RecordID": "1705", "Level": "4", "UserID": "S-1-5-18", "EventData.Info": "QueryDefault-Mismatch: Association=.html, ProgId=MSEdgeHTM, S=S-1-5-18, T:2022:02:04:24:09:08, RH=9HsWGZun8VE=, CH=GUg/ybGw00o="}
{"EventID": "62443", "Channel": "Microsoft-Windows-Shell-Core/AppDefaults", "Provider_Name": "Microsoft-Windows-Shell-Core", "Computer": "DESKTOP-OFJ6N53", "TimeCreated": "2024-07-04 10:12:50.445948+00:00", "RecordID": "1706", "Level": "4", "UserID": "S-1-5-21-963789628-1060504924-4285088085-1001", "EventData.Info": "File Association hash version is still the same"}
{"EventID": "62443", "Channel": "Microsoft-Windows-Shell-Core/AppDefaults", "Provider_Name": "Microsoft-Windows-Shell-Core", "Computer": "DESKTOP-OFJ6N53", "TimeCreated": "2024-07-04 10:12:50.446760+00:00", "RecordID": "1707", "Level": "4", "UserID": "S-1-5-21-963789628-1060504924-4285088085-1001", "EventData.Info": "AppDefaults-Logon-UserProfileLoaded"}
{"EventID": "62443", "Channel": "Microsoft-Windows-Shell-Core/AppDefaults", "Provider_Name": "Microsoft-Windows-Shell-Core", "Computer": "DESKTOP-OFJ6N53", "TimeCreated": "2024-07-04 10:14:06.811695+00:00", "RecordID": "1708", "Level": "4", "UserID": "S-1-5-21-963789628-1060504924-4285088085-1001", "EventData.Info": "Querying default browser info"}
{"EventID": "62443", "Channel": "Microsoft-Windows-Shell-Core/AppDefaults", "Provider_Name": "Microsoft-Windows-Shell-Core", "Computer": "DESKTOP-OFJ6N53", "TimeCreated": "2024-07-04 10:27:47.467402+00:00", "RecordID": "1709", "Level": "4", "UserID": "S-1-5-21-963789628-1060504924-4285088085-1001", "EventData.Info": "Querying default browser info"}
{"EventID": "62440", "Channel": "Microsoft-Windows-Shell-Core/AppDefaults", "Provider_Name": "Microsoft-Windows-Shell-Core", "Computer": "DESKTOP-OFJ6N53", "TimeCreated": "2024-07-06 01:44:24.826902+00:00", "RecordID": "1710", "Level": "4", "UserID": "S-1-5-18", "EventData.ExtOrUriScheme": ".url", "EventData.ProgId": "IE.AssocFile.URL"}
{"EventID": "62443", "Channel": "Microsoft-Windows-Shell-Core/AppDefaults", "Provider_Name": "Microsoft-Windows-Shell-Core", "Computer": "DESKTOP-OFJ6N53", "TimeCreated": "2024-07-06 01:44:24.826923+00:00", "RecordID": "1711", "Level": "4", "UserID": "S-1-5-18", "EventData.Info": "QueryDefault-Mismatch: Association=.url, ProgId=IE.AssocFile.URL, S=S-1-5-18, T:2022:02:04:24:09:08, RH=3gz22dmDZ9k=, CH=IjkkKOTxZ78="}
{"EventID": "62440", "Channel": "Microsoft-Windows-Shell-Core/AppDefaults", "Provider_Name": "Microsoft-Windows-Shell-Core", "Computer": "DESKTOP-OFJ6N53", "TimeCreated": "2024-07-06 01:44:25.120169+00:00", "RecordID": "1712", "Level": "4", "UserID": "S-1-5-18", "EventData.ExtOrUriScheme": ".html", "EventData.ProgId": "MSEdgeHTM"}
{"EventID": "62443", "Channel": "Microsoft-Windows-Shell-Core/AppDefaults", "Provider_Name": "Microsoft-Windows-Shell-Core", "Computer": "DESKTOP-OFJ6N53", "TimeCreated": "2024-07-06 01:44:25.120184+00:00", "RecordID": "1713", "Level": "4", "UserID": "S-1-5-18", "EventData.Info": "QueryDefault-Mismatch: Association=.html, ProgId=MSEdgeHTM, S=S-1-5-18, T:2022:02:04:24:09:08, RH=9HsWGZun8VE=, CH=GUg/ybGw00o="}
{"EventID": "62440", "Channel": "Microsoft-Windows-Shell-Core/AppDefaults", "Provider_Name": "Microsoft-Windows-Shell-Core", "Computer": "DESKTOP-OFJ6N53", "TimeCreated": "2024-07-08 00:02:30.355488+00:00", "RecordID": "1714", "Level": "4", "UserID": "S-1-5-18", "EventData.ExtOrUriScheme": ".url", "EventData.ProgId": "IE.AssocFile.URL"}
{"EventID": "62443", "Channel": "Microsoft-Windows-Shell-Core/AppDefaults", "Provider_Name": "Microsoft-Windows-Shell-Core", "Computer": "DESKTOP-OFJ6N53", "TimeCreated": "2024-07-08 00:02:30.355570+00:00", "RecordID": "1715", "Level": "4", "UserID": "S-1-5-18", "EventData.Info": "QueryDefault-Mismatch: Association=.url, ProgId=IE.AssocFile.URL, S=S-1-5-18, T:2022:02:04:24:09:08, RH=3gz22dmDZ9k=, CH=IjkkKOTxZ78="}
{"EventID": "62440", "Channel": "Microsoft-Windows-Shell-Core/AppDefaults", "Provider_Name": "Microsoft-Windows-Shell-Core", "Computer": "DESKTOP-OFJ6N53", "TimeCreated": "2024-07-08 00:02:30.608139+00:00", "RecordID": "1716", "Level": "4", "UserID": "S-1-5-18", "EventData.ExtOrUriScheme": ".html", "EventData.ProgId": "MSEdgeHTM"}
{"EventID": "62443", "Channel": "Microsoft-Windows-Shell-Core/AppDefaults", "Provider_Name": "Microsoft-Windows-Shell-Core", "Computer": "DESKTOP-OFJ6N53", "TimeCreated": "2024-07-08 00:02:30.608150+00:00", "RecordID": "1717", "Level": "4", "UserID": "S-1-5-18", "EventData.Info": "QueryDefault-Mismatch: Association=.html, ProgId=MSEdgeHTM, S=S-1-5-18, T:2022:02:04:24:09:08, RH=9HsWGZun8VE=, CH=GUg/ybGw00o="}
{"EventID": "62440", "Channel": "Microsoft-Windows-Shell-Core/AppDefaults", "Provider_Name": "Microsoft-Windows-Shell-Core", "Computer": "DESKTOP-OFJ6N53", "TimeCreated": "2024-07-09 01:43:35.788502+00:00", "RecordID": "1718", "Level": "4", "UserID": "S-1-5-18", "EventData.ExtOrUriScheme": ".url", "EventData.ProgId": "IE.AssocFile.URL"}
{"EventID": "62443", "Channel": "Microsoft-Windows-Shell-Core/AppDefaults", "Provider_Name": "Microsoft-Windows-Shell-Core", "Computer": "DESKTOP-OFJ6N53", "TimeCreated": "2024-07-09 01:43:35.788517+00:00", "RecordID": "1719", "Level": "4", "UserID": "S-1-5-18", "EventData.Info": "QueryDefault-Mismatch: Association=.url, ProgId=IE.AssocFile.URL, S=S-1-5-18, T:2022:02:04:24:09:08, RH=3gz22dmDZ9k=, CH=IjkkKOTxZ78="}
{"EventID": "62440", "Channel": "Microsoft-Windows-Shell-Core/AppDefaults", "Provider_Name": "Microsoft-Windows-Shell-Core", "Computer": "DESKTOP-OFJ6N53", "TimeCreated": "2024-07-09 01:43:36.080681+00:00", "RecordID": "1720", "Level": "4", "UserID": "S-1-5-18", "EventData.ExtOrUriScheme": ".html", "EventData.ProgId": "MSEdgeHTM"}
{"EventID": "62443", "Channel": "Microsoft-Windows-Shell-Core/AppDefaults", "Provider_Name": "Microsoft-Windows-Shell-Core", "Computer": "DESKTOP-OFJ6N53", "TimeCreated": "2024-07-09 01:43:36.080694+00:00", "RecordID": "1721", "Level": "4", "UserID": "S-1-5-18", "EventData.Info": "QueryDefault-Mismatch: Association=.html, ProgId=MSEdgeHTM, S=S-1-5-18, T:2022:02:04:24:09:08, RH=9HsWGZun8VE=, CH=GUg/ybGw00o="}
{"EventID": "62440", "Channel": "Microsoft-Windows-Shell-Core/AppDefaults", "Provider_Name": "Microsoft-Windows-Shell-Core", "Computer": "DESKTOP-OFJ6N53", "TimeCreated": "2024-07-09 01:44:28.983025+00:00", "RecordID": "1722", "Level": "4", "UserID": "S-1-5-18", "EventData.ExtOrUriScheme": ".html", "EventData.ProgId": "MSEdgeHTM"}
{"EventID": "62443", "Channel": "Microsoft-Windows-Shell-Core/AppDefaults", "Provider_Name": "Microsoft-Windows-Shell-Core", "Computer": "DESKTOP-OFJ6N53", "TimeCreated": "2024-07-09 01:44:28.983040+00:00", "RecordID": "1723", "Level": "4", "UserID": "S-1-5-18", "EventData.Info": "QueryDefault-Mismatch: Association=.html, ProgId=MSEdgeHTM, S=S-1-5-18, T:2022:02:04:24:09:08, RH=9HsWGZun8VE=, CH=GUg/ybGw00o="}
{"EventID": "62440", "Channel": "Microsoft-Windows-Shell-Core/AppDefaults", "Provider_Name": "Microsoft-Windows-Shell-Core", "Computer": "DESKTOP-OFJ6N53", "TimeCreated": "2024-07-09 01:44:28.996861+00:00", "RecordID": "1724", "Level": "4", "UserID": "S-1-5-18", "EventData.ExtOrUriScheme": ".url", "EventData.ProgId": "IE.AssocFile.URL"}
{"EventID": "62443", "Channel": "Microsoft-Windows-Shell-Core/AppDefaults", "Provider_Name": "Microsoft-Windows-Shell-Core", "Computer": "DESKTOP-OFJ6N53", "TimeCreated": "2024-07-09 01:44:28.996872+00:00", "RecordID": "1725", "Level": "4", "UserID": "S-1-5-18", "EventData.Info": "QueryDefault-Mismatch: Association=.url, ProgId=IE.AssocFile.URL, S=S-1-5-18, T:2022:02:04:24:09:08, RH=3gz22dmDZ9k=, CH=IjkkKOTxZ78="}
{"EventID": "62443", "Channel": "Microsoft-Windows-Shell-Core/AppDefaults", "Provider_Name": "Microsoft-Windows-Shell-Core", "Computer": "DESKTOP-OFJ6N53", "TimeCreated": "2024-07-11 10:32:12.137808+00:00", "RecordID": "1726", "Level": "4", "UserID": "S-1-5-21-963789628-1060504924-4285088085-1001", "EventData.Info": "File Association hash version is still the same"}
{"EventID": "62443", "Channel": "Microsoft-Windows-Shell-Core/AppDefaults", "Provider_Name": "Microsoft-Windows-Shell-Core", "Computer": "DESKTOP-OFJ6N53", "TimeCreated": "2024-07-11 10:32:12.139627+00:00", "RecordID": "1727", "Level": "4", "UserID": "S-1-5-21-963789628-1060504924-4285088085-1001", "EventData.Info": "AppDefaults-Logon-UserProfileLoaded"}
{"EventID": "62443", "Channel": "Microsoft-Windows-Shell-Core/AppDefaults", "Provider_Name": "Microsoft-Windows-Shell-Core", "Computer": "DESKTOP-OFJ6N53", "TimeCreated": "2024-07-11 10:33:34.979557+00:00", "RecordID": "1728", "Level": "4", "UserID": "S-1-5-21-963789628-1060504924-4285088085-1001", "EventData.Info": "Querying default browser info"}
{"EventID": "62443", "Channel": "Microsoft-Windows-Shell-Core/AppDefaults", "Provider_Name": "Microsoft-Windows-Shell-Core", "Computer": "DESKTOP-OFJ6N53", "TimeCreated": "2024-07-11 10:47:10.993523+00:00", "RecordID": "1729", "Level": "4", "UserID": "S-1-5-21-963789628-1060504924-4285088085-1001", "EventData.Info": "Querying default browser info"}
{"EventID": "62440", "Channel": "Microsoft-Windows-Shell-Core/AppDefaults", "Provider_Name": "Microsoft-Windows-Shell-Core", "Computer": "DESKTOP-OFJ6N53", "TimeCreated": "2024-07-12 00:34:43.012222+00:00", "RecordID": "1730", "Level": "4", "UserID": "S-1-5-18", "EventData.ExtOrUriScheme": ".url", "EventData.ProgId": "IE.AssocFile.URL"}
{"EventID": "62443", "Channel": "Microsoft-Windows-Shell-Core/AppDefaults", "Provider_Name": "Microsoft-Windows-Shell-Core", "Computer": "DESKTOP-OFJ6N53", "TimeCreated": "2024-07-12 00:34:43.013163+00:00", "RecordID": "1731", "Level": "4", "UserID": "S-1-5-18", "EventData.Info": "QueryDefault-Mismatch: Association=.url, ProgId=IE.AssocFile.URL, S=S-1-5-18, T:2022:02:04:24:09:08, RH=3gz22dmDZ9k=, CH=IjkkKOTxZ78="}
{"EventID": "62440", "Channel": "Microsoft-Windows-Shell-Core/AppDefaults", "Provider_Name": "Microsoft-Windows-Shell-Core", "Computer": "DESKTOP-OFJ6N53", "TimeCreated": "2024-07-12 00:34:43.238079+00:00", "RecordID": "1732", "Level": "4", "UserID": "S-1-5-18", "EventData.ExtOrUriScheme": ".html", "EventData.ProgId": "MSEdgeHTM"}
{"EventID": "62443", "Channel": "Microsoft-Windows-Shell-Core/AppDefaults", "Provider_Name": "Microsoft-Windows-Shell-Core", "Computer": "DESKTOP-OFJ6N53", "TimeCreated": "2024-07-12 00:34:43.238096+00:00", "RecordID": "1733", "Level": "4", "UserID": "S-1-5-18", "EventData.Info": "QueryDefault-Mismatch: Association=.html, ProgId=MSEdgeHTM, S=S-1-5-18, T:2022:02:04:24:09:08, RH=9HsWGZun8VE=, CH=GUg/ybGw00o="}
{"EventID": "62440", "Channel": "Microsoft-Windows-Shell-Core/AppDefaults", "Provider_Name": "Microsoft-Windows-Shell-Core", "Computer": "DESKTOP-OFJ6N53", "TimeCreated": "2024-07-13 01:09:55.740866+00:00", "RecordID": "1734", "Level": "4", "UserID": "S-1-5-18", "EventData.ExtOrUriScheme": ".url", "EventData.ProgId": "IE.AssocFile.URL"}
{"EventID": "62443", "Channel": "Microsoft-Windows-Shell-Core/AppDefaults", "Provider_Name": "Microsoft-Windows-Shell-Core", "Computer": "DESKTOP-OFJ6N53", "TimeCreated": "2024-07-13 01:09:55.740885+00:00", "RecordID": "1735", "Level": "4", "UserID": "S-1-5-18", "EventData.Info": "QueryDefault-Mismatch: Association=.url, ProgId=IE.AssocFile.URL, S=S-1-5-18, T:2022:02:04:24:09:08, RH=3gz22dmDZ9k=, CH=IjkkKOTxZ78="}
{"EventID": "62440", "Channel": "Microsoft-Windows-Shell-Core/AppDefaults", "Provider_Name": "Microsoft-Windows-Shell-Core", "Computer": "DESKTOP-OFJ6N53", "TimeCreated": "2024-07-13 01:09:55.953011+00:00", "RecordID": "1736", "Level": "4", "UserID": "S-1-5-18", "EventData.ExtOrUriScheme": ".html", "EventData.ProgId": "MSEdgeHTM"}
{"EventID": "62443", "Channel": "Microsoft-Windows-Shell-Core/AppDefaults", "Provider_Name": "Microsoft-Windows-Shell-Core", "Computer": "DESKTOP-OFJ6N53", "TimeCreated": "2024-07-13 01:09:55.953022+00:00", "RecordID": "1737", "Level": "4", "UserID": "S-1-5-18", "EventData.Info": "QueryDefault-Mismatch: Association=.html, ProgId=MSEdgeHTM, S=S-1-5-18, T:2022:02:04:24:09:08, RH=9HsWGZun8VE=, CH=GUg/ybGw00o="}
{"EventID": "62440", "Channel": "Microsoft-Windows-Shell-Core/AppDefaults", "Provider_Name": "Microsoft-Windows-Shell-Core", "Computer": "DESKTOP-OFJ6N53", "TimeCreated": "2024-07-15 00:54:35.264513+00:00", "RecordID": "1738", "Level": "4", "UserID": "S-1-5-18", "EventData.ExtOrUriScheme": ".url", "EventData.ProgId": "IE.AssocFile.URL"}
{"EventID": "62443", "Channel": "Microsoft-Windows-Shell-Core/AppDefaults", "Provider_Name": "Microsoft-Windows-Shell-Core", "Computer": "DESKTOP-OFJ6N53", "TimeCreated": "2024-07-15 00:54:35.264553+00:00", "RecordID": "1739", "Level": "4", "UserID": "S-1-5-18", "EventData.Info": "QueryDefault-Mismatch: Association=.url, ProgId=IE.AssocFile.URL, S=S-1-5-18, T:2022:02:04:24:09:08, RH=3gz22dmDZ9k=, CH=IjkkKOTxZ78="}
{"EventID": "62440", "Channel": "Microsoft-Windows-Shell-Core/AppDefaults", "Provider_Name": "Microsoft-Windows-Shell-Core", "Computer": "DESKTOP-OFJ6N53", "TimeCreated": "2024-07-15 00:54:35.533272+00:00", "RecordID": "1740", "Level": "4", "UserID": "S-1-5-18", "EventData.ExtOrUriScheme": ".html", "EventData.ProgId": "MSEdgeHTM"}
{"EventID": "62443", "Channel": "Microsoft-Windows-Shell-Core/AppDefaults", "Provider_Name": "Microsoft-Windows-Shell-Core", "Computer": "DESKTOP-OFJ6N53", "TimeCreated": "2024-07-15 00:54:35.533285+00:00", "RecordID": "1741", "Level": "4", "UserID": "S-1-5-18", "EventData.Info": "QueryDefault-Mismatch: Association=.html, ProgId=MSEdgeHTM, S=S-1-5-18, T:2022:02:04:24:09:08, RH=9HsWGZun8VE=, CH=GUg/ybGw00o="}
{"EventID": "62440", "Channel": "Microsoft-Windows-Shell-Core/AppDefaults", "Provider_Name": "Microsoft-Windows-Shell-Core", "Computer": "DESKTOP-OFJ6N53", "TimeCreated": "2024-07-16 01:12:37.513441+00:00", "RecordID": "1742", "Level": "4", "UserID": "S-1-5-18", "EventData.ExtOrUriScheme": ".url", "EventData.ProgId": "IE.AssocFile.URL"}
{"EventID": "62443", "Channel": "Microsoft-Windows-Shell-Core/AppDefaults", "Provider_Name": "Microsoft-Windows-Shell-Core", "Computer": "DESKTOP-OFJ6N53", "TimeCreated": "2024-07-16 01:12:37.513456+00:00", "RecordID": "1743", "Level": "4", "UserID": "S-1-5-18", "EventData.Info": "QueryDefault-Mismatch: Association=.url, ProgId=IE.AssocFile.URL, S=S-1-5-18, T:2022:02:04:24:09:08, RH=3gz22dmDZ9k=, CH=IjkkKOTxZ78="}
{"EventID": "62440", "Channel": "Microsoft-Windows-Shell-Core/AppDefaults", "Provider_Name": "Microsoft-Windows-Shell-Core", "Computer": "DESKTOP-OFJ6N53", "TimeCreated": "2024-07-16 01:12:37.929750+00:00", "RecordID": "1744", "Level": "4", "UserID": "S-1-5-18", "EventData.ExtOrUriScheme": ".html", "EventData.ProgId": "MSEdgeHTM"}
{"EventID": "62443", "Channel": "Microsoft-Windows-Shell-Core/AppDefaults", "Provider_Name": "Microsoft-Windows-Shell-Core", "Computer": "DESKTOP-OFJ6N53", "TimeCreated": "2024-07-16 01:12:37.929764+00:00", "RecordID": "1745", "Level": "4", "UserID": "S-1-5-18", "EventData.Info": "QueryDefault-Mismatch: Association=.html, ProgId=MSEdgeHTM, S=S-1-5-18, T:2022:02:04:24:09:08, RH=9HsWGZun8VE=, CH=GUg/ybGw00o="}
{"EventID": "62440", "Channel": "Microsoft-Windows-Shell-Core/AppDefaults", "Provider_Name": "Microsoft-Windows-Shell-Core", "Computer": "DESKTOP-OFJ6N53", "TimeCreated": "2024-07-17 01:37:21.195036+00:00", "RecordID": "1746", "Level": "4", "UserID": "S-1-5-18", "EventData.ExtOrUriScheme": ".url", "EventData.ProgId": "IE.AssocFile.URL"}
{"EventID": "62443", "Channel": "Microsoft-Windows-Shell-Core/AppDefaults", "Provider_Name": "Microsoft-Windows-Shell-Core", "Computer": "DESKTOP-OFJ6N53", "TimeCreated": "2024-07-17 01:37:21.195063+00:00", "RecordID": "1747", "Level": "4", "UserID": "S-1-5-18", "EventData.Info": "QueryDefault-Mismatch: Association=.url, ProgId=IE.AssocFile.URL, S=S-1-5-18, T:2022:02:04:24:09:08, RH=3gz22dmDZ9k=, CH=IjkkKOTxZ78="}
{"EventID": "62440", "Channel": "Microsoft-Windows-Shell-Core/AppDefaults", "Provider_Name": "Microsoft-Windows-Shell-Core", "Computer": "DESKTOP-OFJ6N53", "TimeCreated": "2024-07-17 01:37:21.462290+00:00", "RecordID": "1748", "Level": "4", "UserID": "S-1-5-18", "EventData.ExtOrUriScheme": ".html", "EventData.ProgId": "MSEdgeHTM"}
{"EventID": "62443", "Channel": "Microsoft-Windows-Shell-Core/AppDefaults", "Provider_Name": "Microsoft-Windows-Shell-Core", "Computer": "DESKTOP-OFJ6N53", "TimeCreated": "2024-07-17 01:37:21.462303+00:00", "RecordID": "1749", "Level": "4", "UserID": "S-1-5-18", "EventData.Info": "QueryDefault-Mismatch: Association=.html, ProgId=MSEdgeHTM, S=S-1-5-18, T:2022:02:04:24:09:08, RH=9HsWGZun8VE=, CH=GUg/ybGw00o="}
{"EventID": "62440", "Channel": "Microsoft-Windows-Shell-Core/AppDefaults", "Provider_Name": "Microsoft-Windows-Shell-Core", "Computer": "DESKTOP-OFJ6N53", "TimeCreated": "2024-07-17 01:37:59.253588+00:00", "RecordID": "1750", "Level": "4", "UserID": "S-1-5-18", "EventData.ExtOrUriScheme": ".html", "EventData.ProgId": "MSEdgeHTM"}
{"EventID": "62443", "Channel": "Microsoft-Windows-Shell-Core/AppDefaults", "Provider_Name": "Microsoft-Windows-Shell-Core", "Computer": "DESKTOP-OFJ6N53", "TimeCreated": "2024-07-17 01:37:59.253605+00:00", "RecordID": "1751", "Level": "4", "UserID": "S-1-5-18", "EventData.Info": "QueryDefault-Mismatch: Association=.html, ProgId=MSEdgeHTM, S=S-1-5-18, T:2022:02:04:24:09:08, RH=9HsWGZun8VE=, CH=GUg/ybGw00o="}
{"EventID": "62440", "Channel": "Microsoft-Windows-Shell-Core/AppDefaults", "Provider_Name": "Microsoft-Windows-Shell-Core", "Computer": "DESKTOP-OFJ6N53", "TimeCreated": "2024-07-17 01:37:59.265251+00:00", "RecordID": "1752", "Level": "4", "UserID": "S-1-5-18", "EventData.ExtOrUriScheme": ".url", "EventData.ProgId": "IE.AssocFile.URL"}
{"EventID": "62443", "Channel": "Microsoft-Windows-Shell-Core/AppDefaults", "Provider_Name": "Microsoft-Windows-Shell-Core", "Computer": "DESKTOP-OFJ6N53", "TimeCreated": "2024-07-17 01:37:59.265261+00:00", "RecordID": "1753", "Level": "4", "UserID": "S-1-5-18", "EventData.Info": "QueryDefault-Mismatch: Association=.url, ProgId=IE.AssocFile.URL, S=S-1-5-18, T:2022:02:04:24:09:08, RH=3gz22dmDZ9k=, CH=IjkkKOTxZ78="}
{"EventID": "62440", "Channel": "Microsoft-Windows-Shell-Core/AppDefaults", "Provider_Name": "Microsoft-Windows-Shell-Core", "Computer": "DESKTOP-OFJ6N53", "TimeCreated": "2024-07-19 00:36:43.573780+00:00", "RecordID": "1754", "Level": "4", "UserID": "S-1-5-18", "EventData.ExtOrUriScheme": ".url", "EventData.ProgId": "IE.AssocFile.URL"}
{"EventID": "62443", "Channel": "Microsoft-Windows-Shell-Core/AppDefaults", "Provider_Name": "Microsoft-Windows-Shell-Core", "Computer": "DESKTOP-OFJ6N53", "TimeCreated": "2024-07-19 00:36:43.573799+00:00", "RecordID": "1755", "Level": "4", "UserID": "S-1-5-18", "EventData.Info": "QueryDefault-Mismatch: Association=.url, ProgId=IE.AssocFile.URL, S=S-1-5-18, T:2022:02:04:24:09:08, RH=3gz22dmDZ9k=, CH=IjkkKOTxZ78="}
{"EventID": "62440", "Channel": "Microsoft-Windows-Shell-Core/AppDefaults", "Provider_Name": "Microsoft-Windows-Shell-Core", "Computer": "DESKTOP-OFJ6N53", "TimeCreated": "2024-07-19 00:36:43.861872+00:00", "RecordID": "1756", "Level": "4", "UserID": "S-1-5-18", "EventData.ExtOrUriScheme": ".html", "EventData.ProgId": "MSEdgeHTM"}
{"EventID": "62443", "Channel": "Microsoft-Windows-Shell-Core/AppDefaults", "Provider_Name": "Microsoft-Windows-Shell-Core", "Computer": "DESKTOP-OFJ6N53", "TimeCreated": "2024-07-19 00:36:43.861883+00:00", "RecordID": "1757", "Level": "4", "UserID": "S-1-5-18", "EventData.Info": "QueryDefault-Mismatch: Association=.html, ProgId=MSEdgeHTM, S=S-1-5-18, T:2022:02:04:24:09:08, RH=9HsWGZun8VE=, CH=GUg/ybGw00o="}
{"EventID": "62440", "Channel": "Microsoft-Windows-Shell-Core/AppDefaults", "Provider_Name": "Microsoft-Windows-Shell-Core", "Computer": "DESKTOP-OFJ6N53", "TimeCreated": "2024-07-20 01:05:14.292953+00:00", "RecordID": "1758", "Level": "4", "UserID": "S-1-5-18", "EventData.ExtOrUriScheme": ".url", "EventData.ProgId": "IE.AssocFile.URL"}
{"EventID": "62443", "Channel": "Microsoft-Windows-Shell-Core/AppDefaults", "Provider_Name": "Microsoft-Windows-Shell-Core", "Computer": "DESKTOP-OFJ6N53", "TimeCreated": "2024-07-20 01:05:14.292973+00:00", "RecordID": "1759", "Level": "4", "UserID": "S-1-5-18", "EventData.Info": "QueryDefault-Mismatch: Association=.url, ProgId=IE.AssocFile.URL, S=S-1-5-18, T:2022:02:04:24:09:08, RH=3gz22dmDZ9k=, CH=IjkkKOTxZ78="}
{"EventID": "62440", "Channel": "Microsoft-Windows-Shell-Core/AppDefaults", "Provider_Name": "Microsoft-Windows-Shell-Core", "Computer": "DESKTOP-OFJ6N53", "TimeCreated": "2024-07-20 01:05:14.516672+00:00", "RecordID": "1760", "Level": "4", "UserID": "S-1-5-18", "EventData.ExtOrUriScheme": ".html", "EventData.ProgId": "MSEdgeHTM"}
{"EventID": "62443", "Channel": "Microsoft-Windows-Shell-Core/AppDefaults", "Provider_Name": "Microsoft-Windows-Shell-Core", "Computer": "DESKTOP-OFJ6N53", "TimeCreated": "2024-07-20 01:05:14.516687+00:00", "RecordID": "1761", "Level": "4", "UserID": "S-1-5-18", "EventData.Info": "QueryDefault-Mismatch: Association=.html, ProgId=MSEdgeHTM, S=S-1-5-18, T:2022:02:04:24:09:08, RH=9HsWGZun8VE=, CH=GUg/ybGw00o="}
{"EventID": "62440", "Channel": "Microsoft-Windows-Shell-Core/AppDefaults", "Provider_Name": "Microsoft-Windows-Shell-Core", "Computer": "DESKTOP-OFJ6N53", "TimeCreated": "2024-07-21 01:35:06.922836+00:00", "RecordID": "1762", "Level": "4", "UserID": "S-1-5-18", "EventData.ExtOrUriScheme": ".url", "EventData.ProgId": "IE.AssocFile.URL"}
{"EventID": "62443", "Channel": "Microsoft-Windows-Shell-Core/AppDefaults", "Provider_Name": "Microsoft-Windows-Shell-Core", "Computer": "DESKTOP-OFJ6N53", "TimeCreated": "2024-07-21 01:35:06.922873+00:00", "RecordID": "1763", "Level": "4", "UserID": "S-1-5-18", "EventData.Info": "QueryDefault-Mismatch: Association=.url, ProgId=IE.AssocFile.URL, S=S-1-5-18, T:2022:02:04:24:09:08, RH=3gz22dmDZ9k=, CH=IjkkKOTxZ78="}
{"EventID": "62440", "Channel": "Microsoft-Windows-Shell-Core/AppDefaults", "Provider_Name": "Microsoft-Windows-Shell-Core", "Computer": "DESKTOP-OFJ6N53", "TimeCreated": "2024-07-21 01:35:07.153700+00:00", "RecordID": "1764", "Level": "4", "UserID": "S-1-5-18", "EventData.ExtOrUriScheme": ".html", "EventData.ProgId": "MSEdgeHTM"}
{"EventID": "62443", "Channel": "Microsoft-Windows-Shell-Core/AppDefaults", "Provider_Name": "Microsoft-Windows-Shell-Core", "Computer": "DESKTOP-OFJ6N53", "TimeCreated": "2024-07-21 01:35:07.153717+00:00", "RecordID": "1765", "Level": "4", "UserID": "S-1-5-18", "EventData.Info": "QueryDefault-Mismatch: Association=.html, ProgId=MSEdgeHTM, S=S-1-5-18, T:2022:02:04:24:09:08, RH=9HsWGZun8VE=, CH=GUg/ybGw00o="}
{"EventID": "62443", "Channel": "Microsoft-Windows-Shell-Core/AppDefaults", "Provider_Name": "Microsoft-Windows-Shell-Core", "Computer": "DESKTOP-OFJ6N53", "TimeCreated": "2024-07-22 07:27:25.579685+00:00", "RecordID": "1766", "Level": "4", "UserID": "S-1-5-21-963789628-1060504924-4285088085-1001", "EventData.Info": "File Association hash version is still the same"}
{"EventID": "62443", "Channel": "Microsoft-Windows-Shell-Core/AppDefaults", "Provider_Name": "Microsoft-Windows-Shell-Core", "Computer": "DESKTOP-OFJ6N53", "TimeCreated": "2024-07-22 07:27:25.582111+00:00", "RecordID": "1767", "Level": "4", "UserID": "S-1-5-21-963789628-1060504924-4285088085-1001", "EventData.Info": "AppDefaults-Logon-UserProfileLoaded"}
{"EventID": "62443", "Channel": "Microsoft-Windows-Shell-Core/AppDefaults", "Provider_Name": "Microsoft-Windows-Shell-Core", "Computer": "DESKTOP-OFJ6N53", "TimeCreated": "2024-07-22 07:27:37.623880+00:00", "RecordID": "1768", "Level": "4", "UserID": "S-1-5-21-963789628-1060504924-4285088085-1001", "EventData.Info": "Querying default browser info"}
{"EventID": "62443", "Channel": "Microsoft-Windows-Shell-Core/AppDefaults", "Provider_Name": "Microsoft-Windows-Shell-Core", "Computer": "DESKTOP-OFJ6N53", "TimeCreated": "2024-07-22 07:27:39.029449+00:00", "RecordID": "1769", "Level": "4", "UserID": "S-1-5-21-963789628-1060504924-4285088085-1001", "EventData.Info": "Querying default browser info"}
{"EventID": "62443", "Channel": "Microsoft-Windows-Shell-Core/AppDefaults", "Provider_Name": "Microsoft-Windows-Shell-Core", "Computer": "DESKTOP-OFJ6N53", "TimeCreated": "2024-07-22 07:42:25.336964+00:00", "RecordID": "1770", "Level": "4", "UserID": "S-1-5-21-963789628-1060504924-4285088085-1001", "EventData.Info": "Querying default browser info"}
{"EventID": "62440", "Channel": "Microsoft-Windows-Shell-Core/AppDefaults", "Provider_Name": "Microsoft-Windows-Shell-Core", "Computer": "DESKTOP-OFJ6N53", "TimeCreated": "2024-07-23 01:58:40.531805+00:00", "RecordID": "1771", "Level": "4", "UserID": "S-1-5-18", "EventData.ExtOrUriScheme": ".url", "EventData.ProgId": "IE.AssocFile.URL"}
{"EventID": "62443", "Channel": "Microsoft-Windows-Shell-Core/AppDefaults", "Provider_Name": "Microsoft-Windows-Shell-Core", "Computer": "DESKTOP-OFJ6N53", "TimeCreated": "2024-07-23 01:58:40.531870+00:00", "RecordID": "1772", "Level": "4", "UserID": "S-1-5-18", "EventData.Info": "QueryDefault-Mismatch: Association=.url, ProgId=IE.AssocFile.URL, S=S-1-5-18, T:2022:02:04:24:09:08, RH=3gz22dmDZ9k=, CH=IjkkKOTxZ78="}
{"EventID": "62440", "Channel": "Microsoft-Windows-Shell-Core/AppDefaults", "Provider_Name": "Microsoft-Windows-Shell-Core", "Computer": "DESKTOP-OFJ6N53", "TimeCreated": "2024-07-23 01:58:40.858002+00:00", "RecordID": "1773", "Level": "4", "UserID": "S-1-5-18", "EventData.ExtOrUriScheme": ".html", "EventData.ProgId": "MSEdgeHTM"}
{"EventID": "62443", "Channel": "Microsoft-Windows-Shell-Core/AppDefaults", "Provider_Name": "Microsoft-Windows-Shell-Core", "Computer": "DESKTOP-OFJ6N53", "TimeCreated": "2024-07-23 01:58:40.858017+00:00", "RecordID": "1774", "Level": "4", "UserID": "S-1-5-18", "EventData.Info": "QueryDefault-Mismatch: Association=.html, ProgId=MSEdgeHTM, S=S-1-5-18, T:2022:02:04:24:09:08, RH=9HsWGZun8VE=, CH=GUg/ybGw00o="}
{"EventID": "62440", "Channel": "Microsoft-Windows-Shell-Core/AppDefaults", "Provider_Name": "Microsoft-Windows-Shell-Core", "Computer": "DESKTOP-OFJ6N53", "TimeCreated": "2024-07-25 01:24:41.270683+00:00", "RecordID": "1775", "Level": "4", "UserID": "S-1-5-18", "EventData.ExtOrUriScheme": ".url", "EventData.ProgId": "IE.AssocFile.URL"}
{"EventID": "62443", "Channel": "Microsoft-Windows-Shell-Core/AppDefaults", "Provider_Name": "Microsoft-Windows-Shell-Core", "Computer": "DESKTOP-OFJ6N53", "TimeCreated": "2024-07-25 01:24:41.270714+00:00", "RecordID": "1776", "Level": "4", "UserID": "S-1-5-18", "EventData.Info": "QueryDefault-Mismatch: Association=.url, ProgId=IE.AssocFile.URL, S=S-1-5-18, T:2022:02:04:24:09:08, RH=3gz22dmDZ9k=, CH=IjkkKOTxZ78="}
{"EventID": "62440", "Channel": "Microsoft-Windows-Shell-Core/AppDefaults", "Provider_Name": "Microsoft-Windows-Shell-Core", "Computer": "DESKTOP-OFJ6N53", "TimeCreated": "2024-07-25 01:24:41.687626+00:00", "RecordID": "1777", "Level": "4", "UserID": "S-1-5-18", "EventData.ExtOrUriScheme": ".html", "EventData.ProgId": "MSEdgeHTM"}
{"EventID": "62443", "Channel": "Microsoft-Windows-Shell-Core/AppDefaults", "Provider_Name": "Microsoft-Windows-Shell-Core", "Computer": "DESKTOP-OFJ6N53", "TimeCreated": "2024-07-25 01:24:41.687635+00:00", "RecordID": "1778", "Level": "4", "UserID": "S-1-5-18", "EventData.Info": "QueryDefault-Mismatch: Association=.html, ProgId=MSEdgeHTM, S=S-1-5-18, T:2022:02:04:24:09:08, RH=9HsWGZun8VE=, CH=GUg/ybGw00o="}
{"EventID": "62440", "Channel": "Microsoft-Windows-Shell-Core/AppDefaults", "Provider_Name": "Microsoft-Windows-Shell-Core", "Computer": "DESKTOP-OFJ6N53", "TimeCreated": "2024-07-25 01:26:03.007870+00:00", "RecordID": "1779", "Level": "4", "UserID": "S-1-5-18", "EventData.ExtOrUriScheme": ".html", "EventData.ProgId": "MSEdgeHTM"}
{"EventID": "62443", "Channel": "Microsoft-Windows-Shell-Core/AppDefaults", "Provider_Name": "Microsoft-Windows-Shell-Core", "Computer": "DESKTOP-OFJ6N53", "TimeCreated": "2024-07-25 01:26:03.007891+00:00", "RecordID": "1780", "Level": "4", "UserID": "S-1-5-18", "EventData.Info": "QueryDefault-Mismatch: Association=.html, ProgId=MSEdgeHTM, S=S-1-5-18, T:2022:02:04:24:09:08, RH=9HsWGZun8VE=, CH=GUg/ybGw00o="}
{"EventID": "62440", "Channel": "Microsoft-Windows-Shell-Core/AppDefaults", "Provider_Name": "Microsoft-Windows-Shell-Core", "Computer": "DESKTOP-OFJ6N53", "TimeCreated": "2024-07-25 01:26:03.027412+00:00", "RecordID": "1781", "Level": "4", "UserID": "S-1-5-18", "EventData.ExtOrUriScheme": ".url", "EventData.ProgId": "IE.AssocFile.URL"}
{"EventID": "62443", "Channel": "Microsoft-Windows-Shell-Core/AppDefaults", "Provider_Name": "Microsoft-Windows-Shell-Core", "Computer": "DESKTOP-OFJ6N53", "TimeCreated": "2024-07-25 01:26:03.027424+00:00", "RecordID": "1782", "Level": "4", "UserID": "S-1-5-18", "EventData.Info": "QueryDefault-Mismatch: Association=.url, ProgId=IE.AssocFile.URL, S=S-1-5-18, T:2022:02:04:24:09:08, RH=3gz22dmDZ9k=, CH=IjkkKOTxZ78="}
{"EventID": "62440", "Channel": "Microsoft-Windows-Shell-Core/AppDefaults", "Provider_Name": "Microsoft-Windows-Shell-Core", "Computer": "DESKTOP-OFJ6N53", "TimeCreated": "2024-07-27 00:13:53.076765+00:00", "RecordID": "1783", "Level": "4", "UserID": "S-1-5-18", "EventData.ExtOrUriScheme": ".url", "EventData.ProgId": "IE.AssocFile.URL"}
{"EventID": "62443", "Channel": "Microsoft-Windows-Shell-Core/AppDefaults", "Provider_Name": "Microsoft-Windows-Shell-Core", "Computer": "DESKTOP-OFJ6N53", "TimeCreated": "2024-07-27 00:13:53.076818+00:00", "RecordID": "1784", "Level": "4", "UserID": "S-1-5-18", "EventData.Info": "QueryDefault-Mismatch: Association=.url, ProgId=IE.AssocFile.URL, S=S-1-5-18, T:2022:02:04:24:09:08, RH=3gz22dmDZ9k=, CH=IjkkKOTxZ78="}
{"EventID": "62440", "Channel": "Microsoft-Windows-Shell-Core/AppDefaults", "Provider_Name": "Microsoft-Windows-Shell-Core", "Computer": "DESKTOP-OFJ6N53", "TimeCreated": "2024-07-27 00:13:53.356339+00:00", "RecordID": "1785", "Level": "4", "UserID": "S-1-5-18", "EventData.ExtOrUriScheme": ".html", "EventData.ProgId": "MSEdgeHTM"}
{"EventID": "62443", "Channel": "Microsoft-Windows-Shell-Core/AppDefaults", "Provider_Name": "Microsoft-Windows-Shell-Core", "Computer": "DESKTOP-OFJ6N53", "TimeCreated": "2024-07-27 00:13:53.356348+00:00", "RecordID": "1786", "Level": "4", "UserID": "S-1-5-18", "EventData.Info": "QueryDefault-Mismatch: Association=.html, ProgId=MSEdgeHTM, S=S-1-5-18, T:2022:02:04:24:09:08, RH=9HsWGZun8VE=, CH=GUg/ybGw00o="}
{"EventID": "62440", "Channel": "Microsoft-Windows-Shell-Core/AppDefaults", "Provider_Name": "Microsoft-Windows-Shell-Core", "Computer": "DESKTOP-OFJ6N53", "TimeCreated": "2024-07-28 00:47:19.076612+00:00", "RecordID": "1787", "Level": "4", "UserID": "S-1-5-18", "EventData.ExtOrUriScheme": ".url", "EventData.ProgId": "IE.AssocFile.URL"}
{"EventID": "62443", "Channel": "Microsoft-Windows-Shell-Core/AppDefaults", "Provider_Name": "Microsoft-Windows-Shell-Core", "Computer": "DESKTOP-OFJ6N53", "TimeCreated": "2024-07-28 00:47:19.076635+00:00", "RecordID": "1788", "Level": "4", "UserID": "S-1-5-18", "EventData.Info": "QueryDefault-Mismatch: Association=.url, ProgId=IE.AssocFile.URL, S=S-1-5-18, T:2022:02:04:24:09:08, RH=3gz22dmDZ9k=, CH=IjkkKOTxZ78="}
{"EventID": "62440", "Channel": "Microsoft-Windows-Shell-Core/AppDefaults", "Provider_Name": "Microsoft-Windows-Shell-Core", "Computer": "DESKTOP-OFJ6N53", "TimeCreated": "2024-07-28 00:47:19.314241+00:00", "RecordID": "1789", "Level": "4", "UserID": "S-1-5-18", "EventData.ExtOrUriScheme": ".html", "EventData.ProgId": "MSEdgeHTM"}
{"EventID": "62443", "Channel": "Microsoft-Windows-Shell-Core/AppDefaults", "Provider_Name": "Microsoft-Windows-Shell-Core", "Computer": "DESKTOP-OFJ6N53", "TimeCreated": "2024-07-28 00:47:19.314253+00:00", "RecordID": "1790", "Level": "4", "UserID": "S-1-5-18", "EventData.Info": "QueryDefault-Mismatch: Association=.html, ProgId=MSEdgeHTM, S=S-1-5-18, T:2022:02:04:24:09:08, RH=9HsWGZun8VE=, CH=GUg/ybGw00o="}
{"EventID": "62440", "Channel": "Microsoft-Windows-Shell-Core/AppDefaults", "Provider_Name": "Microsoft-Windows-Shell-Core", "Computer": "DESKTOP-OFJ6N53", "TimeCreated": "2024-07-30 00:41:23.395439+00:00", "RecordID": "1791", "Level": "4", "UserID": "S-1-5-18", "EventData.ExtOrUriScheme": ".url", "EventData.ProgId": "IE.AssocFile.URL"}
{"EventID": "62443", "Channel": "Microsoft-Windows-Shell-Core/AppDefaults", "Provider_Name": "Microsoft-Windows-Shell-Core", "Computer": "DESKTOP-OFJ6N53", "TimeCreated": "2024-07-30 00:41:23.395454+00:00", "RecordID": "1792", "Level": "4", "UserID": "S-1-5-18", "EventData.Info": "QueryDefault-Mismatch: Association=.url, ProgId=IE.AssocFile.URL, S=S-1-5-18, T:2022:02:04:24:09:08, RH=3gz22dmDZ9k=, CH=IjkkKOTxZ78="}
{"EventID": "62440", "Channel": "Microsoft-Windows-Shell-Core/AppDefaults", "Provider_Name": "Microsoft-Windows-Shell-Core", "Computer": "DESKTOP-OFJ6N53", "TimeCreated": "2024-07-30 00:41:23.801020+00:00", "RecordID": "1793", "Level": "4", "UserID": "S-1-5-18", "EventData.ExtOrUriScheme": ".html", "EventData.ProgId": "MSEdgeHTM"}
{"EventID": "62443", "Channel": "Microsoft-Windows-Shell-Core/AppDefaults", "Provider_Name": "Microsoft-Windows-Shell-Core", "Computer": "DESKTOP-OFJ6N53", "TimeCreated": "2024-07-30 00:41:23.801031+00:00", "RecordID": "1794", "Level": "4", "UserID": "S-1-5-18", "EventData.Info": "QueryDefault-Mismatch: Association=.html, ProgId=MSEdgeHTM, S=S-1-5-18, T:2022:02:04:24:09:08, RH=9HsWGZun8VE=, CH=GUg/ybGw00o="}
{"EventID": "62440", "Channel": "Microsoft-Windows-Shell-Core/AppDefaults", "Provider_Name": "Microsoft-Windows-Shell-Core", "Computer": "DESKTOP-OFJ6N53", "TimeCreated": "2024-07-31 00:59:15.172831+00:00", "RecordID": "1795", "Level": "4", "UserID": "S-1-5-18", "EventData.ExtOrUriScheme": ".url", "EventData.ProgId": "IE.AssocFile.URL"}
{"EventID": "62443", "Channel": "Microsoft-Windows-Shell-Core/AppDefaults", "Provider_Name": "Microsoft-Windows-Shell-Core", "Computer": "DESKTOP-OFJ6N53", "TimeCreated": "2024-07-31 00:59:15.172857+00:00", "RecordID": "1796", "Level": "4", "UserID": "S-1-5-18", "EventData.Info": "QueryDefault-Mismatch: Association=.url, ProgId=IE.AssocFile.URL, S=S-1-5-18, T:2022:02:04:24:09:08, RH=3gz22dmDZ9k=, CH=IjkkKOTxZ78="}
{"EventID": "62440", "Channel": "Microsoft-Windows-Shell-Core/AppDefaults", "Provider_Name": "Microsoft-Windows-Shell-Core", "Computer": "DESKTOP-OFJ6N53", "TimeCreated": "2024-07-31 00:59:15.789215+00:00", "RecordID": "1797", "Level": "4", "UserID": "S-1-5-18", "EventData.ExtOrUriScheme": ".html", "EventData.ProgId": "MSEdgeHTM"}
{"EventID": "62443", "Channel": "Microsoft-Windows-Shell-Core/AppDefaults", "Provider_Name": "Microsoft-Windows-Shell-Core", "Computer": "DESKTOP-OFJ6N53", "TimeCreated": "2024-07-31 00:59:15.789227+00:00", "RecordID": "1798", "Level": "4", "UserID": "S-1-5-18", "EventData.Info": "QueryDefault-Mismatch: Association=.html, ProgId=MSEdgeHTM, S=S-1-5-18, T:2022:02:04:24:09:08, RH=9HsWGZun8VE=, CH=GUg/ybGw00o="}
{"EventID": "62440", "Channel": "Microsoft-Windows-Shell-Core/AppDefaults", "Provider_Name": "Microsoft-Windows-Shell-Core", "Computer": "DESKTOP-OFJ6N53", "TimeCreated": "2024-08-02 01:55:35.391218+00:00", "RecordID": "1799", "Level": "4", "UserID": "S-1-5-18", "EventData.ExtOrUriScheme": ".url", "EventData.ProgId": "IE.AssocFile.URL"}
{"EventID": "62443", "Channel": "Microsoft-Windows-Shell-Core/AppDefaults", "Provider_Name": "Microsoft-Windows-Shell-Core", "Computer": "DESKTOP-OFJ6N53", "TimeCreated": "2024-08-02 01:55:35.391283+00:00", "RecordID": "1800", "Level": "4", "UserID": "S-1-5-18", "EventData.Info": "QueryDefault-Mismatch: Association=.url, ProgId=IE.AssocFile.URL, S=S-1-5-18, T:2022:02:04:24:09:08, RH=3gz22dmDZ9k=, CH=IjkkKOTxZ78="}
{"EventID": "62440", "Channel": "Microsoft-Windows-Shell-Core/AppDefaults", "Provider_Name": "Microsoft-Windows-Shell-Core", "Computer": "DESKTOP-OFJ6N53", "TimeCreated": "2024-08-02 01:55:35.687841+00:00", "RecordID": "1801", "Level": "4", "UserID": "S-1-5-18", "EventData.ExtOrUriScheme": ".html", "EventData.ProgId": "MSEdgeHTM"}
{"EventID": "62443", "Channel": "Microsoft-Windows-Shell-Core/AppDefaults", "Provider_Name": "Microsoft-Windows-Shell-Core", "Computer": "DESKTOP-OFJ6N53", "TimeCreated": "2024-08-02 01:55:35.687855+00:00", "RecordID": "1802", "Level": "4", "UserID": "S-1-5-18", "EventData.Info": "QueryDefault-Mismatch: Association=.html, ProgId=MSEdgeHTM, S=S-1-5-18, T:2022:02:04:24:09:08, RH=9HsWGZun8VE=, CH=GUg/ybGw00o="}
{"EventID": "62440", "Channel": "Microsoft-Windows-Shell-Core/AppDefaults", "Provider_Name": "Microsoft-Windows-Shell-Core", "Computer": "DESKTOP-OFJ6N53", "TimeCreated": "2024-08-02 01:56:27.250654+00:00", "RecordID": "1803", "Level": "4", "UserID": "S-1-5-18", "EventData.ExtOrUriScheme": ".html", "EventData.ProgId": "MSEdgeHTM"}
{"EventID": "62443", "Channel": "Microsoft-Windows-Shell-Core/AppDefaults", "Provider_Name": "Microsoft-Windows-Shell-Core", "Computer": "DESKTOP-OFJ6N53", "TimeCreated": "2024-08-02 01:56:27.250671+00:00", "RecordID": "1804", "Level": "4", "UserID": "S-1-5-18", "EventData.Info": "QueryDefault-Mismatch: Association=.html, ProgId=MSEdgeHTM, S=S-1-5-18, T:2022:02:04:24:09:08, RH=9HsWGZun8VE=, CH=GUg/ybGw00o="}
{"EventID": "62440", "Channel": "Microsoft-Windows-Shell-Core/AppDefaults", "Provider_Name": "Microsoft-Windows-Shell-Core", "Computer": "DESKTOP-OFJ6N53", "TimeCreated": "2024-08-02 01:56:27.265814+00:00", "RecordID": "1805", "Level": "4", "UserID": "S-1-5-18", "EventData.ExtOrUriScheme": ".url", "EventData.ProgId": "IE.AssocFile.URL"}
{"EventID": "62443", "Channel": "Microsoft-Windows-Shell-Core/AppDefaults", "Provider_Name": "Microsoft-Windows-Shell-Core", "Computer": "DESKTOP-OFJ6N53", "TimeCreated": "2024-08-02 01:56:27.265821+00:00", "RecordID": "1806", "Level": "4", "UserID": "S-1-5-18", "EventData.Info": "QueryDefault-Mismatch: Association=.url, ProgId=IE.AssocFile.URL, S=S-1-5-18, T:2022:02:04:24:09:08, RH=3gz22dmDZ9k=, CH=IjkkKOTxZ78="}
{"EventID": "62440", "Channel": "Microsoft-Windows-Shell-Core/AppDefaults", "Provider_Name": "Microsoft-Windows-Shell-Core", "Computer": "DESKTOP-OFJ6N53", "TimeCreated": "2024-08-04 01:16:34.275635+00:00", "RecordID": "1807", "Level": "4", "UserID": "S-1-5-18", "EventData.ExtOrUriScheme": ".url", "EventData.ProgId": "IE.AssocFile.URL"}
{"EventID": "62443", "Channel": "Microsoft-Windows-Shell-Core/AppDefaults", "Provider_Name": "Microsoft-Windows-Shell-Core", "Computer": "DESKTOP-OFJ6N53", "TimeCreated": "2024-08-04 01:16:34.275663+00:00", "RecordID": "1808", "Level": "4", "UserID": "S-1-5-18", "EventData.Info": "QueryDefault-Mismatch: Association=.url, ProgId=IE.AssocFile.URL, S=S-1-5-18, T:2022:02:04:24:09:08, RH=3gz22dmDZ9k=, CH=IjkkKOTxZ78="}
{"EventID": "62440", "Channel": "Microsoft-Windows-Shell-Core/AppDefaults", "Provider_Name": "Microsoft-Windows-Shell-Core", "Computer": "DESKTOP-OFJ6N53", "TimeCreated": "2024-08-04 01:16:34.474506+00:00", "RecordID": "1809", "Level": "4", "UserID": "S-1-5-18", "EventData.ExtOrUriScheme": ".html", "EventData.ProgId": "MSEdgeHTM"}
{"EventID": "62443", "Channel": "Microsoft-Windows-Shell-Core/AppDefaults", "Provider_Name": "Microsoft-Windows-Shell-Core", "Computer": "DESKTOP-OFJ6N53", "TimeCreated": "2024-08-04 01:16:34.474518+00:00", "RecordID": "1810", "Level": "4", "UserID": "S-1-5-18", "EventData.Info": "QueryDefault-Mismatch: Association=.html, ProgId=MSEdgeHTM, S=S-1-5-18, T:2022:02:04:24:09:08, RH=9HsWGZun8VE=, CH=GUg/ybGw00o="}
{"EventID": "62440", "Channel": "Microsoft-Windows-Shell-Core/AppDefaults", "Provider_Name": "Microsoft-Windows-Shell-Core", "Computer": "DESKTOP-OFJ6N53", "TimeCreated": "2024-08-06 01:33:43.189842+00:00", "RecordID": "1811", "Level": "4", "UserID": "S-1-5-18", "EventData.ExtOrUriScheme": ".url", "EventData.ProgId": "IE.AssocFile.URL"}
{"EventID": "62443", "Channel": "Microsoft-Windows-Shell-Core/AppDefaults", "Provider_Name": "Microsoft-Windows-Shell-Core", "Computer": "DESKTOP-OFJ6N53", "TimeCreated": "2024-08-06 01:33:43.189861+00:00", "RecordID": "1812", "Level": "4", "UserID": "S-1-5-18", "EventData.Info": "QueryDefault-Mismatch: Association=.url, ProgId=IE.AssocFile.URL, S=S-1-5-18, T:2022:02:04:24:09:08, RH=3gz22dmDZ9k=, CH=IjkkKOTxZ78="}
{"EventID": "62440", "Channel": "Microsoft-Windows-Shell-Core/AppDefaults", "Provider_Name": "Microsoft-Windows-Shell-Core", "Computer": "DESKTOP-OFJ6N53", "TimeCreated": "2024-08-06 01:33:43.605783+00:00", "RecordID": "1813", "Level": "4", "UserID": "S-1-5-18", "EventData.ExtOrUriScheme": ".html", "EventData.ProgId": "MSEdgeHTM"}
{"EventID": "62443", "Channel": "Microsoft-Windows-Shell-Core/AppDefaults", "Provider_Name": "Microsoft-Windows-Shell-Core", "Computer": "DESKTOP-OFJ6N53", "TimeCreated": "2024-08-06 01:33:43.605797+00:00", "RecordID": "1814", "Level": "4", "UserID": "S-1-5-18", "EventData.Info": "QueryDefault-Mismatch: Association=.html, ProgId=MSEdgeHTM, S=S-1-5-18, T:2022:02:04:24:09:08, RH=9HsWGZun8VE=, CH=GUg/ybGw00o="}
{"EventID": "62440", "Channel": "Microsoft-Windows-Shell-Core/AppDefaults", "Provider_Name": "Microsoft-Windows-Shell-Core", "Computer": "DESKTOP-OFJ6N53", "TimeCreated": "2024-08-08 00:06:45.843761+00:00", "RecordID": "1815", "Level": "4", "UserID": "S-1-5-18", "EventData.ExtOrUriScheme": ".url", "EventData.ProgId": "IE.AssocFile.URL"}
{"EventID": "62443", "Channel": "Microsoft-Windows-Shell-Core/AppDefaults", "Provider_Name": "Microsoft-Windows-Shell-Core", "Computer": "DESKTOP-OFJ6N53", "TimeCreated": "2024-08-08 00:06:45.843794+00:00", "RecordID": "1816", "Level": "4", "UserID": "S-1-5-18", "EventData.Info": "QueryDefault-Mismatch: Association=.url, ProgId=IE.AssocFile.URL, S=S-1-5-18, T:2022:02:04:24:09:08, RH=3gz22dmDZ9k=, CH=IjkkKOTxZ78="}
{"EventID": "62440", "Channel": "Microsoft-Windows-Shell-Core/AppDefaults", "Provider_Name": "Microsoft-Windows-Shell-Core", "Computer": "DESKTOP-OFJ6N53", "TimeCreated": "2024-08-08 00:06:46.432167+00:00", "RecordID": "1817", "Level": "4", "UserID": "S-1-5-18", "EventData.ExtOrUriScheme": ".html", "EventData.ProgId": "MSEdgeHTM"}
{"EventID": "62443", "Channel": "Microsoft-Windows-Shell-Core/AppDefaults", "Provider_Name": "Microsoft-Windows-Shell-Core", "Computer": "DESKTOP-OFJ6N53", "TimeCreated": "2024-08-08 00:06:46.432178+00:00", "RecordID": "1818", "Level": "4", "UserID": "S-1-5-18", "EventData.Info": "QueryDefault-Mismatch: Association=.html, ProgId=MSEdgeHTM, S=S-1-5-18, T:2022:02:04:24:09:08, RH=9HsWGZun8VE=, CH=GUg/ybGw00o="}
{"EventID": "62440", "Channel": "Microsoft-Windows-Shell-Core/AppDefaults", "Provider_Name": "Microsoft-Windows-Shell-Core", "Computer": "DESKTOP-OFJ6N53", "TimeCreated": "2024-08-09 01:13:57.868820+00:00", "RecordID": "1819", "Level": "4", "UserID": "S-1-5-18", "EventData.ExtOrUriScheme": ".url", "EventData.ProgId": "IE.AssocFile.URL"}
{"EventID": "62443", "Channel": "Microsoft-Windows-Shell-Core/AppDefaults", "Provider_Name": "Microsoft-Windows-Shell-Core", "Computer": "DESKTOP-OFJ6N53", "TimeCreated": "2024-08-09 01:13:57.868895+00:00", "RecordID": "1820", "Level": "4", "UserID": "S-1-5-18", "EventData.Info": "QueryDefault-Mismatch: Association=.url, ProgId=IE.AssocFile.URL, S=S-1-5-18, T:2022:02:04:24:09:08, RH=3gz22dmDZ9k=, CH=IjkkKOTxZ78="}
{"EventID": "62440", "Channel": "Microsoft-Windows-Shell-Core/AppDefaults", "Provider_Name": "Microsoft-Windows-Shell-Core", "Computer": "DESKTOP-OFJ6N53", "TimeCreated": "2024-08-09 01:13:58.298798+00:00", "RecordID": "1821", "Level": "4", "UserID": "S-1-5-18", "EventData.ExtOrUriScheme": ".html", "EventData.ProgId": "MSEdgeHTM"}
{"EventID": "62443", "Channel": "Microsoft-Windows-Shell-Core/AppDefaults", "Provider_Name": "Microsoft-Windows-Shell-Core", "Computer": "DESKTOP-OFJ6N53", "TimeCreated": "2024-08-09 01:13:58.298809+00:00", "RecordID": "1822", "Level": "4", "UserID": "S-1-5-18", "EventData.Info": "QueryDefault-Mismatch: Association=.html, ProgId=MSEdgeHTM, S=S-1-5-18, T:2022:02:04:24:09:08, RH=9HsWGZun8VE=, CH=GUg/ybGw00o="}
{"EventID": "62440", "Channel": "Microsoft-Windows-Shell-Core/AppDefaults", "Provider_Name": "Microsoft-Windows-Shell-Core", "Computer": "DESKTOP-OFJ6N53", "TimeCreated": "2024-08-10 00:03:41.532547+00:00", "RecordID": "1823", "Level": "4", "UserID": "S-1-5-18", "EventData.ExtOrUriScheme": ".html", "EventData.ProgId": "MSEdgeHTM"}
{"EventID": "62443", "Channel": "Microsoft-Windows-Shell-Core/AppDefaults", "Provider_Name": "Microsoft-Windows-Shell-Core", "Computer": "DESKTOP-OFJ6N53", "TimeCreated": "2024-08-10 00:03:41.532568+00:00", "RecordID": "1824", "Level": "4", "UserID": "S-1-5-18", "EventData.Info": "QueryDefault-Mismatch: Association=.html, ProgId=MSEdgeHTM, S=S-1-5-18, T:2022:02:04:24:09:08, RH=9HsWGZun8VE=, CH=GUg/ybGw00o="}
{"EventID": "62440", "Channel": "Microsoft-Windows-Shell-Core/AppDefaults", "Provider_Name": "Microsoft-Windows-Shell-Core", "Computer": "DESKTOP-OFJ6N53", "TimeCreated": "2024-08-10 00:03:41.552658+00:00", "RecordID": "1825", "Level": "4", "UserID": "S-1-5-18", "EventData.ExtOrUriScheme": ".url", "EventData.ProgId": "IE.AssocFile.URL"}
{"EventID": "62443", "Channel": "Microsoft-Windows-Shell-Core/AppDefaults", "Provider_Name": "Microsoft-Windows-Shell-Core", "Computer": "DESKTOP-OFJ6N53", "TimeCreated": "2024-08-10 00:03:41.552670+00:00", "RecordID": "1826", "Level": "4", "UserID": "S-1-5-18", "EventData.Info": "QueryDefault-Mismatch: Association=.url, ProgId=IE.AssocFile.URL, S=S-1-5-18, T:2022:02:04:24:09:08, RH=3gz22dmDZ9k=, CH=IjkkKOTxZ78="}
{"EventID": "62440", "Channel": "Microsoft-Windows-Shell-Core/AppDefaults", "Provider_Name": "Microsoft-Windows-Shell-Core", "Computer": "DESKTOP-OFJ6N53", "TimeCreated": "2024-08-11 01:38:21.381531+00:00", "RecordID": "1827", "Level": "4", "UserID": "S-1-5-18", "EventData.ExtOrUriScheme": ".url", "EventData.ProgId": "IE.AssocFile.URL"}
{"EventID": "62443", "Channel": "Microsoft-Windows-Shell-Core/AppDefaults", "Provider_Name": "Microsoft-Windows-Shell-Core", "Computer": "DESKTOP-OFJ6N53", "TimeCreated": "2024-08-11 01:38:21.381550+00:00", "RecordID": "1828", "Level": "4", "UserID": "S-1-5-18", "EventData.Info": "QueryDefault-Mismatch: Association=.url, ProgId=IE.AssocFile.URL, S=S-1-5-18, T:2022:02:04:24:09:08, RH=3gz22dmDZ9k=, CH=IjkkKOTxZ78="}
{"EventID": "62440", "Channel": "Microsoft-Windows-Shell-Core/AppDefaults", "Provider_Name": "Microsoft-Windows-Shell-Core", "Computer": "DESKTOP-OFJ6N53", "TimeCreated": "2024-08-11 01:38:21.628792+00:00", "RecordID": "1829", "Level": "4", "UserID": "S-1-5-18", "EventData.ExtOrUriScheme": ".html", "EventData.ProgId": "MSEdgeHTM"}
{"EventID": "62443", "Channel": "Microsoft-Windows-Shell-Core/AppDefaults", "Provider_Name": "Microsoft-Windows-Shell-Core", "Computer": "DESKTOP-OFJ6N53", "TimeCreated": "2024-08-11 01:38:21.628805+00:00", "RecordID": "1830", "Level": "4", "UserID": "S-1-5-18", "EventData.Info": "QueryDefault-Mismatch: Association=.html, ProgId=MSEdgeHTM, S=S-1-5-18, T:2022:02:04:24:09:08, RH=9HsWGZun8VE=, CH=GUg/ybGw00o="}
{"EventID": "62440", "Channel": "Microsoft-Windows-Shell-Core/AppDefaults", "Provider_Name": "Microsoft-Windows-Shell-Core", "Computer": "DESKTOP-OFJ6N53", "TimeCreated": "2024-08-13 00:41:57.258085+00:00", "RecordID": "1831", "Level": "4", "UserID": "S-1-5-18", "EventData.ExtOrUriScheme": ".url", "EventData.ProgId": "IE.AssocFile.URL"}
{"EventID": "62443", "Channel": "Microsoft-Windows-Shell-Core/AppDefaults", "Provider_Name": "Microsoft-Windows-Shell-Core", "Computer": "DESKTOP-OFJ6N53", "TimeCreated": "2024-08-13 00:41:57.258120+00:00", "RecordID": "1832", "Level": "4", "UserID": "S-1-5-18", "EventData.Info": "QueryDefault-Mismatch: Association=.url, ProgId=IE.AssocFile.URL, S=S-1-5-18, T:2022:02:04:24:09:08, RH=3gz22dmDZ9k=, CH=IjkkKOTxZ78="}
{"EventID": "62440", "Channel": "Microsoft-Windows-Shell-Core/AppDefaults", "Provider_Name": "Microsoft-Windows-Shell-Core", "Computer": "DESKTOP-OFJ6N53", "TimeCreated": "2024-08-13 00:41:57.658262+00:00", "RecordID": "1833", "Level": "4", "UserID": "S-1-5-18", "EventData.ExtOrUriScheme": ".html", "EventData.ProgId": "MSEdgeHTM"}
{"EventID": "62443", "Channel": "Microsoft-Windows-Shell-Core/AppDefaults", "Provider_Name": "Microsoft-Windows-Shell-Core", "Computer": "DESKTOP-OFJ6N53", "TimeCreated": "2024-08-13 00:41:57.658274+00:00", "RecordID": "1834", "Level": "4", "UserID": "S-1-5-18", "EventData.Info": "QueryDefault-Mismatch: Association=.html, ProgId=MSEdgeHTM, S=S-1-5-18, T:2022:02:04:24:09:08, RH=9HsWGZun8VE=, CH=GUg/ybGw00o="}
