{"EventID": "325", "Channel": "Microsoft-Windows-AppXDeployment/Operational", "Provider_Name": "Microsoft-Windows-AppXDeployment", "Computer": "DESKTOP-OFJ6N53", "TimeCreated": "2025-08-26 04:57:58.499523+00:00", "RecordID": "652633", "Level": "4", "UserID": "S-1-5-18", "EventData.PackageFamilyName": "Microsoft.AAD.BrokerPlugin_cw5n1h2txyewy"}
{"EventID": "325", "Channel": "Microsoft-Windows-AppXDeployment/Operational", "Provider_Name": "Microsoft-Windows-AppXDeployment", "Computer": "DESKTOP-OFJ6N53", "TimeCreated": "2025-08-26 05:02:27.672400+00:00", "RecordID": "652634", "Level": "4", "UserID": "S-1-5-18", "EventData.PackageFamilyName": "Microsoft.YourPhone_8wekyb3d8bbwe"}
{"EventID": "325", "Channel": "Microsoft-Windows-AppXDeployment/Operational", "Provider_Name": "Microsoft-Windows-AppXDeployment", "Computer": "DESKTOP-OFJ6N53", "TimeCreated": "2025-08-26 05:02:27.688644+00:00", "RecordID": "652635", "Level": "4", "UserID": "S-1-5-18", "EventData.PackageFamilyName": "Microsoft.YourPhone_8wekyb3d8bbwe"}
{"EventID": "325", "Channel": "Microsoft-Windows-AppXDeployment/Operational", "Provider_Name": "Microsoft-Windows-AppXDeployment", "Computer": "DESKTOP-OFJ6N53", "TimeCreated": "2025-08-26 05:02:35.691710+00:00", "RecordID": "652636", "Level": "4", "UserID": "S-1-5-18", "EventData.PackageFamilyName": "Microsoft.YourPhone_8wekyb3d8bbwe"}
{"EventID": "325", "Channel": "Microsoft-Windows-AppXDeployment/Operational", "Provider_Name": "Microsoft-Windows-AppXDeployment", "Computer": "DESKTOP-OFJ6N53", "TimeCreated": "2025-08-26 05:41:27.291111+00:00", "RecordID": "652637", "Level": "4", "UserID": "S-1-5-18", "EventData.PackageFamilyName": "Microsoft.Windows.Search_cw5n1h2txyewy"}
{"EventID": "325", "Channel": "Microsoft-Windows-AppXDeployment/Operational", "Provider_Name": "Microsoft-Windows-AppXDeployment", "Computer": "DESKTOP-OFJ6N53", "TimeCreated": "2025-08-26 05:41:27.306017+00:00", "RecordID": "652638", "Level": "4", "UserID": "S-1-5-18", "EventData.PackageFamilyName": "Microsoft.Windows.Search_cw5n1h2txyewy"}
{"EventID": "325", "Channel": "Microsoft-Windows-AppXDeployment/Operational", "Provider_Name": "Microsoft-Windows-AppXDeployment", "Computer": "DESKTOP-OFJ6N53", "TimeCreated": "2025-08-26 06:41:27.433575+00:00", "RecordID": "652639", "Level": "4", "UserID": "S-1-5-18", "EventData.PackageFamilyName": "Microsoft.Windows.Search_cw5n1h2txyewy"}
{"EventID": "325", "Channel": "Microsoft-Windows-AppXDeployment/Operational", "Provider_Name": "Microsoft-Windows-AppXDeployment", "Computer": "DESKTOP-OFJ6N53", "TimeCreated": "2025-08-26 06:41:27.635447+00:00", "RecordID": "652640", "Level": "4", "UserID": "S-1-5-18", "EventData.PackageFamilyName": "Microsoft.Windows.Search_cw5n1h2txyewy"}
{"EventID": "325", "Channel": "Microsoft-Windows-AppXDeployment/Operational", "Provider_Name": "Microsoft-Windows-AppXDeployment", "Computer": "DESKTOP-OFJ6N53", "TimeCreated": "2025-08-26 06:41:27.669573+00:00", "RecordID": "652641", "Level": "4", "UserID": "S-1-5-18", "EventData.PackageFamilyName": "Microsoft.Windows.Search_cw5n1h2txyewy"}
{"EventID": "325", "Channel": "Microsoft-Windows-AppXDeployment/Operational", "Provider_Name": "Microsoft-Windows-AppXDeployment", "Computer": "DESKTOP-OFJ6N53", "TimeCreated": "2025-08-26 06:57:58.258974+00:00", "RecordID": "652642", "Level": "4", "UserID": "S-1-5-18", "EventData.PackageFamilyName": "Microsoft.AAD.BrokerPlugin_cw5n1h2txyewy"}
{"EventID": "325", "Channel": "Microsoft-Windows-AppXDeployment/Operational", "Provider_Name": "Microsoft-Windows-AppXDeployment", "Computer": "DESKTOP-OFJ6N53", "TimeCreated": "2025-08-26 06:57:58.272947+00:00", "RecordID": "652643", "Level": "4", "UserID": "S-1-5-18", "EventData.PackageFamilyName": "Microsoft.AAD.BrokerPlugin_cw5n1h2txyewy"}
{"EventID": "325", "Channel": "Microsoft-Windows-AppXDeployment/Operational", "Provider_Name": "Microsoft-Windows-AppXDeployment", "Computer": "DESKTOP-OFJ6N53", "TimeCreated": "2025-08-26 06:57:58.285122+00:00", "RecordID": "652644", "Level": "4", "UserID": "S-1-5-18", "EventData.PackageFamilyName": "Microsoft.AAD.BrokerPlugin_cw5n1h2txyewy"}
{"EventID": "325", "Channel": "Microsoft-Windows-AppXDeployment/Operational", "Provider_Name": "Microsoft-Windows-AppXDeployment", "Computer": "DESKTOP-OFJ6N53", "TimeCreated": "2025-08-26 07:07:43.825645+00:00", "RecordID": "652645", "Level": "4", "UserID": "S-1-5-18", "EventData.PackageFamilyName": "Microsoft.StorePurchaseApp_8wekyb3d8bbwe"}
{"EventID": "325", "Channel": "Microsoft-Windows-AppXDeployment/Operational", "Provider_Name": "Microsoft-Windows-AppXDeployment", "Computer": "DESKTOP-OFJ6N53", "TimeCreated": "2025-08-26 07:07:43.908072+00:00", "RecordID": "652646", "Level": "4", "UserID": "S-1-5-18", "EventData.PackageFamilyName": "NcsiUwpApp_8wekyb3d8bbwe"}
{"EventID": "325", "Channel": "Microsoft-Windows-AppXDeployment/Operational", "Provider_Name": "Microsoft-Windows-AppXDeployment", "Computer": "DESKTOP-OFJ6N53", "TimeCreated": "2025-08-26 07:07:44.026226+00:00", "RecordID": "652647", "Level": "4", "UserID": "S-1-5-18", "EventData.PackageFamilyName": "Microsoft.Windows.Search_cw5n1h2txyewy"}
{"EventID": "325", "Channel": "Microsoft-Windows-AppXDeployment/Operational", "Provider_Name": "Microsoft-Windows-AppXDeployment", "Computer": "DESKTOP-OFJ6N53", "TimeCreated": "2025-08-26 07:07:44.066423+00:00", "RecordID": "652648", "Level": "4", "UserID": "S-1-5-18", "EventData.PackageFamilyName": "Microsoft.YourPhone_8wekyb3d8bbwe"}
{"EventID": "325", "Channel": "Microsoft-Windows-AppXDeployment/Operational", "Provider_Name": "Microsoft-Windows-AppXDeployment", "Computer": "DESKTOP-OFJ6N53", "TimeCreated": "2025-08-26 07:07:44.415781+00:00", "RecordID": "652649", "Level": "4", "UserID": "S-1-5-18", "EventData.PackageFamilyName": "Microsoft.Windows.Search_cw5n1h2txyewy"}
{"EventID": "325", "Channel": "Microsoft-Windows-AppXDeployment/Operational", "Provider_Name": "Microsoft-Windows-AppXDeployment", "Computer": "DESKTOP-OFJ6N53", "TimeCreated": "2025-08-26 07:07:44.652771+00:00", "RecordID": "652650", "Level": "4", "UserID": "S-1-5-18", "EventData.PackageFamilyName": "Microsoft.StorePurchaseApp_8wekyb3d8bbwe"}
{"EventID": "325", "Channel": "Microsoft-Windows-AppXDeployment/Operational", "Provider_Name": "Microsoft-Windows-AppXDeployment", "Computer": "DESKTOP-OFJ6N53", "TimeCreated": "2025-08-26 07:07:44.784128+00:00", "RecordID": "652651", "Level": "4", "UserID": "S-1-5-18", "EventData.PackageFamilyName": "NcsiUwpApp_8wekyb3d8bbwe"}
{"EventID": "325", "Channel": "Microsoft-Windows-AppXDeployment/Operational", "Provider_Name": "Microsoft-Windows-AppXDeployment", "Computer": "DESKTOP-OFJ6N53", "TimeCreated": "2025-08-26 07:07:44.797722+00:00", "RecordID": "652652", "Level": "4", "UserID": "S-1-5-18", "EventData.PackageFamilyName": "Microsoft.Windows.Search_cw5n1h2txyewy"}
{"EventID": "325", "Channel": "Microsoft-Windows-AppXDeployment/Operational", "Provider_Name": "Microsoft-Windows-AppXDeployment", "Computer": "DESKTOP-OFJ6N53", "TimeCreated": "2025-08-26 07:07:44.856703+00:00", "RecordID": "652653", "Level": "4", "UserID": "S-1-5-18", "EventData.PackageFamilyName": "Microsoft.YourPhone_8wekyb3d8bbwe"}
{"EventID": "325", "Channel": "Microsoft-Windows-AppXDeployment/Operational", "Provider_Name": "Microsoft-Windows-AppXDeployment", "Computer": "DESKTOP-OFJ6N53", "TimeCreated": "2025-08-26 07:07:44.887407+00:00", "RecordID": "652654", "Level": "4", "UserID": "S-1-5-18", "EventData.PackageFamilyName": "Microsoft.Windows.Search_cw5n1h2txyewy"}
{"EventID": "325", "Channel": "Microsoft-Windows-AppXDeployment/Operational", "Provider_Name": "Microsoft-Windows-AppXDeployment", "Computer": "DESKTOP-OFJ6N53", "TimeCreated": "2025-08-26 07:07:46.981108+00:00", "RecordID": "652655", "Level": "4", "UserID": "S-1-5-21-963789628-1060504924-4285088085-1001", "EventData.PackageFamilyName": "Microsoft.YourPhone_8wekyb3d8bbwe"}
{"EventID": "325", "Channel": "Microsoft-Windows-AppXDeployment/Operational", "Provider_Name": "Microsoft-Windows-AppXDeployment", "Computer": "DESKTOP-OFJ6N53", "TimeCreated": "2025-08-26 07:08:29.445850+00:00", "RecordID": "652656", "Level": "4", "UserID": "S-1-5-18", "EventData.PackageFamilyName": "Microsoft.Windows.ContentDeliveryManager_cw5n1h2txyewy"}
{"EventID": "325", "Channel": "Microsoft-Windows-AppXDeployment/Operational", "Provider_Name": "Microsoft-Windows-AppXDeployment", "Computer": "DESKTOP-OFJ6N53", "TimeCreated": "2025-08-26 07:08:29.456833+00:00", "RecordID": "652657", "Level": "4", "UserID": "S-1-5-18", "EventData.PackageFamilyName": "Microsoft.Windows.ContentDeliveryManager_cw5n1h2txyewy"}
{"EventID": "325", "Channel": "Microsoft-Windows-AppXDeployment/Operational", "Provider_Name": "Microsoft-Windows-AppXDeployment", "Computer": "DESKTOP-OFJ6N53", "TimeCreated": "2025-08-26 07:08:29.859283+00:00", "RecordID": "652658", "Level": "4", "UserID": "S-1-5-18", "EventData.PackageFamilyName": "Microsoft.Windows.ContentDeliveryManager_cw5n1h2txyewy"}
{"EventID": "325", "Channel": "Microsoft-Windows-AppXDeployment/Operational", "Provider_Name": "Microsoft-Windows-AppXDeployment", "Computer": "DESKTOP-OFJ6N53", "TimeCreated": "2025-08-26 07:08:29.970787+00:00", "RecordID": "652659", "Level": "4", "UserID": "S-1-5-18", "EventData.PackageFamilyName": "Microsoft.AAD.BrokerPlugin_cw5n1h2txyewy"}
{"EventID": "325", "Channel": "Microsoft-Windows-AppXDeployment/Operational", "Provider_Name": "Microsoft-Windows-AppXDeployment", "Computer": "DESKTOP-OFJ6N53", "TimeCreated": "2025-08-26 07:08:30.016779+00:00", "RecordID": "652660", "Level": "4", "UserID": "S-1-5-18", "EventData.PackageFamilyName": "Microsoft.AAD.BrokerPlugin_cw5n1h2txyewy"}
{"EventID": "325", "Channel": "Microsoft-Windows-AppXDeployment/Operational", "Provider_Name": "Microsoft-Windows-AppXDeployment", "Computer": "DESKTOP-OFJ6N53", "TimeCreated": "2025-08-26 07:08:30.026489+00:00", "RecordID": "652661", "Level": "4", "UserID": "S-1-5-18", "EventData.PackageFamilyName": "Microsoft.AAD.BrokerPlugin_cw5n1h2txyewy"}
{"EventID": "325", "Channel": "Microsoft-Windows-AppXDeployment/Operational", "Provider_Name": "Microsoft-Windows-AppXDeployment", "Computer": "DESKTOP-OFJ6N53", "TimeCreated": "2025-08-26 07:08:30.858500+00:00", "RecordID": "652662", "Level": "4", "UserID": "S-1-5-18", "EventData.PackageFamilyName": "Microsoft.Windows.ContentDeliveryManager_cw5n1h2txyewy"}
{"EventID": "325", "Channel": "Microsoft-Windows-AppXDeployment/Operational", "Provider_Name": "Microsoft-Windows-AppXDeployment", "Computer": "DESKTOP-OFJ6N53", "TimeCreated": "2025-08-26 07:08:30.913685+00:00", "RecordID": "652663", "Level": "4", "UserID": "S-1-5-18", "EventData.PackageFamilyName": "Microsoft.Windows.ContentDeliveryManager_cw5n1h2txyewy"}
{"EventID": "325", "Channel": "Microsoft-Windows-AppXDeployment/Operational", "Provider_Name": "Microsoft-Windows-AppXDeployment", "Computer": "DESKTOP-OFJ6N53", "TimeCreated": "2025-08-26 07:08:37.328869+00:00", "RecordID": "652664", "Level": "4", "UserID": "S-1-5-18", "EventData.PackageFamilyName": "Microsoft.AAD.BrokerPlugin_cw5n1h2txyewy"}
{"EventID": "325", "Channel": "Microsoft-Windows-AppXDeployment/Operational", "Provider_Name": "Microsoft-Windows-AppXDeployment", "Computer": "DESKTOP-OFJ6N53", "TimeCreated": "2025-08-26 07:08:37.343960+00:00", "RecordID": "652665", "Level": "4", "UserID": "S-1-5-18", "EventData.PackageFamilyName": "Microsoft.AAD.BrokerPlugin_cw5n1h2txyewy"}
{"EventID": "325", "Channel": "Microsoft-Windows-AppXDeployment/Operational", "Provider_Name": "Microsoft-Windows-AppXDeployment", "Computer": "DESKTOP-OFJ6N53", "TimeCreated": "2025-08-26 07:08:37.356340+00:00", "RecordID": "652666", "Level": "4", "UserID": "S-1-5-18", "EventData.PackageFamilyName": "Microsoft.AAD.BrokerPlugin_cw5n1h2txyewy"}
{"EventID": "325", "Channel": "Microsoft-Windows-AppXDeployment/Operational", "Provider_Name": "Microsoft-Windows-AppXDeployment", "Computer": "DESKTOP-OFJ6N53", "TimeCreated": "2025-08-26 07:12:45.797798+00:00", "RecordID": "652667", "Level": "4", "UserID": "S-1-5-21-963789628-1060504924-4285088085-1001", "EventData.PackageFamilyName": "Microsoft.YourPhone_8wekyb3d8bbwe"}
{"EventID": "325", "Channel": "Microsoft-Windows-AppXDeployment/Operational", "Provider_Name": "Microsoft-Windows-AppXDeployment", "Computer": "DESKTOP-OFJ6N53", "TimeCreated": "2025-08-26 07:12:45.897543+00:00", "RecordID": "652668", "Level": "4", "UserID": "S-1-5-18", "EventData.PackageFamilyName": "Microsoft.Windows.Search_cw5n1h2txyewy"}
{"EventID": "325", "Channel": "Microsoft-Windows-AppXDeployment/Operational", "Provider_Name": "Microsoft-Windows-AppXDeployment", "Computer": "DESKTOP-OFJ6N53", "TimeCreated": "2025-08-26 07:12:46.129307+00:00", "RecordID": "652669", "Level": "4", "UserID": "S-1-5-18", "EventData.PackageFamilyName": "Microsoft.Windows.Search_cw5n1h2txyewy"}
{"EventID": "325", "Channel": "Microsoft-Windows-AppXDeployment/Operational", "Provider_Name": "Microsoft-Windows-AppXDeployment", "Computer": "DESKTOP-OFJ6N53", "TimeCreated": "2025-08-26 07:15:38.759253+00:00", "RecordID": "652670", "Level": "4", "UserID": "S-1-5-18", "EventData.PackageFamilyName": "Microsoft.Windows.Search_cw5n1h2txyewy"}
{"EventID": "325", "Channel": "Microsoft-Windows-AppXDeployment/Operational", "Provider_Name": "Microsoft-Windows-AppXDeployment", "Computer": "DESKTOP-OFJ6N53", "TimeCreated": "2025-08-26 07:15:39.586567+00:00", "RecordID": "652671", "Level": "4", "UserID": "S-1-5-18", "EventData.PackageFamilyName": "Microsoft.Windows.Search_cw5n1h2txyewy"}
{"EventID": "325", "Channel": "Microsoft-Windows-AppXDeployment/Operational", "Provider_Name": "Microsoft-Windows-AppXDeployment", "Computer": "DESKTOP-OFJ6N53", "TimeCreated": "2025-08-26 07:15:41.657768+00:00", "RecordID": "652672", "Level": "4", "UserID": "S-1-5-21-963789628-1060504924-4285088085-1001", "EventData.PackageFamilyName": "Microsoft.YourPhone_8wekyb3d8bbwe"}
{"EventID": "325", "Channel": "Microsoft-Windows-AppXDeployment/Operational", "Provider_Name": "Microsoft-Windows-AppXDeployment", "Computer": "DESKTOP-OFJ6N53", "TimeCreated": "2025-08-26 07:55:55.406794+00:00", "RecordID": "652673", "Level": "4", "UserID": "S-1-5-18", "EventData.PackageFamilyName": "Microsoft.StorePurchaseApp_8wekyb3d8bbwe"}
{"EventID": "325", "Channel": "Microsoft-Windows-AppXDeployment/Operational", "Provider_Name": "Microsoft-Windows-AppXDeployment", "Computer": "DESKTOP-OFJ6N53", "TimeCreated": "2025-08-26 07:55:55.421659+00:00", "RecordID": "652674", "Level": "4", "UserID": "S-1-5-18", "EventData.PackageFamilyName": "Microsoft.StorePurchaseApp_8wekyb3d8bbwe"}
{"EventID": "325", "Channel": "Microsoft-Windows-AppXDeployment/Operational", "Provider_Name": "Microsoft-Windows-AppXDeployment", "Computer": "DESKTOP-OFJ6N53", "TimeCreated": "2025-08-26 07:57:58.205198+00:00", "RecordID": "652675", "Level": "4", "UserID": "S-1-5-18", "EventData.PackageFamilyName": "Microsoft.AAD.BrokerPlugin_cw5n1h2txyewy"}
{"EventID": "325", "Channel": "Microsoft-Windows-AppXDeployment/Operational", "Provider_Name": "Microsoft-Windows-AppXDeployment", "Computer": "DESKTOP-OFJ6N53", "TimeCreated": "2025-08-26 07:57:58.251505+00:00", "RecordID": "652676", "Level": "4", "UserID": "S-1-5-18", "EventData.PackageFamilyName": "Microsoft.AAD.BrokerPlugin_cw5n1h2txyewy"}
{"EventID": "325", "Channel": "Microsoft-Windows-AppXDeployment/Operational", "Provider_Name": "Microsoft-Windows-AppXDeployment", "Computer": "DESKTOP-OFJ6N53", "TimeCreated": "2025-08-26 07:57:58.263517+00:00", "RecordID": "652677", "Level": "4", "UserID": "S-1-5-18", "EventData.PackageFamilyName": "Microsoft.AAD.BrokerPlugin_cw5n1h2txyewy"}
{"EventID": "325", "Channel": "Microsoft-Windows-AppXDeployment/Operational", "Provider_Name": "Microsoft-Windows-AppXDeployment", "Computer": "DESKTOP-OFJ6N53", "TimeCreated": "2025-08-26 08:05:28.015285+00:00", "RecordID": "652678", "Level": "4", "UserID": "S-1-5-18", "EventData.PackageFamilyName": "Microsoft.Windows.ContentDeliveryManager_cw5n1h2txyewy"}
{"EventID": "325", "Channel": "Microsoft-Windows-AppXDeployment/Operational", "Provider_Name": "Microsoft-Windows-AppXDeployment", "Computer": "DESKTOP-OFJ6N53", "TimeCreated": "2025-08-26 08:05:28.028900+00:00", "RecordID": "652679", "Level": "4", "UserID": "S-1-5-18", "EventData.PackageFamilyName": "Microsoft.Windows.ContentDeliveryManager_cw5n1h2txyewy"}
{"EventID": "325", "Channel": "Microsoft-Windows-AppXDeployment/Operational", "Provider_Name": "Microsoft-Windows-AppXDeployment", "Computer": "DESKTOP-OFJ6N53", "TimeCreated": "2025-08-26 08:05:28.565374+00:00", "RecordID": "652680", "Level": "4", "UserID": "S-1-5-18", "EventData.PackageFamilyName": "Microsoft.Windows.ContentDeliveryManager_cw5n1h2txyewy"}
{"EventID": "325", "Channel": "Microsoft-Windows-AppXDeployment/Operational", "Provider_Name": "Microsoft-Windows-AppXDeployment", "Computer": "DESKTOP-OFJ6N53", "TimeCreated": "2025-08-26 08:05:28.611626+00:00", "RecordID": "652681", "Level": "4", "UserID": "S-1-5-18", "EventData.PackageFamilyName": "Microsoft.Windows.ContentDeliveryManager_cw5n1h2txyewy"}
{"EventID": "325", "Channel": "Microsoft-Windows-AppXDeployment/Operational", "Provider_Name": "Microsoft-Windows-AppXDeployment", "Computer": "DESKTOP-OFJ6N53", "TimeCreated": "2025-08-26 08:06:02.840633+00:00", "RecordID": "652682", "Level": "4", "UserID": "S-1-5-18", "EventData.PackageFamilyName": "Microsoft.Windows.ContentDeliveryManager_cw5n1h2txyewy"}
{"EventID": "325", "Channel": "Microsoft-Windows-AppXDeployment/Operational", "Provider_Name": "Microsoft-Windows-AppXDeployment", "Computer": "DESKTOP-OFJ6N53", "TimeCreated": "2025-08-26 08:06:02.850754+00:00", "RecordID": "652683", "Level": "4", "UserID": "S-1-5-18", "EventData.PackageFamilyName": "Microsoft.Windows.ContentDeliveryManager_cw5n1h2txyewy"}
{"EventID": "325", "Channel": "Microsoft-Windows-AppXDeployment/Operational", "Provider_Name": "Microsoft-Windows-AppXDeployment", "Computer": "DESKTOP-OFJ6N53", "TimeCreated": "2025-08-26 08:06:03.439817+00:00", "RecordID": "652684", "Level": "4", "UserID": "S-1-5-18", "EventData.PackageFamilyName": "Microsoft.Windows.ContentDeliveryManager_cw5n1h2txyewy"}
{"EventID": "325", "Channel": "Microsoft-Windows-AppXDeployment/Operational", "Provider_Name": "Microsoft-Windows-AppXDeployment", "Computer": "DESKTOP-OFJ6N53", "TimeCreated": "2025-08-26 08:06:03.788616+00:00", "RecordID": "652685", "Level": "4", "UserID": "S-1-5-18", "EventData.PackageFamilyName": "Microsoft.AAD.BrokerPlugin_cw5n1h2txyewy"}
{"EventID": "325", "Channel": "Microsoft-Windows-AppXDeployment/Operational", "Provider_Name": "Microsoft-Windows-AppXDeployment", "Computer": "DESKTOP-OFJ6N53", "TimeCreated": "2025-08-26 08:06:03.819387+00:00", "RecordID": "652686", "Level": "4", "UserID": "S-1-5-18", "EventData.PackageFamilyName": "Microsoft.AAD.BrokerPlugin_cw5n1h2txyewy"}
{"EventID": "325", "Channel": "Microsoft-Windows-AppXDeployment/Operational", "Provider_Name": "Microsoft-Windows-AppXDeployment", "Computer": "DESKTOP-OFJ6N53", "TimeCreated": "2025-08-26 08:06:03.834127+00:00", "RecordID": "652687", "Level": "4", "UserID": "S-1-5-18", "EventData.PackageFamilyName": "Microsoft.AAD.BrokerPlugin_cw5n1h2txyewy"}
{"EventID": "325", "Channel": "Microsoft-Windows-AppXDeployment/Operational", "Provider_Name": "Microsoft-Windows-AppXDeployment", "Computer": "DESKTOP-OFJ6N53", "TimeCreated": "2025-08-26 08:06:09.079657+00:00", "RecordID": "652688", "Level": "4", "UserID": "S-1-5-18", "EventData.PackageFamilyName": "Microsoft.Windows.ContentDeliveryManager_cw5n1h2txyewy"}
{"EventID": "325", "Channel": "Microsoft-Windows-AppXDeployment/Operational", "Provider_Name": "Microsoft-Windows-AppXDeployment", "Computer": "DESKTOP-OFJ6N53", "TimeCreated": "2025-08-26 08:06:09.201672+00:00", "RecordID": "652689", "Level": "4", "UserID": "S-1-5-18", "EventData.PackageFamilyName": "Microsoft.Windows.ContentDeliveryManager_cw5n1h2txyewy"}
{"EventID": "325", "Channel": "Microsoft-Windows-AppXDeployment/Operational", "Provider_Name": "Microsoft-Windows-AppXDeployment", "Computer": "DESKTOP-OFJ6N53", "TimeCreated": "2025-08-26 08:06:09.249336+00:00", "RecordID": "652690", "Level": "4", "UserID": "S-1-5-18", "EventData.PackageFamilyName": "Microsoft.Windows.ContentDeliveryManager_cw5n1h2txyewy"}
{"EventID": "325", "Channel": "Microsoft-Windows-AppXDeployment/Operational", "Provider_Name": "Microsoft-Windows-AppXDeployment", "Computer": "DESKTOP-OFJ6N53", "TimeCreated": "2025-08-26 08:06:09.301788+00:00", "RecordID": "652691", "Level": "4", "UserID": "S-1-5-18", "EventData.PackageFamilyName": "Microsoft.Windows.ContentDeliveryManager_cw5n1h2txyewy"}
{"EventID": "325", "Channel": "Microsoft-Windows-AppXDeployment/Operational", "Provider_Name": "Microsoft-Windows-AppXDeployment", "Computer": "DESKTOP-OFJ6N53", "TimeCreated": "2025-08-26 08:06:27.784349+00:00", "RecordID": "652692", "Level": "4", "UserID": "S-1-5-18", "EventData.PackageFamilyName": "Microsoft.Windows.ContentDeliveryManager_cw5n1h2txyewy"}
{"EventID": "325", "Channel": "Microsoft-Windows-AppXDeployment/Operational", "Provider_Name": "Microsoft-Windows-AppXDeployment", "Computer": "DESKTOP-OFJ6N53", "TimeCreated": "2025-08-26 08:06:27.794996+00:00", "RecordID": "652693", "Level": "4", "UserID": "S-1-5-18", "EventData.PackageFamilyName": "Microsoft.Windows.ContentDeliveryManager_cw5n1h2txyewy"}
{"EventID": "325", "Channel": "Microsoft-Windows-AppXDeployment/Operational", "Provider_Name": "Microsoft-Windows-AppXDeployment", "Computer": "DESKTOP-OFJ6N53", "TimeCreated": "2025-08-26 08:06:27.957531+00:00", "RecordID": "652694", "Level": "4", "UserID": "S-1-5-18", "EventData.PackageFamilyName": "Microsoft.Windows.ContentDeliveryManager_cw5n1h2txyewy"}
{"EventID": "325", "Channel": "Microsoft-Windows-AppXDeployment/Operational", "Provider_Name": "Microsoft-Windows-AppXDeployment", "Computer": "DESKTOP-OFJ6N53", "TimeCreated": "2025-08-26 08:20:29.051771+00:00", "RecordID": "652695", "Level": "4", "UserID": "S-1-5-18", "EventData.PackageFamilyName": "Microsoft.Windows.Search_cw5n1h2txyewy"}
{"EventID": "325", "Channel": "Microsoft-Windows-AppXDeployment/Operational", "Provider_Name": "Microsoft-Windows-AppXDeployment", "Computer": "DESKTOP-OFJ6N53", "TimeCreated": "2025-08-26 08:20:29.900902+00:00", "RecordID": "652696", "Level": "4", "UserID": "S-1-5-18", "EventData.PackageFamilyName": "Microsoft.Windows.Search_cw5n1h2txyewy"}
{"EventID": "325", "Channel": "Microsoft-Windows-AppXDeployment/Operational", "Provider_Name": "Microsoft-Windows-AppXDeployment", "Computer": "DESKTOP-OFJ6N53", "TimeCreated": "2025-08-26 08:24:28.165829+00:00", "RecordID": "652697", "Level": "4", "UserID": "S-1-5-18", "EventData.PackageFamilyName": "Microsoft.WindowsStore_8wekyb3d8bbwe"}
{"EventID": "325", "Channel": "Microsoft-Windows-AppXDeployment/Operational", "Provider_Name": "Microsoft-Windows-AppXDeployment", "Computer": "DESKTOP-OFJ6N53", "TimeCreated": "2025-08-26 08:24:28.184256+00:00", "RecordID": "652698", "Level": "4", "UserID": "S-1-5-18", "EventData.PackageFamilyName": "Microsoft.WindowsStore_8wekyb3d8bbwe"}
{"EventID": "325", "Channel": "Microsoft-Windows-AppXDeployment/Operational", "Provider_Name": "Microsoft-Windows-AppXDeployment", "Computer": "DESKTOP-OFJ6N53", "TimeCreated": "2025-08-26 08:41:27.631145+00:00", "RecordID": "652699", "Level": "4", "UserID": "S-1-5-18", "EventData.PackageFamilyName": "Microsoft.Windows.Search_cw5n1h2txyewy"}
{"EventID": "325", "Channel": "Microsoft-Windows-AppXDeployment/Operational", "Provider_Name": "Microsoft-Windows-AppXDeployment", "Computer": "DESKTOP-OFJ6N53", "TimeCreated": "2025-08-26 08:41:27.641504+00:00", "RecordID": "652700", "Level": "4", "UserID": "S-1-5-18", "EventData.PackageFamilyName": "Microsoft.Windows.Search_cw5n1h2txyewy"}
{"EventID": "325", "Channel": "Microsoft-Windows-AppXDeployment/Operational", "Provider_Name": "Microsoft-Windows-AppXDeployment", "Computer": "DESKTOP-OFJ6N53", "TimeCreated": "2025-08-26 08:54:59.575802+00:00", "RecordID": "652701", "Level": "4", "UserID": "S-1-5-18", "EventData.PackageFamilyName": "Microsoft.Windows.ContentDeliveryManager_cw5n1h2txyewy"}
{"EventID": "325", "Channel": "Microsoft-Windows-AppXDeployment/Operational", "Provider_Name": "Microsoft-Windows-AppXDeployment", "Computer": "DESKTOP-OFJ6N53", "TimeCreated": "2025-08-26 08:54:59.668938+00:00", "RecordID": "652702", "Level": "4", "UserID": "S-1-5-18", "EventData.PackageFamilyName": "Microsoft.Windows.ContentDeliveryManager_cw5n1h2txyewy"}
{"EventID": "325", "Channel": "Microsoft-Windows-AppXDeployment/Operational", "Provider_Name": "Microsoft-Windows-AppXDeployment", "Computer": "DESKTOP-OFJ6N53", "TimeCreated": "2025-08-26 08:55:00.188541+00:00", "RecordID": "652703", "Level": "4", "UserID": "S-1-5-18", "EventData.PackageFamilyName": "Microsoft.Windows.ContentDeliveryManager_cw5n1h2txyewy"}
{"EventID": "325", "Channel": "Microsoft-Windows-AppXDeployment/Operational", "Provider_Name": "Microsoft-Windows-AppXDeployment", "Computer": "DESKTOP-OFJ6N53", "TimeCreated": "2025-08-26 08:55:01.802418+00:00", "RecordID": "652704", "Level": "4", "UserID": "S-1-5-18", "EventData.PackageFamilyName": "Microsoft.AAD.BrokerPlugin_cw5n1h2txyewy"}
{"EventID": "325", "Channel": "Microsoft-Windows-AppXDeployment/Operational", "Provider_Name": "Microsoft-Windows-AppXDeployment", "Computer": "DESKTOP-OFJ6N53", "TimeCreated": "2025-08-26 08:55:01.882542+00:00", "RecordID": "652705", "Level": "4", "UserID": "S-1-5-18", "EventData.PackageFamilyName": "Microsoft.AAD.BrokerPlugin_cw5n1h2txyewy"}
{"EventID": "325", "Channel": "Microsoft-Windows-AppXDeployment/Operational", "Provider_Name": "Microsoft-Windows-AppXDeployment", "Computer": "DESKTOP-OFJ6N53", "TimeCreated": "2025-08-26 08:55:01.896061+00:00", "RecordID": "652706", "Level": "4", "UserID": "S-1-5-18", "EventData.PackageFamilyName": "Microsoft.AAD.BrokerPlugin_cw5n1h2txyewy"}
{"EventID": "325", "Channel": "Microsoft-Windows-AppXDeployment/Operational", "Provider_Name": "Microsoft-Windows-AppXDeployment", "Computer": "DESKTOP-OFJ6N53", "TimeCreated": "2025-08-26 08:55:07.415241+00:00", "RecordID": "652707", "Level": "4", "UserID": "S-1-5-18", "EventData.PackageFamilyName": "Microsoft.Windows.ContentDeliveryManager_cw5n1h2txyewy"}
{"EventID": "325", "Channel": "Microsoft-Windows-AppXDeployment/Operational", "Provider_Name": "Microsoft-Windows-AppXDeployment", "Computer": "DESKTOP-OFJ6N53", "TimeCreated": "2025-08-26 08:55:07.615122+00:00", "RecordID": "652708", "Level": "4", "UserID": "S-1-5-18", "EventData.PackageFamilyName": "Microsoft.Windows.ContentDeliveryManager_cw5n1h2txyewy"}
{"EventID": "325", "Channel": "Microsoft-Windows-AppXDeployment/Operational", "Provider_Name": "Microsoft-Windows-AppXDeployment", "Computer": "DESKTOP-OFJ6N53", "TimeCreated": "2025-08-26 08:55:07.746929+00:00", "RecordID": "652709", "Level": "4", "UserID": "S-1-5-18", "EventData.PackageFamilyName": "Microsoft.Windows.ContentDeliveryManager_cw5n1h2txyewy"}
{"EventID": "325", "Channel": "Microsoft-Windows-AppXDeployment/Operational", "Provider_Name": "Microsoft-Windows-AppXDeployment", "Computer": "DESKTOP-OFJ6N53", "TimeCreated": "2025-08-26 08:55:08.098438+00:00", "RecordID": "652710", "Level": "4", "UserID": "S-1-5-18", "EventData.PackageFamilyName": "Microsoft.Windows.ContentDeliveryManager_cw5n1h2txyewy"}
{"EventID": "325", "Channel": "Microsoft-Windows-AppXDeployment/Operational", "Provider_Name": "Microsoft-Windows-AppXDeployment", "Computer": "DESKTOP-OFJ6N53", "TimeCreated": "2025-08-26 08:55:08.389370+00:00", "RecordID": "652711", "Level": "4", "UserID": "S-1-5-18", "EventData.PackageFamilyName": "Microsoft.Windows.ContentDeliveryManager_cw5n1h2txyewy"}
{"EventID": "325", "Channel": "Microsoft-Windows-AppXDeployment/Operational", "Provider_Name": "Microsoft-Windows-AppXDeployment", "Computer": "DESKTOP-OFJ6N53", "TimeCreated": "2025-08-26 08:55:08.701441+00:00", "RecordID": "652712", "Level": "4", "UserID": "S-1-5-18", "EventData.PackageFamilyName": "Microsoft.Windows.ContentDeliveryManager_cw5n1h2txyewy"}
{"EventID": "325", "Channel": "Microsoft-Windows-AppXDeployment/Operational", "Provider_Name": "Microsoft-Windows-AppXDeployment", "Computer": "DESKTOP-OFJ6N53", "TimeCreated": "2025-08-26 08:55:08.862045+00:00", "RecordID": "652713", "Level": "4", "UserID": "S-1-5-18", "EventData.PackageFamilyName": "Microsoft.Windows.ContentDeliveryManager_cw5n1h2txyewy"}
{"EventID": "325", "Channel": "Microsoft-Windows-AppXDeployment/Operational", "Provider_Name": "Microsoft-Windows-AppXDeployment", "Computer": "DESKTOP-OFJ6N53", "TimeCreated": "2025-08-26 08:55:09.095211+00:00", "RecordID": "652714", "Level": "4", "UserID": "S-1-5-18", "EventData.PackageFamilyName": "Microsoft.Windows.ContentDeliveryManager_cw5n1h2txyewy"}
{"EventID": "325", "Channel": "Microsoft-Windows-AppXDeployment/Operational", "Provider_Name": "Microsoft-Windows-AppXDeployment", "Computer": "DESKTOP-OFJ6N53", "TimeCreated": "2025-08-26 08:55:09.446896+00:00", "RecordID": "652715", "Level": "4", "UserID": "S-1-5-18", "EventData.PackageFamilyName": "Microsoft.Windows.ContentDeliveryManager_cw5n1h2txyewy"}
{"EventID": "325", "Channel": "Microsoft-Windows-AppXDeployment/Operational", "Provider_Name": "Microsoft-Windows-AppXDeployment", "Computer": "DESKTOP-OFJ6N53", "TimeCreated": "2025-08-26 08:55:09.662157+00:00", "RecordID": "652716", "Level": "4", "UserID": "S-1-5-18", "EventData.PackageFamilyName": "Microsoft.Windows.ContentDeliveryManager_cw5n1h2txyewy"}
{"EventID": "325", "Channel": "Microsoft-Windows-AppXDeployment/Operational", "Provider_Name": "Microsoft-Windows-AppXDeployment", "Computer": "DESKTOP-OFJ6N53", "TimeCreated": "2025-08-26 08:55:10.016842+00:00", "RecordID": "652717", "Level": "4", "UserID": "S-1-5-18", "EventData.PackageFamilyName": "Microsoft.Windows.ContentDeliveryManager_cw5n1h2txyewy"}
{"EventID": "325", "Channel": "Microsoft-Windows-AppXDeployment/Operational", "Provider_Name": "Microsoft-Windows-AppXDeployment", "Computer": "DESKTOP-OFJ6N53", "TimeCreated": "2025-08-26 08:55:10.200771+00:00", "RecordID": "652718", "Level": "4", "UserID": "S-1-5-18", "EventData.PackageFamilyName": "Microsoft.Windows.ContentDeliveryManager_cw5n1h2txyewy"}
{"EventID": "325", "Channel": "Microsoft-Windows-AppXDeployment/Operational", "Provider_Name": "Microsoft-Windows-AppXDeployment", "Computer": "DESKTOP-OFJ6N53", "TimeCreated": "2025-08-26 08:55:11.999674+00:00", "RecordID": "652719", "Level": "4", "UserID": "S-1-5-18", "EventData.PackageFamilyName": "Microsoft.Windows.ContentDeliveryManager_cw5n1h2txyewy"}
{"EventID": "325", "Channel": "Microsoft-Windows-AppXDeployment/Operational", "Provider_Name": "Microsoft-Windows-AppXDeployment", "Computer": "DESKTOP-OFJ6N53", "TimeCreated": "2025-08-26 08:55:12.692587+00:00", "RecordID": "652720", "Level": "4", "UserID": "S-1-5-18", "EventData.PackageFamilyName": "Microsoft.Windows.ContentDeliveryManager_cw5n1h2txyewy"}
{"EventID": "325", "Channel": "Microsoft-Windows-AppXDeployment/Operational", "Provider_Name": "Microsoft-Windows-AppXDeployment", "Computer": "DESKTOP-OFJ6N53", "TimeCreated": "2025-08-26 08:55:12.954782+00:00", "RecordID": "652721", "Level": "4", "UserID": "S-1-5-18", "EventData.PackageFamilyName": "Microsoft.Windows.ContentDeliveryManager_cw5n1h2txyewy"}
{"EventID": "325", "Channel": "Microsoft-Windows-AppXDeployment/Operational", "Provider_Name": "Microsoft-Windows-AppXDeployment", "Computer": "DESKTOP-OFJ6N53", "TimeCreated": "2025-08-26 08:55:13.408632+00:00", "RecordID": "652722", "Level": "4", "UserID": "S-1-5-18", "EventData.PackageFamilyName": "Microsoft.Windows.ContentDeliveryManager_cw5n1h2txyewy"}
{"EventID": "325", "Channel": "Microsoft-Windows-AppXDeployment/Operational", "Provider_Name": "Microsoft-Windows-AppXDeployment", "Computer": "DESKTOP-OFJ6N53", "TimeCreated": "2025-08-26 08:55:13.637186+00:00", "RecordID": "652723", "Level": "4", "UserID": "S-1-5-18", "EventData.PackageFamilyName": "Microsoft.Windows.ContentDeliveryManager_cw5n1h2txyewy"}
{"EventID": "325", "Channel": "Microsoft-Windows-AppXDeployment/Operational", "Provider_Name": "Microsoft-Windows-AppXDeployment", "Computer": "DESKTOP-OFJ6N53", "TimeCreated": "2025-08-26 08:55:14.020782+00:00", "RecordID": "652724", "Level": "4", "UserID": "S-1-5-18", "EventData.PackageFamilyName": "Microsoft.Windows.ContentDeliveryManager_cw5n1h2txyewy"}
{"EventID": "325", "Channel": "Microsoft-Windows-AppXDeployment/Operational", "Provider_Name": "Microsoft-Windows-AppXDeployment", "Computer": "DESKTOP-OFJ6N53", "TimeCreated": "2025-08-26 08:55:14.269009+00:00", "RecordID": "652725", "Level": "4", "UserID": "S-1-5-18", "EventData.PackageFamilyName": "Microsoft.Windows.ContentDeliveryManager_cw5n1h2txyewy"}
{"EventID": "325", "Channel": "Microsoft-Windows-AppXDeployment/Operational", "Provider_Name": "Microsoft-Windows-AppXDeployment", "Computer": "DESKTOP-OFJ6N53", "TimeCreated": "2025-08-26 08:55:14.466011+00:00", "RecordID": "652726", "Level": "4", "UserID": "S-1-5-18", "EventData.PackageFamilyName": "Microsoft.Windows.ContentDeliveryManager_cw5n1h2txyewy"}
{"EventID": "325", "Channel": "Microsoft-Windows-AppXDeployment/Operational", "Provider_Name": "Microsoft-Windows-AppXDeployment", "Computer": "DESKTOP-OFJ6N53", "TimeCreated": "2025-08-26 08:55:14.649202+00:00", "RecordID": "652727", "Level": "4", "UserID": "S-1-5-18", "EventData.PackageFamilyName": "Microsoft.Windows.ContentDeliveryManager_cw5n1h2txyewy"}
{"EventID": "325", "Channel": "Microsoft-Windows-AppXDeployment/Operational", "Provider_Name": "Microsoft-Windows-AppXDeployment", "Computer": "DESKTOP-OFJ6N53", "TimeCreated": "2025-08-26 08:55:14.715988+00:00", "RecordID": "652728", "Level": "4", "UserID": "S-1-5-18", "EventData.PackageFamilyName": "Microsoft.Windows.ContentDeliveryManager_cw5n1h2txyewy"}
{"EventID": "325", "Channel": "Microsoft-Windows-AppXDeployment/Operational", "Provider_Name": "Microsoft-Windows-AppXDeployment", "Computer": "DESKTOP-OFJ6N53", "TimeCreated": "2025-08-26 08:55:14.780788+00:00", "RecordID": "652729", "Level": "4", "UserID": "S-1-5-18", "EventData.PackageFamilyName": "Microsoft.Windows.ContentDeliveryManager_cw5n1h2txyewy"}
{"EventID": "325", "Channel": "Microsoft-Windows-AppXDeployment/Operational", "Provider_Name": "Microsoft-Windows-AppXDeployment", "Computer": "DESKTOP-OFJ6N53", "TimeCreated": "2025-08-26 08:55:15.074228+00:00", "RecordID": "652730", "Level": "4", "UserID": "S-1-5-18", "EventData.PackageFamilyName": "Microsoft.Windows.ContentDeliveryManager_cw5n1h2txyewy"}
{"EventID": "325", "Channel": "Microsoft-Windows-AppXDeployment/Operational", "Provider_Name": "Microsoft-Windows-AppXDeployment", "Computer": "DESKTOP-OFJ6N53", "TimeCreated": "2025-08-26 08:55:15.167578+00:00", "RecordID": "652731", "Level": "4", "UserID": "S-1-5-18", "EventData.PackageFamilyName": "Microsoft.Windows.ContentDeliveryManager_cw5n1h2txyewy"}
{"EventID": "325", "Channel": "Microsoft-Windows-AppXDeployment/Operational", "Provider_Name": "Microsoft-Windows-AppXDeployment", "Computer": "DESKTOP-OFJ6N53", "TimeCreated": "2025-08-26 08:55:18.045341+00:00", "RecordID": "652732", "Level": "4", "UserID": "S-1-5-18", "EventData.PackageFamilyName": "Microsoft.Windows.ContentDeliveryManager_cw5n1h2txyewy"}
{"EventID": "325", "Channel": "Microsoft-Windows-AppXDeployment/Operational", "Provider_Name": "Microsoft-Windows-AppXDeployment", "Computer": "DESKTOP-OFJ6N53", "TimeCreated": "2025-08-26 08:57:58.207321+00:00", "RecordID": "652733", "Level": "4", "UserID": "S-1-5-18", "EventData.PackageFamilyName": "Microsoft.AAD.BrokerPlugin_cw5n1h2txyewy"}
{"EventID": "325", "Channel": "Microsoft-Windows-AppXDeployment/Operational", "Provider_Name": "Microsoft-Windows-AppXDeployment", "Computer": "DESKTOP-OFJ6N53", "TimeCreated": "2025-08-26 08:57:58.228922+00:00", "RecordID": "652734", "Level": "4", "UserID": "S-1-5-18", "EventData.PackageFamilyName": "Microsoft.AAD.BrokerPlugin_cw5n1h2txyewy"}
{"EventID": "325", "Channel": "Microsoft-Windows-AppXDeployment/Operational", "Provider_Name": "Microsoft-Windows-AppXDeployment", "Computer": "DESKTOP-OFJ6N53", "TimeCreated": "2025-08-26 08:57:58.337835+00:00", "RecordID": "652735", "Level": "4", "UserID": "S-1-5-18", "EventData.PackageFamilyName": "Microsoft.AAD.BrokerPlugin_cw5n1h2txyewy"}
{"EventID": "325", "Channel": "Microsoft-Windows-AppXDeployment/Operational", "Provider_Name": "Microsoft-Windows-AppXDeployment", "Computer": "DESKTOP-OFJ6N53", "TimeCreated": "2025-08-26 09:02:59.935402+00:00", "RecordID": "652736", "Level": "4", "UserID": "S-1-5-18", "EventData.PackageFamilyName": "Microsoft.Windows.ContentDeliveryManager_cw5n1h2txyewy"}
{"EventID": "325", "Channel": "Microsoft-Windows-AppXDeployment/Operational", "Provider_Name": "Microsoft-Windows-AppXDeployment", "Computer": "DESKTOP-OFJ6N53", "TimeCreated": "2025-08-26 09:02:59.947252+00:00", "RecordID": "652737", "Level": "4", "UserID": "S-1-5-18", "EventData.PackageFamilyName": "Microsoft.Windows.ContentDeliveryManager_cw5n1h2txyewy"}
{"EventID": "325", "Channel": "Microsoft-Windows-AppXDeployment/Operational", "Provider_Name": "Microsoft-Windows-AppXDeployment", "Computer": "DESKTOP-OFJ6N53", "TimeCreated": "2025-08-26 09:03:00.860239+00:00", "RecordID": "652738", "Level": "4", "UserID": "S-1-5-18", "EventData.PackageFamilyName": "Microsoft.Windows.ContentDeliveryManager_cw5n1h2txyewy"}
{"EventID": "325", "Channel": "Microsoft-Windows-AppXDeployment/Operational", "Provider_Name": "Microsoft-Windows-AppXDeployment", "Computer": "DESKTOP-OFJ6N53", "TimeCreated": "2025-08-26 09:03:01.161066+00:00", "RecordID": "652739", "Level": "4", "UserID": "S-1-5-18", "EventData.PackageFamilyName": "Microsoft.AAD.BrokerPlugin_cw5n1h2txyewy"}
{"EventID": "325", "Channel": "Microsoft-Windows-AppXDeployment/Operational", "Provider_Name": "Microsoft-Windows-AppXDeployment", "Computer": "DESKTOP-OFJ6N53", "TimeCreated": "2025-08-26 09:03:01.175726+00:00", "RecordID": "652740", "Level": "4", "UserID": "S-1-5-18", "EventData.PackageFamilyName": "Microsoft.AAD.BrokerPlugin_cw5n1h2txyewy"}
{"EventID": "325", "Channel": "Microsoft-Windows-AppXDeployment/Operational", "Provider_Name": "Microsoft-Windows-AppXDeployment", "Computer": "DESKTOP-OFJ6N53", "TimeCreated": "2025-08-26 09:03:01.188990+00:00", "RecordID": "652741", "Level": "4", "UserID": "S-1-5-18", "EventData.PackageFamilyName": "Microsoft.AAD.BrokerPlugin_cw5n1h2txyewy"}
{"EventID": "325", "Channel": "Microsoft-Windows-AppXDeployment/Operational", "Provider_Name": "Microsoft-Windows-AppXDeployment", "Computer": "DESKTOP-OFJ6N53", "TimeCreated": "2025-08-26 09:21:17.331945+00:00", "RecordID": "652742", "Level": "4", "UserID": "S-1-5-18", "EventData.PackageFamilyName": "Microsoft.Windows.Search_cw5n1h2txyewy"}
{"EventID": "325", "Channel": "Microsoft-Windows-AppXDeployment/Operational", "Provider_Name": "Microsoft-Windows-AppXDeployment", "Computer": "DESKTOP-OFJ6N53", "TimeCreated": "2025-08-26 09:21:17.759968+00:00", "RecordID": "652743", "Level": "4", "UserID": "S-1-5-18", "EventData.PackageFamilyName": "Microsoft.Windows.Search_cw5n1h2txyewy"}
{"EventID": "325", "Channel": "Microsoft-Windows-AppXDeployment/Operational", "Provider_Name": "Microsoft-Windows-AppXDeployment", "Computer": "DESKTOP-OFJ6N53", "TimeCreated": "2025-08-26 09:21:20.305412+00:00", "RecordID": "652744", "Level": "4", "UserID": "S-1-5-18", "EventData.PackageFamilyName": "Microsoft.WindowsStore_8wekyb3d8bbwe"}
{"EventID": "325", "Channel": "Microsoft-Windows-AppXDeployment/Operational", "Provider_Name": "Microsoft-Windows-AppXDeployment", "Computer": "DESKTOP-OFJ6N53", "TimeCreated": "2025-08-26 09:33:22.427149+00:00", "RecordID": "652745", "Level": "4", "UserID": "S-1-5-18", "EventData.PackageFamilyName": "Microsoft.AAD.BrokerPlugin_cw5n1h2txyewy"}
{"EventID": "325", "Channel": "Microsoft-Windows-AppXDeployment/Operational", "Provider_Name": "Microsoft-Windows-AppXDeployment", "Computer": "DESKTOP-OFJ6N53", "TimeCreated": "2025-08-26 09:33:22.585106+00:00", "RecordID": "652746", "Level": "4", "UserID": "S-1-5-18", "EventData.PackageFamilyName": "Microsoft.AAD.BrokerPlugin_cw5n1h2txyewy"}
{"EventID": "325", "Channel": "Microsoft-Windows-AppXDeployment/Operational", "Provider_Name": "Microsoft-Windows-AppXDeployment", "Computer": "DESKTOP-OFJ6N53", "TimeCreated": "2025-08-26 09:33:22.597284+00:00", "RecordID": "652747", "Level": "4", "UserID": "S-1-5-18", "EventData.PackageFamilyName": "Microsoft.AAD.BrokerPlugin_cw5n1h2txyewy"}
{"EventID": "325", "Channel": "Microsoft-Windows-AppXDeployment/Operational", "Provider_Name": "Microsoft-Windows-AppXDeployment", "Computer": "DESKTOP-OFJ6N53", "TimeCreated": "2025-08-26 09:52:03.129728+00:00", "RecordID": "652748", "Level": "4", "UserID": "S-1-5-18", "EventData.PackageFamilyName": "Microsoft.StorePurchaseApp_8wekyb3d8bbwe"}
{"EventID": "325", "Channel": "Microsoft-Windows-AppXDeployment/Operational", "Provider_Name": "Microsoft-Windows-AppXDeployment", "Computer": "DESKTOP-OFJ6N53", "TimeCreated": "2025-08-26 09:52:03.236065+00:00", "RecordID": "652749", "Level": "4", "UserID": "S-1-5-18", "EventData.PackageFamilyName": "Microsoft.StorePurchaseApp_8wekyb3d8bbwe"}
{"EventID": "325", "Channel": "Microsoft-Windows-AppXDeployment/Operational", "Provider_Name": "Microsoft-Windows-AppXDeployment", "Computer": "DESKTOP-OFJ6N53", "TimeCreated": "2025-08-26 09:54:51.543852+00:00", "RecordID": "652750", "Level": "4", "UserID": "S-1-5-21-963789628-1060504924-4285088085-1001", "EventData.PackageFamilyName": "Microsoft.YourPhone_8wekyb3d8bbwe"}
{"EventID": "325", "Channel": "Microsoft-Windows-AppXDeployment/Operational", "Provider_Name": "Microsoft-Windows-AppXDeployment", "Computer": "DESKTOP-OFJ6N53", "TimeCreated": "2025-08-26 09:54:52.212690+00:00", "RecordID": "652751", "Level": "4", "UserID": "S-1-5-18", "EventData.PackageFamilyName": "Microsoft.Windows.Search_cw5n1h2txyewy"}
{"EventID": "325", "Channel": "Microsoft-Windows-AppXDeployment/Operational", "Provider_Name": "Microsoft-Windows-AppXDeployment", "Computer": "DESKTOP-OFJ6N53", "TimeCreated": "2025-08-26 09:54:52.590462+00:00", "RecordID": "652752", "Level": "4", "UserID": "S-1-5-18", "EventData.PackageFamilyName": "Microsoft.Windows.Search_cw5n1h2txyewy"}
{"EventID": "325", "Channel": "Microsoft-Windows-AppXDeployment/Operational", "Provider_Name": "Microsoft-Windows-AppXDeployment", "Computer": "DESKTOP-OFJ6N53", "TimeCreated": "2025-08-26 09:55:00.610659+00:00", "RecordID": "652753", "Level": "4", "UserID": "S-1-5-21-963789628-1060504924-4285088085-1001", "EventData.PackageFamilyName": "Microsoft.YourPhone_8wekyb3d8bbwe"}
{"EventID": "325", "Channel": "Microsoft-Windows-AppXDeployment/Operational", "Provider_Name": "Microsoft-Windows-AppXDeployment", "Computer": "DESKTOP-OFJ6N53", "TimeCreated": "2025-08-26 09:55:22.357073+00:00", "RecordID": "652754", "Level": "4", "UserID": "S-1-5-18", "EventData.PackageFamilyName": "Microsoft.Windows.Search_cw5n1h2txyewy"}
{"EventID": "325", "Channel": "Microsoft-Windows-AppXDeployment/Operational", "Provider_Name": "Microsoft-Windows-AppXDeployment", "Computer": "DESKTOP-OFJ6N53", "TimeCreated": "2025-08-26 09:55:22.508764+00:00", "RecordID": "652755", "Level": "4", "UserID": "S-1-5-18", "EventData.PackageFamilyName": "Microsoft.Windows.Search_cw5n1h2txyewy"}
{"EventID": "325", "Channel": "Microsoft-Windows-AppXDeployment/Operational", "Provider_Name": "Microsoft-Windows-AppXDeployment", "Computer": "DESKTOP-OFJ6N53", "TimeCreated": "2025-08-26 09:57:54.011513+00:00", "RecordID": "652756", "Level": "4", "UserID": "S-1-5-21-963789628-1060504924-4285088085-1001", "EventData.PackageFamilyName": "Microsoft.YourPhone_8wekyb3d8bbwe"}
{"EventID": "325", "Channel": "Microsoft-Windows-AppXDeployment/Operational", "Provider_Name": "Microsoft-Windows-AppXDeployment", "Computer": "DESKTOP-OFJ6N53", "TimeCreated": "2025-08-26 09:57:54.193844+00:00", "RecordID": "652757", "Level": "4", "UserID": "S-1-5-18", "EventData.PackageFamilyName": "Microsoft.Windows.Search_cw5n1h2txyewy"}
{"EventID": "325", "Channel": "Microsoft-Windows-AppXDeployment/Operational", "Provider_Name": "Microsoft-Windows-AppXDeployment", "Computer": "DESKTOP-OFJ6N53", "TimeCreated": "2025-08-26 09:57:54.365742+00:00", "RecordID": "652758", "Level": "4", "UserID": "S-1-5-18", "EventData.PackageFamilyName": "Microsoft.Windows.Search_cw5n1h2txyewy"}
{"EventID": "325", "Channel": "Microsoft-Windows-AppXDeployment/Operational", "Provider_Name": "Microsoft-Windows-AppXDeployment", "Computer": "DESKTOP-OFJ6N53", "TimeCreated": "2025-08-26 09:57:59.844414+00:00", "RecordID": "652759", "Level": "4", "UserID": "S-1-5-18", "EventData.PackageFamilyName": "Microsoft.AAD.BrokerPlugin_cw5n1h2txyewy"}
{"EventID": "325", "Channel": "Microsoft-Windows-AppXDeployment/Operational", "Provider_Name": "Microsoft-Windows-AppXDeployment", "Computer": "DESKTOP-OFJ6N53", "TimeCreated": "2025-08-26 09:57:59.867470+00:00", "RecordID": "652760", "Level": "4", "UserID": "S-1-5-18", "EventData.PackageFamilyName": "Microsoft.AAD.BrokerPlugin_cw5n1h2txyewy"}
{"EventID": "325", "Channel": "Microsoft-Windows-AppXDeployment/Operational", "Provider_Name": "Microsoft-Windows-AppXDeployment", "Computer": "DESKTOP-OFJ6N53", "TimeCreated": "2025-08-26 09:57:59.877722+00:00", "RecordID": "652761", "Level": "4", "UserID": "S-1-5-18", "EventData.PackageFamilyName": "Microsoft.AAD.BrokerPlugin_cw5n1h2txyewy"}
{"EventID": "325", "Channel": "Microsoft-Windows-AppXDeployment/Operational", "Provider_Name": "Microsoft-Windows-AppXDeployment", "Computer": "DESKTOP-OFJ6N53", "TimeCreated": "2025-08-26 09:58:31.032892+00:00", "RecordID": "652762", "Level": "4", "UserID": "S-1-5-18", "EventData.PackageFamilyName": "Microsoft.Windows.Search_cw5n1h2txyewy"}
{"EventID": "325", "Channel": "Microsoft-Windows-AppXDeployment/Operational", "Provider_Name": "Microsoft-Windows-AppXDeployment", "Computer": "DESKTOP-OFJ6N53", "TimeCreated": "2025-08-26 09:58:31.863274+00:00", "RecordID": "652763", "Level": "4", "UserID": "S-1-5-18", "EventData.PackageFamilyName": "Microsoft.Windows.Search_cw5n1h2txyewy"}
{"EventID": "325", "Channel": "Microsoft-Windows-AppXDeployment/Operational", "Provider_Name": "Microsoft-Windows-AppXDeployment", "Computer": "DESKTOP-OFJ6N53", "TimeCreated": "2025-08-26 09:58:33.352139+00:00", "RecordID": "652764", "Level": "4", "UserID": "S-1-5-21-963789628-1060504924-4285088085-1001", "EventData.PackageFamilyName": "Microsoft.YourPhone_8wekyb3d8bbwe"}
{"EventID": "325", "Channel": "Microsoft-Windows-AppXDeployment/Operational", "Provider_Name": "Microsoft-Windows-AppXDeployment", "Computer": "DESKTOP-OFJ6N53", "TimeCreated": "2025-08-26 10:01:08.502115+00:00", "RecordID": "652765", "Level": "4", "UserID": "S-1-5-21-963789628-1060504924-4285088085-1001", "EventData.PackageFamilyName": "Microsoft.YourPhone_8wekyb3d8bbwe"}
{"EventID": "325", "Channel": "Microsoft-Windows-AppXDeployment/Operational", "Provider_Name": "Microsoft-Windows-AppXDeployment", "Computer": "DESKTOP-OFJ6N53", "TimeCreated": "2025-08-26 10:01:08.806747+00:00", "RecordID": "652766", "Level": "4", "UserID": "S-1-5-18", "EventData.PackageFamilyName": "Microsoft.Windows.Search_cw5n1h2txyewy"}
{"EventID": "325", "Channel": "Microsoft-Windows-AppXDeployment/Operational", "Provider_Name": "Microsoft-Windows-AppXDeployment", "Computer": "DESKTOP-OFJ6N53", "TimeCreated": "2025-08-26 10:01:09.240911+00:00", "RecordID": "652767", "Level": "4", "UserID": "S-1-5-18", "EventData.PackageFamilyName": "Microsoft.Windows.Search_cw5n1h2txyewy"}
{"EventID": "325", "Channel": "Microsoft-Windows-AppXDeployment/Operational", "Provider_Name": "Microsoft-Windows-AppXDeployment", "Computer": "DESKTOP-OFJ6N53", "TimeCreated": "2025-08-26 10:05:03.568361+00:00", "RecordID": "652768", "Level": "4", "UserID": "S-1-5-18", "EventData.PackageFamilyName": "Microsoft.Windows.ContentDeliveryManager_cw5n1h2txyewy"}
{"EventID": "325", "Channel": "Microsoft-Windows-AppXDeployment/Operational", "Provider_Name": "Microsoft-Windows-AppXDeployment", "Computer": "DESKTOP-OFJ6N53", "TimeCreated": "2025-08-26 10:05:03.579256+00:00", "RecordID": "652769", "Level": "4", "UserID": "S-1-5-18", "EventData.PackageFamilyName": "Microsoft.Windows.ContentDeliveryManager_cw5n1h2txyewy"}
{"EventID": "325", "Channel": "Microsoft-Windows-AppXDeployment/Operational", "Provider_Name": "Microsoft-Windows-AppXDeployment", "Computer": "DESKTOP-OFJ6N53", "TimeCreated": "2025-08-26 10:05:04.251694+00:00", "RecordID": "652770", "Level": "4", "UserID": "S-1-5-18", "EventData.PackageFamilyName": "Microsoft.Windows.ContentDeliveryManager_cw5n1h2txyewy"}
{"EventID": "325", "Channel": "Microsoft-Windows-AppXDeployment/Operational", "Provider_Name": "Microsoft-Windows-AppXDeployment", "Computer": "DESKTOP-OFJ6N53", "TimeCreated": "2025-08-26 10:05:04.544943+00:00", "RecordID": "652771", "Level": "4", "UserID": "S-1-5-18", "EventData.PackageFamilyName": "Microsoft.AAD.BrokerPlugin_cw5n1h2txyewy"}
{"EventID": "325", "Channel": "Microsoft-Windows-AppXDeployment/Operational", "Provider_Name": "Microsoft-Windows-AppXDeployment", "Computer": "DESKTOP-OFJ6N53", "TimeCreated": "2025-08-26 10:05:04.634268+00:00", "RecordID": "652772", "Level": "4", "UserID": "S-1-5-18", "EventData.PackageFamilyName": "Microsoft.AAD.BrokerPlugin_cw5n1h2txyewy"}
{"EventID": "325", "Channel": "Microsoft-Windows-AppXDeployment/Operational", "Provider_Name": "Microsoft-Windows-AppXDeployment", "Computer": "DESKTOP-OFJ6N53", "TimeCreated": "2025-08-26 10:05:04.701151+00:00", "RecordID": "652773", "Level": "4", "UserID": "S-1-5-18", "EventData.PackageFamilyName": "Microsoft.AAD.BrokerPlugin_cw5n1h2txyewy"}
