{"EventID": "100", "Channel": "Microsoft-Windows-Diagnosis-DPS/Operational", "Provider_Name": "Microsoft-Windows-Diagnosis-DPS", "Computer": "DESKTOP-OFJ6N53", "TimeCreated": "2024-02-09 11:15:56.716846+00:00", "RecordID": "2162", "Level": "4", "UserID": "S-1-5-19", "EventData.ScenarioId": "{180b3a99-8c39-4f12-b631-2031998efe45}", "EventData.InstanceId": "{69c64977-8ce0-4951-8ac0-cb2ebe96c39e}", "EventData.OriginalActivityId": "{00000000-0000-0000-0000-000000000000}", "EventData.DiagnosticModuleImageName": "%windir%\\system32\\radardt.dll", "EventData.DiagnosticModuleId": "{45de1ea9-10bc-4f96-9b21-4b6b83dbf476}"}
{"EventID": "105", "Channel": "Microsoft-Windows-Diagnosis-DPS/Operational", "Provider_Name": "Microsoft-Windows-Diagnosis-DPS", "Computer": "DESKTOP-OFJ6N53", "TimeCreated": "2024-02-09 11:15:56.716854+00:00", "RecordID": "2163", "Level": "4", "UserID": "S-1-5-19", "EventData.ScenarioId": "{180b3a99-8c39-4f12-b631-2031998efe45}", "EventData.InstanceId": "{69c64977-8ce0-4951-8ac0-cb2ebe96c39e}", "EventData.OriginalActivityId": "{00000000-0000-0000-0000-000000000000}", "EventData.DiagnosticModuleImageName": "%windir%\\system32\\radardt.dll", "EventData.DiagnosticModuleId": "{45de1ea9-10bc-4f96-9b21-4b6b83dbf476}"}
{"EventID": "100", "Channel": "Microsoft-Windows-Diagnosis-DPS/Operational", "Provider_Name": "Microsoft-Windows-Diagnosis-DPS", "Computer": "DESKTOP-OFJ6N53", "TimeCreated": "2024-02-09 11:20:56.733387+00:00", "RecordID": "2164", "Level": "4", "UserID": "S-1-5-19", "EventData.ScenarioId": "{180b3a99-8c39-4f12-b631-2031998efe45}", "EventData.InstanceId": "{713246b5-1231-46bd-a57b-37d3735a69ac}", "EventData.OriginalActivityId": "{00000000-0000-0000-0000-000000000000}", "EventData.DiagnosticModuleImageName": "%windir%\\system32\\radardt.dll", "EventData.DiagnosticModuleId": "{45de1ea9-10bc-4f96-9b21-4b6b83dbf476}"}
{"EventID": "105", "Channel": "Microsoft-Windows-Diagnosis-DPS/Operational", "Provider_Name": "Microsoft-Windows-Diagnosis-DPS", "Computer": "DESKTOP-OFJ6N53", "TimeCreated": "2024-02-09 11:20:56.733391+00:00", "RecordID": "2165", "Level": "4", "UserID": "S-1-5-19", "EventData.ScenarioId": "{180b3a99-8c39-4f12-b631-2031998efe45}", "EventData.InstanceId": "{713246b5-1231-46bd-a57b-37d3735a69ac}", "EventData.OriginalActivityId": "{00000000-0000-0000-0000-000000000000}", "EventData.DiagnosticModuleImageName": "%windir%\\system32\\radardt.dll", "EventData.DiagnosticModuleId": "{45de1ea9-10bc-4f96-9b21-4b6b83dbf476}"}
{"EventID": "100", "Channel": "Microsoft-Windows-Diagnosis-DPS/Operational", "Provider_Name": "Microsoft-Windows-Diagnosis-DPS", "Computer": "DESKTOP-OFJ6N53", "TimeCreated": "2024-02-09 11:25:56.751642+00:00", "RecordID": "2166", "Level": "4", "UserID": "S-1-5-19", "EventData.ScenarioId": "{180b3a99-8c39-4f12-b631-2031998efe45}", "EventData.InstanceId": "{2f83ee68-25ec-4ecf-a2c2-5c2dc7e1b605}", "EventData.OriginalActivityId": "{00000000-0000-0000-0000-000000000000}", "EventData.DiagnosticModuleImageName": "%windir%\\system32\\radardt.dll", "EventData.DiagnosticModuleId": "{45de1ea9-10bc-4f96-9b21-4b6b83dbf476}"}
{"EventID": "105", "Channel": "Microsoft-Windows-Diagnosis-DPS/Operational", "Provider_Name": "Microsoft-Windows-Diagnosis-DPS", "Computer": "DESKTOP-OFJ6N53", "TimeCreated": "2024-02-09 11:25:56.751648+00:00", "RecordID": "2167", "Level": "4", "UserID": "S-1-5-19", "EventData.ScenarioId": "{180b3a99-8c39-4f12-b631-2031998efe45}", "EventData.InstanceId": "{2f83ee68-25ec-4ecf-a2c2-5c2dc7e1b605}", "EventData.OriginalActivityId": "{00000000-0000-0000-0000-000000000000}", "EventData.DiagnosticModuleImageName": "%windir%\\system32\\radardt.dll", "EventData.DiagnosticModuleId": "{45de1ea9-10bc-4f96-9b21-4b6b83dbf476}"}
{"EventID": "100", "Channel": "Microsoft-Windows-Diagnosis-DPS/Operational", "Provider_Name": "Microsoft-Windows-Diagnosis-DPS", "Computer": "DESKTOP-OFJ6N53", "TimeCreated": "2024-02-09 11:30:56.760387+00:00", "RecordID": "2168", "Level": "4", "UserID": "S-1-5-19", "EventData.ScenarioId": "{180b3a99-8c39-4f12-b631-2031998efe45}", "EventData.InstanceId": "{c9c21fc7-1246-4107-bba6-a5a0ef0fa352}", "EventData.OriginalActivityId": "{00000000-0000-0000-0000-000000000000}", "EventData.DiagnosticModuleImageName": "%windir%\\system32\\radardt.dll", "EventData.DiagnosticModuleId": "{45de1ea9-10bc-4f96-9b21-4b6b83dbf476}"}
{"EventID": "105", "Channel": "Microsoft-Windows-Diagnosis-DPS/Operational", "Provider_Name": "Microsoft-Windows-Diagnosis-DPS", "Computer": "DESKTOP-OFJ6N53", "TimeCreated": "2024-02-09 11:30:56.760389+00:00", "RecordID": "2169", "Level": "4", "UserID": "S-1-5-19", "EventData.ScenarioId": "{180b3a99-8c39-4f12-b631-2031998efe45}", "EventData.InstanceId": "{c9c21fc7-1246-4107-bba6-a5a0ef0fa352}", "EventData.OriginalActivityId": "{00000000-0000-0000-0000-000000000000}", "EventData.DiagnosticModuleImageName": "%windir%\\system32\\radardt.dll", "EventData.DiagnosticModuleId": "{45de1ea9-10bc-4f96-9b21-4b6b83dbf476}"}
{"EventID": "100", "Channel": "Microsoft-Windows-Diagnosis-DPS/Operational", "Provider_Name": "Microsoft-Windows-Diagnosis-DPS", "Computer": "DESKTOP-OFJ6N53", "TimeCreated": "2024-02-09 11:35:56.775009+00:00", "RecordID": "2170", "Level": "4", "UserID": "S-1-5-19", "EventData.ScenarioId": "{180b3a99-8c39-4f12-b631-2031998efe45}", "EventData.InstanceId": "{fcdf2788-dcd6-459c-b19d-97f804131328}", "EventData.OriginalActivityId": "{00000000-0000-0000-0000-000000000000}", "EventData.DiagnosticModuleImageName": "%windir%\\system32\\radardt.dll", "EventData.DiagnosticModuleId": "{45de1ea9-10bc-4f96-9b21-4b6b83dbf476}"}
{"EventID": "105", "Channel": "Microsoft-Windows-Diagnosis-DPS/Operational", "Provider_Name": "Microsoft-Windows-Diagnosis-DPS", "Computer": "DESKTOP-OFJ6N53", "TimeCreated": "2024-02-09 11:35:56.775013+00:00", "RecordID": "2171", "Level": "4", "UserID": "S-1-5-19", "EventData.ScenarioId": "{180b3a99-8c39-4f12-b631-2031998efe45}", "EventData.InstanceId": "{fcdf2788-dcd6-459c-b19d-97f804131328}", "EventData.OriginalActivityId": "{00000000-0000-0000-0000-000000000000}", "EventData.DiagnosticModuleImageName": "%windir%\\system32\\radardt.dll", "EventData.DiagnosticModuleId": "{45de1ea9-10bc-4f96-9b21-4b6b83dbf476}"}
{"EventID": "100", "Channel": "Microsoft-Windows-Diagnosis-DPS/Operational", "Provider_Name": "Microsoft-Windows-Diagnosis-DPS", "Computer": "DESKTOP-OFJ6N53", "TimeCreated": "2024-02-09 11:40:56.789728+00:00", "RecordID": "2172", "Level": "4", "UserID": "S-1-5-19", "EventData.ScenarioId": "{180b3a99-8c39-4f12-b631-2031998efe45}", "EventData.InstanceId": "{34990217-0471-49d0-ade4-3efb6a69577c}", "EventData.OriginalActivityId": "{00000000-0000-0000-0000-000000000000}", "EventData.DiagnosticModuleImageName": "%windir%\\system32\\radardt.dll", "EventData.DiagnosticModuleId": "{45de1ea9-10bc-4f96-9b21-4b6b83dbf476}"}
{"EventID": "105", "Channel": "Microsoft-Windows-Diagnosis-DPS/Operational", "Provider_Name": "Microsoft-Windows-Diagnosis-DPS", "Computer": "DESKTOP-OFJ6N53", "TimeCreated": "2024-02-09 11:40:56.789738+00:00", "RecordID": "2173", "Level": "4", "UserID": "S-1-5-19", "EventData.ScenarioId": "{180b3a99-8c39-4f12-b631-2031998efe45}", "EventData.InstanceId": "{34990217-0471-49d0-ade4-3efb6a69577c}", "EventData.OriginalActivityId": "{00000000-0000-0000-0000-000000000000}", "EventData.DiagnosticModuleImageName": "%windir%\\system32\\radardt.dll", "EventData.DiagnosticModuleId": "{45de1ea9-10bc-4f96-9b21-4b6b83dbf476}"}
{"EventID": "100", "Channel": "Microsoft-Windows-Diagnosis-DPS/Operational", "Provider_Name": "Microsoft-Windows-Diagnosis-DPS", "Computer": "DESKTOP-OFJ6N53", "TimeCreated": "2024-02-09 11:45:56.808928+00:00", "RecordID": "2174", "Level": "4", "UserID": "S-1-5-19", "EventData.ScenarioId": "{180b3a99-8c39-4f12-b631-2031998efe45}", "EventData.InstanceId": "{84349308-9176-4d6f-8faf-3bbec7e83776}", "EventData.OriginalActivityId": "{00000000-0000-0000-0000-000000000000}", "EventData.DiagnosticModuleImageName": "%windir%\\system32\\radardt.dll", "EventData.DiagnosticModuleId": "{45de1ea9-10bc-4f96-9b21-4b6b83dbf476}"}
{"EventID": "105", "Channel": "Microsoft-Windows-Diagnosis-DPS/Operational", "Provider_Name": "Microsoft-Windows-Diagnosis-DPS", "Computer": "DESKTOP-OFJ6N53", "TimeCreated": "2024-02-09 11:45:56.808941+00:00", "RecordID": "2175", "Level": "4", "UserID": "S-1-5-19", "EventData.ScenarioId": "{180b3a99-8c39-4f12-b631-2031998efe45}", "EventData.InstanceId": "{84349308-9176-4d6f-8faf-3bbec7e83776}", "EventData.OriginalActivityId": "{00000000-0000-0000-0000-000000000000}", "EventData.DiagnosticModuleImageName": "%windir%\\system32\\radardt.dll", "EventData.DiagnosticModuleId": "{45de1ea9-10bc-4f96-9b21-4b6b83dbf476}"}
{"EventID": "100", "Channel": "Microsoft-Windows-Diagnosis-DPS/Operational", "Provider_Name": "Microsoft-Windows-Diagnosis-DPS", "Computer": "DESKTOP-OFJ6N53", "TimeCreated": "2024-02-09 11:50:56.813854+00:00", "RecordID": "2176", "Level": "4", "UserID": "S-1-5-19", "EventData.ScenarioId": "{180b3a99-8c39-4f12-b631-2031998efe45}", "EventData.InstanceId": "{b7fd8da7-2ba5-49af-bebe-b4e8751ab2d5}", "EventData.OriginalActivityId": "{00000000-0000-0000-0000-000000000000}", "EventData.DiagnosticModuleImageName": "%windir%\\system32\\radardt.dll", "EventData.DiagnosticModuleId": "{45de1ea9-10bc-4f96-9b21-4b6b83dbf476}"}
{"EventID": "105", "Channel": "Microsoft-Windows-Diagnosis-DPS/Operational", "Provider_Name": "Microsoft-Windows-Diagnosis-DPS", "Computer": "DESKTOP-OFJ6N53", "TimeCreated": "2024-02-09 11:50:56.813856+00:00", "RecordID": "2177", "Level": "4", "UserID": "S-1-5-19", "EventData.ScenarioId": "{180b3a99-8c39-4f12-b631-2031998efe45}", "EventData.InstanceId": "{b7fd8da7-2ba5-49af-bebe-b4e8751ab2d5}", "EventData.OriginalActivityId": "{00000000-0000-0000-0000-000000000000}", "EventData.DiagnosticModuleImageName": "%windir%\\system32\\radardt.dll", "EventData.DiagnosticModuleId": "{45de1ea9-10bc-4f96-9b21-4b6b83dbf476}"}
{"EventID": "100", "Channel": "Microsoft-Windows-Diagnosis-DPS/Operational", "Provider_Name": "Microsoft-Windows-Diagnosis-DPS", "Computer": "DESKTOP-OFJ6N53", "TimeCreated": "2024-02-09 11:55:56.829880+00:00", "RecordID": "2178", "Level": "4", "UserID": "S-1-5-19", "EventData.ScenarioId": "{180b3a99-8c39-4f12-b631-2031998efe45}", "EventData.InstanceId": "{6bf5bdb5-957f-4476-9a8e-d3e94ae98577}", "EventData.OriginalActivityId": "{00000000-0000-0000-0000-000000000000}", "EventData.DiagnosticModuleImageName": "%windir%\\system32\\radardt.dll", "EventData.DiagnosticModuleId": "{45de1ea9-10bc-4f96-9b21-4b6b83dbf476}"}
{"EventID": "105", "Channel": "Microsoft-Windows-Diagnosis-DPS/Operational", "Provider_Name": "Microsoft-Windows-Diagnosis-DPS", "Computer": "DESKTOP-OFJ6N53", "TimeCreated": "2024-02-09 11:55:56.829884+00:00", "RecordID": "2179", "Level": "4", "UserID": "S-1-5-19", "EventData.ScenarioId": "{180b3a99-8c39-4f12-b631-2031998efe45}", "EventData.InstanceId": "{6bf5bdb5-957f-4476-9a8e-d3e94ae98577}", "EventData.OriginalActivityId": "{00000000-0000-0000-0000-000000000000}", "EventData.DiagnosticModuleImageName": "%windir%\\system32\\radardt.dll", "EventData.DiagnosticModuleId": "{45de1ea9-10bc-4f96-9b21-4b6b83dbf476}"}
{"EventID": "100", "Channel": "Microsoft-Windows-Diagnosis-DPS/Operational", "Provider_Name": "Microsoft-Windows-Diagnosis-DPS", "Computer": "DESKTOP-OFJ6N53", "TimeCreated": "2024-02-09 12:00:56.839506+00:00", "RecordID": "2180", "Level": "4", "UserID": "S-1-5-19", "EventData.ScenarioId": "{180b3a99-8c39-4f12-b631-2031998efe45}", "EventData.InstanceId": "{a8ee8eba-2a38-430f-966a-df22b6daa2b7}", "EventData.OriginalActivityId": "{00000000-0000-0000-0000-000000000000}", "EventData.DiagnosticModuleImageName": "%windir%\\system32\\radardt.dll", "EventData.DiagnosticModuleId": "{45de1ea9-10bc-4f96-9b21-4b6b83dbf476}"}
{"EventID": "105", "Channel": "Microsoft-Windows-Diagnosis-DPS/Operational", "Provider_Name": "Microsoft-Windows-Diagnosis-DPS", "Computer": "DESKTOP-OFJ6N53", "TimeCreated": "2024-02-09 12:00:56.839512+00:00", "RecordID": "2181", "Level": "4", "UserID": "S-1-5-19", "EventData.ScenarioId": "{180b3a99-8c39-4f12-b631-2031998efe45}", "EventData.InstanceId": "{a8ee8eba-2a38-430f-966a-df22b6daa2b7}", "EventData.OriginalActivityId": "{00000000-0000-0000-0000-000000000000}", "EventData.DiagnosticModuleImageName": "%windir%\\system32\\radardt.dll", "EventData.DiagnosticModuleId": "{45de1ea9-10bc-4f96-9b21-4b6b83dbf476}"}
{"EventID": "100", "Channel": "Microsoft-Windows-Diagnosis-DPS/Operational", "Provider_Name": "Microsoft-Windows-Diagnosis-DPS", "Computer": "DESKTOP-OFJ6N53", "TimeCreated": "2024-02-09 12:05:56.852362+00:00", "RecordID": "2182", "Level": "4", "UserID": "S-1-5-19", "EventData.ScenarioId": "{180b3a99-8c39-4f12-b631-2031998efe45}", "EventData.InstanceId": "{412b983a-20cb-4879-9a9a-33a771c251c2}", "EventData.OriginalActivityId": "{00000000-0000-0000-0000-000000000000}", "EventData.DiagnosticModuleImageName": "%windir%\\system32\\radardt.dll", "EventData.DiagnosticModuleId": "{45de1ea9-10bc-4f96-9b21-4b6b83dbf476}"}
{"EventID": "105", "Channel": "Microsoft-Windows-Diagnosis-DPS/Operational", "Provider_Name": "Microsoft-Windows-Diagnosis-DPS", "Computer": "DESKTOP-OFJ6N53", "TimeCreated": "2024-02-09 12:05:56.852367+00:00", "RecordID": "2183", "Level": "4", "UserID": "S-1-5-19", "EventData.ScenarioId": "{180b3a99-8c39-4f12-b631-2031998efe45}", "EventData.InstanceId": "{412b983a-20cb-4879-9a9a-33a771c251c2}", "EventData.OriginalActivityId": "{00000000-0000-0000-0000-000000000000}", "EventData.DiagnosticModuleImageName": "%windir%\\system32\\radardt.dll", "EventData.DiagnosticModuleId": "{45de1ea9-10bc-4f96-9b21-4b6b83dbf476}"}
{"EventID": "100", "Channel": "Microsoft-Windows-Diagnosis-DPS/Operational", "Provider_Name": "Microsoft-Windows-Diagnosis-DPS", "Computer": "DESKTOP-OFJ6N53", "TimeCreated": "2024-02-09 12:10:56.874603+00:00", "RecordID": "2184", "Level": "4", "UserID": "S-1-5-19", "EventData.ScenarioId": "{180b3a99-8c39-4f12-b631-2031998efe45}", "EventData.InstanceId": "{472b2553-ee3f-4ea8-92a6-c3757f5718da}", "EventData.OriginalActivityId": "{00000000-0000-0000-0000-000000000000}", "EventData.DiagnosticModuleImageName": "%windir%\\system32\\radardt.dll", "EventData.DiagnosticModuleId": "{45de1ea9-10bc-4f96-9b21-4b6b83dbf476}"}
{"EventID": "105", "Channel": "Microsoft-Windows-Diagnosis-DPS/Operational", "Provider_Name": "Microsoft-Windows-Diagnosis-DPS", "Computer": "DESKTOP-OFJ6N53", "TimeCreated": "2024-02-09 12:10:56.874605+00:00", "RecordID": "2185", "Level": "4", "UserID": "S-1-5-19", "EventData.ScenarioId": "{180b3a99-8c39-4f12-b631-2031998efe45}", "EventData.InstanceId": "{472b2553-ee3f-4ea8-92a6-c3757f5718da}", "EventData.OriginalActivityId": "{00000000-0000-0000-0000-000000000000}", "EventData.DiagnosticModuleImageName": "%windir%\\system32\\radardt.dll", "EventData.DiagnosticModuleId": "{45de1ea9-10bc-4f96-9b21-4b6b83dbf476}"}
{"EventID": "100", "Channel": "Microsoft-Windows-Diagnosis-DPS/Operational", "Provider_Name": "Microsoft-Windows-Diagnosis-DPS", "Computer": "DESKTOP-OFJ6N53", "TimeCreated": "2024-02-09 12:15:56.892460+00:00", "RecordID": "2186", "Level": "4", "UserID": "S-1-5-19", "EventData.ScenarioId": "{180b3a99-8c39-4f12-b631-2031998efe45}", "EventData.InstanceId": "{91751414-2824-4c6a-b810-b48cfc339cc2}", "EventData.OriginalActivityId": "{00000000-0000-0000-0000-000000000000}", "EventData.DiagnosticModuleImageName": "%windir%\\system32\\radardt.dll", "EventData.DiagnosticModuleId": "{45de1ea9-10bc-4f96-9b21-4b6b83dbf476}"}
{"EventID": "105", "Channel": "Microsoft-Windows-Diagnosis-DPS/Operational", "Provider_Name": "Microsoft-Windows-Diagnosis-DPS", "Computer": "DESKTOP-OFJ6N53", "TimeCreated": "2024-02-09 12:15:56.892466+00:00", "RecordID": "2187", "Level": "4", "UserID": "S-1-5-19", "EventData.ScenarioId": "{180b3a99-8c39-4f12-b631-2031998efe45}", "EventData.InstanceId": "{91751414-2824-4c6a-b810-b48cfc339cc2}", "EventData.OriginalActivityId": "{00000000-0000-0000-0000-000000000000}", "EventData.DiagnosticModuleImageName": "%windir%\\system32\\radardt.dll", "EventData.DiagnosticModuleId": "{45de1ea9-10bc-4f96-9b21-4b6b83dbf476}"}
{"EventID": "100", "Channel": "Microsoft-Windows-Diagnosis-DPS/Operational", "Provider_Name": "Microsoft-Windows-Diagnosis-DPS", "Computer": "DESKTOP-OFJ6N53", "TimeCreated": "2024-02-09 12:20:56.894115+00:00", "RecordID": "2188", "Level": "4", "UserID": "S-1-5-19", "EventData.ScenarioId": "{180b3a99-8c39-4f12-b631-2031998efe45}", "EventData.InstanceId": "{38f819f5-1efd-4911-a65f-b7fd2d64e98e}", "EventData.OriginalActivityId": "{00000000-0000-0000-0000-000000000000}", "EventData.DiagnosticModuleImageName": "%windir%\\system32\\radardt.dll", "EventData.DiagnosticModuleId": "{45de1ea9-10bc-4f96-9b21-4b6b83dbf476}"}
{"EventID": "105", "Channel": "Microsoft-Windows-Diagnosis-DPS/Operational", "Provider_Name": "Microsoft-Windows-Diagnosis-DPS", "Computer": "DESKTOP-OFJ6N53", "TimeCreated": "2024-02-09 12:20:56.894117+00:00", "RecordID": "2189", "Level": "4", "UserID": "S-1-5-19", "EventData.ScenarioId": "{180b3a99-8c39-4f12-b631-2031998efe45}", "EventData.InstanceId": "{38f819f5-1efd-4911-a65f-b7fd2d64e98e}", "EventData.OriginalActivityId": "{00000000-0000-0000-0000-000000000000}", "EventData.DiagnosticModuleImageName": "%windir%\\system32\\radardt.dll", "EventData.DiagnosticModuleId": "{45de1ea9-10bc-4f96-9b21-4b6b83dbf476}"}
{"EventID": "100", "Channel": "Microsoft-Windows-Diagnosis-DPS/Operational", "Provider_Name": "Microsoft-Windows-Diagnosis-DPS", "Computer": "DESKTOP-OFJ6N53", "TimeCreated": "2024-02-09 12:25:56.911903+00:00", "RecordID": "2190", "Level": "4", "UserID": "S-1-5-19", "EventData.ScenarioId": "{180b3a99-8c39-4f12-b631-2031998efe45}", "EventData.InstanceId": "{790ece50-0e30-4997-a4a8-38114a0fe614}", "EventData.OriginalActivityId": "{00000000-0000-0000-0000-000000000000}", "EventData.DiagnosticModuleImageName": "%windir%\\system32\\radardt.dll", "EventData.DiagnosticModuleId": "{45de1ea9-10bc-4f96-9b21-4b6b83dbf476}"}
{"EventID": "105", "Channel": "Microsoft-Windows-Diagnosis-DPS/Operational", "Provider_Name": "Microsoft-Windows-Diagnosis-DPS", "Computer": "DESKTOP-OFJ6N53", "TimeCreated": "2024-02-09 12:25:56.911909+00:00", "RecordID": "2191", "Level": "4", "UserID": "S-1-5-19", "EventData.ScenarioId": "{180b3a99-8c39-4f12-b631-2031998efe45}", "EventData.InstanceId": "{790ece50-0e30-4997-a4a8-38114a0fe614}", "EventData.OriginalActivityId": "{00000000-0000-0000-0000-000000000000}", "EventData.DiagnosticModuleImageName": "%windir%\\system32\\radardt.dll", "EventData.DiagnosticModuleId": "{45de1ea9-10bc-4f96-9b21-4b6b83dbf476}"}
{"EventID": "100", "Channel": "Microsoft-Windows-Diagnosis-DPS/Operational", "Provider_Name": "Microsoft-Windows-Diagnosis-DPS", "Computer": "DESKTOP-OFJ6N53", "TimeCreated": "2024-02-09 12:30:56.925224+00:00", "RecordID": "2192", "Level": "4", "UserID": "S-1-5-19", "EventData.ScenarioId": "{180b3a99-8c39-4f12-b631-2031998efe45}", "EventData.InstanceId": "{46fb3f56-5c2b-4034-8ba9-429af37daa7e}", "EventData.OriginalActivityId": "{00000000-0000-0000-0000-000000000000}", "EventData.DiagnosticModuleImageName": "%windir%\\system32\\radardt.dll", "EventData.DiagnosticModuleId": "{45de1ea9-10bc-4f96-9b21-4b6b83dbf476}"}
{"EventID": "105", "Channel": "Microsoft-Windows-Diagnosis-DPS/Operational", "Provider_Name": "Microsoft-Windows-Diagnosis-DPS", "Computer": "DESKTOP-OFJ6N53", "TimeCreated": "2024-02-09 12:30:56.925236+00:00", "RecordID": "2193", "Level": "4", "UserID": "S-1-5-19", "EventData.ScenarioId": "{180b3a99-8c39-4f12-b631-2031998efe45}", "EventData.InstanceId": "{46fb3f56-5c2b-4034-8ba9-429af37daa7e}", "EventData.OriginalActivityId": "{00000000-0000-0000-0000-000000000000}", "EventData.DiagnosticModuleImageName": "%windir%\\system32\\radardt.dll", "EventData.DiagnosticModuleId": "{45de1ea9-10bc-4f96-9b21-4b6b83dbf476}"}
{"EventID": "100", "Channel": "Microsoft-Windows-Diagnosis-DPS/Operational", "Provider_Name": "Microsoft-Windows-Diagnosis-DPS", "Computer": "DESKTOP-OFJ6N53", "TimeCreated": "2024-02-09 12:35:56.942356+00:00", "RecordID": "2194", "Level": "4", "UserID": "S-1-5-19", "EventData.ScenarioId": "{180b3a99-8c39-4f12-b631-2031998efe45}", "EventData.InstanceId": "{8f1faa54-da01-4866-8a57-91faa7b78aa5}", "EventData.OriginalActivityId": "{00000000-0000-0000-0000-000000000000}", "EventData.DiagnosticModuleImageName": "%windir%\\system32\\radardt.dll", "EventData.DiagnosticModuleId": "{45de1ea9-10bc-4f96-9b21-4b6b83dbf476}"}
{"EventID": "105", "Channel": "Microsoft-Windows-Diagnosis-DPS/Operational", "Provider_Name": "Microsoft-Windows-Diagnosis-DPS", "Computer": "DESKTOP-OFJ6N53", "TimeCreated": "2024-02-09 12:35:56.942362+00:00", "RecordID": "2195", "Level": "4", "UserID": "S-1-5-19", "EventData.ScenarioId": "{180b3a99-8c39-4f12-b631-2031998efe45}", "EventData.InstanceId": "{8f1faa54-da01-4866-8a57-91faa7b78aa5}", "EventData.OriginalActivityId": "{00000000-0000-0000-0000-000000000000}", "EventData.DiagnosticModuleImageName": "%windir%\\system32\\radardt.dll", "EventData.DiagnosticModuleId": "{45de1ea9-10bc-4f96-9b21-4b6b83dbf476}"}
{"EventID": "100", "Channel": "Microsoft-Windows-Diagnosis-DPS/Operational", "Provider_Name": "Microsoft-Windows-Diagnosis-DPS", "Computer": "DESKTOP-OFJ6N53", "TimeCreated": "2024-02-09 12:40:56.955528+00:00", "RecordID": "2196", "Level": "4", "UserID": "S-1-5-19", "EventData.ScenarioId": "{180b3a99-8c39-4f12-b631-2031998efe45}", "EventData.InstanceId": "{e5d234df-6344-4a73-9664-dafd2d34dd12}", "EventData.OriginalActivityId": "{00000000-0000-0000-0000-000000000000}", "EventData.DiagnosticModuleImageName": "%windir%\\system32\\radardt.dll", "EventData.DiagnosticModuleId": "{45de1ea9-10bc-4f96-9b21-4b6b83dbf476}"}
{"EventID": "105", "Channel": "Microsoft-Windows-Diagnosis-DPS/Operational", "Provider_Name": "Microsoft-Windows-Diagnosis-DPS", "Computer": "DESKTOP-OFJ6N53", "TimeCreated": "2024-02-09 12:40:56.955534+00:00", "RecordID": "2197", "Level": "4", "UserID": "S-1-5-19", "EventData.ScenarioId": "{180b3a99-8c39-4f12-b631-2031998efe45}", "EventData.InstanceId": "{e5d234df-6344-4a73-9664-dafd2d34dd12}", "EventData.OriginalActivityId": "{00000000-0000-0000-0000-000000000000}", "EventData.DiagnosticModuleImageName": "%windir%\\system32\\radardt.dll", "EventData.DiagnosticModuleId": "{45de1ea9-10bc-4f96-9b21-4b6b83dbf476}"}
{"EventID": "100", "Channel": "Microsoft-Windows-Diagnosis-DPS/Operational", "Provider_Name": "Microsoft-Windows-Diagnosis-DPS", "Computer": "DESKTOP-OFJ6N53", "TimeCreated": "2024-02-09 12:45:56.969950+00:00", "RecordID": "2198", "Level": "4", "UserID": "S-1-5-19", "EventData.ScenarioId": "{180b3a99-8c39-4f12-b631-2031998efe45}", "EventData.InstanceId": "{4e7e769d-8a06-46c3-8f0c-bd8dc7545b21}", "EventData.OriginalActivityId": "{00000000-0000-0000-0000-000000000000}", "EventData.DiagnosticModuleImageName": "%windir%\\system32\\radardt.dll", "EventData.DiagnosticModuleId": "{45de1ea9-10bc-4f96-9b21-4b6b83dbf476}"}
{"EventID": "105", "Channel": "Microsoft-Windows-Diagnosis-DPS/Operational", "Provider_Name": "Microsoft-Windows-Diagnosis-DPS", "Computer": "DESKTOP-OFJ6N53", "TimeCreated": "2024-02-09 12:45:56.969954+00:00", "RecordID": "2199", "Level": "4", "UserID": "S-1-5-19", "EventData.ScenarioId": "{180b3a99-8c39-4f12-b631-2031998efe45}", "EventData.InstanceId": "{4e7e769d-8a06-46c3-8f0c-bd8dc7545b21}", "EventData.OriginalActivityId": "{00000000-0000-0000-0000-000000000000}", "EventData.DiagnosticModuleImageName": "%windir%\\system32\\radardt.dll", "EventData.DiagnosticModuleId": "{45de1ea9-10bc-4f96-9b21-4b6b83dbf476}"}
{"EventID": "100", "Channel": "Microsoft-Windows-Diagnosis-DPS/Operational", "Provider_Name": "Microsoft-Windows-Diagnosis-DPS", "Computer": "DESKTOP-OFJ6N53", "TimeCreated": "2024-02-09 12:50:56.973745+00:00", "RecordID": "2200", "Level": "4", "UserID": "S-1-5-19", "EventData.ScenarioId": "{180b3a99-8c39-4f12-b631-2031998efe45}", "EventData.InstanceId": "{f5727ea5-567b-4baf-a0fb-1bedf9a5605c}", "EventData.OriginalActivityId": "{00000000-0000-0000-0000-000000000000}", "EventData.DiagnosticModuleImageName": "%windir%\\system32\\radardt.dll", "EventData.DiagnosticModuleId": "{45de1ea9-10bc-4f96-9b21-4b6b83dbf476}"}
{"EventID": "105", "Channel": "Microsoft-Windows-Diagnosis-DPS/Operational", "Provider_Name": "Microsoft-Windows-Diagnosis-DPS", "Computer": "DESKTOP-OFJ6N53", "TimeCreated": "2024-02-09 12:50:56.973759+00:00", "RecordID": "2201", "Level": "4", "UserID": "S-1-5-19", "EventData.ScenarioId": "{180b3a99-8c39-4f12-b631-2031998efe45}", "EventData.InstanceId": "{f5727ea5-567b-4baf-a0fb-1bedf9a5605c}", "EventData.OriginalActivityId": "{00000000-0000-0000-0000-000000000000}", "EventData.DiagnosticModuleImageName": "%windir%\\system32\\radardt.dll", "EventData.DiagnosticModuleId": "{45de1ea9-10bc-4f96-9b21-4b6b83dbf476}"}
{"EventID": "100", "Channel": "Microsoft-Windows-Diagnosis-DPS/Operational", "Provider_Name": "Microsoft-Windows-Diagnosis-DPS", "Computer": "DESKTOP-OFJ6N53", "TimeCreated": "2024-02-09 12:55:56.984459+00:00", "RecordID": "2202", "Level": "4", "UserID": "S-1-5-19", "EventData.ScenarioId": "{180b3a99-8c39-4f12-b631-2031998efe45}", "EventData.InstanceId": "{46efa03f-6408-45f6-9fe4-779ab4be3728}", "EventData.OriginalActivityId": "{00000000-0000-0000-0000-000000000000}", "EventData.DiagnosticModuleImageName": "%windir%\\system32\\radardt.dll", "EventData.DiagnosticModuleId": "{45de1ea9-10bc-4f96-9b21-4b6b83dbf476}"}
{"EventID": "105", "Channel": "Microsoft-Windows-Diagnosis-DPS/Operational", "Provider_Name": "Microsoft-Windows-Diagnosis-DPS", "Computer": "DESKTOP-OFJ6N53", "TimeCreated": "2024-02-09 12:55:56.984463+00:00", "RecordID": "2203", "Level": "4", "UserID": "S-1-5-19", "EventData.ScenarioId": "{180b3a99-8c39-4f12-b631-2031998efe45}", "EventData.InstanceId": "{46efa03f-6408-45f6-9fe4-779ab4be3728}", "EventData.OriginalActivityId": "{00000000-0000-0000-0000-000000000000}", "EventData.DiagnosticModuleImageName": "%windir%\\system32\\radardt.dll", "EventData.DiagnosticModuleId": "{45de1ea9-10bc-4f96-9b21-4b6b83dbf476}"}
{"EventID": "100", "Channel": "Microsoft-Windows-Diagnosis-DPS/Operational", "Provider_Name": "Microsoft-Windows-Diagnosis-DPS", "Computer": "DESKTOP-OFJ6N53", "TimeCreated": "2024-02-09 13:00:56.996943+00:00", "RecordID": "2204", "Level": "4", "UserID": "S-1-5-19", "EventData.ScenarioId": "{180b3a99-8c39-4f12-b631-2031998efe45}", "EventData.InstanceId": "{0403cc76-43d4-4b0f-9e60-b9cadd924c95}", "EventData.OriginalActivityId": "{00000000-0000-0000-0000-000000000000}", "EventData.DiagnosticModuleImageName": "%windir%\\system32\\radardt.dll", "EventData.DiagnosticModuleId": "{45de1ea9-10bc-4f96-9b21-4b6b83dbf476}"}
{"EventID": "105", "Channel": "Microsoft-Windows-Diagnosis-DPS/Operational", "Provider_Name": "Microsoft-Windows-Diagnosis-DPS", "Computer": "DESKTOP-OFJ6N53", "TimeCreated": "2024-02-09 13:00:56.996946+00:00", "RecordID": "2205", "Level": "4", "UserID": "S-1-5-19", "EventData.ScenarioId": "{180b3a99-8c39-4f12-b631-2031998efe45}", "EventData.InstanceId": "{0403cc76-43d4-4b0f-9e60-b9cadd924c95}", "EventData.OriginalActivityId": "{00000000-0000-0000-0000-000000000000}", "EventData.DiagnosticModuleImageName": "%windir%\\system32\\radardt.dll", "EventData.DiagnosticModuleId": "{45de1ea9-10bc-4f96-9b21-4b6b83dbf476}"}
{"EventID": "100", "Channel": "Microsoft-Windows-Diagnosis-DPS/Operational", "Provider_Name": "Microsoft-Windows-Diagnosis-DPS", "Computer": "DESKTOP-OFJ6N53", "TimeCreated": "2024-02-09 13:05:57.004347+00:00", "RecordID": "2206", "Level": "4", "UserID": "S-1-5-19", "EventData.ScenarioId": "{180b3a99-8c39-4f12-b631-2031998efe45}", "EventData.InstanceId": "{26b19950-fc66-4d2d-ae19-ba02c36e7c4e}", "EventData.OriginalActivityId": "{00000000-0000-0000-0000-000000000000}", "EventData.DiagnosticModuleImageName": "%windir%\\system32\\radardt.dll", "EventData.DiagnosticModuleId": "{45de1ea9-10bc-4f96-9b21-4b6b83dbf476}"}
{"EventID": "105", "Channel": "Microsoft-Windows-Diagnosis-DPS/Operational", "Provider_Name": "Microsoft-Windows-Diagnosis-DPS", "Computer": "DESKTOP-OFJ6N53", "TimeCreated": "2024-02-09 13:05:57.004351+00:00", "RecordID": "2207", "Level": "4", "UserID": "S-1-5-19", "EventData.ScenarioId": "{180b3a99-8c39-4f12-b631-2031998efe45}", "EventData.InstanceId": "{26b19950-fc66-4d2d-ae19-ba02c36e7c4e}", "EventData.OriginalActivityId": "{00000000-0000-0000-0000-000000000000}", "EventData.DiagnosticModuleImageName": "%windir%\\system32\\radardt.dll", "EventData.DiagnosticModuleId": "{45de1ea9-10bc-4f96-9b21-4b6b83dbf476}"}
{"EventID": "100", "Channel": "Microsoft-Windows-Diagnosis-DPS/Operational", "Provider_Name": "Microsoft-Windows-Diagnosis-DPS", "Computer": "DESKTOP-OFJ6N53", "TimeCreated": "2024-02-09 13:10:57.015696+00:00", "RecordID": "2208", "Level": "4", "UserID": "S-1-5-19", "EventData.ScenarioId": "{180b3a99-8c39-4f12-b631-2031998efe45}", "EventData.InstanceId": "{6424855a-058a-49a7-975f-9f26fbec1f89}", "EventData.OriginalActivityId": "{00000000-0000-0000-0000-000000000000}", "EventData.DiagnosticModuleImageName": "%windir%\\system32\\radardt.dll", "EventData.DiagnosticModuleId": "{45de1ea9-10bc-4f96-9b21-4b6b83dbf476}"}
{"EventID": "105", "Channel": "Microsoft-Windows-Diagnosis-DPS/Operational", "Provider_Name": "Microsoft-Windows-Diagnosis-DPS", "Computer": "DESKTOP-OFJ6N53", "TimeCreated": "2024-02-09 13:10:57.015707+00:00", "RecordID": "2209", "Level": "4", "UserID": "S-1-5-19", "EventData.ScenarioId": "{180b3a99-8c39-4f12-b631-2031998efe45}", "EventData.InstanceId": "{6424855a-058a-49a7-975f-9f26fbec1f89}", "EventData.OriginalActivityId": "{00000000-0000-0000-0000-000000000000}", "EventData.DiagnosticModuleImageName": "%windir%\\system32\\radardt.dll", "EventData.DiagnosticModuleId": "{45de1ea9-10bc-4f96-9b21-4b6b83dbf476}"}
{"EventID": "100", "Channel": "Microsoft-Windows-Diagnosis-DPS/Operational", "Provider_Name": "Microsoft-Windows-Diagnosis-DPS", "Computer": "DESKTOP-OFJ6N53", "TimeCreated": "2024-02-09 13:15:57.025434+00:00", "RecordID": "2210", "Level": "4", "UserID": "S-1-5-19", "EventData.ScenarioId": "{180b3a99-8c39-4f12-b631-2031998efe45}", "EventData.InstanceId": "{f4f45a4a-5e96-46cd-8f06-d348abcbc5d8}", "EventData.OriginalActivityId": "{00000000-0000-0000-0000-000000000000}", "EventData.DiagnosticModuleImageName": "%windir%\\system32\\radardt.dll", "EventData.DiagnosticModuleId": "{45de1ea9-10bc-4f96-9b21-4b6b83dbf476}"}
{"EventID": "105", "Channel": "Microsoft-Windows-Diagnosis-DPS/Operational", "Provider_Name": "Microsoft-Windows-Diagnosis-DPS", "Computer": "DESKTOP-OFJ6N53", "TimeCreated": "2024-02-09 13:15:57.025438+00:00", "RecordID": "2211", "Level": "4", "UserID": "S-1-5-19", "EventData.ScenarioId": "{180b3a99-8c39-4f12-b631-2031998efe45}", "EventData.InstanceId": "{f4f45a4a-5e96-46cd-8f06-d348abcbc5d8}", "EventData.OriginalActivityId": "{00000000-0000-0000-0000-000000000000}", "EventData.DiagnosticModuleImageName": "%windir%\\system32\\radardt.dll", "EventData.DiagnosticModuleId": "{45de1ea9-10bc-4f96-9b21-4b6b83dbf476}"}
{"EventID": "100", "Channel": "Microsoft-Windows-Diagnosis-DPS/Operational", "Provider_Name": "Microsoft-Windows-Diagnosis-DPS", "Computer": "DESKTOP-OFJ6N53", "TimeCreated": "2024-02-09 13:20:57.026772+00:00", "RecordID": "2212", "Level": "4", "UserID": "S-1-5-19", "EventData.ScenarioId": "{180b3a99-8c39-4f12-b631-2031998efe45}", "EventData.InstanceId": "{af17b3c4-64ae-4d20-acc0-c9e8b62da545}", "EventData.OriginalActivityId": "{00000000-0000-0000-0000-000000000000}", "EventData.DiagnosticModuleImageName": "%windir%\\system32\\radardt.dll", "EventData.DiagnosticModuleId": "{45de1ea9-10bc-4f96-9b21-4b6b83dbf476}"}
{"EventID": "105", "Channel": "Microsoft-Windows-Diagnosis-DPS/Operational", "Provider_Name": "Microsoft-Windows-Diagnosis-DPS", "Computer": "DESKTOP-OFJ6N53", "TimeCreated": "2024-02-09 13:20:57.026773+00:00", "RecordID": "2213", "Level": "4", "UserID": "S-1-5-19", "EventData.ScenarioId": "{180b3a99-8c39-4f12-b631-2031998efe45}", "EventData.InstanceId": "{af17b3c4-64ae-4d20-acc0-c9e8b62da545}", "EventData.OriginalActivityId": "{00000000-0000-0000-0000-000000000000}", "EventData.DiagnosticModuleImageName": "%windir%\\system32\\radardt.dll", "EventData.DiagnosticModuleId": "{45de1ea9-10bc-4f96-9b21-4b6b83dbf476}"}
{"EventID": "100", "Channel": "Microsoft-Windows-Diagnosis-DPS/Operational", "Provider_Name": "Microsoft-Windows-Diagnosis-DPS", "Computer": "DESKTOP-OFJ6N53", "TimeCreated": "2024-02-09 13:25:57.045376+00:00", "RecordID": "2214", "Level": "4", "UserID": "S-1-5-19", "EventData.ScenarioId": "{180b3a99-8c39-4f12-b631-2031998efe45}", "EventData.InstanceId": "{643cf53f-04a8-4f6c-9998-08ff0444aa1e}", "EventData.OriginalActivityId": "{00000000-0000-0000-0000-000000000000}", "EventData.DiagnosticModuleImageName": "%windir%\\system32\\radardt.dll", "EventData.DiagnosticModuleId": "{45de1ea9-10bc-4f96-9b21-4b6b83dbf476}"}
{"EventID": "105", "Channel": "Microsoft-Windows-Diagnosis-DPS/Operational", "Provider_Name": "Microsoft-Windows-Diagnosis-DPS", "Computer": "DESKTOP-OFJ6N53", "TimeCreated": "2024-02-09 13:25:57.045378+00:00", "RecordID": "2215", "Level": "4", "UserID": "S-1-5-19", "EventData.ScenarioId": "{180b3a99-8c39-4f12-b631-2031998efe45}", "EventData.InstanceId": "{643cf53f-04a8-4f6c-9998-08ff0444aa1e}", "EventData.OriginalActivityId": "{00000000-0000-0000-0000-000000000000}", "EventData.DiagnosticModuleImageName": "%windir%\\system32\\radardt.dll", "EventData.DiagnosticModuleId": "{45de1ea9-10bc-4f96-9b21-4b6b83dbf476}"}
{"EventID": "100", "Channel": "Microsoft-Windows-Diagnosis-DPS/Operational", "Provider_Name": "Microsoft-Windows-Diagnosis-DPS", "Computer": "DESKTOP-OFJ6N53", "TimeCreated": "2024-02-09 13:30:57.060200+00:00", "RecordID": "2216", "Level": "4", "UserID": "S-1-5-19", "EventData.ScenarioId": "{180b3a99-8c39-4f12-b631-2031998efe45}", "EventData.InstanceId": "{15dd57c1-c7d7-4924-911f-8fe155915884}", "EventData.OriginalActivityId": "{00000000-0000-0000-0000-000000000000}", "EventData.DiagnosticModuleImageName": "%windir%\\system32\\radardt.dll", "EventData.DiagnosticModuleId": "{45de1ea9-10bc-4f96-9b21-4b6b83dbf476}"}
{"EventID": "105", "Channel": "Microsoft-Windows-Diagnosis-DPS/Operational", "Provider_Name": "Microsoft-Windows-Diagnosis-DPS", "Computer": "DESKTOP-OFJ6N53", "TimeCreated": "2024-02-09 13:30:57.060202+00:00", "RecordID": "2217", "Level": "4", "UserID": "S-1-5-19", "EventData.ScenarioId": "{180b3a99-8c39-4f12-b631-2031998efe45}", "EventData.InstanceId": "{15dd57c1-c7d7-4924-911f-8fe155915884}", "EventData.OriginalActivityId": "{00000000-0000-0000-0000-000000000000}", "EventData.DiagnosticModuleImageName": "%windir%\\system32\\radardt.dll", "EventData.DiagnosticModuleId": "{45de1ea9-10bc-4f96-9b21-4b6b83dbf476}"}
{"EventID": "100", "Channel": "Microsoft-Windows-Diagnosis-DPS/Operational", "Provider_Name": "Microsoft-Windows-Diagnosis-DPS", "Computer": "DESKTOP-OFJ6N53", "TimeCreated": "2024-02-09 13:35:57.087292+00:00", "RecordID": "2218", "Level": "4", "UserID": "S-1-5-19", "EventData.ScenarioId": "{180b3a99-8c39-4f12-b631-2031998efe45}", "EventData.InstanceId": "{3e1a4727-a3b9-4575-b68c-20f4a61c5a60}", "EventData.OriginalActivityId": "{00000000-0000-0000-0000-000000000000}", "EventData.DiagnosticModuleImageName": "%windir%\\system32\\radardt.dll", "EventData.DiagnosticModuleId": "{45de1ea9-10bc-4f96-9b21-4b6b83dbf476}"}
{"EventID": "105", "Channel": "Microsoft-Windows-Diagnosis-DPS/Operational", "Provider_Name": "Microsoft-Windows-Diagnosis-DPS", "Computer": "DESKTOP-OFJ6N53", "TimeCreated": "2024-02-09 13:35:57.087296+00:00", "RecordID": "2219", "Level": "4", "UserID": "S-1-5-19", "EventData.ScenarioId": "{180b3a99-8c39-4f12-b631-2031998efe45}", "EventData.InstanceId": "{3e1a4727-a3b9-4575-b68c-20f4a61c5a60}", "EventData.OriginalActivityId": "{00000000-0000-0000-0000-000000000000}", "EventData.DiagnosticModuleImageName": "%windir%\\system32\\radardt.dll", "EventData.DiagnosticModuleId": "{45de1ea9-10bc-4f96-9b21-4b6b83dbf476}"}
{"EventID": "100", "Channel": "Microsoft-Windows-Diagnosis-DPS/Operational", "Provider_Name": "Microsoft-Windows-Diagnosis-DPS", "Computer": "DESKTOP-OFJ6N53", "TimeCreated": "2024-02-09 13:40:57.089479+00:00", "RecordID": "2220", "Level": "4", "UserID": "S-1-5-19", "EventData.ScenarioId": "{180b3a99-8c39-4f12-b631-2031998efe45}", "EventData.InstanceId": "{696d1afb-bbc6-40d1-9251-53fd8df77791}", "EventData.OriginalActivityId": "{00000000-0000-0000-0000-000000000000}", "EventData.DiagnosticModuleImageName": "%windir%\\system32\\radardt.dll", "EventData.DiagnosticModuleId": "{45de1ea9-10bc-4f96-9b21-4b6b83dbf476}"}
{"EventID": "105", "Channel": "Microsoft-Windows-Diagnosis-DPS/Operational", "Provider_Name": "Microsoft-Windows-Diagnosis-DPS", "Computer": "DESKTOP-OFJ6N53", "TimeCreated": "2024-02-09 13:40:57.089491+00:00", "RecordID": "2221", "Level": "4", "UserID": "S-1-5-19", "EventData.ScenarioId": "{180b3a99-8c39-4f12-b631-2031998efe45}", "EventData.InstanceId": "{696d1afb-bbc6-40d1-9251-53fd8df77791}", "EventData.OriginalActivityId": "{00000000-0000-0000-0000-000000000000}", "EventData.DiagnosticModuleImageName": "%windir%\\system32\\radardt.dll", "EventData.DiagnosticModuleId": "{45de1ea9-10bc-4f96-9b21-4b6b83dbf476}"}
{"EventID": "100", "Channel": "Microsoft-Windows-Diagnosis-DPS/Operational", "Provider_Name": "Microsoft-Windows-Diagnosis-DPS", "Computer": "DESKTOP-OFJ6N53", "TimeCreated": "2024-02-09 13:45:57.099850+00:00", "RecordID": "2222", "Level": "4", "UserID": "S-1-5-19", "EventData.ScenarioId": "{180b3a99-8c39-4f12-b631-2031998efe45}", "EventData.InstanceId": "{f37c38ac-d562-4ffd-92b8-71ed41f53e1d}", "EventData.OriginalActivityId": "{00000000-0000-0000-0000-000000000000}", "EventData.DiagnosticModuleImageName": "%windir%\\system32\\radardt.dll", "EventData.DiagnosticModuleId": "{45de1ea9-10bc-4f96-9b21-4b6b83dbf476}"}
{"EventID": "105", "Channel": "Microsoft-Windows-Diagnosis-DPS/Operational", "Provider_Name": "Microsoft-Windows-Diagnosis-DPS", "Computer": "DESKTOP-OFJ6N53", "TimeCreated": "2024-02-09 13:45:57.099855+00:00", "RecordID": "2223", "Level": "4", "UserID": "S-1-5-19", "EventData.ScenarioId": "{180b3a99-8c39-4f12-b631-2031998efe45}", "EventData.InstanceId": "{f37c38ac-d562-4ffd-92b8-71ed41f53e1d}", "EventData.OriginalActivityId": "{00000000-0000-0000-0000-000000000000}", "EventData.DiagnosticModuleImageName": "%windir%\\system32\\radardt.dll", "EventData.DiagnosticModuleId": "{45de1ea9-10bc-4f96-9b21-4b6b83dbf476}"}
{"EventID": "100", "Channel": "Microsoft-Windows-Diagnosis-DPS/Operational", "Provider_Name": "Microsoft-Windows-Diagnosis-DPS", "Computer": "DESKTOP-OFJ6N53", "TimeCreated": "2024-02-09 13:50:57.103823+00:00", "RecordID": "2224", "Level": "4", "UserID": "S-1-5-19", "EventData.ScenarioId": "{180b3a99-8c39-4f12-b631-2031998efe45}", "EventData.InstanceId": "{0786aff3-64fd-4c6d-a113-4dd1c195543c}", "EventData.OriginalActivityId": "{00000000-0000-0000-0000-000000000000}", "EventData.DiagnosticModuleImageName": "%windir%\\system32\\radardt.dll", "EventData.DiagnosticModuleId": "{45de1ea9-10bc-4f96-9b21-4b6b83dbf476}"}
{"EventID": "105", "Channel": "Microsoft-Windows-Diagnosis-DPS/Operational", "Provider_Name": "Microsoft-Windows-Diagnosis-DPS", "Computer": "DESKTOP-OFJ6N53", "TimeCreated": "2024-02-09 13:50:57.103825+00:00", "RecordID": "2225", "Level": "4", "UserID": "S-1-5-19", "EventData.ScenarioId": "{180b3a99-8c39-4f12-b631-2031998efe45}", "EventData.InstanceId": "{0786aff3-64fd-4c6d-a113-4dd1c195543c}", "EventData.OriginalActivityId": "{00000000-0000-0000-0000-000000000000}", "EventData.DiagnosticModuleImageName": "%windir%\\system32\\radardt.dll", "EventData.DiagnosticModuleId": "{45de1ea9-10bc-4f96-9b21-4b6b83dbf476}"}
{"EventID": "100", "Channel": "Microsoft-Windows-Diagnosis-DPS/Operational", "Provider_Name": "Microsoft-Windows-Diagnosis-DPS", "Computer": "DESKTOP-OFJ6N53", "TimeCreated": "2024-02-09 13:55:57.125622+00:00", "RecordID": "2226", "Level": "4", "UserID": "S-1-5-19", "EventData.ScenarioId": "{180b3a99-8c39-4f12-b631-2031998efe45}", "EventData.InstanceId": "{82096700-9b5d-410d-86ca-c811b9009c5f}", "EventData.OriginalActivityId": "{00000000-0000-0000-0000-000000000000}", "EventData.DiagnosticModuleImageName": "%windir%\\system32\\radardt.dll", "EventData.DiagnosticModuleId": "{45de1ea9-10bc-4f96-9b21-4b6b83dbf476}"}
{"EventID": "105", "Channel": "Microsoft-Windows-Diagnosis-DPS/Operational", "Provider_Name": "Microsoft-Windows-Diagnosis-DPS", "Computer": "DESKTOP-OFJ6N53", "TimeCreated": "2024-02-09 13:55:57.125626+00:00", "RecordID": "2227", "Level": "4", "UserID": "S-1-5-19", "EventData.ScenarioId": "{180b3a99-8c39-4f12-b631-2031998efe45}", "EventData.InstanceId": "{82096700-9b5d-410d-86ca-c811b9009c5f}", "EventData.OriginalActivityId": "{00000000-0000-0000-0000-000000000000}", "EventData.DiagnosticModuleImageName": "%windir%\\system32\\radardt.dll", "EventData.DiagnosticModuleId": "{45de1ea9-10bc-4f96-9b21-4b6b83dbf476}"}
{"EventID": "100", "Channel": "Microsoft-Windows-Diagnosis-DPS/Operational", "Provider_Name": "Microsoft-Windows-Diagnosis-DPS", "Computer": "DESKTOP-OFJ6N53", "TimeCreated": "2024-02-09 14:00:57.139616+00:00", "RecordID": "2228", "Level": "4", "UserID": "S-1-5-19", "EventData.ScenarioId": "{180b3a99-8c39-4f12-b631-2031998efe45}", "EventData.InstanceId": "{60c7c179-2efb-49ea-813e-c2e6131f399c}", "EventData.OriginalActivityId": "{00000000-0000-0000-0000-000000000000}", "EventData.DiagnosticModuleImageName": "%windir%\\system32\\radardt.dll", "EventData.DiagnosticModuleId": "{45de1ea9-10bc-4f96-9b21-4b6b83dbf476}"}
{"EventID": "105", "Channel": "Microsoft-Windows-Diagnosis-DPS/Operational", "Provider_Name": "Microsoft-Windows-Diagnosis-DPS", "Computer": "DESKTOP-OFJ6N53", "TimeCreated": "2024-02-09 14:00:57.139620+00:00", "RecordID": "2229", "Level": "4", "UserID": "S-1-5-19", "EventData.ScenarioId": "{180b3a99-8c39-4f12-b631-2031998efe45}", "EventData.InstanceId": "{60c7c179-2efb-49ea-813e-c2e6131f399c}", "EventData.OriginalActivityId": "{00000000-0000-0000-0000-000000000000}", "EventData.DiagnosticModuleImageName": "%windir%\\system32\\radardt.dll", "EventData.DiagnosticModuleId": "{45de1ea9-10bc-4f96-9b21-4b6b83dbf476}"}
{"EventID": "100", "Channel": "Microsoft-Windows-Diagnosis-DPS/Operational", "Provider_Name": "Microsoft-Windows-Diagnosis-DPS", "Computer": "DESKTOP-OFJ6N53", "TimeCreated": "2024-02-09 14:05:57.155094+00:00", "RecordID": "2230", "Level": "4", "UserID": "S-1-5-19", "EventData.ScenarioId": "{180b3a99-8c39-4f12-b631-2031998efe45}", "EventData.InstanceId": "{b0b020bc-6af0-4e28-b86f-27fabe46de4d}", "EventData.OriginalActivityId": "{00000000-0000-0000-0000-000000000000}", "EventData.DiagnosticModuleImageName": "%windir%\\system32\\radardt.dll", "EventData.DiagnosticModuleId": "{45de1ea9-10bc-4f96-9b21-4b6b83dbf476}"}
{"EventID": "105", "Channel": "Microsoft-Windows-Diagnosis-DPS/Operational", "Provider_Name": "Microsoft-Windows-Diagnosis-DPS", "Computer": "DESKTOP-OFJ6N53", "TimeCreated": "2024-02-09 14:05:57.155096+00:00", "RecordID": "2231", "Level": "4", "UserID": "S-1-5-19", "EventData.ScenarioId": "{180b3a99-8c39-4f12-b631-2031998efe45}", "EventData.InstanceId": "{b0b020bc-6af0-4e28-b86f-27fabe46de4d}", "EventData.OriginalActivityId": "{00000000-0000-0000-0000-000000000000}", "EventData.DiagnosticModuleImageName": "%windir%\\system32\\radardt.dll", "EventData.DiagnosticModuleId": "{45de1ea9-10bc-4f96-9b21-4b6b83dbf476}"}
{"EventID": "100", "Channel": "Microsoft-Windows-Diagnosis-DPS/Operational", "Provider_Name": "Microsoft-Windows-Diagnosis-DPS", "Computer": "DESKTOP-OFJ6N53", "TimeCreated": "2024-02-09 14:10:57.175404+00:00", "RecordID": "2232", "Level": "4", "UserID": "S-1-5-19", "EventData.ScenarioId": "{180b3a99-8c39-4f12-b631-2031998efe45}", "EventData.InstanceId": "{f98c4977-c9d6-4470-a150-93005757f277}", "EventData.OriginalActivityId": "{00000000-0000-0000-0000-000000000000}", "EventData.DiagnosticModuleImageName": "%windir%\\system32\\radardt.dll", "EventData.DiagnosticModuleId": "{45de1ea9-10bc-4f96-9b21-4b6b83dbf476}"}
{"EventID": "105", "Channel": "Microsoft-Windows-Diagnosis-DPS/Operational", "Provider_Name": "Microsoft-Windows-Diagnosis-DPS", "Computer": "DESKTOP-OFJ6N53", "TimeCreated": "2024-02-09 14:10:57.175407+00:00", "RecordID": "2233", "Level": "4", "UserID": "S-1-5-19", "EventData.ScenarioId": "{180b3a99-8c39-4f12-b631-2031998efe45}", "EventData.InstanceId": "{f98c4977-c9d6-4470-a150-93005757f277}", "EventData.OriginalActivityId": "{00000000-0000-0000-0000-000000000000}", "EventData.DiagnosticModuleImageName": "%windir%\\system32\\radardt.dll", "EventData.DiagnosticModuleId": "{45de1ea9-10bc-4f96-9b21-4b6b83dbf476}"}
{"EventID": "100", "Channel": "Microsoft-Windows-Diagnosis-DPS/Operational", "Provider_Name": "Microsoft-Windows-Diagnosis-DPS", "Computer": "DESKTOP-OFJ6N53", "TimeCreated": "2024-02-09 14:15:57.167698+00:00", "RecordID": "2234", "Level": "4", "UserID": "S-1-5-19", "EventData.ScenarioId": "{180b3a99-8c39-4f12-b631-2031998efe45}", "EventData.InstanceId": "{cb0e3891-d9f9-4983-ae28-7403e8193ae4}", "EventData.OriginalActivityId": "{00000000-0000-0000-0000-000000000000}", "EventData.DiagnosticModuleImageName": "%windir%\\system32\\radardt.dll", "EventData.DiagnosticModuleId": "{45de1ea9-10bc-4f96-9b21-4b6b83dbf476}"}
{"EventID": "105", "Channel": "Microsoft-Windows-Diagnosis-DPS/Operational", "Provider_Name": "Microsoft-Windows-Diagnosis-DPS", "Computer": "DESKTOP-OFJ6N53", "TimeCreated": "2024-02-09 14:15:57.167702+00:00", "RecordID": "2235", "Level": "4", "UserID": "S-1-5-19", "EventData.ScenarioId": "{180b3a99-8c39-4f12-b631-2031998efe45}", "EventData.InstanceId": "{cb0e3891-d9f9-4983-ae28-7403e8193ae4}", "EventData.OriginalActivityId": "{00000000-0000-0000-0000-000000000000}", "EventData.DiagnosticModuleImageName": "%windir%\\system32\\radardt.dll", "EventData.DiagnosticModuleId": "{45de1ea9-10bc-4f96-9b21-4b6b83dbf476}"}
{"EventID": "100", "Channel": "Microsoft-Windows-Diagnosis-DPS/Operational", "Provider_Name": "Microsoft-Windows-Diagnosis-DPS", "Computer": "DESKTOP-OFJ6N53", "TimeCreated": "2024-02-09 14:20:57.173735+00:00", "RecordID": "2236", "Level": "4", "UserID": "S-1-5-19", "EventData.ScenarioId": "{180b3a99-8c39-4f12-b631-2031998efe45}", "EventData.InstanceId": "{ed024b8d-c3e3-45a5-a8e0-9120f1f59a05}", "EventData.OriginalActivityId": "{00000000-0000-0000-0000-000000000000}", "EventData.DiagnosticModuleImageName": "%windir%\\system32\\radardt.dll", "EventData.DiagnosticModuleId": "{45de1ea9-10bc-4f96-9b21-4b6b83dbf476}"}
{"EventID": "105", "Channel": "Microsoft-Windows-Diagnosis-DPS/Operational", "Provider_Name": "Microsoft-Windows-Diagnosis-DPS", "Computer": "DESKTOP-OFJ6N53", "TimeCreated": "2024-02-09 14:20:57.173737+00:00", "RecordID": "2237", "Level": "4", "UserID": "S-1-5-19", "EventData.ScenarioId": "{180b3a99-8c39-4f12-b631-2031998efe45}", "EventData.InstanceId": "{ed024b8d-c3e3-45a5-a8e0-9120f1f59a05}", "EventData.OriginalActivityId": "{00000000-0000-0000-0000-000000000000}", "EventData.DiagnosticModuleImageName": "%windir%\\system32\\radardt.dll", "EventData.DiagnosticModuleId": "{45de1ea9-10bc-4f96-9b21-4b6b83dbf476}"}
{"EventID": "100", "Channel": "Microsoft-Windows-Diagnosis-DPS/Operational", "Provider_Name": "Microsoft-Windows-Diagnosis-DPS", "Computer": "DESKTOP-OFJ6N53", "TimeCreated": "2024-02-09 14:25:57.186565+00:00", "RecordID": "2238", "Level": "4", "UserID": "S-1-5-19", "EventData.ScenarioId": "{180b3a99-8c39-4f12-b631-2031998efe45}", "EventData.InstanceId": "{1959e10d-99e7-4656-89af-a4dfb12fe82c}", "EventData.OriginalActivityId": "{00000000-0000-0000-0000-000000000000}", "EventData.DiagnosticModuleImageName": "%windir%\\system32\\radardt.dll", "EventData.DiagnosticModuleId": "{45de1ea9-10bc-4f96-9b21-4b6b83dbf476}"}
{"EventID": "105", "Channel": "Microsoft-Windows-Diagnosis-DPS/Operational", "Provider_Name": "Microsoft-Windows-Diagnosis-DPS", "Computer": "DESKTOP-OFJ6N53", "TimeCreated": "2024-02-09 14:25:57.186569+00:00", "RecordID": "2239", "Level": "4", "UserID": "S-1-5-19", "EventData.ScenarioId": "{180b3a99-8c39-4f12-b631-2031998efe45}", "EventData.InstanceId": "{1959e10d-99e7-4656-89af-a4dfb12fe82c}", "EventData.OriginalActivityId": "{00000000-0000-0000-0000-000000000000}", "EventData.DiagnosticModuleImageName": "%windir%\\system32\\radardt.dll", "EventData.DiagnosticModuleId": "{45de1ea9-10bc-4f96-9b21-4b6b83dbf476}"}
{"EventID": "100", "Channel": "Microsoft-Windows-Diagnosis-DPS/Operational", "Provider_Name": "Microsoft-Windows-Diagnosis-DPS", "Computer": "DESKTOP-OFJ6N53", "TimeCreated": "2024-02-09 14:30:57.194584+00:00", "RecordID": "2240", "Level": "4", "UserID": "S-1-5-19", "EventData.ScenarioId": "{180b3a99-8c39-4f12-b631-2031998efe45}", "EventData.InstanceId": "{8f00c8c0-d747-4fba-929c-bba7645af7a7}", "EventData.OriginalActivityId": "{00000000-0000-0000-0000-000000000000}", "EventData.DiagnosticModuleImageName": "%windir%\\system32\\radardt.dll", "EventData.DiagnosticModuleId": "{45de1ea9-10bc-4f96-9b21-4b6b83dbf476}"}
{"EventID": "105", "Channel": "Microsoft-Windows-Diagnosis-DPS/Operational", "Provider_Name": "Microsoft-Windows-Diagnosis-DPS", "Computer": "DESKTOP-OFJ6N53", "TimeCreated": "2024-02-09 14:30:57.194586+00:00", "RecordID": "2241", "Level": "4", "UserID": "S-1-5-19", "EventData.ScenarioId": "{180b3a99-8c39-4f12-b631-2031998efe45}", "EventData.InstanceId": "{8f00c8c0-d747-4fba-929c-bba7645af7a7}", "EventData.OriginalActivityId": "{00000000-0000-0000-0000-000000000000}", "EventData.DiagnosticModuleImageName": "%windir%\\system32\\radardt.dll", "EventData.DiagnosticModuleId": "{45de1ea9-10bc-4f96-9b21-4b6b83dbf476}"}
