{"EventID": "1265", "Channel": "Microsoft-Windows-PushNotification-Platform/Operational", "Provider_Name": "Microsoft-Windows-PushNotifications-Platform", "Computer": "DESKTOP-OFJ6N53", "TimeCreated": "2025-08-26 10:01:08.616093+00:00", "RecordID": "3706106", "Level": "4", "UserID": "S-1-5-18", "EventData.DeviceId": "0018000B432B2E76", "EventData.UserId": "17056889", "EventData.Error": "0"}
{"EventID": "2415", "Channel": "Microsoft-Windows-PushNotification-Platform/Operational", "Provider_Name": "Microsoft-Windows-PushNotifications-Platform", "Computer": "DESKTOP-OFJ6N53", "TimeCreated": "2025-08-26 10:01:08.822023+00:00", "RecordID": "3706107", "Level": "4", "UserID": "S-1-5-21-963789628-1060504924-4285088085-1001", "EventData.AppUserModelId": "Microsoft.Explorer.Notification.{7820AE78-23E3-4229-82C1-E41CB67D5B9C}", "EventData.ErrorCode": "0"}
{"EventID": "1223", "Channel": "Microsoft-Windows-PushNotification-Platform/Operational", "Provider_Name": "Microsoft-Windows-PushNotifications-Platform", "Computer": "DESKTOP-OFJ6N53", "TimeCreated": "2025-08-26 10:02:03.153091+00:00", "RecordID": "3706108", "Level": "5", "UserID": "S-1-5-18", "EventData.Verb": "PNG", "EventData.TrID": "83", "EventData.Namespace": "CON", "EventData.CorrelationVector": "vIKL831gwESlCc7B.83", "EventData.Bytes": "29", "EventData.Payload": "Q29udGV4dDogZmMzMzY5NDcyOTVlYzEzNw0KDQo=", "EventData.ConnectionType": "1"}
{"EventID": "1267", "Channel": "Microsoft-Windows-PushNotification-Platform/Operational", "Provider_Name": "Microsoft-Windows-PushNotifications-Platform", "Computer": "DESKTOP-OFJ6N53", "TimeCreated": "2025-08-26 10:02:03.153091+00:00", "RecordID": "3706109", "Level": "5", "UserID": "S-1-5-18", "EventData.Verb": "PNG", "EventData.TrID": "83", "EventData.Namespace": "CON", "EventData.CorrelationVector": "vIKL831gwESlCc7B.83", "EventData.Bytes": "72", "EventData.Payload": "UE5HIDgzIENPTiA1Nw0KTVMtQ1Y6IHZJS0w4MzFnd0VTbENjN0IuODMNCkNvbnRleHQ6IGZjMzM2OTQ3Mjk1ZWMxMzcNCg0K", "EventData.ConnectionType": "1"}
{"EventID": "1225", "Channel": "Microsoft-Windows-PushNotification-Platform/Operational", "Provider_Name": "Microsoft-Windows-PushNotifications-Platform", "Computer": "DESKTOP-OFJ6N53", "TimeCreated": "2025-08-26 10:02:03.215946+00:00", "RecordID": "3706110", "Level": "5", "UserID": "S-1-5-18", "EventData.Verb": "PNG", "EventData.TrID": "83", "EventData.Namespace": "CON", "EventData.CorrelationVector": "vIKL831gwESlCc7B.83.0", "EventData.Bytes": "126", "EventData.Payload": "TVMtQ1Y6IHZJS0w4MzFnd0VTbENjN0IuODMuMA0KDQo8cGluZy1yZXNwb25zZT48d2FpdD41MDwvd2FpdD48Y29ubmVjdGlvbi1zdGF0dXM+Q29ubmVjdGVkPC9jb25uZWN0aW9uLXN0YXR1cz48L3BpbmctcmVzcG9uc2U+", "EventData.ConnectionType": "1"}
{"EventID": "1268", "Channel": "Microsoft-Windows-PushNotification-Platform/Operational", "Provider_Name": "Microsoft-Windows-PushNotifications-Platform", "Computer": "DESKTOP-OFJ6N53", "TimeCreated": "2025-08-26 10:02:03.215950+00:00", "RecordID": "3706111", "Level": "5", "UserID": "S-1-5-18", "EventData.Verb": "PNG", "EventData.TrID": "83", "EventData.Namespace": "CON", "EventData.CorrelationVector": "vIKL831gwESlCc7B.83.0", "EventData.Bytes": "126", "EventData.Payload": "UE5HIDgzIENPTgAxMjYNCk1TLUNWOiB2SUtMODMxZ3dFU2xDYzdCLjgzLjANCg0KPHBpbmctcmVzcG9uc2U+PHdhaXQ+NTA8L3dhaXQ+PGNvbm5lY3Rpb24tc3RhdHVzPkNvbm5lY3RlZDwvY29ubmVjdGlvbi1zdGF0dXM+", "EventData.ConnectionType": "1"}
{"EventID": "1223", "Channel": "Microsoft-Windows-PushNotification-Platform/Operational", "Provider_Name": "Microsoft-Windows-PushNotifications-Platform", "Computer": "DESKTOP-OFJ6N53", "TimeCreated": "2025-08-26 10:03:03.167122+00:00", "RecordID": "3706112", "Level": "5", "UserID": "S-1-5-18", "EventData.Verb": "PNG", "EventData.TrID": "84", "EventData.Namespace": "CON", "EventData.CorrelationVector": "vIKL831gwESlCc7B.84", "EventData.Bytes": "29", "EventData.Payload": "Q29udGV4dDogN2Q4NTE0ZTM1MmMyZWE3MQ0KDQo=", "EventData.ConnectionType": "1"}
{"EventID": "1267", "Channel": "Microsoft-Windows-PushNotification-Platform/Operational", "Provider_Name": "Microsoft-Windows-PushNotifications-Platform", "Computer": "DESKTOP-OFJ6N53", "TimeCreated": "2025-08-26 10:03:03.167124+00:00", "RecordID": "3706113", "Level": "5", "UserID": "S-1-5-18", "EventData.Verb": "PNG", "EventData.TrID": "84", "EventData.Namespace": "CON", "EventData.CorrelationVector": "vIKL831gwESlCc7B.84", "EventData.Bytes": "72", "EventData.Payload": "UE5HIDg0IENPTiA1Nw0KTVMtQ1Y6IHZJS0w4MzFnd0VTbENjN0IuODQNCkNvbnRleHQ6IDdkODUxNGUzNTJjMmVhNzENCg0K", "EventData.ConnectionType": "1"}
{"EventID": "1225", "Channel": "Microsoft-Windows-PushNotification-Platform/Operational", "Provider_Name": "Microsoft-Windows-PushNotifications-Platform", "Computer": "DESKTOP-OFJ6N53", "TimeCreated": "2025-08-26 10:03:03.272163+00:00", "RecordID": "3706114", "Level": "5", "UserID": "S-1-5-18", "EventData.Verb": "PNG", "EventData.TrID": "84", "EventData.Namespace": "CON", "EventData.CorrelationVector": "vIKL831gwESlCc7B.84.0", "EventData.Bytes": "126", "EventData.Payload": "TVMtQ1Y6IHZJS0w4MzFnd0VTbENjN0IuODQuMA0KDQo8cGluZy1yZXNwb25zZT48d2FpdD40Mjwvd2FpdD48Y29ubmVjdGlvbi1zdGF0dXM+Q29ubmVjdGVkPC9jb25uZWN0aW9uLXN0YXR1cz48L3BpbmctcmVzcG9uc2U+", "EventData.ConnectionType": "1"}
{"EventID": "1268", "Channel": "Microsoft-Windows-PushNotification-Platform/Operational", "Provider_Name": "Microsoft-Windows-PushNotifications-Platform", "Computer": "DESKTOP-OFJ6N53", "TimeCreated": "2025-08-26 10:03:03.272163+00:00", "RecordID": "3706115", "Level": "5", "UserID": "S-1-5-18", "EventData.Verb": "PNG", "EventData.TrID": "84", "EventData.Namespace": "CON", "EventData.CorrelationVector": "vIKL831gwESlCc7B.84.0", "EventData.Bytes": "126", "EventData.Payload": "UE5HIDg0IENPTgAxMjYNCk1TLUNWOiB2SUtMODMxZ3dFU2xDYzdCLjg0LjANCg0KPHBpbmctcmVzcG9uc2U+PHdhaXQ+NDI8L3dhaXQ+PGNvbm5lY3Rpb24tc3RhdHVzPkNvbm5lY3RlZDwvY29ubmVjdGlvbi1zdGF0dXM+", "EventData.ConnectionType": "1"}
{"EventID": "1223", "Channel": "Microsoft-Windows-PushNotification-Platform/Operational", "Provider_Name": "Microsoft-Windows-PushNotifications-Platform", "Computer": "DESKTOP-OFJ6N53", "TimeCreated": "2025-08-26 10:04:03.181383+00:00", "RecordID": "3706116", "Level": "5", "UserID": "S-1-5-18", "EventData.Verb": "PNG", "EventData.TrID": "85", "EventData.Namespace": "CON", "EventData.CorrelationVector": "vIKL831gwESlCc7B.85", "EventData.Bytes": "29", "EventData.Payload": "Q29udGV4dDogNzMyNjMyNzJhNTUwNDEzZQ0KDQo=", "EventData.ConnectionType": "1"}
{"EventID": "1267", "Channel": "Microsoft-Windows-PushNotification-Platform/Operational", "Provider_Name": "Microsoft-Windows-PushNotifications-Platform", "Computer": "DESKTOP-OFJ6N53", "TimeCreated": "2025-08-26 10:04:03.181385+00:00", "RecordID": "3706117", "Level": "5", "UserID": "S-1-5-18", "EventData.Verb": "PNG", "EventData.TrID": "85", "EventData.Namespace": "CON", "EventData.CorrelationVector": "vIKL831gwESlCc7B.85", "EventData.Bytes": "72", "EventData.Payload": "UE5HIDg1IENPTiA1Nw0KTVMtQ1Y6IHZJS0w4MzFnd0VTbENjN0IuODUNCkNvbnRleHQ6IDczMjYzMjcyYTU1MDQxM2UNCg0K", "EventData.ConnectionType": "1"}
{"EventID": "1225", "Channel": "Microsoft-Windows-PushNotification-Platform/Operational", "Provider_Name": "Microsoft-Windows-PushNotifications-Platform", "Computer": "DESKTOP-OFJ6N53", "TimeCreated": "2025-08-26 10:04:03.249653+00:00", "RecordID": "3706118", "Level": "5", "UserID": "S-1-5-18", "EventData.Verb": "PNG", "EventData.TrID": "85", "EventData.Namespace": "CON", "EventData.CorrelationVector": "vIKL831gwESlCc7B.85.0", "EventData.Bytes": "126", "EventData.Payload": "TVMtQ1Y6IHZJS0w4MzFnd0VTbENjN0IuODUuMA0KDQo8cGluZy1yZXNwb25zZT48d2FpdD40MTwvd2FpdD48Y29ubmVjdGlvbi1zdGF0dXM+Q29ubmVjdGVkPC9jb25uZWN0aW9uLXN0YXR1cz48L3BpbmctcmVzcG9uc2U+", "EventData.ConnectionType": "1"}
{"EventID": "1268", "Channel": "Microsoft-Windows-PushNotification-Platform/Operational", "Provider_Name": "Microsoft-Windows-PushNotifications-Platform", "Computer": "DESKTOP-OFJ6N53", "TimeCreated": "2025-08-26 10:04:03.249655+00:00", "RecordID": "3706119", "Level": "5", "UserID": "S-1-5-18", "EventData.Verb": "PNG", "EventData.TrID": "85", "EventData.Namespace": "CON", "EventData.CorrelationVector": "vIKL831gwESlCc7B.85.0", "EventData.Bytes": "126", "EventData.Payload": "UE5HIDg1IENPTgAxMjYNCk1TLUNWOiB2SUtMODMxZ3dFU2xDYzdCLjg1LjANCg0KPHBpbmctcmVzcG9uc2U+PHdhaXQ+NDE8L3dhaXQ+PGNvbm5lY3Rpb24tc3RhdHVzPkNvbm5lY3RlZDwvY29ubmVjdGlvbi1zdGF0dXM+", "EventData.ConnectionType": "1"}
{"EventID": "1223", "Channel": "Microsoft-Windows-PushNotification-Platform/Operational", "Provider_Name": "Microsoft-Windows-PushNotifications-Platform", "Computer": "DESKTOP-OFJ6N53", "TimeCreated": "2025-08-26 10:05:03.192778+00:00", "RecordID": "3706120", "Level": "5", "UserID": "S-1-5-18", "EventData.Verb": "PNG", "EventData.TrID": "86", "EventData.Namespace": "CON", "EventData.CorrelationVector": "vIKL831gwESlCc7B.86", "EventData.Bytes": "28", "EventData.Payload": "Q29udGV4dDogNTliMjNjMjg3NjVjMjBkDQoNCg==", "EventData.ConnectionType": "1"}
{"EventID": "1267", "Channel": "Microsoft-Windows-PushNotification-Platform/Operational", "Provider_Name": "Microsoft-Windows-PushNotifications-Platform", "Computer": "DESKTOP-OFJ6N53", "TimeCreated": "2025-08-26 10:05:03.192780+00:00", "RecordID": "3706121", "Level": "5", "UserID": "S-1-5-18", "EventData.Verb": "PNG", "EventData.TrID": "86", "EventData.Namespace": "CON", "EventData.CorrelationVector": "vIKL831gwESlCc7B.86", "EventData.Bytes": "71", "EventData.Payload": "UE5HIDg2IENPTiA1Ng0KTVMtQ1Y6IHZJS0w4MzFnd0VTbENjN0IuODYNCkNvbnRleHQ6IDU5YjIzYzI4NzY1YzIwZA0KDQo=", "EventData.ConnectionType": "1"}
{"EventID": "1225", "Channel": "Microsoft-Windows-PushNotification-Platform/Operational", "Provider_Name": "Microsoft-Windows-PushNotifications-Platform", "Computer": "DESKTOP-OFJ6N53", "TimeCreated": "2025-08-26 10:05:03.400183+00:00", "RecordID": "3706122", "Level": "5", "UserID": "S-1-5-18", "EventData.Verb": "PNG", "EventData.TrID": "86", "EventData.Namespace": "CON", "EventData.CorrelationVector": "vIKL831gwESlCc7B.86.0", "EventData.Bytes": "126", "EventData.Payload": "TVMtQ1Y6IHZJS0w4MzFnd0VTbENjN0IuODYuMA0KDQo8cGluZy1yZXNwb25zZT48d2FpdD40Mjwvd2FpdD48Y29ubmVjdGlvbi1zdGF0dXM+Q29ubmVjdGVkPC9jb25uZWN0aW9uLXN0YXR1cz48L3BpbmctcmVzcG9uc2U+", "EventData.ConnectionType": "1"}
{"EventID": "1268", "Channel": "Microsoft-Windows-PushNotification-Platform/Operational", "Provider_Name": "Microsoft-Windows-PushNotifications-Platform", "Computer": "DESKTOP-OFJ6N53", "TimeCreated": "2025-08-26 10:05:03.400183+00:00", "RecordID": "3706123", "Level": "5", "UserID": "S-1-5-18", "EventData.Verb": "PNG", "EventData.TrID": "86", "EventData.Namespace": "CON", "EventData.CorrelationVector": "vIKL831gwESlCc7B.86.0", "EventData.Bytes": "126", "EventData.Payload": "UE5HIDg2IENPTgAxMjYNCk1TLUNWOiB2SUtMODMxZ3dFU2xDYzdCLjg2LjANCg0KPHBpbmctcmVzcG9uc2U+PHdhaXQ+NDI8L3dhaXQ+PGNvbm5lY3Rpb24tc3RhdHVzPkNvbm5lY3RlZDwvY29ubmVjdGlvbi1zdGF0dXM+", "EventData.ConnectionType": "1"}
{"EventID": "1223", "Channel": "Microsoft-Windows-PushNotification-Platform/Operational", "Provider_Name": "Microsoft-Windows-PushNotifications-Platform", "Computer": "DESKTOP-OFJ6N53", "TimeCreated": "2025-08-26 10:06:03.198849+00:00", "RecordID": "3706124", "Level": "5", "UserID": "S-1-5-18", "EventData.Verb": "PNG", "EventData.TrID": "87", "EventData.Namespace": "CON", "EventData.CorrelationVector": "vIKL831gwESlCc7B.87", "EventData.Bytes": "29", "EventData.Payload": "Q29udGV4dDogOTJlNzgyYjcyNmQyMjQyYw0KDQo=", "EventData.ConnectionType": "1"}
{"EventID": "1267", "Channel": "Microsoft-Windows-PushNotification-Platform/Operational", "Provider_Name": "Microsoft-Windows-PushNotifications-Platform", "Computer": "DESKTOP-OFJ6N53", "TimeCreated": "2025-08-26 10:06:03.198851+00:00", "RecordID": "3706125", "Level": "5", "UserID": "S-1-5-18", "EventData.Verb": "PNG", "EventData.TrID": "87", "EventData.Namespace": "CON", "EventData.CorrelationVector": "vIKL831gwESlCc7B.87", "EventData.Bytes": "72", "EventData.Payload": "UE5HIDg3IENPTiA1Nw0KTVMtQ1Y6IHZJS0w4MzFnd0VTbENjN0IuODcNCkNvbnRleHQ6IDkyZTc4MmI3MjZkMjI0MmMNCg0K", "EventData.ConnectionType": "1"}
{"EventID": "1225", "Channel": "Microsoft-Windows-PushNotification-Platform/Operational", "Provider_Name": "Microsoft-Windows-PushNotifications-Platform", "Computer": "DESKTOP-OFJ6N53", "TimeCreated": "2025-08-26 10:06:03.261568+00:00", "RecordID": "3706126", "Level": "5", "UserID": "S-1-5-18", "EventData.Verb": "PNG", "EventData.TrID": "87", "EventData.Namespace": "CON", "EventData.CorrelationVector": "vIKL831gwESlCc7B.87.0", "EventData.Bytes": "126", "EventData.Payload": "TVMtQ1Y6IHZJS0w4MzFnd0VTbENjN0IuODcuMA0KDQo8cGluZy1yZXNwb25zZT48d2FpdD40NDwvd2FpdD48Y29ubmVjdGlvbi1zdGF0dXM+Q29ubmVjdGVkPC9jb25uZWN0aW9uLXN0YXR1cz48L3BpbmctcmVzcG9uc2U+", "EventData.ConnectionType": "1"}
{"EventID": "1268", "Channel": "Microsoft-Windows-PushNotification-Platform/Operational", "Provider_Name": "Microsoft-Windows-PushNotifications-Platform", "Computer": "DESKTOP-OFJ6N53", "TimeCreated": "2025-08-26 10:06:03.261570+00:00", "RecordID": "3706127", "Level": "5", "UserID": "S-1-5-18", "EventData.Verb": "PNG", "EventData.TrID": "87", "EventData.Namespace": "CON", "EventData.CorrelationVector": "vIKL831gwESlCc7B.87.0", "EventData.Bytes": "126", "EventData.Payload": "UE5HIDg3IENPTgAxMjYNCk1TLUNWOiB2SUtMODMxZ3dFU2xDYzdCLjg3LjANCg0KPHBpbmctcmVzcG9uc2U+PHdhaXQ+NDQ8L3dhaXQ+PGNvbm5lY3Rpb24tc3RhdHVzPkNvbm5lY3RlZDwvY29ubmVjdGlvbi1zdGF0dXM+", "EventData.ConnectionType": "1"}
{"EventID": "1223", "Channel": "Microsoft-Windows-PushNotification-Platform/Operational", "Provider_Name": "Microsoft-Windows-PushNotifications-Platform", "Computer": "DESKTOP-OFJ6N53", "TimeCreated": "2025-08-26 10:07:03.212484+00:00", "RecordID": "3706128", "Level": "5", "UserID": "S-1-5-18", "EventData.Verb": "PNG", "EventData.TrID": "88", "EventData.Namespace": "CON", "EventData.CorrelationVector": "vIKL831gwESlCc7B.88", "EventData.Bytes": "29", "EventData.Payload": "Q29udGV4dDogM2M5YTRmYTBiNmZmMGM0Yw0KDQo=", "EventData.ConnectionType": "1"}
{"EventID": "1267", "Channel": "Microsoft-Windows-PushNotification-Platform/Operational", "Provider_Name": "Microsoft-Windows-PushNotifications-Platform", "Computer": "DESKTOP-OFJ6N53", "TimeCreated": "2025-08-26 10:07:03.212488+00:00", "RecordID": "3706129", "Level": "5", "UserID": "S-1-5-18", "EventData.Verb": "PNG", "EventData.TrID": "88", "EventData.Namespace": "CON", "EventData.CorrelationVector": "vIKL831gwESlCc7B.88", "EventData.Bytes": "72", "EventData.Payload": "UE5HIDg4IENPTiA1Nw0KTVMtQ1Y6IHZJS0w4MzFnd0VTbENjN0IuODgNCkNvbnRleHQ6IDNjOWE0ZmEwYjZmZjBjNGMNCg0K", "EventData.ConnectionType": "1"}
{"EventID": "1225", "Channel": "Microsoft-Windows-PushNotification-Platform/Operational", "Provider_Name": "Microsoft-Windows-PushNotifications-Platform", "Computer": "DESKTOP-OFJ6N53", "TimeCreated": "2025-08-26 10:07:03.275131+00:00", "RecordID": "3706130", "Level": "5", "UserID": "S-1-5-18", "EventData.Verb": "PNG", "EventData.TrID": "88", "EventData.Namespace": "CON", "EventData.CorrelationVector": "vIKL831gwESlCc7B.88.0", "EventData.Bytes": "126", "EventData.Payload": "TVMtQ1Y6IHZJS0w4MzFnd0VTbENjN0IuODguMA0KDQo8cGluZy1yZXNwb25zZT48d2FpdD40MTwvd2FpdD48Y29ubmVjdGlvbi1zdGF0dXM+Q29ubmVjdGVkPC9jb25uZWN0aW9uLXN0YXR1cz48L3BpbmctcmVzcG9uc2U+", "EventData.ConnectionType": "1"}
{"EventID": "1268", "Channel": "Microsoft-Windows-PushNotification-Platform/Operational", "Provider_Name": "Microsoft-Windows-PushNotifications-Platform", "Computer": "DESKTOP-OFJ6N53", "TimeCreated": "2025-08-26 10:07:03.275133+00:00", "RecordID": "3706131", "Level": "5", "UserID": "S-1-5-18", "EventData.Verb": "PNG", "EventData.TrID": "88", "EventData.Namespace": "CON", "EventData.CorrelationVector": "vIKL831gwESlCc7B.88.0", "EventData.Bytes": "126", "EventData.Payload": "UE5HIDg4IENPTgAxMjYNCk1TLUNWOiB2SUtMODMxZ3dFU2xDYzdCLjg4LjANCg0KPHBpbmctcmVzcG9uc2U+PHdhaXQ+NDE8L3dhaXQ+PGNvbm5lY3Rpb24tc3RhdHVzPkNvbm5lY3RlZDwvY29ubmVjdGlvbi1zdGF0dXM+", "EventData.ConnectionType": "1"}
{"EventID": "1223", "Channel": "Microsoft-Windows-PushNotification-Platform/Operational", "Provider_Name": "Microsoft-Windows-PushNotifications-Platform", "Computer": "DESKTOP-OFJ6N53", "TimeCreated": "2025-08-26 10:08:03.258547+00:00", "RecordID": "3706132", "Level": "5", "UserID": "S-1-5-18", "EventData.Verb": "PNG", "EventData.TrID": "89", "EventData.Namespace": "CON", "EventData.CorrelationVector": "vIKL831gwESlCc7B.89", "EventData.Bytes": "28", "EventData.Payload": "Q29udGV4dDogNjhmYjU4YTkzOGU4NTBiDQoNCg==", "EventData.ConnectionType": "1"}
{"EventID": "1267", "Channel": "Microsoft-Windows-PushNotification-Platform/Operational", "Provider_Name": "Microsoft-Windows-PushNotifications-Platform", "Computer": "DESKTOP-OFJ6N53", "TimeCreated": "2025-08-26 10:08:03.258549+00:00", "RecordID": "3706133", "Level": "5", "UserID": "S-1-5-18", "EventData.Verb": "PNG", "EventData.TrID": "89", "EventData.Namespace": "CON", "EventData.CorrelationVector": "vIKL831gwESlCc7B.89", "EventData.Bytes": "71", "EventData.Payload": "UE5HIDg5IENPTiA1Ng0KTVMtQ1Y6IHZJS0w4MzFnd0VTbENjN0IuODkNCkNvbnRleHQ6IDY4ZmI1OGE5MzhlODUwYg0KDQo=", "EventData.ConnectionType": "1"}
{"EventID": "1225", "Channel": "Microsoft-Windows-PushNotification-Platform/Operational", "Provider_Name": "Microsoft-Windows-PushNotifications-Platform", "Computer": "DESKTOP-OFJ6N53", "TimeCreated": "2025-08-26 10:08:03.321131+00:00", "RecordID": "3706134", "Level": "5", "UserID": "S-1-5-18", "EventData.Verb": "PNG", "EventData.TrID": "89", "EventData.Namespace": "CON", "EventData.CorrelationVector": "vIKL831gwESlCc7B.89.0", "EventData.Bytes": "126", "EventData.Payload": "TVMtQ1Y6IHZJS0w4MzFnd0VTbENjN0IuODkuMA0KDQo8cGluZy1yZXNwb25zZT48d2FpdD40Nzwvd2FpdD48Y29ubmVjdGlvbi1zdGF0dXM+Q29ubmVjdGVkPC9jb25uZWN0aW9uLXN0YXR1cz48L3BpbmctcmVzcG9uc2U+", "EventData.ConnectionType": "1"}
{"EventID": "1268", "Channel": "Microsoft-Windows-PushNotification-Platform/Operational", "Provider_Name": "Microsoft-Windows-PushNotifications-Platform", "Computer": "DESKTOP-OFJ6N53", "TimeCreated": "2025-08-26 10:08:03.321133+00:00", "RecordID": "3706135", "Level": "5", "UserID": "S-1-5-18", "EventData.Verb": "PNG", "EventData.TrID": "89", "EventData.Namespace": "CON", "EventData.CorrelationVector": "vIKL831gwESlCc7B.89.0", "EventData.Bytes": "126", "EventData.Payload": "UE5HIDg5IENPTgAxMjYNCk1TLUNWOiB2SUtMODMxZ3dFU2xDYzdCLjg5LjANCg0KPHBpbmctcmVzcG9uc2U+PHdhaXQ+NDc8L3dhaXQ+PGNvbm5lY3Rpb24tc3RhdHVzPkNvbm5lY3RlZDwvY29ubmVjdGlvbi1zdGF0dXM+", "EventData.ConnectionType": "1"}
{"EventID": "1223", "Channel": "Microsoft-Windows-PushNotification-Platform/Operational", "Provider_Name": "Microsoft-Windows-PushNotifications-Platform", "Computer": "DESKTOP-OFJ6N53", "TimeCreated": "2025-08-26 10:09:03.269798+00:00", "RecordID": "3706136", "Level": "5", "UserID": "S-1-5-18", "EventData.Verb": "PNG", "EventData.TrID": "90", "EventData.Namespace": "CON", "EventData.CorrelationVector": "vIKL831gwESlCc7B.90", "EventData.Bytes": "29", "EventData.Payload": "Q29udGV4dDogNDkzMzJlNDE3MGZkN2JmMQ0KDQo=", "EventData.ConnectionType": "1"}
{"EventID": "1267", "Channel": "Microsoft-Windows-PushNotification-Platform/Operational", "Provider_Name": "Microsoft-Windows-PushNotifications-Platform", "Computer": "DESKTOP-OFJ6N53", "TimeCreated": "2025-08-26 10:09:03.269798+00:00", "RecordID": "3706137", "Level": "5", "UserID": "S-1-5-18", "EventData.Verb": "PNG", "EventData.TrID": "90", "EventData.Namespace": "CON", "EventData.CorrelationVector": "vIKL831gwESlCc7B.90", "EventData.Bytes": "72", "EventData.Payload": "UE5HIDkwIENPTiA1Nw0KTVMtQ1Y6IHZJS0w4MzFnd0VTbENjN0IuOTANCkNvbnRleHQ6IDQ5MzMyZTQxNzBmZDdiZjENCg0K", "EventData.ConnectionType": "1"}
{"EventID": "1225", "Channel": "Microsoft-Windows-PushNotification-Platform/Operational", "Provider_Name": "Microsoft-Windows-PushNotifications-Platform", "Computer": "DESKTOP-OFJ6N53", "TimeCreated": "2025-08-26 10:09:03.332920+00:00", "RecordID": "3706138", "Level": "5", "UserID": "S-1-5-18", "EventData.Verb": "PNG", "EventData.TrID": "90", "EventData.Namespace": "CON", "EventData.CorrelationVector": "vIKL831gwESlCc7B.90.0", "EventData.Bytes": "126", "EventData.Payload": "TVMtQ1Y6IHZJS0w4MzFnd0VTbENjN0IuOTAuMA0KDQo8cGluZy1yZXNwb25zZT48d2FpdD40Nzwvd2FpdD48Y29ubmVjdGlvbi1zdGF0dXM+Q29ubmVjdGVkPC9jb25uZWN0aW9uLXN0YXR1cz48L3BpbmctcmVzcG9uc2U+", "EventData.ConnectionType": "1"}
{"EventID": "1268", "Channel": "Microsoft-Windows-PushNotification-Platform/Operational", "Provider_Name": "Microsoft-Windows-PushNotifications-Platform", "Computer": "DESKTOP-OFJ6N53", "TimeCreated": "2025-08-26 10:09:03.332920+00:00", "RecordID": "3706139", "Level": "5", "UserID": "S-1-5-18", "EventData.Verb": "PNG", "EventData.TrID": "90", "EventData.Namespace": "CON", "EventData.CorrelationVector": "vIKL831gwESlCc7B.90.0", "EventData.Bytes": "126", "EventData.Payload": "UE5HIDkwIENPTgAxMjYNCk1TLUNWOiB2SUtMODMxZ3dFU2xDYzdCLjkwLjANCg0KPHBpbmctcmVzcG9uc2U+PHdhaXQ+NDc8L3dhaXQ+PGNvbm5lY3Rpb24tc3RhdHVzPkNvbm5lY3RlZDwvY29ubmVjdGlvbi1zdGF0dXM+", "EventData.ConnectionType": "1"}
{"EventID": "1223", "Channel": "Microsoft-Windows-PushNotification-Platform/Operational", "Provider_Name": "Microsoft-Windows-PushNotifications-Platform", "Computer": "DESKTOP-OFJ6N53", "TimeCreated": "2025-08-26 10:10:03.274767+00:00", "RecordID": "3706140", "Level": "5", "UserID": "S-1-5-18", "EventData.Verb": "PNG", "EventData.TrID": "91", "EventData.Namespace": "CON", "EventData.CorrelationVector": "vIKL831gwESlCc7B.91", "EventData.Bytes": "29", "EventData.Payload": "Q29udGV4dDogNDM0OTI0YzgyODRjYWU1YQ0KDQo=", "EventData.ConnectionType": "1"}
{"EventID": "1267", "Channel": "Microsoft-Windows-PushNotification-Platform/Operational", "Provider_Name": "Microsoft-Windows-PushNotifications-Platform", "Computer": "DESKTOP-OFJ6N53", "TimeCreated": "2025-08-26 10:10:03.274771+00:00", "RecordID": "3706141", "Level": "5", "UserID": "S-1-5-18", "EventData.Verb": "PNG", "EventData.TrID": "91", "EventData.Namespace": "CON", "EventData.CorrelationVector": "vIKL831gwESlCc7B.91", "EventData.Bytes": "72", "EventData.Payload": "UE5HIDkxIENPTiA1Nw0KTVMtQ1Y6IHZJS0w4MzFnd0VTbENjN0IuOTENCkNvbnRleHQ6IDQzNDkyNGM4Mjg0Y2FlNWENCg0K", "EventData.ConnectionType": "1"}
{"EventID": "1225", "Channel": "Microsoft-Windows-PushNotification-Platform/Operational", "Provider_Name": "Microsoft-Windows-PushNotifications-Platform", "Computer": "DESKTOP-OFJ6N53", "TimeCreated": "2025-08-26 10:10:03.411077+00:00", "RecordID": "3706142", "Level": "5", "UserID": "S-1-5-18", "EventData.Verb": "PNG", "EventData.TrID": "91", "EventData.Namespace": "CON", "EventData.CorrelationVector": "vIKL831gwESlCc7B.91.0", "EventData.Bytes": "126", "EventData.Payload": "TVMtQ1Y6IHZJS0w4MzFnd0VTbENjN0IuOTEuMA0KDQo8cGluZy1yZXNwb25zZT48d2FpdD40Njwvd2FpdD48Y29ubmVjdGlvbi1zdGF0dXM+Q29ubmVjdGVkPC9jb25uZWN0aW9uLXN0YXR1cz48L3BpbmctcmVzcG9uc2U+", "EventData.ConnectionType": "1"}
{"EventID": "1268", "Channel": "Microsoft-Windows-PushNotification-Platform/Operational", "Provider_Name": "Microsoft-Windows-PushNotifications-Platform", "Computer": "DESKTOP-OFJ6N53", "TimeCreated": "2025-08-26 10:10:03.411079+00:00", "RecordID": "3706143", "Level": "5", "UserID": "S-1-5-18", "EventData.Verb": "PNG", "EventData.TrID": "91", "EventData.Namespace": "CON", "EventData.CorrelationVector": "vIKL831gwESlCc7B.91.0", "EventData.Bytes": "126", "EventData.Payload": "UE5HIDkxIENPTgAxMjYNCk1TLUNWOiB2SUtMODMxZ3dFU2xDYzdCLjkxLjANCg0KPHBpbmctcmVzcG9uc2U+PHdhaXQ+NDY8L3dhaXQ+PGNvbm5lY3Rpb24tc3RhdHVzPkNvbm5lY3RlZDwvY29ubmVjdGlvbi1zdGF0dXM+", "EventData.ConnectionType": "1"}
{"EventID": "1223", "Channel": "Microsoft-Windows-PushNotification-Platform/Operational", "Provider_Name": "Microsoft-Windows-PushNotifications-Platform", "Computer": "DESKTOP-OFJ6N53", "TimeCreated": "2025-08-26 10:11:03.285717+00:00", "RecordID": "3706144", "Level": "5", "UserID": "S-1-5-18", "EventData.Verb": "PNG", "EventData.TrID": "92", "EventData.Namespace": "CON", "EventData.CorrelationVector": "vIKL831gwESlCc7B.92", "EventData.Bytes": "29", "EventData.Payload": "Q29udGV4dDogNzIyYzdiZmI5MzIxMTI4Nw0KDQo=", "EventData.ConnectionType": "1"}
{"EventID": "1267", "Channel": "Microsoft-Windows-PushNotification-Platform/Operational", "Provider_Name": "Microsoft-Windows-PushNotifications-Platform", "Computer": "DESKTOP-OFJ6N53", "TimeCreated": "2025-08-26 10:11:03.285719+00:00", "RecordID": "3706145", "Level": "5", "UserID": "S-1-5-18", "EventData.Verb": "PNG", "EventData.TrID": "92", "EventData.Namespace": "CON", "EventData.CorrelationVector": "vIKL831gwESlCc7B.92", "EventData.Bytes": "72", "EventData.Payload": "UE5HIDkyIENPTiA1Nw0KTVMtQ1Y6IHZJS0w4MzFnd0VTbENjN0IuOTINCkNvbnRleHQ6IDcyMmM3YmZiOTMyMTEyODcNCg0K", "EventData.ConnectionType": "1"}
{"EventID": "1225", "Channel": "Microsoft-Windows-PushNotification-Platform/Operational", "Provider_Name": "Microsoft-Windows-PushNotifications-Platform", "Computer": "DESKTOP-OFJ6N53", "TimeCreated": "2025-08-26 10:11:03.348427+00:00", "RecordID": "3706146", "Level": "5", "UserID": "S-1-5-18", "EventData.Verb": "PNG", "EventData.TrID": "92", "EventData.Namespace": "CON", "EventData.CorrelationVector": "vIKL831gwESlCc7B.92.0", "EventData.Bytes": "126", "EventData.Payload": "TVMtQ1Y6IHZJS0w4MzFnd0VTbENjN0IuOTIuMA0KDQo8cGluZy1yZXNwb25zZT48d2FpdD41MDwvd2FpdD48Y29ubmVjdGlvbi1zdGF0dXM+Q29ubmVjdGVkPC9jb25uZWN0aW9uLXN0YXR1cz48L3BpbmctcmVzcG9uc2U+", "EventData.ConnectionType": "1"}
{"EventID": "1268", "Channel": "Microsoft-Windows-PushNotification-Platform/Operational", "Provider_Name": "Microsoft-Windows-PushNotifications-Platform", "Computer": "DESKTOP-OFJ6N53", "TimeCreated": "2025-08-26 10:11:03.348429+00:00", "RecordID": "3706147", "Level": "5", "UserID": "S-1-5-18", "EventData.Verb": "PNG", "EventData.TrID": "92", "EventData.Namespace": "CON", "EventData.CorrelationVector": "vIKL831gwESlCc7B.92.0", "EventData.Bytes": "126", "EventData.Payload": "UE5HIDkyIENPTgAxMjYNCk1TLUNWOiB2SUtMODMxZ3dFU2xDYzdCLjkyLjANCg0KPHBpbmctcmVzcG9uc2U+PHdhaXQ+NTA8L3dhaXQ+PGNvbm5lY3Rpb24tc3RhdHVzPkNvbm5lY3RlZDwvY29ubmVjdGlvbi1zdGF0dXM+", "EventData.ConnectionType": "1"}
{"EventID": "1223", "Channel": "Microsoft-Windows-PushNotification-Platform/Operational", "Provider_Name": "Microsoft-Windows-PushNotifications-Platform", "Computer": "DESKTOP-OFJ6N53", "TimeCreated": "2025-08-26 10:12:03.286770+00:00", "RecordID": "3706148", "Level": "5", "UserID": "S-1-5-18", "EventData.Verb": "PNG", "EventData.TrID": "93", "EventData.Namespace": "CON", "EventData.CorrelationVector": "vIKL831gwESlCc7B.93", "EventData.Bytes": "29", "EventData.Payload": "Q29udGV4dDogODdiZTU0YjU2ODY0ZTUwOA0KDQo=", "EventData.ConnectionType": "1"}
{"EventID": "1267", "Channel": "Microsoft-Windows-PushNotification-Platform/Operational", "Provider_Name": "Microsoft-Windows-PushNotifications-Platform", "Computer": "DESKTOP-OFJ6N53", "TimeCreated": "2025-08-26 10:12:03.286770+00:00", "RecordID": "3706149", "Level": "5", "UserID": "S-1-5-18", "EventData.Verb": "PNG", "EventData.TrID": "93", "EventData.Namespace": "CON", "EventData.CorrelationVector": "vIKL831gwESlCc7B.93", "EventData.Bytes": "72", "EventData.Payload": "UE5HIDkzIENPTiA1Nw0KTVMtQ1Y6IHZJS0w4MzFnd0VTbENjN0IuOTMNCkNvbnRleHQ6IDg3YmU1NGI1Njg2NGU1MDgNCg0K", "EventData.ConnectionType": "1"}
{"EventID": "1225", "Channel": "Microsoft-Windows-PushNotification-Platform/Operational", "Provider_Name": "Microsoft-Windows-PushNotifications-Platform", "Computer": "DESKTOP-OFJ6N53", "TimeCreated": "2025-08-26 10:12:03.354374+00:00", "RecordID": "3706150", "Level": "5", "UserID": "S-1-5-18", "EventData.Verb": "PNG", "EventData.TrID": "93", "EventData.Namespace": "CON", "EventData.CorrelationVector": "vIKL831gwESlCc7B.93.0", "EventData.Bytes": "126", "EventData.Payload": "TVMtQ1Y6IHZJS0w4MzFnd0VTbENjN0IuOTMuMA0KDQo8cGluZy1yZXNwb25zZT48d2FpdD40OTwvd2FpdD48Y29ubmVjdGlvbi1zdGF0dXM+Q29ubmVjdGVkPC9jb25uZWN0aW9uLXN0YXR1cz48L3BpbmctcmVzcG9uc2U+", "EventData.ConnectionType": "1"}
{"EventID": "1268", "Channel": "Microsoft-Windows-PushNotification-Platform/Operational", "Provider_Name": "Microsoft-Windows-PushNotifications-Platform", "Computer": "DESKTOP-OFJ6N53", "TimeCreated": "2025-08-26 10:12:03.354374+00:00", "RecordID": "3706151", "Level": "5", "UserID": "S-1-5-18", "EventData.Verb": "PNG", "EventData.TrID": "93", "EventData.Namespace": "CON", "EventData.CorrelationVector": "vIKL831gwESlCc7B.93.0", "EventData.Bytes": "126", "EventData.Payload": "UE5HIDkzIENPTgAxMjYNCk1TLUNWOiB2SUtMODMxZ3dFU2xDYzdCLjkzLjANCg0KPHBpbmctcmVzcG9uc2U+PHdhaXQ+NDk8L3dhaXQ+PGNvbm5lY3Rpb24tc3RhdHVzPkNvbm5lY3RlZDwvY29ubmVjdGlvbi1zdGF0dXM+", "EventData.ConnectionType": "1"}
{"EventID": "1223", "Channel": "Microsoft-Windows-PushNotification-Platform/Operational", "Provider_Name": "Microsoft-Windows-PushNotifications-Platform", "Computer": "DESKTOP-OFJ6N53", "TimeCreated": "2025-08-26 10:13:03.443108+00:00", "RecordID": "3706152", "Level": "5", "UserID": "S-1-5-18", "EventData.Verb": "PNG", "EventData.TrID": "94", "EventData.Namespace": "CON", "EventData.CorrelationVector": "vIKL831gwESlCc7B.94", "EventData.Bytes": "29", "EventData.Payload": "Q29udGV4dDogMjgxMmVhNzQwYmIzZGIzZg0KDQo=", "EventData.ConnectionType": "1"}
{"EventID": "1267", "Channel": "Microsoft-Windows-PushNotification-Platform/Operational", "Provider_Name": "Microsoft-Windows-PushNotifications-Platform", "Computer": "DESKTOP-OFJ6N53", "TimeCreated": "2025-08-26 10:13:03.443110+00:00", "RecordID": "3706153", "Level": "5", "UserID": "S-1-5-18", "EventData.Verb": "PNG", "EventData.TrID": "94", "EventData.Namespace": "CON", "EventData.CorrelationVector": "vIKL831gwESlCc7B.94", "EventData.Bytes": "72", "EventData.Payload": "UE5HIDk0IENPTiA1Nw0KTVMtQ1Y6IHZJS0w4MzFnd0VTbENjN0IuOTQNCkNvbnRleHQ6IDI4MTJlYTc0MGJiM2RiM2YNCg0K", "EventData.ConnectionType": "1"}
{"EventID": "1225", "Channel": "Microsoft-Windows-PushNotification-Platform/Operational", "Provider_Name": "Microsoft-Windows-PushNotifications-Platform", "Computer": "DESKTOP-OFJ6N53", "TimeCreated": "2025-08-26 10:13:03.507288+00:00", "RecordID": "3706154", "Level": "5", "UserID": "S-1-5-18", "EventData.Verb": "PNG", "EventData.TrID": "94", "EventData.Namespace": "CON", "EventData.CorrelationVector": "vIKL831gwESlCc7B.94.0", "EventData.Bytes": "126", "EventData.Payload": "TVMtQ1Y6IHZJS0w4MzFnd0VTbENjN0IuOTQuMA0KDQo8cGluZy1yZXNwb25zZT48d2FpdD40NDwvd2FpdD48Y29ubmVjdGlvbi1zdGF0dXM+Q29ubmVjdGVkPC9jb25uZWN0aW9uLXN0YXR1cz48L3BpbmctcmVzcG9uc2U+", "EventData.ConnectionType": "1"}
{"EventID": "1268", "Channel": "Microsoft-Windows-PushNotification-Platform/Operational", "Provider_Name": "Microsoft-Windows-PushNotifications-Platform", "Computer": "DESKTOP-OFJ6N53", "TimeCreated": "2025-08-26 10:13:03.507290+00:00", "RecordID": "3706155", "Level": "5", "UserID": "S-1-5-18", "EventData.Verb": "PNG", "EventData.TrID": "94", "EventData.Namespace": "CON", "EventData.CorrelationVector": "vIKL831gwESlCc7B.94.0", "EventData.Bytes": "126", "EventData.Payload": "UE5HIDk0IENPTgAxMjYNCk1TLUNWOiB2SUtMODMxZ3dFU2xDYzdCLjk0LjANCg0KPHBpbmctcmVzcG9uc2U+PHdhaXQ+NDQ8L3dhaXQ+PGNvbm5lY3Rpb24tc3RhdHVzPkNvbm5lY3RlZDwvY29ubmVjdGlvbi1zdGF0dXM+", "EventData.ConnectionType": "1"}
{"EventID": "1223", "Channel": "Microsoft-Windows-PushNotification-Platform/Operational", "Provider_Name": "Microsoft-Windows-PushNotifications-Platform", "Computer": "DESKTOP-OFJ6N53", "TimeCreated": "2025-08-26 10:14:03.445837+00:00", "RecordID": "3706156", "Level": "5", "UserID": "S-1-5-18", "EventData.Verb": "PNG", "EventData.TrID": "95", "EventData.Namespace": "CON", "EventData.CorrelationVector": "vIKL831gwESlCc7B.95", "EventData.Bytes": "29", "EventData.Payload": "Q29udGV4dDogMjQ3ODdhM2JkNmIxN2RkMw0KDQo=", "EventData.ConnectionType": "1"}
{"EventID": "1267", "Channel": "Microsoft-Windows-PushNotification-Platform/Operational", "Provider_Name": "Microsoft-Windows-PushNotifications-Platform", "Computer": "DESKTOP-OFJ6N53", "TimeCreated": "2025-08-26 10:14:03.445839+00:00", "RecordID": "3706157", "Level": "5", "UserID": "S-1-5-18", "EventData.Verb": "PNG", "EventData.TrID": "95", "EventData.Namespace": "CON", "EventData.CorrelationVector": "vIKL831gwESlCc7B.95", "EventData.Bytes": "72", "EventData.Payload": "UE5HIDk1IENPTiA1Nw0KTVMtQ1Y6IHZJS0w4MzFnd0VTbENjN0IuOTUNCkNvbnRleHQ6IDI0Nzg3YTNiZDZiMTdkZDMNCg0K", "EventData.ConnectionType": "1"}
{"EventID": "1225", "Channel": "Microsoft-Windows-PushNotification-Platform/Operational", "Provider_Name": "Microsoft-Windows-PushNotifications-Platform", "Computer": "DESKTOP-OFJ6N53", "TimeCreated": "2025-08-26 10:14:03.536005+00:00", "RecordID": "3706158", "Level": "5", "UserID": "S-1-5-18", "EventData.Verb": "PNG", "EventData.TrID": "95", "EventData.Namespace": "CON", "EventData.CorrelationVector": "vIKL831gwESlCc7B.95.0", "EventData.Bytes": "126", "EventData.Payload": "TVMtQ1Y6IHZJS0w4MzFnd0VTbENjN0IuOTUuMA0KDQo8cGluZy1yZXNwb25zZT48d2FpdD41MDwvd2FpdD48Y29ubmVjdGlvbi1zdGF0dXM+Q29ubmVjdGVkPC9jb25uZWN0aW9uLXN0YXR1cz48L3BpbmctcmVzcG9uc2U+", "EventData.ConnectionType": "1"}
{"EventID": "1268", "Channel": "Microsoft-Windows-PushNotification-Platform/Operational", "Provider_Name": "Microsoft-Windows-PushNotifications-Platform", "Computer": "DESKTOP-OFJ6N53", "TimeCreated": "2025-08-26 10:14:03.536007+00:00", "RecordID": "3706159", "Level": "5", "UserID": "S-1-5-18", "EventData.Verb": "PNG", "EventData.TrID": "95", "EventData.Namespace": "CON", "EventData.CorrelationVector": "vIKL831gwESlCc7B.95.0", "EventData.Bytes": "126", "EventData.Payload": "UE5HIDk1IENPTgAxMjYNCk1TLUNWOiB2SUtMODMxZ3dFU2xDYzdCLjk1LjANCg0KPHBpbmctcmVzcG9uc2U+PHdhaXQ+NTA8L3dhaXQ+PGNvbm5lY3Rpb24tc3RhdHVzPkNvbm5lY3RlZDwvY29ubmVjdGlvbi1zdGF0dXM+", "EventData.ConnectionType": "1"}
{"EventID": "1223", "Channel": "Microsoft-Windows-PushNotification-Platform/Operational", "Provider_Name": "Microsoft-Windows-PushNotifications-Platform", "Computer": "DESKTOP-OFJ6N53", "TimeCreated": "2025-08-26 10:15:03.461126+00:00", "RecordID": "3706160", "Level": "5", "UserID": "S-1-5-18", "EventData.Verb": "PNG", "EventData.TrID": "96", "EventData.Namespace": "CON", "EventData.CorrelationVector": "vIKL831gwESlCc7B.96", "EventData.Bytes": "29", "EventData.Payload": "Q29udGV4dDogZDg5MTY3ODI0MzUwMThlZA0KDQo=", "EventData.ConnectionType": "1"}
{"EventID": "1267", "Channel": "Microsoft-Windows-PushNotification-Platform/Operational", "Provider_Name": "Microsoft-Windows-PushNotifications-Platform", "Computer": "DESKTOP-OFJ6N53", "TimeCreated": "2025-08-26 10:15:03.461126+00:00", "RecordID": "3706161", "Level": "5", "UserID": "S-1-5-18", "EventData.Verb": "PNG", "EventData.TrID": "96", "EventData.Namespace": "CON", "EventData.CorrelationVector": "vIKL831gwESlCc7B.96", "EventData.Bytes": "72", "EventData.Payload": "UE5HIDk2IENPTiA1Nw0KTVMtQ1Y6IHZJS0w4MzFnd0VTbENjN0IuOTYNCkNvbnRleHQ6IGQ4OTE2NzgyNDM1MDE4ZWQNCg0K", "EventData.ConnectionType": "1"}
{"EventID": "1225", "Channel": "Microsoft-Windows-PushNotification-Platform/Operational", "Provider_Name": "Microsoft-Windows-PushNotifications-Platform", "Computer": "DESKTOP-OFJ6N53", "TimeCreated": "2025-08-26 10:15:03.546158+00:00", "RecordID": "3706162", "Level": "5", "UserID": "S-1-5-18", "EventData.Verb": "PNG", "EventData.TrID": "96", "EventData.Namespace": "CON", "EventData.CorrelationVector": "vIKL831gwESlCc7B.96.0", "EventData.Bytes": "126", "EventData.Payload": "TVMtQ1Y6IHZJS0w4MzFnd0VTbENjN0IuOTYuMA0KDQo8cGluZy1yZXNwb25zZT48d2FpdD41MDwvd2FpdD48Y29ubmVjdGlvbi1zdGF0dXM+Q29ubmVjdGVkPC9jb25uZWN0aW9uLXN0YXR1cz48L3BpbmctcmVzcG9uc2U+", "EventData.ConnectionType": "1"}
{"EventID": "1268", "Channel": "Microsoft-Windows-PushNotification-Platform/Operational", "Provider_Name": "Microsoft-Windows-PushNotifications-Platform", "Computer": "DESKTOP-OFJ6N53", "TimeCreated": "2025-08-26 10:15:03.546160+00:00", "RecordID": "3706163", "Level": "5", "UserID": "S-1-5-18", "EventData.Verb": "PNG", "EventData.TrID": "96", "EventData.Namespace": "CON", "EventData.CorrelationVector": "vIKL831gwESlCc7B.96.0", "EventData.Bytes": "126", "EventData.Payload": "UE5HIDk2IENPTgAxMjYNCk1TLUNWOiB2SUtMODMxZ3dFU2xDYzdCLjk2LjANCg0KPHBpbmctcmVzcG9uc2U+PHdhaXQ+NTA8L3dhaXQ+PGNvbm5lY3Rpb24tc3RhdHVzPkNvbm5lY3RlZDwvY29ubmVjdGlvbi1zdGF0dXM+", "EventData.ConnectionType": "1"}
{"EventID": "1223", "Channel": "Microsoft-Windows-PushNotification-Platform/Operational", "Provider_Name": "Microsoft-Windows-PushNotifications-Platform", "Computer": "DESKTOP-OFJ6N53", "TimeCreated": "2025-08-26 10:16:03.467140+00:00", "RecordID": "3706164", "Level": "5", "UserID": "S-1-5-18", "EventData.Verb": "PNG", "EventData.TrID": "97", "EventData.Namespace": "CON", "EventData.CorrelationVector": "vIKL831gwESlCc7B.97", "EventData.Bytes": "29", "EventData.Payload": "Q29udGV4dDogMWU2YjFmNjJiNjI0YTg3YQ0KDQo=", "EventData.ConnectionType": "1"}
{"EventID": "1267", "Channel": "Microsoft-Windows-PushNotification-Platform/Operational", "Provider_Name": "Microsoft-Windows-PushNotifications-Platform", "Computer": "DESKTOP-OFJ6N53", "TimeCreated": "2025-08-26 10:16:03.467140+00:00", "RecordID": "3706165", "Level": "5", "UserID": "S-1-5-18", "EventData.Verb": "PNG", "EventData.TrID": "97", "EventData.Namespace": "CON", "EventData.CorrelationVector": "vIKL831gwESlCc7B.97", "EventData.Bytes": "72", "EventData.Payload": "UE5HIDk3IENPTiA1Nw0KTVMtQ1Y6IHZJS0w4MzFnd0VTbENjN0IuOTcNCkNvbnRleHQ6IDFlNmIxZjYyYjYyNGE4N2ENCg0K", "EventData.ConnectionType": "1"}
{"EventID": "1225", "Channel": "Microsoft-Windows-PushNotification-Platform/Operational", "Provider_Name": "Microsoft-Windows-PushNotifications-Platform", "Computer": "DESKTOP-OFJ6N53", "TimeCreated": "2025-08-26 10:16:03.529789+00:00", "RecordID": "3706166", "Level": "5", "UserID": "S-1-5-18", "EventData.Verb": "PNG", "EventData.TrID": "97", "EventData.Namespace": "CON", "EventData.CorrelationVector": "vIKL831gwESlCc7B.97.0", "EventData.Bytes": "126", "EventData.Payload": "TVMtQ1Y6IHZJS0w4MzFnd0VTbENjN0IuOTcuMA0KDQo8cGluZy1yZXNwb25zZT48d2FpdD40Mzwvd2FpdD48Y29ubmVjdGlvbi1zdGF0dXM+Q29ubmVjdGVkPC9jb25uZWN0aW9uLXN0YXR1cz48L3BpbmctcmVzcG9uc2U+", "EventData.ConnectionType": "1"}
{"EventID": "1268", "Channel": "Microsoft-Windows-PushNotification-Platform/Operational", "Provider_Name": "Microsoft-Windows-PushNotifications-Platform", "Computer": "DESKTOP-OFJ6N53", "TimeCreated": "2025-08-26 10:16:03.529791+00:00", "RecordID": "3706167", "Level": "5", "UserID": "S-1-5-18", "EventData.Verb": "PNG", "EventData.TrID": "97", "EventData.Namespace": "CON", "EventData.CorrelationVector": "vIKL831gwESlCc7B.97.0", "EventData.Bytes": "126", "EventData.Payload": "UE5HIDk3IENPTgAxMjYNCk1TLUNWOiB2SUtMODMxZ3dFU2xDYzdCLjk3LjANCg0KPHBpbmctcmVzcG9uc2U+PHdhaXQ+NDM8L3dhaXQ+PGNvbm5lY3Rpb24tc3RhdHVzPkNvbm5lY3RlZDwvY29ubmVjdGlvbi1zdGF0dXM+", "EventData.ConnectionType": "1"}
{"EventID": "1223", "Channel": "Microsoft-Windows-PushNotification-Platform/Operational", "Provider_Name": "Microsoft-Windows-PushNotifications-Platform", "Computer": "DESKTOP-OFJ6N53", "TimeCreated": "2025-08-26 10:17:03.514841+00:00", "RecordID": "3706168", "Level": "5", "UserID": "S-1-5-18", "EventData.Verb": "PNG", "EventData.TrID": "98", "EventData.Namespace": "CON", "EventData.CorrelationVector": "vIKL831gwESlCc7B.98", "EventData.Bytes": "29", "EventData.Payload": "Q29udGV4dDogOGUzNTY5NzY5OWRjNjljNg0KDQo=", "EventData.ConnectionType": "1"}
{"EventID": "1267", "Channel": "Microsoft-Windows-PushNotification-Platform/Operational", "Provider_Name": "Microsoft-Windows-PushNotifications-Platform", "Computer": "DESKTOP-OFJ6N53", "TimeCreated": "2025-08-26 10:17:03.514845+00:00", "RecordID": "3706169", "Level": "5", "UserID": "S-1-5-18", "EventData.Verb": "PNG", "EventData.TrID": "98", "EventData.Namespace": "CON", "EventData.CorrelationVector": "vIKL831gwESlCc7B.98", "EventData.Bytes": "72", "EventData.Payload": "UE5HIDk4IENPTiA1Nw0KTVMtQ1Y6IHZJS0w4MzFnd0VTbENjN0IuOTgNCkNvbnRleHQ6IDhlMzU2OTc2OTlkYzY5YzYNCg0K", "EventData.ConnectionType": "1"}
{"EventID": "1225", "Channel": "Microsoft-Windows-PushNotification-Platform/Operational", "Provider_Name": "Microsoft-Windows-PushNotifications-Platform", "Computer": "DESKTOP-OFJ6N53", "TimeCreated": "2025-08-26 10:17:03.592571+00:00", "RecordID": "3706170", "Level": "5", "UserID": "S-1-5-18", "EventData.Verb": "PNG", "EventData.TrID": "98", "EventData.Namespace": "CON", "EventData.CorrelationVector": "vIKL831gwESlCc7B.98.0", "EventData.Bytes": "126", "EventData.Payload": "TVMtQ1Y6IHZJS0w4MzFnd0VTbENjN0IuOTguMA0KDQo8cGluZy1yZXNwb25zZT48d2FpdD40OTwvd2FpdD48Y29ubmVjdGlvbi1zdGF0dXM+Q29ubmVjdGVkPC9jb25uZWN0aW9uLXN0YXR1cz48L3BpbmctcmVzcG9uc2U+", "EventData.ConnectionType": "1"}
{"EventID": "1268", "Channel": "Microsoft-Windows-PushNotification-Platform/Operational", "Provider_Name": "Microsoft-Windows-PushNotifications-Platform", "Computer": "DESKTOP-OFJ6N53", "TimeCreated": "2025-08-26 10:17:03.592573+00:00", "RecordID": "3706171", "Level": "5", "UserID": "S-1-5-18", "EventData.Verb": "PNG", "EventData.TrID": "98", "EventData.Namespace": "CON", "EventData.CorrelationVector": "vIKL831gwESlCc7B.98.0", "EventData.Bytes": "126", "EventData.Payload": "UE5HIDk4IENPTgAxMjYNCk1TLUNWOiB2SUtMODMxZ3dFU2xDYzdCLjk4LjANCg0KPHBpbmctcmVzcG9uc2U+PHdhaXQ+NDk8L3dhaXQ+PGNvbm5lY3Rpb24tc3RhdHVzPkNvbm5lY3RlZDwvY29ubmVjdGlvbi1zdGF0dXM+", "EventData.ConnectionType": "1"}
{"EventID": "1223", "Channel": "Microsoft-Windows-PushNotification-Platform/Operational", "Provider_Name": "Microsoft-Windows-PushNotifications-Platform", "Computer": "DESKTOP-OFJ6N53", "TimeCreated": "2025-08-26 10:18:03.597298+00:00", "RecordID": "3706172", "Level": "5", "UserID": "S-1-5-18", "EventData.Verb": "PNG", "EventData.TrID": "99", "EventData.Namespace": "CON", "EventData.CorrelationVector": "vIKL831gwESlCc7B.99", "EventData.Bytes": "28", "EventData.Payload": "Q29udGV4dDogOTYzOWRiNjM3ZDVlOWQ4DQoNCg==", "EventData.ConnectionType": "1"}
{"EventID": "1267", "Channel": "Microsoft-Windows-PushNotification-Platform/Operational", "Provider_Name": "Microsoft-Windows-PushNotifications-Platform", "Computer": "DESKTOP-OFJ6N53", "TimeCreated": "2025-08-26 10:18:03.597300+00:00", "RecordID": "3706173", "Level": "5", "UserID": "S-1-5-18", "EventData.Verb": "PNG", "EventData.TrID": "99", "EventData.Namespace": "CON", "EventData.CorrelationVector": "vIKL831gwESlCc7B.99", "EventData.Bytes": "71", "EventData.Payload": "UE5HIDk5IENPTiA1Ng0KTVMtQ1Y6IHZJS0w4MzFnd0VTbENjN0IuOTkNCkNvbnRleHQ6IDk2MzlkYjYzN2Q1ZTlkOA0KDQo=", "EventData.ConnectionType": "1"}
{"EventID": "1225", "Channel": "Microsoft-Windows-PushNotification-Platform/Operational", "Provider_Name": "Microsoft-Windows-PushNotifications-Platform", "Computer": "DESKTOP-OFJ6N53", "TimeCreated": "2025-08-26 10:18:03.692961+00:00", "RecordID": "3706174", "Level": "5", "UserID": "S-1-5-18", "EventData.Verb": "PNG", "EventData.TrID": "99", "EventData.Namespace": "CON", "EventData.CorrelationVector": "vIKL831gwESlCc7B.99.0", "EventData.Bytes": "126", "EventData.Payload": "TVMtQ1Y6IHZJS0w4MzFnd0VTbENjN0IuOTkuMA0KDQo8cGluZy1yZXNwb25zZT48d2FpdD40NTwvd2FpdD48Y29ubmVjdGlvbi1zdGF0dXM+Q29ubmVjdGVkPC9jb25uZWN0aW9uLXN0YXR1cz48L3BpbmctcmVzcG9uc2U+", "EventData.ConnectionType": "1"}
{"EventID": "1268", "Channel": "Microsoft-Windows-PushNotification-Platform/Operational", "Provider_Name": "Microsoft-Windows-PushNotifications-Platform", "Computer": "DESKTOP-OFJ6N53", "TimeCreated": "2025-08-26 10:18:03.692963+00:00", "RecordID": "3706175", "Level": "5", "UserID": "S-1-5-18", "EventData.Verb": "PNG", "EventData.TrID": "99", "EventData.Namespace": "CON", "EventData.CorrelationVector": "vIKL831gwESlCc7B.99.0", "EventData.Bytes": "126", "EventData.Payload": "UE5HIDk5IENPTgAxMjYNCk1TLUNWOiB2SUtMODMxZ3dFU2xDYzdCLjk5LjANCg0KPHBpbmctcmVzcG9uc2U+PHdhaXQ+NDU8L3dhaXQ+PGNvbm5lY3Rpb24tc3RhdHVzPkNvbm5lY3RlZDwvY29ubmVjdGlvbi1zdGF0dXM+", "EventData.ConnectionType": "1"}
{"EventID": "1223", "Channel": "Microsoft-Windows-PushNotification-Platform/Operational", "Provider_Name": "Microsoft-Windows-PushNotifications-Platform", "Computer": "DESKTOP-OFJ6N53", "TimeCreated": "2025-08-26 10:19:03.600498+00:00", "RecordID": "3706176", "Level": "5", "UserID": "S-1-5-18", "EventData.Verb": "PNG", "EventData.TrID": "100", "EventData.Namespace": "CON", "EventData.CorrelationVector": "vIKL831gwESlCc7B.100", "EventData.Bytes": "29", "EventData.Payload": "Q29udGV4dDogYjJhZWQxYTM4ZDU3ZWNlNA0KDQo=", "EventData.ConnectionType": "1"}
{"EventID": "1267", "Channel": "Microsoft-Windows-PushNotification-Platform/Operational", "Provider_Name": "Microsoft-Windows-PushNotifications-Platform", "Computer": "DESKTOP-OFJ6N53", "TimeCreated": "2025-08-26 10:19:03.600498+00:00", "RecordID": "3706177", "Level": "5", "UserID": "S-1-5-18", "EventData.Verb": "PNG", "EventData.TrID": "100", "EventData.Namespace": "CON", "EventData.CorrelationVector": "vIKL831gwESlCc7B.100", "EventData.Bytes": "74", "EventData.Payload": "UE5HIDEwMCBDT04gNTgNCk1TLUNWOiB2SUtMODMxZ3dFU2xDYzdCLjEwMA0KQ29udGV4dDogYjJhZWQxYTM4ZDU3ZWNlNA0KDQo=", "EventData.ConnectionType": "1"}
{"EventID": "1225", "Channel": "Microsoft-Windows-PushNotification-Platform/Operational", "Provider_Name": "Microsoft-Windows-PushNotifications-Platform", "Computer": "DESKTOP-OFJ6N53", "TimeCreated": "2025-08-26 10:19:03.663065+00:00", "RecordID": "3706178", "Level": "5", "UserID": "S-1-5-18", "EventData.Verb": "PNG", "EventData.TrID": "100", "EventData.Namespace": "CON", "EventData.CorrelationVector": "vIKL831gwESlCc7B.100.0", "EventData.Bytes": "127", "EventData.Payload": "TVMtQ1Y6IHZJS0w4MzFnd0VTbENjN0IuMTAwLjANCg0KPHBpbmctcmVzcG9uc2U+PHdhaXQ+NDI8L3dhaXQ+PGNvbm5lY3Rpb24tc3RhdHVzPkNvbm5lY3RlZDwvY29ubmVjdGlvbi1zdGF0dXM+PC9waW5nLXJlc3BvbnNlPg==", "EventData.ConnectionType": "1"}
{"EventID": "1268", "Channel": "Microsoft-Windows-PushNotification-Platform/Operational", "Provider_Name": "Microsoft-Windows-PushNotifications-Platform", "Computer": "DESKTOP-OFJ6N53", "TimeCreated": "2025-08-26 10:19:03.663067+00:00", "RecordID": "3706179", "Level": "5", "UserID": "S-1-5-18", "EventData.Verb": "PNG", "EventData.TrID": "100", "EventData.Namespace": "CON", "EventData.CorrelationVector": "vIKL831gwESlCc7B.100.0", "EventData.Bytes": "127", "EventData.Payload": "UE5HIDEwMCBDT04AMTI3DQpNUy1DVjogdklLTDgzMWd3RVNsQ2M3Qi4xMDAuMA0KDQo8cGluZy1yZXNwb25zZT48d2FpdD40Mjwvd2FpdD48Y29ubmVjdGlvbi1zdGF0dXM+Q29ubmVjdGVkPC9jb25uZWN0aW9uLXN0YXR1cw==", "EventData.ConnectionType": "1"}
{"EventID": "1223", "Channel": "Microsoft-Windows-PushNotification-Platform/Operational", "Provider_Name": "Microsoft-Windows-PushNotifications-Platform", "Computer": "DESKTOP-OFJ6N53", "TimeCreated": "2025-08-26 10:20:03.656239+00:00", "RecordID": "3706180", "Level": "5", "UserID": "S-1-5-18", "EventData.Verb": "PNG", "EventData.TrID": "101", "EventData.Namespace": "CON", "EventData.CorrelationVector": "vIKL831gwESlCc7B.101", "EventData.Bytes": "29", "EventData.Payload": "Q29udGV4dDogZmQwOTMzZmFhZmUwNTM2Yg0KDQo=", "EventData.ConnectionType": "1"}
{"EventID": "1267", "Channel": "Microsoft-Windows-PushNotification-Platform/Operational", "Provider_Name": "Microsoft-Windows-PushNotifications-Platform", "Computer": "DESKTOP-OFJ6N53", "TimeCreated": "2025-08-26 10:20:03.656239+00:00", "RecordID": "3706181", "Level": "5", "UserID": "S-1-5-18", "EventData.Verb": "PNG", "EventData.TrID": "101", "EventData.Namespace": "CON", "EventData.CorrelationVector": "vIKL831gwESlCc7B.101", "EventData.Bytes": "74", "EventData.Payload": "UE5HIDEwMSBDT04gNTgNCk1TLUNWOiB2SUtMODMxZ3dFU2xDYzdCLjEwMQ0KQ29udGV4dDogZmQwOTMzZmFhZmUwNTM2Yg0KDQo=", "EventData.ConnectionType": "1"}
{"EventID": "1225", "Channel": "Microsoft-Windows-PushNotification-Platform/Operational", "Provider_Name": "Microsoft-Windows-PushNotifications-Platform", "Computer": "DESKTOP-OFJ6N53", "TimeCreated": "2025-08-26 10:20:03.726421+00:00", "RecordID": "3706182", "Level": "5", "UserID": "S-1-5-18", "EventData.Verb": "PNG", "EventData.TrID": "101", "EventData.Namespace": "CON", "EventData.CorrelationVector": "vIKL831gwESlCc7B.101.0", "EventData.Bytes": "127", "EventData.Payload": "TVMtQ1Y6IHZJS0w4MzFnd0VTbENjN0IuMTAxLjANCg0KPHBpbmctcmVzcG9uc2U+PHdhaXQ+NDY8L3dhaXQ+PGNvbm5lY3Rpb24tc3RhdHVzPkNvbm5lY3RlZDwvY29ubmVjdGlvbi1zdGF0dXM+PC9waW5nLXJlc3BvbnNlPg==", "EventData.ConnectionType": "1"}
{"EventID": "1268", "Channel": "Microsoft-Windows-PushNotification-Platform/Operational", "Provider_Name": "Microsoft-Windows-PushNotifications-Platform", "Computer": "DESKTOP-OFJ6N53", "TimeCreated": "2025-08-26 10:20:03.726423+00:00", "RecordID": "3706183", "Level": "5", "UserID": "S-1-5-18", "EventData.Verb": "PNG", "EventData.TrID": "101", "EventData.Namespace": "CON", "EventData.CorrelationVector": "vIKL831gwESlCc7B.101.0", "EventData.Bytes": "127", "EventData.Payload": "UE5HIDEwMSBDT04AMTI3DQpNUy1DVjogdklLTDgzMWd3RVNsQ2M3Qi4xMDEuMA0KDQo8cGluZy1yZXNwb25zZT48d2FpdD40Njwvd2FpdD48Y29ubmVjdGlvbi1zdGF0dXM+Q29ubmVjdGVkPC9jb25uZWN0aW9uLXN0YXR1cw==", "EventData.ConnectionType": "1"}
{"EventID": "1223", "Channel": "Microsoft-Windows-PushNotification-Platform/Operational", "Provider_Name": "Microsoft-Windows-PushNotifications-Platform", "Computer": "DESKTOP-OFJ6N53", "TimeCreated": "2025-08-26 10:21:03.649258+00:00", "RecordID": "3706184", "Level": "5", "UserID": "S-1-5-18", "EventData.Verb": "PNG", "EventData.TrID": "102", "EventData.Namespace": "CON", "EventData.CorrelationVector": "vIKL831gwESlCc7B.102", "EventData.Bytes": "29", "EventData.Payload": "Q29udGV4dDogMWVjYjA1ODYyNGM0NzE3NQ0KDQo=", "EventData.ConnectionType": "1"}
