{"EventID": "257", "Channel": "Microsoft-Windows-Time-Service/Operational", "Provider_Name": "Microsoft-Windows-Time-Service", "Computer": "DESKTOP-OFJ6N53", "TimeCreated": "2025-07-09 08:49:28.147617+00:00", "RecordID": "12483", "Level": "4", "UserID": "S-1-5-19", "EventData.CurrentTime(UTC)": "2025-07-09T08:49:28.147Z", "EventData.TickCount": "158420843", "EventData.Configuration": "EventLogFlags: 2 (Локальный)\nAnnounceFlags: 10 (Локальный)\nTimeJumpAuditOffset: 28800 (Локальный)\nMinPollInterval: 10 (Локальный)\nMaxPollInterval: 15 (Локальный)\nMaxNegPhaseCorrection: 54000 (Локальный)\nMaxPosPhaseCorrection: 54000 (Локальный)\nMaxAllowedPhaseOffset: 1 (Локальный)\n\nFrequencyCorrectRate: 4 (Локальный)\nPollAdjustFactor: 5 (Локальный)\nLargePhaseOffset: 50000000 (Локальный)\nSpikeWatchPeriod: 900 (Локальный)\nLocalClockDispersion: 10 (Локальный)\nHoldPeriod: 5 (Локальный)\nPhaseCorrectRate: 1 (Локальный)\nUpdateInterval: 360000 (Локальный)\n\nFileLogName:  (Не определен или не используется)\nFileLogEntries:  (Не определен или не используется)\nFileLogSize: 0 (Не определен или не используется)\nFileLogFlags: 0 (Не определен или не используется)\n\nUtilizeSslTimeData: 1 (Локальный)\n\n[Leap Seconds]\nEnabled: 1 (Local)\nTotal Leap Seconds (after June 2018): 0 (Local)\nCurrent UTC offset: 0 (Local)", "EventData.TimeProviders": "NtpClient (Локальный)\nDllName: C:\\Windows\\system32\\w32time.dll (Локальный)\nEnabled: 1 (Локальный)\nInputProvider: 1 (Локальный)\nCrossSiteSyncFlags: 0 (Не определен или не используется)\nAllowNonstandardModeCombinations: 1 (Локальный)\nResolvePeerBackoffMinutes: 15 (Локальный)\nResolvePeerBackoffMaxTimes: 7 (Локальный)\nCompatibilityFlags: 2147483648 (Локальный)\nEventLogFlags: 1 (Локальный)\nLargeSampleSkew: 3 (Локальный)\nSpecialPollInterval: 32768 (Локальный)\nType: NTP (Локальный)\nNtpServer: time.windows.com,0x9 (Локальный)\n\nVMICTimeProvider (Локальный)\nDllName: C:\\Windows\\System32\\vmictimeprovider.dll (Локальный)\nEnabled: 1 (Локальный)\nInputProvider: 1 (Локальный)\n\nNtpServer (Локальный)\nDllName: C:\\Windows\\system32\\w32time.dll (Локальный)\nEnabled: 0 (Локальный)\nInputProvider: 0 (Локальный)", "EventData.ClockRate": "156250"}
{"EventID": "266", "Channel": "Microsoft-Windows-Time-Service/Operational", "Provider_Name": "Microsoft-Windows-Time-Service", "Computer": "DESKTOP-OFJ6N53", "TimeCreated": "2025-07-09 08:49:28.148462+00:00", "RecordID": "12484", "Level": "4", "UserID": "S-1-5-19", "EventData.ReasonCode": "2", "EventData.TickCount": "158420875"}
{"EventID": "264", "Channel": "Microsoft-Windows-Time-Service/Operational", "Provider_Name": "Microsoft-Windows-Time-Service", "Computer": "DESKTOP-OFJ6N53", "TimeCreated": "2025-07-09 08:49:29.745377+00:00", "RecordID": "12485", "Level": "4", "UserID": "S-1-5-19", "EventData.AllNtpServers": "time.windows.com,0x9 (ntp.m|0x9|0.0.0.0:123->104.40.149.189:123);", "EventData.TickCount": "158422468"}
{"EventID": "261", "Channel": "Microsoft-Windows-Time-Service/Operational", "Provider_Name": "Microsoft-Windows-Time-Service", "Computer": "DESKTOP-OFJ6N53", "TimeCreated": "2025-07-09 08:49:45.775198+00:00", "RecordID": "12486", "Level": "4", "UserID": "S-1-5-19", "EventData.NewTime": "2025-07-09T08:49:45.774Z", "EventData.OldTime": "2025-07-09T08:49:44.171Z", "EventData.TickCount": "158436906"}
{"EventID": "266", "Channel": "Microsoft-Windows-Time-Service/Operational", "Provider_Name": "Microsoft-Windows-Time-Service", "Computer": "DESKTOP-OFJ6N53", "TimeCreated": "2025-07-09 08:49:45.777122+00:00", "RecordID": "12487", "Level": "4", "UserID": "S-1-5-19", "EventData.ReasonCode": "3", "EventData.TickCount": "158436906"}
{"EventID": "265", "Channel": "Microsoft-Windows-Time-Service/Operational", "Provider_Name": "Microsoft-Windows-Time-Service", "Computer": "DESKTOP-OFJ6N53", "TimeCreated": "2025-07-09 08:49:45.777378+00:00", "RecordID": "12488", "Level": "4", "UserID": "S-1-5-19", "EventData.TimeSource": "time.windows.com,0x9 (ntp.m|0x9|0.0.0.0:123->104.40.149.189:123)", "EventData.TimeSourceRefId": "0x682895BD", "EventData.LocalStratumNumber": "4", "EventData.TickCount": "158436906"}
{"EventID": "261", "Channel": "Microsoft-Windows-Time-Service/Operational", "Provider_Name": "Microsoft-Windows-Time-Service", "Computer": "DESKTOP-OFJ6N53", "TimeCreated": "2025-07-09 08:49:45.778280+00:00", "RecordID": "12489", "Level": "4", "UserID": "S-1-5-19", "EventData.NewTime": "2025-07-09T08:49:45.777Z", "EventData.OldTime": "2025-07-09T08:49:45.774Z", "EventData.TickCount": "158436906"}
{"EventID": "261", "Channel": "Microsoft-Windows-Time-Service/Operational", "Provider_Name": "Microsoft-Windows-Time-Service", "Computer": "DESKTOP-OFJ6N53", "TimeCreated": "2025-07-09 08:49:45.780155+00:00", "RecordID": "12490", "Level": "4", "UserID": "S-1-5-19", "EventData.NewTime": "2025-07-09T08:49:45.779Z", "EventData.OldTime": "2025-07-09T08:49:45.777Z", "EventData.TickCount": "158436906"}
{"EventID": "258", "Channel": "Microsoft-Windows-Time-Service/Operational", "Provider_Name": "Microsoft-Windows-Time-Service", "Computer": "DESKTOP-OFJ6N53", "TimeCreated": "2025-07-09 08:49:45.784863+00:00", "RecordID": "12491", "Level": "4", "UserID": "S-1-5-19", "EventData.CurrentTime(UTC)": "2025-07-09T08:49:45.784Z", "EventData.TickCount": "158436906", "EventData.ErrorMessage": "0x00000000: Успешно."}
{"EventID": "272", "Channel": "Microsoft-Windows-Time-Service/Operational", "Provider_Name": "Microsoft-Windows-Time-Service", "Computer": "DESKTOP-OFJ6N53", "TimeCreated": "2025-07-10 08:40:01.081532+00:00", "RecordID": "12492", "Level": "4", "UserID": "S-1-5-19", "EventData.Enabled": "1", "EventData.LeapSecondCount": "0", "EventData.CurrentUtcOffset": "0", "EventData.RuntimeStateAndSettingsConsistent": "1", "EventData.NewestLeapSecondsList": null, "EventData.TickCount": "64974171"}
{"EventID": "257", "Channel": "Microsoft-Windows-Time-Service/Operational", "Provider_Name": "Microsoft-Windows-Time-Service", "Computer": "DESKTOP-OFJ6N53", "TimeCreated": "2025-07-10 08:40:01.101717+00:00", "RecordID": "12493", "Level": "4", "UserID": "S-1-5-19", "EventData.CurrentTime(UTC)": "2025-07-10T08:40:01.101Z", "EventData.TickCount": "64974171", "EventData.Configuration": "EventLogFlags: 2 (Локальный)\nAnnounceFlags: 10 (Локальный)\nTimeJumpAuditOffset: 28800 (Локальный)\nMinPollInterval: 10 (Локальный)\nMaxPollInterval: 15 (Локальный)\nMaxNegPhaseCorrection: 54000 (Локальный)\nMaxPosPhaseCorrection: 54000 (Локальный)\nMaxAllowedPhaseOffset: 1 (Локальный)\n\nFrequencyCorrectRate: 4 (Локальный)\nPollAdjustFactor: 5 (Локальный)\nLargePhaseOffset: 50000000 (Локальный)\nSpikeWatchPeriod: 900 (Локальный)\nLocalClockDispersion: 10 (Локальный)\nHoldPeriod: 5 (Локальный)\nPhaseCorrectRate: 1 (Локальный)\nUpdateInterval: 360000 (Локальный)\n\nFileLogName:  (Не определен или не используется)\nFileLogEntries:  (Не определен или не используется)\nFileLogSize: 0 (Не определен или не используется)\nFileLogFlags: 0 (Не определен или не используется)\n\nUtilizeSslTimeData: 1 (Локальный)\n\n[Leap Seconds]\nEnabled: 1 (Local)\nTotal Leap Seconds (after June 2018): 0 (Local)\nCurrent UTC offset: 0 (Local)", "EventData.TimeProviders": "NtpClient (Локальный)\nDllName: C:\\Windows\\system32\\w32time.dll (Локальный)\nEnabled: 1 (Локальный)\nInputProvider: 1 (Локальный)\nCrossSiteSyncFlags: 0 (Не определен или не используется)\nAllowNonstandardModeCombinations: 1 (Локальный)\nResolvePeerBackoffMinutes: 15 (Локальный)\nResolvePeerBackoffMaxTimes: 7 (Локальный)\nCompatibilityFlags: 2147483648 (Локальный)\nEventLogFlags: 1 (Локальный)\nLargeSampleSkew: 3 (Локальный)\nSpecialPollInterval: 32768 (Локальный)\nType: NTP (Локальный)\nNtpServer: time.windows.com,0x9 (Локальный)\n\nVMICTimeProvider (Локальный)\nDllName: C:\\Windows\\System32\\vmictimeprovider.dll (Локальный)\nEnabled: 1 (Локальный)\nInputProvider: 1 (Локальный)\n\nNtpServer (Локальный)\nDllName: C:\\Windows\\system32\\w32time.dll (Локальный)\nEnabled: 0 (Локальный)\nInputProvider: 0 (Локальный)", "EventData.ClockRate": "156250"}
{"EventID": "266", "Channel": "Microsoft-Windows-Time-Service/Operational", "Provider_Name": "Microsoft-Windows-Time-Service", "Computer": "DESKTOP-OFJ6N53", "TimeCreated": "2025-07-10 08:40:01.102167+00:00", "RecordID": "12494", "Level": "4", "UserID": "S-1-5-19", "EventData.ReasonCode": "2", "EventData.TickCount": "64974187"}
{"EventID": "264", "Channel": "Microsoft-Windows-Time-Service/Operational", "Provider_Name": "Microsoft-Windows-Time-Service", "Computer": "DESKTOP-OFJ6N53", "TimeCreated": "2025-07-10 08:40:02.690647+00:00", "RecordID": "12495", "Level": "4", "UserID": "S-1-5-19", "EventData.AllNtpServers": "time.windows.com,0x9 (ntp.m|0x9|0.0.0.0:123->20.101.57.9:123);", "EventData.TickCount": "64975781"}
{"EventID": "261", "Channel": "Microsoft-Windows-Time-Service/Operational", "Provider_Name": "Microsoft-Windows-Time-Service", "Computer": "DESKTOP-OFJ6N53", "TimeCreated": "2025-07-10 08:42:51.750656+00:00", "RecordID": "12496", "Level": "4", "UserID": "S-1-5-19", "EventData.NewTime": "2025-07-10T08:42:51.750Z", "EventData.OldTime": "2025-07-10T08:40:17.140Z", "EventData.TickCount": "64990234"}
{"EventID": "266", "Channel": "Microsoft-Windows-Time-Service/Operational", "Provider_Name": "Microsoft-Windows-Time-Service", "Computer": "DESKTOP-OFJ6N53", "TimeCreated": "2025-07-10 08:42:51.750904+00:00", "RecordID": "12497", "Level": "4", "UserID": "S-1-5-19", "EventData.ReasonCode": "3", "EventData.TickCount": "64990234"}
{"EventID": "265", "Channel": "Microsoft-Windows-Time-Service/Operational", "Provider_Name": "Microsoft-Windows-Time-Service", "Computer": "DESKTOP-OFJ6N53", "TimeCreated": "2025-07-10 08:42:51.750940+00:00", "RecordID": "12498", "Level": "4", "UserID": "S-1-5-19", "EventData.TimeSource": "time.windows.com,0x9 (ntp.m|0x9|0.0.0.0:123->20.101.57.9:123)", "EventData.TimeSourceRefId": "0x14653909", "EventData.LocalStratumNumber": "4", "EventData.TickCount": "64990234"}
{"EventID": "261", "Channel": "Microsoft-Windows-Time-Service/Operational", "Provider_Name": "Microsoft-Windows-Time-Service", "Computer": "DESKTOP-OFJ6N53", "TimeCreated": "2025-07-10 08:42:51.752035+00:00", "RecordID": "12499", "Level": "4", "UserID": "S-1-5-19", "EventData.NewTime": "2025-07-10T08:42:51.751Z", "EventData.OldTime": "2025-07-10T08:42:51.750Z", "EventData.TickCount": "64990234"}
{"EventID": "261", "Channel": "Microsoft-Windows-Time-Service/Operational", "Provider_Name": "Microsoft-Windows-Time-Service", "Computer": "DESKTOP-OFJ6N53", "TimeCreated": "2025-07-10 08:42:51.753128+00:00", "RecordID": "12500", "Level": "4", "UserID": "S-1-5-19", "EventData.NewTime": "2025-07-10T08:42:51.752Z", "EventData.OldTime": "2025-07-10T08:42:51.751Z", "EventData.TickCount": "64990234"}
{"EventID": "258", "Channel": "Microsoft-Windows-Time-Service/Operational", "Provider_Name": "Microsoft-Windows-Time-Service", "Computer": "DESKTOP-OFJ6N53", "TimeCreated": "2025-07-10 08:42:51.755436+00:00", "RecordID": "12501", "Level": "4", "UserID": "S-1-5-19", "EventData.CurrentTime(UTC)": "2025-07-10T08:42:51.755Z", "EventData.TickCount": "64990234", "EventData.ErrorMessage": "0x00000000: Успешно."}
{"EventID": "272", "Channel": "Microsoft-Windows-Time-Service/Operational", "Provider_Name": "Microsoft-Windows-Time-Service", "Computer": "DESKTOP-OFJ6N53", "TimeCreated": "2025-07-11 08:39:55.419241+00:00", "RecordID": "12502", "Level": "4", "UserID": "S-1-5-19", "EventData.Enabled": "1", "EventData.LeapSecondCount": "0", "EventData.CurrentUtcOffset": "0", "EventData.RuntimeStateAndSettingsConsistent": "1", "EventData.NewestLeapSecondsList": null, "EventData.TickCount": "151213890"}
{"EventID": "257", "Channel": "Microsoft-Windows-Time-Service/Operational", "Provider_Name": "Microsoft-Windows-Time-Service", "Computer": "DESKTOP-OFJ6N53", "TimeCreated": "2025-07-11 08:39:55.447624+00:00", "RecordID": "12503", "Level": "4", "UserID": "S-1-5-19", "EventData.CurrentTime(UTC)": "2025-07-11T08:39:55.447Z", "EventData.TickCount": "151213890", "EventData.Configuration": "EventLogFlags: 2 (Локальный)\nAnnounceFlags: 10 (Локальный)\nTimeJumpAuditOffset: 28800 (Локальный)\nMinPollInterval: 10 (Локальный)\nMaxPollInterval: 15 (Локальный)\nMaxNegPhaseCorrection: 54000 (Локальный)\nMaxPosPhaseCorrection: 54000 (Локальный)\nMaxAllowedPhaseOffset: 1 (Локальный)\n\nFrequencyCorrectRate: 4 (Локальный)\nPollAdjustFactor: 5 (Локальный)\nLargePhaseOffset: 50000000 (Локальный)\nSpikeWatchPeriod: 900 (Локальный)\nLocalClockDispersion: 10 (Локальный)\nHoldPeriod: 5 (Локальный)\nPhaseCorrectRate: 1 (Локальный)\nUpdateInterval: 360000 (Локальный)\n\nFileLogName:  (Не определен или не используется)\nFileLogEntries:  (Не определен или не используется)\nFileLogSize: 0 (Не определен или не используется)\nFileLogFlags: 0 (Не определен или не используется)\n\nUtilizeSslTimeData: 1 (Локальный)\n\n[Leap Seconds]\nEnabled: 1 (Local)\nTotal Leap Seconds (after June 2018): 0 (Local)\nCurrent UTC offset: 0 (Local)", "EventData.TimeProviders": "NtpClient (Локальный)\nDllName: C:\\Windows\\system32\\w32time.dll (Локальный)\nEnabled: 1 (Локальный)\nInputProvider: 1 (Локальный)\nCrossSiteSyncFlags: 0 (Не определен или не используется)\nAllowNonstandardModeCombinations: 1 (Локальный)\nResolvePeerBackoffMinutes: 15 (Локальный)\nResolvePeerBackoffMaxTimes: 7 (Локальный)\nCompatibilityFlags: 2147483648 (Локальный)\nEventLogFlags: 1 (Локальный)\nLargeSampleSkew: 3 (Локальный)\nSpecialPollInterval: 32768 (Локальный)\nType: NTP (Локальный)\nNtpServer: time.windows.com,0x9 (Локальный)\n\nVMICTimeProvider (Локальный)\nDllName: C:\\Windows\\System32\\vmictimeprovider.dll (Локальный)\nEnabled: 1 (Локальный)\nInputProvider: 1 (Локальный)\n\nNtpServer (Локальный)\nDllName: C:\\Windows\\system32\\w32time.dll (Локальный)\nEnabled: 0 (Локальный)\nInputProvider: 0 (Локальный)", "EventData.ClockRate": "156250"}
{"EventID": "266", "Channel": "Microsoft-Windows-Time-Service/Operational", "Provider_Name": "Microsoft-Windows-Time-Service", "Computer": "DESKTOP-OFJ6N53", "TimeCreated": "2025-07-11 08:39:55.450361+00:00", "RecordID": "12504", "Level": "4", "UserID": "S-1-5-19", "EventData.ReasonCode": "2", "EventData.TickCount": "151213921"}
{"EventID": "264", "Channel": "Microsoft-Windows-Time-Service/Operational", "Provider_Name": "Microsoft-Windows-Time-Service", "Computer": "DESKTOP-OFJ6N53", "TimeCreated": "2025-07-11 08:39:57.079285+00:00", "RecordID": "12505", "Level": "4", "UserID": "S-1-5-19", "EventData.AllNtpServers": "time.windows.com,0x9 (ntp.m|0x9|0.0.0.0:123->20.101.57.9:123);", "EventData.TickCount": "151215562"}
{"EventID": "265", "Channel": "Microsoft-Windows-Time-Service/Operational", "Provider_Name": "Microsoft-Windows-Time-Service", "Computer": "DESKTOP-OFJ6N53", "TimeCreated": "2025-07-11 08:40:11.531797+00:00", "RecordID": "12506", "Level": "4", "UserID": "S-1-5-19", "EventData.TimeSource": "time.windows.com,0x9 (ntp.m|0x9|0.0.0.0:123->20.101.57.9:123)", "EventData.TimeSourceRefId": "0x14653909", "EventData.LocalStratumNumber": "4", "EventData.TickCount": "151230015"}
{"EventID": "261", "Channel": "Microsoft-Windows-Time-Service/Operational", "Provider_Name": "Microsoft-Windows-Time-Service", "Computer": "DESKTOP-OFJ6N53", "TimeCreated": "2025-07-11 08:40:11.533012+00:00", "RecordID": "12507", "Level": "4", "UserID": "S-1-5-19", "EventData.NewTime": "2025-07-11T08:40:11.532Z", "EventData.OldTime": "2025-07-11T08:40:11.531Z", "EventData.TickCount": "151230015"}
{"EventID": "258", "Channel": "Microsoft-Windows-Time-Service/Operational", "Provider_Name": "Microsoft-Windows-Time-Service", "Computer": "DESKTOP-OFJ6N53", "TimeCreated": "2025-07-11 08:40:11.536070+00:00", "RecordID": "12508", "Level": "4", "UserID": "S-1-5-19", "EventData.CurrentTime(UTC)": "2025-07-11T08:40:11.536Z", "EventData.TickCount": "151230015", "EventData.ErrorMessage": "0x00000000: Успешно."}
{"EventID": "272", "Channel": "Microsoft-Windows-Time-Service/Operational", "Provider_Name": "Microsoft-Windows-Time-Service", "Computer": "DESKTOP-OFJ6N53", "TimeCreated": "2025-07-12 08:40:43.208586+00:00", "RecordID": "12509", "Level": "4", "UserID": "S-1-5-19", "EventData.Enabled": "1", "EventData.LeapSecondCount": "0", "EventData.CurrentUtcOffset": "0", "EventData.RuntimeStateAndSettingsConsistent": "1", "EventData.NewestLeapSecondsList": null, "EventData.TickCount": "237482718"}
{"EventID": "257", "Channel": "Microsoft-Windows-Time-Service/Operational", "Provider_Name": "Microsoft-Windows-Time-Service", "Computer": "DESKTOP-OFJ6N53", "TimeCreated": "2025-07-12 08:40:43.226639+00:00", "RecordID": "12510", "Level": "4", "UserID": "S-1-5-19", "EventData.CurrentTime(UTC)": "2025-07-12T08:40:43.226Z", "EventData.TickCount": "237482718", "EventData.Configuration": "EventLogFlags: 2 (Локальный)\nAnnounceFlags: 10 (Локальный)\nTimeJumpAuditOffset: 28800 (Локальный)\nMinPollInterval: 10 (Локальный)\nMaxPollInterval: 15 (Локальный)\nMaxNegPhaseCorrection: 54000 (Локальный)\nMaxPosPhaseCorrection: 54000 (Локальный)\nMaxAllowedPhaseOffset: 1 (Локальный)\n\nFrequencyCorrectRate: 4 (Локальный)\nPollAdjustFactor: 5 (Локальный)\nLargePhaseOffset: 50000000 (Локальный)\nSpikeWatchPeriod: 900 (Локальный)\nLocalClockDispersion: 10 (Локальный)\nHoldPeriod: 5 (Локальный)\nPhaseCorrectRate: 1 (Локальный)\nUpdateInterval: 360000 (Локальный)\n\nFileLogName:  (Не определен или не используется)\nFileLogEntries:  (Не определен или не используется)\nFileLogSize: 0 (Не определен или не используется)\nFileLogFlags: 0 (Не определен или не используется)\n\nUtilizeSslTimeData: 1 (Локальный)\n\n[Leap Seconds]\nEnabled: 1 (Local)\nTotal Leap Seconds (after June 2018): 0 (Local)\nCurrent UTC offset: 0 (Local)", "EventData.TimeProviders": "NtpClient (Локальный)\nDllName: C:\\Windows\\system32\\w32time.dll (Локальный)\nEnabled: 1 (Локальный)\nInputProvider: 1 (Локальный)\nCrossSiteSyncFlags: 0 (Не определен или не используется)\nAllowNonstandardModeCombinations: 1 (Локальный)\nResolvePeerBackoffMinutes: 15 (Локальный)\nResolvePeerBackoffMaxTimes: 7 (Локальный)\nCompatibilityFlags: 2147483648 (Локальный)\nEventLogFlags: 1 (Локальный)\nLargeSampleSkew: 3 (Локальный)\nSpecialPollInterval: 32768 (Локальный)\nType: NTP (Локальный)\nNtpServer: time.windows.com,0x9 (Локальный)\n\nVMICTimeProvider (Локальный)\nDllName: C:\\Windows\\System32\\vmictimeprovider.dll (Локальный)\nEnabled: 1 (Локальный)\nInputProvider: 1 (Локальный)\n\nNtpServer (Локальный)\nDllName: C:\\Windows\\system32\\w32time.dll (Локальный)\nEnabled: 0 (Локальный)\nInputProvider: 0 (Локальный)", "EventData.ClockRate": "156250"}
{"EventID": "266", "Channel": "Microsoft-Windows-Time-Service/Operational", "Provider_Name": "Microsoft-Windows-Time-Service", "Computer": "DESKTOP-OFJ6N53", "TimeCreated": "2025-07-12 08:40:43.227108+00:00", "RecordID": "12511", "Level": "4", "UserID": "S-1-5-19", "EventData.ReasonCode": "2", "EventData.TickCount": "237482734"}
{"EventID": "264", "Channel": "Microsoft-Windows-Time-Service/Operational", "Provider_Name": "Microsoft-Windows-Time-Service", "Computer": "DESKTOP-OFJ6N53", "TimeCreated": "2025-07-12 08:40:44.798306+00:00", "RecordID": "12512", "Level": "4", "UserID": "S-1-5-19", "EventData.AllNtpServers": "time.windows.com,0x9 (ntp.m|0x9|0.0.0.0:123->20.101.57.9:123);", "EventData.TickCount": "237484312"}
{"EventID": "261", "Channel": "Microsoft-Windows-Time-Service/Operational", "Provider_Name": "Microsoft-Windows-Time-Service", "Computer": "DESKTOP-OFJ6N53", "TimeCreated": "2025-07-12 08:38:01.450474+00:00", "RecordID": "12513", "Level": "4", "UserID": "S-1-5-19", "EventData.NewTime": "2025-07-12T08:38:01.449Z", "EventData.OldTime": "2025-07-12T08:40:59.249Z", "EventData.TickCount": "237498765"}
{"EventID": "266", "Channel": "Microsoft-Windows-Time-Service/Operational", "Provider_Name": "Microsoft-Windows-Time-Service", "Computer": "DESKTOP-OFJ6N53", "TimeCreated": "2025-07-12 08:38:01.451416+00:00", "RecordID": "12514", "Level": "4", "UserID": "S-1-5-19", "EventData.ReasonCode": "3", "EventData.TickCount": "237498765"}
{"EventID": "265", "Channel": "Microsoft-Windows-Time-Service/Operational", "Provider_Name": "Microsoft-Windows-Time-Service", "Computer": "DESKTOP-OFJ6N53", "TimeCreated": "2025-07-12 08:38:01.451450+00:00", "RecordID": "12515", "Level": "4", "UserID": "S-1-5-19", "EventData.TimeSource": "time.windows.com,0x9 (ntp.m|0x9|0.0.0.0:123->20.101.57.9:123)", "EventData.TimeSourceRefId": "0x14653909", "EventData.LocalStratumNumber": "4", "EventData.TickCount": "237498765"}
{"EventID": "261", "Channel": "Microsoft-Windows-Time-Service/Operational", "Provider_Name": "Microsoft-Windows-Time-Service", "Computer": "DESKTOP-OFJ6N53", "TimeCreated": "2025-07-12 08:38:01.451897+00:00", "RecordID": "12516", "Level": "4", "UserID": "S-1-5-19", "EventData.NewTime": "2025-07-12T08:38:01.451Z", "EventData.OldTime": "2025-07-12T08:38:01.449Z", "EventData.TickCount": "237498765"}
{"EventID": "261", "Channel": "Microsoft-Windows-Time-Service/Operational", "Provider_Name": "Microsoft-Windows-Time-Service", "Computer": "DESKTOP-OFJ6N53", "TimeCreated": "2025-07-12 08:38:01.453455+00:00", "RecordID": "12517", "Level": "4", "UserID": "S-1-5-19", "EventData.NewTime": "2025-07-12T08:38:01.452Z", "EventData.OldTime": "2025-07-12T08:38:01.451Z", "EventData.TickCount": "237498765"}
{"EventID": "258", "Channel": "Microsoft-Windows-Time-Service/Operational", "Provider_Name": "Microsoft-Windows-Time-Service", "Computer": "DESKTOP-OFJ6N53", "TimeCreated": "2025-07-12 08:38:01.455204+00:00", "RecordID": "12518", "Level": "4", "UserID": "S-1-5-19", "EventData.CurrentTime(UTC)": "2025-07-12T08:38:01.455Z", "EventData.TickCount": "237498765", "EventData.ErrorMessage": "0x00000000: Успешно."}
{"EventID": "272", "Channel": "Microsoft-Windows-Time-Service/Operational", "Provider_Name": "Microsoft-Windows-Time-Service", "Computer": "DESKTOP-OFJ6N53", "TimeCreated": "2025-07-13 08:39:59.584412+00:00", "RecordID": "12519", "Level": "4", "UserID": "S-1-5-19", "EventData.Enabled": "1", "EventData.LeapSecondCount": "0", "EventData.CurrentUtcOffset": "0", "EventData.RuntimeStateAndSettingsConsistent": "1", "EventData.NewestLeapSecondsList": null, "EventData.TickCount": "324016890"}
{"EventID": "257", "Channel": "Microsoft-Windows-Time-Service/Operational", "Provider_Name": "Microsoft-Windows-Time-Service", "Computer": "DESKTOP-OFJ6N53", "TimeCreated": "2025-07-13 08:39:59.605928+00:00", "RecordID": "12520", "Level": "4", "UserID": "S-1-5-19", "EventData.CurrentTime(UTC)": "2025-07-13T08:39:59.605Z", "EventData.TickCount": "324016890", "EventData.Configuration": "EventLogFlags: 2 (Локальный)\nAnnounceFlags: 10 (Локальный)\nTimeJumpAuditOffset: 28800 (Локальный)\nMinPollInterval: 10 (Локальный)\nMaxPollInterval: 15 (Локальный)\nMaxNegPhaseCorrection: 54000 (Локальный)\nMaxPosPhaseCorrection: 54000 (Локальный)\nMaxAllowedPhaseOffset: 1 (Локальный)\n\nFrequencyCorrectRate: 4 (Локальный)\nPollAdjustFactor: 5 (Локальный)\nLargePhaseOffset: 50000000 (Локальный)\nSpikeWatchPeriod: 900 (Локальный)\nLocalClockDispersion: 10 (Локальный)\nHoldPeriod: 5 (Локальный)\nPhaseCorrectRate: 1 (Локальный)\nUpdateInterval: 360000 (Локальный)\n\nFileLogName:  (Не определен или не используется)\nFileLogEntries:  (Не определен или не используется)\nFileLogSize: 0 (Не определен или не используется)\nFileLogFlags: 0 (Не определен или не используется)\n\nUtilizeSslTimeData: 1 (Локальный)\n\n[Leap Seconds]\nEnabled: 1 (Local)\nTotal Leap Seconds (after June 2018): 0 (Local)\nCurrent UTC offset: 0 (Local)", "EventData.TimeProviders": "NtpClient (Локальный)\nDllName: C:\\Windows\\system32\\w32time.dll (Локальный)\nEnabled: 1 (Локальный)\nInputProvider: 1 (Локальный)\nCrossSiteSyncFlags: 0 (Не определен или не используется)\nAllowNonstandardModeCombinations: 1 (Локальный)\nResolvePeerBackoffMinutes: 15 (Локальный)\nResolvePeerBackoffMaxTimes: 7 (Локальный)\nCompatibilityFlags: 2147483648 (Локальный)\nEventLogFlags: 1 (Локальный)\nLargeSampleSkew: 3 (Локальный)\nSpecialPollInterval: 32768 (Локальный)\nType: NTP (Локальный)\nNtpServer: time.windows.com,0x9 (Локальный)\n\nVMICTimeProvider (Локальный)\nDllName: C:\\Windows\\System32\\vmictimeprovider.dll (Локальный)\nEnabled: 1 (Локальный)\nInputProvider: 1 (Локальный)\n\nNtpServer (Локальный)\nDllName: C:\\Windows\\system32\\w32time.dll (Локальный)\nEnabled: 0 (Локальный)\nInputProvider: 0 (Локальный)", "EventData.ClockRate": "156250"}
{"EventID": "266", "Channel": "Microsoft-Windows-Time-Service/Operational", "Provider_Name": "Microsoft-Windows-Time-Service", "Computer": "DESKTOP-OFJ6N53", "TimeCreated": "2025-07-13 08:39:59.606394+00:00", "RecordID": "12521", "Level": "4", "UserID": "S-1-5-19", "EventData.ReasonCode": "2", "EventData.TickCount": "324016921"}
{"EventID": "264", "Channel": "Microsoft-Windows-Time-Service/Operational", "Provider_Name": "Microsoft-Windows-Time-Service", "Computer": "DESKTOP-OFJ6N53", "TimeCreated": "2025-07-13 08:40:01.185961+00:00", "RecordID": "12522", "Level": "4", "UserID": "S-1-5-19", "EventData.AllNtpServers": "time.windows.com,0x9 (ntp.m|0x9|0.0.0.0:123->20.101.57.9:123);", "EventData.TickCount": "324018500"}
{"EventID": "265", "Channel": "Microsoft-Windows-Time-Service/Operational", "Provider_Name": "Microsoft-Windows-Time-Service", "Computer": "DESKTOP-OFJ6N53", "TimeCreated": "2025-07-13 08:40:15.653378+00:00", "RecordID": "12523", "Level": "4", "UserID": "S-1-5-19", "EventData.TimeSource": "time.windows.com,0x9 (ntp.m|0x9|0.0.0.0:123->20.101.57.9:123)", "EventData.TimeSourceRefId": "0x14653909", "EventData.LocalStratumNumber": "4", "EventData.TickCount": "324032968"}
{"EventID": "261", "Channel": "Microsoft-Windows-Time-Service/Operational", "Provider_Name": "Microsoft-Windows-Time-Service", "Computer": "DESKTOP-OFJ6N53", "TimeCreated": "2025-07-13 08:40:15.654161+00:00", "RecordID": "12524", "Level": "4", "UserID": "S-1-5-19", "EventData.NewTime": "2025-07-13T08:40:15.653Z", "EventData.OldTime": "2025-07-13T08:40:15.652Z", "EventData.TickCount": "324032968"}
{"EventID": "258", "Channel": "Microsoft-Windows-Time-Service/Operational", "Provider_Name": "Microsoft-Windows-Time-Service", "Computer": "DESKTOP-OFJ6N53", "TimeCreated": "2025-07-13 08:40:15.656828+00:00", "RecordID": "12525", "Level": "4", "UserID": "S-1-5-19", "EventData.CurrentTime(UTC)": "2025-07-13T08:40:15.656Z", "EventData.TickCount": "324032968", "EventData.ErrorMessage": "0x00000000: Успешно."}
{"EventID": "272", "Channel": "Microsoft-Windows-Time-Service/Operational", "Provider_Name": "Microsoft-Windows-Time-Service", "Computer": "DESKTOP-OFJ6N53", "TimeCreated": "2025-07-14 08:39:59.073059+00:00", "RecordID": "12526", "Level": "4", "UserID": "S-1-5-19", "EventData.Enabled": "1", "EventData.LeapSecondCount": "0", "EventData.CurrentUtcOffset": "0", "EventData.RuntimeStateAndSettingsConsistent": "1", "EventData.NewestLeapSecondsList": null, "EventData.TickCount": "410416375"}
{"EventID": "257", "Channel": "Microsoft-Windows-Time-Service/Operational", "Provider_Name": "Microsoft-Windows-Time-Service", "Computer": "DESKTOP-OFJ6N53", "TimeCreated": "2025-07-14 08:39:59.090996+00:00", "RecordID": "12527", "Level": "4", "UserID": "S-1-5-19", "EventData.CurrentTime(UTC)": "2025-07-14T08:39:59.90Z", "EventData.TickCount": "410416375", "EventData.Configuration": "EventLogFlags: 2 (Локальный)\nAnnounceFlags: 10 (Локальный)\nTimeJumpAuditOffset: 28800 (Локальный)\nMinPollInterval: 10 (Локальный)\nMaxPollInterval: 15 (Локальный)\nMaxNegPhaseCorrection: 54000 (Локальный)\nMaxPosPhaseCorrection: 54000 (Локальный)\nMaxAllowedPhaseOffset: 1 (Локальный)\n\nFrequencyCorrectRate: 4 (Локальный)\nPollAdjustFactor: 5 (Локальный)\nLargePhaseOffset: 50000000 (Локальный)\nSpikeWatchPeriod: 900 (Локальный)\nLocalClockDispersion: 10 (Локальный)\nHoldPeriod: 5 (Локальный)\nPhaseCorrectRate: 1 (Локальный)\nUpdateInterval: 360000 (Локальный)\n\nFileLogName:  (Не определен или не используется)\nFileLogEntries:  (Не определен или не используется)\nFileLogSize: 0 (Не определен или не используется)\nFileLogFlags: 0 (Не определен или не используется)\n\nUtilizeSslTimeData: 1 (Локальный)\n\n[Leap Seconds]\nEnabled: 1 (Local)\nTotal Leap Seconds (after June 2018): 0 (Local)\nCurrent UTC offset: 0 (Local)", "EventData.TimeProviders": "NtpClient (Локальный)\nDllName: C:\\Windows\\system32\\w32time.dll (Локальный)\nEnabled: 1 (Локальный)\nInputProvider: 1 (Локальный)\nCrossSiteSyncFlags: 0 (Не определен или не используется)\nAllowNonstandardModeCombinations: 1 (Локальный)\nResolvePeerBackoffMinutes: 15 (Локальный)\nResolvePeerBackoffMaxTimes: 7 (Локальный)\nCompatibilityFlags: 2147483648 (Локальный)\nEventLogFlags: 1 (Локальный)\nLargeSampleSkew: 3 (Локальный)\nSpecialPollInterval: 32768 (Локальный)\nType: NTP (Локальный)\nNtpServer: time.windows.com,0x9 (Локальный)\n\nVMICTimeProvider (Локальный)\nDllName: C:\\Windows\\System32\\vmictimeprovider.dll (Локальный)\nEnabled: 1 (Локальный)\nInputProvider: 1 (Локальный)\n\nNtpServer (Локальный)\nDllName: C:\\Windows\\system32\\w32time.dll (Локальный)\nEnabled: 0 (Локальный)\nInputProvider: 0 (Локальный)", "EventData.ClockRate": "156250"}
{"EventID": "266", "Channel": "Microsoft-Windows-Time-Service/Operational", "Provider_Name": "Microsoft-Windows-Time-Service", "Computer": "DESKTOP-OFJ6N53", "TimeCreated": "2025-07-14 08:39:59.091957+00:00", "RecordID": "12528", "Level": "4", "UserID": "S-1-5-19", "EventData.ReasonCode": "2", "EventData.TickCount": "410416406"}
{"EventID": "264", "Channel": "Microsoft-Windows-Time-Service/Operational", "Provider_Name": "Microsoft-Windows-Time-Service", "Computer": "DESKTOP-OFJ6N53", "TimeCreated": "2025-07-14 08:40:00.734592+00:00", "RecordID": "12529", "Level": "4", "UserID": "S-1-5-19", "EventData.AllNtpServers": "time.windows.com,0x9 (ntp.m|0x9|0.0.0.0:123->20.101.57.9:123);", "EventData.TickCount": "410418046"}
{"EventID": "261", "Channel": "Microsoft-Windows-Time-Service/Operational", "Provider_Name": "Microsoft-Windows-Time-Service", "Computer": "DESKTOP-OFJ6N53", "TimeCreated": "2025-07-14 08:40:16.263773+00:00", "RecordID": "12530", "Level": "4", "UserID": "S-1-5-19", "EventData.NewTime": "2025-07-14T08:40:16.263Z", "EventData.OldTime": "2025-07-14T08:40:15.183Z", "EventData.TickCount": "410432500"}
{"EventID": "265", "Channel": "Microsoft-Windows-Time-Service/Operational", "Provider_Name": "Microsoft-Windows-Time-Service", "Computer": "DESKTOP-OFJ6N53", "TimeCreated": "2025-07-14 08:40:16.264982+00:00", "RecordID": "12531", "Level": "4", "UserID": "S-1-5-19", "EventData.TimeSource": "time.windows.com,0x9 (ntp.m|0x9|0.0.0.0:123->20.101.57.9:123)", "EventData.TimeSourceRefId": "0x14653909", "EventData.LocalStratumNumber": "4", "EventData.TickCount": "410432500"}
{"EventID": "266", "Channel": "Microsoft-Windows-Time-Service/Operational", "Provider_Name": "Microsoft-Windows-Time-Service", "Computer": "DESKTOP-OFJ6N53", "TimeCreated": "2025-07-14 08:40:16.264990+00:00", "RecordID": "12532", "Level": "4", "UserID": "S-1-5-19", "EventData.ReasonCode": "3", "EventData.TickCount": "410432500"}
{"EventID": "261", "Channel": "Microsoft-Windows-Time-Service/Operational", "Provider_Name": "Microsoft-Windows-Time-Service", "Computer": "DESKTOP-OFJ6N53", "TimeCreated": "2025-07-14 08:40:16.265564+00:00", "RecordID": "12533", "Level": "4", "UserID": "S-1-5-19", "EventData.NewTime": "2025-07-14T08:40:16.265Z", "EventData.OldTime": "2025-07-14T08:40:16.263Z", "EventData.TickCount": "410432500"}
{"EventID": "261", "Channel": "Microsoft-Windows-Time-Service/Operational", "Provider_Name": "Microsoft-Windows-Time-Service", "Computer": "DESKTOP-OFJ6N53", "TimeCreated": "2025-07-14 08:40:16.267296+00:00", "RecordID": "12534", "Level": "4", "UserID": "S-1-5-19", "EventData.NewTime": "2025-07-14T08:40:16.266Z", "EventData.OldTime": "2025-07-14T08:40:16.265Z", "EventData.TickCount": "410432500"}
{"EventID": "258", "Channel": "Microsoft-Windows-Time-Service/Operational", "Provider_Name": "Microsoft-Windows-Time-Service", "Computer": "DESKTOP-OFJ6N53", "TimeCreated": "2025-07-14 08:40:16.269455+00:00", "RecordID": "12535", "Level": "4", "UserID": "S-1-5-19", "EventData.CurrentTime(UTC)": "2025-07-14T08:40:16.269Z", "EventData.TickCount": "410432500", "EventData.ErrorMessage": "0x00000000: Успешно."}
{"EventID": "272", "Channel": "Microsoft-Windows-Time-Service/Operational", "Provider_Name": "Microsoft-Windows-Time-Service", "Computer": "DESKTOP-OFJ6N53", "TimeCreated": "2025-07-15 08:40:02.775942+00:00", "RecordID": "12536", "Level": "4", "UserID": "S-1-5-19", "EventData.Enabled": "1", "EventData.LeapSecondCount": "0", "EventData.CurrentUtcOffset": "0", "EventData.RuntimeStateAndSettingsConsistent": "1", "EventData.NewestLeapSecondsList": null, "EventData.TickCount": "496819000"}
{"EventID": "257", "Channel": "Microsoft-Windows-Time-Service/Operational", "Provider_Name": "Microsoft-Windows-Time-Service", "Computer": "DESKTOP-OFJ6N53", "TimeCreated": "2025-07-15 08:40:02.845303+00:00", "RecordID": "12537", "Level": "4", "UserID": "S-1-5-19", "EventData.CurrentTime(UTC)": "2025-07-15T08:40:02.845Z", "EventData.TickCount": "496819000", "EventData.Configuration": "EventLogFlags: 2 (Локальный)\nAnnounceFlags: 10 (Локальный)\nTimeJumpAuditOffset: 28800 (Локальный)\nMinPollInterval: 10 (Локальный)\nMaxPollInterval: 15 (Локальный)\nMaxNegPhaseCorrection: 54000 (Локальный)\nMaxPosPhaseCorrection: 54000 (Локальный)\nMaxAllowedPhaseOffset: 1 (Локальный)\n\nFrequencyCorrectRate: 4 (Локальный)\nPollAdjustFactor: 5 (Локальный)\nLargePhaseOffset: 50000000 (Локальный)\nSpikeWatchPeriod: 900 (Локальный)\nLocalClockDispersion: 10 (Локальный)\nHoldPeriod: 5 (Локальный)\nPhaseCorrectRate: 1 (Локальный)\nUpdateInterval: 360000 (Локальный)\n\nFileLogName:  (Не определен или не используется)\nFileLogEntries:  (Не определен или не используется)\nFileLogSize: 0 (Не определен или не используется)\nFileLogFlags: 0 (Не определен или не используется)\n\nUtilizeSslTimeData: 1 (Локальный)\n\n[Leap Seconds]\nEnabled: 1 (Local)\nTotal Leap Seconds (after June 2018): 0 (Local)\nCurrent UTC offset: 0 (Local)", "EventData.TimeProviders": "NtpClient (Локальный)\nDllName: C:\\Windows\\system32\\w32time.dll (Локальный)\nEnabled: 1 (Локальный)\nInputProvider: 1 (Локальный)\nCrossSiteSyncFlags: 0 (Не определен или не используется)\nAllowNonstandardModeCombinations: 1 (Локальный)\nResolvePeerBackoffMinutes: 15 (Локальный)\nResolvePeerBackoffMaxTimes: 7 (Локальный)\nCompatibilityFlags: 2147483648 (Локальный)\nEventLogFlags: 1 (Локальный)\nLargeSampleSkew: 3 (Локальный)\nSpecialPollInterval: 32768 (Локальный)\nType: NTP (Локальный)\nNtpServer: time.windows.com,0x9 (Локальный)\n\nVMICTimeProvider (Локальный)\nDllName: C:\\Windows\\System32\\vmictimeprovider.dll (Локальный)\nEnabled: 1 (Локальный)\nInputProvider: 1 (Локальный)\n\nNtpServer (Локальный)\nDllName: C:\\Windows\\system32\\w32time.dll (Локальный)\nEnabled: 0 (Локальный)\nInputProvider: 0 (Локальный)", "EventData.ClockRate": "156250"}
{"EventID": "266", "Channel": "Microsoft-Windows-Time-Service/Operational", "Provider_Name": "Microsoft-Windows-Time-Service", "Computer": "DESKTOP-OFJ6N53", "TimeCreated": "2025-07-15 08:40:02.845984+00:00", "RecordID": "12538", "Level": "4", "UserID": "S-1-5-19", "EventData.ReasonCode": "2", "EventData.TickCount": "496819078"}
{"EventID": "264", "Channel": "Microsoft-Windows-Time-Service/Operational", "Provider_Name": "Microsoft-Windows-Time-Service", "Computer": "DESKTOP-OFJ6N53", "TimeCreated": "2025-07-15 08:40:04.442106+00:00", "RecordID": "12539", "Level": "4", "UserID": "S-1-5-19", "EventData.AllNtpServers": "time.windows.com,0x9 (ntp.m|0x9|0.0.0.0:123->20.101.57.9:123);", "EventData.TickCount": "496820671"}
{"EventID": "265", "Channel": "Microsoft-Windows-Time-Service/Operational", "Provider_Name": "Microsoft-Windows-Time-Service", "Computer": "DESKTOP-OFJ6N53", "TimeCreated": "2025-07-15 08:40:18.910456+00:00", "RecordID": "12540", "Level": "4", "UserID": "S-1-5-19", "EventData.TimeSource": "time.windows.com,0x9 (ntp.m|0x9|0.0.0.0:123->20.101.57.9:123)", "EventData.TimeSourceRefId": "0x14653909", "EventData.LocalStratumNumber": "4", "EventData.TickCount": "496835140"}
{"EventID": "261", "Channel": "Microsoft-Windows-Time-Service/Operational", "Provider_Name": "Microsoft-Windows-Time-Service", "Computer": "DESKTOP-OFJ6N53", "TimeCreated": "2025-07-15 08:40:18.911592+00:00", "RecordID": "12541", "Level": "4", "UserID": "S-1-5-19", "EventData.NewTime": "2025-07-15T08:40:18.910Z", "EventData.OldTime": "2025-07-15T08:40:18.910Z", "EventData.TickCount": "496835140"}
{"EventID": "258", "Channel": "Microsoft-Windows-Time-Service/Operational", "Provider_Name": "Microsoft-Windows-Time-Service", "Computer": "DESKTOP-OFJ6N53", "TimeCreated": "2025-07-15 08:40:18.921669+00:00", "RecordID": "12542", "Level": "4", "UserID": "S-1-5-19", "EventData.CurrentTime(UTC)": "2025-07-15T08:40:18.921Z", "EventData.TickCount": "496835140", "EventData.ErrorMessage": "0x00000000: Успешно."}
{"EventID": "272", "Channel": "Microsoft-Windows-Time-Service/Operational", "Provider_Name": "Microsoft-Windows-Time-Service", "Computer": "DESKTOP-OFJ6N53", "TimeCreated": "2025-07-16 08:40:03.205381+00:00", "RecordID": "12543", "Level": "4", "UserID": "S-1-5-19", "EventData.Enabled": "1", "EventData.LeapSecondCount": "0", "EventData.CurrentUtcOffset": "0", "EventData.RuntimeStateAndSettingsConsistent": "1", "EventData.NewestLeapSecondsList": null, "EventData.TickCount": "583219421"}
{"EventID": "257", "Channel": "Microsoft-Windows-Time-Service/Operational", "Provider_Name": "Microsoft-Windows-Time-Service", "Computer": "DESKTOP-OFJ6N53", "TimeCreated": "2025-07-16 08:40:03.234829+00:00", "RecordID": "12544", "Level": "4", "UserID": "S-1-5-19", "EventData.CurrentTime(UTC)": "2025-07-16T08:40:03.234Z", "EventData.TickCount": "583219421", "EventData.Configuration": "EventLogFlags: 2 (Локальный)\nAnnounceFlags: 10 (Локальный)\nTimeJumpAuditOffset: 28800 (Локальный)\nMinPollInterval: 10 (Локальный)\nMaxPollInterval: 15 (Локальный)\nMaxNegPhaseCorrection: 54000 (Локальный)\nMaxPosPhaseCorrection: 54000 (Локальный)\nMaxAllowedPhaseOffset: 1 (Локальный)\n\nFrequencyCorrectRate: 4 (Локальный)\nPollAdjustFactor: 5 (Локальный)\nLargePhaseOffset: 50000000 (Локальный)\nSpikeWatchPeriod: 900 (Локальный)\nLocalClockDispersion: 10 (Локальный)\nHoldPeriod: 5 (Локальный)\nPhaseCorrectRate: 1 (Локальный)\nUpdateInterval: 360000 (Локальный)\n\nFileLogName:  (Не определен или не используется)\nFileLogEntries:  (Не определен или не используется)\nFileLogSize: 0 (Не определен или не используется)\nFileLogFlags: 0 (Не определен или не используется)\n\nUtilizeSslTimeData: 1 (Локальный)\n\n[Leap Seconds]\nEnabled: 1 (Local)\nTotal Leap Seconds (after June 2018): 0 (Local)\nCurrent UTC offset: 0 (Local)", "EventData.TimeProviders": "NtpClient (Локальный)\nDllName: C:\\Windows\\system32\\w32time.dll (Локальный)\nEnabled: 1 (Локальный)\nInputProvider: 1 (Локальный)\nCrossSiteSyncFlags: 0 (Не определен или не используется)\nAllowNonstandardModeCombinations: 1 (Локальный)\nResolvePeerBackoffMinutes: 15 (Локальный)\nResolvePeerBackoffMaxTimes: 7 (Локальный)\nCompatibilityFlags: 2147483648 (Локальный)\nEventLogFlags: 1 (Локальный)\nLargeSampleSkew: 3 (Локальный)\nSpecialPollInterval: 32768 (Локальный)\nType: NTP (Локальный)\nNtpServer: time.windows.com,0x9 (Локальный)\n\nVMICTimeProvider (Локальный)\nDllName: C:\\Windows\\System32\\vmictimeprovider.dll (Локальный)\nEnabled: 1 (Локальный)\nInputProvider: 1 (Локальный)\n\nNtpServer (Локальный)\nDllName: C:\\Windows\\system32\\w32time.dll (Локальный)\nEnabled: 0 (Локальный)\nInputProvider: 0 (Локальный)", "EventData.ClockRate": "156250"}
{"EventID": "266", "Channel": "Microsoft-Windows-Time-Service/Operational", "Provider_Name": "Microsoft-Windows-Time-Service", "Computer": "DESKTOP-OFJ6N53", "TimeCreated": "2025-07-16 08:40:03.243057+00:00", "RecordID": "12545", "Level": "4", "UserID": "S-1-5-19", "EventData.ReasonCode": "2", "EventData.TickCount": "583219468"}
{"EventID": "266", "Channel": "Microsoft-Windows-Time-Service/Operational", "Provider_Name": "Microsoft-Windows-Time-Service", "Computer": "DESKTOP-OFJ6N53", "TimeCreated": "2025-07-16 08:40:03.266762+00:00", "RecordID": "12546", "Level": "4", "UserID": "S-1-5-19", "EventData.ReasonCode": "2", "EventData.TickCount": "583219484"}
{"EventID": "264", "Channel": "Microsoft-Windows-Time-Service/Operational", "Provider_Name": "Microsoft-Windows-Time-Service", "Computer": "DESKTOP-OFJ6N53", "TimeCreated": "2025-07-16 08:40:04.978046+00:00", "RecordID": "12547", "Level": "4", "UserID": "S-1-5-19", "EventData.AllNtpServers": "time.windows.com,0x9 (ntp.m|0x9|0.0.0.0:123->20.101.57.9:123);", "EventData.TickCount": "583221218"}
{"EventID": "265", "Channel": "Microsoft-Windows-Time-Service/Operational", "Provider_Name": "Microsoft-Windows-Time-Service", "Computer": "DESKTOP-OFJ6N53", "TimeCreated": "2025-07-16 08:40:19.330868+00:00", "RecordID": "12548", "Level": "4", "UserID": "S-1-5-19", "EventData.TimeSource": "time.windows.com,0x9 (ntp.m|0x9|0.0.0.0:123->20.101.57.9:123)", "EventData.TimeSourceRefId": "0x14653909", "EventData.LocalStratumNumber": "4", "EventData.TickCount": "583235562"}
{"EventID": "261", "Channel": "Microsoft-Windows-Time-Service/Operational", "Provider_Name": "Microsoft-Windows-Time-Service", "Computer": "DESKTOP-OFJ6N53", "TimeCreated": "2025-07-16 08:40:19.333139+00:00", "RecordID": "12549", "Level": "4", "UserID": "S-1-5-19", "EventData.NewTime": "2025-07-16T08:40:19.331Z", "EventData.OldTime": "2025-07-16T08:40:19.331Z", "EventData.TickCount": "583235562"}
{"EventID": "258", "Channel": "Microsoft-Windows-Time-Service/Operational", "Provider_Name": "Microsoft-Windows-Time-Service", "Computer": "DESKTOP-OFJ6N53", "TimeCreated": "2025-07-16 08:40:19.341633+00:00", "RecordID": "12550", "Level": "4", "UserID": "S-1-5-19", "EventData.CurrentTime(UTC)": "2025-07-16T08:40:19.341Z", "EventData.TickCount": "583235562", "EventData.ErrorMessage": "0x00000000: Успешно."}
{"EventID": "272", "Channel": "Microsoft-Windows-Time-Service/Operational", "Provider_Name": "Microsoft-Windows-Time-Service", "Computer": "DESKTOP-OFJ6N53", "TimeCreated": "2025-07-17 08:40:06.883879+00:00", "RecordID": "12551", "Level": "4", "UserID": "S-1-5-19", "EventData.Enabled": "1", "EventData.LeapSecondCount": "0", "EventData.CurrentUtcOffset": "0", "EventData.RuntimeStateAndSettingsConsistent": "1", "EventData.NewestLeapSecondsList": null, "EventData.TickCount": "669623109"}
{"EventID": "257", "Channel": "Microsoft-Windows-Time-Service/Operational", "Provider_Name": "Microsoft-Windows-Time-Service", "Computer": "DESKTOP-OFJ6N53", "TimeCreated": "2025-07-17 08:40:06.902878+00:00", "RecordID": "12552", "Level": "4", "UserID": "S-1-5-19", "EventData.CurrentTime(UTC)": "2025-07-17T08:40:06.902Z", "EventData.TickCount": "669623109", "EventData.Configuration": "EventLogFlags: 2 (Локальный)\nAnnounceFlags: 10 (Локальный)\nTimeJumpAuditOffset: 28800 (Локальный)\nMinPollInterval: 10 (Локальный)\nMaxPollInterval: 15 (Локальный)\nMaxNegPhaseCorrection: 54000 (Локальный)\nMaxPosPhaseCorrection: 54000 (Локальный)\nMaxAllowedPhaseOffset: 1 (Локальный)\n\nFrequencyCorrectRate: 4 (Локальный)\nPollAdjustFactor: 5 (Локальный)\nLargePhaseOffset: 50000000 (Локальный)\nSpikeWatchPeriod: 900 (Локальный)\nLocalClockDispersion: 10 (Локальный)\nHoldPeriod: 5 (Локальный)\nPhaseCorrectRate: 1 (Локальный)\nUpdateInterval: 360000 (Локальный)\n\nFileLogName:  (Не определен или не используется)\nFileLogEntries:  (Не определен или не используется)\nFileLogSize: 0 (Не определен или не используется)\nFileLogFlags: 0 (Не определен или не используется)\n\nUtilizeSslTimeData: 1 (Локальный)\n\n[Leap Seconds]\nEnabled: 1 (Local)\nTotal Leap Seconds (after June 2018): 0 (Local)\nCurrent UTC offset: 0 (Local)", "EventData.TimeProviders": "NtpClient (Локальный)\nDllName: C:\\Windows\\system32\\w32time.dll (Локальный)\nEnabled: 1 (Локальный)\nInputProvider: 1 (Локальный)\nCrossSiteSyncFlags: 0 (Не определен или не используется)\nAllowNonstandardModeCombinations: 1 (Локальный)\nResolvePeerBackoffMinutes: 15 (Локальный)\nResolvePeerBackoffMaxTimes: 7 (Локальный)\nCompatibilityFlags: 2147483648 (Локальный)\nEventLogFlags: 1 (Локальный)\nLargeSampleSkew: 3 (Локальный)\nSpecialPollInterval: 32768 (Локальный)\nType: NTP (Локальный)\nNtpServer: time.windows.com,0x9 (Локальный)\n\nVMICTimeProvider (Локальный)\nDllName: C:\\Windows\\System32\\vmictimeprovider.dll (Локальный)\nEnabled: 1 (Локальный)\nInputProvider: 1 (Локальный)\n\nNtpServer (Локальный)\nDllName: C:\\Windows\\system32\\w32time.dll (Локальный)\nEnabled: 0 (Локальный)\nInputProvider: 0 (Локальный)", "EventData.ClockRate": "156250"}
{"EventID": "266", "Channel": "Microsoft-Windows-Time-Service/Operational", "Provider_Name": "Microsoft-Windows-Time-Service", "Computer": "DESKTOP-OFJ6N53", "TimeCreated": "2025-07-17 08:40:06.903826+00:00", "RecordID": "12553", "Level": "4", "UserID": "S-1-5-19", "EventData.ReasonCode": "2", "EventData.TickCount": "669623125"}
{"EventID": "264", "Channel": "Microsoft-Windows-Time-Service/Operational", "Provider_Name": "Microsoft-Windows-Time-Service", "Computer": "DESKTOP-OFJ6N53", "TimeCreated": "2025-07-17 08:40:09.009792+00:00", "RecordID": "12554", "Level": "4", "UserID": "S-1-5-19", "EventData.AllNtpServers": "time.windows.com,0x9 (ntp.m|0x9|0.0.0.0:123->51.145.123.29:123);", "EventData.TickCount": "669625250"}
{"EventID": "261", "Channel": "Microsoft-Windows-Time-Service/Operational", "Provider_Name": "Microsoft-Windows-Time-Service", "Computer": "DESKTOP-OFJ6N53", "TimeCreated": "2025-07-17 08:40:25.546150+00:00", "RecordID": "12555", "Level": "4", "UserID": "S-1-5-19", "EventData.NewTime": "2025-07-17T08:40:25.544Z", "EventData.OldTime": "2025-07-17T08:40:23.551Z", "EventData.TickCount": "669639781"}
{"EventID": "266", "Channel": "Microsoft-Windows-Time-Service/Operational", "Provider_Name": "Microsoft-Windows-Time-Service", "Computer": "DESKTOP-OFJ6N53", "TimeCreated": "2025-07-17 08:40:25.548782+00:00", "RecordID": "12556", "Level": "4", "UserID": "S-1-5-19", "EventData.ReasonCode": "3", "EventData.TickCount": "669639781"}
{"EventID": "265", "Channel": "Microsoft-Windows-Time-Service/Operational", "Provider_Name": "Microsoft-Windows-Time-Service", "Computer": "DESKTOP-OFJ6N53", "TimeCreated": "2025-07-17 08:40:25.548798+00:00", "RecordID": "12557", "Level": "4", "UserID": "S-1-5-19", "EventData.TimeSource": "time.windows.com,0x9 (ntp.m|0x9|0.0.0.0:123->51.145.123.29:123)", "EventData.TimeSourceRefId": "0x33917B1D", "EventData.LocalStratumNumber": "4", "EventData.TickCount": "669639781"}
{"EventID": "261", "Channel": "Microsoft-Windows-Time-Service/Operational", "Provider_Name": "Microsoft-Windows-Time-Service", "Computer": "DESKTOP-OFJ6N53", "TimeCreated": "2025-07-17 08:40:25.549414+00:00", "RecordID": "12558", "Level": "4", "UserID": "S-1-5-19", "EventData.NewTime": "2025-07-17T08:40:25.548Z", "EventData.OldTime": "2025-07-17T08:40:25.544Z", "EventData.TickCount": "669639781"}
{"EventID": "261", "Channel": "Microsoft-Windows-Time-Service/Operational", "Provider_Name": "Microsoft-Windows-Time-Service", "Computer": "DESKTOP-OFJ6N53", "TimeCreated": "2025-07-17 08:40:25.551472+00:00", "RecordID": "12559", "Level": "4", "UserID": "S-1-5-19", "EventData.NewTime": "2025-07-17T08:40:25.550Z", "EventData.OldTime": "2025-07-17T08:40:25.548Z", "EventData.TickCount": "669639781"}
{"EventID": "258", "Channel": "Microsoft-Windows-Time-Service/Operational", "Provider_Name": "Microsoft-Windows-Time-Service", "Computer": "DESKTOP-OFJ6N53", "TimeCreated": "2025-07-17 08:40:25.585865+00:00", "RecordID": "12560", "Level": "4", "UserID": "S-1-5-19", "EventData.CurrentTime(UTC)": "2025-07-17T08:40:25.585Z", "EventData.TickCount": "669639812", "EventData.ErrorMessage": "0x00000000: Успешно."}
{"EventID": "272", "Channel": "Microsoft-Windows-Time-Service/Operational", "Provider_Name": "Microsoft-Windows-Time-Service", "Computer": "DESKTOP-OFJ6N53", "TimeCreated": "2025-07-18 08:40:10.021473+00:00", "RecordID": "12561", "Level": "4", "UserID": "S-1-5-19", "EventData.Enabled": "1", "EventData.LeapSecondCount": "0", "EventData.CurrentUtcOffset": "0", "EventData.RuntimeStateAndSettingsConsistent": "1", "EventData.NewestLeapSecondsList": null, "EventData.TickCount": "756024250"}
