{"EventID": "100", "Channel": "Microsoft-Windows-AppReadiness/Admin", "Provider_Name": "Microsoft-Windows-AppReadiness", "Computer": "WIN-E725EAE32MJ", "TimeCreated": "2022-02-24 08:24:54.900211+00:00", "RecordID": "1", "Level": "4", "UserID": "S-1-5-18"}
{"EventID": "240", "Channel": "Microsoft-Windows-AppReadiness/Admin", "Provider_Name": "Microsoft-Windows-AppReadiness", "Computer": "WIN-E725EAE32MJ", "TimeCreated": "2022-02-24 08:24:55.033382+00:00", "RecordID": "2", "Level": "4", "UserID": "S-1-5-18", "EventData.User": "S-1-5-18", "EventData.TaskId": "packageChanges-1", "EventData.TaskCount": "1"}
{"EventID": "211", "Channel": "Microsoft-Windows-AppReadiness/Admin", "Provider_Name": "Microsoft-Windows-AppReadiness", "Computer": "WIN-E725EAE32MJ", "TimeCreated": "2022-02-24 08:24:55.033897+00:00", "RecordID": "3", "Level": "4", "UserID": "S-1-5-18", "EventData.User": "S-1-5-18"}
{"EventID": "109", "Channel": "Microsoft-Windows-AppReadiness/Admin", "Provider_Name": "Microsoft-Windows-AppReadiness", "Computer": "WIN-E725EAE32MJ", "TimeCreated": "2022-02-24 08:24:55.051056+00:00", "RecordID": "4", "Level": "4", "UserID": "S-1-5-18", "EventData.Source": "2", "EventData.Result": "0"}
{"EventID": "241", "Channel": "Microsoft-Windows-AppReadiness/Admin", "Provider_Name": "Microsoft-Windows-AppReadiness", "Computer": "WIN-E725EAE32MJ", "TimeCreated": "2022-02-24 08:24:55.052834+00:00", "RecordID": "5", "Level": "4", "UserID": "S-1-5-18", "EventData.User": "S-1-5-18", "EventData.TaskId": "packageChanges-1", "EventData.TaskCount": "0"}
{"EventID": "220", "Channel": "Microsoft-Windows-AppReadiness/Admin", "Provider_Name": "Microsoft-Windows-AppReadiness", "Computer": "WIN-E725EAE32MJ", "TimeCreated": "2022-02-24 08:24:55.052835+00:00", "RecordID": "6", "Level": "4", "UserID": "S-1-5-18", "EventData.Username": "S-1-5-18", "EventData.Task": "packageChanges-1", "EventData.Elapsed": "0.0"}
{"EventID": "211", "Channel": "Microsoft-Windows-AppReadiness/Admin", "Provider_Name": "Microsoft-Windows-AppReadiness", "Computer": "WIN-E725EAE32MJ", "TimeCreated": "2022-02-24 08:24:55.052927+00:00", "RecordID": "7", "Level": "4", "UserID": "S-1-5-18", "EventData.User": "S-1-5-18"}
{"EventID": "209", "Channel": "Microsoft-Windows-AppReadiness/Admin", "Provider_Name": "Microsoft-Windows-AppReadiness", "Computer": "WIN-E725EAE32MJ", "TimeCreated": "2022-02-24 08:26:39.979239+00:00", "RecordID": "8", "Level": "4", "UserID": "S-1-5-18", "EventData.User": "S-1-5-18", "EventData.From": "2", "EventData.To": "3"}
{"EventID": "101", "Channel": "Microsoft-Windows-AppReadiness/Admin", "Provider_Name": "Microsoft-Windows-AppReadiness", "Computer": "WIN-E725EAE32MJ", "TimeCreated": "2022-02-24 08:26:39.995972+00:00", "RecordID": "9", "Level": "4", "UserID": "S-1-5-18"}
{"EventID": "100", "Channel": "Microsoft-Windows-AppReadiness/Admin", "Provider_Name": "Microsoft-Windows-AppReadiness", "Computer": "DESKTOP-OFJ6N53", "TimeCreated": "2022-02-24 08:27:19.965023+00:00", "RecordID": "10", "Level": "4", "UserID": "S-1-5-18"}
{"EventID": "240", "Channel": "Microsoft-Windows-AppReadiness/Admin", "Provider_Name": "Microsoft-Windows-AppReadiness", "Computer": "DESKTOP-OFJ6N53", "TimeCreated": "2022-02-24 08:27:22.960299+00:00", "RecordID": "11", "Level": "4", "UserID": "S-1-5-18", "EventData.User": "S-1-5-18", "EventData.TaskId": "ART:AppxPreRegistration", "EventData.TaskCount": "1"}
{"EventID": "241", "Channel": "Microsoft-Windows-AppReadiness/Admin", "Provider_Name": "Microsoft-Windows-AppReadiness", "Computer": "DESKTOP-OFJ6N53", "TimeCreated": "2022-02-24 08:27:24.510275+00:00", "RecordID": "12", "Level": "4", "UserID": "S-1-5-18", "EventData.User": "S-1-5-18", "EventData.TaskId": "ART:AppxPreRegistration", "EventData.TaskCount": "0"}
{"EventID": "220", "Channel": "Microsoft-Windows-AppReadiness/Admin", "Provider_Name": "Microsoft-Windows-AppReadiness", "Computer": "DESKTOP-OFJ6N53", "TimeCreated": "2022-02-24 08:27:24.510279+00:00", "RecordID": "13", "Level": "4", "UserID": "S-1-5-18", "EventData.Username": "S-1-5-18", "EventData.Task": "ART:AppxPreRegistration", "EventData.Elapsed": "0.8906212"}
{"EventID": "209", "Channel": "Microsoft-Windows-AppReadiness/Admin", "Provider_Name": "Microsoft-Windows-AppReadiness", "Computer": "DESKTOP-OFJ6N53", "TimeCreated": "2022-02-24 08:27:33.084465+00:00", "RecordID": "14", "Level": "4", "UserID": "S-1-5-18", "EventData.User": "S-1-5-21-963789628-1060504924-4285088085-1000", "EventData.From": "2", "EventData.To": "0"}
{"EventID": "232", "Channel": "Microsoft-Windows-AppReadiness/Admin", "Provider_Name": "Microsoft-Windows-AppReadiness", "Computer": "DESKTOP-OFJ6N53", "TimeCreated": "2022-02-24 08:27:33.090614+00:00", "RecordID": "15", "Level": "4", "UserID": "S-1-5-18", "EventData.ExitCode": "0x00000000"}
{"EventID": "240", "Channel": "Microsoft-Windows-AppReadiness/Admin", "Provider_Name": "Microsoft-Windows-AppReadiness", "Computer": "DESKTOP-OFJ6N53", "TimeCreated": "2022-02-24 08:27:33.159430+00:00", "RecordID": "16", "Level": "4", "UserID": "S-1-5-18", "EventData.User": "S-1-5-21-963789628-1060504924-4285088085-1000", "EventData.TaskId": "install::Microsoft.Windows.CloudExperienceHost_cw5n1h2txyewy", "EventData.TaskCount": "1"}
{"EventID": "240", "Channel": "Microsoft-Windows-AppReadiness/Admin", "Provider_Name": "Microsoft-Windows-AppReadiness", "Computer": "DESKTOP-OFJ6N53", "TimeCreated": "2022-02-24 08:27:33.159534+00:00", "RecordID": "17", "Level": "4", "UserID": "S-1-5-18", "EventData.User": "S-1-5-21-963789628-1060504924-4285088085-1000", "EventData.TaskId": "install::Microsoft.BioEnrollment_cw5n1h2txyewy", "EventData.TaskCount": "2"}
{"EventID": "240", "Channel": "Microsoft-Windows-AppReadiness/Admin", "Provider_Name": "Microsoft-Windows-AppReadiness", "Computer": "DESKTOP-OFJ6N53", "TimeCreated": "2022-02-24 08:27:33.159653+00:00", "RecordID": "18", "Level": "4", "UserID": "S-1-5-18", "EventData.User": "S-1-5-21-963789628-1060504924-4285088085-1000", "EventData.TaskId": "install::Microsoft.AAD.BrokerPlugin_cw5n1h2txyewy", "EventData.TaskCount": "3"}
{"EventID": "240", "Channel": "Microsoft-Windows-AppReadiness/Admin", "Provider_Name": "Microsoft-Windows-AppReadiness", "Computer": "DESKTOP-OFJ6N53", "TimeCreated": "2022-02-24 08:27:33.159735+00:00", "RecordID": "19", "Level": "4", "UserID": "S-1-5-18", "EventData.User": "S-1-5-21-963789628-1060504924-4285088085-1000", "EventData.TaskId": "install::Microsoft.Windows.OOBENetworkConnectionFlow_cw5n1h2txyewy", "EventData.TaskCount": "4"}
{"EventID": "240", "Channel": "Microsoft-Windows-AppReadiness/Admin", "Provider_Name": "Microsoft-Windows-AppReadiness", "Computer": "DESKTOP-OFJ6N53", "TimeCreated": "2022-02-24 08:27:33.159819+00:00", "RecordID": "20", "Level": "4", "UserID": "S-1-5-18", "EventData.User": "S-1-5-21-963789628-1060504924-4285088085-1000", "EventData.TaskId": "install::Microsoft.Windows.OOBENetworkCaptivePortal_cw5n1h2txyewy", "EventData.TaskCount": "5"}
{"EventID": "240", "Channel": "Microsoft-Windows-AppReadiness/Admin", "Provider_Name": "Microsoft-Windows-AppReadiness", "Computer": "DESKTOP-OFJ6N53", "TimeCreated": "2022-02-24 08:27:33.159903+00:00", "RecordID": "21", "Level": "4", "UserID": "S-1-5-18", "EventData.User": "S-1-5-21-963789628-1060504924-4285088085-1000", "EventData.TaskId": "install::MicrosoftWindows.UndockedDevKit_cw5n1h2txyewy", "EventData.TaskCount": "6"}
{"EventID": "240", "Channel": "Microsoft-Windows-AppReadiness/Admin", "Provider_Name": "Microsoft-Windows-AppReadiness", "Computer": "DESKTOP-OFJ6N53", "TimeCreated": "2022-02-24 08:27:33.159977+00:00", "RecordID": "22", "Level": "4", "UserID": "S-1-5-18", "EventData.User": "S-1-5-21-963789628-1060504924-4285088085-1000", "EventData.TaskId": "install::Microsoft.Windows.StartMenuExperienceHost_cw5n1h2txyewy", "EventData.TaskCount": "7"}
{"EventID": "240", "Channel": "Microsoft-Windows-AppReadiness/Admin", "Provider_Name": "Microsoft-Windows-AppReadiness", "Computer": "DESKTOP-OFJ6N53", "TimeCreated": "2022-02-24 08:27:33.160053+00:00", "RecordID": "23", "Level": "4", "UserID": "S-1-5-18", "EventData.User": "S-1-5-21-963789628-1060504924-4285088085-1000", "EventData.TaskId": "install::Microsoft.Windows.ShellExperienceHost_cw5n1h2txyewy", "EventData.TaskCount": "8"}
{"EventID": "240", "Channel": "Microsoft-Windows-AppReadiness/Admin", "Provider_Name": "Microsoft-Windows-AppReadiness", "Computer": "DESKTOP-OFJ6N53", "TimeCreated": "2022-02-24 08:27:33.160131+00:00", "RecordID": "24", "Level": "4", "UserID": "S-1-5-18", "EventData.User": "S-1-5-21-963789628-1060504924-4285088085-1000", "EventData.TaskId": "install::Microsoft.Windows.ContentDeliveryManager_cw5n1h2txyewy", "EventData.TaskCount": "9"}
{"EventID": "240", "Channel": "Microsoft-Windows-AppReadiness/Admin", "Provider_Name": "Microsoft-Windows-AppReadiness", "Computer": "DESKTOP-OFJ6N53", "TimeCreated": "2022-02-24 08:27:33.160210+00:00", "RecordID": "25", "Level": "4", "UserID": "S-1-5-18", "EventData.User": "S-1-5-21-963789628-1060504924-4285088085-1000", "EventData.TaskId": "install::MicrosoftWindows.Client.CBS_cw5n1h2txyewy", "EventData.TaskCount": "10"}
{"EventID": "240", "Channel": "Microsoft-Windows-AppReadiness/Admin", "Provider_Name": "Microsoft-Windows-AppReadiness", "Computer": "DESKTOP-OFJ6N53", "TimeCreated": "2022-02-24 08:27:33.161009+00:00", "RecordID": "26", "Level": "4", "UserID": "S-1-5-18", "EventData.User": "S-1-5-21-963789628-1060504924-4285088085-1000", "EventData.TaskId": "ART:UserLogon", "EventData.TaskCount": "11"}
{"EventID": "5044", "Channel": "Microsoft-Windows-AppReadiness/Admin", "Provider_Name": "Microsoft-Windows-AppReadiness", "Computer": "DESKTOP-OFJ6N53", "TimeCreated": "2022-02-24 08:27:33.177595+00:00", "RecordID": "27", "Level": "2", "UserID": "S-1-5-18", "EventData.User": "S-1-5-21-963789628-1060504924-4285088085-1000", "EventData.Result": "-2147023728"}
{"EventID": "241", "Channel": "Microsoft-Windows-AppReadiness/Admin", "Provider_Name": "Microsoft-Windows-AppReadiness", "Computer": "DESKTOP-OFJ6N53", "TimeCreated": "2022-02-24 08:27:34.691544+00:00", "RecordID": "28", "Level": "4", "UserID": "S-1-5-18", "EventData.User": "S-1-5-21-963789628-1060504924-4285088085-1000", "EventData.TaskId": "install::Microsoft.Windows.CloudExperienceHost_cw5n1h2txyewy", "EventData.TaskCount": "10"}
{"EventID": "213", "Channel": "Microsoft-Windows-AppReadiness/Admin", "Provider_Name": "Microsoft-Windows-AppReadiness", "Computer": "DESKTOP-OFJ6N53", "TimeCreated": "2022-02-24 08:27:34.691545+00:00", "RecordID": "29", "Level": "4", "UserID": "S-1-5-18", "EventData.Username": "S-1-5-21-963789628-1060504924-4285088085-1000", "EventData.Package": "Microsoft.Windows.CloudExperienceHost_cw5n1h2txyewy", "EventData.Operation": "1", "EventData.Elapsed": "1.4843662"}
{"EventID": "241", "Channel": "Microsoft-Windows-AppReadiness/Admin", "Provider_Name": "Microsoft-Windows-AppReadiness", "Computer": "DESKTOP-OFJ6N53", "TimeCreated": "2022-02-24 08:27:34.701284+00:00", "RecordID": "30", "Level": "4", "UserID": "S-1-5-18", "EventData.User": "S-1-5-21-963789628-1060504924-4285088085-1000", "EventData.TaskId": "install::Microsoft.BioEnrollment_cw5n1h2txyewy", "EventData.TaskCount": "9"}
{"EventID": "213", "Channel": "Microsoft-Windows-AppReadiness/Admin", "Provider_Name": "Microsoft-Windows-AppReadiness", "Computer": "DESKTOP-OFJ6N53", "TimeCreated": "2022-02-24 08:27:34.701288+00:00", "RecordID": "31", "Level": "4", "UserID": "S-1-5-18", "EventData.Username": "S-1-5-21-963789628-1060504924-4285088085-1000", "EventData.Package": "Microsoft.BioEnrollment_cw5n1h2txyewy", "EventData.Operation": "1", "EventData.Elapsed": "1.4843662"}
{"EventID": "241", "Channel": "Microsoft-Windows-AppReadiness/Admin", "Provider_Name": "Microsoft-Windows-AppReadiness", "Computer": "DESKTOP-OFJ6N53", "TimeCreated": "2022-02-24 08:27:35.294977+00:00", "RecordID": "32", "Level": "4", "UserID": "S-1-5-18", "EventData.User": "S-1-5-21-963789628-1060504924-4285088085-1000", "EventData.TaskId": "install::Microsoft.Windows.OOBENetworkConnectionFlow_cw5n1h2txyewy", "EventData.TaskCount": "8"}
{"EventID": "213", "Channel": "Microsoft-Windows-AppReadiness/Admin", "Provider_Name": "Microsoft-Windows-AppReadiness", "Computer": "DESKTOP-OFJ6N53", "TimeCreated": "2022-02-24 08:27:35.294981+00:00", "RecordID": "33", "Level": "4", "UserID": "S-1-5-18", "EventData.Username": "S-1-5-21-963789628-1060504924-4285088085-1000", "EventData.Package": "Microsoft.Windows.OOBENetworkConnectionFlow_cw5n1h2txyewy", "EventData.Operation": "1", "EventData.Elapsed": "0.5781367"}
{"EventID": "241", "Channel": "Microsoft-Windows-AppReadiness/Admin", "Provider_Name": "Microsoft-Windows-AppReadiness", "Computer": "DESKTOP-OFJ6N53", "TimeCreated": "2022-02-24 08:27:35.359419+00:00", "RecordID": "34", "Level": "4", "UserID": "S-1-5-18", "EventData.User": "S-1-5-21-963789628-1060504924-4285088085-1000", "EventData.TaskId": "install::Microsoft.AAD.BrokerPlugin_cw5n1h2txyewy", "EventData.TaskCount": "7"}
{"EventID": "213", "Channel": "Microsoft-Windows-AppReadiness/Admin", "Provider_Name": "Microsoft-Windows-AppReadiness", "Computer": "DESKTOP-OFJ6N53", "TimeCreated": "2022-02-24 08:27:35.359421+00:00", "RecordID": "35", "Level": "4", "UserID": "S-1-5-18", "EventData.Username": "S-1-5-21-963789628-1060504924-4285088085-1000", "EventData.Package": "Microsoft.AAD.BrokerPlugin_cw5n1h2txyewy", "EventData.Operation": "1", "EventData.Elapsed": "0.6718823"}
{"EventID": "241", "Channel": "Microsoft-Windows-AppReadiness/Admin", "Provider_Name": "Microsoft-Windows-AppReadiness", "Computer": "DESKTOP-OFJ6N53", "TimeCreated": "2022-02-24 08:27:36.003527+00:00", "RecordID": "36", "Level": "4", "UserID": "S-1-5-18", "EventData.User": "S-1-5-21-963789628-1060504924-4285088085-1000", "EventData.TaskId": "install::MicrosoftWindows.UndockedDevKit_cw5n1h2txyewy", "EventData.TaskCount": "6"}
{"EventID": "213", "Channel": "Microsoft-Windows-AppReadiness/Admin", "Provider_Name": "Microsoft-Windows-AppReadiness", "Computer": "DESKTOP-OFJ6N53", "TimeCreated": "2022-02-24 08:27:36.003529+00:00", "RecordID": "37", "Level": "4", "UserID": "S-1-5-18", "EventData.Username": "S-1-5-21-963789628-1060504924-4285088085-1000", "EventData.Package": "MicrosoftWindows.UndockedDevKit_cw5n1h2txyewy", "EventData.Operation": "1", "EventData.Elapsed": "0.6406196"}
{"EventID": "241", "Channel": "Microsoft-Windows-AppReadiness/Admin", "Provider_Name": "Microsoft-Windows-AppReadiness", "Computer": "DESKTOP-OFJ6N53", "TimeCreated": "2022-02-24 08:27:36.068647+00:00", "RecordID": "38", "Level": "4", "UserID": "S-1-5-18", "EventData.User": "S-1-5-21-963789628-1060504924-4285088085-1000", "EventData.TaskId": "install::Microsoft.Windows.OOBENetworkCaptivePortal_cw5n1h2txyewy", "EventData.TaskCount": "5"}
{"EventID": "213", "Channel": "Microsoft-Windows-AppReadiness/Admin", "Provider_Name": "Microsoft-Windows-AppReadiness", "Computer": "DESKTOP-OFJ6N53", "TimeCreated": "2022-02-24 08:27:36.068651+00:00", "RecordID": "39", "Level": "4", "UserID": "S-1-5-18", "EventData.Username": "S-1-5-21-963789628-1060504924-4285088085-1000", "EventData.Package": "Microsoft.Windows.OOBENetworkCaptivePortal_cw5n1h2txyewy", "EventData.Operation": "1", "EventData.Elapsed": "0.7656247"}
{"EventID": "241", "Channel": "Microsoft-Windows-AppReadiness/Admin", "Provider_Name": "Microsoft-Windows-AppReadiness", "Computer": "DESKTOP-OFJ6N53", "TimeCreated": "2022-02-24 08:27:36.492088+00:00", "RecordID": "40", "Level": "4", "UserID": "S-1-5-18", "EventData.User": "S-1-5-21-963789628-1060504924-4285088085-1000", "EventData.TaskId": "install::Microsoft.Windows.StartMenuExperienceHost_cw5n1h2txyewy", "EventData.TaskCount": "4"}
{"EventID": "213", "Channel": "Microsoft-Windows-AppReadiness/Admin", "Provider_Name": "Microsoft-Windows-AppReadiness", "Computer": "DESKTOP-OFJ6N53", "TimeCreated": "2022-02-24 08:27:36.492092+00:00", "RecordID": "41", "Level": "4", "UserID": "S-1-5-18", "EventData.Username": "S-1-5-21-963789628-1060504924-4285088085-1000", "EventData.Package": "Microsoft.Windows.StartMenuExperienceHost_cw5n1h2txyewy", "EventData.Operation": "1", "EventData.Elapsed": "0.4843747"}
{"EventID": "241", "Channel": "Microsoft-Windows-AppReadiness/Admin", "Provider_Name": "Microsoft-Windows-AppReadiness", "Computer": "DESKTOP-OFJ6N53", "TimeCreated": "2022-02-24 08:27:36.598316+00:00", "RecordID": "42", "Level": "4", "UserID": "S-1-5-18", "EventData.User": "S-1-5-21-963789628-1060504924-4285088085-1000", "EventData.TaskId": "install::Microsoft.Windows.ShellExperienceHost_cw5n1h2txyewy", "EventData.TaskCount": "3"}
{"EventID": "213", "Channel": "Microsoft-Windows-AppReadiness/Admin", "Provider_Name": "Microsoft-Windows-AppReadiness", "Computer": "DESKTOP-OFJ6N53", "TimeCreated": "2022-02-24 08:27:36.598318+00:00", "RecordID": "43", "Level": "4", "UserID": "S-1-5-18", "EventData.Username": "S-1-5-21-963789628-1060504924-4285088085-1000", "EventData.Package": "Microsoft.Windows.ShellExperienceHost_cw5n1h2txyewy", "EventData.Operation": "1", "EventData.Elapsed": "0.5312484"}
{"EventID": "241", "Channel": "Microsoft-Windows-AppReadiness/Admin", "Provider_Name": "Microsoft-Windows-AppReadiness", "Computer": "DESKTOP-OFJ6N53", "TimeCreated": "2022-02-24 08:27:37.029657+00:00", "RecordID": "44", "Level": "4", "UserID": "S-1-5-18", "EventData.User": "S-1-5-21-963789628-1060504924-4285088085-1000", "EventData.TaskId": "install::Microsoft.Windows.ContentDeliveryManager_cw5n1h2txyewy", "EventData.TaskCount": "2"}
{"EventID": "213", "Channel": "Microsoft-Windows-AppReadiness/Admin", "Provider_Name": "Microsoft-Windows-AppReadiness", "Computer": "DESKTOP-OFJ6N53", "TimeCreated": "2022-02-24 08:27:37.029659+00:00", "RecordID": "45", "Level": "4", "UserID": "S-1-5-18", "EventData.Username": "S-1-5-21-963789628-1060504924-4285088085-1000", "EventData.Package": "Microsoft.Windows.ContentDeliveryManager_cw5n1h2txyewy", "EventData.Operation": "1", "EventData.Elapsed": "0.5312503"}
{"EventID": "241", "Channel": "Microsoft-Windows-AppReadiness/Admin", "Provider_Name": "Microsoft-Windows-AppReadiness", "Computer": "DESKTOP-OFJ6N53", "TimeCreated": "2022-02-24 08:27:37.112411+00:00", "RecordID": "46", "Level": "4", "UserID": "S-1-5-18", "EventData.User": "S-1-5-21-963789628-1060504924-4285088085-1000", "EventData.TaskId": "install::MicrosoftWindows.Client.CBS_cw5n1h2txyewy", "EventData.TaskCount": "1"}
{"EventID": "241", "Channel": "Microsoft-Windows-AppReadiness/Admin", "Provider_Name": "Microsoft-Windows-AppReadiness", "Computer": "DESKTOP-OFJ6N53", "TimeCreated": "2022-02-24 08:27:37.112411+00:00", "RecordID": "47", "Level": "4", "UserID": "S-1-5-18", "EventData.User": "S-1-5-21-963789628-1060504924-4285088085-1000", "EventData.TaskId": "ART:UserLogon", "EventData.TaskCount": "0"}
{"EventID": "213", "Channel": "Microsoft-Windows-AppReadiness/Admin", "Provider_Name": "Microsoft-Windows-AppReadiness", "Computer": "DESKTOP-OFJ6N53", "TimeCreated": "2022-02-24 08:27:37.112413+00:00", "RecordID": "48", "Level": "4", "UserID": "S-1-5-18", "EventData.Username": "S-1-5-21-963789628-1060504924-4285088085-1000", "EventData.Package": "MicrosoftWindows.Client.CBS_cw5n1h2txyewy", "EventData.Operation": "1", "EventData.Elapsed": "0.5156268"}
{"EventID": "220", "Channel": "Microsoft-Windows-AppReadiness/Admin", "Provider_Name": "Microsoft-Windows-AppReadiness", "Computer": "DESKTOP-OFJ6N53", "TimeCreated": "2022-02-24 08:27:37.112415+00:00", "RecordID": "49", "Level": "4", "UserID": "S-1-5-18", "EventData.Username": "S-1-5-21-963789628-1060504924-4285088085-1000", "EventData.Task": "ART:UserLogon", "EventData.Elapsed": "3.9531236"}
{"EventID": "209", "Channel": "Microsoft-Windows-AppReadiness/Admin", "Provider_Name": "Microsoft-Windows-AppReadiness", "Computer": "DESKTOP-OFJ6N53", "TimeCreated": "2022-02-24 09:08:44.420553+00:00", "RecordID": "50", "Level": "4", "UserID": "S-1-5-18", "EventData.User": "S-1-5-21-963789628-1060504924-4285088085-1000", "EventData.From": "0", "EventData.To": "3"}
{"EventID": "234", "Channel": "Microsoft-Windows-AppReadiness/Admin", "Provider_Name": "Microsoft-Windows-AppReadiness", "Computer": "DESKTOP-OFJ6N53", "TimeCreated": "2022-02-24 09:08:44.449619+00:00", "RecordID": "51", "Level": "4", "UserID": "S-1-5-18", "EventData.ExitCode": "0x00000000"}
{"EventID": "209", "Channel": "Microsoft-Windows-AppReadiness/Admin", "Provider_Name": "Microsoft-Windows-AppReadiness", "Computer": "DESKTOP-OFJ6N53", "TimeCreated": "2022-02-24 09:08:50.107775+00:00", "RecordID": "52", "Level": "4", "UserID": "S-1-5-18", "EventData.User": "S-1-5-21-963789628-1060504924-4285088085-1001", "EventData.From": "2", "EventData.To": "0"}
{"EventID": "232", "Channel": "Microsoft-Windows-AppReadiness/Admin", "Provider_Name": "Microsoft-Windows-AppReadiness", "Computer": "DESKTOP-OFJ6N53", "TimeCreated": "2022-02-24 09:08:50.200596+00:00", "RecordID": "53", "Level": "4", "UserID": "S-1-5-18", "EventData.ExitCode": "0x00000000"}
{"EventID": "240", "Channel": "Microsoft-Windows-AppReadiness/Admin", "Provider_Name": "Microsoft-Windows-AppReadiness", "Computer": "DESKTOP-OFJ6N53", "TimeCreated": "2022-02-24 09:08:51.302250+00:00", "RecordID": "54", "Level": "4", "UserID": "S-1-5-18", "EventData.User": "S-1-5-21-963789628-1060504924-4285088085-1001", "EventData.TaskId": "install::Microsoft.Windows.CloudExperienceHost_cw5n1h2txyewy", "EventData.TaskCount": "1"}
{"EventID": "240", "Channel": "Microsoft-Windows-AppReadiness/Admin", "Provider_Name": "Microsoft-Windows-AppReadiness", "Computer": "DESKTOP-OFJ6N53", "TimeCreated": "2022-02-24 09:08:51.302805+00:00", "RecordID": "55", "Level": "4", "UserID": "S-1-5-18", "EventData.User": "S-1-5-21-963789628-1060504924-4285088085-1001", "EventData.TaskId": "install::Microsoft.BioEnrollment_cw5n1h2txyewy", "EventData.TaskCount": "2"}
{"EventID": "240", "Channel": "Microsoft-Windows-AppReadiness/Admin", "Provider_Name": "Microsoft-Windows-AppReadiness", "Computer": "DESKTOP-OFJ6N53", "TimeCreated": "2022-02-24 09:08:51.302870+00:00", "RecordID": "56", "Level": "4", "UserID": "S-1-5-18", "EventData.User": "S-1-5-21-963789628-1060504924-4285088085-1001", "EventData.TaskId": "install::Microsoft.AAD.BrokerPlugin_cw5n1h2txyewy", "EventData.TaskCount": "3"}
{"EventID": "240", "Channel": "Microsoft-Windows-AppReadiness/Admin", "Provider_Name": "Microsoft-Windows-AppReadiness", "Computer": "DESKTOP-OFJ6N53", "TimeCreated": "2022-02-24 09:08:51.302927+00:00", "RecordID": "57", "Level": "4", "UserID": "S-1-5-18", "EventData.User": "S-1-5-21-963789628-1060504924-4285088085-1001", "EventData.TaskId": "install::Microsoft.Windows.OOBENetworkConnectionFlow_cw5n1h2txyewy", "EventData.TaskCount": "4"}
{"EventID": "240", "Channel": "Microsoft-Windows-AppReadiness/Admin", "Provider_Name": "Microsoft-Windows-AppReadiness", "Computer": "DESKTOP-OFJ6N53", "TimeCreated": "2022-02-24 09:08:51.302984+00:00", "RecordID": "58", "Level": "4", "UserID": "S-1-5-18", "EventData.User": "S-1-5-21-963789628-1060504924-4285088085-1001", "EventData.TaskId": "install::Microsoft.Windows.OOBENetworkCaptivePortal_cw5n1h2txyewy", "EventData.TaskCount": "5"}
{"EventID": "240", "Channel": "Microsoft-Windows-AppReadiness/Admin", "Provider_Name": "Microsoft-Windows-AppReadiness", "Computer": "DESKTOP-OFJ6N53", "TimeCreated": "2022-02-24 09:08:51.303043+00:00", "RecordID": "59", "Level": "4", "UserID": "S-1-5-18", "EventData.User": "S-1-5-21-963789628-1060504924-4285088085-1001", "EventData.TaskId": "install::MicrosoftWindows.UndockedDevKit_cw5n1h2txyewy", "EventData.TaskCount": "6"}
{"EventID": "240", "Channel": "Microsoft-Windows-AppReadiness/Admin", "Provider_Name": "Microsoft-Windows-AppReadiness", "Computer": "DESKTOP-OFJ6N53", "TimeCreated": "2022-02-24 09:08:51.303123+00:00", "RecordID": "60", "Level": "4", "UserID": "S-1-5-18", "EventData.User": "S-1-5-21-963789628-1060504924-4285088085-1001", "EventData.TaskId": "install::Microsoft.Windows.StartMenuExperienceHost_cw5n1h2txyewy", "EventData.TaskCount": "7"}
{"EventID": "240", "Channel": "Microsoft-Windows-AppReadiness/Admin", "Provider_Name": "Microsoft-Windows-AppReadiness", "Computer": "DESKTOP-OFJ6N53", "TimeCreated": "2022-02-24 09:08:51.303183+00:00", "RecordID": "61", "Level": "4", "UserID": "S-1-5-18", "EventData.User": "S-1-5-21-963789628-1060504924-4285088085-1001", "EventData.TaskId": "install::Microsoft.Windows.ShellExperienceHost_cw5n1h2txyewy", "EventData.TaskCount": "8"}
{"EventID": "240", "Channel": "Microsoft-Windows-AppReadiness/Admin", "Provider_Name": "Microsoft-Windows-AppReadiness", "Computer": "DESKTOP-OFJ6N53", "TimeCreated": "2022-02-24 09:08:51.303242+00:00", "RecordID": "62", "Level": "4", "UserID": "S-1-5-18", "EventData.User": "S-1-5-21-963789628-1060504924-4285088085-1001", "EventData.TaskId": "install::windows.immersivecontrolpanel_cw5n1h2txyewy", "EventData.TaskCount": "9"}
{"EventID": "240", "Channel": "Microsoft-Windows-AppReadiness/Admin", "Provider_Name": "Microsoft-Windows-AppReadiness", "Computer": "DESKTOP-OFJ6N53", "TimeCreated": "2022-02-24 09:08:51.303299+00:00", "RecordID": "63", "Level": "4", "UserID": "S-1-5-18", "EventData.User": "S-1-5-21-963789628-1060504924-4285088085-1001", "EventData.TaskId": "install::Microsoft.Windows.Search_cw5n1h2txyewy", "EventData.TaskCount": "10"}
{"EventID": "240", "Channel": "Microsoft-Windows-AppReadiness/Admin", "Provider_Name": "Microsoft-Windows-AppReadiness", "Computer": "DESKTOP-OFJ6N53", "TimeCreated": "2022-02-24 09:08:51.303362+00:00", "RecordID": "64", "Level": "4", "UserID": "S-1-5-18", "EventData.User": "S-1-5-21-963789628-1060504924-4285088085-1001", "EventData.TaskId": "install::Microsoft.549981C3F5F10_8wekyb3d8bbwe", "EventData.TaskCount": "11"}
{"EventID": "240", "Channel": "Microsoft-Windows-AppReadiness/Admin", "Provider_Name": "Microsoft-Windows-AppReadiness", "Computer": "DESKTOP-OFJ6N53", "TimeCreated": "2022-02-24 09:08:51.303419+00:00", "RecordID": "65", "Level": "4", "UserID": "S-1-5-18", "EventData.User": "S-1-5-21-963789628-1060504924-4285088085-1001", "EventData.TaskId": "install::1527c705-839a-4832-9118-54d4Bd6a0c89_cw5n1h2txyewy", "EventData.TaskCount": "12"}
{"EventID": "240", "Channel": "Microsoft-Windows-AppReadiness/Admin", "Provider_Name": "Microsoft-Windows-AppReadiness", "Computer": "DESKTOP-OFJ6N53", "TimeCreated": "2022-02-24 09:08:51.306488+00:00", "RecordID": "66", "Level": "4", "UserID": "S-1-5-18", "EventData.User": "S-1-5-21-963789628-1060504924-4285088085-1001", "EventData.TaskId": "PreviewTiles", "EventData.TaskCount": "13"}
{"EventID": "240", "Channel": "Microsoft-Windows-AppReadiness/Admin", "Provider_Name": "Microsoft-Windows-AppReadiness", "Computer": "DESKTOP-OFJ6N53", "TimeCreated": "2022-02-24 09:08:51.306532+00:00", "RecordID": "67", "Level": "4", "UserID": "S-1-5-18", "EventData.User": "S-1-5-21-963789628-1060504924-4285088085-1001", "EventData.TaskId": "install::c5e2524a-ea46-4f67-841f-6a9465d9d515_cw5n1h2txyewy", "EventData.TaskCount": "14"}
{"EventID": "240", "Channel": "Microsoft-Windows-AppReadiness/Admin", "Provider_Name": "Microsoft-Windows-AppReadiness", "Computer": "DESKTOP-OFJ6N53", "TimeCreated": "2022-02-24 09:08:51.306797+00:00", "RecordID": "68", "Level": "4", "UserID": "S-1-5-18", "EventData.User": "S-1-5-21-963789628-1060504924-4285088085-1001", "EventData.TaskId": "install::E2A4F912-2574-4A75-9BB0-0D023378592B_cw5n1h2txyewy", "EventData.TaskCount": "15"}
{"EventID": "240", "Channel": "Microsoft-Windows-AppReadiness/Admin", "Provider_Name": "Microsoft-Windows-AppReadiness", "Computer": "DESKTOP-OFJ6N53", "TimeCreated": "2022-02-24 09:08:51.306932+00:00", "RecordID": "69", "Level": "4", "UserID": "S-1-5-18", "EventData.User": "S-1-5-21-963789628-1060504924-4285088085-1001", "EventData.TaskId": "install::F46D4000-FD22-4DB4-AC8E-4E1DDDE828FE_cw5n1h2txyewy", "EventData.TaskCount": "16"}
{"EventID": "240", "Channel": "Microsoft-Windows-AppReadiness/Admin", "Provider_Name": "Microsoft-Windows-AppReadiness", "Computer": "DESKTOP-OFJ6N53", "TimeCreated": "2022-02-24 09:08:51.307068+00:00", "RecordID": "70", "Level": "4", "UserID": "S-1-5-18", "EventData.User": "S-1-5-21-963789628-1060504924-4285088085-1001", "EventData.TaskId": "install::Microsoft.AccountsControl_cw5n1h2txyewy", "EventData.TaskCount": "17"}
{"EventID": "240", "Channel": "Microsoft-Windows-AppReadiness/Admin", "Provider_Name": "Microsoft-Windows-AppReadiness", "Computer": "DESKTOP-OFJ6N53", "TimeCreated": "2022-02-24 09:08:51.307180+00:00", "RecordID": "71", "Level": "4", "UserID": "S-1-5-18", "EventData.User": "S-1-5-21-963789628-1060504924-4285088085-1001", "EventData.TaskId": "install::Microsoft.AsyncTextService_8wekyb3d8bbwe", "EventData.TaskCount": "18"}
{"EventID": "240", "Channel": "Microsoft-Windows-AppReadiness/Admin", "Provider_Name": "Microsoft-Windows-AppReadiness", "Computer": "DESKTOP-OFJ6N53", "TimeCreated": "2022-02-24 09:08:51.307314+00:00", "RecordID": "72", "Level": "4", "UserID": "S-1-5-18", "EventData.User": "S-1-5-21-963789628-1060504924-4285088085-1001", "EventData.TaskId": "install::Microsoft.CredDialogHost_cw5n1h2txyewy", "EventData.TaskCount": "19"}
{"EventID": "240", "Channel": "Microsoft-Windows-AppReadiness/Admin", "Provider_Name": "Microsoft-Windows-AppReadiness", "Computer": "DESKTOP-OFJ6N53", "TimeCreated": "2022-02-24 09:08:51.307426+00:00", "RecordID": "73", "Level": "4", "UserID": "S-1-5-18", "EventData.User": "S-1-5-21-963789628-1060504924-4285088085-1001", "EventData.TaskId": "install::Microsoft.ECApp_8wekyb3d8bbwe", "EventData.TaskCount": "20"}
{"EventID": "240", "Channel": "Microsoft-Windows-AppReadiness/Admin", "Provider_Name": "Microsoft-Windows-AppReadiness", "Computer": "DESKTOP-OFJ6N53", "TimeCreated": "2022-02-24 09:08:51.307537+00:00", "RecordID": "74", "Level": "4", "UserID": "S-1-5-18", "EventData.User": "S-1-5-21-963789628-1060504924-4285088085-1001", "EventData.TaskId": "install::Microsoft.LockApp_cw5n1h2txyewy", "EventData.TaskCount": "21"}
{"EventID": "240", "Channel": "Microsoft-Windows-AppReadiness/Admin", "Provider_Name": "Microsoft-Windows-AppReadiness", "Computer": "DESKTOP-OFJ6N53", "TimeCreated": "2022-02-24 09:08:51.307642+00:00", "RecordID": "75", "Level": "4", "UserID": "S-1-5-18", "EventData.User": "S-1-5-21-963789628-1060504924-4285088085-1001", "EventData.TaskId": "install::Microsoft.MicrosoftEdgeDevToolsClient_8wekyb3d8bbwe", "EventData.TaskCount": "22"}
{"EventID": "240", "Channel": "Microsoft-Windows-AppReadiness/Admin", "Provider_Name": "Microsoft-Windows-AppReadiness", "Computer": "DESKTOP-OFJ6N53", "TimeCreated": "2022-02-24 09:08:51.307751+00:00", "RecordID": "76", "Level": "4", "UserID": "S-1-5-18", "EventData.User": "S-1-5-21-963789628-1060504924-4285088085-1001", "EventData.TaskId": "install::Microsoft.MicrosoftEdge_8wekyb3d8bbwe", "EventData.TaskCount": "23"}
{"EventID": "240", "Channel": "Microsoft-Windows-AppReadiness/Admin", "Provider_Name": "Microsoft-Windows-AppReadiness", "Computer": "DESKTOP-OFJ6N53", "TimeCreated": "2022-02-24 09:08:51.307810+00:00", "RecordID": "77", "Level": "4", "UserID": "S-1-5-18", "EventData.User": "S-1-5-21-963789628-1060504924-4285088085-1001", "EventData.TaskId": "install::Microsoft.Win32WebViewHost_cw5n1h2txyewy", "EventData.TaskCount": "24"}
{"EventID": "240", "Channel": "Microsoft-Windows-AppReadiness/Admin", "Provider_Name": "Microsoft-Windows-AppReadiness", "Computer": "DESKTOP-OFJ6N53", "TimeCreated": "2022-02-24 09:08:51.307915+00:00", "RecordID": "78", "Level": "4", "UserID": "S-1-5-18", "EventData.User": "S-1-5-21-963789628-1060504924-4285088085-1001", "EventData.TaskId": "install::Microsoft.Windows.AppRep.ChxApp_cw5n1h2txyewy", "EventData.TaskCount": "25"}
{"EventID": "240", "Channel": "Microsoft-Windows-AppReadiness/Admin", "Provider_Name": "Microsoft-Windows-AppReadiness", "Computer": "DESKTOP-OFJ6N53", "TimeCreated": "2022-02-24 09:08:51.308020+00:00", "RecordID": "79", "Level": "4", "UserID": "S-1-5-18", "EventData.User": "S-1-5-21-963789628-1060504924-4285088085-1001", "EventData.TaskId": "install::Microsoft.Windows.AssignedAccessLockApp_cw5n1h2txyewy", "EventData.TaskCount": "26"}
{"EventID": "240", "Channel": "Microsoft-Windows-AppReadiness/Admin", "Provider_Name": "Microsoft-Windows-AppReadiness", "Computer": "DESKTOP-OFJ6N53", "TimeCreated": "2022-02-24 09:08:51.308126+00:00", "RecordID": "80", "Level": "4", "UserID": "S-1-5-18", "EventData.User": "S-1-5-21-963789628-1060504924-4285088085-1001", "EventData.TaskId": "install::Microsoft.Windows.CallingShellApp_cw5n1h2txyewy", "EventData.TaskCount": "27"}
{"EventID": "240", "Channel": "Microsoft-Windows-AppReadiness/Admin", "Provider_Name": "Microsoft-Windows-AppReadiness", "Computer": "DESKTOP-OFJ6N53", "TimeCreated": "2022-02-24 09:08:51.308233+00:00", "RecordID": "81", "Level": "4", "UserID": "S-1-5-18", "EventData.User": "S-1-5-21-963789628-1060504924-4285088085-1001", "EventData.TaskId": "install::Microsoft.Windows.CapturePicker_cw5n1h2txyewy", "EventData.TaskCount": "28"}
{"EventID": "240", "Channel": "Microsoft-Windows-AppReadiness/Admin", "Provider_Name": "Microsoft-Windows-AppReadiness", "Computer": "DESKTOP-OFJ6N53", "TimeCreated": "2022-02-24 09:08:51.308338+00:00", "RecordID": "82", "Level": "4", "UserID": "S-1-5-18", "EventData.User": "S-1-5-21-963789628-1060504924-4285088085-1001", "EventData.TaskId": "install::Microsoft.Windows.ContentDeliveryManager_cw5n1h2txyewy", "EventData.TaskCount": "29"}
{"EventID": "240", "Channel": "Microsoft-Windows-AppReadiness/Admin", "Provider_Name": "Microsoft-Windows-AppReadiness", "Computer": "DESKTOP-OFJ6N53", "TimeCreated": "2022-02-24 09:08:51.308401+00:00", "RecordID": "83", "Level": "4", "UserID": "S-1-5-18", "EventData.User": "S-1-5-21-963789628-1060504924-4285088085-1001", "EventData.TaskId": "install::Microsoft.Windows.NarratorQuickStart_8wekyb3d8bbwe", "EventData.TaskCount": "30"}
{"EventID": "240", "Channel": "Microsoft-Windows-AppReadiness/Admin", "Provider_Name": "Microsoft-Windows-AppReadiness", "Computer": "DESKTOP-OFJ6N53", "TimeCreated": "2022-02-24 09:08:51.308510+00:00", "RecordID": "84", "Level": "4", "UserID": "S-1-5-18", "EventData.User": "S-1-5-21-963789628-1060504924-4285088085-1001", "EventData.TaskId": "install::Microsoft.Windows.ParentalControls_cw5n1h2txyewy", "EventData.TaskCount": "31"}
{"EventID": "240", "Channel": "Microsoft-Windows-AppReadiness/Admin", "Provider_Name": "Microsoft-Windows-AppReadiness", "Computer": "DESKTOP-OFJ6N53", "TimeCreated": "2022-02-24 09:08:51.308617+00:00", "RecordID": "85", "Level": "4", "UserID": "S-1-5-18", "EventData.User": "S-1-5-21-963789628-1060504924-4285088085-1001", "EventData.TaskId": "install::Microsoft.Windows.PeopleExperienceHost_cw5n1h2txyewy", "EventData.TaskCount": "32"}
{"EventID": "240", "Channel": "Microsoft-Windows-AppReadiness/Admin", "Provider_Name": "Microsoft-Windows-AppReadiness", "Computer": "DESKTOP-OFJ6N53", "TimeCreated": "2022-02-24 09:08:51.308725+00:00", "RecordID": "86", "Level": "4", "UserID": "S-1-5-18", "EventData.User": "S-1-5-21-963789628-1060504924-4285088085-1001", "EventData.TaskId": "install::Microsoft.Windows.PinningConfirmationDialog_cw5n1h2txyewy", "EventData.TaskCount": "33"}
{"EventID": "240", "Channel": "Microsoft-Windows-AppReadiness/Admin", "Provider_Name": "Microsoft-Windows-AppReadiness", "Computer": "DESKTOP-OFJ6N53", "TimeCreated": "2022-02-24 09:08:51.308832+00:00", "RecordID": "87", "Level": "4", "UserID": "S-1-5-18", "EventData.User": "S-1-5-21-963789628-1060504924-4285088085-1001", "EventData.TaskId": "install::Microsoft.Windows.SecHealthUI_cw5n1h2txyewy", "EventData.TaskCount": "34"}
{"EventID": "240", "Channel": "Microsoft-Windows-AppReadiness/Admin", "Provider_Name": "Microsoft-Windows-AppReadiness", "Computer": "DESKTOP-OFJ6N53", "TimeCreated": "2022-02-24 09:08:51.308941+00:00", "RecordID": "88", "Level": "4", "UserID": "S-1-5-18", "EventData.User": "S-1-5-21-963789628-1060504924-4285088085-1001", "EventData.TaskId": "install::Microsoft.Windows.SecureAssessmentBrowser_cw5n1h2txyewy", "EventData.TaskCount": "35"}
{"EventID": "240", "Channel": "Microsoft-Windows-AppReadiness/Admin", "Provider_Name": "Microsoft-Windows-AppReadiness", "Computer": "DESKTOP-OFJ6N53", "TimeCreated": "2022-02-24 09:08:51.309050+00:00", "RecordID": "89", "Level": "4", "UserID": "S-1-5-18", "EventData.User": "S-1-5-21-963789628-1060504924-4285088085-1001", "EventData.TaskId": "install::Microsoft.Windows.XGpuEjectDialog_cw5n1h2txyewy", "EventData.TaskCount": "36"}
{"EventID": "240", "Channel": "Microsoft-Windows-AppReadiness/Admin", "Provider_Name": "Microsoft-Windows-AppReadiness", "Computer": "DESKTOP-OFJ6N53", "TimeCreated": "2022-02-24 09:08:51.309160+00:00", "RecordID": "90", "Level": "4", "UserID": "S-1-5-18", "EventData.User": "S-1-5-21-963789628-1060504924-4285088085-1001", "EventData.TaskId": "install::Microsoft.XboxGameCallableUI_cw5n1h2txyewy", "EventData.TaskCount": "37"}
{"EventID": "240", "Channel": "Microsoft-Windows-AppReadiness/Admin", "Provider_Name": "Microsoft-Windows-AppReadiness", "Computer": "DESKTOP-OFJ6N53", "TimeCreated": "2022-02-24 09:08:51.309294+00:00", "RecordID": "91", "Level": "4", "UserID": "S-1-5-18", "EventData.User": "S-1-5-21-963789628-1060504924-4285088085-1001", "EventData.TaskId": "install::MicrosoftWindows.Client.CBS_cw5n1h2txyewy", "EventData.TaskCount": "38"}
{"EventID": "240", "Channel": "Microsoft-Windows-AppReadiness/Admin", "Provider_Name": "Microsoft-Windows-AppReadiness", "Computer": "DESKTOP-OFJ6N53", "TimeCreated": "2022-02-24 09:08:51.309357+00:00", "RecordID": "92", "Level": "4", "UserID": "S-1-5-18", "EventData.User": "S-1-5-21-963789628-1060504924-4285088085-1001", "EventData.TaskId": "install::NcsiUwpApp_8wekyb3d8bbwe", "EventData.TaskCount": "39"}
{"EventID": "240", "Channel": "Microsoft-Windows-AppReadiness/Admin", "Provider_Name": "Microsoft-Windows-AppReadiness", "Computer": "DESKTOP-OFJ6N53", "TimeCreated": "2022-02-24 09:08:51.309467+00:00", "RecordID": "93", "Level": "4", "UserID": "S-1-5-18", "EventData.User": "S-1-5-21-963789628-1060504924-4285088085-1001", "EventData.TaskId": "install::Windows.CBSPreview_cw5n1h2txyewy", "EventData.TaskCount": "40"}
{"EventID": "240", "Channel": "Microsoft-Windows-AppReadiness/Admin", "Provider_Name": "Microsoft-Windows-AppReadiness", "Computer": "DESKTOP-OFJ6N53", "TimeCreated": "2022-02-24 09:08:51.309574+00:00", "RecordID": "94", "Level": "4", "UserID": "S-1-5-18", "EventData.User": "S-1-5-21-963789628-1060504924-4285088085-1001", "EventData.TaskId": "install::Windows.PrintDialog_cw5n1h2txyewy", "EventData.TaskCount": "41"}
{"EventID": "240", "Channel": "Microsoft-Windows-AppReadiness/Admin", "Provider_Name": "Microsoft-Windows-AppReadiness", "Computer": "DESKTOP-OFJ6N53", "TimeCreated": "2022-02-24 09:08:51.309681+00:00", "RecordID": "95", "Level": "4", "UserID": "S-1-5-18", "EventData.User": "S-1-5-21-963789628-1060504924-4285088085-1001", "EventData.TaskId": "install::Microsoft.BingWeather_8wekyb3d8bbwe", "EventData.TaskCount": "42"}
{"EventID": "240", "Channel": "Microsoft-Windows-AppReadiness/Admin", "Provider_Name": "Microsoft-Windows-AppReadiness", "Computer": "DESKTOP-OFJ6N53", "TimeCreated": "2022-02-24 09:08:51.309788+00:00", "RecordID": "96", "Level": "4", "UserID": "S-1-5-18", "EventData.User": "S-1-5-21-963789628-1060504924-4285088085-1001", "EventData.TaskId": "install::Microsoft.DesktopAppInstaller_8wekyb3d8bbwe", "EventData.TaskCount": "43"}
{"EventID": "240", "Channel": "Microsoft-Windows-AppReadiness/Admin", "Provider_Name": "Microsoft-Windows-AppReadiness", "Computer": "DESKTOP-OFJ6N53", "TimeCreated": "2022-02-24 09:08:51.309902+00:00", "RecordID": "97", "Level": "4", "UserID": "S-1-5-18", "EventData.User": "S-1-5-21-963789628-1060504924-4285088085-1001", "EventData.TaskId": "install::Microsoft.GetHelp_8wekyb3d8bbwe", "EventData.TaskCount": "44"}
{"EventID": "240", "Channel": "Microsoft-Windows-AppReadiness/Admin", "Provider_Name": "Microsoft-Windows-AppReadiness", "Computer": "DESKTOP-OFJ6N53", "TimeCreated": "2022-02-24 09:08:51.310015+00:00", "RecordID": "98", "Level": "4", "UserID": "S-1-5-18", "EventData.User": "S-1-5-21-963789628-1060504924-4285088085-1001", "EventData.TaskId": "install::Microsoft.Getstarted_8wekyb3d8bbwe", "EventData.TaskCount": "45"}
{"EventID": "240", "Channel": "Microsoft-Windows-AppReadiness/Admin", "Provider_Name": "Microsoft-Windows-AppReadiness", "Computer": "DESKTOP-OFJ6N53", "TimeCreated": "2022-02-24 09:08:51.310123+00:00", "RecordID": "99", "Level": "4", "UserID": "S-1-5-18", "EventData.User": "S-1-5-21-963789628-1060504924-4285088085-1001", "EventData.TaskId": "install::Microsoft.HEIFImageExtension_8wekyb3d8bbwe", "EventData.TaskCount": "46"}
{"EventID": "240", "Channel": "Microsoft-Windows-AppReadiness/Admin", "Provider_Name": "Microsoft-Windows-AppReadiness", "Computer": "DESKTOP-OFJ6N53", "TimeCreated": "2022-02-24 09:08:51.310234+00:00", "RecordID": "100", "Level": "4", "UserID": "S-1-5-18", "EventData.User": "S-1-5-21-963789628-1060504924-4285088085-1001", "EventData.TaskId": "install::Microsoft.Microsoft3DViewer_8wekyb3d8bbwe", "EventData.TaskCount": "47"}
{"EventID": "240", "Channel": "Microsoft-Windows-AppReadiness/Admin", "Provider_Name": "Microsoft-Windows-AppReadiness", "Computer": "DESKTOP-OFJ6N53", "TimeCreated": "2022-02-24 09:08:51.310345+00:00", "RecordID": "101", "Level": "4", "UserID": "S-1-5-18", "EventData.User": "S-1-5-21-963789628-1060504924-4285088085-1001", "EventData.TaskId": "install::Microsoft.MicrosoftEdge.Stable_8wekyb3d8bbwe", "EventData.TaskCount": "48"}
{"EventID": "240", "Channel": "Microsoft-Windows-AppReadiness/Admin", "Provider_Name": "Microsoft-Windows-AppReadiness", "Computer": "DESKTOP-OFJ6N53", "TimeCreated": "2022-02-24 09:08:51.310455+00:00", "RecordID": "102", "Level": "4", "UserID": "S-1-5-18", "EventData.User": "S-1-5-21-963789628-1060504924-4285088085-1001", "EventData.TaskId": "install::Microsoft.MicrosoftOfficeHub_8wekyb3d8bbwe", "EventData.TaskCount": "49"}
{"EventID": "240", "Channel": "Microsoft-Windows-AppReadiness/Admin", "Provider_Name": "Microsoft-Windows-AppReadiness", "Computer": "DESKTOP-OFJ6N53", "TimeCreated": "2022-02-24 09:08:51.310564+00:00", "RecordID": "103", "Level": "4", "UserID": "S-1-5-18", "EventData.User": "S-1-5-21-963789628-1060504924-4285088085-1001", "EventData.TaskId": "install::Microsoft.MicrosoftSolitaireCollection_8wekyb3d8bbwe", "EventData.TaskCount": "50"}
{"EventID": "240", "Channel": "Microsoft-Windows-AppReadiness/Admin", "Provider_Name": "Microsoft-Windows-AppReadiness", "Computer": "DESKTOP-OFJ6N53", "TimeCreated": "2022-02-24 09:08:51.310675+00:00", "RecordID": "104", "Level": "4", "UserID": "S-1-5-18", "EventData.User": "S-1-5-21-963789628-1060504924-4285088085-1001", "EventData.TaskId": "install::Microsoft.MicrosoftStickyNotes_8wekyb3d8bbwe", "EventData.TaskCount": "51"}
{"EventID": "240", "Channel": "Microsoft-Windows-AppReadiness/Admin", "Provider_Name": "Microsoft-Windows-AppReadiness", "Computer": "DESKTOP-OFJ6N53", "TimeCreated": "2022-02-24 09:08:51.310787+00:00", "RecordID": "105", "Level": "4", "UserID": "S-1-5-18", "EventData.User": "S-1-5-21-963789628-1060504924-4285088085-1001", "EventData.TaskId": "install::Microsoft.MixedReality.Portal_8wekyb3d8bbwe", "EventData.TaskCount": "52"}
{"EventID": "240", "Channel": "Microsoft-Windows-AppReadiness/Admin", "Provider_Name": "Microsoft-Windows-AppReadiness", "Computer": "DESKTOP-OFJ6N53", "TimeCreated": "2022-02-24 09:08:51.310913+00:00", "RecordID": "106", "Level": "4", "UserID": "S-1-5-18", "EventData.User": "S-1-5-21-963789628-1060504924-4285088085-1001", "EventData.TaskId": "install::Microsoft.MSPaint_8wekyb3d8bbwe", "EventData.TaskCount": "53"}
{"EventID": "240", "Channel": "Microsoft-Windows-AppReadiness/Admin", "Provider_Name": "Microsoft-Windows-AppReadiness", "Computer": "DESKTOP-OFJ6N53", "TimeCreated": "2022-02-24 09:08:51.311041+00:00", "RecordID": "107", "Level": "4", "UserID": "S-1-5-18", "EventData.User": "S-1-5-21-963789628-1060504924-4285088085-1001", "EventData.TaskId": "install::Microsoft.Office.OneNote_8wekyb3d8bbwe", "EventData.TaskCount": "54"}
{"EventID": "240", "Channel": "Microsoft-Windows-AppReadiness/Admin", "Provider_Name": "Microsoft-Windows-AppReadiness", "Computer": "DESKTOP-OFJ6N53", "TimeCreated": "2022-02-24 09:08:51.311155+00:00", "RecordID": "108", "Level": "4", "UserID": "S-1-5-18", "EventData.User": "S-1-5-21-963789628-1060504924-4285088085-1001", "EventData.TaskId": "install::Microsoft.People_8wekyb3d8bbwe", "EventData.TaskCount": "55"}
{"EventID": "240", "Channel": "Microsoft-Windows-AppReadiness/Admin", "Provider_Name": "Microsoft-Windows-AppReadiness", "Computer": "DESKTOP-OFJ6N53", "TimeCreated": "2022-02-24 09:08:51.311266+00:00", "RecordID": "109", "Level": "4", "UserID": "S-1-5-18", "EventData.User": "S-1-5-21-963789628-1060504924-4285088085-1001", "EventData.TaskId": "install::Microsoft.ScreenSketch_8wekyb3d8bbwe", "EventData.TaskCount": "56"}
{"EventID": "240", "Channel": "Microsoft-Windows-AppReadiness/Admin", "Provider_Name": "Microsoft-Windows-AppReadiness", "Computer": "DESKTOP-OFJ6N53", "TimeCreated": "2022-02-24 09:08:51.311398+00:00", "RecordID": "110", "Level": "4", "UserID": "S-1-5-18", "EventData.User": "S-1-5-21-963789628-1060504924-4285088085-1001", "EventData.TaskId": "install::Microsoft.SkypeApp_kzf8qxf38zg5c", "EventData.TaskCount": "57"}
{"EventID": "240", "Channel": "Microsoft-Windows-AppReadiness/Admin", "Provider_Name": "Microsoft-Windows-AppReadiness", "Computer": "DESKTOP-OFJ6N53", "TimeCreated": "2022-02-24 09:08:51.311514+00:00", "RecordID": "111", "Level": "4", "UserID": "S-1-5-18", "EventData.User": "S-1-5-21-963789628-1060504924-4285088085-1001", "EventData.TaskId": "install::Microsoft.StorePurchaseApp_8wekyb3d8bbwe", "EventData.TaskCount": "58"}
{"EventID": "240", "Channel": "Microsoft-Windows-AppReadiness/Admin", "Provider_Name": "Microsoft-Windows-AppReadiness", "Computer": "DESKTOP-OFJ6N53", "TimeCreated": "2022-02-24 09:08:51.311626+00:00", "RecordID": "112", "Level": "4", "UserID": "S-1-5-18", "EventData.User": "S-1-5-21-963789628-1060504924-4285088085-1001", "EventData.TaskId": "install::Microsoft.VCLibs.140.00_8wekyb3d8bbwe", "EventData.TaskCount": "59"}
{"EventID": "240", "Channel": "Microsoft-Windows-AppReadiness/Admin", "Provider_Name": "Microsoft-Windows-AppReadiness", "Computer": "DESKTOP-OFJ6N53", "TimeCreated": "2022-02-24 09:08:51.311695+00:00", "RecordID": "113", "Level": "4", "UserID": "S-1-5-18", "EventData.User": "S-1-5-21-963789628-1060504924-4285088085-1001", "EventData.TaskId": "install::Microsoft.VP9VideoExtensions_8wekyb3d8bbwe", "EventData.TaskCount": "60"}
{"EventID": "240", "Channel": "Microsoft-Windows-AppReadiness/Admin", "Provider_Name": "Microsoft-Windows-AppReadiness", "Computer": "DESKTOP-OFJ6N53", "TimeCreated": "2022-02-24 09:08:51.312124+00:00", "RecordID": "114", "Level": "4", "UserID": "S-1-5-18", "EventData.User": "S-1-5-21-963789628-1060504924-4285088085-1001", "EventData.TaskId": "install::Microsoft.Wallet_8wekyb3d8bbwe", "EventData.TaskCount": "61"}
{"EventID": "240", "Channel": "Microsoft-Windows-AppReadiness/Admin", "Provider_Name": "Microsoft-Windows-AppReadiness", "Computer": "DESKTOP-OFJ6N53", "TimeCreated": "2022-02-24 09:08:51.312378+00:00", "RecordID": "115", "Level": "4", "UserID": "S-1-5-18", "EventData.User": "S-1-5-21-963789628-1060504924-4285088085-1001", "EventData.TaskId": "install::Microsoft.WebMediaExtensions_8wekyb3d8bbwe", "EventData.TaskCount": "62"}
{"EventID": "240", "Channel": "Microsoft-Windows-AppReadiness/Admin", "Provider_Name": "Microsoft-Windows-AppReadiness", "Computer": "DESKTOP-OFJ6N53", "TimeCreated": "2022-02-24 09:08:51.312519+00:00", "RecordID": "116", "Level": "4", "UserID": "S-1-5-18", "EventData.User": "S-1-5-21-963789628-1060504924-4285088085-1001", "EventData.TaskId": "install::Microsoft.WebpImageExtension_8wekyb3d8bbwe", "EventData.TaskCount": "63"}
{"EventID": "240", "Channel": "Microsoft-Windows-AppReadiness/Admin", "Provider_Name": "Microsoft-Windows-AppReadiness", "Computer": "DESKTOP-OFJ6N53", "TimeCreated": "2022-02-24 09:08:51.312641+00:00", "RecordID": "117", "Level": "4", "UserID": "S-1-5-18", "EventData.User": "S-1-5-21-963789628-1060504924-4285088085-1001", "EventData.TaskId": "install::Microsoft.Windows.Photos_8wekyb3d8bbwe", "EventData.TaskCount": "64"}
{"EventID": "240", "Channel": "Microsoft-Windows-AppReadiness/Admin", "Provider_Name": "Microsoft-Windows-AppReadiness", "Computer": "DESKTOP-OFJ6N53", "TimeCreated": "2022-02-24 09:08:51.312981+00:00", "RecordID": "118", "Level": "4", "UserID": "S-1-5-18", "EventData.User": "S-1-5-21-963789628-1060504924-4285088085-1001", "EventData.TaskId": "install::Microsoft.WindowsAlarms_8wekyb3d8bbwe", "EventData.TaskCount": "65"}
{"EventID": "240", "Channel": "Microsoft-Windows-AppReadiness/Admin", "Provider_Name": "Microsoft-Windows-AppReadiness", "Computer": "DESKTOP-OFJ6N53", "TimeCreated": "2022-02-24 09:08:51.313101+00:00", "RecordID": "119", "Level": "4", "UserID": "S-1-5-18", "EventData.User": "S-1-5-21-963789628-1060504924-4285088085-1001", "EventData.TaskId": "install::Microsoft.WindowsCalculator_8wekyb3d8bbwe", "EventData.TaskCount": "66"}
{"EventID": "240", "Channel": "Microsoft-Windows-AppReadiness/Admin", "Provider_Name": "Microsoft-Windows-AppReadiness", "Computer": "DESKTOP-OFJ6N53", "TimeCreated": "2022-02-24 09:08:51.313358+00:00", "RecordID": "120", "Level": "4", "UserID": "S-1-5-18", "EventData.User": "S-1-5-21-963789628-1060504924-4285088085-1001", "EventData.TaskId": "install::Microsoft.WindowsCamera_8wekyb3d8bbwe", "EventData.TaskCount": "67"}
