{"EventID": "12", "Channel": "Microsoft-Windows-Security-Mitigations/KernelMode", "Provider_Name": "Microsoft-Windows-Security-Mitigations", "Computer": "DESKTOP-OFJ6N53", "TimeCreated": "2025-02-05 12:50:38.982962+00:00", "RecordID": "8249", "Level": "3", "UserID": "S-1-5-21-963789628-1060504924-4285088085-1001", "EventData.ProcessPathLength": "74", "EventData.ProcessPath": "\\Device\\HarddiskVolume3\\Program Files\\Google\\Chrome\\Application\\chrome.exe", "EventData.ProcessCommandLineLength": "512", "EventData.ProcessCommandLine": "\"C:\\Program Files\\Google\\Chrome\\Application\\chrome.exe\" --type=renderer --string-annotations --disable-gpu-compositing --video-capture-use-gpu-memory-buffer --lang=ru --device-scale-factor=1 --num-raster-threads=2 --enable-main-frame-before-activation --renderer-client-id=15 --time-ticks-at-unix-epoch=-1737720200898601 --launch-time-ticks=1039638020128 --field-trial-handle=5152,i,556895163797335297,12068067783297482692,262144 --variations-seed-version=20250204-185839.162000 --mojo-platform-channel-handle=47", "EventData.ProcessId": "9324", "EventData.ProcessCreateTime": "2025-02-05 12:50:38.920010+00:00", "EventData.ProcessStartKey": "43065671436744433", "EventData.ProcessSignatureLevel": "8", "EventData.ProcessSectionSignatureLevel": "8", "EventData.ProcessProtection": "0", "EventData.TargetThreadId": "2112", "EventData.TargetThreadCreateTime": "2025-02-05 12:50:38.920012+00:00", "EventData.RequiredSignatureLevel": "8", "EventData.SignatureLevel": "0", "EventData.ImageNameLength": "60", "EventData.ImageName": "\\Program Files\\Common Files\\Crypto Pro\\AppCompat\\cpcrypt.dll"}
{"EventID": "12", "Channel": "Microsoft-Windows-Security-Mitigations/KernelMode", "Provider_Name": "Microsoft-Windows-Security-Mitigations", "Computer": "DESKTOP-OFJ6N53", "TimeCreated": "2025-02-05 12:50:40.869202+00:00", "RecordID": "8250", "Level": "3", "UserID": "S-1-5-21-963789628-1060504924-4285088085-1001", "EventData.ProcessPathLength": "74", "EventData.ProcessPath": "\\Device\\HarddiskVolume3\\Program Files\\Google\\Chrome\\Application\\chrome.exe", "EventData.ProcessCommandLineLength": "512", "EventData.ProcessCommandLine": "\"C:\\Program Files\\Google\\Chrome\\Application\\chrome.exe\" --type=renderer --string-annotations --disable-gpu-compositing --video-capture-use-gpu-memory-buffer --lang=ru --device-scale-factor=1 --num-raster-threads=2 --enable-main-frame-before-activation --renderer-client-id=16 --time-ticks-at-unix-epoch=-1737720200898601 --launch-time-ticks=1039639897106 --field-trial-handle=4840,i,556895163797335297,12068067783297482692,262144 --variations-seed-version=20250204-185839.162000 --mojo-platform-channel-handle=48", "EventData.ProcessId": "10408", "EventData.ProcessCreateTime": "2025-02-05 12:50:40.796799+00:00", "EventData.ProcessStartKey": "43065671436744434", "EventData.ProcessSignatureLevel": "8", "EventData.ProcessSectionSignatureLevel": "8", "EventData.ProcessProtection": "0", "EventData.TargetThreadId": "11444", "EventData.TargetThreadCreateTime": "2025-02-05 12:50:40.796801+00:00", "EventData.RequiredSignatureLevel": "8", "EventData.SignatureLevel": "0", "EventData.ImageNameLength": "60", "EventData.ImageName": "\\Program Files\\Common Files\\Crypto Pro\\AppCompat\\cpcrypt.dll"}
{"EventID": "12", "Channel": "Microsoft-Windows-Security-Mitigations/KernelMode", "Provider_Name": "Microsoft-Windows-Security-Mitigations", "Computer": "DESKTOP-OFJ6N53", "TimeCreated": "2025-02-05 12:52:39.588799+00:00", "RecordID": "8251", "Level": "3", "UserID": "S-1-5-21-963789628-1060504924-4285088085-1001", "EventData.ProcessPathLength": "74", "EventData.ProcessPath": "\\Device\\HarddiskVolume3\\Program Files\\Google\\Chrome\\Application\\chrome.exe", "EventData.ProcessCommandLineLength": "512", "EventData.ProcessCommandLine": "\"C:\\Program Files\\Google\\Chrome\\Application\\chrome.exe\" --type=renderer --string-annotations --disable-gpu-compositing --video-capture-use-gpu-memory-buffer --lang=ru --device-scale-factor=1 --num-raster-threads=2 --enable-main-frame-before-activation --renderer-client-id=26 --time-ticks-at-unix-epoch=-1737720200898601 --launch-time-ticks=1039758605457 --field-trial-handle=4996,i,556895163797335297,12068067783297482692,262144 --variations-seed-version=20250204-185839.162000 --mojo-platform-channel-handle=60", "EventData.ProcessId": "4416", "EventData.ProcessCreateTime": "2025-02-05 12:52:39.505234+00:00", "EventData.ProcessStartKey": "43065671436744449", "EventData.ProcessSignatureLevel": "8", "EventData.ProcessSectionSignatureLevel": "8", "EventData.ProcessProtection": "0", "EventData.TargetThreadId": "7624", "EventData.TargetThreadCreateTime": "2025-02-05 12:52:39.505238+00:00", "EventData.RequiredSignatureLevel": "8", "EventData.SignatureLevel": "0", "EventData.ImageNameLength": "60", "EventData.ImageName": "\\Program Files\\Common Files\\Crypto Pro\\AppCompat\\cpcrypt.dll"}
{"EventID": "12", "Channel": "Microsoft-Windows-Security-Mitigations/KernelMode", "Provider_Name": "Microsoft-Windows-Security-Mitigations", "Computer": "DESKTOP-OFJ6N53", "TimeCreated": "2025-02-05 12:52:39.920238+00:00", "RecordID": "8252", "Level": "3", "UserID": "S-1-5-21-963789628-1060504924-4285088085-1001", "EventData.ProcessPathLength": "74", "EventData.ProcessPath": "\\Device\\HarddiskVolume3\\Program Files\\Google\\Chrome\\Application\\chrome.exe", "EventData.ProcessCommandLineLength": "512", "EventData.ProcessCommandLine": "\"C:\\Program Files\\Google\\Chrome\\Application\\chrome.exe\" --type=renderer --string-annotations --disable-gpu-compositing --video-capture-use-gpu-memory-buffer --lang=ru --device-scale-factor=1 --num-raster-threads=2 --enable-main-frame-before-activation --renderer-client-id=27 --time-ticks-at-unix-epoch=-1737720200898601 --launch-time-ticks=1039758944998 --field-trial-handle=6836,i,556895163797335297,12068067783297482692,262144 --variations-seed-version=20250204-185839.162000 --mojo-platform-channel-handle=67", "EventData.ProcessId": "12276", "EventData.ProcessCreateTime": "2025-02-05 12:52:39.844913+00:00", "EventData.ProcessStartKey": "43065671436744450", "EventData.ProcessSignatureLevel": "8", "EventData.ProcessSectionSignatureLevel": "8", "EventData.ProcessProtection": "0", "EventData.TargetThreadId": "9104", "EventData.TargetThreadCreateTime": "2025-02-05 12:52:39.844915+00:00", "EventData.RequiredSignatureLevel": "8", "EventData.SignatureLevel": "0", "EventData.ImageNameLength": "60", "EventData.ImageName": "\\Program Files\\Common Files\\Crypto Pro\\AppCompat\\cpcrypt.dll"}
{"EventID": "12", "Channel": "Microsoft-Windows-Security-Mitigations/KernelMode", "Provider_Name": "Microsoft-Windows-Security-Mitigations", "Computer": "DESKTOP-OFJ6N53", "TimeCreated": "2025-02-05 12:52:44.239780+00:00", "RecordID": "8253", "Level": "3", "UserID": "S-1-5-21-963789628-1060504924-4285088085-1001", "EventData.ProcessPathLength": "74", "EventData.ProcessPath": "\\Device\\HarddiskVolume3\\Program Files\\Google\\Chrome\\Application\\chrome.exe", "EventData.ProcessCommandLineLength": "512", "EventData.ProcessCommandLine": "\"C:\\Program Files\\Google\\Chrome\\Application\\chrome.exe\" --type=renderer --string-annotations --disable-gpu-compositing --video-capture-use-gpu-memory-buffer --lang=ru --device-scale-factor=1 --num-raster-threads=2 --enable-main-frame-before-activation --renderer-client-id=28 --time-ticks-at-unix-epoch=-1737720200898601 --launch-time-ticks=1039763258882 --field-trial-handle=1604,i,556895163797335297,12068067783297482692,262144 --variations-seed-version=20250204-185839.162000 --mojo-platform-channel-handle=70", "EventData.ProcessId": "1768", "EventData.ProcessCreateTime": "2025-02-05 12:52:44.158644+00:00", "EventData.ProcessStartKey": "43065671436744451", "EventData.ProcessSignatureLevel": "8", "EventData.ProcessSectionSignatureLevel": "8", "EventData.ProcessProtection": "0", "EventData.TargetThreadId": "4260", "EventData.TargetThreadCreateTime": "2025-02-05 12:52:44.158648+00:00", "EventData.RequiredSignatureLevel": "8", "EventData.SignatureLevel": "0", "EventData.ImageNameLength": "60", "EventData.ImageName": "\\Program Files\\Common Files\\Crypto Pro\\AppCompat\\cpcrypt.dll"}
{"EventID": "12", "Channel": "Microsoft-Windows-Security-Mitigations/KernelMode", "Provider_Name": "Microsoft-Windows-Security-Mitigations", "Computer": "DESKTOP-OFJ6N53", "TimeCreated": "2025-02-05 12:53:53.017063+00:00", "RecordID": "8254", "Level": "3", "UserID": "S-1-5-21-963789628-1060504924-4285088085-1001", "EventData.ProcessPathLength": "74", "EventData.ProcessPath": "\\Device\\HarddiskVolume3\\Program Files\\Google\\Chrome\\Application\\chrome.exe", "EventData.ProcessCommandLineLength": "384", "EventData.ProcessCommandLine": "\"C:\\Program Files\\Google\\Chrome\\Application\\chrome.exe\" --type=utility --utility-sub-type=on_device_model.mojom.OnDeviceModelService --lang=ru --service-sandbox-type=on_device_model_execution --string-annotations --field-trial-handle=6052,i,556895163797335297,12068067783297482692,262144 --variations-seed-version=20250204-185839.162000 --mojo-platform-channel-handle=5952 /prefetch:8", "EventData.ProcessId": "6384", "EventData.ProcessCreateTime": "2025-02-05 12:53:31.497334+00:00", "EventData.ProcessStartKey": "43065671436744452", "EventData.ProcessSignatureLevel": "8", "EventData.ProcessSectionSignatureLevel": "8", "EventData.ProcessProtection": "0", "EventData.TargetThreadId": "1204", "EventData.TargetThreadCreateTime": "2025-02-05 12:53:31.497349+00:00", "EventData.RequiredSignatureLevel": "8", "EventData.SignatureLevel": "0", "EventData.ImageNameLength": "60", "EventData.ImageName": "\\Program Files\\Common Files\\Crypto Pro\\AppCompat\\cpadvai.dll"}
{"EventID": "12", "Channel": "Microsoft-Windows-Security-Mitigations/KernelMode", "Provider_Name": "Microsoft-Windows-Security-Mitigations", "Computer": "DESKTOP-OFJ6N53", "TimeCreated": "2025-02-05 12:57:22.210918+00:00", "RecordID": "8255", "Level": "3", "UserID": "S-1-5-21-963789628-1060504924-4285088085-1001", "EventData.ProcessPathLength": "74", "EventData.ProcessPath": "\\Device\\HarddiskVolume3\\Program Files\\Google\\Chrome\\Application\\chrome.exe", "EventData.ProcessCommandLineLength": "512", "EventData.ProcessCommandLine": "\"C:\\Program Files\\Google\\Chrome\\Application\\chrome.exe\" --type=renderer --string-annotations --disable-gpu-compositing --video-capture-use-gpu-memory-buffer --lang=ru --device-scale-factor=1 --num-raster-threads=2 --enable-main-frame-before-activation --renderer-client-id=30 --time-ticks-at-unix-epoch=-1737720200898601 --launch-time-ticks=1040041222950 --field-trial-handle=6960,i,556895163797335297,12068067783297482692,262144 --variations-seed-version=20250204-185839.162000 --mojo-platform-channel-handle=36", "EventData.ProcessId": "11640", "EventData.ProcessCreateTime": "2025-02-05 12:57:22.123058+00:00", "EventData.ProcessStartKey": "43065671436744459", "EventData.ProcessSignatureLevel": "8", "EventData.ProcessSectionSignatureLevel": "8", "EventData.ProcessProtection": "0", "EventData.TargetThreadId": "6180", "EventData.TargetThreadCreateTime": "2025-02-05 12:57:22.123062+00:00", "EventData.RequiredSignatureLevel": "8", "EventData.SignatureLevel": "0", "EventData.ImageNameLength": "60", "EventData.ImageName": "\\Program Files\\Common Files\\Crypto Pro\\AppCompat\\cpcrypt.dll"}
{"EventID": "12", "Channel": "Microsoft-Windows-Security-Mitigations/KernelMode", "Provider_Name": "Microsoft-Windows-Security-Mitigations", "Computer": "DESKTOP-OFJ6N53", "TimeCreated": "2025-02-05 12:57:36.821180+00:00", "RecordID": "8256", "Level": "3", "UserID": "S-1-5-21-963789628-1060504924-4285088085-1001", "EventData.ProcessPathLength": "74", "EventData.ProcessPath": "\\Device\\HarddiskVolume3\\Program Files\\Google\\Chrome\\Application\\chrome.exe", "EventData.ProcessCommandLineLength": "512", "EventData.ProcessCommandLine": "\"C:\\Program Files\\Google\\Chrome\\Application\\chrome.exe\" --type=renderer --string-annotations --disable-gpu-compositing --video-capture-use-gpu-memory-buffer --lang=ru --device-scale-factor=1 --num-raster-threads=2 --enable-main-frame-before-activation --renderer-client-id=31 --time-ticks-at-unix-epoch=-1737720200898601 --launch-time-ticks=1040055834737 --field-trial-handle=4752,i,556895163797335297,12068067783297482692,262144 --variations-seed-version=20250204-185839.162000 --mojo-platform-channel-handle=70", "EventData.ProcessId": "9232", "EventData.ProcessCreateTime": "2025-02-05 12:57:36.734596+00:00", "EventData.ProcessStartKey": "43065671436744460", "EventData.ProcessSignatureLevel": "8", "EventData.ProcessSectionSignatureLevel": "8", "EventData.ProcessProtection": "0", "EventData.TargetThreadId": "5152", "EventData.TargetThreadCreateTime": "2025-02-05 12:57:36.734598+00:00", "EventData.RequiredSignatureLevel": "8", "EventData.SignatureLevel": "0", "EventData.ImageNameLength": "60", "EventData.ImageName": "\\Program Files\\Common Files\\Crypto Pro\\AppCompat\\cpcrypt.dll"}
{"EventID": "12", "Channel": "Microsoft-Windows-Security-Mitigations/KernelMode", "Provider_Name": "Microsoft-Windows-Security-Mitigations", "Computer": "DESKTOP-OFJ6N53", "TimeCreated": "2025-02-05 12:57:43.929361+00:00", "RecordID": "8257", "Level": "3", "UserID": "S-1-5-21-963789628-1060504924-4285088085-1001", "EventData.ProcessPathLength": "74", "EventData.ProcessPath": "\\Device\\HarddiskVolume3\\Program Files\\Google\\Chrome\\Application\\chrome.exe", "EventData.ProcessCommandLineLength": "512", "EventData.ProcessCommandLine": "\"C:\\Program Files\\Google\\Chrome\\Application\\chrome.exe\" --type=renderer --string-annotations --disable-gpu-compositing --video-capture-use-gpu-memory-buffer --lang=ru --device-scale-factor=1 --num-raster-threads=2 --enable-main-frame-before-activation --renderer-client-id=32 --time-ticks-at-unix-epoch=-1737720200898601 --launch-time-ticks=1040062645935 --field-trial-handle=7200,i,556895163797335297,12068067783297482692,262144 --variations-seed-version=20250204-185839.162000 --mojo-platform-channel-handle=67", "EventData.ProcessId": "9288", "EventData.ProcessCreateTime": "2025-02-05 12:57:43.546911+00:00", "EventData.ProcessStartKey": "43065671436744461", "EventData.ProcessSignatureLevel": "8", "EventData.ProcessSectionSignatureLevel": "8", "EventData.ProcessProtection": "0", "EventData.TargetThreadId": "5276", "EventData.TargetThreadCreateTime": "2025-02-05 12:57:43.546917+00:00", "EventData.RequiredSignatureLevel": "8", "EventData.SignatureLevel": "0", "EventData.ImageNameLength": "60", "EventData.ImageName": "\\Program Files\\Common Files\\Crypto Pro\\AppCompat\\cpcrypt.dll"}
{"EventID": "12", "Channel": "Microsoft-Windows-Security-Mitigations/KernelMode", "Provider_Name": "Microsoft-Windows-Security-Mitigations", "Computer": "DESKTOP-OFJ6N53", "TimeCreated": "2025-02-05 12:57:46.209150+00:00", "RecordID": "8258", "Level": "3", "UserID": "S-1-5-21-963789628-1060504924-4285088085-1001", "EventData.ProcessPathLength": "74", "EventData.ProcessPath": "\\Device\\HarddiskVolume3\\Program Files\\Google\\Chrome\\Application\\chrome.exe", "EventData.ProcessCommandLineLength": "512", "EventData.ProcessCommandLine": "\"C:\\Program Files\\Google\\Chrome\\Application\\chrome.exe\" --type=renderer --string-annotations --disable-gpu-compositing --video-capture-use-gpu-memory-buffer --lang=ru --device-scale-factor=1 --num-raster-threads=2 --enable-main-frame-before-activation --renderer-client-id=33 --time-ticks-at-unix-epoch=-1737720200898601 --launch-time-ticks=1040065223933 --field-trial-handle=6140,i,556895163797335297,12068067783297482692,262144 --variations-seed-version=20250204-185839.162000 --mojo-platform-channel-handle=34", "EventData.ProcessId": "1056", "EventData.ProcessCreateTime": "2025-02-05 12:57:46.123735+00:00", "EventData.ProcessStartKey": "43065671436744462", "EventData.ProcessSignatureLevel": "8", "EventData.ProcessSectionSignatureLevel": "8", "EventData.ProcessProtection": "0", "EventData.TargetThreadId": "10968", "EventData.TargetThreadCreateTime": "2025-02-05 12:57:46.123739+00:00", "EventData.RequiredSignatureLevel": "8", "EventData.SignatureLevel": "0", "EventData.ImageNameLength": "60", "EventData.ImageName": "\\Program Files\\Common Files\\Crypto Pro\\AppCompat\\cpcrypt.dll"}
{"EventID": "12", "Channel": "Microsoft-Windows-Security-Mitigations/KernelMode", "Provider_Name": "Microsoft-Windows-Security-Mitigations", "Computer": "DESKTOP-OFJ6N53", "TimeCreated": "2025-02-05 13:00:28.288855+00:00", "RecordID": "8259", "Level": "3", "UserID": "S-1-5-21-963789628-1060504924-4285088085-1001", "EventData.ProcessPathLength": "74", "EventData.ProcessPath": "\\Device\\HarddiskVolume3\\Program Files\\Google\\Chrome\\Application\\chrome.exe", "EventData.ProcessCommandLineLength": "512", "EventData.ProcessCommandLine": "\"C:\\Program Files\\Google\\Chrome\\Application\\chrome.exe\" --type=renderer --string-annotations --disable-gpu-compositing --video-capture-use-gpu-memory-buffer --lang=ru --device-scale-factor=1 --num-raster-threads=2 --enable-main-frame-before-activation --renderer-client-id=34 --time-ticks-at-unix-epoch=-1737720200898601 --launch-time-ticks=1040227289760 --field-trial-handle=6952,i,556895163797335297,12068067783297482692,262144 --variations-seed-version=20250204-185839.162000 --mojo-platform-channel-handle=61", "EventData.ProcessId": "6188", "EventData.ProcessCreateTime": "2025-02-05 13:00:28.189814+00:00", "EventData.ProcessStartKey": "43065671436744471", "EventData.ProcessSignatureLevel": "8", "EventData.ProcessSectionSignatureLevel": "8", "EventData.ProcessProtection": "0", "EventData.TargetThreadId": "9340", "EventData.TargetThreadCreateTime": "2025-02-05 13:00:28.189817+00:00", "EventData.RequiredSignatureLevel": "8", "EventData.SignatureLevel": "0", "EventData.ImageNameLength": "60", "EventData.ImageName": "\\Program Files\\Common Files\\Crypto Pro\\AppCompat\\cpcrypt.dll"}
{"EventID": "12", "Channel": "Microsoft-Windows-Security-Mitigations/KernelMode", "Provider_Name": "Microsoft-Windows-Security-Mitigations", "Computer": "DESKTOP-OFJ6N53", "TimeCreated": "2025-02-05 13:01:11.455450+00:00", "RecordID": "8260", "Level": "3", "UserID": "S-1-5-21-963789628-1060504924-4285088085-1001", "EventData.ProcessPathLength": "74", "EventData.ProcessPath": "\\Device\\HarddiskVolume3\\Program Files\\Google\\Chrome\\Application\\chrome.exe", "EventData.ProcessCommandLineLength": "512", "EventData.ProcessCommandLine": "\"C:\\Program Files\\Google\\Chrome\\Application\\chrome.exe\" --type=renderer --string-annotations --disable-gpu-compositing --video-capture-use-gpu-memory-buffer --lang=ru --device-scale-factor=1 --num-raster-threads=2 --enable-main-frame-before-activation --renderer-client-id=35 --time-ticks-at-unix-epoch=-1737720200898601 --launch-time-ticks=1040270339105 --field-trial-handle=3580,i,556895163797335297,12068067783297482692,262144 --variations-seed-version=20250204-185839.162000 --mojo-platform-channel-handle=34", "EventData.ProcessId": "8468", "EventData.ProcessCreateTime": "2025-02-05 13:01:11.238867+00:00", "EventData.ProcessStartKey": "43065671436744472", "EventData.ProcessSignatureLevel": "8", "EventData.ProcessSectionSignatureLevel": "8", "EventData.ProcessProtection": "0", "EventData.TargetThreadId": "11640", "EventData.TargetThreadCreateTime": "2025-02-05 13:01:11.238871+00:00", "EventData.RequiredSignatureLevel": "8", "EventData.SignatureLevel": "0", "EventData.ImageNameLength": "60", "EventData.ImageName": "\\Program Files\\Common Files\\Crypto Pro\\AppCompat\\cpcrypt.dll"}
{"EventID": "12", "Channel": "Microsoft-Windows-Security-Mitigations/KernelMode", "Provider_Name": "Microsoft-Windows-Security-Mitigations", "Computer": "DESKTOP-OFJ6N53", "TimeCreated": "2025-02-05 13:01:11.917803+00:00", "RecordID": "8261", "Level": "3", "UserID": "S-1-5-21-963789628-1060504924-4285088085-1001", "EventData.ProcessPathLength": "74", "EventData.ProcessPath": "\\Device\\HarddiskVolume3\\Program Files\\Google\\Chrome\\Application\\chrome.exe", "EventData.ProcessCommandLineLength": "512", "EventData.ProcessCommandLine": "\"C:\\Program Files\\Google\\Chrome\\Application\\chrome.exe\" --type=renderer --string-annotations --disable-gpu-compositing --video-capture-use-gpu-memory-buffer --lang=ru --device-scale-factor=1 --num-raster-threads=2 --enable-main-frame-before-activation --renderer-client-id=36 --time-ticks-at-unix-epoch=-1737720200898601 --launch-time-ticks=1040270696384 --field-trial-handle=3596,i,556895163797335297,12068067783297482692,262144 --variations-seed-version=20250204-185839.162000 --mojo-platform-channel-handle=67", "EventData.ProcessId": "3500", "EventData.ProcessCreateTime": "2025-02-05 13:01:11.596235+00:00", "EventData.ProcessStartKey": "43065671436744473", "EventData.ProcessSignatureLevel": "8", "EventData.ProcessSectionSignatureLevel": "8", "EventData.ProcessProtection": "0", "EventData.TargetThreadId": "4208", "EventData.TargetThreadCreateTime": "2025-02-05 13:01:11.596239+00:00", "EventData.RequiredSignatureLevel": "8", "EventData.SignatureLevel": "0", "EventData.ImageNameLength": "60", "EventData.ImageName": "\\Program Files\\Common Files\\Crypto Pro\\AppCompat\\cpcrypt.dll"}
{"EventID": "12", "Channel": "Microsoft-Windows-Security-Mitigations/KernelMode", "Provider_Name": "Microsoft-Windows-Security-Mitigations", "Computer": "DESKTOP-OFJ6N53", "TimeCreated": "2025-02-05 13:01:12.507034+00:00", "RecordID": "8262", "Level": "3", "UserID": "S-1-5-21-963789628-1060504924-4285088085-1001", "EventData.ProcessPathLength": "74", "EventData.ProcessPath": "\\Device\\HarddiskVolume3\\Program Files\\Google\\Chrome\\Application\\chrome.exe", "EventData.ProcessCommandLineLength": "512", "EventData.ProcessCommandLine": "\"C:\\Program Files\\Google\\Chrome\\Application\\chrome.exe\" --type=renderer --string-annotations --disable-gpu-compositing --video-capture-use-gpu-memory-buffer --lang=ru --device-scale-factor=1 --num-raster-threads=2 --enable-main-frame-before-activation --renderer-client-id=37 --time-ticks-at-unix-epoch=-1737720200898601 --launch-time-ticks=1040271528381 --field-trial-handle=7304,i,556895163797335297,12068067783297482692,262144 --variations-seed-version=20250204-185839.162000 --mojo-platform-channel-handle=35", "EventData.ProcessId": "12620", "EventData.ProcessCreateTime": "2025-02-05 13:01:12.428158+00:00", "EventData.ProcessStartKey": "43065671436744474", "EventData.ProcessSignatureLevel": "8", "EventData.ProcessSectionSignatureLevel": "8", "EventData.ProcessProtection": "0", "EventData.TargetThreadId": "5204", "EventData.TargetThreadCreateTime": "2025-02-05 13:01:12.428164+00:00", "EventData.RequiredSignatureLevel": "8", "EventData.SignatureLevel": "0", "EventData.ImageNameLength": "60", "EventData.ImageName": "\\Program Files\\Common Files\\Crypto Pro\\AppCompat\\cpcrypt.dll"}
{"EventID": "12", "Channel": "Microsoft-Windows-Security-Mitigations/KernelMode", "Provider_Name": "Microsoft-Windows-Security-Mitigations", "Computer": "DESKTOP-OFJ6N53", "TimeCreated": "2025-02-05 13:51:53.795883+00:00", "RecordID": "8263", "Level": "3", "UserID": "S-1-5-21-963789628-1060504924-4285088085-1001", "EventData.ProcessPathLength": "74", "EventData.ProcessPath": "\\Device\\HarddiskVolume3\\Program Files\\Google\\Chrome\\Application\\chrome.exe", "EventData.ProcessCommandLineLength": "512", "EventData.ProcessCommandLine": "\"C:\\Program Files\\Google\\Chrome\\Application\\chrome.exe\" --type=renderer --string-annotations --disable-gpu-compositing --video-capture-use-gpu-memory-buffer --lang=ru --device-scale-factor=1 --num-raster-threads=2 --enable-main-frame-before-activation --renderer-client-id=39 --time-ticks-at-unix-epoch=-1737720200898601 --launch-time-ticks=1043312284861 --field-trial-handle=4860,i,556895163797335297,12068067783297482692,262144 --variations-seed-version=20250204-185839.162000 --mojo-platform-channel-handle=63", "EventData.ProcessId": "908", "EventData.ProcessCreateTime": "2025-02-05 13:51:53.185114+00:00", "EventData.ProcessStartKey": "43065671436744531", "EventData.ProcessSignatureLevel": "8", "EventData.ProcessSectionSignatureLevel": "8", "EventData.ProcessProtection": "0", "EventData.TargetThreadId": "9960", "EventData.TargetThreadCreateTime": "2025-02-05 13:51:53.185122+00:00", "EventData.RequiredSignatureLevel": "8", "EventData.SignatureLevel": "0", "EventData.ImageNameLength": "60", "EventData.ImageName": "\\Program Files\\Common Files\\Crypto Pro\\AppCompat\\cpcrypt.dll"}
{"EventID": "12", "Channel": "Microsoft-Windows-Security-Mitigations/KernelMode", "Provider_Name": "Microsoft-Windows-Security-Mitigations", "Computer": "DESKTOP-OFJ6N53", "TimeCreated": "2025-02-05 13:51:54.268410+00:00", "RecordID": "8264", "Level": "3", "UserID": "S-1-5-21-963789628-1060504924-4285088085-1001", "EventData.ProcessPathLength": "74", "EventData.ProcessPath": "\\Device\\HarddiskVolume3\\Program Files\\Google\\Chrome\\Application\\chrome.exe", "EventData.ProcessCommandLineLength": "512", "EventData.ProcessCommandLine": "\"C:\\Program Files\\Google\\Chrome\\Application\\chrome.exe\" --type=renderer --string-annotations --disable-gpu-compositing --video-capture-use-gpu-memory-buffer --lang=ru --device-scale-factor=1 --num-raster-threads=2 --enable-main-frame-before-activation --renderer-client-id=40 --time-ticks-at-unix-epoch=-1737720200898601 --launch-time-ticks=1043313262448 --field-trial-handle=7428,i,556895163797335297,12068067783297482692,262144 --variations-seed-version=20250204-185839.162000 --mojo-platform-channel-handle=47", "EventData.ProcessId": "6724", "EventData.ProcessCreateTime": "2025-02-05 13:51:54.162191+00:00", "EventData.ProcessStartKey": "43065671436744532", "EventData.ProcessSignatureLevel": "8", "EventData.ProcessSectionSignatureLevel": "8", "EventData.ProcessProtection": "0", "EventData.TargetThreadId": "3148", "EventData.TargetThreadCreateTime": "2025-02-05 13:51:54.162195+00:00", "EventData.RequiredSignatureLevel": "8", "EventData.SignatureLevel": "0", "EventData.ImageNameLength": "60", "EventData.ImageName": "\\Program Files\\Common Files\\Crypto Pro\\AppCompat\\cpcrypt.dll"}
{"EventID": "12", "Channel": "Microsoft-Windows-Security-Mitigations/KernelMode", "Provider_Name": "Microsoft-Windows-Security-Mitigations", "Computer": "DESKTOP-OFJ6N53", "TimeCreated": "2025-02-05 13:51:59.175739+00:00", "RecordID": "8265", "Level": "3", "UserID": "S-1-5-21-963789628-1060504924-4285088085-1001", "EventData.ProcessPathLength": "74", "EventData.ProcessPath": "\\Device\\HarddiskVolume3\\Program Files\\Google\\Chrome\\Application\\chrome.exe", "EventData.ProcessCommandLineLength": "512", "EventData.ProcessCommandLine": "\"C:\\Program Files\\Google\\Chrome\\Application\\chrome.exe\" --type=renderer --string-annotations --disable-gpu-compositing --video-capture-use-gpu-memory-buffer --lang=ru --device-scale-factor=1 --num-raster-threads=2 --enable-main-frame-before-activation --renderer-client-id=41 --time-ticks-at-unix-epoch=-1737720200898601 --launch-time-ticks=1043318005380 --field-trial-handle=7420,i,556895163797335297,12068067783297482692,262144 --variations-seed-version=20250204-185839.162000 --mojo-platform-channel-handle=73", "EventData.ProcessId": "10564", "EventData.ProcessCreateTime": "2025-02-05 13:51:58.905298+00:00", "EventData.ProcessStartKey": "43065671436744533", "EventData.ProcessSignatureLevel": "8", "EventData.ProcessSectionSignatureLevel": "8", "EventData.ProcessProtection": "0", "EventData.TargetThreadId": "6236", "EventData.TargetThreadCreateTime": "2025-02-05 13:51:58.905304+00:00", "EventData.RequiredSignatureLevel": "8", "EventData.SignatureLevel": "0", "EventData.ImageNameLength": "60", "EventData.ImageName": "\\Program Files\\Common Files\\Crypto Pro\\AppCompat\\cpcrypt.dll"}
{"EventID": "12", "Channel": "Microsoft-Windows-Security-Mitigations/KernelMode", "Provider_Name": "Microsoft-Windows-Security-Mitigations", "Computer": "DESKTOP-OFJ6N53", "TimeCreated": "2025-02-05 13:52:17.146349+00:00", "RecordID": "8266", "Level": "3", "UserID": "S-1-5-21-963789628-1060504924-4285088085-1001", "EventData.ProcessPathLength": "74", "EventData.ProcessPath": "\\Device\\HarddiskVolume3\\Program Files\\Google\\Chrome\\Application\\chrome.exe", "EventData.ProcessCommandLineLength": "512", "EventData.ProcessCommandLine": "\"C:\\Program Files\\Google\\Chrome\\Application\\chrome.exe\" --type=renderer --string-annotations --disable-gpu-compositing --video-capture-use-gpu-memory-buffer --lang=ru --device-scale-factor=1 --num-raster-threads=2 --enable-main-frame-before-activation --renderer-client-id=42 --time-ticks-at-unix-epoch=-1737720200898601 --launch-time-ticks=1043336173728 --field-trial-handle=7472,i,556895163797335297,12068067783297482692,262144 --variations-seed-version=20250204-185839.162000 --mojo-platform-channel-handle=74", "EventData.ProcessId": "4416", "EventData.ProcessCreateTime": "2025-02-05 13:52:17.073517+00:00", "EventData.ProcessStartKey": "43065671436744535", "EventData.ProcessSignatureLevel": "8", "EventData.ProcessSectionSignatureLevel": "8", "EventData.ProcessProtection": "0", "EventData.TargetThreadId": "7504", "EventData.TargetThreadCreateTime": "2025-02-05 13:52:17.073521+00:00", "EventData.RequiredSignatureLevel": "8", "EventData.SignatureLevel": "0", "EventData.ImageNameLength": "60", "EventData.ImageName": "\\Program Files\\Common Files\\Crypto Pro\\AppCompat\\cpcrypt.dll"}
{"EventID": "12", "Channel": "Microsoft-Windows-Security-Mitigations/KernelMode", "Provider_Name": "Microsoft-Windows-Security-Mitigations", "Computer": "DESKTOP-OFJ6N53", "TimeCreated": "2025-02-05 13:52:17.279522+00:00", "RecordID": "8267", "Level": "3", "UserID": "S-1-5-21-963789628-1060504924-4285088085-1001", "EventData.ProcessPathLength": "74", "EventData.ProcessPath": "\\Device\\HarddiskVolume3\\Program Files\\Google\\Chrome\\Application\\chrome.exe", "EventData.ProcessCommandLineLength": "512", "EventData.ProcessCommandLine": "\"C:\\Program Files\\Google\\Chrome\\Application\\chrome.exe\" --type=renderer --string-annotations --disable-gpu-compositing --video-capture-use-gpu-memory-buffer --lang=ru --device-scale-factor=1 --num-raster-threads=2 --enable-main-frame-before-activation --renderer-client-id=43 --time-ticks-at-unix-epoch=-1737720200898601 --launch-time-ticks=1043336246577 --field-trial-handle=6608,i,556895163797335297,12068067783297482692,262144 --variations-seed-version=20250204-185839.162000 --mojo-platform-channel-handle=64", "EventData.ProcessId": "1256", "EventData.ProcessCreateTime": "2025-02-05 13:52:17.146328+00:00", "EventData.ProcessStartKey": "43065671436744536", "EventData.ProcessSignatureLevel": "8", "EventData.ProcessSectionSignatureLevel": "8", "EventData.ProcessProtection": "0", "EventData.TargetThreadId": "10816", "EventData.TargetThreadCreateTime": "2025-02-05 13:52:17.146336+00:00", "EventData.RequiredSignatureLevel": "8", "EventData.SignatureLevel": "0", "EventData.ImageNameLength": "60", "EventData.ImageName": "\\Program Files\\Common Files\\Crypto Pro\\AppCompat\\cpcrypt.dll"}
{"EventID": "12", "Channel": "Microsoft-Windows-Security-Mitigations/KernelMode", "Provider_Name": "Microsoft-Windows-Security-Mitigations", "Computer": "DESKTOP-OFJ6N53", "TimeCreated": "2025-02-05 13:52:26.895773+00:00", "RecordID": "8268", "Level": "3", "UserID": "S-1-5-21-963789628-1060504924-4285088085-1001", "EventData.ProcessPathLength": "74", "EventData.ProcessPath": "\\Device\\HarddiskVolume3\\Program Files\\Google\\Chrome\\Application\\chrome.exe", "EventData.ProcessCommandLineLength": "512", "EventData.ProcessCommandLine": "\"C:\\Program Files\\Google\\Chrome\\Application\\chrome.exe\" --type=renderer --string-annotations --disable-gpu-compositing --video-capture-use-gpu-memory-buffer --lang=ru --device-scale-factor=1 --num-raster-threads=2 --enable-main-frame-before-activation --renderer-client-id=44 --time-ticks-at-unix-epoch=-1737720200898601 --launch-time-ticks=1043345914071 --field-trial-handle=3600,i,556895163797335297,12068067783297482692,262144 --variations-seed-version=20250204-185839.162000 --mojo-platform-channel-handle=35", "EventData.ProcessId": "4084", "EventData.ProcessCreateTime": "2025-02-05 13:52:26.813791+00:00", "EventData.ProcessStartKey": "43065671436744538", "EventData.ProcessSignatureLevel": "8", "EventData.ProcessSectionSignatureLevel": "8", "EventData.ProcessProtection": "0", "EventData.TargetThreadId": "6424", "EventData.TargetThreadCreateTime": "2025-02-05 13:52:26.813795+00:00", "EventData.RequiredSignatureLevel": "8", "EventData.SignatureLevel": "0", "EventData.ImageNameLength": "60", "EventData.ImageName": "\\Program Files\\Common Files\\Crypto Pro\\AppCompat\\cpcrypt.dll"}
{"EventID": "12", "Channel": "Microsoft-Windows-Security-Mitigations/KernelMode", "Provider_Name": "Microsoft-Windows-Security-Mitigations", "Computer": "DESKTOP-OFJ6N53", "TimeCreated": "2025-02-05 13:52:50.443012+00:00", "RecordID": "8269", "Level": "3", "UserID": "S-1-5-21-963789628-1060504924-4285088085-1001", "EventData.ProcessPathLength": "74", "EventData.ProcessPath": "\\Device\\HarddiskVolume3\\Program Files\\Google\\Chrome\\Application\\chrome.exe", "EventData.ProcessCommandLineLength": "512", "EventData.ProcessCommandLine": "\"C:\\Program Files\\Google\\Chrome\\Application\\chrome.exe\" --type=renderer --string-annotations --disable-gpu-compositing --video-capture-use-gpu-memory-buffer --lang=ru --device-scale-factor=1 --num-raster-threads=2 --enable-main-frame-before-activation --renderer-client-id=46 --time-ticks-at-unix-epoch=-1737720200898601 --launch-time-ticks=1043369409729 --field-trial-handle=924,i,556895163797335297,12068067783297482692,262144 --variations-seed-version=20250204-185839.162000 --mojo-platform-channel-handle=701", "EventData.ProcessId": "4988", "EventData.ProcessCreateTime": "2025-02-05 13:52:50.309591+00:00", "EventData.ProcessStartKey": "43065671436744541", "EventData.ProcessSignatureLevel": "8", "EventData.ProcessSectionSignatureLevel": "8", "EventData.ProcessProtection": "0", "EventData.TargetThreadId": "10960", "EventData.TargetThreadCreateTime": "2025-02-05 13:52:50.309595+00:00", "EventData.RequiredSignatureLevel": "8", "EventData.SignatureLevel": "0", "EventData.ImageNameLength": "60", "EventData.ImageName": "\\Program Files\\Common Files\\Crypto Pro\\AppCompat\\cpcrypt.dll"}
{"EventID": "12", "Channel": "Microsoft-Windows-Security-Mitigations/KernelMode", "Provider_Name": "Microsoft-Windows-Security-Mitigations", "Computer": "DESKTOP-OFJ6N53", "TimeCreated": "2025-02-05 13:52:50.825336+00:00", "RecordID": "8270", "Level": "3", "UserID": "S-1-5-21-963789628-1060504924-4285088085-1001", "EventData.ProcessPathLength": "74", "EventData.ProcessPath": "\\Device\\HarddiskVolume3\\Program Files\\Google\\Chrome\\Application\\chrome.exe", "EventData.ProcessCommandLineLength": "512", "EventData.ProcessCommandLine": "\"C:\\Program Files\\Google\\Chrome\\Application\\chrome.exe\" --type=renderer --string-annotations --disable-gpu-compositing --video-capture-use-gpu-memory-buffer --lang=ru --device-scale-factor=1 --num-raster-threads=2 --enable-main-frame-before-activation --renderer-client-id=47 --time-ticks-at-unix-epoch=-1737720200898601 --launch-time-ticks=1043369824224 --field-trial-handle=6932,i,556895163797335297,12068067783297482692,262144 --variations-seed-version=20250204-185839.162000 --mojo-platform-channel-handle=26", "EventData.ProcessId": "2868", "EventData.ProcessCreateTime": "2025-02-05 13:52:50.724026+00:00", "EventData.ProcessStartKey": "43065671436744542", "EventData.ProcessSignatureLevel": "8", "EventData.ProcessSectionSignatureLevel": "8", "EventData.ProcessProtection": "0", "EventData.TargetThreadId": "6128", "EventData.TargetThreadCreateTime": "2025-02-05 13:52:50.724030+00:00", "EventData.RequiredSignatureLevel": "8", "EventData.SignatureLevel": "0", "EventData.ImageNameLength": "60", "EventData.ImageName": "\\Program Files\\Common Files\\Crypto Pro\\AppCompat\\cpcrypt.dll"}
{"EventID": "12", "Channel": "Microsoft-Windows-Security-Mitigations/KernelMode", "Provider_Name": "Microsoft-Windows-Security-Mitigations", "Computer": "DESKTOP-OFJ6N53", "TimeCreated": "2025-02-05 13:52:51.913679+00:00", "RecordID": "8271", "Level": "3", "UserID": "S-1-5-21-963789628-1060504924-4285088085-1001", "EventData.ProcessPathLength": "74", "EventData.ProcessPath": "\\Device\\HarddiskVolume3\\Program Files\\Google\\Chrome\\Application\\chrome.exe", "EventData.ProcessCommandLineLength": "512", "EventData.ProcessCommandLine": "\"C:\\Program Files\\Google\\Chrome\\Application\\chrome.exe\" --type=renderer --string-annotations --disable-gpu-compositing --video-capture-use-gpu-memory-buffer --lang=ru --device-scale-factor=1 --num-raster-threads=2 --enable-main-frame-before-activation --renderer-client-id=48 --time-ticks-at-unix-epoch=-1737720200898601 --launch-time-ticks=1043370884443 --field-trial-handle=7588,i,556895163797335297,12068067783297482692,262144 --variations-seed-version=20250204-185839.162000 --mojo-platform-channel-handle=76", "EventData.ProcessId": "5008", "EventData.ProcessCreateTime": "2025-02-05 13:52:51.784309+00:00", "EventData.ProcessStartKey": "43065671436744543", "EventData.ProcessSignatureLevel": "8", "EventData.ProcessSectionSignatureLevel": "8", "EventData.ProcessProtection": "0", "EventData.TargetThreadId": "3252", "EventData.TargetThreadCreateTime": "2025-02-05 13:52:51.784313+00:00", "EventData.RequiredSignatureLevel": "8", "EventData.SignatureLevel": "0", "EventData.ImageNameLength": "60", "EventData.ImageName": "\\Program Files\\Common Files\\Crypto Pro\\AppCompat\\cpcrypt.dll"}
{"EventID": "12", "Channel": "Microsoft-Windows-Security-Mitigations/KernelMode", "Provider_Name": "Microsoft-Windows-Security-Mitigations", "Computer": "DESKTOP-OFJ6N53", "TimeCreated": "2025-02-05 13:52:51.940474+00:00", "RecordID": "8272", "Level": "3", "UserID": "S-1-5-21-963789628-1060504924-4285088085-1001", "EventData.ProcessPathLength": "74", "EventData.ProcessPath": "\\Device\\HarddiskVolume3\\Program Files\\Google\\Chrome\\Application\\chrome.exe", "EventData.ProcessCommandLineLength": "512", "EventData.ProcessCommandLine": "\"C:\\Program Files\\Google\\Chrome\\Application\\chrome.exe\" --type=renderer --string-annotations --disable-gpu-compositing --video-capture-use-gpu-memory-buffer --lang=ru --device-scale-factor=1 --num-raster-threads=2 --enable-main-frame-before-activation --renderer-client-id=49 --time-ticks-at-unix-epoch=-1737720200898601 --launch-time-ticks=1043370910483 --field-trial-handle=7548,i,556895163797335297,12068067783297482692,262144 --variations-seed-version=20250204-185839.162000 --mojo-platform-channel-handle=76", "EventData.ProcessId": "976", "EventData.ProcessCreateTime": "2025-02-05 13:52:51.810163+00:00", "EventData.ProcessStartKey": "43065671436744544", "EventData.ProcessSignatureLevel": "8", "EventData.ProcessSectionSignatureLevel": "8", "EventData.ProcessProtection": "0", "EventData.TargetThreadId": "1696", "EventData.TargetThreadCreateTime": "2025-02-05 13:52:51.810165+00:00", "EventData.RequiredSignatureLevel": "8", "EventData.SignatureLevel": "0", "EventData.ImageNameLength": "60", "EventData.ImageName": "\\Program Files\\Common Files\\Crypto Pro\\AppCompat\\cpcrypt.dll"}
{"EventID": "12", "Channel": "Microsoft-Windows-Security-Mitigations/KernelMode", "Provider_Name": "Microsoft-Windows-Security-Mitigations", "Computer": "DESKTOP-OFJ6N53", "TimeCreated": "2025-02-05 13:53:07.821114+00:00", "RecordID": "8273", "Level": "3", "UserID": "S-1-5-21-963789628-1060504924-4285088085-1001", "EventData.ProcessPathLength": "74", "EventData.ProcessPath": "\\Device\\HarddiskVolume3\\Program Files\\Google\\Chrome\\Application\\chrome.exe", "EventData.ProcessCommandLineLength": "512", "EventData.ProcessCommandLine": "\"C:\\Program Files\\Google\\Chrome\\Application\\chrome.exe\" --type=renderer --string-annotations --disable-gpu-compositing --video-capture-use-gpu-memory-buffer --lang=ru --device-scale-factor=1 --num-raster-threads=2 --enable-main-frame-before-activation --renderer-client-id=50 --time-ticks-at-unix-epoch=-1737720200898601 --launch-time-ticks=1043386835766 --field-trial-handle=6136,i,556895163797335297,12068067783297482692,262144 --variations-seed-version=20250204-185839.162000 --mojo-platform-channel-handle=63", "EventData.ProcessId": "1748", "EventData.ProcessCreateTime": "2025-02-05 13:53:07.735973+00:00", "EventData.ProcessStartKey": "43065671436744547", "EventData.ProcessSignatureLevel": "8", "EventData.ProcessSectionSignatureLevel": "8", "EventData.ProcessProtection": "0", "EventData.TargetThreadId": "2412", "EventData.TargetThreadCreateTime": "2025-02-05 13:53:07.735975+00:00", "EventData.RequiredSignatureLevel": "8", "EventData.SignatureLevel": "0", "EventData.ImageNameLength": "60", "EventData.ImageName": "\\Program Files\\Common Files\\Crypto Pro\\AppCompat\\cpcrypt.dll"}
{"EventID": "12", "Channel": "Microsoft-Windows-Security-Mitigations/KernelMode", "Provider_Name": "Microsoft-Windows-Security-Mitigations", "Computer": "DESKTOP-OFJ6N53", "TimeCreated": "2025-02-05 13:53:59.215231+00:00", "RecordID": "8274", "Level": "3", "UserID": "S-1-5-21-963789628-1060504924-4285088085-1001", "EventData.ProcessPathLength": "74", "EventData.ProcessPath": "\\Device\\HarddiskVolume3\\Program Files\\Google\\Chrome\\Application\\chrome.exe", "EventData.ProcessCommandLineLength": "512", "EventData.ProcessCommandLine": "\"C:\\Program Files\\Google\\Chrome\\Application\\chrome.exe\" --type=renderer --string-annotations --disable-gpu-compositing --video-capture-use-gpu-memory-buffer --lang=ru --device-scale-factor=1 --num-raster-threads=2 --enable-main-frame-before-activation --renderer-client-id=51 --time-ticks-at-unix-epoch=-1737720200898601 --launch-time-ticks=1043438236698 --field-trial-handle=6900,i,556895163797335297,12068067783297482692,262144 --variations-seed-version=20250204-185839.162000 --mojo-platform-channel-handle=68", "EventData.ProcessId": "10416", "EventData.ProcessCreateTime": "2025-02-05 13:53:59.136946+00:00", "EventData.ProcessStartKey": "43065671436744548", "EventData.ProcessSignatureLevel": "8", "EventData.ProcessSectionSignatureLevel": "8", "EventData.ProcessProtection": "0", "EventData.TargetThreadId": "6412", "EventData.TargetThreadCreateTime": "2025-02-05 13:53:59.136951+00:00", "EventData.RequiredSignatureLevel": "8", "EventData.SignatureLevel": "0", "EventData.ImageNameLength": "60", "EventData.ImageName": "\\Program Files\\Common Files\\Crypto Pro\\AppCompat\\cpcrypt.dll"}
{"EventID": "12", "Channel": "Microsoft-Windows-Security-Mitigations/KernelMode", "Provider_Name": "Microsoft-Windows-Security-Mitigations", "Computer": "DESKTOP-OFJ6N53", "TimeCreated": "2025-02-05 13:55:28.193893+00:00", "RecordID": "8275", "Level": "3", "UserID": "S-1-5-21-963789628-1060504924-4285088085-1001", "EventData.ProcessPathLength": "74", "EventData.ProcessPath": "\\Device\\HarddiskVolume3\\Program Files\\Google\\Chrome\\Application\\chrome.exe", "EventData.ProcessCommandLineLength": "512", "EventData.ProcessCommandLine": "\"C:\\Program Files\\Google\\Chrome\\Application\\chrome.exe\" --type=renderer --string-annotations --disable-gpu-compositing --video-capture-use-gpu-memory-buffer --lang=ru --device-scale-factor=1 --num-raster-threads=2 --enable-main-frame-before-activation --renderer-client-id=52 --time-ticks-at-unix-epoch=-1737720200898601 --launch-time-ticks=1043527179252 --field-trial-handle=7484,i,556895163797335297,12068067783297482692,262144 --variations-seed-version=20250204-185839.162000 --mojo-platform-channel-handle=75", "EventData.ProcessId": "13668", "EventData.ProcessCreateTime": "2025-02-05 13:55:28.079042+00:00", "EventData.ProcessStartKey": "43065671436744573", "EventData.ProcessSignatureLevel": "8", "EventData.ProcessSectionSignatureLevel": "8", "EventData.ProcessProtection": "0", "EventData.TargetThreadId": "13672", "EventData.TargetThreadCreateTime": "2025-02-05 13:55:28.079044+00:00", "EventData.RequiredSignatureLevel": "8", "EventData.SignatureLevel": "0", "EventData.ImageNameLength": "60", "EventData.ImageName": "\\Program Files\\Common Files\\Crypto Pro\\AppCompat\\cpcrypt.dll"}
{"EventID": "12", "Channel": "Microsoft-Windows-Security-Mitigations/KernelMode", "Provider_Name": "Microsoft-Windows-Security-Mitigations", "Computer": "DESKTOP-OFJ6N53", "TimeCreated": "2025-02-05 13:55:28.944609+00:00", "RecordID": "8276", "Level": "3", "UserID": "S-1-5-21-963789628-1060504924-4285088085-1001", "EventData.ProcessPathLength": "74", "EventData.ProcessPath": "\\Device\\HarddiskVolume3\\Program Files\\Google\\Chrome\\Application\\chrome.exe", "EventData.ProcessCommandLineLength": "512", "EventData.ProcessCommandLine": "\"C:\\Program Files\\Google\\Chrome\\Application\\chrome.exe\" --type=renderer --string-annotations --disable-gpu-compositing --video-capture-use-gpu-memory-buffer --lang=ru --device-scale-factor=1 --num-raster-threads=2 --enable-main-frame-before-activation --renderer-client-id=53 --time-ticks-at-unix-epoch=-1737720200898601 --launch-time-ticks=1043527666377 --field-trial-handle=7692,i,556895163797335297,12068067783297482692,262144 --variations-seed-version=20250204-185839.162000 --mojo-platform-channel-handle=72", "EventData.ProcessId": "13732", "EventData.ProcessCreateTime": "2025-02-05 13:55:28.566160+00:00", "EventData.ProcessStartKey": "43065671436744574", "EventData.ProcessSignatureLevel": "8", "EventData.ProcessSectionSignatureLevel": "8", "EventData.ProcessProtection": "0", "EventData.TargetThreadId": "13736", "EventData.TargetThreadCreateTime": "2025-02-05 13:55:28.566162+00:00", "EventData.RequiredSignatureLevel": "8", "EventData.SignatureLevel": "0", "EventData.ImageNameLength": "60", "EventData.ImageName": "\\Program Files\\Common Files\\Crypto Pro\\AppCompat\\cpcrypt.dll"}
{"EventID": "12", "Channel": "Microsoft-Windows-Security-Mitigations/KernelMode", "Provider_Name": "Microsoft-Windows-Security-Mitigations", "Computer": "DESKTOP-OFJ6N53", "TimeCreated": "2025-02-05 13:55:30.099350+00:00", "RecordID": "8277", "Level": "3", "UserID": "S-1-5-21-963789628-1060504924-4285088085-1001", "EventData.ProcessPathLength": "74", "EventData.ProcessPath": "\\Device\\HarddiskVolume3\\Program Files\\Google\\Chrome\\Application\\chrome.exe", "EventData.ProcessCommandLineLength": "512", "EventData.ProcessCommandLine": "\"C:\\Program Files\\Google\\Chrome\\Application\\chrome.exe\" --type=renderer --string-annotations --disable-gpu-compositing --video-capture-use-gpu-memory-buffer --lang=ru --device-scale-factor=1 --num-raster-threads=2 --enable-main-frame-before-activation --renderer-client-id=54 --time-ticks-at-unix-epoch=-1737720200898601 --launch-time-ticks=1043529116727 --field-trial-handle=6400,i,556895163797335297,12068067783297482692,262144 --variations-seed-version=20250204-185839.162000 --mojo-platform-channel-handle=58", "EventData.ProcessId": "13820", "EventData.ProcessCreateTime": "2025-02-05 13:55:30.016441+00:00", "EventData.ProcessStartKey": "43065671436744575", "EventData.ProcessSignatureLevel": "8", "EventData.ProcessSectionSignatureLevel": "8", "EventData.ProcessProtection": "0", "EventData.TargetThreadId": "13824", "EventData.TargetThreadCreateTime": "2025-02-05 13:55:30.016445+00:00", "EventData.RequiredSignatureLevel": "8", "EventData.SignatureLevel": "0", "EventData.ImageNameLength": "60", "EventData.ImageName": "\\Program Files\\Common Files\\Crypto Pro\\AppCompat\\cpcrypt.dll"}
{"EventID": "12", "Channel": "Microsoft-Windows-Security-Mitigations/KernelMode", "Provider_Name": "Microsoft-Windows-Security-Mitigations", "Computer": "DESKTOP-OFJ6N53", "TimeCreated": "2025-02-05 13:55:30.408415+00:00", "RecordID": "8278", "Level": "3", "UserID": "S-1-5-21-963789628-1060504924-4285088085-1001", "EventData.ProcessPathLength": "74", "EventData.ProcessPath": "\\Device\\HarddiskVolume3\\Program Files\\Google\\Chrome\\Application\\chrome.exe", "EventData.ProcessCommandLineLength": "512", "EventData.ProcessCommandLine": "\"C:\\Program Files\\Google\\Chrome\\Application\\chrome.exe\" --type=renderer --string-annotations --disable-gpu-compositing --video-capture-use-gpu-memory-buffer --lang=ru --device-scale-factor=1 --num-raster-threads=2 --enable-main-frame-before-activation --renderer-client-id=55 --time-ticks-at-unix-epoch=-1737720200898601 --launch-time-ticks=1043529129461 --field-trial-handle=7204,i,556895163797335297,12068067783297482692,262144 --variations-seed-version=20250204-185839.162000 --mojo-platform-channel-handle=35", "EventData.ProcessId": "13828", "EventData.ProcessCreateTime": "2025-02-05 13:55:30.029362+00:00", "EventData.ProcessStartKey": "43065671436744576", "EventData.ProcessSignatureLevel": "8", "EventData.ProcessSectionSignatureLevel": "8", "EventData.ProcessProtection": "0", "EventData.TargetThreadId": "13832", "EventData.TargetThreadCreateTime": "2025-02-05 13:55:30.029366+00:00", "EventData.RequiredSignatureLevel": "8", "EventData.SignatureLevel": "0", "EventData.ImageNameLength": "60", "EventData.ImageName": "\\Program Files\\Common Files\\Crypto Pro\\AppCompat\\cpcrypt.dll"}
