{"EventID": "20", "Channel": "Microsoft-Windows-Provisioning-Diagnostics-Provider/Admin", "Provider_Name": "Microsoft-Windows-Provisioning-Diagnostics-Provider", "Computer": "DESKTOP-OFJ6N53", "TimeCreated": "2024-01-10 15:08:58.947287+00:00", "RecordID": "2201", "Level": "4", "UserID": "S-1-5-18", "EventData.Message1": "Power.Settings.Graphics.ppkg", "EventData.Message2": "{bf56ce5a-946b-45b5-858a-1794eb0125e2}"}
{"EventID": "20", "Channel": "Microsoft-Windows-Provisioning-Diagnostics-Provider/Admin", "Provider_Name": "Microsoft-Windows-Provisioning-Diagnostics-Provider", "Computer": "DESKTOP-OFJ6N53", "TimeCreated": "2024-01-10 15:08:58.960678+00:00", "RecordID": "2202", "Level": "4", "UserID": "S-1-5-18", "EventData.Message1": "Power.Settings.IdleResiliency.ppkg", "EventData.Message2": "{f11899f2-71ec-4621-9997-e17ae2f6eb26}"}
{"EventID": "20", "Channel": "Microsoft-Windows-Provisioning-Diagnostics-Provider/Admin", "Provider_Name": "Microsoft-Windows-Provisioning-Diagnostics-Provider", "Computer": "DESKTOP-OFJ6N53", "TimeCreated": "2024-01-10 15:08:58.995193+00:00", "RecordID": "2203", "Level": "4", "UserID": "S-1-5-18", "EventData.Message1": "Power.Settings.PCIExpress.ppkg", "EventData.Message2": "{268c43e1-aa2b-4036-86ef-8cda98a0c2fe}"}
{"EventID": "20", "Channel": "Microsoft-Windows-Provisioning-Diagnostics-Provider/Admin", "Provider_Name": "Microsoft-Windows-Provisioning-Diagnostics-Provider", "Computer": "DESKTOP-OFJ6N53", "TimeCreated": "2024-01-10 15:08:59.031340+00:00", "RecordID": "2204", "Level": "4", "UserID": "S-1-5-18", "EventData.Message1": "Power.Settings.Processor.ppkg", "EventData.Message2": "{fc01e91f-914c-45af-9d7c-0b2e5fbedf62}"}
{"EventID": "20", "Channel": "Microsoft-Windows-Provisioning-Diagnostics-Provider/Admin", "Provider_Name": "Microsoft-Windows-Provisioning-Diagnostics-Provider", "Computer": "DESKTOP-OFJ6N53", "TimeCreated": "2024-01-10 15:08:59.045038+00:00", "RecordID": "2205", "Level": "4", "UserID": "S-1-5-18", "EventData.Message1": "Power.Settings.Sleep.ppkg", "EventData.Message2": "{3742e5e8-6d9d-473b-99a6-8ecc0f43548a}"}
{"EventID": "20", "Channel": "Microsoft-Windows-Provisioning-Diagnostics-Provider/Admin", "Provider_Name": "Microsoft-Windows-Provisioning-Diagnostics-Provider", "Computer": "DESKTOP-OFJ6N53", "TimeCreated": "2024-01-10 15:08:59.064703+00:00", "RecordID": "2206", "Level": "4", "UserID": "S-1-5-18", "EventData.Message1": "Microsoft.Windows.Cosa.Desktop.Client.ppkg", "EventData.Message2": "{c8a326e4-f518-4f14-b543-97a57e1a975e}"}
{"EventID": "90", "Channel": "Microsoft-Windows-Provisioning-Diagnostics-Provider/Admin", "Provider_Name": "Microsoft-Windows-Provisioning-Diagnostics-Provider", "Computer": "DESKTOP-OFJ6N53", "TimeCreated": "2024-02-15 15:37:41.693945+00:00", "RecordID": "2207", "Level": "4", "UserID": "S-1-5-18", "EventData.Message1": "LogonIdleTask", "EventData.Message2": "<Not Present>", "EventData.Message3": "<Not Present>"}
{"EventID": "20", "Channel": "Microsoft-Windows-Provisioning-Diagnostics-Provider/Admin", "Provider_Name": "Microsoft-Windows-Provisioning-Diagnostics-Provider", "Computer": "DESKTOP-OFJ6N53", "TimeCreated": "2024-02-15 15:37:42.906248+00:00", "RecordID": "2208", "Level": "4", "UserID": "S-1-5-18", "EventData.Message1": "Power.EnergyEstimationEngine.Control.ppkg", "EventData.Message2": "{1e05dd5d-a022-46c5-963c-b20de341170f}"}
{"EventID": "20", "Channel": "Microsoft-Windows-Provisioning-Diagnostics-Provider/Admin", "Provider_Name": "Microsoft-Windows-Provisioning-Diagnostics-Provider", "Computer": "DESKTOP-OFJ6N53", "TimeCreated": "2024-02-15 15:37:42.944902+00:00", "RecordID": "2209", "Level": "4", "UserID": "S-1-5-18", "EventData.Message1": "Power.EnergyEstimationEngine.CPU.ppkg", "EventData.Message2": "{c5dc3753-b6c8-4057-b396-bf13d769311c}"}
{"EventID": "20", "Channel": "Microsoft-Windows-Provisioning-Diagnostics-Provider/Admin", "Provider_Name": "Microsoft-Windows-Provisioning-Diagnostics-Provider", "Computer": "DESKTOP-OFJ6N53", "TimeCreated": "2024-02-15 15:37:43.050472+00:00", "RecordID": "2210", "Level": "4", "UserID": "S-1-5-18", "EventData.Message1": "Power.EnergyEstimationEngine.Display.ppkg", "EventData.Message2": "{ee4aac98-c174-4941-82b1-d121e493e4fb}"}
{"EventID": "20", "Channel": "Microsoft-Windows-Provisioning-Diagnostics-Provider/Admin", "Provider_Name": "Microsoft-Windows-Provisioning-Diagnostics-Provider", "Computer": "DESKTOP-OFJ6N53", "TimeCreated": "2024-02-15 15:37:43.066132+00:00", "RecordID": "2211", "Level": "4", "UserID": "S-1-5-18", "EventData.Message1": "Power.EnergyEstimationEngine.MBB.ppkg", "EventData.Message2": "{99b095d8-5959-4820-bea7-7448c8427b4e}"}
{"EventID": "20", "Channel": "Microsoft-Windows-Provisioning-Diagnostics-Provider/Admin", "Provider_Name": "Microsoft-Windows-Provisioning-Diagnostics-Provider", "Computer": "DESKTOP-OFJ6N53", "TimeCreated": "2024-02-15 15:37:43.139336+00:00", "RecordID": "2212", "Level": "4", "UserID": "S-1-5-18", "EventData.Message1": "Power.EnergyEstimationEngine.StandbyActivation.ppkg", "EventData.Message2": "{8d196d7f-3eef-48ad-8bea-be749f12d3ad}"}
{"EventID": "20", "Channel": "Microsoft-Windows-Provisioning-Diagnostics-Provider/Admin", "Provider_Name": "Microsoft-Windows-Provisioning-Diagnostics-Provider", "Computer": "DESKTOP-OFJ6N53", "TimeCreated": "2024-02-15 15:37:43.208765+00:00", "RecordID": "2213", "Level": "4", "UserID": "S-1-5-18", "EventData.Message1": "Power.EnergyEstimationEngine.Storage.ppkg", "EventData.Message2": "{9aec5bda-1e87-46b3-bb96-1a01c606555e}"}
{"EventID": "20", "Channel": "Microsoft-Windows-Provisioning-Diagnostics-Provider/Admin", "Provider_Name": "Microsoft-Windows-Provisioning-Diagnostics-Provider", "Computer": "DESKTOP-OFJ6N53", "TimeCreated": "2024-02-15 15:37:43.240831+00:00", "RecordID": "2214", "Level": "4", "UserID": "S-1-5-18", "EventData.Message1": "Power.EnergyEstimationEngine.Telemetry.ppkg", "EventData.Message2": "{8fb7d64e-70fc-4f9d-89ee-d486817534df}"}
{"EventID": "20", "Channel": "Microsoft-Windows-Provisioning-Diagnostics-Provider/Admin", "Provider_Name": "Microsoft-Windows-Provisioning-Diagnostics-Provider", "Computer": "DESKTOP-OFJ6N53", "TimeCreated": "2024-02-15 15:37:43.294235+00:00", "RecordID": "2215", "Level": "4", "UserID": "S-1-5-18", "EventData.Message1": "Power.EnergyEstimationEngine.Wifi.ppkg", "EventData.Message2": "{b0b9123d-7d7f-4c6b-9973-ceced46f2a09}"}
{"EventID": "20", "Channel": "Microsoft-Windows-Provisioning-Diagnostics-Provider/Admin", "Provider_Name": "Microsoft-Windows-Provisioning-Diagnostics-Provider", "Computer": "DESKTOP-OFJ6N53", "TimeCreated": "2024-02-15 15:37:43.380091+00:00", "RecordID": "2216", "Level": "4", "UserID": "S-1-5-18", "EventData.Message1": "Power.Settings.Battery.ppkg", "EventData.Message2": "{7a30a9be-737f-47a1-a541-6e7b0761ed19}"}
{"EventID": "20", "Channel": "Microsoft-Windows-Provisioning-Diagnostics-Provider/Admin", "Provider_Name": "Microsoft-Windows-Provisioning-Diagnostics-Provider", "Computer": "DESKTOP-OFJ6N53", "TimeCreated": "2024-02-15 15:37:43.433271+00:00", "RecordID": "2217", "Level": "4", "UserID": "S-1-5-18", "EventData.Message1": "Power.Settings.Button.ppkg", "EventData.Message2": "{18dcffd4-37d6-4bc6-87e0-4266fdbb8e49}"}
{"EventID": "20", "Channel": "Microsoft-Windows-Provisioning-Diagnostics-Provider/Admin", "Provider_Name": "Microsoft-Windows-Provisioning-Diagnostics-Provider", "Computer": "DESKTOP-OFJ6N53", "TimeCreated": "2024-02-15 15:37:43.446655+00:00", "RecordID": "2218", "Level": "4", "UserID": "S-1-5-18", "EventData.Message1": "Power.Settings.Control.ppkg", "EventData.Message2": "{5f568920-10ad-4dc0-a97e-b78a3255c351}"}
{"EventID": "20", "Channel": "Microsoft-Windows-Provisioning-Diagnostics-Provider/Admin", "Provider_Name": "Microsoft-Windows-Provisioning-Diagnostics-Provider", "Computer": "DESKTOP-OFJ6N53", "TimeCreated": "2024-02-15 15:37:43.460035+00:00", "RecordID": "2219", "Level": "4", "UserID": "S-1-5-18", "EventData.Message1": "Power.Settings.Disk.ppkg", "EventData.Message2": "{9df6a4ed-fc16-48bf-8b24-6e2ad2bfcfea}"}
{"EventID": "20", "Channel": "Microsoft-Windows-Provisioning-Diagnostics-Provider/Admin", "Provider_Name": "Microsoft-Windows-Provisioning-Diagnostics-Provider", "Computer": "DESKTOP-OFJ6N53", "TimeCreated": "2024-02-15 15:37:43.471680+00:00", "RecordID": "2220", "Level": "4", "UserID": "S-1-5-18", "EventData.Message1": "Power.Settings.Display.ppkg", "EventData.Message2": "{23cb517f-5073-4e96-a202-7fe6122a2271}"}
{"EventID": "20", "Channel": "Microsoft-Windows-Provisioning-Diagnostics-Provider/Admin", "Provider_Name": "Microsoft-Windows-Provisioning-Diagnostics-Provider", "Computer": "DESKTOP-OFJ6N53", "TimeCreated": "2024-02-15 15:37:43.483671+00:00", "RecordID": "2221", "Level": "4", "UserID": "S-1-5-18", "EventData.Message1": "Power.Settings.Graphics.ppkg", "EventData.Message2": "{bf56ce5a-946b-45b5-858a-1794eb0125e2}"}
{"EventID": "20", "Channel": "Microsoft-Windows-Provisioning-Diagnostics-Provider/Admin", "Provider_Name": "Microsoft-Windows-Provisioning-Diagnostics-Provider", "Computer": "DESKTOP-OFJ6N53", "TimeCreated": "2024-02-15 15:37:43.517504+00:00", "RecordID": "2222", "Level": "4", "UserID": "S-1-5-18", "EventData.Message1": "Power.Settings.IdleResiliency.ppkg", "EventData.Message2": "{f11899f2-71ec-4621-9997-e17ae2f6eb26}"}
{"EventID": "20", "Channel": "Microsoft-Windows-Provisioning-Diagnostics-Provider/Admin", "Provider_Name": "Microsoft-Windows-Provisioning-Diagnostics-Provider", "Computer": "DESKTOP-OFJ6N53", "TimeCreated": "2024-02-15 15:37:43.566698+00:00", "RecordID": "2223", "Level": "4", "UserID": "S-1-5-18", "EventData.Message1": "Power.Settings.PCIExpress.ppkg", "EventData.Message2": "{268c43e1-aa2b-4036-86ef-8cda98a0c2fe}"}
{"EventID": "20", "Channel": "Microsoft-Windows-Provisioning-Diagnostics-Provider/Admin", "Provider_Name": "Microsoft-Windows-Provisioning-Diagnostics-Provider", "Computer": "DESKTOP-OFJ6N53", "TimeCreated": "2024-02-15 15:37:43.581459+00:00", "RecordID": "2224", "Level": "4", "UserID": "S-1-5-18", "EventData.Message1": "Power.Settings.Processor.ppkg", "EventData.Message2": "{fc01e91f-914c-45af-9d7c-0b2e5fbedf62}"}
{"EventID": "20", "Channel": "Microsoft-Windows-Provisioning-Diagnostics-Provider/Admin", "Provider_Name": "Microsoft-Windows-Provisioning-Diagnostics-Provider", "Computer": "DESKTOP-OFJ6N53", "TimeCreated": "2024-02-15 15:37:43.615067+00:00", "RecordID": "2225", "Level": "4", "UserID": "S-1-5-18", "EventData.Message1": "Power.Settings.Sleep.ppkg", "EventData.Message2": "{3742e5e8-6d9d-473b-99a6-8ecc0f43548a}"}
{"EventID": "20", "Channel": "Microsoft-Windows-Provisioning-Diagnostics-Provider/Admin", "Provider_Name": "Microsoft-Windows-Provisioning-Diagnostics-Provider", "Computer": "DESKTOP-OFJ6N53", "TimeCreated": "2024-02-15 15:37:43.721085+00:00", "RecordID": "2226", "Level": "4", "UserID": "S-1-5-18", "EventData.Message1": "Microsoft.Windows.Cosa.Desktop.Client.ppkg", "EventData.Message2": "{c8a326e4-f518-4f14-b543-97a57e1a975e}"}
{"EventID": "90", "Channel": "Microsoft-Windows-Provisioning-Diagnostics-Provider/Admin", "Provider_Name": "Microsoft-Windows-Provisioning-Diagnostics-Provider", "Computer": "DESKTOP-OFJ6N53", "TimeCreated": "2024-03-12 11:15:09.193401+00:00", "RecordID": "2227", "Level": "4", "UserID": "S-1-5-18", "EventData.Message1": "LogonIdleTask", "EventData.Message2": "<Not Present>", "EventData.Message3": "<Not Present>"}
{"EventID": "20", "Channel": "Microsoft-Windows-Provisioning-Diagnostics-Provider/Admin", "Provider_Name": "Microsoft-Windows-Provisioning-Diagnostics-Provider", "Computer": "DESKTOP-OFJ6N53", "TimeCreated": "2024-03-12 11:15:11.456194+00:00", "RecordID": "2228", "Level": "4", "UserID": "S-1-5-18", "EventData.Message1": "Power.EnergyEstimationEngine.Control.ppkg", "EventData.Message2": "{1e05dd5d-a022-46c5-963c-b20de341170f}"}
{"EventID": "20", "Channel": "Microsoft-Windows-Provisioning-Diagnostics-Provider/Admin", "Provider_Name": "Microsoft-Windows-Provisioning-Diagnostics-Provider", "Computer": "DESKTOP-OFJ6N53", "TimeCreated": "2024-03-12 11:15:11.469749+00:00", "RecordID": "2229", "Level": "4", "UserID": "S-1-5-18", "EventData.Message1": "Power.EnergyEstimationEngine.CPU.ppkg", "EventData.Message2": "{c5dc3753-b6c8-4057-b396-bf13d769311c}"}
{"EventID": "20", "Channel": "Microsoft-Windows-Provisioning-Diagnostics-Provider/Admin", "Provider_Name": "Microsoft-Windows-Provisioning-Diagnostics-Provider", "Computer": "DESKTOP-OFJ6N53", "TimeCreated": "2024-03-12 11:15:11.503578+00:00", "RecordID": "2230", "Level": "4", "UserID": "S-1-5-18", "EventData.Message1": "Power.EnergyEstimationEngine.Display.ppkg", "EventData.Message2": "{ee4aac98-c174-4941-82b1-d121e493e4fb}"}
{"EventID": "20", "Channel": "Microsoft-Windows-Provisioning-Diagnostics-Provider/Admin", "Provider_Name": "Microsoft-Windows-Provisioning-Diagnostics-Provider", "Computer": "DESKTOP-OFJ6N53", "TimeCreated": "2024-03-12 11:15:11.543852+00:00", "RecordID": "2231", "Level": "4", "UserID": "S-1-5-18", "EventData.Message1": "Power.EnergyEstimationEngine.MBB.ppkg", "EventData.Message2": "{99b095d8-5959-4820-bea7-7448c8427b4e}"}
{"EventID": "20", "Channel": "Microsoft-Windows-Provisioning-Diagnostics-Provider/Admin", "Provider_Name": "Microsoft-Windows-Provisioning-Diagnostics-Provider", "Computer": "DESKTOP-OFJ6N53", "TimeCreated": "2024-03-12 11:15:11.573593+00:00", "RecordID": "2232", "Level": "4", "UserID": "S-1-5-18", "EventData.Message1": "Power.EnergyEstimationEngine.StandbyActivation.ppkg", "EventData.Message2": "{8d196d7f-3eef-48ad-8bea-be749f12d3ad}"}
{"EventID": "20", "Channel": "Microsoft-Windows-Provisioning-Diagnostics-Provider/Admin", "Provider_Name": "Microsoft-Windows-Provisioning-Diagnostics-Provider", "Computer": "DESKTOP-OFJ6N53", "TimeCreated": "2024-03-12 11:15:11.817867+00:00", "RecordID": "2233", "Level": "4", "UserID": "S-1-5-18", "EventData.Message1": "Power.EnergyEstimationEngine.Storage.ppkg", "EventData.Message2": "{9aec5bda-1e87-46b3-bb96-1a01c606555e}"}
{"EventID": "20", "Channel": "Microsoft-Windows-Provisioning-Diagnostics-Provider/Admin", "Provider_Name": "Microsoft-Windows-Provisioning-Diagnostics-Provider", "Computer": "DESKTOP-OFJ6N53", "TimeCreated": "2024-03-12 11:15:12.318892+00:00", "RecordID": "2234", "Level": "4", "UserID": "S-1-5-18", "EventData.Message1": "Power.EnergyEstimationEngine.Telemetry.ppkg", "EventData.Message2": "{8fb7d64e-70fc-4f9d-89ee-d486817534df}"}
{"EventID": "20", "Channel": "Microsoft-Windows-Provisioning-Diagnostics-Provider/Admin", "Provider_Name": "Microsoft-Windows-Provisioning-Diagnostics-Provider", "Computer": "DESKTOP-OFJ6N53", "TimeCreated": "2024-03-12 11:15:12.581810+00:00", "RecordID": "2235", "Level": "4", "UserID": "S-1-5-18", "EventData.Message1": "Power.EnergyEstimationEngine.Wifi.ppkg", "EventData.Message2": "{b0b9123d-7d7f-4c6b-9973-ceced46f2a09}"}
{"EventID": "20", "Channel": "Microsoft-Windows-Provisioning-Diagnostics-Provider/Admin", "Provider_Name": "Microsoft-Windows-Provisioning-Diagnostics-Provider", "Computer": "DESKTOP-OFJ6N53", "TimeCreated": "2024-03-12 11:15:12.595615+00:00", "RecordID": "2236", "Level": "4", "UserID": "S-1-5-18", "EventData.Message1": "Power.Settings.Battery.ppkg", "EventData.Message2": "{7a30a9be-737f-47a1-a541-6e7b0761ed19}"}
{"EventID": "20", "Channel": "Microsoft-Windows-Provisioning-Diagnostics-Provider/Admin", "Provider_Name": "Microsoft-Windows-Provisioning-Diagnostics-Provider", "Computer": "DESKTOP-OFJ6N53", "TimeCreated": "2024-03-12 11:15:12.608419+00:00", "RecordID": "2237", "Level": "4", "UserID": "S-1-5-18", "EventData.Message1": "Power.Settings.Button.ppkg", "EventData.Message2": "{18dcffd4-37d6-4bc6-87e0-4266fdbb8e49}"}
{"EventID": "20", "Channel": "Microsoft-Windows-Provisioning-Diagnostics-Provider/Admin", "Provider_Name": "Microsoft-Windows-Provisioning-Diagnostics-Provider", "Computer": "DESKTOP-OFJ6N53", "TimeCreated": "2024-03-12 11:15:12.644320+00:00", "RecordID": "2238", "Level": "4", "UserID": "S-1-5-18", "EventData.Message1": "Power.Settings.Control.ppkg", "EventData.Message2": "{5f568920-10ad-4dc0-a97e-b78a3255c351}"}
{"EventID": "20", "Channel": "Microsoft-Windows-Provisioning-Diagnostics-Provider/Admin", "Provider_Name": "Microsoft-Windows-Provisioning-Diagnostics-Provider", "Computer": "DESKTOP-OFJ6N53", "TimeCreated": "2024-03-12 11:15:12.669939+00:00", "RecordID": "2239", "Level": "4", "UserID": "S-1-5-18", "EventData.Message1": "Power.Settings.Disk.ppkg", "EventData.Message2": "{9df6a4ed-fc16-48bf-8b24-6e2ad2bfcfea}"}
{"EventID": "20", "Channel": "Microsoft-Windows-Provisioning-Diagnostics-Provider/Admin", "Provider_Name": "Microsoft-Windows-Provisioning-Diagnostics-Provider", "Computer": "DESKTOP-OFJ6N53", "TimeCreated": "2024-03-12 11:15:12.687492+00:00", "RecordID": "2240", "Level": "4", "UserID": "S-1-5-18", "EventData.Message1": "Power.Settings.Display.ppkg", "EventData.Message2": "{23cb517f-5073-4e96-a202-7fe6122a2271}"}
{"EventID": "20", "Channel": "Microsoft-Windows-Provisioning-Diagnostics-Provider/Admin", "Provider_Name": "Microsoft-Windows-Provisioning-Diagnostics-Provider", "Computer": "DESKTOP-OFJ6N53", "TimeCreated": "2024-03-12 11:15:12.719397+00:00", "RecordID": "2241", "Level": "4", "UserID": "S-1-5-18", "EventData.Message1": "Power.Settings.Graphics.ppkg", "EventData.Message2": "{bf56ce5a-946b-45b5-858a-1794eb0125e2}"}
{"EventID": "20", "Channel": "Microsoft-Windows-Provisioning-Diagnostics-Provider/Admin", "Provider_Name": "Microsoft-Windows-Provisioning-Diagnostics-Provider", "Computer": "DESKTOP-OFJ6N53", "TimeCreated": "2024-03-12 11:15:12.735632+00:00", "RecordID": "2242", "Level": "4", "UserID": "S-1-5-18", "EventData.Message1": "Power.Settings.IdleResiliency.ppkg", "EventData.Message2": "{f11899f2-71ec-4621-9997-e17ae2f6eb26}"}
{"EventID": "20", "Channel": "Microsoft-Windows-Provisioning-Diagnostics-Provider/Admin", "Provider_Name": "Microsoft-Windows-Provisioning-Diagnostics-Provider", "Computer": "DESKTOP-OFJ6N53", "TimeCreated": "2024-03-12 11:15:12.749008+00:00", "RecordID": "2243", "Level": "4", "UserID": "S-1-5-18", "EventData.Message1": "Power.Settings.PCIExpress.ppkg", "EventData.Message2": "{268c43e1-aa2b-4036-86ef-8cda98a0c2fe}"}
{"EventID": "20", "Channel": "Microsoft-Windows-Provisioning-Diagnostics-Provider/Admin", "Provider_Name": "Microsoft-Windows-Provisioning-Diagnostics-Provider", "Computer": "DESKTOP-OFJ6N53", "TimeCreated": "2024-03-12 11:15:12.761797+00:00", "RecordID": "2244", "Level": "4", "UserID": "S-1-5-18", "EventData.Message1": "Power.Settings.Processor.ppkg", "EventData.Message2": "{fc01e91f-914c-45af-9d7c-0b2e5fbedf62}"}
{"EventID": "20", "Channel": "Microsoft-Windows-Provisioning-Diagnostics-Provider/Admin", "Provider_Name": "Microsoft-Windows-Provisioning-Diagnostics-Provider", "Computer": "DESKTOP-OFJ6N53", "TimeCreated": "2024-03-12 11:15:12.781050+00:00", "RecordID": "2245", "Level": "4", "UserID": "S-1-5-18", "EventData.Message1": "Power.Settings.Sleep.ppkg", "EventData.Message2": "{3742e5e8-6d9d-473b-99a6-8ecc0f43548a}"}
{"EventID": "20", "Channel": "Microsoft-Windows-Provisioning-Diagnostics-Provider/Admin", "Provider_Name": "Microsoft-Windows-Provisioning-Diagnostics-Provider", "Computer": "DESKTOP-OFJ6N53", "TimeCreated": "2024-03-12 11:15:12.803322+00:00", "RecordID": "2246", "Level": "4", "UserID": "S-1-5-18", "EventData.Message1": "Microsoft.Windows.Cosa.Desktop.Client.ppkg", "EventData.Message2": "{c8a326e4-f518-4f14-b543-97a57e1a975e}"}
{"EventID": "90", "Channel": "Microsoft-Windows-Provisioning-Diagnostics-Provider/Admin", "Provider_Name": "Microsoft-Windows-Provisioning-Diagnostics-Provider", "Computer": "DESKTOP-OFJ6N53", "TimeCreated": "2024-04-12 03:03:55.372015+00:00", "RecordID": "2247", "Level": "4", "UserID": "S-1-5-18", "EventData.Message1": "LogonIdleTask", "EventData.Message2": "<Not Present>", "EventData.Message3": "<Not Present>"}
{"EventID": "20", "Channel": "Microsoft-Windows-Provisioning-Diagnostics-Provider/Admin", "Provider_Name": "Microsoft-Windows-Provisioning-Diagnostics-Provider", "Computer": "DESKTOP-OFJ6N53", "TimeCreated": "2024-04-12 03:03:57.312124+00:00", "RecordID": "2248", "Level": "4", "UserID": "S-1-5-18", "EventData.Message1": "Power.EnergyEstimationEngine.Control.ppkg", "EventData.Message2": "{1e05dd5d-a022-46c5-963c-b20de341170f}"}
{"EventID": "20", "Channel": "Microsoft-Windows-Provisioning-Diagnostics-Provider/Admin", "Provider_Name": "Microsoft-Windows-Provisioning-Diagnostics-Provider", "Computer": "DESKTOP-OFJ6N53", "TimeCreated": "2024-04-12 03:03:57.342653+00:00", "RecordID": "2249", "Level": "4", "UserID": "S-1-5-18", "EventData.Message1": "Power.EnergyEstimationEngine.CPU.ppkg", "EventData.Message2": "{c5dc3753-b6c8-4057-b396-bf13d769311c}"}
{"EventID": "20", "Channel": "Microsoft-Windows-Provisioning-Diagnostics-Provider/Admin", "Provider_Name": "Microsoft-Windows-Provisioning-Diagnostics-Provider", "Computer": "DESKTOP-OFJ6N53", "TimeCreated": "2024-04-12 03:03:57.359709+00:00", "RecordID": "2250", "Level": "4", "UserID": "S-1-5-18", "EventData.Message1": "Power.EnergyEstimationEngine.Display.ppkg", "EventData.Message2": "{ee4aac98-c174-4941-82b1-d121e493e4fb}"}
{"EventID": "20", "Channel": "Microsoft-Windows-Provisioning-Diagnostics-Provider/Admin", "Provider_Name": "Microsoft-Windows-Provisioning-Diagnostics-Provider", "Computer": "DESKTOP-OFJ6N53", "TimeCreated": "2024-04-12 03:03:57.373468+00:00", "RecordID": "2251", "Level": "4", "UserID": "S-1-5-18", "EventData.Message1": "Power.EnergyEstimationEngine.MBB.ppkg", "EventData.Message2": "{99b095d8-5959-4820-bea7-7448c8427b4e}"}
{"EventID": "20", "Channel": "Microsoft-Windows-Provisioning-Diagnostics-Provider/Admin", "Provider_Name": "Microsoft-Windows-Provisioning-Diagnostics-Provider", "Computer": "DESKTOP-OFJ6N53", "TimeCreated": "2024-04-12 03:03:57.393602+00:00", "RecordID": "2252", "Level": "4", "UserID": "S-1-5-18", "EventData.Message1": "Power.EnergyEstimationEngine.StandbyActivation.ppkg", "EventData.Message2": "{8d196d7f-3eef-48ad-8bea-be749f12d3ad}"}
{"EventID": "20", "Channel": "Microsoft-Windows-Provisioning-Diagnostics-Provider/Admin", "Provider_Name": "Microsoft-Windows-Provisioning-Diagnostics-Provider", "Computer": "DESKTOP-OFJ6N53", "TimeCreated": "2024-04-12 03:03:57.406092+00:00", "RecordID": "2253", "Level": "4", "UserID": "S-1-5-18", "EventData.Message1": "Power.EnergyEstimationEngine.Storage.ppkg", "EventData.Message2": "{9aec5bda-1e87-46b3-bb96-1a01c606555e}"}
{"EventID": "20", "Channel": "Microsoft-Windows-Provisioning-Diagnostics-Provider/Admin", "Provider_Name": "Microsoft-Windows-Provisioning-Diagnostics-Provider", "Computer": "DESKTOP-OFJ6N53", "TimeCreated": "2024-04-12 03:03:57.418451+00:00", "RecordID": "2254", "Level": "4", "UserID": "S-1-5-18", "EventData.Message1": "Power.EnergyEstimationEngine.Telemetry.ppkg", "EventData.Message2": "{8fb7d64e-70fc-4f9d-89ee-d486817534df}"}
{"EventID": "20", "Channel": "Microsoft-Windows-Provisioning-Diagnostics-Provider/Admin", "Provider_Name": "Microsoft-Windows-Provisioning-Diagnostics-Provider", "Computer": "DESKTOP-OFJ6N53", "TimeCreated": "2024-04-12 03:03:57.430408+00:00", "RecordID": "2255", "Level": "4", "UserID": "S-1-5-18", "EventData.Message1": "Power.EnergyEstimationEngine.Wifi.ppkg", "EventData.Message2": "{b0b9123d-7d7f-4c6b-9973-ceced46f2a09}"}
{"EventID": "20", "Channel": "Microsoft-Windows-Provisioning-Diagnostics-Provider/Admin", "Provider_Name": "Microsoft-Windows-Provisioning-Diagnostics-Provider", "Computer": "DESKTOP-OFJ6N53", "TimeCreated": "2024-04-12 03:03:57.441446+00:00", "RecordID": "2256", "Level": "4", "UserID": "S-1-5-18", "EventData.Message1": "Power.Settings.Battery.ppkg", "EventData.Message2": "{7a30a9be-737f-47a1-a541-6e7b0761ed19}"}
{"EventID": "20", "Channel": "Microsoft-Windows-Provisioning-Diagnostics-Provider/Admin", "Provider_Name": "Microsoft-Windows-Provisioning-Diagnostics-Provider", "Computer": "DESKTOP-OFJ6N53", "TimeCreated": "2024-04-12 03:03:57.512800+00:00", "RecordID": "2257", "Level": "4", "UserID": "S-1-5-18", "EventData.Message1": "Power.Settings.Button.ppkg", "EventData.Message2": "{18dcffd4-37d6-4bc6-87e0-4266fdbb8e49}"}
{"EventID": "20", "Channel": "Microsoft-Windows-Provisioning-Diagnostics-Provider/Admin", "Provider_Name": "Microsoft-Windows-Provisioning-Diagnostics-Provider", "Computer": "DESKTOP-OFJ6N53", "TimeCreated": "2024-04-12 03:03:57.550611+00:00", "RecordID": "2258", "Level": "4", "UserID": "S-1-5-18", "EventData.Message1": "Power.Settings.Control.ppkg", "EventData.Message2": "{5f568920-10ad-4dc0-a97e-b78a3255c351}"}
{"EventID": "20", "Channel": "Microsoft-Windows-Provisioning-Diagnostics-Provider/Admin", "Provider_Name": "Microsoft-Windows-Provisioning-Diagnostics-Provider", "Computer": "DESKTOP-OFJ6N53", "TimeCreated": "2024-04-12 03:03:57.563141+00:00", "RecordID": "2259", "Level": "4", "UserID": "S-1-5-18", "EventData.Message1": "Power.Settings.Disk.ppkg", "EventData.Message2": "{9df6a4ed-fc16-48bf-8b24-6e2ad2bfcfea}"}
{"EventID": "20", "Channel": "Microsoft-Windows-Provisioning-Diagnostics-Provider/Admin", "Provider_Name": "Microsoft-Windows-Provisioning-Diagnostics-Provider", "Computer": "DESKTOP-OFJ6N53", "TimeCreated": "2024-04-12 03:03:57.575823+00:00", "RecordID": "2260", "Level": "4", "UserID": "S-1-5-18", "EventData.Message1": "Power.Settings.Display.ppkg", "EventData.Message2": "{23cb517f-5073-4e96-a202-7fe6122a2271}"}
{"EventID": "20", "Channel": "Microsoft-Windows-Provisioning-Diagnostics-Provider/Admin", "Provider_Name": "Microsoft-Windows-Provisioning-Diagnostics-Provider", "Computer": "DESKTOP-OFJ6N53", "TimeCreated": "2024-04-12 03:03:57.604300+00:00", "RecordID": "2261", "Level": "4", "UserID": "S-1-5-18", "EventData.Message1": "Power.Settings.Graphics.ppkg", "EventData.Message2": "{bf56ce5a-946b-45b5-858a-1794eb0125e2}"}
{"EventID": "20", "Channel": "Microsoft-Windows-Provisioning-Diagnostics-Provider/Admin", "Provider_Name": "Microsoft-Windows-Provisioning-Diagnostics-Provider", "Computer": "DESKTOP-OFJ6N53", "TimeCreated": "2024-04-12 03:03:57.618561+00:00", "RecordID": "2262", "Level": "4", "UserID": "S-1-5-18", "EventData.Message1": "Power.Settings.IdleResiliency.ppkg", "EventData.Message2": "{f11899f2-71ec-4621-9997-e17ae2f6eb26}"}
{"EventID": "20", "Channel": "Microsoft-Windows-Provisioning-Diagnostics-Provider/Admin", "Provider_Name": "Microsoft-Windows-Provisioning-Diagnostics-Provider", "Computer": "DESKTOP-OFJ6N53", "TimeCreated": "2024-04-12 03:03:57.631401+00:00", "RecordID": "2263", "Level": "4", "UserID": "S-1-5-18", "EventData.Message1": "Power.Settings.PCIExpress.ppkg", "EventData.Message2": "{268c43e1-aa2b-4036-86ef-8cda98a0c2fe}"}
{"EventID": "20", "Channel": "Microsoft-Windows-Provisioning-Diagnostics-Provider/Admin", "Provider_Name": "Microsoft-Windows-Provisioning-Diagnostics-Provider", "Computer": "DESKTOP-OFJ6N53", "TimeCreated": "2024-04-12 03:03:57.645634+00:00", "RecordID": "2264", "Level": "4", "UserID": "S-1-5-18", "EventData.Message1": "Power.Settings.Processor.ppkg", "EventData.Message2": "{fc01e91f-914c-45af-9d7c-0b2e5fbedf62}"}
{"EventID": "20", "Channel": "Microsoft-Windows-Provisioning-Diagnostics-Provider/Admin", "Provider_Name": "Microsoft-Windows-Provisioning-Diagnostics-Provider", "Computer": "DESKTOP-OFJ6N53", "TimeCreated": "2024-04-12 03:03:57.662788+00:00", "RecordID": "2265", "Level": "4", "UserID": "S-1-5-18", "EventData.Message1": "Power.Settings.Sleep.ppkg", "EventData.Message2": "{3742e5e8-6d9d-473b-99a6-8ecc0f43548a}"}
{"EventID": "20", "Channel": "Microsoft-Windows-Provisioning-Diagnostics-Provider/Admin", "Provider_Name": "Microsoft-Windows-Provisioning-Diagnostics-Provider", "Computer": "DESKTOP-OFJ6N53", "TimeCreated": "2024-04-12 03:03:57.685272+00:00", "RecordID": "2266", "Level": "4", "UserID": "S-1-5-18", "EventData.Message1": "Microsoft.Windows.Cosa.Desktop.Client.ppkg", "EventData.Message2": "{c8a326e4-f518-4f14-b543-97a57e1a975e}"}
{"EventID": "90", "Channel": "Microsoft-Windows-Provisioning-Diagnostics-Provider/Admin", "Provider_Name": "Microsoft-Windows-Provisioning-Diagnostics-Provider", "Computer": "DESKTOP-OFJ6N53", "TimeCreated": "2024-04-29 15:20:28.852997+00:00", "RecordID": "2267", "Level": "4", "UserID": "S-1-5-18", "EventData.Message1": "LogonIdleTask", "EventData.Message2": "<Not Present>", "EventData.Message3": "<Not Present>"}
{"EventID": "20", "Channel": "Microsoft-Windows-Provisioning-Diagnostics-Provider/Admin", "Provider_Name": "Microsoft-Windows-Provisioning-Diagnostics-Provider", "Computer": "DESKTOP-OFJ6N53", "TimeCreated": "2024-04-29 15:23:15.127337+00:00", "RecordID": "2268", "Level": "4", "UserID": "S-1-5-18", "EventData.Message1": "Power.EnergyEstimationEngine.Control.ppkg", "EventData.Message2": "{1e05dd5d-a022-46c5-963c-b20de341170f}"}
{"EventID": "20", "Channel": "Microsoft-Windows-Provisioning-Diagnostics-Provider/Admin", "Provider_Name": "Microsoft-Windows-Provisioning-Diagnostics-Provider", "Computer": "DESKTOP-OFJ6N53", "TimeCreated": "2024-04-29 15:23:21.534332+00:00", "RecordID": "2269", "Level": "4", "UserID": "S-1-5-18", "EventData.Message1": "Power.EnergyEstimationEngine.CPU.ppkg", "EventData.Message2": "{c5dc3753-b6c8-4057-b396-bf13d769311c}"}
{"EventID": "20", "Channel": "Microsoft-Windows-Provisioning-Diagnostics-Provider/Admin", "Provider_Name": "Microsoft-Windows-Provisioning-Diagnostics-Provider", "Computer": "DESKTOP-OFJ6N53", "TimeCreated": "2024-04-29 15:23:32.252335+00:00", "RecordID": "2270", "Level": "4", "UserID": "S-1-5-18", "EventData.Message1": "Power.EnergyEstimationEngine.Display.ppkg", "EventData.Message2": "{ee4aac98-c174-4941-82b1-d121e493e4fb}"}
{"EventID": "20", "Channel": "Microsoft-Windows-Provisioning-Diagnostics-Provider/Admin", "Provider_Name": "Microsoft-Windows-Provisioning-Diagnostics-Provider", "Computer": "DESKTOP-OFJ6N53", "TimeCreated": "2024-04-29 15:23:40.120798+00:00", "RecordID": "2271", "Level": "4", "UserID": "S-1-5-18", "EventData.Message1": "Power.EnergyEstimationEngine.MBB.ppkg", "EventData.Message2": "{99b095d8-5959-4820-bea7-7448c8427b4e}"}
{"EventID": "20", "Channel": "Microsoft-Windows-Provisioning-Diagnostics-Provider/Admin", "Provider_Name": "Microsoft-Windows-Provisioning-Diagnostics-Provider", "Computer": "DESKTOP-OFJ6N53", "TimeCreated": "2024-04-29 15:23:45.526234+00:00", "RecordID": "2272", "Level": "4", "UserID": "S-1-5-18", "EventData.Message1": "Power.EnergyEstimationEngine.StandbyActivation.ppkg", "EventData.Message2": "{8d196d7f-3eef-48ad-8bea-be749f12d3ad}"}
{"EventID": "20", "Channel": "Microsoft-Windows-Provisioning-Diagnostics-Provider/Admin", "Provider_Name": "Microsoft-Windows-Provisioning-Diagnostics-Provider", "Computer": "DESKTOP-OFJ6N53", "TimeCreated": "2024-04-29 15:23:53.899912+00:00", "RecordID": "2273", "Level": "4", "UserID": "S-1-5-18", "EventData.Message1": "Power.EnergyEstimationEngine.Storage.ppkg", "EventData.Message2": "{9aec5bda-1e87-46b3-bb96-1a01c606555e}"}
{"EventID": "20", "Channel": "Microsoft-Windows-Provisioning-Diagnostics-Provider/Admin", "Provider_Name": "Microsoft-Windows-Provisioning-Diagnostics-Provider", "Computer": "DESKTOP-OFJ6N53", "TimeCreated": "2024-04-29 15:23:59.391207+00:00", "RecordID": "2274", "Level": "4", "UserID": "S-1-5-18", "EventData.Message1": "Power.EnergyEstimationEngine.Telemetry.ppkg", "EventData.Message2": "{8fb7d64e-70fc-4f9d-89ee-d486817534df}"}
{"EventID": "20", "Channel": "Microsoft-Windows-Provisioning-Diagnostics-Provider/Admin", "Provider_Name": "Microsoft-Windows-Provisioning-Diagnostics-Provider", "Computer": "DESKTOP-OFJ6N53", "TimeCreated": "2024-04-29 15:24:05.765482+00:00", "RecordID": "2275", "Level": "4", "UserID": "S-1-5-18", "EventData.Message1": "Power.EnergyEstimationEngine.Wifi.ppkg", "EventData.Message2": "{b0b9123d-7d7f-4c6b-9973-ceced46f2a09}"}
{"EventID": "20", "Channel": "Microsoft-Windows-Provisioning-Diagnostics-Provider/Admin", "Provider_Name": "Microsoft-Windows-Provisioning-Diagnostics-Provider", "Computer": "DESKTOP-OFJ6N53", "TimeCreated": "2024-04-29 15:24:11.938574+00:00", "RecordID": "2276", "Level": "4", "UserID": "S-1-5-18", "EventData.Message1": "Power.Settings.Battery.ppkg", "EventData.Message2": "{7a30a9be-737f-47a1-a541-6e7b0761ed19}"}
{"EventID": "20", "Channel": "Microsoft-Windows-Provisioning-Diagnostics-Provider/Admin", "Provider_Name": "Microsoft-Windows-Provisioning-Diagnostics-Provider", "Computer": "DESKTOP-OFJ6N53", "TimeCreated": "2024-04-29 15:24:14.134056+00:00", "RecordID": "2277", "Level": "4", "UserID": "S-1-5-18", "EventData.Message1": "Power.Settings.Button.ppkg", "EventData.Message2": "{18dcffd4-37d6-4bc6-87e0-4266fdbb8e49}"}
{"EventID": "20", "Channel": "Microsoft-Windows-Provisioning-Diagnostics-Provider/Admin", "Provider_Name": "Microsoft-Windows-Provisioning-Diagnostics-Provider", "Computer": "DESKTOP-OFJ6N53", "TimeCreated": "2024-04-29 15:24:18.622103+00:00", "RecordID": "2278", "Level": "4", "UserID": "S-1-5-18", "EventData.Message1": "Power.Settings.Control.ppkg", "EventData.Message2": "{5f568920-10ad-4dc0-a97e-b78a3255c351}"}
{"EventID": "20", "Channel": "Microsoft-Windows-Provisioning-Diagnostics-Provider/Admin", "Provider_Name": "Microsoft-Windows-Provisioning-Diagnostics-Provider", "Computer": "DESKTOP-OFJ6N53", "TimeCreated": "2024-04-29 15:24:20.695944+00:00", "RecordID": "2279", "Level": "4", "UserID": "S-1-5-18", "EventData.Message1": "Power.Settings.Disk.ppkg", "EventData.Message2": "{9df6a4ed-fc16-48bf-8b24-6e2ad2bfcfea}"}
{"EventID": "20", "Channel": "Microsoft-Windows-Provisioning-Diagnostics-Provider/Admin", "Provider_Name": "Microsoft-Windows-Provisioning-Diagnostics-Provider", "Computer": "DESKTOP-OFJ6N53", "TimeCreated": "2024-04-29 15:24:23.398949+00:00", "RecordID": "2280", "Level": "4", "UserID": "S-1-5-18", "EventData.Message1": "Power.Settings.Display.ppkg", "EventData.Message2": "{23cb517f-5073-4e96-a202-7fe6122a2271}"}
{"EventID": "20", "Channel": "Microsoft-Windows-Provisioning-Diagnostics-Provider/Admin", "Provider_Name": "Microsoft-Windows-Provisioning-Diagnostics-Provider", "Computer": "DESKTOP-OFJ6N53", "TimeCreated": "2024-04-29 15:24:23.539259+00:00", "RecordID": "2281", "Level": "4", "UserID": "S-1-5-18", "EventData.Message1": "Power.Settings.Graphics.ppkg", "EventData.Message2": "{bf56ce5a-946b-45b5-858a-1794eb0125e2}"}
{"EventID": "20", "Channel": "Microsoft-Windows-Provisioning-Diagnostics-Provider/Admin", "Provider_Name": "Microsoft-Windows-Provisioning-Diagnostics-Provider", "Computer": "DESKTOP-OFJ6N53", "TimeCreated": "2024-04-29 15:24:23.774189+00:00", "RecordID": "2282", "Level": "4", "UserID": "S-1-5-18", "EventData.Message1": "Power.Settings.IdleResiliency.ppkg", "EventData.Message2": "{f11899f2-71ec-4621-9997-e17ae2f6eb26}"}
{"EventID": "20", "Channel": "Microsoft-Windows-Provisioning-Diagnostics-Provider/Admin", "Provider_Name": "Microsoft-Windows-Provisioning-Diagnostics-Provider", "Computer": "DESKTOP-OFJ6N53", "TimeCreated": "2024-04-29 15:24:24.090481+00:00", "RecordID": "2283", "Level": "4", "UserID": "S-1-5-18", "EventData.Message1": "Power.Settings.PCIExpress.ppkg", "EventData.Message2": "{268c43e1-aa2b-4036-86ef-8cda98a0c2fe}"}
{"EventID": "20", "Channel": "Microsoft-Windows-Provisioning-Diagnostics-Provider/Admin", "Provider_Name": "Microsoft-Windows-Provisioning-Diagnostics-Provider", "Computer": "DESKTOP-OFJ6N53", "TimeCreated": "2024-04-29 15:24:27.255932+00:00", "RecordID": "2284", "Level": "4", "UserID": "S-1-5-18", "EventData.Message1": "Power.Settings.Processor.ppkg", "EventData.Message2": "{fc01e91f-914c-45af-9d7c-0b2e5fbedf62}"}
{"EventID": "20", "Channel": "Microsoft-Windows-Provisioning-Diagnostics-Provider/Admin", "Provider_Name": "Microsoft-Windows-Provisioning-Diagnostics-Provider", "Computer": "DESKTOP-OFJ6N53", "TimeCreated": "2024-04-29 15:24:29.079380+00:00", "RecordID": "2285", "Level": "4", "UserID": "S-1-5-18", "EventData.Message1": "Power.Settings.Sleep.ppkg", "EventData.Message2": "{3742e5e8-6d9d-473b-99a6-8ecc0f43548a}"}
{"EventID": "20", "Channel": "Microsoft-Windows-Provisioning-Diagnostics-Provider/Admin", "Provider_Name": "Microsoft-Windows-Provisioning-Diagnostics-Provider", "Computer": "DESKTOP-OFJ6N53", "TimeCreated": "2024-04-29 15:25:03.371248+00:00", "RecordID": "2286", "Level": "4", "UserID": "S-1-5-18", "EventData.Message1": "Microsoft.Windows.Cosa.Desktop.Client.ppkg", "EventData.Message2": "{c8a326e4-f518-4f14-b543-97a57e1a975e}"}
{"EventID": "90", "Channel": "Microsoft-Windows-Provisioning-Diagnostics-Provider/Admin", "Provider_Name": "Microsoft-Windows-Provisioning-Diagnostics-Provider", "Computer": "DESKTOP-OFJ6N53", "TimeCreated": "2024-05-14 09:31:08.826361+00:00", "RecordID": "2287", "Level": "4", "UserID": "S-1-5-18", "EventData.Message1": "LogonIdleTask", "EventData.Message2": "<Not Present>", "EventData.Message3": "<Not Present>"}
{"EventID": "20", "Channel": "Microsoft-Windows-Provisioning-Diagnostics-Provider/Admin", "Provider_Name": "Microsoft-Windows-Provisioning-Diagnostics-Provider", "Computer": "DESKTOP-OFJ6N53", "TimeCreated": "2024-05-14 09:31:34.540466+00:00", "RecordID": "2288", "Level": "4", "UserID": "S-1-5-18", "EventData.Message1": "Power.EnergyEstimationEngine.Control.ppkg", "EventData.Message2": "{1e05dd5d-a022-46c5-963c-b20de341170f}"}
{"EventID": "20", "Channel": "Microsoft-Windows-Provisioning-Diagnostics-Provider/Admin", "Provider_Name": "Microsoft-Windows-Provisioning-Diagnostics-Provider", "Computer": "DESKTOP-OFJ6N53", "TimeCreated": "2024-05-14 09:31:34.858612+00:00", "RecordID": "2289", "Level": "4", "UserID": "S-1-5-18", "EventData.Message1": "Power.EnergyEstimationEngine.CPU.ppkg", "EventData.Message2": "{c5dc3753-b6c8-4057-b396-bf13d769311c}"}
{"EventID": "20", "Channel": "Microsoft-Windows-Provisioning-Diagnostics-Provider/Admin", "Provider_Name": "Microsoft-Windows-Provisioning-Diagnostics-Provider", "Computer": "DESKTOP-OFJ6N53", "TimeCreated": "2024-05-14 09:31:36.255455+00:00", "RecordID": "2290", "Level": "4", "UserID": "S-1-5-18", "EventData.Message1": "Power.EnergyEstimationEngine.Display.ppkg", "EventData.Message2": "{ee4aac98-c174-4941-82b1-d121e493e4fb}"}
{"EventID": "20", "Channel": "Microsoft-Windows-Provisioning-Diagnostics-Provider/Admin", "Provider_Name": "Microsoft-Windows-Provisioning-Diagnostics-Provider", "Computer": "DESKTOP-OFJ6N53", "TimeCreated": "2024-05-14 09:31:36.286459+00:00", "RecordID": "2291", "Level": "4", "UserID": "S-1-5-18", "EventData.Message1": "Power.EnergyEstimationEngine.MBB.ppkg", "EventData.Message2": "{99b095d8-5959-4820-bea7-7448c8427b4e}"}
{"EventID": "20", "Channel": "Microsoft-Windows-Provisioning-Diagnostics-Provider/Admin", "Provider_Name": "Microsoft-Windows-Provisioning-Diagnostics-Provider", "Computer": "DESKTOP-OFJ6N53", "TimeCreated": "2024-05-14 09:31:36.308464+00:00", "RecordID": "2292", "Level": "4", "UserID": "S-1-5-18", "EventData.Message1": "Power.EnergyEstimationEngine.StandbyActivation.ppkg", "EventData.Message2": "{8d196d7f-3eef-48ad-8bea-be749f12d3ad}"}
{"EventID": "20", "Channel": "Microsoft-Windows-Provisioning-Diagnostics-Provider/Admin", "Provider_Name": "Microsoft-Windows-Provisioning-Diagnostics-Provider", "Computer": "DESKTOP-OFJ6N53", "TimeCreated": "2024-05-14 09:31:36.328630+00:00", "RecordID": "2293", "Level": "4", "UserID": "S-1-5-18", "EventData.Message1": "Power.EnergyEstimationEngine.Storage.ppkg", "EventData.Message2": "{9aec5bda-1e87-46b3-bb96-1a01c606555e}"}
{"EventID": "20", "Channel": "Microsoft-Windows-Provisioning-Diagnostics-Provider/Admin", "Provider_Name": "Microsoft-Windows-Provisioning-Diagnostics-Provider", "Computer": "DESKTOP-OFJ6N53", "TimeCreated": "2024-05-14 09:31:36.514757+00:00", "RecordID": "2294", "Level": "4", "UserID": "S-1-5-18", "EventData.Message1": "Power.EnergyEstimationEngine.Telemetry.ppkg", "EventData.Message2": "{8fb7d64e-70fc-4f9d-89ee-d486817534df}"}
{"EventID": "20", "Channel": "Microsoft-Windows-Provisioning-Diagnostics-Provider/Admin", "Provider_Name": "Microsoft-Windows-Provisioning-Diagnostics-Provider", "Computer": "DESKTOP-OFJ6N53", "TimeCreated": "2024-05-14 09:31:36.622438+00:00", "RecordID": "2295", "Level": "4", "UserID": "S-1-5-18", "EventData.Message1": "Power.EnergyEstimationEngine.Wifi.ppkg", "EventData.Message2": "{b0b9123d-7d7f-4c6b-9973-ceced46f2a09}"}
{"EventID": "20", "Channel": "Microsoft-Windows-Provisioning-Diagnostics-Provider/Admin", "Provider_Name": "Microsoft-Windows-Provisioning-Diagnostics-Provider", "Computer": "DESKTOP-OFJ6N53", "TimeCreated": "2024-05-14 09:31:36.638401+00:00", "RecordID": "2296", "Level": "4", "UserID": "S-1-5-18", "EventData.Message1": "Power.Settings.Battery.ppkg", "EventData.Message2": "{7a30a9be-737f-47a1-a541-6e7b0761ed19}"}
{"EventID": "20", "Channel": "Microsoft-Windows-Provisioning-Diagnostics-Provider/Admin", "Provider_Name": "Microsoft-Windows-Provisioning-Diagnostics-Provider", "Computer": "DESKTOP-OFJ6N53", "TimeCreated": "2024-05-14 09:31:36.651344+00:00", "RecordID": "2297", "Level": "4", "UserID": "S-1-5-18", "EventData.Message1": "Power.Settings.Button.ppkg", "EventData.Message2": "{18dcffd4-37d6-4bc6-87e0-4266fdbb8e49}"}
{"EventID": "20", "Channel": "Microsoft-Windows-Provisioning-Diagnostics-Provider/Admin", "Provider_Name": "Microsoft-Windows-Provisioning-Diagnostics-Provider", "Computer": "DESKTOP-OFJ6N53", "TimeCreated": "2024-05-14 09:31:36.668522+00:00", "RecordID": "2298", "Level": "4", "UserID": "S-1-5-18", "EventData.Message1": "Power.Settings.Control.ppkg", "EventData.Message2": "{5f568920-10ad-4dc0-a97e-b78a3255c351}"}
{"EventID": "20", "Channel": "Microsoft-Windows-Provisioning-Diagnostics-Provider/Admin", "Provider_Name": "Microsoft-Windows-Provisioning-Diagnostics-Provider", "Computer": "DESKTOP-OFJ6N53", "TimeCreated": "2024-05-14 09:31:36.679535+00:00", "RecordID": "2299", "Level": "4", "UserID": "S-1-5-18", "EventData.Message1": "Power.Settings.Disk.ppkg", "EventData.Message2": "{9df6a4ed-fc16-48bf-8b24-6e2ad2bfcfea}"}
{"EventID": "20", "Channel": "Microsoft-Windows-Provisioning-Diagnostics-Provider/Admin", "Provider_Name": "Microsoft-Windows-Provisioning-Diagnostics-Provider", "Computer": "DESKTOP-OFJ6N53", "TimeCreated": "2024-05-14 09:31:36.692522+00:00", "RecordID": "2300", "Level": "4", "UserID": "S-1-5-18", "EventData.Message1": "Power.Settings.Display.ppkg", "EventData.Message2": "{23cb517f-5073-4e96-a202-7fe6122a2271}"}
{"EventID": "20", "Channel": "Microsoft-Windows-Provisioning-Diagnostics-Provider/Admin", "Provider_Name": "Microsoft-Windows-Provisioning-Diagnostics-Provider", "Computer": "DESKTOP-OFJ6N53", "TimeCreated": "2024-05-14 09:31:37.005762+00:00", "RecordID": "2301", "Level": "4", "UserID": "S-1-5-18", "EventData.Message1": "Power.Settings.Graphics.ppkg", "EventData.Message2": "{bf56ce5a-946b-45b5-858a-1794eb0125e2}"}
{"EventID": "20", "Channel": "Microsoft-Windows-Provisioning-Diagnostics-Provider/Admin", "Provider_Name": "Microsoft-Windows-Provisioning-Diagnostics-Provider", "Computer": "DESKTOP-OFJ6N53", "TimeCreated": "2024-05-14 09:31:37.019869+00:00", "RecordID": "2302", "Level": "4", "UserID": "S-1-5-18", "EventData.Message1": "Power.Settings.IdleResiliency.ppkg", "EventData.Message2": "{f11899f2-71ec-4621-9997-e17ae2f6eb26}"}
{"EventID": "20", "Channel": "Microsoft-Windows-Provisioning-Diagnostics-Provider/Admin", "Provider_Name": "Microsoft-Windows-Provisioning-Diagnostics-Provider", "Computer": "DESKTOP-OFJ6N53", "TimeCreated": "2024-05-14 09:31:37.186920+00:00", "RecordID": "2303", "Level": "4", "UserID": "S-1-5-18", "EventData.Message1": "Power.Settings.PCIExpress.ppkg", "EventData.Message2": "{268c43e1-aa2b-4036-86ef-8cda98a0c2fe}"}
{"EventID": "20", "Channel": "Microsoft-Windows-Provisioning-Diagnostics-Provider/Admin", "Provider_Name": "Microsoft-Windows-Provisioning-Diagnostics-Provider", "Computer": "DESKTOP-OFJ6N53", "TimeCreated": "2024-05-14 09:31:37.238008+00:00", "RecordID": "2304", "Level": "4", "UserID": "S-1-5-18", "EventData.Message1": "Power.Settings.Processor.ppkg", "EventData.Message2": "{fc01e91f-914c-45af-9d7c-0b2e5fbedf62}"}
{"EventID": "20", "Channel": "Microsoft-Windows-Provisioning-Diagnostics-Provider/Admin", "Provider_Name": "Microsoft-Windows-Provisioning-Diagnostics-Provider", "Computer": "DESKTOP-OFJ6N53", "TimeCreated": "2024-05-14 09:31:37.252346+00:00", "RecordID": "2305", "Level": "4", "UserID": "S-1-5-18", "EventData.Message1": "Power.Settings.Sleep.ppkg", "EventData.Message2": "{3742e5e8-6d9d-473b-99a6-8ecc0f43548a}"}
{"EventID": "20", "Channel": "Microsoft-Windows-Provisioning-Diagnostics-Provider/Admin", "Provider_Name": "Microsoft-Windows-Provisioning-Diagnostics-Provider", "Computer": "DESKTOP-OFJ6N53", "TimeCreated": "2024-05-14 09:31:37.278431+00:00", "RecordID": "2306", "Level": "4", "UserID": "S-1-5-18", "EventData.Message1": "Microsoft.Windows.Cosa.Desktop.Client.ppkg", "EventData.Message2": "{c8a326e4-f518-4f14-b543-97a57e1a975e}"}
{"EventID": "90", "Channel": "Microsoft-Windows-Provisioning-Diagnostics-Provider/Admin", "Provider_Name": "Microsoft-Windows-Provisioning-Diagnostics-Provider", "Computer": "DESKTOP-OFJ6N53", "TimeCreated": "2024-05-15 14:31:41.349499+00:00", "RecordID": "2307", "Level": "4", "UserID": "S-1-5-18", "EventData.Message1": "LogonIdleTask", "EventData.Message2": "<Not Present>", "EventData.Message3": "<Not Present>"}
{"EventID": "20", "Channel": "Microsoft-Windows-Provisioning-Diagnostics-Provider/Admin", "Provider_Name": "Microsoft-Windows-Provisioning-Diagnostics-Provider", "Computer": "DESKTOP-OFJ6N53", "TimeCreated": "2024-05-15 14:31:59.008080+00:00", "RecordID": "2308", "Level": "4", "UserID": "S-1-5-18", "EventData.Message1": "Power.EnergyEstimationEngine.Control.ppkg", "EventData.Message2": "{1e05dd5d-a022-46c5-963c-b20de341170f}"}
{"EventID": "20", "Channel": "Microsoft-Windows-Provisioning-Diagnostics-Provider/Admin", "Provider_Name": "Microsoft-Windows-Provisioning-Diagnostics-Provider", "Computer": "DESKTOP-OFJ6N53", "TimeCreated": "2024-05-15 14:31:59.025257+00:00", "RecordID": "2309", "Level": "4", "UserID": "S-1-5-18", "EventData.Message1": "Power.EnergyEstimationEngine.CPU.ppkg", "EventData.Message2": "{c5dc3753-b6c8-4057-b396-bf13d769311c}"}
{"EventID": "20", "Channel": "Microsoft-Windows-Provisioning-Diagnostics-Provider/Admin", "Provider_Name": "Microsoft-Windows-Provisioning-Diagnostics-Provider", "Computer": "DESKTOP-OFJ6N53", "TimeCreated": "2024-05-15 14:31:59.519285+00:00", "RecordID": "2310", "Level": "4", "UserID": "S-1-5-18", "EventData.Message1": "Power.EnergyEstimationEngine.Display.ppkg", "EventData.Message2": "{ee4aac98-c174-4941-82b1-d121e493e4fb}"}
{"EventID": "20", "Channel": "Microsoft-Windows-Provisioning-Diagnostics-Provider/Admin", "Provider_Name": "Microsoft-Windows-Provisioning-Diagnostics-Provider", "Computer": "DESKTOP-OFJ6N53", "TimeCreated": "2024-05-15 14:31:59.906149+00:00", "RecordID": "2311", "Level": "4", "UserID": "S-1-5-18", "EventData.Message1": "Power.EnergyEstimationEngine.MBB.ppkg", "EventData.Message2": "{99b095d8-5959-4820-bea7-7448c8427b4e}"}
{"EventID": "20", "Channel": "Microsoft-Windows-Provisioning-Diagnostics-Provider/Admin", "Provider_Name": "Microsoft-Windows-Provisioning-Diagnostics-Provider", "Computer": "DESKTOP-OFJ6N53", "TimeCreated": "2024-05-15 14:32:00.306297+00:00", "RecordID": "2312", "Level": "4", "UserID": "S-1-5-18", "EventData.Message1": "Power.EnergyEstimationEngine.StandbyActivation.ppkg", "EventData.Message2": "{8d196d7f-3eef-48ad-8bea-be749f12d3ad}"}
{"EventID": "20", "Channel": "Microsoft-Windows-Provisioning-Diagnostics-Provider/Admin", "Provider_Name": "Microsoft-Windows-Provisioning-Diagnostics-Provider", "Computer": "DESKTOP-OFJ6N53", "TimeCreated": "2024-05-15 14:32:00.320267+00:00", "RecordID": "2313", "Level": "4", "UserID": "S-1-5-18", "EventData.Message1": "Power.EnergyEstimationEngine.Storage.ppkg", "EventData.Message2": "{9aec5bda-1e87-46b3-bb96-1a01c606555e}"}
{"EventID": "20", "Channel": "Microsoft-Windows-Provisioning-Diagnostics-Provider/Admin", "Provider_Name": "Microsoft-Windows-Provisioning-Diagnostics-Provider", "Computer": "DESKTOP-OFJ6N53", "TimeCreated": "2024-05-15 14:32:00.336384+00:00", "RecordID": "2314", "Level": "4", "UserID": "S-1-5-18", "EventData.Message1": "Power.EnergyEstimationEngine.Telemetry.ppkg", "EventData.Message2": "{8fb7d64e-70fc-4f9d-89ee-d486817534df}"}
{"EventID": "20", "Channel": "Microsoft-Windows-Provisioning-Diagnostics-Provider/Admin", "Provider_Name": "Microsoft-Windows-Provisioning-Diagnostics-Provider", "Computer": "DESKTOP-OFJ6N53", "TimeCreated": "2024-05-15 14:32:00.570553+00:00", "RecordID": "2315", "Level": "4", "UserID": "S-1-5-18", "EventData.Message1": "Power.EnergyEstimationEngine.Wifi.ppkg", "EventData.Message2": "{b0b9123d-7d7f-4c6b-9973-ceced46f2a09}"}
{"EventID": "20", "Channel": "Microsoft-Windows-Provisioning-Diagnostics-Provider/Admin", "Provider_Name": "Microsoft-Windows-Provisioning-Diagnostics-Provider", "Computer": "DESKTOP-OFJ6N53", "TimeCreated": "2024-05-15 14:32:00.828154+00:00", "RecordID": "2316", "Level": "4", "UserID": "S-1-5-18", "EventData.Message1": "Power.Settings.Battery.ppkg", "EventData.Message2": "{7a30a9be-737f-47a1-a541-6e7b0761ed19}"}
{"EventID": "20", "Channel": "Microsoft-Windows-Provisioning-Diagnostics-Provider/Admin", "Provider_Name": "Microsoft-Windows-Provisioning-Diagnostics-Provider", "Computer": "DESKTOP-OFJ6N53", "TimeCreated": "2024-05-15 14:32:01.381447+00:00", "RecordID": "2317", "Level": "4", "UserID": "S-1-5-18", "EventData.Message1": "Power.Settings.Button.ppkg", "EventData.Message2": "{18dcffd4-37d6-4bc6-87e0-4266fdbb8e49}"}
