{"EventID": "27", "Channel": "Microsoft-Windows-UniversalTelemetryClient/Operational", "Provider_Name": "Microsoft-Windows-UniversalTelemetryClient", "Computer": "DESKTOP-OFJ6N53", "TimeCreated": "2022-06-29 06:32:46.627663+00:00", "RecordID": "7926", "Level": "4", "UserID": "S-1-5-18", "EventData.Environment": "ServiceHost", "EventData.EventsUploaded": "1", "EventData.EventsDropped": "0", "EventData.LastEventlogWrittenTime": "133009561665439940"}
{"EventID": "27", "Channel": "Microsoft-Windows-UniversalTelemetryClient/Operational", "Provider_Name": "Microsoft-Windows-UniversalTelemetryClient", "Computer": "DESKTOP-OFJ6N53", "TimeCreated": "2022-06-29 07:02:46.606113+00:00", "RecordID": "7927", "Level": "4", "UserID": "S-1-5-18", "EventData.Environment": "ServiceHost", "EventData.EventsUploaded": "4", "EventData.EventsDropped": "0", "EventData.LastEventlogWrittenTime": "133009579666253330"}
{"EventID": "27", "Channel": "Microsoft-Windows-UniversalTelemetryClient/Operational", "Provider_Name": "Microsoft-Windows-UniversalTelemetryClient", "Computer": "DESKTOP-OFJ6N53", "TimeCreated": "2022-06-29 07:32:46.680714+00:00", "RecordID": "7928", "Level": "4", "UserID": "S-1-5-18", "EventData.Environment": "ServiceHost", "EventData.EventsUploaded": "1", "EventData.EventsDropped": "0", "EventData.LastEventlogWrittenTime": "133009597666052319"}
{"EventID": "27", "Channel": "Microsoft-Windows-UniversalTelemetryClient/Operational", "Provider_Name": "Microsoft-Windows-UniversalTelemetryClient", "Computer": "DESKTOP-OFJ6N53", "TimeCreated": "2022-06-29 08:02:46.666540+00:00", "RecordID": "7929", "Level": "4", "UserID": "S-1-5-18", "EventData.Environment": "ServiceHost", "EventData.EventsUploaded": "3", "EventData.EventsDropped": "0", "EventData.LastEventlogWrittenTime": "133009615666662894"}
{"EventID": "27", "Channel": "Microsoft-Windows-UniversalTelemetryClient/Operational", "Provider_Name": "Microsoft-Windows-UniversalTelemetryClient", "Computer": "DESKTOP-OFJ6N53", "TimeCreated": "2022-06-29 08:32:46.916348+00:00", "RecordID": "7930", "Level": "4", "UserID": "S-1-5-18", "EventData.Environment": "ServiceHost", "EventData.EventsUploaded": "1", "EventData.EventsDropped": "2", "EventData.LastEventlogWrittenTime": "133009633666659825"}
{"EventID": "1", "Channel": "Microsoft-Windows-UniversalTelemetryClient/Operational", "Provider_Name": "Microsoft-Windows-UniversalTelemetryClient", "Computer": "DESKTOP-OFJ6N53", "TimeCreated": "2022-06-29 08:47:47.863306+00:00", "RecordID": "7931", "Level": "4", "UserID": "S-1-5-18", "EventData.Environment": "ServiceHost", "EventData.IKey": "P-ARIA-af397ef28e484961ba48646a5d38cf54-77418283-d6f6-4a90-b0c8-37e0f5e7b087-7425", "EventData.DiskSizeInBytes": "8388608", "EventData.DailyUploadQuotaInBytes": "0", "EventData.HRESULT": "2147943642"}
{"EventID": "27", "Channel": "Microsoft-Windows-UniversalTelemetryClient/Operational", "Provider_Name": "Microsoft-Windows-UniversalTelemetryClient", "Computer": "DESKTOP-OFJ6N53", "TimeCreated": "2022-06-29 09:02:46.797901+00:00", "RecordID": "7932", "Level": "4", "UserID": "S-1-5-18", "EventData.Environment": "ServiceHost", "EventData.EventsUploaded": "8", "EventData.EventsDropped": "0", "EventData.LastEventlogWrittenTime": "133009651669146253"}
{"EventID": "27", "Channel": "Microsoft-Windows-UniversalTelemetryClient/Operational", "Provider_Name": "Microsoft-Windows-UniversalTelemetryClient", "Computer": "DESKTOP-OFJ6N53", "TimeCreated": "2022-06-29 09:32:46.837946+00:00", "RecordID": "7933", "Level": "4", "UserID": "S-1-5-18", "EventData.Environment": "ServiceHost", "EventData.EventsUploaded": "4", "EventData.EventsDropped": "0", "EventData.LastEventlogWrittenTime": "133009669667952018"}
{"EventID": "27", "Channel": "Microsoft-Windows-UniversalTelemetryClient/Operational", "Provider_Name": "Microsoft-Windows-UniversalTelemetryClient", "Computer": "DESKTOP-OFJ6N53", "TimeCreated": "2022-06-29 10:02:46.843122+00:00", "RecordID": "7934", "Level": "4", "UserID": "S-1-5-18", "EventData.Environment": "ServiceHost", "EventData.EventsUploaded": "3", "EventData.EventsDropped": "7", "EventData.LastEventlogWrittenTime": "133009687668347780"}
{"EventID": "27", "Channel": "Microsoft-Windows-UniversalTelemetryClient/Operational", "Provider_Name": "Microsoft-Windows-UniversalTelemetryClient", "Computer": "DESKTOP-OFJ6N53", "TimeCreated": "2022-06-29 10:32:46.861622+00:00", "RecordID": "7935", "Level": "4", "UserID": "S-1-5-18", "EventData.Environment": "ServiceHost", "EventData.EventsUploaded": "7", "EventData.EventsDropped": "0", "EventData.LastEventlogWrittenTime": "133009705668428706"}
{"EventID": "27", "Channel": "Microsoft-Windows-UniversalTelemetryClient/Operational", "Provider_Name": "Microsoft-Windows-UniversalTelemetryClient", "Computer": "DESKTOP-OFJ6N53", "TimeCreated": "2022-06-29 11:02:46.838573+00:00", "RecordID": "7936", "Level": "4", "UserID": "S-1-5-18", "EventData.Environment": "ServiceHost", "EventData.EventsUploaded": "4", "EventData.EventsDropped": "0", "EventData.LastEventlogWrittenTime": "133009723668477776"}
{"EventID": "1", "Channel": "Microsoft-Windows-UniversalTelemetryClient/Operational", "Provider_Name": "Microsoft-Windows-UniversalTelemetryClient", "Computer": "DESKTOP-OFJ6N53", "TimeCreated": "2022-06-29 11:05:58.492285+00:00", "RecordID": "7937", "Level": "4", "UserID": "S-1-5-18", "EventData.Environment": "ServiceHost", "EventData.IKey": "P-ARIA-4bb4d6f7cafc4e9292f972dca2dcde42-bd019ee8-e59c-4b0f-a02c-84e72157a3ef-7485", "EventData.DiskSizeInBytes": "8388608", "EventData.DailyUploadQuotaInBytes": "0", "EventData.HRESULT": "2147943642"}
{"EventID": "1", "Channel": "Microsoft-Windows-UniversalTelemetryClient/Operational", "Provider_Name": "Microsoft-Windows-UniversalTelemetryClient", "Computer": "DESKTOP-OFJ6N53", "TimeCreated": "2022-06-29 11:05:58.580362+00:00", "RecordID": "7938", "Level": "4", "UserID": "S-1-5-18", "EventData.Environment": "ServiceHost", "EventData.IKey": "P-ARIA-5476d0c4a7a347909c4b8a13078d4390-f8bdcecf-243f-40f8-b7c3-b9c44a57dead-7230", "EventData.DiskSizeInBytes": "8388608", "EventData.DailyUploadQuotaInBytes": "0", "EventData.HRESULT": "2147943642"}
{"EventID": "27", "Channel": "Microsoft-Windows-UniversalTelemetryClient/Operational", "Provider_Name": "Microsoft-Windows-UniversalTelemetryClient", "Computer": "DESKTOP-OFJ6N53", "TimeCreated": "2022-06-29 11:32:46.900818+00:00", "RecordID": "7939", "Level": "4", "UserID": "S-1-5-18", "EventData.Environment": "ServiceHost", "EventData.EventsUploaded": "2", "EventData.EventsDropped": "0", "EventData.LastEventlogWrittenTime": "133009741668380935"}
{"EventID": "27", "Channel": "Microsoft-Windows-UniversalTelemetryClient/Operational", "Provider_Name": "Microsoft-Windows-UniversalTelemetryClient", "Computer": "DESKTOP-OFJ6N53", "TimeCreated": "2022-06-29 12:03:47.190205+00:00", "RecordID": "7940", "Level": "4", "UserID": "S-1-5-18", "EventData.Environment": "ServiceHost", "EventData.EventsUploaded": "3", "EventData.EventsDropped": "0", "EventData.LastEventlogWrittenTime": "133009759668884724"}
{"EventID": "27", "Channel": "Microsoft-Windows-UniversalTelemetryClient/Operational", "Provider_Name": "Microsoft-Windows-UniversalTelemetryClient", "Computer": "DESKTOP-OFJ6N53", "TimeCreated": "2022-06-29 12:33:46.628794+00:00", "RecordID": "7941", "Level": "4", "UserID": "S-1-5-18", "EventData.Environment": "ServiceHost", "EventData.EventsUploaded": "1", "EventData.EventsDropped": "0", "EventData.LastEventlogWrittenTime": "133009778271776094"}
{"EventID": "1", "Channel": "Microsoft-Windows-UniversalTelemetryClient/Operational", "Provider_Name": "Microsoft-Windows-UniversalTelemetryClient", "Computer": "DESKTOP-OFJ6N53", "TimeCreated": "2022-06-29 12:40:11.242563+00:00", "RecordID": "7942", "Level": "4", "UserID": "S-1-5-18", "EventData.Environment": "ServiceHost", "EventData.IKey": "P-ARIA-4bb4d6f7cafc4e9292f972dca2dcde42-bd019ee8-e59c-4b0f-a02c-84e72157a3ef-7485", "EventData.DiskSizeInBytes": "8388608", "EventData.DailyUploadQuotaInBytes": "0", "EventData.HRESULT": "2147943642"}
{"EventID": "1", "Channel": "Microsoft-Windows-UniversalTelemetryClient/Operational", "Provider_Name": "Microsoft-Windows-UniversalTelemetryClient", "Computer": "DESKTOP-OFJ6N53", "TimeCreated": "2022-06-29 12:40:11.338442+00:00", "RecordID": "7943", "Level": "4", "UserID": "S-1-5-18", "EventData.Environment": "ServiceHost", "EventData.IKey": "P-ARIA-5476d0c4a7a347909c4b8a13078d4390-f8bdcecf-243f-40f8-b7c3-b9c44a57dead-7230", "EventData.DiskSizeInBytes": "8388608", "EventData.DailyUploadQuotaInBytes": "0", "EventData.HRESULT": "2147943642"}
{"EventID": "27", "Channel": "Microsoft-Windows-UniversalTelemetryClient/Operational", "Provider_Name": "Microsoft-Windows-UniversalTelemetryClient", "Computer": "DESKTOP-OFJ6N53", "TimeCreated": "2022-06-29 13:03:46.627949+00:00", "RecordID": "7944", "Level": "4", "UserID": "S-1-5-18", "EventData.Environment": "ServiceHost", "EventData.EventsUploaded": "6", "EventData.EventsDropped": "2", "EventData.LastEventlogWrittenTime": "133009796266205716"}
{"EventID": "27", "Channel": "Microsoft-Windows-UniversalTelemetryClient/Operational", "Provider_Name": "Microsoft-Windows-UniversalTelemetryClient", "Computer": "DESKTOP-OFJ6N53", "TimeCreated": "2022-06-29 13:33:46.669077+00:00", "RecordID": "7945", "Level": "4", "UserID": "S-1-5-18", "EventData.Environment": "ServiceHost", "EventData.EventsUploaded": "1", "EventData.EventsDropped": "0", "EventData.LastEventlogWrittenTime": "133009814266266421"}
{"EventID": "27", "Channel": "Microsoft-Windows-UniversalTelemetryClient/Operational", "Provider_Name": "Microsoft-Windows-UniversalTelemetryClient", "Computer": "DESKTOP-OFJ6N53", "TimeCreated": "2022-06-29 14:03:46.939854+00:00", "RecordID": "7946", "Level": "4", "UserID": "S-1-5-18", "EventData.Environment": "ServiceHost", "EventData.EventsUploaded": "1", "EventData.EventsDropped": "0", "EventData.LastEventlogWrittenTime": "133009832266554746"}
{"EventID": "27", "Channel": "Microsoft-Windows-UniversalTelemetryClient/Operational", "Provider_Name": "Microsoft-Windows-UniversalTelemetryClient", "Computer": "DESKTOP-OFJ6N53", "TimeCreated": "2022-06-29 14:33:46.948458+00:00", "RecordID": "7947", "Level": "4", "UserID": "S-1-5-18", "EventData.Environment": "ServiceHost", "EventData.EventsUploaded": "3", "EventData.EventsDropped": "0", "EventData.LastEventlogWrittenTime": "133009850269279983"}
{"EventID": "27", "Channel": "Microsoft-Windows-UniversalTelemetryClient/Operational", "Provider_Name": "Microsoft-Windows-UniversalTelemetryClient", "Computer": "DESKTOP-OFJ6N53", "TimeCreated": "2022-06-29 15:03:46.927422+00:00", "RecordID": "7948", "Level": "4", "UserID": "S-1-5-18", "EventData.Environment": "ServiceHost", "EventData.EventsUploaded": "4", "EventData.EventsDropped": "0", "EventData.LastEventlogWrittenTime": "133009868269402282"}
{"EventID": "27", "Channel": "Microsoft-Windows-UniversalTelemetryClient/Operational", "Provider_Name": "Microsoft-Windows-UniversalTelemetryClient", "Computer": "DESKTOP-OFJ6N53", "TimeCreated": "2022-06-29 15:33:46.959402+00:00", "RecordID": "7949", "Level": "4", "UserID": "S-1-5-18", "EventData.Environment": "ServiceHost", "EventData.EventsUploaded": "1", "EventData.EventsDropped": "0", "EventData.LastEventlogWrittenTime": "133009886269219959"}
{"EventID": "27", "Channel": "Microsoft-Windows-UniversalTelemetryClient/Operational", "Provider_Name": "Microsoft-Windows-UniversalTelemetryClient", "Computer": "DESKTOP-OFJ6N53", "TimeCreated": "2022-06-29 16:03:46.938820+00:00", "RecordID": "7950", "Level": "4", "UserID": "S-1-5-18", "EventData.Environment": "ServiceHost", "EventData.EventsUploaded": "3", "EventData.EventsDropped": "0", "EventData.LastEventlogWrittenTime": "133009904269568508"}
{"EventID": "27", "Channel": "Microsoft-Windows-UniversalTelemetryClient/Operational", "Provider_Name": "Microsoft-Windows-UniversalTelemetryClient", "Computer": "DESKTOP-OFJ6N53", "TimeCreated": "2022-06-29 16:33:47.010071+00:00", "RecordID": "7951", "Level": "4", "UserID": "S-1-5-18", "EventData.Environment": "ServiceHost", "EventData.EventsUploaded": "3", "EventData.EventsDropped": "2", "EventData.LastEventlogWrittenTime": "133009922269383000"}
{"EventID": "27", "Channel": "Microsoft-Windows-UniversalTelemetryClient/Operational", "Provider_Name": "Microsoft-Windows-UniversalTelemetryClient", "Computer": "DESKTOP-OFJ6N53", "TimeCreated": "2022-06-29 17:03:47.009237+00:00", "RecordID": "7952", "Level": "4", "UserID": "S-1-5-18", "EventData.Environment": "ServiceHost", "EventData.EventsUploaded": "4", "EventData.EventsDropped": "0", "EventData.LastEventlogWrittenTime": "133009940270056742"}
{"EventID": "27", "Channel": "Microsoft-Windows-UniversalTelemetryClient/Operational", "Provider_Name": "Microsoft-Windows-UniversalTelemetryClient", "Computer": "DESKTOP-OFJ6N53", "TimeCreated": "2022-06-29 17:33:47.030745+00:00", "RecordID": "7953", "Level": "4", "UserID": "S-1-5-18", "EventData.Environment": "ServiceHost", "EventData.EventsUploaded": "1", "EventData.EventsDropped": "0", "EventData.LastEventlogWrittenTime": "133009958270085702"}
{"EventID": "27", "Channel": "Microsoft-Windows-UniversalTelemetryClient/Operational", "Provider_Name": "Microsoft-Windows-UniversalTelemetryClient", "Computer": "DESKTOP-OFJ6N53", "TimeCreated": "2022-06-29 18:03:47.064686+00:00", "RecordID": "7954", "Level": "4", "UserID": "S-1-5-18", "EventData.Environment": "ServiceHost", "EventData.EventsUploaded": "5", "EventData.EventsDropped": "0", "EventData.LastEventlogWrittenTime": "133009976270247295"}
{"EventID": "27", "Channel": "Microsoft-Windows-UniversalTelemetryClient/Operational", "Provider_Name": "Microsoft-Windows-UniversalTelemetryClient", "Computer": "DESKTOP-OFJ6N53", "TimeCreated": "2022-06-29 18:33:47.079062+00:00", "RecordID": "7955", "Level": "4", "UserID": "S-1-5-18", "EventData.Environment": "ServiceHost", "EventData.EventsUploaded": "8", "EventData.EventsDropped": "0", "EventData.LastEventlogWrittenTime": "133009994270584541"}
{"EventID": "27", "Channel": "Microsoft-Windows-UniversalTelemetryClient/Operational", "Provider_Name": "Microsoft-Windows-UniversalTelemetryClient", "Computer": "DESKTOP-OFJ6N53", "TimeCreated": "2022-06-29 19:03:47.092207+00:00", "RecordID": "7956", "Level": "4", "UserID": "S-1-5-18", "EventData.Environment": "ServiceHost", "EventData.EventsUploaded": "8", "EventData.EventsDropped": "0", "EventData.LastEventlogWrittenTime": "133010012270780453"}
{"EventID": "27", "Channel": "Microsoft-Windows-UniversalTelemetryClient/Operational", "Provider_Name": "Microsoft-Windows-UniversalTelemetryClient", "Computer": "DESKTOP-OFJ6N53", "TimeCreated": "2022-06-29 19:33:47.094807+00:00", "RecordID": "7957", "Level": "4", "UserID": "S-1-5-18", "EventData.Environment": "ServiceHost", "EventData.EventsUploaded": "1", "EventData.EventsDropped": "0", "EventData.LastEventlogWrittenTime": "133010030270898936"}
{"EventID": "27", "Channel": "Microsoft-Windows-UniversalTelemetryClient/Operational", "Provider_Name": "Microsoft-Windows-UniversalTelemetryClient", "Computer": "DESKTOP-OFJ6N53", "TimeCreated": "2022-06-29 20:03:47.095936+00:00", "RecordID": "7958", "Level": "4", "UserID": "S-1-5-18", "EventData.Environment": "ServiceHost", "EventData.EventsUploaded": "6", "EventData.EventsDropped": "6", "EventData.LastEventlogWrittenTime": "133010048270927966"}
{"EventID": "27", "Channel": "Microsoft-Windows-UniversalTelemetryClient/Operational", "Provider_Name": "Microsoft-Windows-UniversalTelemetryClient", "Computer": "DESKTOP-OFJ6N53", "TimeCreated": "2022-06-29 20:33:47.116810+00:00", "RecordID": "7959", "Level": "4", "UserID": "S-1-5-18", "EventData.Environment": "ServiceHost", "EventData.EventsUploaded": "1", "EventData.EventsDropped": "0", "EventData.LastEventlogWrittenTime": "133010066270957790"}
{"EventID": "27", "Channel": "Microsoft-Windows-UniversalTelemetryClient/Operational", "Provider_Name": "Microsoft-Windows-UniversalTelemetryClient", "Computer": "DESKTOP-OFJ6N53", "TimeCreated": "2022-06-29 21:03:55.153290+00:00", "RecordID": "7960", "Level": "4", "UserID": "S-1-5-18", "EventData.Environment": "ServiceHost", "EventData.EventsUploaded": "3", "EventData.EventsDropped": "2", "EventData.LastEventlogWrittenTime": "133010084271157980"}
{"EventID": "27", "Channel": "Microsoft-Windows-UniversalTelemetryClient/Operational", "Provider_Name": "Microsoft-Windows-UniversalTelemetryClient", "Computer": "DESKTOP-OFJ6N53", "TimeCreated": "2022-06-29 21:33:55.146200+00:00", "RecordID": "7961", "Level": "4", "UserID": "S-1-5-18", "EventData.Environment": "ServiceHost", "EventData.EventsUploaded": "1", "EventData.EventsDropped": "0", "EventData.LastEventlogWrittenTime": "133010102351461022"}
{"EventID": "27", "Channel": "Microsoft-Windows-UniversalTelemetryClient/Operational", "Provider_Name": "Microsoft-Windows-UniversalTelemetryClient", "Computer": "DESKTOP-OFJ6N53", "TimeCreated": "2022-06-29 22:03:55.151323+00:00", "RecordID": "7962", "Level": "4", "UserID": "S-1-5-18", "EventData.Environment": "ServiceHost", "EventData.EventsUploaded": "1", "EventData.EventsDropped": "0", "EventData.LastEventlogWrittenTime": "133010120351380096"}
{"EventID": "27", "Channel": "Microsoft-Windows-UniversalTelemetryClient/Operational", "Provider_Name": "Microsoft-Windows-UniversalTelemetryClient", "Computer": "DESKTOP-OFJ6N53", "TimeCreated": "2022-06-29 22:33:55.169931+00:00", "RecordID": "7963", "Level": "4", "UserID": "S-1-5-18", "EventData.Environment": "ServiceHost", "EventData.EventsUploaded": "1", "EventData.EventsDropped": "0", "EventData.LastEventlogWrittenTime": "133010138351499994"}
{"EventID": "27", "Channel": "Microsoft-Windows-UniversalTelemetryClient/Operational", "Provider_Name": "Microsoft-Windows-UniversalTelemetryClient", "Computer": "DESKTOP-OFJ6N53", "TimeCreated": "2022-06-29 23:03:55.203159+00:00", "RecordID": "7964", "Level": "4", "UserID": "S-1-5-18", "EventData.Environment": "ServiceHost", "EventData.EventsUploaded": "4", "EventData.EventsDropped": "0", "EventData.LastEventlogWrittenTime": "133010156351687396"}
{"EventID": "27", "Channel": "Microsoft-Windows-UniversalTelemetryClient/Operational", "Provider_Name": "Microsoft-Windows-UniversalTelemetryClient", "Computer": "DESKTOP-OFJ6N53", "TimeCreated": "2022-06-29 23:33:55.203892+00:00", "RecordID": "7965", "Level": "4", "UserID": "S-1-5-18", "EventData.Environment": "ServiceHost", "EventData.EventsUploaded": "1", "EventData.EventsDropped": "0", "EventData.LastEventlogWrittenTime": "133010174352018963"}
{"EventID": "27", "Channel": "Microsoft-Windows-UniversalTelemetryClient/Operational", "Provider_Name": "Microsoft-Windows-UniversalTelemetryClient", "Computer": "DESKTOP-OFJ6N53", "TimeCreated": "2022-06-30 00:03:55.184038+00:00", "RecordID": "7966", "Level": "4", "UserID": "S-1-5-18", "EventData.Environment": "ServiceHost", "EventData.EventsUploaded": "5", "EventData.EventsDropped": "0", "EventData.LastEventlogWrittenTime": "133010192351898890"}
{"EventID": "27", "Channel": "Microsoft-Windows-UniversalTelemetryClient/Operational", "Provider_Name": "Microsoft-Windows-UniversalTelemetryClient", "Computer": "DESKTOP-OFJ6N53", "TimeCreated": "2022-06-30 00:33:55.531565+00:00", "RecordID": "7967", "Level": "4", "UserID": "S-1-5-18", "EventData.Environment": "ServiceHost", "EventData.EventsUploaded": "1", "EventData.EventsDropped": "0", "EventData.LastEventlogWrittenTime": "133010210351834906"}
{"EventID": "27", "Channel": "Microsoft-Windows-UniversalTelemetryClient/Operational", "Provider_Name": "Microsoft-Windows-UniversalTelemetryClient", "Computer": "DESKTOP-OFJ6N53", "TimeCreated": "2022-06-30 01:03:55.558207+00:00", "RecordID": "7968", "Level": "4", "UserID": "S-1-5-18", "EventData.Environment": "ServiceHost", "EventData.EventsUploaded": "3", "EventData.EventsDropped": "2", "EventData.LastEventlogWrittenTime": "133010228355202509"}
{"EventID": "27", "Channel": "Microsoft-Windows-UniversalTelemetryClient/Operational", "Provider_Name": "Microsoft-Windows-UniversalTelemetryClient", "Computer": "DESKTOP-OFJ6N53", "TimeCreated": "2022-06-30 01:33:55.554890+00:00", "RecordID": "7969", "Level": "4", "UserID": "S-1-5-18", "EventData.Environment": "ServiceHost", "EventData.EventsUploaded": "1", "EventData.EventsDropped": "0", "EventData.LastEventlogWrittenTime": "133010246355544530"}
{"EventID": "27", "Channel": "Microsoft-Windows-UniversalTelemetryClient/Operational", "Provider_Name": "Microsoft-Windows-UniversalTelemetryClient", "Computer": "DESKTOP-OFJ6N53", "TimeCreated": "2022-06-30 02:03:55.572542+00:00", "RecordID": "7970", "Level": "4", "UserID": "S-1-5-18", "EventData.Environment": "ServiceHost", "EventData.EventsUploaded": "34", "EventData.EventsDropped": "0", "EventData.LastEventlogWrittenTime": "133010264355401825"}
{"EventID": "27", "Channel": "Microsoft-Windows-UniversalTelemetryClient/Operational", "Provider_Name": "Microsoft-Windows-UniversalTelemetryClient", "Computer": "DESKTOP-OFJ6N53", "TimeCreated": "2022-06-30 02:33:55.587479+00:00", "RecordID": "7971", "Level": "4", "UserID": "S-1-5-18", "EventData.Environment": "ServiceHost", "EventData.EventsUploaded": "2", "EventData.EventsDropped": "0", "EventData.LastEventlogWrittenTime": "133010282355713652"}
{"EventID": "27", "Channel": "Microsoft-Windows-UniversalTelemetryClient/Operational", "Provider_Name": "Microsoft-Windows-UniversalTelemetryClient", "Computer": "DESKTOP-OFJ6N53", "TimeCreated": "2022-06-30 03:03:55.591160+00:00", "RecordID": "7972", "Level": "4", "UserID": "S-1-5-18", "EventData.Environment": "ServiceHost", "EventData.EventsUploaded": "4", "EventData.EventsDropped": "0", "EventData.LastEventlogWrittenTime": "133010300355867723"}
{"EventID": "27", "Channel": "Microsoft-Windows-UniversalTelemetryClient/Operational", "Provider_Name": "Microsoft-Windows-UniversalTelemetryClient", "Computer": "DESKTOP-OFJ6N53", "TimeCreated": "2022-06-30 03:33:55.614189+00:00", "RecordID": "7973", "Level": "4", "UserID": "S-1-5-18", "EventData.Environment": "ServiceHost", "EventData.EventsUploaded": "1", "EventData.EventsDropped": "0", "EventData.LastEventlogWrittenTime": "133010318355881727"}
{"EventID": "27", "Channel": "Microsoft-Windows-UniversalTelemetryClient/Operational", "Provider_Name": "Microsoft-Windows-UniversalTelemetryClient", "Computer": "DESKTOP-OFJ6N53", "TimeCreated": "2022-06-30 04:03:55.643900+00:00", "RecordID": "7974", "Level": "4", "UserID": "S-1-5-18", "EventData.Environment": "ServiceHost", "EventData.EventsUploaded": "3", "EventData.EventsDropped": "0", "EventData.LastEventlogWrittenTime": "133010336356083272"}
{"EventID": "27", "Channel": "Microsoft-Windows-UniversalTelemetryClient/Operational", "Provider_Name": "Microsoft-Windows-UniversalTelemetryClient", "Computer": "DESKTOP-OFJ6N53", "TimeCreated": "2022-06-30 04:33:55.687357+00:00", "RecordID": "7975", "Level": "4", "UserID": "S-1-5-18", "EventData.Environment": "ServiceHost", "EventData.EventsUploaded": "1", "EventData.EventsDropped": "2", "EventData.LastEventlogWrittenTime": "133010354356332646"}
{"EventID": "27", "Channel": "Microsoft-Windows-UniversalTelemetryClient/Operational", "Provider_Name": "Microsoft-Windows-UniversalTelemetryClient", "Computer": "DESKTOP-OFJ6N53", "TimeCreated": "2022-06-30 05:03:55.690105+00:00", "RecordID": "7976", "Level": "4", "UserID": "S-1-5-18", "EventData.Environment": "ServiceHost", "EventData.EventsUploaded": "3", "EventData.EventsDropped": "0", "EventData.LastEventlogWrittenTime": "133010372356725295"}
{"EventID": "27", "Channel": "Microsoft-Windows-UniversalTelemetryClient/Operational", "Provider_Name": "Microsoft-Windows-UniversalTelemetryClient", "Computer": "DESKTOP-OFJ6N53", "TimeCreated": "2022-06-30 05:33:55.718546+00:00", "RecordID": "7977", "Level": "4", "UserID": "S-1-5-18", "EventData.Environment": "ServiceHost", "EventData.EventsUploaded": "1", "EventData.EventsDropped": "0", "EventData.LastEventlogWrittenTime": "133010390356863000"}
{"EventID": "27", "Channel": "Microsoft-Windows-UniversalTelemetryClient/Operational", "Provider_Name": "Microsoft-Windows-UniversalTelemetryClient", "Computer": "DESKTOP-OFJ6N53", "TimeCreated": "2022-06-30 06:03:55.720335+00:00", "RecordID": "7978", "Level": "4", "UserID": "S-1-5-18", "EventData.Environment": "ServiceHost", "EventData.EventsUploaded": "1", "EventData.EventsDropped": "0", "EventData.LastEventlogWrittenTime": "133010408357182848"}
{"EventID": "27", "Channel": "Microsoft-Windows-UniversalTelemetryClient/Operational", "Provider_Name": "Microsoft-Windows-UniversalTelemetryClient", "Computer": "DESKTOP-OFJ6N53", "TimeCreated": "2022-06-30 06:33:55.733004+00:00", "RecordID": "7979", "Level": "4", "UserID": "S-1-5-18", "EventData.Environment": "ServiceHost", "EventData.EventsUploaded": "1", "EventData.EventsDropped": "0", "EventData.LastEventlogWrittenTime": "133010426357194035"}
{"EventID": "27", "Channel": "Microsoft-Windows-UniversalTelemetryClient/Operational", "Provider_Name": "Microsoft-Windows-UniversalTelemetryClient", "Computer": "DESKTOP-OFJ6N53", "TimeCreated": "2022-06-30 07:03:55.740467+00:00", "RecordID": "7980", "Level": "4", "UserID": "S-1-5-18", "EventData.Environment": "ServiceHost", "EventData.EventsUploaded": "4", "EventData.EventsDropped": "0", "EventData.LastEventlogWrittenTime": "133010444357318654"}
{"EventID": "27", "Channel": "Microsoft-Windows-UniversalTelemetryClient/Operational", "Provider_Name": "Microsoft-Windows-UniversalTelemetryClient", "Computer": "DESKTOP-OFJ6N53", "TimeCreated": "2022-06-30 07:33:55.729048+00:00", "RecordID": "7981", "Level": "4", "UserID": "S-1-5-18", "EventData.Environment": "ServiceHost", "EventData.EventsUploaded": "1", "EventData.EventsDropped": "0", "EventData.LastEventlogWrittenTime": "133010462357382072"}
{"EventID": "27", "Channel": "Microsoft-Windows-UniversalTelemetryClient/Operational", "Provider_Name": "Microsoft-Windows-UniversalTelemetryClient", "Computer": "DESKTOP-OFJ6N53", "TimeCreated": "2022-06-30 08:03:55.867016+00:00", "RecordID": "7982", "Level": "4", "UserID": "S-1-5-18", "EventData.Environment": "ServiceHost", "EventData.EventsUploaded": "8", "EventData.EventsDropped": "0", "EventData.LastEventlogWrittenTime": "133010480357198079"}
{"EventID": "27", "Channel": "Microsoft-Windows-UniversalTelemetryClient/Operational", "Provider_Name": "Microsoft-Windows-UniversalTelemetryClient", "Computer": "DESKTOP-OFJ6N53", "TimeCreated": "2022-06-30 08:33:55.887062+00:00", "RecordID": "7983", "Level": "4", "UserID": "S-1-5-18", "EventData.Environment": "ServiceHost", "EventData.EventsUploaded": "1", "EventData.EventsDropped": "2", "EventData.LastEventlogWrittenTime": "133010498358579736"}
{"EventID": "27", "Channel": "Microsoft-Windows-UniversalTelemetryClient/Operational", "Provider_Name": "Microsoft-Windows-UniversalTelemetryClient", "Computer": "DESKTOP-OFJ6N53", "TimeCreated": "2022-06-30 09:03:55.890936+00:00", "RecordID": "7984", "Level": "4", "UserID": "S-1-5-18", "EventData.Environment": "ServiceHost", "EventData.EventsUploaded": "3", "EventData.EventsDropped": "0", "EventData.LastEventlogWrittenTime": "133010516358840209"}
{"EventID": "27", "Channel": "Microsoft-Windows-UniversalTelemetryClient/Operational", "Provider_Name": "Microsoft-Windows-UniversalTelemetryClient", "Computer": "DESKTOP-OFJ6N53", "TimeCreated": "2022-06-30 09:33:55.904118+00:00", "RecordID": "7985", "Level": "4", "UserID": "S-1-5-18", "EventData.Environment": "ServiceHost", "EventData.EventsUploaded": "2", "EventData.EventsDropped": "0", "EventData.LastEventlogWrittenTime": "133010534358902541"}
{"EventID": "1", "Channel": "Microsoft-Windows-UniversalTelemetryClient/Operational", "Provider_Name": "Microsoft-Windows-UniversalTelemetryClient", "Computer": "DESKTOP-OFJ6N53", "TimeCreated": "2022-06-30 09:47:59.409966+00:00", "RecordID": "7986", "Level": "4", "UserID": "S-1-5-18", "EventData.Environment": "ServiceHost", "EventData.IKey": "P-ARIA-af397ef28e484961ba48646a5d38cf54-77418283-d6f6-4a90-b0c8-37e0f5e7b087-7425", "EventData.DiskSizeInBytes": "8388608", "EventData.DailyUploadQuotaInBytes": "0", "EventData.HRESULT": "2147943642"}
{"EventID": "27", "Channel": "Microsoft-Windows-UniversalTelemetryClient/Operational", "Provider_Name": "Microsoft-Windows-UniversalTelemetryClient", "Computer": "DESKTOP-OFJ6N53", "TimeCreated": "2022-06-30 10:03:58.342354+00:00", "RecordID": "7987", "Level": "4", "UserID": "S-1-5-18", "EventData.Environment": "ServiceHost", "EventData.EventsUploaded": "4", "EventData.EventsDropped": "8", "EventData.LastEventlogWrittenTime": "133010552359003230"}
{"EventID": "27", "Channel": "Microsoft-Windows-UniversalTelemetryClient/Operational", "Provider_Name": "Microsoft-Windows-UniversalTelemetryClient", "Computer": "DESKTOP-OFJ6N53", "TimeCreated": "2022-06-30 10:33:58.313875+00:00", "RecordID": "7988", "Level": "4", "UserID": "S-1-5-18", "EventData.Environment": "ServiceHost", "EventData.EventsUploaded": "22", "EventData.EventsDropped": "0", "EventData.LastEventlogWrittenTime": "133010570383396981"}
{"EventID": "27", "Channel": "Microsoft-Windows-UniversalTelemetryClient/Operational", "Provider_Name": "Microsoft-Windows-UniversalTelemetryClient", "Computer": "DESKTOP-OFJ6N53", "TimeCreated": "2022-06-30 11:03:58.386532+00:00", "RecordID": "7989", "Level": "4", "UserID": "S-1-5-18", "EventData.Environment": "ServiceHost", "EventData.EventsUploaded": "2", "EventData.EventsDropped": "0", "EventData.LastEventlogWrittenTime": "133010588383133564"}
{"EventID": "1", "Channel": "Microsoft-Windows-UniversalTelemetryClient/Operational", "Provider_Name": "Microsoft-Windows-UniversalTelemetryClient", "Computer": "DESKTOP-OFJ6N53", "TimeCreated": "2022-06-30 11:05:06.809549+00:00", "RecordID": "7990", "Level": "4", "UserID": "S-1-5-18", "EventData.Environment": "ServiceHost", "EventData.IKey": "P-ARIA-4bb4d6f7cafc4e9292f972dca2dcde42-bd019ee8-e59c-4b0f-a02c-84e72157a3ef-7485", "EventData.DiskSizeInBytes": "8388608", "EventData.DailyUploadQuotaInBytes": "0", "EventData.HRESULT": "2147943642"}
{"EventID": "1", "Channel": "Microsoft-Windows-UniversalTelemetryClient/Operational", "Provider_Name": "Microsoft-Windows-UniversalTelemetryClient", "Computer": "DESKTOP-OFJ6N53", "TimeCreated": "2022-06-30 11:05:06.986258+00:00", "RecordID": "7991", "Level": "4", "UserID": "S-1-5-18", "EventData.Environment": "ServiceHost", "EventData.IKey": "P-ARIA-5476d0c4a7a347909c4b8a13078d4390-f8bdcecf-243f-40f8-b7c3-b9c44a57dead-7230", "EventData.DiskSizeInBytes": "8388608", "EventData.DailyUploadQuotaInBytes": "0", "EventData.HRESULT": "2147943642"}
{"EventID": "1", "Channel": "Microsoft-Windows-UniversalTelemetryClient/Operational", "Provider_Name": "Microsoft-Windows-UniversalTelemetryClient", "Computer": "DESKTOP-OFJ6N53", "TimeCreated": "2022-06-30 11:05:57.574120+00:00", "RecordID": "7992", "Level": "4", "UserID": "S-1-5-18", "EventData.Environment": "ServiceHost", "EventData.IKey": "P-ARIA-4bb4d6f7cafc4e9292f972dca2dcde42-bd019ee8-e59c-4b0f-a02c-84e72157a3ef-7485", "EventData.DiskSizeInBytes": "8388608", "EventData.DailyUploadQuotaInBytes": "0", "EventData.HRESULT": "2147943642"}
{"EventID": "1", "Channel": "Microsoft-Windows-UniversalTelemetryClient/Operational", "Provider_Name": "Microsoft-Windows-UniversalTelemetryClient", "Computer": "DESKTOP-OFJ6N53", "TimeCreated": "2022-06-30 11:05:57.577335+00:00", "RecordID": "7993", "Level": "4", "UserID": "S-1-5-18", "EventData.Environment": "ServiceHost", "EventData.IKey": "P-ARIA-5476d0c4a7a347909c4b8a13078d4390-f8bdcecf-243f-40f8-b7c3-b9c44a57dead-7230", "EventData.DiskSizeInBytes": "8388608", "EventData.DailyUploadQuotaInBytes": "0", "EventData.HRESULT": "2147943642"}
{"EventID": "27", "Channel": "Microsoft-Windows-UniversalTelemetryClient/Operational", "Provider_Name": "Microsoft-Windows-UniversalTelemetryClient", "Computer": "DESKTOP-OFJ6N53", "TimeCreated": "2022-06-30 11:33:58.580244+00:00", "RecordID": "7994", "Level": "4", "UserID": "S-1-5-18", "EventData.Environment": "ServiceHost", "EventData.EventsUploaded": "7", "EventData.EventsDropped": "0", "EventData.LastEventlogWrittenTime": "133010606383852374"}
{"EventID": "27", "Channel": "Microsoft-Windows-UniversalTelemetryClient/Operational", "Provider_Name": "Microsoft-Windows-UniversalTelemetryClient", "Computer": "DESKTOP-OFJ6N53", "TimeCreated": "2022-06-30 12:03:58.586889+00:00", "RecordID": "7995", "Level": "4", "UserID": "S-1-5-18", "EventData.Environment": "ServiceHost", "EventData.EventsUploaded": "5", "EventData.EventsDropped": "0", "EventData.LastEventlogWrittenTime": "133010624385685223"}
{"EventID": "27", "Channel": "Microsoft-Windows-UniversalTelemetryClient/Operational", "Provider_Name": "Microsoft-Windows-UniversalTelemetryClient", "Computer": "DESKTOP-OFJ6N53", "TimeCreated": "2022-06-30 12:33:58.571472+00:00", "RecordID": "7996", "Level": "4", "UserID": "S-1-5-18", "EventData.Environment": "ServiceHost", "EventData.EventsUploaded": "8", "EventData.EventsDropped": "2", "EventData.LastEventlogWrittenTime": "133010642385739758"}
{"EventID": "27", "Channel": "Microsoft-Windows-UniversalTelemetryClient/Operational", "Provider_Name": "Microsoft-Windows-UniversalTelemetryClient", "Computer": "DESKTOP-OFJ6N53", "TimeCreated": "2022-06-30 13:03:58.653728+00:00", "RecordID": "7997", "Level": "4", "UserID": "S-1-5-18", "EventData.Environment": "ServiceHost", "EventData.EventsUploaded": "1", "EventData.EventsDropped": "0", "EventData.LastEventlogWrittenTime": "133010660385651022"}
{"EventID": "27", "Channel": "Microsoft-Windows-UniversalTelemetryClient/Operational", "Provider_Name": "Microsoft-Windows-UniversalTelemetryClient", "Computer": "DESKTOP-OFJ6N53", "TimeCreated": "2022-06-30 13:33:58.655449+00:00", "RecordID": "7998", "Level": "4", "UserID": "S-1-5-18", "EventData.Environment": "ServiceHost", "EventData.EventsUploaded": "3", "EventData.EventsDropped": "0", "EventData.LastEventlogWrittenTime": "133010678386397293"}
{"EventID": "27", "Channel": "Microsoft-Windows-UniversalTelemetryClient/Operational", "Provider_Name": "Microsoft-Windows-UniversalTelemetryClient", "Computer": "DESKTOP-OFJ6N53", "TimeCreated": "2022-06-30 14:03:58.822767+00:00", "RecordID": "7999", "Level": "4", "UserID": "S-1-5-18", "EventData.Environment": "ServiceHost", "EventData.EventsUploaded": "1", "EventData.EventsDropped": "0", "EventData.LastEventlogWrittenTime": "133010696386407710"}
{"EventID": "27", "Channel": "Microsoft-Windows-UniversalTelemetryClient/Operational", "Provider_Name": "Microsoft-Windows-UniversalTelemetryClient", "Computer": "DESKTOP-OFJ6N53", "TimeCreated": "2022-06-30 14:33:58.830048+00:00", "RecordID": "8000", "Level": "4", "UserID": "S-1-5-18", "EventData.Environment": "ServiceHost", "EventData.EventsUploaded": "1", "EventData.EventsDropped": "0", "EventData.LastEventlogWrittenTime": "133010714388150752"}
{"EventID": "27", "Channel": "Microsoft-Windows-UniversalTelemetryClient/Operational", "Provider_Name": "Microsoft-Windows-UniversalTelemetryClient", "Computer": "DESKTOP-OFJ6N53", "TimeCreated": "2022-06-30 15:03:58.830893+00:00", "RecordID": "8001", "Level": "4", "UserID": "S-1-5-18", "EventData.Environment": "ServiceHost", "EventData.EventsUploaded": "4", "EventData.EventsDropped": "0", "EventData.LastEventlogWrittenTime": "133010732388166952"}
{"EventID": "27", "Channel": "Microsoft-Windows-UniversalTelemetryClient/Operational", "Provider_Name": "Microsoft-Windows-UniversalTelemetryClient", "Computer": "DESKTOP-OFJ6N53", "TimeCreated": "2022-06-30 15:33:58.851543+00:00", "RecordID": "8002", "Level": "4", "UserID": "S-1-5-18", "EventData.Environment": "ServiceHost", "EventData.EventsUploaded": "1", "EventData.EventsDropped": "0", "EventData.LastEventlogWrittenTime": "133010750388172211"}
{"EventID": "27", "Channel": "Microsoft-Windows-UniversalTelemetryClient/Operational", "Provider_Name": "Microsoft-Windows-UniversalTelemetryClient", "Computer": "DESKTOP-OFJ6N53", "TimeCreated": "2022-06-30 16:03:58.846952+00:00", "RecordID": "8003", "Level": "4", "UserID": "S-1-5-18", "EventData.Environment": "ServiceHost", "EventData.EventsUploaded": "3", "EventData.EventsDropped": "0", "EventData.LastEventlogWrittenTime": "133010768388409298"}
{"EventID": "27", "Channel": "Microsoft-Windows-UniversalTelemetryClient/Operational", "Provider_Name": "Microsoft-Windows-UniversalTelemetryClient", "Computer": "DESKTOP-OFJ6N53", "TimeCreated": "2022-06-30 16:33:58.921383+00:00", "RecordID": "8004", "Level": "4", "UserID": "S-1-5-18", "EventData.Environment": "ServiceHost", "EventData.EventsUploaded": "3", "EventData.EventsDropped": "2", "EventData.LastEventlogWrittenTime": "133010786388461147"}
{"EventID": "27", "Channel": "Microsoft-Windows-UniversalTelemetryClient/Operational", "Provider_Name": "Microsoft-Windows-UniversalTelemetryClient", "Computer": "DESKTOP-OFJ6N53", "TimeCreated": "2022-06-30 17:03:58.961334+00:00", "RecordID": "8005", "Level": "4", "UserID": "S-1-5-18", "EventData.Environment": "ServiceHost", "EventData.EventsUploaded": "4", "EventData.EventsDropped": "0", "EventData.LastEventlogWrittenTime": "133010804389206250"}
{"EventID": "27", "Channel": "Microsoft-Windows-UniversalTelemetryClient/Operational", "Provider_Name": "Microsoft-Windows-UniversalTelemetryClient", "Computer": "DESKTOP-OFJ6N53", "TimeCreated": "2022-06-30 17:33:58.985262+00:00", "RecordID": "8006", "Level": "4", "UserID": "S-1-5-18", "EventData.Environment": "ServiceHost", "EventData.EventsUploaded": "1", "EventData.EventsDropped": "0", "EventData.LastEventlogWrittenTime": "133010822389480796"}
{"EventID": "27", "Channel": "Microsoft-Windows-UniversalTelemetryClient/Operational", "Provider_Name": "Microsoft-Windows-UniversalTelemetryClient", "Computer": "DESKTOP-OFJ6N53", "TimeCreated": "2022-06-30 18:03:58.986828+00:00", "RecordID": "8007", "Level": "4", "UserID": "S-1-5-18", "EventData.Environment": "ServiceHost", "EventData.EventsUploaded": "1", "EventData.EventsDropped": "0", "EventData.LastEventlogWrittenTime": "133010840389723868"}
{"EventID": "27", "Channel": "Microsoft-Windows-UniversalTelemetryClient/Operational", "Provider_Name": "Microsoft-Windows-UniversalTelemetryClient", "Computer": "DESKTOP-OFJ6N53", "TimeCreated": "2022-06-30 18:33:59.000507+00:00", "RecordID": "8008", "Level": "4", "UserID": "S-1-5-18", "EventData.Environment": "ServiceHost", "EventData.EventsUploaded": "3", "EventData.EventsDropped": "0", "EventData.LastEventlogWrittenTime": "133010858389723955"}
{"EventID": "27", "Channel": "Microsoft-Windows-UniversalTelemetryClient/Operational", "Provider_Name": "Microsoft-Windows-UniversalTelemetryClient", "Computer": "DESKTOP-OFJ6N53", "TimeCreated": "2022-06-30 19:03:59.004547+00:00", "RecordID": "8009", "Level": "4", "UserID": "S-1-5-18", "EventData.Environment": "ServiceHost", "EventData.EventsUploaded": "4", "EventData.EventsDropped": "0", "EventData.LastEventlogWrittenTime": "133010876389861660"}
{"EventID": "27", "Channel": "Microsoft-Windows-UniversalTelemetryClient/Operational", "Provider_Name": "Microsoft-Windows-UniversalTelemetryClient", "Computer": "DESKTOP-OFJ6N53", "TimeCreated": "2022-06-30 19:33:59.036057+00:00", "RecordID": "8010", "Level": "4", "UserID": "S-1-5-18", "EventData.Environment": "ServiceHost", "EventData.EventsUploaded": "1", "EventData.EventsDropped": "0", "EventData.LastEventlogWrittenTime": "133010894390025188"}
{"EventID": "29", "Channel": "Microsoft-Windows-UniversalTelemetryClient/Operational", "Provider_Name": "Microsoft-Windows-UniversalTelemetryClient", "Computer": "DESKTOP-OFJ6N53", "TimeCreated": "2022-06-30 20:03:59.043333+00:00", "RecordID": "8011", "Level": "2", "UserID": "S-1-5-18", "EventData.Environment": "ServiceHost", "EventData.EventsUploaded": "0", "EventData.EventsDropped": "6", "EventData.LastEventlogWrittenTime": "133010912390263657", "EventData.FailedConnections": "6", "EventData.LastHttpError": "2147954402", "EventData.ProxySettingDetected": "False", "EventData.SslCertValidationFailures": "0", "EventData.LastSslCertFailure": "0"}
{"EventID": "27", "Channel": "Microsoft-Windows-UniversalTelemetryClient/Operational", "Provider_Name": "Microsoft-Windows-UniversalTelemetryClient", "Computer": "DESKTOP-OFJ6N53", "TimeCreated": "2022-06-30 20:33:59.046633+00:00", "RecordID": "8012", "Level": "4", "UserID": "S-1-5-18", "EventData.Environment": "ServiceHost", "EventData.EventsUploaded": "25", "EventData.EventsDropped": "2", "EventData.LastEventlogWrittenTime": "133010930390427962"}
{"EventID": "27", "Channel": "Microsoft-Windows-UniversalTelemetryClient/Operational", "Provider_Name": "Microsoft-Windows-UniversalTelemetryClient", "Computer": "DESKTOP-OFJ6N53", "TimeCreated": "2022-06-30 21:03:59.081774+00:00", "RecordID": "8013", "Level": "4", "UserID": "S-1-5-18", "EventData.Environment": "ServiceHost", "EventData.EventsUploaded": "3", "EventData.EventsDropped": "0", "EventData.LastEventlogWrittenTime": "133010948390329828"}
{"EventID": "27", "Channel": "Microsoft-Windows-UniversalTelemetryClient/Operational", "Provider_Name": "Microsoft-Windows-UniversalTelemetryClient", "Computer": "DESKTOP-OFJ6N53", "TimeCreated": "2022-06-30 21:33:59.313850+00:00", "RecordID": "8014", "Level": "4", "UserID": "S-1-5-18", "EventData.Environment": "ServiceHost", "EventData.EventsUploaded": "3", "EventData.EventsDropped": "0", "EventData.LastEventlogWrittenTime": "133010966390732134"}
{"EventID": "27", "Channel": "Microsoft-Windows-UniversalTelemetryClient/Operational", "Provider_Name": "Microsoft-Windows-UniversalTelemetryClient", "Computer": "DESKTOP-OFJ6N53", "TimeCreated": "2022-06-30 22:03:59.299528+00:00", "RecordID": "8015", "Level": "4", "UserID": "S-1-5-18", "EventData.Environment": "ServiceHost", "EventData.EventsUploaded": "1", "EventData.EventsDropped": "0", "EventData.LastEventlogWrittenTime": "133010984393119148"}
{"EventID": "27", "Channel": "Microsoft-Windows-UniversalTelemetryClient/Operational", "Provider_Name": "Microsoft-Windows-UniversalTelemetryClient", "Computer": "DESKTOP-OFJ6N53", "TimeCreated": "2022-06-30 22:33:59.341803+00:00", "RecordID": "8016", "Level": "4", "UserID": "S-1-5-18", "EventData.Environment": "ServiceHost", "EventData.EventsUploaded": "1", "EventData.EventsDropped": "0", "EventData.LastEventlogWrittenTime": "133011002392957743"}
{"EventID": "27", "Channel": "Microsoft-Windows-UniversalTelemetryClient/Operational", "Provider_Name": "Microsoft-Windows-UniversalTelemetryClient", "Computer": "DESKTOP-OFJ6N53", "TimeCreated": "2022-06-30 23:03:59.339622+00:00", "RecordID": "8017", "Level": "4", "UserID": "S-1-5-18", "EventData.Environment": "ServiceHost", "EventData.EventsUploaded": "4", "EventData.EventsDropped": "0", "EventData.LastEventlogWrittenTime": "133011020393285675"}
{"EventID": "27", "Channel": "Microsoft-Windows-UniversalTelemetryClient/Operational", "Provider_Name": "Microsoft-Windows-UniversalTelemetryClient", "Computer": "DESKTOP-OFJ6N53", "TimeCreated": "2022-06-30 23:33:59.359570+00:00", "RecordID": "8018", "Level": "4", "UserID": "S-1-5-18", "EventData.Environment": "ServiceHost", "EventData.EventsUploaded": "72", "EventData.EventsDropped": "0", "EventData.LastEventlogWrittenTime": "133011038393334779"}
{"EventID": "27", "Channel": "Microsoft-Windows-UniversalTelemetryClient/Operational", "Provider_Name": "Microsoft-Windows-UniversalTelemetryClient", "Computer": "DESKTOP-OFJ6N53", "TimeCreated": "2022-07-01 00:03:59.337467+00:00", "RecordID": "8019", "Level": "4", "UserID": "S-1-5-18", "EventData.Environment": "ServiceHost", "EventData.EventsUploaded": "3", "EventData.EventsDropped": "0", "EventData.LastEventlogWrittenTime": "133011056393574656"}
{"EventID": "27", "Channel": "Microsoft-Windows-UniversalTelemetryClient/Operational", "Provider_Name": "Microsoft-Windows-UniversalTelemetryClient", "Computer": "DESKTOP-OFJ6N53", "TimeCreated": "2022-07-01 00:33:59.543571+00:00", "RecordID": "8020", "Level": "4", "UserID": "S-1-5-18", "EventData.Environment": "ServiceHost", "EventData.EventsUploaded": "1", "EventData.EventsDropped": "2", "EventData.LastEventlogWrittenTime": "133011074393368318"}
{"EventID": "27", "Channel": "Microsoft-Windows-UniversalTelemetryClient/Operational", "Provider_Name": "Microsoft-Windows-UniversalTelemetryClient", "Computer": "DESKTOP-OFJ6N53", "TimeCreated": "2022-07-01 01:03:59.538057+00:00", "RecordID": "8021", "Level": "4", "UserID": "S-1-5-18", "EventData.Environment": "ServiceHost", "EventData.EventsUploaded": "5", "EventData.EventsDropped": "0", "EventData.LastEventlogWrittenTime": "133011092395417128"}
{"EventID": "27", "Channel": "Microsoft-Windows-UniversalTelemetryClient/Operational", "Provider_Name": "Microsoft-Windows-UniversalTelemetryClient", "Computer": "DESKTOP-OFJ6N53", "TimeCreated": "2022-07-01 01:33:59.579149+00:00", "RecordID": "8022", "Level": "4", "UserID": "S-1-5-18", "EventData.Environment": "ServiceHost", "EventData.EventsUploaded": "5", "EventData.EventsDropped": "0", "EventData.LastEventlogWrittenTime": "133011110395326704"}
{"EventID": "27", "Channel": "Microsoft-Windows-UniversalTelemetryClient/Operational", "Provider_Name": "Microsoft-Windows-UniversalTelemetryClient", "Computer": "DESKTOP-OFJ6N53", "TimeCreated": "2022-07-01 02:03:59.582319+00:00", "RecordID": "8023", "Level": "4", "UserID": "S-1-5-18", "EventData.Environment": "ServiceHost", "EventData.EventsUploaded": "55", "EventData.EventsDropped": "0", "EventData.LastEventlogWrittenTime": "133011128395670006"}
{"EventID": "27", "Channel": "Microsoft-Windows-UniversalTelemetryClient/Operational", "Provider_Name": "Microsoft-Windows-UniversalTelemetryClient", "Computer": "DESKTOP-OFJ6N53", "TimeCreated": "2022-07-01 02:33:59.664099+00:00", "RecordID": "8024", "Level": "4", "UserID": "S-1-5-18", "EventData.Environment": "ServiceHost", "EventData.EventsUploaded": "2", "EventData.EventsDropped": "0", "EventData.LastEventlogWrittenTime": "133011146395750219"}
{"EventID": "27", "Channel": "Microsoft-Windows-UniversalTelemetryClient/Operational", "Provider_Name": "Microsoft-Windows-UniversalTelemetryClient", "Computer": "DESKTOP-OFJ6N53", "TimeCreated": "2022-07-01 03:03:59.663815+00:00", "RecordID": "8025", "Level": "4", "UserID": "S-1-5-18", "EventData.Environment": "ServiceHost", "EventData.EventsUploaded": "4", "EventData.EventsDropped": "0", "EventData.LastEventlogWrittenTime": "133011164396596787"}
{"EventID": "27", "Channel": "Microsoft-Windows-UniversalTelemetryClient/Operational", "Provider_Name": "Microsoft-Windows-UniversalTelemetryClient", "Computer": "DESKTOP-OFJ6N53", "TimeCreated": "2022-07-01 03:33:59.733727+00:00", "RecordID": "8026", "Level": "4", "UserID": "S-1-5-18", "EventData.Environment": "ServiceHost", "EventData.EventsUploaded": "1", "EventData.EventsDropped": "0", "EventData.LastEventlogWrittenTime": "133011182396585812"}
{"EventID": "27", "Channel": "Microsoft-Windows-UniversalTelemetryClient/Operational", "Provider_Name": "Microsoft-Windows-UniversalTelemetryClient", "Computer": "DESKTOP-OFJ6N53", "TimeCreated": "2022-07-01 04:03:59.743853+00:00", "RecordID": "8027", "Level": "4", "UserID": "S-1-5-18", "EventData.Environment": "ServiceHost", "EventData.EventsUploaded": "3", "EventData.EventsDropped": "0", "EventData.LastEventlogWrittenTime": "133011200397282449"}
{"EventID": "27", "Channel": "Microsoft-Windows-UniversalTelemetryClient/Operational", "Provider_Name": "Microsoft-Windows-UniversalTelemetryClient", "Computer": "DESKTOP-OFJ6N53", "TimeCreated": "2022-07-01 04:33:59.770712+00:00", "RecordID": "8028", "Level": "4", "UserID": "S-1-5-18", "EventData.Environment": "ServiceHost", "EventData.EventsUploaded": "2", "EventData.EventsDropped": "2", "EventData.LastEventlogWrittenTime": "133011218397325757"}
{"EventID": "27", "Channel": "Microsoft-Windows-UniversalTelemetryClient/Operational", "Provider_Name": "Microsoft-Windows-UniversalTelemetryClient", "Computer": "DESKTOP-OFJ6N53", "TimeCreated": "2022-07-01 05:04:03.655573+00:00", "RecordID": "8029", "Level": "4", "UserID": "S-1-5-18", "EventData.Environment": "ServiceHost", "EventData.EventsUploaded": "3", "EventData.EventsDropped": "0", "EventData.LastEventlogWrittenTime": "133011236397571124"}
{"EventID": "27", "Channel": "Microsoft-Windows-UniversalTelemetryClient/Operational", "Provider_Name": "Microsoft-Windows-UniversalTelemetryClient", "Computer": "DESKTOP-OFJ6N53", "TimeCreated": "2022-07-01 05:34:03.682413+00:00", "RecordID": "8030", "Level": "4", "UserID": "S-1-5-18", "EventData.Environment": "ServiceHost", "EventData.EventsUploaded": "1", "EventData.EventsDropped": "0", "EventData.LastEventlogWrittenTime": "133011254436504174"}
{"EventID": "27", "Channel": "Microsoft-Windows-UniversalTelemetryClient/Operational", "Provider_Name": "Microsoft-Windows-UniversalTelemetryClient", "Computer": "DESKTOP-OFJ6N53", "TimeCreated": "2022-07-01 06:04:03.701946+00:00", "RecordID": "8031", "Level": "4", "UserID": "S-1-5-18", "EventData.Environment": "ServiceHost", "EventData.EventsUploaded": "10", "EventData.EventsDropped": "0", "EventData.LastEventlogWrittenTime": "133011272436740364"}
{"EventID": "27", "Channel": "Microsoft-Windows-UniversalTelemetryClient/Operational", "Provider_Name": "Microsoft-Windows-UniversalTelemetryClient", "Computer": "DESKTOP-OFJ6N53", "TimeCreated": "2022-07-01 06:34:03.713976+00:00", "RecordID": "8032", "Level": "4", "UserID": "S-1-5-18", "EventData.Environment": "ServiceHost", "EventData.EventsUploaded": "6", "EventData.EventsDropped": "0", "EventData.LastEventlogWrittenTime": "133011290436961376"}
{"EventID": "27", "Channel": "Microsoft-Windows-UniversalTelemetryClient/Operational", "Provider_Name": "Microsoft-Windows-UniversalTelemetryClient", "Computer": "DESKTOP-OFJ6N53", "TimeCreated": "2022-07-01 07:04:03.749876+00:00", "RecordID": "8033", "Level": "4", "UserID": "S-1-5-18", "EventData.Environment": "ServiceHost", "EventData.EventsUploaded": "6", "EventData.EventsDropped": "0", "EventData.LastEventlogWrittenTime": "133011308437067692"}
