{"EventID": "1001", "Channel": "Microsoft-Windows-Fault-Tolerant-Heap/Operational", "Provider_Name": "Microsoft-Windows-Fault-Tolerant-Heap", "Computer": "DESKTOP-OFJ6N53", "TimeCreated": "2022-12-05 10:21:00.940771+00:00", "RecordID": "1", "Level": "4", "UserID": "S-1-5-19"}
{"EventID": "1002", "Channel": "Microsoft-Windows-Fault-Tolerant-Heap/Operational", "Provider_Name": "Microsoft-Windows-Fault-Tolerant-Heap", "Computer": "DESKTOP-OFJ6N53", "TimeCreated": "2022-12-06 11:55:49.769991+00:00", "RecordID": "2", "Level": "4", "UserID": "S-1-5-19"}
{"EventID": "1001", "Channel": "Microsoft-Windows-Fault-Tolerant-Heap/Operational", "Provider_Name": "Microsoft-Windows-Fault-Tolerant-Heap", "Computer": "DESKTOP-OFJ6N53", "TimeCreated": "2022-12-29 12:41:42.498713+00:00", "RecordID": "3", "Level": "4", "UserID": "S-1-5-19"}
{"EventID": "1002", "Channel": "Microsoft-Windows-Fault-Tolerant-Heap/Operational", "Provider_Name": "Microsoft-Windows-Fault-Tolerant-Heap", "Computer": "DESKTOP-OFJ6N53", "TimeCreated": "2023-01-10 07:48:35.031185+00:00", "RecordID": "4", "Level": "4", "UserID": "S-1-5-19"}
{"EventID": "1001", "Channel": "Microsoft-Windows-Fault-Tolerant-Heap/Operational", "Provider_Name": "Microsoft-Windows-Fault-Tolerant-Heap", "Computer": "DESKTOP-OFJ6N53", "TimeCreated": "2023-02-15 12:31:02.586237+00:00", "RecordID": "5", "Level": "4", "UserID": "S-1-5-19"}
{"EventID": "1002", "Channel": "Microsoft-Windows-Fault-Tolerant-Heap/Operational", "Provider_Name": "Microsoft-Windows-Fault-Tolerant-Heap", "Computer": "DESKTOP-OFJ6N53", "TimeCreated": "2023-02-15 19:09:09.508179+00:00", "RecordID": "6", "Level": "4", "UserID": "S-1-5-19"}
{"EventID": "1001", "Channel": "Microsoft-Windows-Fault-Tolerant-Heap/Operational", "Provider_Name": "Microsoft-Windows-Fault-Tolerant-Heap", "Computer": "DESKTOP-OFJ6N53", "TimeCreated": "2023-03-19 01:04:38.459297+00:00", "RecordID": "7", "Level": "4", "UserID": "S-1-5-19"}
{"EventID": "1002", "Channel": "Microsoft-Windows-Fault-Tolerant-Heap/Operational", "Provider_Name": "Microsoft-Windows-Fault-Tolerant-Heap", "Computer": "DESKTOP-OFJ6N53", "TimeCreated": "2023-03-19 01:05:22.603781+00:00", "RecordID": "8", "Level": "4", "UserID": "S-1-5-19"}
{"EventID": "1001", "Channel": "Microsoft-Windows-Fault-Tolerant-Heap/Operational", "Provider_Name": "Microsoft-Windows-Fault-Tolerant-Heap", "Computer": "DESKTOP-OFJ6N53", "TimeCreated": "2023-03-20 08:31:21.219002+00:00", "RecordID": "9", "Level": "4", "UserID": "S-1-5-19"}
{"EventID": "1001", "Channel": "Microsoft-Windows-Fault-Tolerant-Heap/Operational", "Provider_Name": "Microsoft-Windows-Fault-Tolerant-Heap", "Computer": "DESKTOP-OFJ6N53", "TimeCreated": "2023-03-23 11:16:26.511688+00:00", "RecordID": "10", "Level": "4", "UserID": "S-1-5-19"}
{"EventID": "1002", "Channel": "Microsoft-Windows-Fault-Tolerant-Heap/Operational", "Provider_Name": "Microsoft-Windows-Fault-Tolerant-Heap", "Computer": "DESKTOP-OFJ6N53", "TimeCreated": "2023-03-29 11:05:26.265381+00:00", "RecordID": "11", "Level": "4", "UserID": "S-1-5-19"}
{"EventID": "1001", "Channel": "Microsoft-Windows-Fault-Tolerant-Heap/Operational", "Provider_Name": "Microsoft-Windows-Fault-Tolerant-Heap", "Computer": "DESKTOP-OFJ6N53", "TimeCreated": "2023-04-03 17:06:04.723209+00:00", "RecordID": "12", "Level": "4", "UserID": "S-1-5-19"}
{"EventID": "1001", "Channel": "Microsoft-Windows-Fault-Tolerant-Heap/Operational", "Provider_Name": "Microsoft-Windows-Fault-Tolerant-Heap", "Computer": "DESKTOP-OFJ6N53", "TimeCreated": "2023-08-01 15:16:42.670511+00:00", "RecordID": "13", "Level": "4", "UserID": "S-1-5-19"}
{"EventID": "1002", "Channel": "Microsoft-Windows-Fault-Tolerant-Heap/Operational", "Provider_Name": "Microsoft-Windows-Fault-Tolerant-Heap", "Computer": "DESKTOP-OFJ6N53", "TimeCreated": "2023-08-02 10:02:46.102879+00:00", "RecordID": "14", "Level": "4", "UserID": "S-1-5-19"}
{"EventID": "1001", "Channel": "Microsoft-Windows-Fault-Tolerant-Heap/Operational", "Provider_Name": "Microsoft-Windows-Fault-Tolerant-Heap", "Computer": "DESKTOP-OFJ6N53", "TimeCreated": "2023-08-15 12:57:36.580502+00:00", "RecordID": "15", "Level": "4", "UserID": "S-1-5-19"}
{"EventID": "1002", "Channel": "Microsoft-Windows-Fault-Tolerant-Heap/Operational", "Provider_Name": "Microsoft-Windows-Fault-Tolerant-Heap", "Computer": "DESKTOP-OFJ6N53", "TimeCreated": "2023-08-16 09:59:50.375664+00:00", "RecordID": "16", "Level": "4", "UserID": "S-1-5-19"}
{"EventID": "1001", "Channel": "Microsoft-Windows-Fault-Tolerant-Heap/Operational", "Provider_Name": "Microsoft-Windows-Fault-Tolerant-Heap", "Computer": "DESKTOP-OFJ6N53", "TimeCreated": "2023-09-07 11:18:52.342495+00:00", "RecordID": "17", "Level": "4", "UserID": "S-1-5-19"}
{"EventID": "1002", "Channel": "Microsoft-Windows-Fault-Tolerant-Heap/Operational", "Provider_Name": "Microsoft-Windows-Fault-Tolerant-Heap", "Computer": "DESKTOP-OFJ6N53", "TimeCreated": "2023-09-13 14:36:07.877783+00:00", "RecordID": "18", "Level": "4", "UserID": "S-1-5-19"}
{"EventID": "1001", "Channel": "Microsoft-Windows-Fault-Tolerant-Heap/Operational", "Provider_Name": "Microsoft-Windows-Fault-Tolerant-Heap", "Computer": "DESKTOP-OFJ6N53", "TimeCreated": "2023-11-30 15:23:14.250826+00:00", "RecordID": "19", "Level": "4", "UserID": "S-1-5-19"}
{"EventID": "1002", "Channel": "Microsoft-Windows-Fault-Tolerant-Heap/Operational", "Provider_Name": "Microsoft-Windows-Fault-Tolerant-Heap", "Computer": "DESKTOP-OFJ6N53", "TimeCreated": "2023-12-12 07:24:53.567263+00:00", "RecordID": "20", "Level": "4", "UserID": "S-1-5-19"}
{"EventID": "1001", "Channel": "Microsoft-Windows-Fault-Tolerant-Heap/Operational", "Provider_Name": "Microsoft-Windows-Fault-Tolerant-Heap", "Computer": "DESKTOP-OFJ6N53", "TimeCreated": "2024-04-06 11:16:34.602327+00:00", "RecordID": "21", "Level": "4", "UserID": "S-1-5-19"}
{"EventID": "1002", "Channel": "Microsoft-Windows-Fault-Tolerant-Heap/Operational", "Provider_Name": "Microsoft-Windows-Fault-Tolerant-Heap", "Computer": "DESKTOP-OFJ6N53", "TimeCreated": "2024-04-12 02:51:50.887255+00:00", "RecordID": "22", "Level": "4", "UserID": "S-1-5-19"}
{"EventID": "1001", "Channel": "Microsoft-Windows-Fault-Tolerant-Heap/Operational", "Provider_Name": "Microsoft-Windows-Fault-Tolerant-Heap", "Computer": "DESKTOP-OFJ6N53", "TimeCreated": "2024-12-01 08:46:02.600723+00:00", "RecordID": "23", "Level": "4", "UserID": "S-1-5-19"}
{"EventID": "1002", "Channel": "Microsoft-Windows-Fault-Tolerant-Heap/Operational", "Provider_Name": "Microsoft-Windows-Fault-Tolerant-Heap", "Computer": "DESKTOP-OFJ6N53", "TimeCreated": "2024-12-03 10:23:29.029184+00:00", "RecordID": "24", "Level": "4", "UserID": "S-1-5-19"}
{"EventID": "1001", "Channel": "Microsoft-Windows-Fault-Tolerant-Heap/Operational", "Provider_Name": "Microsoft-Windows-Fault-Tolerant-Heap", "Computer": "DESKTOP-OFJ6N53", "TimeCreated": "2024-12-12 15:17:44.626513+00:00", "RecordID": "25", "Level": "4", "UserID": "S-1-5-19"}
{"EventID": "1002", "Channel": "Microsoft-Windows-Fault-Tolerant-Heap/Operational", "Provider_Name": "Microsoft-Windows-Fault-Tolerant-Heap", "Computer": "DESKTOP-OFJ6N53", "TimeCreated": "2024-12-23 14:09:25.855001+00:00", "RecordID": "26", "Level": "4", "UserID": "S-1-5-19"}
{"EventID": "1001", "Channel": "Microsoft-Windows-Fault-Tolerant-Heap/Operational", "Provider_Name": "Microsoft-Windows-Fault-Tolerant-Heap", "Computer": "DESKTOP-OFJ6N53", "TimeCreated": "2024-12-30 14:59:29.215462+00:00", "RecordID": "27", "Level": "4", "UserID": "S-1-5-19"}
{"EventID": "1002", "Channel": "Microsoft-Windows-Fault-Tolerant-Heap/Operational", "Provider_Name": "Microsoft-Windows-Fault-Tolerant-Heap", "Computer": "DESKTOP-OFJ6N53", "TimeCreated": "2025-01-09 14:54:49.287186+00:00", "RecordID": "28", "Level": "4", "UserID": "S-1-5-19"}
{"EventID": "1001", "Channel": "Microsoft-Windows-Fault-Tolerant-Heap/Operational", "Provider_Name": "Microsoft-Windows-Fault-Tolerant-Heap", "Computer": "DESKTOP-OFJ6N53", "TimeCreated": "2025-01-17 23:36:59.059536+00:00", "RecordID": "29", "Level": "4", "UserID": "S-1-5-19"}
{"EventID": "1002", "Channel": "Microsoft-Windows-Fault-Tolerant-Heap/Operational", "Provider_Name": "Microsoft-Windows-Fault-Tolerant-Heap", "Computer": "DESKTOP-OFJ6N53", "TimeCreated": "2025-01-24 12:02:47.954098+00:00", "RecordID": "30", "Level": "4", "UserID": "S-1-5-19"}
{"EventID": "1001", "Channel": "Microsoft-Windows-Fault-Tolerant-Heap/Operational", "Provider_Name": "Microsoft-Windows-Fault-Tolerant-Heap", "Computer": "DESKTOP-OFJ6N53", "TimeCreated": "2025-02-09 14:12:53.777941+00:00", "RecordID": "31", "Level": "4", "UserID": "S-1-5-19"}
{"EventID": "1002", "Channel": "Microsoft-Windows-Fault-Tolerant-Heap/Operational", "Provider_Name": "Microsoft-Windows-Fault-Tolerant-Heap", "Computer": "DESKTOP-OFJ6N53", "TimeCreated": "2025-02-12 14:54:02.380758+00:00", "RecordID": "32", "Level": "4", "UserID": "S-1-5-19"}
{"EventID": "1001", "Channel": "Microsoft-Windows-Fault-Tolerant-Heap/Operational", "Provider_Name": "Microsoft-Windows-Fault-Tolerant-Heap", "Computer": "DESKTOP-OFJ6N53", "TimeCreated": "2025-02-20 20:27:43.740568+00:00", "RecordID": "33", "Level": "4", "UserID": "S-1-5-19"}
{"EventID": "1002", "Channel": "Microsoft-Windows-Fault-Tolerant-Heap/Operational", "Provider_Name": "Microsoft-Windows-Fault-Tolerant-Heap", "Computer": "DESKTOP-OFJ6N53", "TimeCreated": "2025-03-07 15:03:28.908236+00:00", "RecordID": "34", "Level": "4", "UserID": "S-1-5-19"}
{"EventID": "1001", "Channel": "Microsoft-Windows-Fault-Tolerant-Heap/Operational", "Provider_Name": "Microsoft-Windows-Fault-Tolerant-Heap", "Computer": "DESKTOP-OFJ6N53", "TimeCreated": "2025-04-02 09:55:31.372675+00:00", "RecordID": "35", "Level": "4", "UserID": "S-1-5-19"}
{"EventID": "1002", "Channel": "Microsoft-Windows-Fault-Tolerant-Heap/Operational", "Provider_Name": "Microsoft-Windows-Fault-Tolerant-Heap", "Computer": "DESKTOP-OFJ6N53", "TimeCreated": "2025-04-02 09:57:14.308521+00:00", "RecordID": "36", "Level": "4", "UserID": "S-1-5-19"}
{"EventID": "1001", "Channel": "Microsoft-Windows-Fault-Tolerant-Heap/Operational", "Provider_Name": "Microsoft-Windows-Fault-Tolerant-Heap", "Computer": "DESKTOP-OFJ6N53", "TimeCreated": "2025-04-02 10:06:57.017433+00:00", "RecordID": "37", "Level": "4", "UserID": "S-1-5-19"}
{"EventID": "1002", "Channel": "Microsoft-Windows-Fault-Tolerant-Heap/Operational", "Provider_Name": "Microsoft-Windows-Fault-Tolerant-Heap", "Computer": "DESKTOP-OFJ6N53", "TimeCreated": "2025-04-02 10:08:00.688643+00:00", "RecordID": "38", "Level": "4", "UserID": "S-1-5-19"}
{"EventID": "1001", "Channel": "Microsoft-Windows-Fault-Tolerant-Heap/Operational", "Provider_Name": "Microsoft-Windows-Fault-Tolerant-Heap", "Computer": "DESKTOP-OFJ6N53", "TimeCreated": "2025-04-03 13:12:28.330751+00:00", "RecordID": "39", "Level": "4", "UserID": "S-1-5-19"}
{"EventID": "1002", "Channel": "Microsoft-Windows-Fault-Tolerant-Heap/Operational", "Provider_Name": "Microsoft-Windows-Fault-Tolerant-Heap", "Computer": "DESKTOP-OFJ6N53", "TimeCreated": "2025-04-09 14:35:08.825888+00:00", "RecordID": "40", "Level": "4", "UserID": "S-1-5-19"}
{"EventID": "1001", "Channel": "Microsoft-Windows-Fault-Tolerant-Heap/Operational", "Provider_Name": "Microsoft-Windows-Fault-Tolerant-Heap", "Computer": "DESKTOP-OFJ6N53", "TimeCreated": "2025-07-17 10:03:15.365965+00:00", "RecordID": "41", "Level": "4", "UserID": "S-1-5-19"}
{"EventID": "1002", "Channel": "Microsoft-Windows-Fault-Tolerant-Heap/Operational", "Provider_Name": "Microsoft-Windows-Fault-Tolerant-Heap", "Computer": "DESKTOP-OFJ6N53", "TimeCreated": "2025-07-24 21:29:09.083662+00:00", "RecordID": "42", "Level": "4", "UserID": "S-1-5-19"}
{"EventID": "1001", "Channel": "Microsoft-Windows-Fault-Tolerant-Heap/Operational", "Provider_Name": "Microsoft-Windows-Fault-Tolerant-Heap", "Computer": "DESKTOP-OFJ6N53", "TimeCreated": "2025-08-01 08:24:42.370813+00:00", "RecordID": "43", "Level": "4", "UserID": "S-1-5-19"}
{"EventID": "1002", "Channel": "Microsoft-Windows-Fault-Tolerant-Heap/Operational", "Provider_Name": "Microsoft-Windows-Fault-Tolerant-Heap", "Computer": "DESKTOP-OFJ6N53", "TimeCreated": "2025-08-12 12:17:02.429049+00:00", "RecordID": "44", "Level": "4", "UserID": "S-1-5-19"}
{"EventID": "1001", "Channel": "Microsoft-Windows-Fault-Tolerant-Heap/Operational", "Provider_Name": "Microsoft-Windows-Fault-Tolerant-Heap", "Computer": "DESKTOP-OFJ6N53", "TimeCreated": "2025-08-13 18:48:33.724884+00:00", "RecordID": "45", "Level": "4", "UserID": "S-1-5-19"}
{"EventID": "1002", "Channel": "Microsoft-Windows-Fault-Tolerant-Heap/Operational", "Provider_Name": "Microsoft-Windows-Fault-Tolerant-Heap", "Computer": "DESKTOP-OFJ6N53", "TimeCreated": "2025-08-19 07:18:22.065416+00:00", "RecordID": "46", "Level": "4", "UserID": "S-1-5-19"}
{"EventID": "1001", "Channel": "Microsoft-Windows-Fault-Tolerant-Heap/Operational", "Provider_Name": "Microsoft-Windows-Fault-Tolerant-Heap", "Computer": "DESKTOP-OFJ6N53", "TimeCreated": "2025-08-23 13:10:17.491383+00:00", "RecordID": "47", "Level": "4", "UserID": "S-1-5-19"}
{"EventID": "1002", "Channel": "Microsoft-Windows-Fault-Tolerant-Heap/Operational", "Provider_Name": "Microsoft-Windows-Fault-Tolerant-Heap", "Computer": "DESKTOP-OFJ6N53", "TimeCreated": "2025-08-23 20:32:33.489584+00:00", "RecordID": "48", "Level": "4", "UserID": "S-1-5-19"}
