{"EventID": "1", "Channel": "Microsoft-Windows-Security-LessPrivilegedAppContainer/Operational", "Provider_Name": "Microsoft-Windows-Security-LessPrivilegedAppContainer", "Computer": "DESKTOP-OFJ6N53", "TimeCreated": "2025-08-18 12:11:34.510506+00:00", "RecordID": "898", "Level": "2", "UserID": "S-1-5-21-963789628-1060504924-4285088085-1001", "EventData.FailureTime": "2025-08-18 12:11:34.510502+00:00", "EventData.StackHash": "0xb2b0f082"}
{"EventID": "1", "Channel": "Microsoft-Windows-Security-LessPrivilegedAppContainer/Operational", "Provider_Name": "Microsoft-Windows-Security-LessPrivilegedAppContainer", "Computer": "DESKTOP-OFJ6N53", "TimeCreated": "2025-08-19 04:44:33.454828+00:00", "RecordID": "899", "Level": "2", "UserID": "S-1-5-21-963789628-1060504924-4285088085-1001", "EventData.FailureTime": "2025-08-19 04:44:33.454824+00:00", "EventData.StackHash": "0x03a4bc56"}
{"EventID": "1", "Channel": "Microsoft-Windows-Security-LessPrivilegedAppContainer/Operational", "Provider_Name": "Microsoft-Windows-Security-LessPrivilegedAppContainer", "Computer": "DESKTOP-OFJ6N53", "TimeCreated": "2025-08-19 04:44:33.455709+00:00", "RecordID": "900", "Level": "2", "UserID": "S-1-5-21-963789628-1060504924-4285088085-1001", "EventData.FailureTime": "2025-08-19 04:44:33.455706+00:00", "EventData.StackHash": "0x03a4bc56"}
{"EventID": "1", "Channel": "Microsoft-Windows-Security-LessPrivilegedAppContainer/Operational", "Provider_Name": "Microsoft-Windows-Security-LessPrivilegedAppContainer", "Computer": "DESKTOP-OFJ6N53", "TimeCreated": "2025-08-20 07:53:24.094383+00:00", "RecordID": "901", "Level": "2", "UserID": "S-1-5-21-963789628-1060504924-4285088085-1001", "EventData.FailureTime": "2025-08-20 07:53:24.094378+00:00", "EventData.StackHash": "0x8424bc56"}
{"EventID": "1", "Channel": "Microsoft-Windows-Security-LessPrivilegedAppContainer/Operational", "Provider_Name": "Microsoft-Windows-Security-LessPrivilegedAppContainer", "Computer": "DESKTOP-OFJ6N53", "TimeCreated": "2025-08-20 07:53:24.197214+00:00", "RecordID": "902", "Level": "2", "UserID": "S-1-5-21-963789628-1060504924-4285088085-1001", "EventData.FailureTime": "2025-08-20 07:53:24.197210+00:00", "EventData.StackHash": "0xe677d122"}
{"EventID": "1", "Channel": "Microsoft-Windows-Security-LessPrivilegedAppContainer/Operational", "Provider_Name": "Microsoft-Windows-Security-LessPrivilegedAppContainer", "Computer": "DESKTOP-OFJ6N53", "TimeCreated": "2025-08-20 07:53:24.198973+00:00", "RecordID": "903", "Level": "2", "UserID": "S-1-5-21-963789628-1060504924-4285088085-1001", "EventData.FailureTime": "2025-08-20 07:53:24.198969+00:00", "EventData.StackHash": "0x73712162"}
{"EventID": "1", "Channel": "Microsoft-Windows-Security-LessPrivilegedAppContainer/Operational", "Provider_Name": "Microsoft-Windows-Security-LessPrivilegedAppContainer", "Computer": "DESKTOP-OFJ6N53", "TimeCreated": "2025-08-20 11:03:42.430763+00:00", "RecordID": "904", "Level": "2", "UserID": "S-1-5-21-963789628-1060504924-4285088085-1001", "EventData.FailureTime": "2025-08-20 11:03:42.430761+00:00", "EventData.StackHash": "0x8424bc56"}
{"EventID": "1", "Channel": "Microsoft-Windows-Security-LessPrivilegedAppContainer/Operational", "Provider_Name": "Microsoft-Windows-Security-LessPrivilegedAppContainer", "Computer": "DESKTOP-OFJ6N53", "TimeCreated": "2025-08-23 15:39:44.989204+00:00", "RecordID": "905", "Level": "2", "UserID": "S-1-5-21-963789628-1060504924-4285088085-1001", "EventData.FailureTime": "2025-08-23 15:39:44.989201+00:00", "EventData.StackHash": "0x76a4bc56"}
{"EventID": "1", "Channel": "Microsoft-Windows-Security-LessPrivilegedAppContainer/Operational", "Provider_Name": "Microsoft-Windows-Security-LessPrivilegedAppContainer", "Computer": "DESKTOP-OFJ6N53", "TimeCreated": "2025-08-23 15:39:45.176620+00:00", "RecordID": "906", "Level": "2", "UserID": "S-1-5-21-963789628-1060504924-4285088085-1001", "EventData.FailureTime": "2025-08-23 15:39:45.176619+00:00", "EventData.StackHash": "0xd597d182"}
{"EventID": "1", "Channel": "Microsoft-Windows-Security-LessPrivilegedAppContainer/Operational", "Provider_Name": "Microsoft-Windows-Security-LessPrivilegedAppContainer", "Computer": "DESKTOP-OFJ6N53", "TimeCreated": "2025-08-23 15:39:45.178036+00:00", "RecordID": "907", "Level": "2", "UserID": "S-1-5-21-963789628-1060504924-4285088085-1001", "EventData.FailureTime": "2025-08-23 15:39:45.178034+00:00", "EventData.StackHash": "0x5f312d52"}
{"EventID": "1", "Channel": "Microsoft-Windows-Security-LessPrivilegedAppContainer/Operational", "Provider_Name": "Microsoft-Windows-Security-LessPrivilegedAppContainer", "Computer": "DESKTOP-OFJ6N53", "TimeCreated": "2025-08-23 16:03:23.404848+00:00", "RecordID": "908", "Level": "2", "UserID": "S-1-5-21-963789628-1060504924-4285088085-1001", "EventData.FailureTime": "2025-08-23 16:03:23.404846+00:00", "EventData.StackHash": "0x76a4bc56"}
{"EventID": "1", "Channel": "Microsoft-Windows-Security-LessPrivilegedAppContainer/Operational", "Provider_Name": "Microsoft-Windows-Security-LessPrivilegedAppContainer", "Computer": "DESKTOP-OFJ6N53", "TimeCreated": "2025-08-23 16:03:24.588041+00:00", "RecordID": "909", "Level": "2", "UserID": "S-1-5-21-963789628-1060504924-4285088085-1001", "EventData.FailureTime": "2025-08-23 16:03:24.588037+00:00", "EventData.StackHash": "0x57c3413f"}
{"EventID": "1", "Channel": "Microsoft-Windows-Security-LessPrivilegedAppContainer/Operational", "Provider_Name": "Microsoft-Windows-Security-LessPrivilegedAppContainer", "Computer": "DESKTOP-OFJ6N53", "TimeCreated": "2025-08-23 16:03:24.593157+00:00", "RecordID": "910", "Level": "2", "UserID": "S-1-5-21-963789628-1060504924-4285088085-1001", "EventData.FailureTime": "2025-08-23 16:03:24.593155+00:00", "EventData.StackHash": "0x76a4bc56"}
{"EventID": "1", "Channel": "Microsoft-Windows-Security-LessPrivilegedAppContainer/Operational", "Provider_Name": "Microsoft-Windows-Security-LessPrivilegedAppContainer", "Computer": "DESKTOP-OFJ6N53", "TimeCreated": "2025-08-23 16:03:25.128109+00:00", "RecordID": "911", "Level": "2", "UserID": "S-1-5-21-963789628-1060504924-4285088085-1001", "EventData.FailureTime": "2025-08-23 16:03:25.128107+00:00", "EventData.StackHash": "0x57c3413f"}
{"EventID": "1", "Channel": "Microsoft-Windows-Security-LessPrivilegedAppContainer/Operational", "Provider_Name": "Microsoft-Windows-Security-LessPrivilegedAppContainer", "Computer": "DESKTOP-OFJ6N53", "TimeCreated": "2025-08-23 20:31:56.529963+00:00", "RecordID": "912", "Level": "2", "UserID": "S-1-5-21-963789628-1060504924-4285088085-1001", "EventData.FailureTime": "2025-08-23 20:31:56.529959+00:00", "EventData.StackHash": "0x76a4bc56"}
{"EventID": "1", "Channel": "Microsoft-Windows-Security-LessPrivilegedAppContainer/Operational", "Provider_Name": "Microsoft-Windows-Security-LessPrivilegedAppContainer", "Computer": "DESKTOP-OFJ6N53", "TimeCreated": "2025-08-23 20:31:56.556883+00:00", "RecordID": "913", "Level": "2", "UserID": "S-1-5-21-963789628-1060504924-4285088085-1001", "EventData.FailureTime": "2025-08-23 20:31:56.556879+00:00", "EventData.StackHash": "0x76a4bc56"}
{"EventID": "1", "Channel": "Microsoft-Windows-Security-LessPrivilegedAppContainer/Operational", "Provider_Name": "Microsoft-Windows-Security-LessPrivilegedAppContainer", "Computer": "DESKTOP-OFJ6N53", "TimeCreated": "2025-08-23 20:31:56.558107+00:00", "RecordID": "914", "Level": "2", "UserID": "S-1-5-21-963789628-1060504924-4285088085-1001", "EventData.FailureTime": "2025-08-23 20:31:56.558107+00:00", "EventData.StackHash": "0x76a4bc56"}
