{"EventID": "10", "Channel": "Microsoft-Windows-WindowsSystemAssessmentTool/Operational", "Provider_Name": "Microsoft-Windows-WindowsSystemAssessmentTool", "Computer": "DESKTOP-OFJ6N53", "TimeCreated": "2022-06-05 09:35:46.637968+00:00", "RecordID": "138", "Level": "4", "UserID": "S-1-5-21-963789628-1060504924-4285088085-1001", "EventData.PhaseID": "20"}
{"EventID": "10", "Channel": "Microsoft-Windows-WindowsSystemAssessmentTool/Operational", "Provider_Name": "Microsoft-Windows-WindowsSystemAssessmentTool", "Computer": "DESKTOP-OFJ6N53", "TimeCreated": "2022-06-05 09:35:46.641476+00:00", "RecordID": "139", "Level": "4", "UserID": "S-1-5-21-963789628-1060504924-4285088085-1001", "EventData.PhaseID": "10"}
{"EventID": "9", "Channel": "Microsoft-Windows-WindowsSystemAssessmentTool/Operational", "Provider_Name": "Microsoft-Windows-WindowsSystemAssessmentTool", "Computer": "DESKTOP-OFJ6N53", "TimeCreated": "2022-06-05 09:35:46.641478+00:00", "RecordID": "140", "Level": "4", "UserID": "S-1-5-21-963789628-1060504924-4285088085-1001", "EventData.PhaseID": "30", "EventData.DescriptionSize": "19", "EventData.Description": "Gathering Key Info"}
{"EventID": "9", "Channel": "Microsoft-Windows-WindowsSystemAssessmentTool/Operational", "Provider_Name": "Microsoft-Windows-WindowsSystemAssessmentTool", "Computer": "DESKTOP-OFJ6N53", "TimeCreated": "2022-06-05 09:35:46.641483+00:00", "RecordID": "141", "Level": "4", "UserID": "S-1-5-21-963789628-1060504924-4285088085-1001", "EventData.PhaseID": "40", "EventData.DescriptionSize": "23", "EventData.Description": "Gather CPU information"}
{"EventID": "10", "Channel": "Microsoft-Windows-WindowsSystemAssessmentTool/Operational", "Provider_Name": "Microsoft-Windows-WindowsSystemAssessmentTool", "Computer": "DESKTOP-OFJ6N53", "TimeCreated": "2022-06-05 09:35:47.185690+00:00", "RecordID": "142", "Level": "4", "UserID": "S-1-5-21-963789628-1060504924-4285088085-1001", "EventData.PhaseID": "40"}
{"EventID": "9", "Channel": "Microsoft-Windows-WindowsSystemAssessmentTool/Operational", "Provider_Name": "Microsoft-Windows-WindowsSystemAssessmentTool", "Computer": "DESKTOP-OFJ6N53", "TimeCreated": "2022-06-05 09:35:47.185692+00:00", "RecordID": "143", "Level": "4", "UserID": "S-1-5-21-963789628-1060504924-4285088085-1001", "EventData.PhaseID": "50", "EventData.DescriptionSize": "28", "EventData.Description": "Gather Graphics information"}
{"EventID": "9", "Channel": "Microsoft-Windows-WindowsSystemAssessmentTool/Operational", "Provider_Name": "Microsoft-Windows-WindowsSystemAssessmentTool", "Computer": "DESKTOP-OFJ6N53", "TimeCreated": "2022-06-05 09:35:47.185694+00:00", "RecordID": "144", "Level": "4", "UserID": "S-1-5-21-963789628-1060504924-4285088085-1001", "EventData.PhaseID": "60", "EventData.DescriptionSize": "27", "EventData.Description": "Gather Monitor information"}
{"EventID": "10", "Channel": "Microsoft-Windows-WindowsSystemAssessmentTool/Operational", "Provider_Name": "Microsoft-Windows-WindowsSystemAssessmentTool", "Computer": "DESKTOP-OFJ6N53", "TimeCreated": "2022-06-05 09:35:47.185722+00:00", "RecordID": "145", "Level": "4", "UserID": "S-1-5-21-963789628-1060504924-4285088085-1001", "EventData.PhaseID": "60"}
{"EventID": "9", "Channel": "Microsoft-Windows-WindowsSystemAssessmentTool/Operational", "Provider_Name": "Microsoft-Windows-WindowsSystemAssessmentTool", "Computer": "DESKTOP-OFJ6N53", "TimeCreated": "2022-06-05 09:35:47.185722+00:00", "RecordID": "146", "Level": "4", "UserID": "S-1-5-21-963789628-1060504924-4285088085-1001", "EventData.PhaseID": "70", "EventData.DescriptionSize": "17", "EventData.Description": "Initializing DX9"}
{"EventID": "10", "Channel": "Microsoft-Windows-WindowsSystemAssessmentTool/Operational", "Provider_Name": "Microsoft-Windows-WindowsSystemAssessmentTool", "Computer": "DESKTOP-OFJ6N53", "TimeCreated": "2022-06-05 09:35:47.185724+00:00", "RecordID": "147", "Level": "4", "UserID": "S-1-5-21-963789628-1060504924-4285088085-1001", "EventData.PhaseID": "70"}
{"EventID": "9", "Channel": "Microsoft-Windows-WindowsSystemAssessmentTool/Operational", "Provider_Name": "Microsoft-Windows-WindowsSystemAssessmentTool", "Computer": "DESKTOP-OFJ6N53", "TimeCreated": "2022-06-05 09:35:47.185726+00:00", "RecordID": "148", "Level": "4", "UserID": "S-1-5-21-963789628-1060504924-4285088085-1001", "EventData.PhaseID": "80", "EventData.DescriptionSize": "28", "EventData.Description": "Get DX9 Device capabilities"}
{"EventID": "10", "Channel": "Microsoft-Windows-WindowsSystemAssessmentTool/Operational", "Provider_Name": "Microsoft-Windows-WindowsSystemAssessmentTool", "Computer": "DESKTOP-OFJ6N53", "TimeCreated": "2022-06-05 09:35:47.241671+00:00", "RecordID": "149", "Level": "4", "UserID": "S-1-5-21-963789628-1060504924-4285088085-1001", "EventData.PhaseID": "80"}
{"EventID": "9", "Channel": "Microsoft-Windows-WindowsSystemAssessmentTool/Operational", "Provider_Name": "Microsoft-Windows-WindowsSystemAssessmentTool", "Computer": "DESKTOP-OFJ6N53", "TimeCreated": "2022-06-05 09:35:47.241673+00:00", "RecordID": "150", "Level": "4", "UserID": "S-1-5-21-963789628-1060504924-4285088085-1001", "EventData.PhaseID": "90", "EventData.DescriptionSize": "24", "EventData.Description": "Get Adapter Description"}
{"EventID": "10", "Channel": "Microsoft-Windows-WindowsSystemAssessmentTool/Operational", "Provider_Name": "Microsoft-Windows-WindowsSystemAssessmentTool", "Computer": "DESKTOP-OFJ6N53", "TimeCreated": "2022-06-05 09:35:47.256502+00:00", "RecordID": "151", "Level": "4", "UserID": "S-1-5-21-963789628-1060504924-4285088085-1001", "EventData.PhaseID": "90"}
{"EventID": "9", "Channel": "Microsoft-Windows-WindowsSystemAssessmentTool/Operational", "Provider_Name": "Microsoft-Windows-WindowsSystemAssessmentTool", "Computer": "DESKTOP-OFJ6N53", "TimeCreated": "2022-06-05 09:35:47.256504+00:00", "RecordID": "152", "Level": "4", "UserID": "S-1-5-21-963789628-1060504924-4285088085-1001", "EventData.PhaseID": "100", "EventData.DescriptionSize": "19", "EventData.Description": "Get shader support"}
{"EventID": "10", "Channel": "Microsoft-Windows-WindowsSystemAssessmentTool/Operational", "Provider_Name": "Microsoft-Windows-WindowsSystemAssessmentTool", "Computer": "DESKTOP-OFJ6N53", "TimeCreated": "2022-06-05 09:35:47.256525+00:00", "RecordID": "153", "Level": "4", "UserID": "S-1-5-21-963789628-1060504924-4285088085-1001", "EventData.PhaseID": "100"}
{"EventID": "9", "Channel": "Microsoft-Windows-WindowsSystemAssessmentTool/Operational", "Provider_Name": "Microsoft-Windows-WindowsSystemAssessmentTool", "Computer": "DESKTOP-OFJ6N53", "TimeCreated": "2022-06-05 09:35:47.256525+00:00", "RecordID": "154", "Level": "4", "UserID": "S-1-5-21-963789628-1060504924-4285088085-1001", "EventData.PhaseID": "110", "EventData.DescriptionSize": "17", "EventData.Description": "Get WDDM support"}
{"EventID": "10", "Channel": "Microsoft-Windows-WindowsSystemAssessmentTool/Operational", "Provider_Name": "Microsoft-Windows-WindowsSystemAssessmentTool", "Computer": "DESKTOP-OFJ6N53", "TimeCreated": "2022-06-05 09:35:47.256525+00:00", "RecordID": "155", "Level": "4", "UserID": "S-1-5-21-963789628-1060504924-4285088085-1001", "EventData.PhaseID": "110"}
{"EventID": "10", "Channel": "Microsoft-Windows-WindowsSystemAssessmentTool/Operational", "Provider_Name": "Microsoft-Windows-WindowsSystemAssessmentTool", "Computer": "DESKTOP-OFJ6N53", "TimeCreated": "2022-06-05 09:35:47.272543+00:00", "RecordID": "156", "Level": "4", "UserID": "S-1-5-21-963789628-1060504924-4285088085-1001", "EventData.PhaseID": "50"}
{"EventID": "10", "Channel": "Microsoft-Windows-WindowsSystemAssessmentTool/Operational", "Provider_Name": "Microsoft-Windows-WindowsSystemAssessmentTool", "Computer": "DESKTOP-OFJ6N53", "TimeCreated": "2022-06-05 09:35:47.272549+00:00", "RecordID": "157", "Level": "4", "UserID": "S-1-5-21-963789628-1060504924-4285088085-1001", "EventData.PhaseID": "30"}
{"EventID": "9", "Channel": "Microsoft-Windows-WindowsSystemAssessmentTool/Operational", "Provider_Name": "Microsoft-Windows-WindowsSystemAssessmentTool", "Computer": "DESKTOP-OFJ6N53", "TimeCreated": "2022-06-05 09:35:47.275724+00:00", "RecordID": "158", "Level": "4", "UserID": "S-1-5-21-963789628-1060504924-4285088085-1001", "EventData.PhaseID": "1001", "EventData.DescriptionSize": "27", "EventData.Description": "Run Assessment, features,"}
{"EventID": "9", "Channel": "Microsoft-Windows-WindowsSystemAssessmentTool/Operational", "Provider_Name": "Microsoft-Windows-WindowsSystemAssessmentTool", "Computer": "DESKTOP-OFJ6N53", "TimeCreated": "2022-06-05 09:35:47.293554+00:00", "RecordID": "159", "Level": "4", "UserID": "S-1-5-21-963789628-1060504924-4285088085-1001", "EventData.PhaseID": "120", "EventData.DescriptionSize": "33", "EventData.Description": "Get graphics adapter information"}
{"EventID": "10", "Channel": "Microsoft-Windows-WindowsSystemAssessmentTool/Operational", "Provider_Name": "Microsoft-Windows-WindowsSystemAssessmentTool", "Computer": "DESKTOP-OFJ6N53", "TimeCreated": "2022-06-05 09:35:47.298122+00:00", "RecordID": "160", "Level": "4", "UserID": "S-1-5-21-963789628-1060504924-4285088085-1001", "EventData.PhaseID": "120"}
{"EventID": "10", "Channel": "Microsoft-Windows-WindowsSystemAssessmentTool/Operational", "Provider_Name": "Microsoft-Windows-WindowsSystemAssessmentTool", "Computer": "DESKTOP-OFJ6N53", "TimeCreated": "2022-06-05 09:35:47.302668+00:00", "RecordID": "161", "Level": "4", "UserID": "S-1-5-21-963789628-1060504924-4285088085-1001", "EventData.PhaseID": "1001"}
{"EventID": "9", "Channel": "Microsoft-Windows-WindowsSystemAssessmentTool/Operational", "Provider_Name": "Microsoft-Windows-WindowsSystemAssessmentTool", "Computer": "DESKTOP-OFJ6N53", "TimeCreated": "2022-06-05 09:35:47.302670+00:00", "RecordID": "162", "Level": "4", "UserID": "S-1-5-21-963789628-1060504924-4285088085-1001", "EventData.PhaseID": "1005", "EventData.DescriptionSize": "175", "EventData.Description": "Run Assessment, dwm, -aname DWM -time 10 -fbc 10 -disp off -normalw 1 -alphaw 2 -width 1280 -height 1024 -winwidth C(1144) -winheight C(915) -rendertotex 6 -rtdelta 3 -nolock"}
{"EventID": "10", "Channel": "Microsoft-Windows-WindowsSystemAssessmentTool/Operational", "Provider_Name": "Microsoft-Windows-WindowsSystemAssessmentTool", "Computer": "DESKTOP-OFJ6N53", "TimeCreated": "2022-06-05 09:35:59.462317+00:00", "RecordID": "163", "Level": "4", "UserID": "S-1-5-21-963789628-1060504924-4285088085-1001", "EventData.PhaseID": "1005"}
{"EventID": "9", "Channel": "Microsoft-Windows-WindowsSystemAssessmentTool/Operational", "Provider_Name": "Microsoft-Windows-WindowsSystemAssessmentTool", "Computer": "DESKTOP-OFJ6N53", "TimeCreated": "2022-06-05 09:35:59.462318+00:00", "RecordID": "164", "Level": "4", "UserID": "S-1-5-21-963789628-1060504924-4285088085-1001", "EventData.PhaseID": "1006", "EventData.DescriptionSize": "179", "EventData.Description": "Run Assessment, d3d, -aname Batch -time 5 -fbc 10 -disp off -animate 10 -width 1280 -height 1024 -totalobj 300 -batchcnt C(10) -objs C(26) -rendertotex 6 -rtdelta 3 -texpobj C(1)"}
{"EventID": "10", "Channel": "Microsoft-Windows-WindowsSystemAssessmentTool/Operational", "Provider_Name": "Microsoft-Windows-WindowsSystemAssessmentTool", "Computer": "DESKTOP-OFJ6N53", "TimeCreated": "2022-06-05 09:35:59.582256+00:00", "RecordID": "165", "Level": "4", "UserID": "S-1-5-21-963789628-1060504924-4285088085-1001", "EventData.PhaseID": "1006"}
{"EventID": "9", "Channel": "Microsoft-Windows-WindowsSystemAssessmentTool/Operational", "Provider_Name": "Microsoft-Windows-WindowsSystemAssessmentTool", "Computer": "DESKTOP-OFJ6N53", "TimeCreated": "2022-06-05 09:35:59.582260+00:00", "RecordID": "166", "Level": "4", "UserID": "S-1-5-21-963789628-1060504924-4285088085-1001", "EventData.PhaseID": "1006", "EventData.DescriptionSize": "179", "EventData.Description": "Run Assessment, d3d, -aname Alpha -time 5 -fbc 10 -disp off -animate 10 -width 1280 -height 1024 -totalobj 300 -batchcnt C(75) -objs C(26) -rendertotex 6 -rtdelta 3 -texpobj C(1)"}
{"EventID": "10", "Channel": "Microsoft-Windows-WindowsSystemAssessmentTool/Operational", "Provider_Name": "Microsoft-Windows-WindowsSystemAssessmentTool", "Computer": "DESKTOP-OFJ6N53", "TimeCreated": "2022-06-05 09:35:59.695606+00:00", "RecordID": "167", "Level": "4", "UserID": "S-1-5-21-963789628-1060504924-4285088085-1001", "EventData.PhaseID": "1006"}
{"EventID": "9", "Channel": "Microsoft-Windows-WindowsSystemAssessmentTool/Operational", "Provider_Name": "Microsoft-Windows-WindowsSystemAssessmentTool", "Computer": "DESKTOP-OFJ6N53", "TimeCreated": "2022-06-05 09:35:59.695608+00:00", "RecordID": "168", "Level": "4", "UserID": "S-1-5-21-963789628-1060504924-4285088085-1001", "EventData.PhaseID": "1006", "EventData.DescriptionSize": "211", "EventData.Description": "Run Assessment, d3d, -aname Tex -time 5 -fbc 10 -disp off -animate 10 -width 1280 -height 1024 -totalobj 500 -batchcnt C(125) -objs C(20) -noalpha -texshader -totaltex 10 -texpobj C(4) -rendertotex 6 -rtdelta 3"}
{"EventID": "10", "Channel": "Microsoft-Windows-WindowsSystemAssessmentTool/Operational", "Provider_Name": "Microsoft-Windows-WindowsSystemAssessmentTool", "Computer": "DESKTOP-OFJ6N53", "TimeCreated": "2022-06-05 09:35:59.864902+00:00", "RecordID": "169", "Level": "4", "UserID": "S-1-5-21-963789628-1060504924-4285088085-1001", "EventData.PhaseID": "1006"}
{"EventID": "9", "Channel": "Microsoft-Windows-WindowsSystemAssessmentTool/Operational", "Provider_Name": "Microsoft-Windows-WindowsSystemAssessmentTool", "Computer": "DESKTOP-OFJ6N53", "TimeCreated": "2022-06-05 09:35:59.864906+00:00", "RecordID": "170", "Level": "4", "UserID": "S-1-5-21-963789628-1060504924-4285088085-1001", "EventData.PhaseID": "1006", "EventData.DescriptionSize": "211", "EventData.Description": "Run Assessment, d3d, -aname ALU -time 5 -fbc 10 -disp off -animate 10 -width 1280 -height 1024 -totalobj 500 -batchcnt C(125) -objs C(20) -noalpha -alushader -totaltex 10 -texpobj C(1) -rendertotex 6 -rtdelta 3"}
{"EventID": "10", "Channel": "Microsoft-Windows-WindowsSystemAssessmentTool/Operational", "Provider_Name": "Microsoft-Windows-WindowsSystemAssessmentTool", "Computer": "DESKTOP-OFJ6N53", "TimeCreated": "2022-06-05 09:36:00.040329+00:00", "RecordID": "171", "Level": "4", "UserID": "S-1-5-21-963789628-1060504924-4285088085-1001", "EventData.PhaseID": "1006"}
{"EventID": "9", "Channel": "Microsoft-Windows-WindowsSystemAssessmentTool/Operational", "Provider_Name": "Microsoft-Windows-WindowsSystemAssessmentTool", "Computer": "DESKTOP-OFJ6N53", "TimeCreated": "2022-06-05 09:36:00.040333+00:00", "RecordID": "172", "Level": "4", "UserID": "S-1-5-21-963789628-1060504924-4285088085-1001", "EventData.PhaseID": "1006", "EventData.DescriptionSize": "186", "EventData.Description": "Run Assessment, d3d, -dx10  -aname Batch -time 5 -fbc 10 -disp off -animate 10 -width 1280 -height 1024 -totalobj 300 -batchcnt C(10) -objs C(26) -rendertotex 6 -rtdelta 3 -texpobj C(1)"}
{"EventID": "10", "Channel": "Microsoft-Windows-WindowsSystemAssessmentTool/Operational", "Provider_Name": "Microsoft-Windows-WindowsSystemAssessmentTool", "Computer": "DESKTOP-OFJ6N53", "TimeCreated": "2022-06-05 09:36:00.044424+00:00", "RecordID": "173", "Level": "4", "UserID": "S-1-5-21-963789628-1060504924-4285088085-1001", "EventData.PhaseID": "1006"}
{"EventID": "9", "Channel": "Microsoft-Windows-WindowsSystemAssessmentTool/Operational", "Provider_Name": "Microsoft-Windows-WindowsSystemAssessmentTool", "Computer": "DESKTOP-OFJ6N53", "TimeCreated": "2022-06-05 09:36:00.044483+00:00", "RecordID": "174", "Level": "4", "UserID": "S-1-5-21-963789628-1060504924-4285088085-1001", "EventData.PhaseID": "1006", "EventData.DescriptionSize": "186", "EventData.Description": "Run Assessment, d3d, -dx10  -aname Alpha -time 5 -fbc 10 -disp off -animate 10 -width 1280 -height 1024 -totalobj 300 -batchcnt C(75) -objs C(26) -rendertotex 6 -rtdelta 3 -texpobj C(1)"}
{"EventID": "10", "Channel": "Microsoft-Windows-WindowsSystemAssessmentTool/Operational", "Provider_Name": "Microsoft-Windows-WindowsSystemAssessmentTool", "Computer": "DESKTOP-OFJ6N53", "TimeCreated": "2022-06-05 09:36:00.047930+00:00", "RecordID": "175", "Level": "4", "UserID": "S-1-5-21-963789628-1060504924-4285088085-1001", "EventData.PhaseID": "1006"}
{"EventID": "9", "Channel": "Microsoft-Windows-WindowsSystemAssessmentTool/Operational", "Provider_Name": "Microsoft-Windows-WindowsSystemAssessmentTool", "Computer": "DESKTOP-OFJ6N53", "TimeCreated": "2022-06-05 09:36:00.047930+00:00", "RecordID": "176", "Level": "4", "UserID": "S-1-5-21-963789628-1060504924-4285088085-1001", "EventData.PhaseID": "1006", "EventData.DescriptionSize": "218", "EventData.Description": "Run Assessment, d3d, -dx10  -aname Tex -time 5 -fbc 10 -disp off -animate 10 -width 1280 -height 1024 -totalobj 500 -batchcnt C(125) -objs C(20) -noalpha -texshader -totaltex 10 -texpobj C(4) -rendertotex 6 -rtdelta 3"}
{"EventID": "10", "Channel": "Microsoft-Windows-WindowsSystemAssessmentTool/Operational", "Provider_Name": "Microsoft-Windows-WindowsSystemAssessmentTool", "Computer": "DESKTOP-OFJ6N53", "TimeCreated": "2022-06-05 09:36:00.135744+00:00", "RecordID": "177", "Level": "4", "UserID": "S-1-5-21-963789628-1060504924-4285088085-1001", "EventData.PhaseID": "1006"}
{"EventID": "9", "Channel": "Microsoft-Windows-WindowsSystemAssessmentTool/Operational", "Provider_Name": "Microsoft-Windows-WindowsSystemAssessmentTool", "Computer": "DESKTOP-OFJ6N53", "TimeCreated": "2022-06-05 09:36:00.135748+00:00", "RecordID": "178", "Level": "4", "UserID": "S-1-5-21-963789628-1060504924-4285088085-1001", "EventData.PhaseID": "1006", "EventData.DescriptionSize": "218", "EventData.Description": "Run Assessment, d3d, -dx10  -aname ALU -time 5 -fbc 10 -disp off -animate 10 -width 1280 -height 1024 -totalobj 500 -batchcnt C(125) -objs C(20) -noalpha -alushader -totaltex 10 -texpobj C(1) -rendertotex 6 -rtdelta 3"}
{"EventID": "10", "Channel": "Microsoft-Windows-WindowsSystemAssessmentTool/Operational", "Provider_Name": "Microsoft-Windows-WindowsSystemAssessmentTool", "Computer": "DESKTOP-OFJ6N53", "TimeCreated": "2022-06-05 09:36:00.138660+00:00", "RecordID": "179", "Level": "4", "UserID": "S-1-5-21-963789628-1060504924-4285088085-1001", "EventData.PhaseID": "1006"}
{"EventID": "9", "Channel": "Microsoft-Windows-WindowsSystemAssessmentTool/Operational", "Provider_Name": "Microsoft-Windows-WindowsSystemAssessmentTool", "Computer": "DESKTOP-OFJ6N53", "TimeCreated": "2022-06-05 09:36:00.138664+00:00", "RecordID": "180", "Level": "4", "UserID": "S-1-5-21-963789628-1060504924-4285088085-1001", "EventData.PhaseID": "1006", "EventData.DescriptionSize": "271", "EventData.Description": "Run Assessment, d3d, -dx10  -aname GeomF4 -time 7 -fbc 10 -disp off -animate 10 -width 1280 -height 1024 -totalobj 150;200;241 -batchcnt C(50);C(200);C(300) -objs C(12);C(26);C(45) -noalpha -geomf4shader -texpobj C(0) -rendertotex 6 -rtdelta 3 -tierframes 60 -tiertime 1"}
{"EventID": "10", "Channel": "Microsoft-Windows-WindowsSystemAssessmentTool/Operational", "Provider_Name": "Microsoft-Windows-WindowsSystemAssessmentTool", "Computer": "DESKTOP-OFJ6N53", "TimeCreated": "2022-06-05 09:36:00.141539+00:00", "RecordID": "181", "Level": "4", "UserID": "S-1-5-21-963789628-1060504924-4285088085-1001", "EventData.PhaseID": "1006"}
{"EventID": "9", "Channel": "Microsoft-Windows-WindowsSystemAssessmentTool/Operational", "Provider_Name": "Microsoft-Windows-WindowsSystemAssessmentTool", "Computer": "DESKTOP-OFJ6N53", "TimeCreated": "2022-06-05 09:36:00.141541+00:00", "RecordID": "182", "Level": "4", "UserID": "S-1-5-21-963789628-1060504924-4285088085-1001", "EventData.PhaseID": "1006", "EventData.DescriptionSize": "269", "EventData.Description": "Run Assessment, d3d, -dx10  -aname GeomV8 -time 7 -fbc 10 -disp off -animate 10 -width 1280 -height 1024 -totalobj 75;100;120 -batchcnt C(25);C(100);C(150) -objs C(8);C(17);C(29) -noalpha -geomv8shader -texpobj C(0) -rendertotex 6 -rtdelta 3 -tierframes 60 -tiertime 1"}
{"EventID": "10", "Channel": "Microsoft-Windows-WindowsSystemAssessmentTool/Operational", "Provider_Name": "Microsoft-Windows-WindowsSystemAssessmentTool", "Computer": "DESKTOP-OFJ6N53", "TimeCreated": "2022-06-05 09:36:00.144621+00:00", "RecordID": "183", "Level": "4", "UserID": "S-1-5-21-963789628-1060504924-4285088085-1001", "EventData.PhaseID": "1006"}
{"EventID": "9", "Channel": "Microsoft-Windows-WindowsSystemAssessmentTool/Operational", "Provider_Name": "Microsoft-Windows-WindowsSystemAssessmentTool", "Computer": "DESKTOP-OFJ6N53", "TimeCreated": "2022-06-05 09:36:00.144621+00:00", "RecordID": "184", "Level": "4", "UserID": "S-1-5-21-963789628-1060504924-4285088085-1001", "EventData.PhaseID": "1006", "EventData.DescriptionSize": "228", "EventData.Description": "Run Assessment, d3d, -dx10  -aname CBuffer -time 5 -fbc 10 -disp off -animate 10 -width 1280 -height 1024 -totalobj 75 -batchcnt C(25) -objs C(8) -rendertotex 6 -rtdelta 3 -texpobj C(1) -cbuffershader -cbufa 2 -cbuff 5 -cbufp 6"}
{"EventID": "10", "Channel": "Microsoft-Windows-WindowsSystemAssessmentTool/Operational", "Provider_Name": "Microsoft-Windows-WindowsSystemAssessmentTool", "Computer": "DESKTOP-OFJ6N53", "TimeCreated": "2022-06-05 09:36:00.147978+00:00", "RecordID": "185", "Level": "4", "UserID": "S-1-5-21-963789628-1060504924-4285088085-1001", "EventData.PhaseID": "1006"}
{"EventID": "9", "Channel": "Microsoft-Windows-WindowsSystemAssessmentTool/Operational", "Provider_Name": "Microsoft-Windows-WindowsSystemAssessmentTool", "Computer": "DESKTOP-OFJ6N53", "TimeCreated": "2022-06-05 09:36:00.147980+00:00", "RecordID": "186", "Level": "4", "UserID": "S-1-5-21-963789628-1060504924-4285088085-1001", "EventData.PhaseID": "1007", "EventData.DescriptionSize": "26", "EventData.Description": "Run Assessment, moobego,"}
{"EventID": "10", "Channel": "Microsoft-Windows-WindowsSystemAssessmentTool/Operational", "Provider_Name": "Microsoft-Windows-WindowsSystemAssessmentTool", "Computer": "DESKTOP-OFJ6N53", "TimeCreated": "2022-06-05 09:36:00.155386+00:00", "RecordID": "187", "Level": "4", "UserID": "S-1-5-21-963789628-1060504924-4285088085-1001", "EventData.PhaseID": "1007"}
{"EventID": "9", "Channel": "Microsoft-Windows-WindowsSystemAssessmentTool/Operational", "Provider_Name": "Microsoft-Windows-WindowsSystemAssessmentTool", "Computer": "DESKTOP-OFJ6N53", "TimeCreated": "2022-06-05 09:36:00.155388+00:00", "RecordID": "188", "Level": "4", "UserID": "S-1-5-21-963789628-1060504924-4285088085-1001", "EventData.PhaseID": "1002", "EventData.DescriptionSize": "37", "EventData.Description": "Run Assessment, cpu, -encryption -up"}
{"EventID": "10", "Channel": "Microsoft-Windows-WindowsSystemAssessmentTool/Operational", "Provider_Name": "Microsoft-Windows-WindowsSystemAssessmentTool", "Computer": "DESKTOP-OFJ6N53", "TimeCreated": "2022-06-05 09:36:03.453377+00:00", "RecordID": "189", "Level": "4", "UserID": "S-1-5-21-963789628-1060504924-4285088085-1001", "EventData.PhaseID": "1002"}
{"EventID": "9", "Channel": "Microsoft-Windows-WindowsSystemAssessmentTool/Operational", "Provider_Name": "Microsoft-Windows-WindowsSystemAssessmentTool", "Computer": "DESKTOP-OFJ6N53", "TimeCreated": "2022-06-05 09:36:03.453382+00:00", "RecordID": "190", "Level": "4", "UserID": "S-1-5-21-963789628-1060504924-4285088085-1001", "EventData.PhaseID": "1002", "EventData.DescriptionSize": "38", "EventData.Description": "Run Assessment, cpu, -compression -up"}
{"EventID": "10", "Channel": "Microsoft-Windows-WindowsSystemAssessmentTool/Operational", "Provider_Name": "Microsoft-Windows-WindowsSystemAssessmentTool", "Computer": "DESKTOP-OFJ6N53", "TimeCreated": "2022-06-05 09:36:13.532936+00:00", "RecordID": "191", "Level": "4", "UserID": "S-1-5-21-963789628-1060504924-4285088085-1001", "EventData.PhaseID": "1002"}
{"EventID": "9", "Channel": "Microsoft-Windows-WindowsSystemAssessmentTool/Operational", "Provider_Name": "Microsoft-Windows-WindowsSystemAssessmentTool", "Computer": "DESKTOP-OFJ6N53", "TimeCreated": "2022-06-05 09:36:13.532938+00:00", "RecordID": "192", "Level": "4", "UserID": "S-1-5-21-963789628-1060504924-4285088085-1001", "EventData.PhaseID": "1002", "EventData.DescriptionSize": "38", "EventData.Description": "Run Assessment, cpu, -encryption2 -up"}
{"EventID": "10", "Channel": "Microsoft-Windows-WindowsSystemAssessmentTool/Operational", "Provider_Name": "Microsoft-Windows-WindowsSystemAssessmentTool", "Computer": "DESKTOP-OFJ6N53", "TimeCreated": "2022-06-05 09:36:16.646591+00:00", "RecordID": "193", "Level": "4", "UserID": "S-1-5-21-963789628-1060504924-4285088085-1001", "EventData.PhaseID": "1002"}
{"EventID": "9", "Channel": "Microsoft-Windows-WindowsSystemAssessmentTool/Operational", "Provider_Name": "Microsoft-Windows-WindowsSystemAssessmentTool", "Computer": "DESKTOP-OFJ6N53", "TimeCreated": "2022-06-05 09:36:16.646595+00:00", "RecordID": "194", "Level": "4", "UserID": "S-1-5-21-963789628-1060504924-4285088085-1001", "EventData.PhaseID": "1002", "EventData.DescriptionSize": "39", "EventData.Description": "Run Assessment, cpu, -compression2 -up"}
{"EventID": "10", "Channel": "Microsoft-Windows-WindowsSystemAssessmentTool/Operational", "Provider_Name": "Microsoft-Windows-WindowsSystemAssessmentTool", "Computer": "DESKTOP-OFJ6N53", "TimeCreated": "2022-06-05 09:36:26.714237+00:00", "RecordID": "195", "Level": "4", "UserID": "S-1-5-21-963789628-1060504924-4285088085-1001", "EventData.PhaseID": "1002"}
{"EventID": "9", "Channel": "Microsoft-Windows-WindowsSystemAssessmentTool/Operational", "Provider_Name": "Microsoft-Windows-WindowsSystemAssessmentTool", "Computer": "DESKTOP-OFJ6N53", "TimeCreated": "2022-06-05 09:36:26.714241+00:00", "RecordID": "196", "Level": "4", "UserID": "S-1-5-21-963789628-1060504924-4285088085-1001", "EventData.PhaseID": "1002", "EventData.DescriptionSize": "33", "EventData.Description": "Run Assessment, cpu, -encryption"}
{"EventID": "10", "Channel": "Microsoft-Windows-WindowsSystemAssessmentTool/Operational", "Provider_Name": "Microsoft-Windows-WindowsSystemAssessmentTool", "Computer": "DESKTOP-OFJ6N53", "TimeCreated": "2022-06-05 09:36:30.031485+00:00", "RecordID": "197", "Level": "4", "UserID": "S-1-5-21-963789628-1060504924-4285088085-1001", "EventData.PhaseID": "1002"}
{"EventID": "9", "Channel": "Microsoft-Windows-WindowsSystemAssessmentTool/Operational", "Provider_Name": "Microsoft-Windows-WindowsSystemAssessmentTool", "Computer": "DESKTOP-OFJ6N53", "TimeCreated": "2022-06-05 09:36:30.031494+00:00", "RecordID": "198", "Level": "4", "UserID": "S-1-5-21-963789628-1060504924-4285088085-1001", "EventData.PhaseID": "1002", "EventData.DescriptionSize": "34", "EventData.Description": "Run Assessment, cpu, -compression"}
{"EventID": "10", "Channel": "Microsoft-Windows-WindowsSystemAssessmentTool/Operational", "Provider_Name": "Microsoft-Windows-WindowsSystemAssessmentTool", "Computer": "DESKTOP-OFJ6N53", "TimeCreated": "2022-06-05 09:36:40.290924+00:00", "RecordID": "199", "Level": "4", "UserID": "S-1-5-21-963789628-1060504924-4285088085-1001", "EventData.PhaseID": "1002"}
{"EventID": "9", "Channel": "Microsoft-Windows-WindowsSystemAssessmentTool/Operational", "Provider_Name": "Microsoft-Windows-WindowsSystemAssessmentTool", "Computer": "DESKTOP-OFJ6N53", "TimeCreated": "2022-06-05 09:36:40.290928+00:00", "RecordID": "200", "Level": "4", "UserID": "S-1-5-21-963789628-1060504924-4285088085-1001", "EventData.PhaseID": "1002", "EventData.DescriptionSize": "34", "EventData.Description": "Run Assessment, cpu, -encryption2"}
{"EventID": "10", "Channel": "Microsoft-Windows-WindowsSystemAssessmentTool/Operational", "Provider_Name": "Microsoft-Windows-WindowsSystemAssessmentTool", "Computer": "DESKTOP-OFJ6N53", "TimeCreated": "2022-06-05 09:36:43.397884+00:00", "RecordID": "201", "Level": "4", "UserID": "S-1-5-21-963789628-1060504924-4285088085-1001", "EventData.PhaseID": "1002"}
{"EventID": "9", "Channel": "Microsoft-Windows-WindowsSystemAssessmentTool/Operational", "Provider_Name": "Microsoft-Windows-WindowsSystemAssessmentTool", "Computer": "DESKTOP-OFJ6N53", "TimeCreated": "2022-06-05 09:36:43.397888+00:00", "RecordID": "202", "Level": "4", "UserID": "S-1-5-21-963789628-1060504924-4285088085-1001", "EventData.PhaseID": "1002", "EventData.DescriptionSize": "35", "EventData.Description": "Run Assessment, cpu, -compression2"}
{"EventID": "10", "Channel": "Microsoft-Windows-WindowsSystemAssessmentTool/Operational", "Provider_Name": "Microsoft-Windows-WindowsSystemAssessmentTool", "Computer": "DESKTOP-OFJ6N53", "TimeCreated": "2022-06-05 09:36:53.760944+00:00", "RecordID": "203", "Level": "4", "UserID": "S-1-5-21-963789628-1060504924-4285088085-1001", "EventData.PhaseID": "1002"}
{"EventID": "9", "Channel": "Microsoft-Windows-WindowsSystemAssessmentTool/Operational", "Provider_Name": "Microsoft-Windows-WindowsSystemAssessmentTool", "Computer": "DESKTOP-OFJ6N53", "TimeCreated": "2022-06-05 09:36:53.760950+00:00", "RecordID": "204", "Level": "4", "UserID": "S-1-5-21-963789628-1060504924-4285088085-1001", "EventData.PhaseID": "1003", "EventData.DescriptionSize": "22", "EventData.Description": "Run Assessment, mem,"}
{"EventID": "10", "Channel": "Microsoft-Windows-WindowsSystemAssessmentTool/Operational", "Provider_Name": "Microsoft-Windows-WindowsSystemAssessmentTool", "Computer": "DESKTOP-OFJ6N53", "TimeCreated": "2022-06-05 09:37:00.338654+00:00", "RecordID": "205", "Level": "4", "UserID": "S-1-5-21-963789628-1060504924-4285088085-1001", "EventData.PhaseID": "1003"}
{"EventID": "9", "Channel": "Microsoft-Windows-WindowsSystemAssessmentTool/Operational", "Provider_Name": "Microsoft-Windows-WindowsSystemAssessmentTool", "Computer": "DESKTOP-OFJ6N53", "TimeCreated": "2022-06-05 09:37:00.338657+00:00", "RecordID": "206", "Level": "4", "UserID": "S-1-5-21-963789628-1060504924-4285088085-1001", "EventData.PhaseID": "1004", "EventData.DescriptionSize": "38", "EventData.Description": "Run Assessment, disk, -seq -read -n 0"}
{"EventID": "10", "Channel": "Microsoft-Windows-WindowsSystemAssessmentTool/Operational", "Provider_Name": "Microsoft-Windows-WindowsSystemAssessmentTool", "Computer": "DESKTOP-OFJ6N53", "TimeCreated": "2022-06-05 09:37:02.483582+00:00", "RecordID": "207", "Level": "4", "UserID": "S-1-5-21-963789628-1060504924-4285088085-1001", "EventData.PhaseID": "1004"}
{"EventID": "9", "Channel": "Microsoft-Windows-WindowsSystemAssessmentTool/Operational", "Provider_Name": "Microsoft-Windows-WindowsSystemAssessmentTool", "Computer": "DESKTOP-OFJ6N53", "TimeCreated": "2022-06-05 09:37:02.483583+00:00", "RecordID": "208", "Level": "4", "UserID": "S-1-5-21-963789628-1060504924-4285088085-1001", "EventData.PhaseID": "1004", "EventData.DescriptionSize": "38", "EventData.Description": "Run Assessment, disk, -ran -read -n 0"}
{"EventID": "10", "Channel": "Microsoft-Windows-WindowsSystemAssessmentTool/Operational", "Provider_Name": "Microsoft-Windows-WindowsSystemAssessmentTool", "Computer": "DESKTOP-OFJ6N53", "TimeCreated": "2022-06-05 09:37:02.844784+00:00", "RecordID": "209", "Level": "4", "UserID": "S-1-5-21-963789628-1060504924-4285088085-1001", "EventData.PhaseID": "1004"}
{"EventID": "9", "Channel": "Microsoft-Windows-WindowsSystemAssessmentTool/Operational", "Provider_Name": "Microsoft-Windows-WindowsSystemAssessmentTool", "Computer": "DESKTOP-OFJ6N53", "TimeCreated": "2022-06-05 09:37:02.844786+00:00", "RecordID": "210", "Level": "4", "UserID": "S-1-5-21-963789628-1060504924-4285088085-1001", "EventData.PhaseID": "130", "EventData.DescriptionSize": "16", "EventData.Description": "Process Results"}
{"EventID": "10", "Channel": "Microsoft-Windows-WindowsSystemAssessmentTool/Operational", "Provider_Name": "Microsoft-Windows-WindowsSystemAssessmentTool", "Computer": "DESKTOP-OFJ6N53", "TimeCreated": "2022-06-05 09:37:03.016176+00:00", "RecordID": "211", "Level": "4", "UserID": "S-1-5-21-963789628-1060504924-4285088085-1001", "EventData.PhaseID": "130"}
{"EventID": "9", "Channel": "Microsoft-Windows-WindowsSystemAssessmentTool/Operational", "Provider_Name": "Microsoft-Windows-WindowsSystemAssessmentTool", "Computer": "DESKTOP-OFJ6N53", "TimeCreated": "2022-06-05 09:37:03.016176+00:00", "RecordID": "212", "Level": "4", "UserID": "S-1-5-21-963789628-1060504924-4285088085-1001", "EventData.PhaseID": "150", "EventData.DescriptionSize": "17", "EventData.Description": "Cleanup and exit"}
{"EventID": "9", "Channel": "Microsoft-Windows-WindowsSystemAssessmentTool/Operational", "Provider_Name": "Microsoft-Windows-WindowsSystemAssessmentTool", "Computer": "DESKTOP-OFJ6N53", "TimeCreated": "2022-06-05 09:37:03.018185+00:00", "RecordID": "213", "Level": "4", "UserID": "S-1-5-21-963789628-1060504924-4285088085-1001", "EventData.PhaseID": "140", "EventData.DescriptionSize": "24", "EventData.Description": "Restore system policies"}
{"EventID": "10", "Channel": "Microsoft-Windows-WindowsSystemAssessmentTool/Operational", "Provider_Name": "Microsoft-Windows-WindowsSystemAssessmentTool", "Computer": "DESKTOP-OFJ6N53", "TimeCreated": "2022-06-05 09:37:03.020350+00:00", "RecordID": "214", "Level": "4", "UserID": "S-1-5-21-963789628-1060504924-4285088085-1001", "EventData.PhaseID": "140"}
{"EventID": "3", "Channel": "Microsoft-Windows-WindowsSystemAssessmentTool/Operational", "Provider_Name": "Microsoft-Windows-WindowsSystemAssessmentTool", "Computer": "DESKTOP-OFJ6N53", "TimeCreated": "2022-06-05 09:37:03.032345+00:00", "RecordID": "215", "Level": "0", "UserID": "S-1-5-21-963789628-1060504924-4285088085-1001", "EventData.ExitCode": "0"}
{"EventID": "10", "Channel": "Microsoft-Windows-WindowsSystemAssessmentTool/Operational", "Provider_Name": "Microsoft-Windows-WindowsSystemAssessmentTool", "Computer": "DESKTOP-OFJ6N53", "TimeCreated": "2022-06-05 09:37:03.033155+00:00", "RecordID": "216", "Level": "4", "UserID": "S-1-5-21-963789628-1060504924-4285088085-1001", "EventData.PhaseID": "150"}
{"EventID": "1", "Channel": "Microsoft-Windows-WindowsSystemAssessmentTool/Operational", "Provider_Name": "Microsoft-Windows-WindowsSystemAssessmentTool", "Computer": "DESKTOP-OFJ6N53", "TimeCreated": "2022-06-24 10:01:46.196543+00:00", "RecordID": "217", "Level": "0", "UserID": "S-1-5-18", "EventData.StartTimeOfDay": "2022-06-24 10:01:46.190575+00:00"}
{"EventID": "9", "Channel": "Microsoft-Windows-WindowsSystemAssessmentTool/Operational", "Provider_Name": "Microsoft-Windows-WindowsSystemAssessmentTool", "Computer": "DESKTOP-OFJ6N53", "TimeCreated": "2022-06-24 10:01:46.196547+00:00", "RecordID": "218", "Level": "4", "UserID": "S-1-5-18", "EventData.PhaseID": "10", "EventData.DescriptionSize": "25", "EventData.Description": "Application Intializaton"}
{"EventID": "2", "Channel": "Microsoft-Windows-WindowsSystemAssessmentTool/Operational", "Provider_Name": "Microsoft-Windows-WindowsSystemAssessmentTool", "Computer": "DESKTOP-OFJ6N53", "TimeCreated": "2022-06-24 10:01:46.215590+00:00", "RecordID": "219", "Level": "0", "UserID": "S-1-5-18", "EventData.CommandLineSize": "45", "EventData.CommandLine": "\"C:\\Windows\\system32\\winsat.exe\" disk -wsswap"}
{"EventID": "9", "Channel": "Microsoft-Windows-WindowsSystemAssessmentTool/Operational", "Provider_Name": "Microsoft-Windows-WindowsSystemAssessmentTool", "Computer": "DESKTOP-OFJ6N53", "TimeCreated": "2022-06-24 10:01:46.218002+00:00", "RecordID": "220", "Level": "4", "UserID": "S-1-5-18", "EventData.PhaseID": "20", "EventData.DescriptionSize": "23", "EventData.Description": "Modify system policies"}
{"EventID": "10", "Channel": "Microsoft-Windows-WindowsSystemAssessmentTool/Operational", "Provider_Name": "Microsoft-Windows-WindowsSystemAssessmentTool", "Computer": "DESKTOP-OFJ6N53", "TimeCreated": "2022-06-24 10:01:46.225855+00:00", "RecordID": "221", "Level": "4", "UserID": "S-1-5-18", "EventData.PhaseID": "20"}
{"EventID": "10", "Channel": "Microsoft-Windows-WindowsSystemAssessmentTool/Operational", "Provider_Name": "Microsoft-Windows-WindowsSystemAssessmentTool", "Computer": "DESKTOP-OFJ6N53", "TimeCreated": "2022-06-24 10:01:46.225859+00:00", "RecordID": "222", "Level": "4", "UserID": "S-1-5-18", "EventData.PhaseID": "10"}
{"EventID": "9", "Channel": "Microsoft-Windows-WindowsSystemAssessmentTool/Operational", "Provider_Name": "Microsoft-Windows-WindowsSystemAssessmentTool", "Computer": "DESKTOP-OFJ6N53", "TimeCreated": "2022-06-24 10:01:46.225863+00:00", "RecordID": "223", "Level": "4", "UserID": "S-1-5-18", "EventData.PhaseID": "30", "EventData.DescriptionSize": "19", "EventData.Description": "Gathering Key Info"}
{"EventID": "9", "Channel": "Microsoft-Windows-WindowsSystemAssessmentTool/Operational", "Provider_Name": "Microsoft-Windows-WindowsSystemAssessmentTool", "Computer": "DESKTOP-OFJ6N53", "TimeCreated": "2022-06-24 10:01:46.227013+00:00", "RecordID": "224", "Level": "4", "UserID": "S-1-5-18", "EventData.PhaseID": "40", "EventData.DescriptionSize": "23", "EventData.Description": "Gather CPU information"}
{"EventID": "10", "Channel": "Microsoft-Windows-WindowsSystemAssessmentTool/Operational", "Provider_Name": "Microsoft-Windows-WindowsSystemAssessmentTool", "Computer": "DESKTOP-OFJ6N53", "TimeCreated": "2022-06-24 10:01:46.227190+00:00", "RecordID": "225", "Level": "4", "UserID": "S-1-5-18", "EventData.PhaseID": "40"}
{"EventID": "10", "Channel": "Microsoft-Windows-WindowsSystemAssessmentTool/Operational", "Provider_Name": "Microsoft-Windows-WindowsSystemAssessmentTool", "Computer": "DESKTOP-OFJ6N53", "TimeCreated": "2022-06-24 10:01:46.227192+00:00", "RecordID": "226", "Level": "4", "UserID": "S-1-5-18", "EventData.PhaseID": "30"}
{"EventID": "9", "Channel": "Microsoft-Windows-WindowsSystemAssessmentTool/Operational", "Provider_Name": "Microsoft-Windows-WindowsSystemAssessmentTool", "Computer": "DESKTOP-OFJ6N53", "TimeCreated": "2022-06-24 10:01:46.232513+00:00", "RecordID": "227", "Level": "4", "UserID": "S-1-5-18", "EventData.PhaseID": "1004", "EventData.DescriptionSize": "40", "EventData.Description": "Run Assessment, disk, -wsswap -drive C:"}
{"EventID": "10", "Channel": "Microsoft-Windows-WindowsSystemAssessmentTool/Operational", "Provider_Name": "Microsoft-Windows-WindowsSystemAssessmentTool", "Computer": "DESKTOP-OFJ6N53", "TimeCreated": "2022-06-24 10:01:46.957474+00:00", "RecordID": "228", "Level": "4", "UserID": "S-1-5-18", "EventData.PhaseID": "1004"}
{"EventID": "9", "Channel": "Microsoft-Windows-WindowsSystemAssessmentTool/Operational", "Provider_Name": "Microsoft-Windows-WindowsSystemAssessmentTool", "Computer": "DESKTOP-OFJ6N53", "TimeCreated": "2022-06-24 10:01:46.957479+00:00", "RecordID": "229", "Level": "4", "UserID": "S-1-5-18", "EventData.PhaseID": "130", "EventData.DescriptionSize": "16", "EventData.Description": "Process Results"}
{"EventID": "10", "Channel": "Microsoft-Windows-WindowsSystemAssessmentTool/Operational", "Provider_Name": "Microsoft-Windows-WindowsSystemAssessmentTool", "Computer": "DESKTOP-OFJ6N53", "TimeCreated": "2022-06-24 10:01:47.055414+00:00", "RecordID": "230", "Level": "4", "UserID": "S-1-5-18", "EventData.PhaseID": "130"}
{"EventID": "9", "Channel": "Microsoft-Windows-WindowsSystemAssessmentTool/Operational", "Provider_Name": "Microsoft-Windows-WindowsSystemAssessmentTool", "Computer": "DESKTOP-OFJ6N53", "TimeCreated": "2022-06-24 10:01:47.055416+00:00", "RecordID": "231", "Level": "4", "UserID": "S-1-5-18", "EventData.PhaseID": "150", "EventData.DescriptionSize": "17", "EventData.Description": "Cleanup and exit"}
{"EventID": "9", "Channel": "Microsoft-Windows-WindowsSystemAssessmentTool/Operational", "Provider_Name": "Microsoft-Windows-WindowsSystemAssessmentTool", "Computer": "DESKTOP-OFJ6N53", "TimeCreated": "2022-06-24 10:01:47.056297+00:00", "RecordID": "232", "Level": "4", "UserID": "S-1-5-18", "EventData.PhaseID": "140", "EventData.DescriptionSize": "24", "EventData.Description": "Restore system policies"}
{"EventID": "10", "Channel": "Microsoft-Windows-WindowsSystemAssessmentTool/Operational", "Provider_Name": "Microsoft-Windows-WindowsSystemAssessmentTool", "Computer": "DESKTOP-OFJ6N53", "TimeCreated": "2022-06-24 10:01:47.058416+00:00", "RecordID": "233", "Level": "4", "UserID": "S-1-5-18", "EventData.PhaseID": "140"}
{"EventID": "3", "Channel": "Microsoft-Windows-WindowsSystemAssessmentTool/Operational", "Provider_Name": "Microsoft-Windows-WindowsSystemAssessmentTool", "Computer": "DESKTOP-OFJ6N53", "TimeCreated": "2022-06-24 10:01:47.061131+00:00", "RecordID": "234", "Level": "0", "UserID": "S-1-5-18", "EventData.ExitCode": "0"}
{"EventID": "10", "Channel": "Microsoft-Windows-WindowsSystemAssessmentTool/Operational", "Provider_Name": "Microsoft-Windows-WindowsSystemAssessmentTool", "Computer": "DESKTOP-OFJ6N53", "TimeCreated": "2022-06-24 10:01:47.061134+00:00", "RecordID": "235", "Level": "4", "UserID": "S-1-5-18", "EventData.PhaseID": "150"}
{"EventID": "1", "Channel": "Microsoft-Windows-WindowsSystemAssessmentTool/Operational", "Provider_Name": "Microsoft-Windows-WindowsSystemAssessmentTool", "Computer": "DESKTOP-OFJ6N53", "TimeCreated": "2022-06-24 10:03:33.569950+00:00", "RecordID": "236", "Level": "0", "UserID": "S-1-5-18", "EventData.StartTimeOfDay": "2022-06-24 10:03:33.554380+00:00"}
{"EventID": "9", "Channel": "Microsoft-Windows-WindowsSystemAssessmentTool/Operational", "Provider_Name": "Microsoft-Windows-WindowsSystemAssessmentTool", "Computer": "DESKTOP-OFJ6N53", "TimeCreated": "2022-06-24 10:03:33.569952+00:00", "RecordID": "237", "Level": "4", "UserID": "S-1-5-18", "EventData.PhaseID": "10", "EventData.DescriptionSize": "25", "EventData.Description": "Application Intializaton"}
{"EventID": "2", "Channel": "Microsoft-Windows-WindowsSystemAssessmentTool/Operational", "Provider_Name": "Microsoft-Windows-WindowsSystemAssessmentTool", "Computer": "DESKTOP-OFJ6N53", "TimeCreated": "2022-06-24 10:03:33.576488+00:00", "RecordID": "238", "Level": "0", "UserID": "S-1-5-18", "EventData.CommandLineSize": "45", "EventData.CommandLine": "\"C:\\Windows\\system32\\winsat.exe\" disk -wsswap"}
{"EventID": "9", "Channel": "Microsoft-Windows-WindowsSystemAssessmentTool/Operational", "Provider_Name": "Microsoft-Windows-WindowsSystemAssessmentTool", "Computer": "DESKTOP-OFJ6N53", "TimeCreated": "2022-06-24 10:03:33.576843+00:00", "RecordID": "239", "Level": "4", "UserID": "S-1-5-18", "EventData.PhaseID": "20", "EventData.DescriptionSize": "23", "EventData.Description": "Modify system policies"}
{"EventID": "10", "Channel": "Microsoft-Windows-WindowsSystemAssessmentTool/Operational", "Provider_Name": "Microsoft-Windows-WindowsSystemAssessmentTool", "Computer": "DESKTOP-OFJ6N53", "TimeCreated": "2022-06-24 10:03:33.580290+00:00", "RecordID": "240", "Level": "4", "UserID": "S-1-5-18", "EventData.PhaseID": "20"}
{"EventID": "10", "Channel": "Microsoft-Windows-WindowsSystemAssessmentTool/Operational", "Provider_Name": "Microsoft-Windows-WindowsSystemAssessmentTool", "Computer": "DESKTOP-OFJ6N53", "TimeCreated": "2022-06-24 10:03:33.580290+00:00", "RecordID": "241", "Level": "4", "UserID": "S-1-5-18", "EventData.PhaseID": "10"}
{"EventID": "9", "Channel": "Microsoft-Windows-WindowsSystemAssessmentTool/Operational", "Provider_Name": "Microsoft-Windows-WindowsSystemAssessmentTool", "Computer": "DESKTOP-OFJ6N53", "TimeCreated": "2022-06-24 10:03:33.580292+00:00", "RecordID": "242", "Level": "4", "UserID": "S-1-5-18", "EventData.PhaseID": "30", "EventData.DescriptionSize": "19", "EventData.Description": "Gathering Key Info"}
{"EventID": "9", "Channel": "Microsoft-Windows-WindowsSystemAssessmentTool/Operational", "Provider_Name": "Microsoft-Windows-WindowsSystemAssessmentTool", "Computer": "DESKTOP-OFJ6N53", "TimeCreated": "2022-06-24 10:03:33.580299+00:00", "RecordID": "243", "Level": "4", "UserID": "S-1-5-18", "EventData.PhaseID": "40", "EventData.DescriptionSize": "23", "EventData.Description": "Gather CPU information"}
{"EventID": "10", "Channel": "Microsoft-Windows-WindowsSystemAssessmentTool/Operational", "Provider_Name": "Microsoft-Windows-WindowsSystemAssessmentTool", "Computer": "DESKTOP-OFJ6N53", "TimeCreated": "2022-06-24 10:03:33.580370+00:00", "RecordID": "244", "Level": "4", "UserID": "S-1-5-18", "EventData.PhaseID": "40"}
{"EventID": "10", "Channel": "Microsoft-Windows-WindowsSystemAssessmentTool/Operational", "Provider_Name": "Microsoft-Windows-WindowsSystemAssessmentTool", "Computer": "DESKTOP-OFJ6N53", "TimeCreated": "2022-06-24 10:03:33.580370+00:00", "RecordID": "245", "Level": "4", "UserID": "S-1-5-18", "EventData.PhaseID": "30"}
{"EventID": "9", "Channel": "Microsoft-Windows-WindowsSystemAssessmentTool/Operational", "Provider_Name": "Microsoft-Windows-WindowsSystemAssessmentTool", "Computer": "DESKTOP-OFJ6N53", "TimeCreated": "2022-06-24 10:03:33.582541+00:00", "RecordID": "246", "Level": "4", "UserID": "S-1-5-18", "EventData.PhaseID": "1004", "EventData.DescriptionSize": "40", "EventData.Description": "Run Assessment, disk, -wsswap -drive C:"}
{"EventID": "10", "Channel": "Microsoft-Windows-WindowsSystemAssessmentTool/Operational", "Provider_Name": "Microsoft-Windows-WindowsSystemAssessmentTool", "Computer": "DESKTOP-OFJ6N53", "TimeCreated": "2022-06-24 10:03:34.109541+00:00", "RecordID": "247", "Level": "4", "UserID": "S-1-5-18", "EventData.PhaseID": "1004"}
{"EventID": "9", "Channel": "Microsoft-Windows-WindowsSystemAssessmentTool/Operational", "Provider_Name": "Microsoft-Windows-WindowsSystemAssessmentTool", "Computer": "DESKTOP-OFJ6N53", "TimeCreated": "2022-06-24 10:03:34.109547+00:00", "RecordID": "248", "Level": "4", "UserID": "S-1-5-18", "EventData.PhaseID": "130", "EventData.DescriptionSize": "16", "EventData.Description": "Process Results"}
{"EventID": "10", "Channel": "Microsoft-Windows-WindowsSystemAssessmentTool/Operational", "Provider_Name": "Microsoft-Windows-WindowsSystemAssessmentTool", "Computer": "DESKTOP-OFJ6N53", "TimeCreated": "2022-06-24 10:03:34.125090+00:00", "RecordID": "249", "Level": "4", "UserID": "S-1-5-18", "EventData.PhaseID": "130"}
{"EventID": "9", "Channel": "Microsoft-Windows-WindowsSystemAssessmentTool/Operational", "Provider_Name": "Microsoft-Windows-WindowsSystemAssessmentTool", "Computer": "DESKTOP-OFJ6N53", "TimeCreated": "2022-06-24 10:03:34.125092+00:00", "RecordID": "250", "Level": "4", "UserID": "S-1-5-18", "EventData.PhaseID": "150", "EventData.DescriptionSize": "17", "EventData.Description": "Cleanup and exit"}
{"EventID": "9", "Channel": "Microsoft-Windows-WindowsSystemAssessmentTool/Operational", "Provider_Name": "Microsoft-Windows-WindowsSystemAssessmentTool", "Computer": "DESKTOP-OFJ6N53", "TimeCreated": "2022-06-24 10:03:34.125719+00:00", "RecordID": "251", "Level": "4", "UserID": "S-1-5-18", "EventData.PhaseID": "140", "EventData.DescriptionSize": "24", "EventData.Description": "Restore system policies"}
{"EventID": "10", "Channel": "Microsoft-Windows-WindowsSystemAssessmentTool/Operational", "Provider_Name": "Microsoft-Windows-WindowsSystemAssessmentTool", "Computer": "DESKTOP-OFJ6N53", "TimeCreated": "2022-06-24 10:03:34.126936+00:00", "RecordID": "252", "Level": "4", "UserID": "S-1-5-18", "EventData.PhaseID": "140"}
{"EventID": "3", "Channel": "Microsoft-Windows-WindowsSystemAssessmentTool/Operational", "Provider_Name": "Microsoft-Windows-WindowsSystemAssessmentTool", "Computer": "DESKTOP-OFJ6N53", "TimeCreated": "2022-06-24 10:03:34.128420+00:00", "RecordID": "253", "Level": "0", "UserID": "S-1-5-18", "EventData.ExitCode": "0"}
{"EventID": "10", "Channel": "Microsoft-Windows-WindowsSystemAssessmentTool/Operational", "Provider_Name": "Microsoft-Windows-WindowsSystemAssessmentTool", "Computer": "DESKTOP-OFJ6N53", "TimeCreated": "2022-06-24 10:03:34.128424+00:00", "RecordID": "254", "Level": "4", "UserID": "S-1-5-18", "EventData.PhaseID": "150"}
{"EventID": "1", "Channel": "Microsoft-Windows-WindowsSystemAssessmentTool/Operational", "Provider_Name": "Microsoft-Windows-WindowsSystemAssessmentTool", "Computer": "DESKTOP-OFJ6N53", "TimeCreated": "2022-07-24 08:43:32.539680+00:00", "RecordID": "255", "Level": "0", "UserID": "S-1-5-18", "EventData.StartTimeOfDay": "2022-07-24 08:43:32.535818+00:00"}
{"EventID": "9", "Channel": "Microsoft-Windows-WindowsSystemAssessmentTool/Operational", "Provider_Name": "Microsoft-Windows-WindowsSystemAssessmentTool", "Computer": "DESKTOP-OFJ6N53", "TimeCreated": "2022-07-24 08:43:32.539682+00:00", "RecordID": "256", "Level": "4", "UserID": "S-1-5-18", "EventData.PhaseID": "10", "EventData.DescriptionSize": "25", "EventData.Description": "Application Intializaton"}
{"EventID": "2", "Channel": "Microsoft-Windows-WindowsSystemAssessmentTool/Operational", "Provider_Name": "Microsoft-Windows-WindowsSystemAssessmentTool", "Computer": "DESKTOP-OFJ6N53", "TimeCreated": "2022-07-24 08:43:32.555607+00:00", "RecordID": "257", "Level": "0", "UserID": "S-1-5-18", "EventData.CommandLineSize": "45", "EventData.CommandLine": "\"C:\\Windows\\system32\\winsat.exe\" disk -wsswap"}
{"EventID": "9", "Channel": "Microsoft-Windows-WindowsSystemAssessmentTool/Operational", "Provider_Name": "Microsoft-Windows-WindowsSystemAssessmentTool", "Computer": "DESKTOP-OFJ6N53", "TimeCreated": "2022-07-24 08:43:32.556040+00:00", "RecordID": "258", "Level": "4", "UserID": "S-1-5-18", "EventData.PhaseID": "20", "EventData.DescriptionSize": "23", "EventData.Description": "Modify system policies"}
{"EventID": "10", "Channel": "Microsoft-Windows-WindowsSystemAssessmentTool/Operational", "Provider_Name": "Microsoft-Windows-WindowsSystemAssessmentTool", "Computer": "DESKTOP-OFJ6N53", "TimeCreated": "2022-07-24 08:43:32.572567+00:00", "RecordID": "259", "Level": "4", "UserID": "S-1-5-18", "EventData.PhaseID": "20"}
{"EventID": "10", "Channel": "Microsoft-Windows-WindowsSystemAssessmentTool/Operational", "Provider_Name": "Microsoft-Windows-WindowsSystemAssessmentTool", "Computer": "DESKTOP-OFJ6N53", "TimeCreated": "2022-07-24 08:43:32.572571+00:00", "RecordID": "260", "Level": "4", "UserID": "S-1-5-18", "EventData.PhaseID": "10"}
