{"EventID": "1000", "Channel": "Microsoft-Windows-ModernDeployment-Diagnostics-Provider/ManagementService", "Provider_Name": "Microsoft-Windows-ModernDeployment-Diagnostics-Provider", "Computer": "DESKTOP-OFJ6N53", "TimeCreated": "2022-02-24 08:27:42.598690+00:00", "RecordID": "1", "Level": "4", "UserID": "S-1-5-18"}
{"EventID": "1100", "Channel": "Microsoft-Windows-ModernDeployment-Diagnostics-Provider/ManagementService", "Provider_Name": "Microsoft-Windows-ModernDeployment-Diagnostics-Provider", "Computer": "DESKTOP-OFJ6N53", "TimeCreated": "2022-02-24 08:27:42.603802+00:00", "RecordID": "2", "Level": "4", "UserID": "S-1-5-18", "EventData.Message1": "C:\\Windows\\ServiceState\\wmansvc"}
{"EventID": "1101", "Channel": "Microsoft-Windows-ModernDeployment-Diagnostics-Provider/ManagementService", "Provider_Name": "Microsoft-Windows-ModernDeployment-Diagnostics-Provider", "Computer": "DESKTOP-OFJ6N53", "TimeCreated": "2022-02-24 08:27:42.603830+00:00", "RecordID": "3", "Level": "4", "UserID": "S-1-5-18", "EventData.Message1": "C:\\Windows\\ServiceState\\wmansvc"}
{"EventID": "1102", "Channel": "Microsoft-Windows-ModernDeployment-Diagnostics-Provider/ManagementService", "Provider_Name": "Microsoft-Windows-ModernDeployment-Diagnostics-Provider", "Computer": "DESKTOP-OFJ6N53", "TimeCreated": "2022-02-24 08:27:42.604359+00:00", "RecordID": "4", "Level": "4", "UserID": "S-1-5-18", "EventData.Message1": "C:\\Windows\\ServiceState\\wmansvc"}
{"EventID": "1001", "Channel": "Microsoft-Windows-ModernDeployment-Diagnostics-Provider/ManagementService", "Provider_Name": "Microsoft-Windows-ModernDeployment-Diagnostics-Provider", "Computer": "DESKTOP-OFJ6N53", "TimeCreated": "2022-02-24 08:27:43.251045+00:00", "RecordID": "5", "Level": "4", "UserID": "S-1-5-18"}
{"EventID": "1004", "Channel": "Microsoft-Windows-ModernDeployment-Diagnostics-Provider/ManagementService", "Provider_Name": "Microsoft-Windows-ModernDeployment-Diagnostics-Provider", "Computer": "DESKTOP-OFJ6N53", "TimeCreated": "2022-02-24 12:14:59.545309+00:00", "RecordID": "6", "Level": "4", "UserID": "S-1-5-18"}
