{"EventID": "301", "Channel": "Microsoft-Windows-DeviceSetupManager/Operational", "Provider_Name": "Microsoft-Windows-DeviceSetupManager", "Computer": "DESKTOP-OFJ6N53", "TimeCreated": "2023-11-11 08:41:26.342873+00:00", "RecordID": "10721", "Level": "4", "UserID": "S-1-5-18", "EventData.Prop_ContainerId": "{00000000-0000-0000-FFFF-FFFFFFFFFFFF}"}
{"EventID": "300", "Channel": "Microsoft-Windows-DeviceSetupManager/Operational", "Provider_Name": "Microsoft-Windows-DeviceSetupManager", "Computer": "DESKTOP-OFJ6N53", "TimeCreated": "2023-11-13 08:28:55.258064+00:00", "RecordID": "10722", "Level": "4", "UserID": "S-1-5-18", "EventData.Prop_ContainerId": "{DE03ACB5-BD19-47C5-AE8C-F1A65289DF90}"}
{"EventID": "301", "Channel": "Microsoft-Windows-DeviceSetupManager/Operational", "Provider_Name": "Microsoft-Windows-DeviceSetupManager", "Computer": "DESKTOP-OFJ6N53", "TimeCreated": "2023-11-13 08:28:56.819929+00:00", "RecordID": "10723", "Level": "4", "UserID": "S-1-5-18", "EventData.Prop_ContainerId": "{4DF4D30C-95BA-11EC-A6BC-00059A3C7A00}"}
{"EventID": "301", "Channel": "Microsoft-Windows-DeviceSetupManager/Operational", "Provider_Name": "Microsoft-Windows-DeviceSetupManager", "Computer": "DESKTOP-OFJ6N53", "TimeCreated": "2023-11-13 08:28:58.852495+00:00", "RecordID": "10724", "Level": "4", "UserID": "S-1-5-18", "EventData.Prop_ContainerId": "{DE03ACB5-BD19-47C5-AE8C-F1A65289DF90}"}
{"EventID": "301", "Channel": "Microsoft-Windows-DeviceSetupManager/Operational", "Provider_Name": "Microsoft-Windows-DeviceSetupManager", "Computer": "DESKTOP-OFJ6N53", "TimeCreated": "2023-11-13 08:29:01.279047+00:00", "RecordID": "10725", "Level": "4", "UserID": "S-1-5-18", "EventData.Prop_ContainerId": "{9255C28B-421B-FD2A-4CA7-D7BAC659C1BD}"}
{"EventID": "301", "Channel": "Microsoft-Windows-DeviceSetupManager/Operational", "Provider_Name": "Microsoft-Windows-DeviceSetupManager", "Computer": "DESKTOP-OFJ6N53", "TimeCreated": "2023-11-13 08:29:04.327003+00:00", "RecordID": "10726", "Level": "4", "UserID": "S-1-5-18", "EventData.Prop_ContainerId": "{ECC1E499-5EFD-039D-5887-23C2BD87E9A7}"}
{"EventID": "301", "Channel": "Microsoft-Windows-DeviceSetupManager/Operational", "Provider_Name": "Microsoft-Windows-DeviceSetupManager", "Computer": "DESKTOP-OFJ6N53", "TimeCreated": "2023-11-13 08:29:05.473139+00:00", "RecordID": "10727", "Level": "4", "UserID": "S-1-5-18", "EventData.Prop_ContainerId": "{00000000-0000-0000-FFFF-FFFFFFFFFFFF}"}
{"EventID": "301", "Channel": "Microsoft-Windows-DeviceSetupManager/Operational", "Provider_Name": "Microsoft-Windows-DeviceSetupManager", "Computer": "DESKTOP-OFJ6N53", "TimeCreated": "2023-11-13 08:29:07.098780+00:00", "RecordID": "10728", "Level": "4", "UserID": "S-1-5-18", "EventData.Prop_ContainerId": "{C2AFB711-E01D-B859-69EE-8DFDB945EBF1}"}
{"EventID": "301", "Channel": "Microsoft-Windows-DeviceSetupManager/Operational", "Provider_Name": "Microsoft-Windows-DeviceSetupManager", "Computer": "DESKTOP-OFJ6N53", "TimeCreated": "2023-11-13 08:29:09.446621+00:00", "RecordID": "10729", "Level": "4", "UserID": "S-1-5-18", "EventData.Prop_ContainerId": "{C641391B-F276-0E02-33FF-F4A08F4AF52E}"}
{"EventID": "301", "Channel": "Microsoft-Windows-DeviceSetupManager/Operational", "Provider_Name": "Microsoft-Windows-DeviceSetupManager", "Computer": "DESKTOP-OFJ6N53", "TimeCreated": "2023-11-13 08:29:10.550390+00:00", "RecordID": "10730", "Level": "4", "UserID": "S-1-5-18", "EventData.Prop_ContainerId": "{82CDF178-F779-8038-0F43-FD11768B89E3}"}
{"EventID": "301", "Channel": "Microsoft-Windows-DeviceSetupManager/Operational", "Provider_Name": "Microsoft-Windows-DeviceSetupManager", "Computer": "DESKTOP-OFJ6N53", "TimeCreated": "2023-11-13 08:29:13.807745+00:00", "RecordID": "10731", "Level": "4", "UserID": "S-1-5-18", "EventData.Prop_ContainerId": "{9FDB06AE-3C11-C5C2-6F79-B527957711B5}"}
{"EventID": "301", "Channel": "Microsoft-Windows-DeviceSetupManager/Operational", "Provider_Name": "Microsoft-Windows-DeviceSetupManager", "Computer": "DESKTOP-OFJ6N53", "TimeCreated": "2023-11-13 08:29:16.175692+00:00", "RecordID": "10732", "Level": "4", "UserID": "S-1-5-18", "EventData.Prop_ContainerId": "{54F0286C-EA13-0B79-04AC-ED9E98FB1596}"}
{"EventID": "301", "Channel": "Microsoft-Windows-DeviceSetupManager/Operational", "Provider_Name": "Microsoft-Windows-DeviceSetupManager", "Computer": "DESKTOP-OFJ6N53", "TimeCreated": "2023-11-13 08:29:19.466364+00:00", "RecordID": "10733", "Level": "4", "UserID": "S-1-5-18", "EventData.Prop_ContainerId": "{C8BA3767-041C-707A-48E3-B5E7FCFD8653}"}
{"EventID": "301", "Channel": "Microsoft-Windows-DeviceSetupManager/Operational", "Provider_Name": "Microsoft-Windows-DeviceSetupManager", "Computer": "DESKTOP-OFJ6N53", "TimeCreated": "2023-11-13 08:29:21.606752+00:00", "RecordID": "10734", "Level": "4", "UserID": "S-1-5-18", "EventData.Prop_ContainerId": "{F12ED10B-DE75-2C0C-5FA7-C264A3B6CB55}"}
{"EventID": "300", "Channel": "Microsoft-Windows-DeviceSetupManager/Operational", "Provider_Name": "Microsoft-Windows-DeviceSetupManager", "Computer": "DESKTOP-OFJ6N53", "TimeCreated": "2023-11-13 08:37:10.953836+00:00", "RecordID": "10735", "Level": "4", "UserID": "S-1-5-18", "EventData.Prop_ContainerId": "{A33B9FA2-8F39-480F-90FF-966549C235DC}"}
{"EventID": "301", "Channel": "Microsoft-Windows-DeviceSetupManager/Operational", "Provider_Name": "Microsoft-Windows-DeviceSetupManager", "Computer": "DESKTOP-OFJ6N53", "TimeCreated": "2023-11-13 08:37:10.988125+00:00", "RecordID": "10736", "Level": "4", "UserID": "S-1-5-18", "EventData.Prop_ContainerId": "{C641391B-F276-0E02-33FF-F4A08F4AF52E}"}
{"EventID": "301", "Channel": "Microsoft-Windows-DeviceSetupManager/Operational", "Provider_Name": "Microsoft-Windows-DeviceSetupManager", "Computer": "DESKTOP-OFJ6N53", "TimeCreated": "2023-11-13 08:37:11.525040+00:00", "RecordID": "10737", "Level": "4", "UserID": "S-1-5-18", "EventData.Prop_ContainerId": "{A33B9FA2-8F39-480F-90FF-966549C235DC}"}
{"EventID": "300", "Channel": "Microsoft-Windows-DeviceSetupManager/Operational", "Provider_Name": "Microsoft-Windows-DeviceSetupManager", "Computer": "DESKTOP-OFJ6N53", "TimeCreated": "2023-11-16 12:11:24.360632+00:00", "RecordID": "10738", "Level": "4", "UserID": "S-1-5-18", "EventData.Prop_ContainerId": "{452910A1-3718-457F-B898-0BACB42B774B}"}
{"EventID": "301", "Channel": "Microsoft-Windows-DeviceSetupManager/Operational", "Provider_Name": "Microsoft-Windows-DeviceSetupManager", "Computer": "DESKTOP-OFJ6N53", "TimeCreated": "2023-11-16 12:11:26.002333+00:00", "RecordID": "10739", "Level": "4", "UserID": "S-1-5-18", "EventData.Prop_ContainerId": "{452910A1-3718-457F-B898-0BACB42B774B}"}
{"EventID": "301", "Channel": "Microsoft-Windows-DeviceSetupManager/Operational", "Provider_Name": "Microsoft-Windows-DeviceSetupManager", "Computer": "DESKTOP-OFJ6N53", "TimeCreated": "2023-11-16 12:11:27.583475+00:00", "RecordID": "10740", "Level": "4", "UserID": "S-1-5-18", "EventData.Prop_ContainerId": "{9255C28B-421B-FD2A-4CA7-D7BAC659C1BD}"}
{"EventID": "301", "Channel": "Microsoft-Windows-DeviceSetupManager/Operational", "Provider_Name": "Microsoft-Windows-DeviceSetupManager", "Computer": "DESKTOP-OFJ6N53", "TimeCreated": "2023-11-16 12:11:29.695093+00:00", "RecordID": "10741", "Level": "4", "UserID": "S-1-5-18", "EventData.Prop_ContainerId": "{ECC1E499-5EFD-039D-5887-23C2BD87E9A7}"}
{"EventID": "301", "Channel": "Microsoft-Windows-DeviceSetupManager/Operational", "Provider_Name": "Microsoft-Windows-DeviceSetupManager", "Computer": "DESKTOP-OFJ6N53", "TimeCreated": "2023-11-16 12:11:30.859190+00:00", "RecordID": "10742", "Level": "4", "UserID": "S-1-5-18", "EventData.Prop_ContainerId": "{00000000-0000-0000-FFFF-FFFFFFFFFFFF}"}
{"EventID": "301", "Channel": "Microsoft-Windows-DeviceSetupManager/Operational", "Provider_Name": "Microsoft-Windows-DeviceSetupManager", "Computer": "DESKTOP-OFJ6N53", "TimeCreated": "2023-11-16 12:11:32.319012+00:00", "RecordID": "10743", "Level": "4", "UserID": "S-1-5-18", "EventData.Prop_ContainerId": "{F12ED10B-DE75-2C0C-5FA7-C264A3B6CB55}"}
{"EventID": "301", "Channel": "Microsoft-Windows-DeviceSetupManager/Operational", "Provider_Name": "Microsoft-Windows-DeviceSetupManager", "Computer": "DESKTOP-OFJ6N53", "TimeCreated": "2023-11-16 12:11:33.402645+00:00", "RecordID": "10744", "Level": "4", "UserID": "S-1-5-18", "EventData.Prop_ContainerId": "{C641391B-F276-0E02-33FF-F4A08F4AF52E}"}
{"EventID": "301", "Channel": "Microsoft-Windows-DeviceSetupManager/Operational", "Provider_Name": "Microsoft-Windows-DeviceSetupManager", "Computer": "DESKTOP-OFJ6N53", "TimeCreated": "2023-11-16 12:11:36.130730+00:00", "RecordID": "10745", "Level": "4", "UserID": "S-1-5-18", "EventData.Prop_ContainerId": "{82CDF178-F779-8038-0F43-FD11768B89E3}"}
{"EventID": "301", "Channel": "Microsoft-Windows-DeviceSetupManager/Operational", "Provider_Name": "Microsoft-Windows-DeviceSetupManager", "Computer": "DESKTOP-OFJ6N53", "TimeCreated": "2023-11-16 12:11:39.225712+00:00", "RecordID": "10746", "Level": "4", "UserID": "S-1-5-18", "EventData.Prop_ContainerId": "{9FDB06AE-3C11-C5C2-6F79-B527957711B5}"}
{"EventID": "301", "Channel": "Microsoft-Windows-DeviceSetupManager/Operational", "Provider_Name": "Microsoft-Windows-DeviceSetupManager", "Computer": "DESKTOP-OFJ6N53", "TimeCreated": "2023-11-16 12:11:40.921917+00:00", "RecordID": "10747", "Level": "4", "UserID": "S-1-5-18", "EventData.Prop_ContainerId": "{54F0286C-EA13-0B79-04AC-ED9E98FB1596}"}
{"EventID": "300", "Channel": "Microsoft-Windows-DeviceSetupManager/Operational", "Provider_Name": "Microsoft-Windows-DeviceSetupManager", "Computer": "DESKTOP-OFJ6N53", "TimeCreated": "2023-11-20 14:02:15.637720+00:00", "RecordID": "10748", "Level": "4", "UserID": "S-1-5-18", "EventData.Prop_ContainerId": "{31CBB587-565B-4467-B886-B462CD241170}"}
{"EventID": "300", "Channel": "Microsoft-Windows-DeviceSetupManager/Operational", "Provider_Name": "Microsoft-Windows-DeviceSetupManager", "Computer": "DESKTOP-OFJ6N53", "TimeCreated": "2023-11-20 14:02:16.286333+00:00", "RecordID": "10749", "Level": "4", "UserID": "S-1-5-18", "EventData.Prop_ContainerId": "{937E342C-9772-480B-B54C-FB4438BBCFB6}"}
{"EventID": "301", "Channel": "Microsoft-Windows-DeviceSetupManager/Operational", "Provider_Name": "Microsoft-Windows-DeviceSetupManager", "Computer": "DESKTOP-OFJ6N53", "TimeCreated": "2023-11-20 14:02:16.643097+00:00", "RecordID": "10750", "Level": "4", "UserID": "S-1-5-18", "EventData.Prop_ContainerId": "{31CBB587-565B-4467-B886-B462CD241170}"}
{"EventID": "300", "Channel": "Microsoft-Windows-DeviceSetupManager/Operational", "Provider_Name": "Microsoft-Windows-DeviceSetupManager", "Computer": "DESKTOP-OFJ6N53", "TimeCreated": "2023-11-20 14:02:16.643446+00:00", "RecordID": "10751", "Level": "4", "UserID": "S-1-5-18", "EventData.Prop_ContainerId": "{31CBB587-565B-4467-B886-B462CD241170}"}
{"EventID": "301", "Channel": "Microsoft-Windows-DeviceSetupManager/Operational", "Provider_Name": "Microsoft-Windows-DeviceSetupManager", "Computer": "DESKTOP-OFJ6N53", "TimeCreated": "2023-11-20 14:02:19.716009+00:00", "RecordID": "10752", "Level": "4", "UserID": "S-1-5-18", "EventData.Prop_ContainerId": "{937E342C-9772-480B-B54C-FB4438BBCFB6}"}
{"EventID": "301", "Channel": "Microsoft-Windows-DeviceSetupManager/Operational", "Provider_Name": "Microsoft-Windows-DeviceSetupManager", "Computer": "DESKTOP-OFJ6N53", "TimeCreated": "2023-11-20 14:02:23.954245+00:00", "RecordID": "10753", "Level": "4", "UserID": "S-1-5-18", "EventData.Prop_ContainerId": "{9255C28B-421B-FD2A-4CA7-D7BAC659C1BD}"}
{"EventID": "301", "Channel": "Microsoft-Windows-DeviceSetupManager/Operational", "Provider_Name": "Microsoft-Windows-DeviceSetupManager", "Computer": "DESKTOP-OFJ6N53", "TimeCreated": "2023-11-20 14:02:25.025135+00:00", "RecordID": "10754", "Level": "4", "UserID": "S-1-5-18", "EventData.Prop_ContainerId": "{00000000-0000-0000-FFFF-FFFFFFFFFFFF}"}
{"EventID": "301", "Channel": "Microsoft-Windows-DeviceSetupManager/Operational", "Provider_Name": "Microsoft-Windows-DeviceSetupManager", "Computer": "DESKTOP-OFJ6N53", "TimeCreated": "2023-11-20 14:02:30.579893+00:00", "RecordID": "10755", "Level": "4", "UserID": "S-1-5-18", "EventData.Prop_ContainerId": "{ECC1E499-5EFD-039D-5887-23C2BD87E9A7}"}
{"EventID": "301", "Channel": "Microsoft-Windows-DeviceSetupManager/Operational", "Provider_Name": "Microsoft-Windows-DeviceSetupManager", "Computer": "DESKTOP-OFJ6N53", "TimeCreated": "2023-11-20 14:02:31.597391+00:00", "RecordID": "10756", "Level": "4", "UserID": "S-1-5-18", "EventData.Prop_ContainerId": "{F12ED10B-DE75-2C0C-5FA7-C264A3B6CB55}"}
{"EventID": "301", "Channel": "Microsoft-Windows-DeviceSetupManager/Operational", "Provider_Name": "Microsoft-Windows-DeviceSetupManager", "Computer": "DESKTOP-OFJ6N53", "TimeCreated": "2023-11-20 14:02:33.706768+00:00", "RecordID": "10757", "Level": "4", "UserID": "S-1-5-18", "EventData.Prop_ContainerId": "{C641391B-F276-0E02-33FF-F4A08F4AF52E}"}
{"EventID": "301", "Channel": "Microsoft-Windows-DeviceSetupManager/Operational", "Provider_Name": "Microsoft-Windows-DeviceSetupManager", "Computer": "DESKTOP-OFJ6N53", "TimeCreated": "2023-11-20 14:02:35.657488+00:00", "RecordID": "10758", "Level": "4", "UserID": "S-1-5-18", "EventData.Prop_ContainerId": "{82CDF178-F779-8038-0F43-FD11768B89E3}"}
{"EventID": "301", "Channel": "Microsoft-Windows-DeviceSetupManager/Operational", "Provider_Name": "Microsoft-Windows-DeviceSetupManager", "Computer": "DESKTOP-OFJ6N53", "TimeCreated": "2023-11-20 14:02:36.827160+00:00", "RecordID": "10759", "Level": "4", "UserID": "S-1-5-18", "EventData.Prop_ContainerId": "{C2AFB711-E01D-B859-69EE-8DFDB945EBF1}"}
{"EventID": "301", "Channel": "Microsoft-Windows-DeviceSetupManager/Operational", "Provider_Name": "Microsoft-Windows-DeviceSetupManager", "Computer": "DESKTOP-OFJ6N53", "TimeCreated": "2023-11-20 14:02:38.799934+00:00", "RecordID": "10760", "Level": "4", "UserID": "S-1-5-18", "EventData.Prop_ContainerId": "{C8BA3767-041C-707A-48E3-B5E7FCFD8653}"}
{"EventID": "301", "Channel": "Microsoft-Windows-DeviceSetupManager/Operational", "Provider_Name": "Microsoft-Windows-DeviceSetupManager", "Computer": "DESKTOP-OFJ6N53", "TimeCreated": "2023-11-20 14:02:40.886316+00:00", "RecordID": "10761", "Level": "4", "UserID": "S-1-5-18", "EventData.Prop_ContainerId": "{54F0286C-EA13-0B79-04AC-ED9E98FB1596}"}
{"EventID": "301", "Channel": "Microsoft-Windows-DeviceSetupManager/Operational", "Provider_Name": "Microsoft-Windows-DeviceSetupManager", "Computer": "DESKTOP-OFJ6N53", "TimeCreated": "2023-11-20 14:02:43.110615+00:00", "RecordID": "10762", "Level": "4", "UserID": "S-1-5-18", "EventData.Prop_ContainerId": "{9FDB06AE-3C11-C5C2-6F79-B527957711B5}"}
{"EventID": "300", "Channel": "Microsoft-Windows-DeviceSetupManager/Operational", "Provider_Name": "Microsoft-Windows-DeviceSetupManager", "Computer": "DESKTOP-OFJ6N53", "TimeCreated": "2023-11-22 10:37:19.704964+00:00", "RecordID": "10763", "Level": "4", "UserID": "S-1-5-18", "EventData.Prop_ContainerId": "{3EA0BFF0-499A-44DB-95C1-F8B7E26F562E}"}
{"EventID": "301", "Channel": "Microsoft-Windows-DeviceSetupManager/Operational", "Provider_Name": "Microsoft-Windows-DeviceSetupManager", "Computer": "DESKTOP-OFJ6N53", "TimeCreated": "2023-11-22 10:37:31.330526+00:00", "RecordID": "10764", "Level": "4", "UserID": "S-1-5-18", "EventData.Prop_ContainerId": "{3EA0BFF0-499A-44DB-95C1-F8B7E26F562E}"}
{"EventID": "301", "Channel": "Microsoft-Windows-DeviceSetupManager/Operational", "Provider_Name": "Microsoft-Windows-DeviceSetupManager", "Computer": "DESKTOP-OFJ6N53", "TimeCreated": "2023-11-22 10:37:32.603624+00:00", "RecordID": "10765", "Level": "4", "UserID": "S-1-5-18", "EventData.Prop_ContainerId": "{9255C28B-421B-FD2A-4CA7-D7BAC659C1BD}"}
{"EventID": "301", "Channel": "Microsoft-Windows-DeviceSetupManager/Operational", "Provider_Name": "Microsoft-Windows-DeviceSetupManager", "Computer": "DESKTOP-OFJ6N53", "TimeCreated": "2023-11-22 10:37:34.377073+00:00", "RecordID": "10766", "Level": "4", "UserID": "S-1-5-18", "EventData.Prop_ContainerId": "{00000000-0000-0000-FFFF-FFFFFFFFFFFF}"}
{"EventID": "301", "Channel": "Microsoft-Windows-DeviceSetupManager/Operational", "Provider_Name": "Microsoft-Windows-DeviceSetupManager", "Computer": "DESKTOP-OFJ6N53", "TimeCreated": "2023-11-22 10:37:40.515829+00:00", "RecordID": "10767", "Level": "4", "UserID": "S-1-5-18", "EventData.Prop_ContainerId": "{ECC1E499-5EFD-039D-5887-23C2BD87E9A7}"}
{"EventID": "301", "Channel": "Microsoft-Windows-DeviceSetupManager/Operational", "Provider_Name": "Microsoft-Windows-DeviceSetupManager", "Computer": "DESKTOP-OFJ6N53", "TimeCreated": "2023-11-22 10:37:46.787035+00:00", "RecordID": "10768", "Level": "4", "UserID": "S-1-5-18", "EventData.Prop_ContainerId": "{F12ED10B-DE75-2C0C-5FA7-C264A3B6CB55}"}
{"EventID": "301", "Channel": "Microsoft-Windows-DeviceSetupManager/Operational", "Provider_Name": "Microsoft-Windows-DeviceSetupManager", "Computer": "DESKTOP-OFJ6N53", "TimeCreated": "2023-11-22 10:37:47.771067+00:00", "RecordID": "10769", "Level": "4", "UserID": "S-1-5-18", "EventData.Prop_ContainerId": "{C641391B-F276-0E02-33FF-F4A08F4AF52E}"}
{"EventID": "301", "Channel": "Microsoft-Windows-DeviceSetupManager/Operational", "Provider_Name": "Microsoft-Windows-DeviceSetupManager", "Computer": "DESKTOP-OFJ6N53", "TimeCreated": "2023-11-22 10:37:51.340240+00:00", "RecordID": "10770", "Level": "4", "UserID": "S-1-5-18", "EventData.Prop_ContainerId": "{82CDF178-F779-8038-0F43-FD11768B89E3}"}
{"EventID": "301", "Channel": "Microsoft-Windows-DeviceSetupManager/Operational", "Provider_Name": "Microsoft-Windows-DeviceSetupManager", "Computer": "DESKTOP-OFJ6N53", "TimeCreated": "2023-11-22 10:37:52.965105+00:00", "RecordID": "10771", "Level": "4", "UserID": "S-1-5-18", "EventData.Prop_ContainerId": "{C2AFB711-E01D-B859-69EE-8DFDB945EBF1}"}
{"EventID": "301", "Channel": "Microsoft-Windows-DeviceSetupManager/Operational", "Provider_Name": "Microsoft-Windows-DeviceSetupManager", "Computer": "DESKTOP-OFJ6N53", "TimeCreated": "2023-11-22 10:37:56.512028+00:00", "RecordID": "10772", "Level": "4", "UserID": "S-1-5-18", "EventData.Prop_ContainerId": "{9FDB06AE-3C11-C5C2-6F79-B527957711B5}"}
{"EventID": "301", "Channel": "Microsoft-Windows-DeviceSetupManager/Operational", "Provider_Name": "Microsoft-Windows-DeviceSetupManager", "Computer": "DESKTOP-OFJ6N53", "TimeCreated": "2023-11-22 10:38:01.486712+00:00", "RecordID": "10773", "Level": "4", "UserID": "S-1-5-18", "EventData.Prop_ContainerId": "{C8BA3767-041C-707A-48E3-B5E7FCFD8653}"}
{"EventID": "301", "Channel": "Microsoft-Windows-DeviceSetupManager/Operational", "Provider_Name": "Microsoft-Windows-DeviceSetupManager", "Computer": "DESKTOP-OFJ6N53", "TimeCreated": "2023-11-22 10:38:05.776777+00:00", "RecordID": "10774", "Level": "4", "UserID": "S-1-5-18", "EventData.Prop_ContainerId": "{54F0286C-EA13-0B79-04AC-ED9E98FB1596}"}
{"EventID": "301", "Channel": "Microsoft-Windows-DeviceSetupManager/Operational", "Provider_Name": "Microsoft-Windows-DeviceSetupManager", "Computer": "DESKTOP-OFJ6N53", "TimeCreated": "2023-11-22 10:43:03.918192+00:00", "RecordID": "10775", "Level": "4", "UserID": "S-1-5-18", "EventData.Prop_ContainerId": "{C641391B-F276-0E02-33FF-F4A08F4AF52E}"}
{"EventID": "301", "Channel": "Microsoft-Windows-DeviceSetupManager/Operational", "Provider_Name": "Microsoft-Windows-DeviceSetupManager", "Computer": "DESKTOP-OFJ6N53", "TimeCreated": "2023-11-22 10:43:05.677258+00:00", "RecordID": "10776", "Level": "4", "UserID": "S-1-5-18", "EventData.Prop_ContainerId": "{00000000-0000-0000-FFFF-FFFFFFFFFFFF}"}
{"EventID": "300", "Channel": "Microsoft-Windows-DeviceSetupManager/Operational", "Provider_Name": "Microsoft-Windows-DeviceSetupManager", "Computer": "DESKTOP-OFJ6N53", "TimeCreated": "2023-11-23 11:55:04.740007+00:00", "RecordID": "10777", "Level": "4", "UserID": "S-1-5-18", "EventData.Prop_ContainerId": "{7ADE38B0-010A-450A-AC35-5870519BD742}"}
{"EventID": "301", "Channel": "Microsoft-Windows-DeviceSetupManager/Operational", "Provider_Name": "Microsoft-Windows-DeviceSetupManager", "Computer": "DESKTOP-OFJ6N53", "TimeCreated": "2023-11-23 11:55:09.116491+00:00", "RecordID": "10778", "Level": "4", "UserID": "S-1-5-18", "EventData.Prop_ContainerId": "{7ADE38B0-010A-450A-AC35-5870519BD742}"}
{"EventID": "301", "Channel": "Microsoft-Windows-DeviceSetupManager/Operational", "Provider_Name": "Microsoft-Windows-DeviceSetupManager", "Computer": "DESKTOP-OFJ6N53", "TimeCreated": "2023-11-23 11:55:09.869858+00:00", "RecordID": "10779", "Level": "4", "UserID": "S-1-5-18", "EventData.Prop_ContainerId": "{9255C28B-421B-FD2A-4CA7-D7BAC659C1BD}"}
{"EventID": "301", "Channel": "Microsoft-Windows-DeviceSetupManager/Operational", "Provider_Name": "Microsoft-Windows-DeviceSetupManager", "Computer": "DESKTOP-OFJ6N53", "TimeCreated": "2023-11-23 11:55:10.605824+00:00", "RecordID": "10780", "Level": "4", "UserID": "S-1-5-18", "EventData.Prop_ContainerId": "{00000000-0000-0000-FFFF-FFFFFFFFFFFF}"}
{"EventID": "301", "Channel": "Microsoft-Windows-DeviceSetupManager/Operational", "Provider_Name": "Microsoft-Windows-DeviceSetupManager", "Computer": "DESKTOP-OFJ6N53", "TimeCreated": "2023-11-23 11:55:12.651073+00:00", "RecordID": "10781", "Level": "4", "UserID": "S-1-5-18", "EventData.Prop_ContainerId": "{ECC1E499-5EFD-039D-5887-23C2BD87E9A7}"}
{"EventID": "301", "Channel": "Microsoft-Windows-DeviceSetupManager/Operational", "Provider_Name": "Microsoft-Windows-DeviceSetupManager", "Computer": "DESKTOP-OFJ6N53", "TimeCreated": "2023-11-23 11:55:15.938122+00:00", "RecordID": "10782", "Level": "4", "UserID": "S-1-5-18", "EventData.Prop_ContainerId": "{F12ED10B-DE75-2C0C-5FA7-C264A3B6CB55}"}
{"EventID": "301", "Channel": "Microsoft-Windows-DeviceSetupManager/Operational", "Provider_Name": "Microsoft-Windows-DeviceSetupManager", "Computer": "DESKTOP-OFJ6N53", "TimeCreated": "2023-11-23 11:55:16.767128+00:00", "RecordID": "10783", "Level": "4", "UserID": "S-1-5-18", "EventData.Prop_ContainerId": "{C641391B-F276-0E02-33FF-F4A08F4AF52E}"}
{"EventID": "301", "Channel": "Microsoft-Windows-DeviceSetupManager/Operational", "Provider_Name": "Microsoft-Windows-DeviceSetupManager", "Computer": "DESKTOP-OFJ6N53", "TimeCreated": "2023-11-23 11:55:18.922979+00:00", "RecordID": "10784", "Level": "4", "UserID": "S-1-5-18", "EventData.Prop_ContainerId": "{C2AFB711-E01D-B859-69EE-8DFDB945EBF1}"}
{"EventID": "301", "Channel": "Microsoft-Windows-DeviceSetupManager/Operational", "Provider_Name": "Microsoft-Windows-DeviceSetupManager", "Computer": "DESKTOP-OFJ6N53", "TimeCreated": "2023-11-23 11:55:20.179203+00:00", "RecordID": "10785", "Level": "4", "UserID": "S-1-5-18", "EventData.Prop_ContainerId": "{C8BA3767-041C-707A-48E3-B5E7FCFD8653}"}
{"EventID": "301", "Channel": "Microsoft-Windows-DeviceSetupManager/Operational", "Provider_Name": "Microsoft-Windows-DeviceSetupManager", "Computer": "DESKTOP-OFJ6N53", "TimeCreated": "2023-11-23 11:55:21.965389+00:00", "RecordID": "10786", "Level": "4", "UserID": "S-1-5-18", "EventData.Prop_ContainerId": "{9FDB06AE-3C11-C5C2-6F79-B527957711B5}"}
{"EventID": "301", "Channel": "Microsoft-Windows-DeviceSetupManager/Operational", "Provider_Name": "Microsoft-Windows-DeviceSetupManager", "Computer": "DESKTOP-OFJ6N53", "TimeCreated": "2023-11-23 11:55:24.301441+00:00", "RecordID": "10787", "Level": "4", "UserID": "S-1-5-18", "EventData.Prop_ContainerId": "{54F0286C-EA13-0B79-04AC-ED9E98FB1596}"}
{"EventID": "301", "Channel": "Microsoft-Windows-DeviceSetupManager/Operational", "Provider_Name": "Microsoft-Windows-DeviceSetupManager", "Computer": "DESKTOP-OFJ6N53", "TimeCreated": "2023-11-23 11:55:26.069019+00:00", "RecordID": "10788", "Level": "4", "UserID": "S-1-5-18", "EventData.Prop_ContainerId": "{82CDF178-F779-8038-0F43-FD11768B89E3}"}
{"EventID": "300", "Channel": "Microsoft-Windows-DeviceSetupManager/Operational", "Provider_Name": "Microsoft-Windows-DeviceSetupManager", "Computer": "DESKTOP-OFJ6N53", "TimeCreated": "2023-11-27 18:06:24.288010+00:00", "RecordID": "10789", "Level": "4", "UserID": "S-1-5-18", "EventData.Prop_ContainerId": "{B052BE90-6DAC-BA5B-A3E1-55E8AA273FD9}"}
{"EventID": "301", "Channel": "Microsoft-Windows-DeviceSetupManager/Operational", "Provider_Name": "Microsoft-Windows-DeviceSetupManager", "Computer": "DESKTOP-OFJ6N53", "TimeCreated": "2023-11-27 18:06:25.607006+00:00", "RecordID": "10790", "Level": "4", "UserID": "S-1-5-18", "EventData.Prop_ContainerId": "{B052BE90-6DAC-BA5B-A3E1-55E8AA273FD9}"}
{"EventID": "301", "Channel": "Microsoft-Windows-DeviceSetupManager/Operational", "Provider_Name": "Microsoft-Windows-DeviceSetupManager", "Computer": "DESKTOP-OFJ6N53", "TimeCreated": "2023-11-28 09:05:54.797939+00:00", "RecordID": "10791", "Level": "4", "UserID": "S-1-5-18", "EventData.Prop_ContainerId": "{2572A948-954B-11EC-A6B8-806E6F6E6963}"}
{"EventID": "301", "Channel": "Microsoft-Windows-DeviceSetupManager/Operational", "Provider_Name": "Microsoft-Windows-DeviceSetupManager", "Computer": "DESKTOP-OFJ6N53", "TimeCreated": "2023-11-28 09:05:54.986597+00:00", "RecordID": "10792", "Level": "4", "UserID": "S-1-5-18", "EventData.Prop_ContainerId": "{B01CB9B2-9E9C-11EC-A6BD-00059A3C7A00}"}
{"EventID": "301", "Channel": "Microsoft-Windows-DeviceSetupManager/Operational", "Provider_Name": "Microsoft-Windows-DeviceSetupManager", "Computer": "DESKTOP-OFJ6N53", "TimeCreated": "2023-11-28 09:05:55.164429+00:00", "RecordID": "10793", "Level": "4", "UserID": "S-1-5-18", "EventData.Prop_ContainerId": "{CA0E9E80-3E97-FCAC-730A-8CB080FA2581}"}
{"EventID": "301", "Channel": "Microsoft-Windows-DeviceSetupManager/Operational", "Provider_Name": "Microsoft-Windows-DeviceSetupManager", "Computer": "DESKTOP-OFJ6N53", "TimeCreated": "2023-11-28 09:05:55.374783+00:00", "RecordID": "10794", "Level": "4", "UserID": "S-1-5-18", "EventData.Prop_ContainerId": "{00000000-0000-0000-FFFF-FFFFFFFFFFFF}"}
{"EventID": "301", "Channel": "Microsoft-Windows-DeviceSetupManager/Operational", "Provider_Name": "Microsoft-Windows-DeviceSetupManager", "Computer": "DESKTOP-OFJ6N53", "TimeCreated": "2023-11-28 09:05:55.550961+00:00", "RecordID": "10795", "Level": "4", "UserID": "S-1-5-18", "EventData.Prop_ContainerId": "{0A568158-2954-F19C-89F3-03ACAEE1F85E}"}
{"EventID": "301", "Channel": "Microsoft-Windows-DeviceSetupManager/Operational", "Provider_Name": "Microsoft-Windows-DeviceSetupManager", "Computer": "DESKTOP-OFJ6N53", "TimeCreated": "2023-11-28 09:05:55.725986+00:00", "RecordID": "10796", "Level": "4", "UserID": "S-1-5-18", "EventData.Prop_ContainerId": "{EB3E824A-9B15-11EC-A6BD-00059A3C7A00}"}
{"EventID": "301", "Channel": "Microsoft-Windows-DeviceSetupManager/Operational", "Provider_Name": "Microsoft-Windows-DeviceSetupManager", "Computer": "DESKTOP-OFJ6N53", "TimeCreated": "2023-11-28 09:05:55.904455+00:00", "RecordID": "10797", "Level": "4", "UserID": "S-1-5-18", "EventData.Prop_ContainerId": "{2572A968-954B-11EC-A6B8-806E6F6E6963}"}
{"EventID": "301", "Channel": "Microsoft-Windows-DeviceSetupManager/Operational", "Provider_Name": "Microsoft-Windows-DeviceSetupManager", "Computer": "DESKTOP-OFJ6N53", "TimeCreated": "2023-11-28 09:05:56.085773+00:00", "RecordID": "10798", "Level": "4", "UserID": "S-1-5-18", "EventData.Prop_ContainerId": "{EB3E8249-9B15-11EC-A6BD-00059A3C7A00}"}
{"EventID": "301", "Channel": "Microsoft-Windows-DeviceSetupManager/Operational", "Provider_Name": "Microsoft-Windows-DeviceSetupManager", "Computer": "DESKTOP-OFJ6N53", "TimeCreated": "2023-11-28 09:05:56.263823+00:00", "RecordID": "10799", "Level": "4", "UserID": "S-1-5-18", "EventData.Prop_ContainerId": "{2572A949-954B-11EC-A6B8-806E6F6E6963}"}
{"EventID": "301", "Channel": "Microsoft-Windows-DeviceSetupManager/Operational", "Provider_Name": "Microsoft-Windows-DeviceSetupManager", "Computer": "DESKTOP-OFJ6N53", "TimeCreated": "2023-11-28 09:05:56.650003+00:00", "RecordID": "10800", "Level": "4", "UserID": "S-1-5-18", "EventData.Prop_ContainerId": "{2572A954-954B-11EC-A6B8-806E6F6E6963}"}
{"EventID": "301", "Channel": "Microsoft-Windows-DeviceSetupManager/Operational", "Provider_Name": "Microsoft-Windows-DeviceSetupManager", "Computer": "DESKTOP-OFJ6N53", "TimeCreated": "2023-11-28 09:05:57.351408+00:00", "RecordID": "10801", "Level": "4", "UserID": "S-1-5-18", "EventData.Prop_ContainerId": "{298580E3-E0E9-5B21-9699-52225753EF2E}"}
{"EventID": "301", "Channel": "Microsoft-Windows-DeviceSetupManager/Operational", "Provider_Name": "Microsoft-Windows-DeviceSetupManager", "Computer": "DESKTOP-OFJ6N53", "TimeCreated": "2023-11-28 09:05:57.652781+00:00", "RecordID": "10802", "Level": "4", "UserID": "S-1-5-18", "EventData.Prop_ContainerId": "{CE0FA189-B34B-408B-912A-0A3BC6D602AD}"}
{"EventID": "301", "Channel": "Microsoft-Windows-DeviceSetupManager/Operational", "Provider_Name": "Microsoft-Windows-DeviceSetupManager", "Computer": "DESKTOP-OFJ6N53", "TimeCreated": "2023-11-28 09:05:58.113260+00:00", "RecordID": "10803", "Level": "4", "UserID": "S-1-5-18", "EventData.Prop_ContainerId": "{2572A947-954B-11EC-A6B8-806E6F6E6963}"}
{"EventID": "301", "Channel": "Microsoft-Windows-DeviceSetupManager/Operational", "Provider_Name": "Microsoft-Windows-DeviceSetupManager", "Computer": "DESKTOP-OFJ6N53", "TimeCreated": "2023-11-28 09:05:58.734825+00:00", "RecordID": "10804", "Level": "4", "UserID": "S-1-5-18", "EventData.Prop_ContainerId": "{B052BE90-6DAC-BA5B-A3E1-55E8AA273FD9}"}
{"EventID": "301", "Channel": "Microsoft-Windows-DeviceSetupManager/Operational", "Provider_Name": "Microsoft-Windows-DeviceSetupManager", "Computer": "DESKTOP-OFJ6N53", "TimeCreated": "2023-11-28 09:05:59.452343+00:00", "RecordID": "10805", "Level": "4", "UserID": "S-1-5-18", "EventData.Prop_ContainerId": "{D397268A-724C-B4EF-D641-C9234BA2948B}"}
{"EventID": "300", "Channel": "Microsoft-Windows-DeviceSetupManager/Operational", "Provider_Name": "Microsoft-Windows-DeviceSetupManager", "Computer": "DESKTOP-OFJ6N53", "TimeCreated": "2023-11-29 22:51:21.379314+00:00", "RecordID": "10806", "Level": "4", "UserID": "S-1-5-18", "EventData.Prop_ContainerId": "{4B4499A2-2E47-4713-BF58-64CAAAFFA6EB}"}
{"EventID": "301", "Channel": "Microsoft-Windows-DeviceSetupManager/Operational", "Provider_Name": "Microsoft-Windows-DeviceSetupManager", "Computer": "DESKTOP-OFJ6N53", "TimeCreated": "2023-11-29 22:51:22.646292+00:00", "RecordID": "10807", "Level": "4", "UserID": "S-1-5-18", "EventData.Prop_ContainerId": "{4DF4D30C-95BA-11EC-A6BC-00059A3C7A00}"}
{"EventID": "301", "Channel": "Microsoft-Windows-DeviceSetupManager/Operational", "Provider_Name": "Microsoft-Windows-DeviceSetupManager", "Computer": "DESKTOP-OFJ6N53", "TimeCreated": "2023-11-29 22:51:23.768343+00:00", "RecordID": "10808", "Level": "4", "UserID": "S-1-5-18", "EventData.Prop_ContainerId": "{4B4499A2-2E47-4713-BF58-64CAAAFFA6EB}"}
{"EventID": "301", "Channel": "Microsoft-Windows-DeviceSetupManager/Operational", "Provider_Name": "Microsoft-Windows-DeviceSetupManager", "Computer": "DESKTOP-OFJ6N53", "TimeCreated": "2023-11-29 22:51:29.470812+00:00", "RecordID": "10809", "Level": "4", "UserID": "S-1-5-18", "EventData.Prop_ContainerId": "{9255C28B-421B-FD2A-4CA7-D7BAC659C1BD}"}
{"EventID": "301", "Channel": "Microsoft-Windows-DeviceSetupManager/Operational", "Provider_Name": "Microsoft-Windows-DeviceSetupManager", "Computer": "DESKTOP-OFJ6N53", "TimeCreated": "2023-11-29 22:51:45.658958+00:00", "RecordID": "10810", "Level": "4", "UserID": "S-1-5-18", "EventData.Prop_ContainerId": "{ECC1E499-5EFD-039D-5887-23C2BD87E9A7}"}
{"EventID": "301", "Channel": "Microsoft-Windows-DeviceSetupManager/Operational", "Provider_Name": "Microsoft-Windows-DeviceSetupManager", "Computer": "DESKTOP-OFJ6N53", "TimeCreated": "2023-11-29 22:51:46.358644+00:00", "RecordID": "10811", "Level": "4", "UserID": "S-1-5-18", "EventData.Prop_ContainerId": "{00000000-0000-0000-FFFF-FFFFFFFFFFFF}"}
{"EventID": "301", "Channel": "Microsoft-Windows-DeviceSetupManager/Operational", "Provider_Name": "Microsoft-Windows-DeviceSetupManager", "Computer": "DESKTOP-OFJ6N53", "TimeCreated": "2023-11-29 22:51:47.367863+00:00", "RecordID": "10812", "Level": "4", "UserID": "S-1-5-18", "EventData.Prop_ContainerId": "{F12ED10B-DE75-2C0C-5FA7-C264A3B6CB55}"}
{"EventID": "301", "Channel": "Microsoft-Windows-DeviceSetupManager/Operational", "Provider_Name": "Microsoft-Windows-DeviceSetupManager", "Computer": "DESKTOP-OFJ6N53", "TimeCreated": "2023-11-29 22:51:48.366159+00:00", "RecordID": "10813", "Level": "4", "UserID": "S-1-5-18", "EventData.Prop_ContainerId": "{C641391B-F276-0E02-33FF-F4A08F4AF52E}"}
{"EventID": "301", "Channel": "Microsoft-Windows-DeviceSetupManager/Operational", "Provider_Name": "Microsoft-Windows-DeviceSetupManager", "Computer": "DESKTOP-OFJ6N53", "TimeCreated": "2023-11-29 22:51:48.990797+00:00", "RecordID": "10814", "Level": "4", "UserID": "S-1-5-18", "EventData.Prop_ContainerId": "{82CDF178-F779-8038-0F43-FD11768B89E3}"}
{"EventID": "301", "Channel": "Microsoft-Windows-DeviceSetupManager/Operational", "Provider_Name": "Microsoft-Windows-DeviceSetupManager", "Computer": "DESKTOP-OFJ6N53", "TimeCreated": "2023-11-29 22:51:49.793030+00:00", "RecordID": "10815", "Level": "4", "UserID": "S-1-5-18", "EventData.Prop_ContainerId": "{9FDB06AE-3C11-C5C2-6F79-B527957711B5}"}
{"EventID": "301", "Channel": "Microsoft-Windows-DeviceSetupManager/Operational", "Provider_Name": "Microsoft-Windows-DeviceSetupManager", "Computer": "DESKTOP-OFJ6N53", "TimeCreated": "2023-11-29 22:51:50.362339+00:00", "RecordID": "10816", "Level": "4", "UserID": "S-1-5-18", "EventData.Prop_ContainerId": "{C8BA3767-041C-707A-48E3-B5E7FCFD8653}"}
{"EventID": "301", "Channel": "Microsoft-Windows-DeviceSetupManager/Operational", "Provider_Name": "Microsoft-Windows-DeviceSetupManager", "Computer": "DESKTOP-OFJ6N53", "TimeCreated": "2023-11-29 22:51:51.162640+00:00", "RecordID": "10817", "Level": "4", "UserID": "S-1-5-18", "EventData.Prop_ContainerId": "{54F0286C-EA13-0B79-04AC-ED9E98FB1596}"}
{"EventID": "301", "Channel": "Microsoft-Windows-DeviceSetupManager/Operational", "Provider_Name": "Microsoft-Windows-DeviceSetupManager", "Computer": "DESKTOP-OFJ6N53", "TimeCreated": "2023-11-29 22:51:52.008024+00:00", "RecordID": "10818", "Level": "4", "UserID": "S-1-5-18", "EventData.Prop_ContainerId": "{C2AFB711-E01D-B859-69EE-8DFDB945EBF1}"}
{"EventID": "300", "Channel": "Microsoft-Windows-DeviceSetupManager/Operational", "Provider_Name": "Microsoft-Windows-DeviceSetupManager", "Computer": "DESKTOP-OFJ6N53", "TimeCreated": "2023-12-04 08:59:02.583158+00:00", "RecordID": "10819", "Level": "4", "UserID": "S-1-5-18", "EventData.Prop_ContainerId": "{9BAEA671-33EA-4424-A7ED-1692BEC790DD}"}
{"EventID": "300", "Channel": "Microsoft-Windows-DeviceSetupManager/Operational", "Provider_Name": "Microsoft-Windows-DeviceSetupManager", "Computer": "DESKTOP-OFJ6N53", "TimeCreated": "2023-12-04 14:58:20.689781+00:00", "RecordID": "10820", "Level": "4", "UserID": "S-1-5-18", "EventData.Prop_ContainerId": "{5037A21B-4C1E-4158-A4FF-A8E5E5904257}"}
{"EventID": "300", "Channel": "Microsoft-Windows-DeviceSetupManager/Operational", "Provider_Name": "Microsoft-Windows-DeviceSetupManager", "Computer": "DESKTOP-OFJ6N53", "TimeCreated": "2023-12-04 19:48:19.492256+00:00", "RecordID": "10821", "Level": "4", "UserID": "S-1-5-18", "EventData.Prop_ContainerId": "{DDC4DB4B-5E8F-4543-A1DE-C1DAA3FAAD4A}"}
{"EventID": "300", "Channel": "Microsoft-Windows-DeviceSetupManager/Operational", "Provider_Name": "Microsoft-Windows-DeviceSetupManager", "Computer": "DESKTOP-OFJ6N53", "TimeCreated": "2023-12-04 20:12:24.409023+00:00", "RecordID": "10822", "Level": "4", "UserID": "S-1-5-18", "EventData.Prop_ContainerId": "{B90F7060-BBCE-4702-936D-45F6886B8DFF}"}
{"EventID": "300", "Channel": "Microsoft-Windows-DeviceSetupManager/Operational", "Provider_Name": "Microsoft-Windows-DeviceSetupManager", "Computer": "DESKTOP-OFJ6N53", "TimeCreated": "2023-12-04 21:55:00.681925+00:00", "RecordID": "10823", "Level": "4", "UserID": "S-1-5-18", "EventData.Prop_ContainerId": "{279DCF5F-579D-45BE-A3A3-06F2EC99A27C}"}
{"EventID": "300", "Channel": "Microsoft-Windows-DeviceSetupManager/Operational", "Provider_Name": "Microsoft-Windows-DeviceSetupManager", "Computer": "DESKTOP-OFJ6N53", "TimeCreated": "2023-12-05 07:38:10.533661+00:00", "RecordID": "10824", "Level": "4", "UserID": "S-1-5-18", "EventData.Prop_ContainerId": "{9148FA20-98E5-4927-B9D6-91047AF39FFA}"}
{"EventID": "300", "Channel": "Microsoft-Windows-DeviceSetupManager/Operational", "Provider_Name": "Microsoft-Windows-DeviceSetupManager", "Computer": "DESKTOP-OFJ6N53", "TimeCreated": "2023-12-05 07:40:04.519663+00:00", "RecordID": "10825", "Level": "4", "UserID": "S-1-5-18", "EventData.Prop_ContainerId": "{85F5222A-6E6E-4192-B399-A8FC0792D4D2}"}
{"EventID": "300", "Channel": "Microsoft-Windows-DeviceSetupManager/Operational", "Provider_Name": "Microsoft-Windows-DeviceSetupManager", "Computer": "DESKTOP-OFJ6N53", "TimeCreated": "2023-12-05 07:41:04.570341+00:00", "RecordID": "10826", "Level": "4", "UserID": "S-1-5-18", "EventData.Prop_ContainerId": "{9148FA20-98E5-4927-B9D6-91047AF39FFA}"}
{"EventID": "300", "Channel": "Microsoft-Windows-DeviceSetupManager/Operational", "Provider_Name": "Microsoft-Windows-DeviceSetupManager", "Computer": "DESKTOP-OFJ6N53", "TimeCreated": "2023-12-05 13:22:32.698828+00:00", "RecordID": "10827", "Level": "4", "UserID": "S-1-5-18", "EventData.Prop_ContainerId": "{AF557E73-4EFD-485A-9E06-16BAD46A5FDD}"}
{"EventID": "300", "Channel": "Microsoft-Windows-DeviceSetupManager/Operational", "Provider_Name": "Microsoft-Windows-DeviceSetupManager", "Computer": "DESKTOP-OFJ6N53", "TimeCreated": "2023-12-05 13:38:31.325483+00:00", "RecordID": "10828", "Level": "4", "UserID": "S-1-5-18", "EventData.Prop_ContainerId": "{8A6AEA50-CBD2-47FE-8D7D-D68CDD59D0B2}"}
{"EventID": "300", "Channel": "Microsoft-Windows-DeviceSetupManager/Operational", "Provider_Name": "Microsoft-Windows-DeviceSetupManager", "Computer": "DESKTOP-OFJ6N53", "TimeCreated": "2023-12-05 13:45:53.682480+00:00", "RecordID": "10829", "Level": "4", "UserID": "S-1-5-18", "EventData.Prop_ContainerId": "{A511DA6D-A934-4B71-A353-9051F728353F}"}
{"EventID": "300", "Channel": "Microsoft-Windows-DeviceSetupManager/Operational", "Provider_Name": "Microsoft-Windows-DeviceSetupManager", "Computer": "DESKTOP-OFJ6N53", "TimeCreated": "2023-12-08 10:23:49.143766+00:00", "RecordID": "10830", "Level": "4", "UserID": "S-1-5-18", "EventData.Prop_ContainerId": "{0EF4CE67-3A60-4776-9CCE-9A153232FCA8}"}
{"EventID": "300", "Channel": "Microsoft-Windows-DeviceSetupManager/Operational", "Provider_Name": "Microsoft-Windows-DeviceSetupManager", "Computer": "DESKTOP-OFJ6N53", "TimeCreated": "2023-12-11 13:32:48.839474+00:00", "RecordID": "10831", "Level": "4", "UserID": "S-1-5-18", "EventData.Prop_ContainerId": "{D2FD7C47-42F5-459B-B660-62A06A37522E}"}
{"EventID": "300", "Channel": "Microsoft-Windows-DeviceSetupManager/Operational", "Provider_Name": "Microsoft-Windows-DeviceSetupManager", "Computer": "DESKTOP-OFJ6N53", "TimeCreated": "2023-12-11 15:06:19.872295+00:00", "RecordID": "10832", "Level": "4", "UserID": "S-1-5-18", "EventData.Prop_ContainerId": "{022192DA-BAF2-47B7-B947-10897D3AAC49}"}
{"EventID": "300", "Channel": "Microsoft-Windows-DeviceSetupManager/Operational", "Provider_Name": "Microsoft-Windows-DeviceSetupManager", "Computer": "DESKTOP-OFJ6N53", "TimeCreated": "2023-12-11 18:13:32.605629+00:00", "RecordID": "10833", "Level": "4", "UserID": "S-1-5-18", "EventData.Prop_ContainerId": "{D2FD7C47-42F5-459B-B660-62A06A37522E}"}
{"EventID": "300", "Channel": "Microsoft-Windows-DeviceSetupManager/Operational", "Provider_Name": "Microsoft-Windows-DeviceSetupManager", "Computer": "DESKTOP-OFJ6N53", "TimeCreated": "2023-12-12 07:21:31.583143+00:00", "RecordID": "10834", "Level": "4", "UserID": "S-1-5-18", "EventData.Prop_ContainerId": "{E565CE43-717F-4020-A0B1-E36EC6579418}"}
{"EventID": "300", "Channel": "Microsoft-Windows-DeviceSetupManager/Operational", "Provider_Name": "Microsoft-Windows-DeviceSetupManager", "Computer": "DESKTOP-OFJ6N53", "TimeCreated": "2023-12-12 07:21:32.523308+00:00", "RecordID": "10835", "Level": "4", "UserID": "S-1-5-18", "EventData.Prop_ContainerId": "{93BC5573-FA1C-4317-906F-307B9BF9585A}"}
{"EventID": "300", "Channel": "Microsoft-Windows-DeviceSetupManager/Operational", "Provider_Name": "Microsoft-Windows-DeviceSetupManager", "Computer": "DESKTOP-OFJ6N53", "TimeCreated": "2023-12-12 07:21:53.612619+00:00", "RecordID": "10836", "Level": "4", "UserID": "S-1-5-18", "EventData.Prop_ContainerId": "{E565CE43-717F-4020-A0B1-E36EC6579418}"}
{"EventID": "300", "Channel": "Microsoft-Windows-DeviceSetupManager/Operational", "Provider_Name": "Microsoft-Windows-DeviceSetupManager", "Computer": "DESKTOP-OFJ6N53", "TimeCreated": "2023-12-12 07:22:50.016064+00:00", "RecordID": "10837", "Level": "4", "UserID": "S-1-5-18", "EventData.Prop_ContainerId": "{E565CE43-717F-4020-A0B1-E36EC6579418}"}
{"EventID": "300", "Channel": "Microsoft-Windows-DeviceSetupManager/Operational", "Provider_Name": "Microsoft-Windows-DeviceSetupManager", "Computer": "DESKTOP-OFJ6N53", "TimeCreated": "2023-12-12 15:14:58.864742+00:00", "RecordID": "10838", "Level": "4", "UserID": "S-1-5-18", "EventData.Prop_ContainerId": "{327596F3-EF31-4CD3-9F0D-F8FFB3C1CBEC}"}
{"EventID": "300", "Channel": "Microsoft-Windows-DeviceSetupManager/Operational", "Provider_Name": "Microsoft-Windows-DeviceSetupManager", "Computer": "DESKTOP-OFJ6N53", "TimeCreated": "2023-12-13 10:18:00.648920+00:00", "RecordID": "10839", "Level": "4", "UserID": "S-1-5-18", "EventData.Prop_ContainerId": "{E19AFCA4-11AE-4D68-9496-0C6303CECD7E}"}
{"EventID": "300", "Channel": "Microsoft-Windows-DeviceSetupManager/Operational", "Provider_Name": "Microsoft-Windows-DeviceSetupManager", "Computer": "DESKTOP-OFJ6N53", "TimeCreated": "2023-12-14 08:20:10.998001+00:00", "RecordID": "10840", "Level": "4", "UserID": "S-1-5-18", "EventData.Prop_ContainerId": "{EC0B021B-41B9-4AEB-99C4-73BAC4249193}"}
{"EventID": "300", "Channel": "Microsoft-Windows-DeviceSetupManager/Operational", "Provider_Name": "Microsoft-Windows-DeviceSetupManager", "Computer": "DESKTOP-OFJ6N53", "TimeCreated": "2023-12-14 13:35:05.449722+00:00", "RecordID": "10841", "Level": "4", "UserID": "S-1-5-18", "EventData.Prop_ContainerId": "{50E2BB10-24D3-45F2-A278-9CE52ED93C38}"}
{"EventID": "300", "Channel": "Microsoft-Windows-DeviceSetupManager/Operational", "Provider_Name": "Microsoft-Windows-DeviceSetupManager", "Computer": "DESKTOP-OFJ6N53", "TimeCreated": "2023-12-14 15:33:14.707594+00:00", "RecordID": "10842", "Level": "4", "UserID": "S-1-5-18", "EventData.Prop_ContainerId": "{28673C15-4615-4F06-B476-4D94F39477D9}"}
{"EventID": "300", "Channel": "Microsoft-Windows-DeviceSetupManager/Operational", "Provider_Name": "Microsoft-Windows-DeviceSetupManager", "Computer": "DESKTOP-OFJ6N53", "TimeCreated": "2023-12-15 08:26:40.362349+00:00", "RecordID": "10843", "Level": "4", "UserID": "S-1-5-18", "EventData.Prop_ContainerId": "{A0E2E461-62D6-461B-B496-58ECBF9989C1}"}
{"EventID": "300", "Channel": "Microsoft-Windows-DeviceSetupManager/Operational", "Provider_Name": "Microsoft-Windows-DeviceSetupManager", "Computer": "DESKTOP-OFJ6N53", "TimeCreated": "2023-12-15 08:38:39.012930+00:00", "RecordID": "10844", "Level": "4", "UserID": "S-1-5-18", "EventData.Prop_ContainerId": "{179B553B-24A0-4F94-97F2-BD8B8EB057E2}"}
{"EventID": "300", "Channel": "Microsoft-Windows-DeviceSetupManager/Operational", "Provider_Name": "Microsoft-Windows-DeviceSetupManager", "Computer": "DESKTOP-OFJ6N53", "TimeCreated": "2023-12-15 14:30:21.150156+00:00", "RecordID": "10845", "Level": "4", "UserID": "S-1-5-18", "EventData.Prop_ContainerId": "{D08A8AC9-59C8-4E99-BAC8-23E0AC3E63A3}"}
{"EventID": "300", "Channel": "Microsoft-Windows-DeviceSetupManager/Operational", "Provider_Name": "Microsoft-Windows-DeviceSetupManager", "Computer": "DESKTOP-OFJ6N53", "TimeCreated": "2023-12-16 14:35:26.787344+00:00", "RecordID": "10846", "Level": "4", "UserID": "S-1-5-18", "EventData.Prop_ContainerId": "{A0E2E461-62D6-461B-B496-58ECBF9989C1}"}
{"EventID": "300", "Channel": "Microsoft-Windows-DeviceSetupManager/Operational", "Provider_Name": "Microsoft-Windows-DeviceSetupManager", "Computer": "DESKTOP-OFJ6N53", "TimeCreated": "2023-12-17 19:34:31.253746+00:00", "RecordID": "10847", "Level": "4", "UserID": "S-1-5-18", "EventData.Prop_ContainerId": "{23276AEE-4896-4774-BFBA-94AF1B129D3D}"}
{"EventID": "300", "Channel": "Microsoft-Windows-DeviceSetupManager/Operational", "Provider_Name": "Microsoft-Windows-DeviceSetupManager", "Computer": "DESKTOP-OFJ6N53", "TimeCreated": "2023-12-20 13:32:35.846237+00:00", "RecordID": "10848", "Level": "4", "UserID": "S-1-5-18", "EventData.Prop_ContainerId": "{3D2F3F8A-5FE2-4461-A4A6-B8215BBAE2E7}"}
{"EventID": "300", "Channel": "Microsoft-Windows-DeviceSetupManager/Operational", "Provider_Name": "Microsoft-Windows-DeviceSetupManager", "Computer": "DESKTOP-OFJ6N53", "TimeCreated": "2023-12-21 09:53:49.526268+00:00", "RecordID": "10849", "Level": "4", "UserID": "S-1-5-18", "EventData.Prop_ContainerId": "{490922AF-CB28-4F29-8173-69312200FC3C}"}
{"EventID": "300", "Channel": "Microsoft-Windows-DeviceSetupManager/Operational", "Provider_Name": "Microsoft-Windows-DeviceSetupManager", "Computer": "DESKTOP-OFJ6N53", "TimeCreated": "2023-12-22 09:58:46.649343+00:00", "RecordID": "10850", "Level": "4", "UserID": "S-1-5-18", "EventData.Prop_ContainerId": "{E2CF7A28-C879-474C-9F68-BBE88A47A5B2}"}
{"EventID": "300", "Channel": "Microsoft-Windows-DeviceSetupManager/Operational", "Provider_Name": "Microsoft-Windows-DeviceSetupManager", "Computer": "DESKTOP-OFJ6N53", "TimeCreated": "2023-12-25 14:31:21.635580+00:00", "RecordID": "10851", "Level": "4", "UserID": "S-1-5-18", "EventData.Prop_ContainerId": "{03281B0A-6B44-4AAD-8FFA-6EF4C26C101F}"}
{"EventID": "300", "Channel": "Microsoft-Windows-DeviceSetupManager/Operational", "Provider_Name": "Microsoft-Windows-DeviceSetupManager", "Computer": "DESKTOP-OFJ6N53", "TimeCreated": "2023-12-26 11:09:11.920948+00:00", "RecordID": "10852", "Level": "4", "UserID": "S-1-5-18", "EventData.Prop_ContainerId": "{DE729DC6-E6B9-4030-9E80-80CB5E4912E6}"}
{"EventID": "300", "Channel": "Microsoft-Windows-DeviceSetupManager/Operational", "Provider_Name": "Microsoft-Windows-DeviceSetupManager", "Computer": "DESKTOP-OFJ6N53", "TimeCreated": "2023-12-27 11:54:02.942650+00:00", "RecordID": "10853", "Level": "4", "UserID": "S-1-5-18", "EventData.Prop_ContainerId": "{E9A6B779-9706-414D-8964-CD63A7AE86D1}"}
{"EventID": "300", "Channel": "Microsoft-Windows-DeviceSetupManager/Operational", "Provider_Name": "Microsoft-Windows-DeviceSetupManager", "Computer": "DESKTOP-OFJ6N53", "TimeCreated": "2023-12-28 13:01:55.451187+00:00", "RecordID": "10854", "Level": "4", "UserID": "S-1-5-18", "EventData.Prop_ContainerId": "{97F8657D-F94A-4792-B62A-340BD0C7A2BB}"}
{"EventID": "300", "Channel": "Microsoft-Windows-DeviceSetupManager/Operational", "Provider_Name": "Microsoft-Windows-DeviceSetupManager", "Computer": "DESKTOP-OFJ6N53", "TimeCreated": "2023-12-28 15:36:40.311348+00:00", "RecordID": "10855", "Level": "4", "UserID": "S-1-5-18", "EventData.Prop_ContainerId": "{7EFCBE4E-A3A2-0C99-EC8F-27D6801A396F}"}
{"EventID": "300", "Channel": "Microsoft-Windows-DeviceSetupManager/Operational", "Provider_Name": "Microsoft-Windows-DeviceSetupManager", "Computer": "DESKTOP-OFJ6N53", "TimeCreated": "2023-12-28 15:37:22.782713+00:00", "RecordID": "10856", "Level": "4", "UserID": "S-1-5-18", "EventData.Prop_ContainerId": "{03CEC631-4E10-4597-B3D1-4651D3E05A66}"}
{"EventID": "300", "Channel": "Microsoft-Windows-DeviceSetupManager/Operational", "Provider_Name": "Microsoft-Windows-DeviceSetupManager", "Computer": "DESKTOP-OFJ6N53", "TimeCreated": "2023-12-28 21:35:38.705275+00:00", "RecordID": "10857", "Level": "4", "UserID": "S-1-5-18", "EventData.Prop_ContainerId": "{7EFCBE4E-A3A2-0C99-EC8F-27D6801A396F}"}
{"EventID": "300", "Channel": "Microsoft-Windows-DeviceSetupManager/Operational", "Provider_Name": "Microsoft-Windows-DeviceSetupManager", "Computer": "DESKTOP-OFJ6N53", "TimeCreated": "2023-12-28 21:37:04.140057+00:00", "RecordID": "10858", "Level": "4", "UserID": "S-1-5-18", "EventData.Prop_ContainerId": "{400013B6-1AA1-4E35-B86C-190F2FEBE4C1}"}
{"EventID": "300", "Channel": "Microsoft-Windows-DeviceSetupManager/Operational", "Provider_Name": "Microsoft-Windows-DeviceSetupManager", "Computer": "DESKTOP-OFJ6N53", "TimeCreated": "2023-12-29 07:39:26.725822+00:00", "RecordID": "10859", "Level": "4", "UserID": "S-1-5-18", "EventData.Prop_ContainerId": "{44060C80-20C2-4FE9-A9A5-71D16B0A214C}"}
{"EventID": "300", "Channel": "Microsoft-Windows-DeviceSetupManager/Operational", "Provider_Name": "Microsoft-Windows-DeviceSetupManager", "Computer": "DESKTOP-OFJ6N53", "TimeCreated": "2023-12-29 08:27:18.502041+00:00", "RecordID": "10860", "Level": "4", "UserID": "S-1-5-18", "EventData.Prop_ContainerId": "{C2C878CD-D682-4F29-AFC7-59FCC14D7ABE}"}
{"EventID": "300", "Channel": "Microsoft-Windows-DeviceSetupManager/Operational", "Provider_Name": "Microsoft-Windows-DeviceSetupManager", "Computer": "DESKTOP-OFJ6N53", "TimeCreated": "2023-12-29 14:46:01.703924+00:00", "RecordID": "10861", "Level": "4", "UserID": "S-1-5-18", "EventData.Prop_ContainerId": "{37E5A50D-B9D9-4A96-B4A2-4430F7F827A0}"}
{"EventID": "220", "Channel": "Microsoft-Windows-DeviceSetupManager/Operational", "Provider_Name": "Microsoft-Windows-DeviceSetupManager", "Computer": "DESKTOP-OFJ6N53", "TimeCreated": "2023-12-29 14:51:49.624531+00:00", "RecordID": "10862", "Level": "4", "UserID": "S-1-5-21-963789628-1060504924-4285088085-1001", "EventData.Prop_ContainerId": "{d397268a-724c-b4ef-d641-c9234ba2948b}", "EventData.Prop_PackageId": "AD2F1837.HPPrinterControl_150.1.1140.0_x64__v10z8vjag6ke6", "EventData.Prop_NotificationHandler": "PrintNotificationHandler,HP.Libs.BackgroundTask.PrintNotificationsBackgroundTask"}
