{"EventID": "4009", "Channel": "Microsoft-Windows-DeviceManagement-Enterprise-Diagnostics-Provider/Operational", "Provider_Name": "Microsoft-Windows-DeviceManagement-Enterprise-Diagnostics-Provider", "Computer": "DESKTOP-OFJ6N53", "TimeCreated": "2022-11-22 07:39:18.001307+00:00", "RecordID": "952", "Level": "4", "UserID": "S-1-5-18", "EventData.HexInt1": "0x00000002", "EventData.HexInt2": "0x00000000", "EventData.HexInt3": "0x00000064"}
{"EventID": "4000", "Channel": "Microsoft-Windows-DeviceManagement-Enterprise-Diagnostics-Provider/Operational", "Provider_Name": "Microsoft-Windows-DeviceManagement-Enterprise-Diagnostics-Provider", "Computer": "DESKTOP-OFJ6N53", "TimeCreated": "2022-11-22 07:39:18.001442+00:00", "RecordID": "953", "Level": "4", "UserID": "S-1-5-18", "EventData.HRESULT": "0x00000000"}
{"EventID": "4009", "Channel": "Microsoft-Windows-DeviceManagement-Enterprise-Diagnostics-Provider/Operational", "Provider_Name": "Microsoft-Windows-DeviceManagement-Enterprise-Diagnostics-Provider", "Computer": "DESKTOP-OFJ6N53", "TimeCreated": "2022-11-22 07:39:18.018099+00:00", "RecordID": "954", "Level": "4", "UserID": "S-1-5-18", "EventData.HexInt1": "0x00000004", "EventData.HexInt2": "0x00000000", "EventData.HexInt3": "0x00000000"}
{"EventID": "4009", "Channel": "Microsoft-Windows-DeviceManagement-Enterprise-Diagnostics-Provider/Operational", "Provider_Name": "Microsoft-Windows-DeviceManagement-Enterprise-Diagnostics-Provider", "Computer": "DESKTOP-OFJ6N53", "TimeCreated": "2022-11-22 07:41:18.002848+00:00", "RecordID": "955", "Level": "4", "UserID": "S-1-5-18", "EventData.HexInt1": "0x00000003", "EventData.HexInt2": "0x00000000", "EventData.HexInt3": "0x00000000"}
{"EventID": "4009", "Channel": "Microsoft-Windows-DeviceManagement-Enterprise-Diagnostics-Provider/Operational", "Provider_Name": "Microsoft-Windows-DeviceManagement-Enterprise-Diagnostics-Provider", "Computer": "DESKTOP-OFJ6N53", "TimeCreated": "2022-11-22 07:41:18.003366+00:00", "RecordID": "956", "Level": "4", "UserID": "S-1-5-18", "EventData.HexInt1": "0x00000001", "EventData.HexInt2": "0x00000000", "EventData.HexInt3": "0x00000000"}
{"EventID": "4019", "Channel": "Microsoft-Windows-DeviceManagement-Enterprise-Diagnostics-Provider/Operational", "Provider_Name": "Microsoft-Windows-DeviceManagement-Enterprise-Diagnostics-Provider", "Computer": "DESKTOP-OFJ6N53", "TimeCreated": "2022-11-22 12:12:32.210932+00:00", "RecordID": "957", "Level": "4", "UserID": "S-1-5-18"}
{"EventID": "4009", "Channel": "Microsoft-Windows-DeviceManagement-Enterprise-Diagnostics-Provider/Operational", "Provider_Name": "Microsoft-Windows-DeviceManagement-Enterprise-Diagnostics-Provider", "Computer": "DESKTOP-OFJ6N53", "TimeCreated": "2022-11-22 12:12:32.210936+00:00", "RecordID": "958", "Level": "4", "UserID": "S-1-5-18", "EventData.HexInt1": "0x00000002", "EventData.HexInt2": "0x00000000", "EventData.HexInt3": "0x00000064"}
{"EventID": "4000", "Channel": "Microsoft-Windows-DeviceManagement-Enterprise-Diagnostics-Provider/Operational", "Provider_Name": "Microsoft-Windows-DeviceManagement-Enterprise-Diagnostics-Provider", "Computer": "DESKTOP-OFJ6N53", "TimeCreated": "2022-11-22 12:12:32.211065+00:00", "RecordID": "959", "Level": "4", "UserID": "S-1-5-18", "EventData.HRESULT": "0x00000000"}
{"EventID": "4009", "Channel": "Microsoft-Windows-DeviceManagement-Enterprise-Diagnostics-Provider/Operational", "Provider_Name": "Microsoft-Windows-DeviceManagement-Enterprise-Diagnostics-Provider", "Computer": "DESKTOP-OFJ6N53", "TimeCreated": "2022-11-22 12:12:32.212528+00:00", "RecordID": "960", "Level": "4", "UserID": "S-1-5-18", "EventData.HexInt1": "0x00000004", "EventData.HexInt2": "0x00000000", "EventData.HexInt3": "0x00000000"}
{"EventID": "4009", "Channel": "Microsoft-Windows-DeviceManagement-Enterprise-Diagnostics-Provider/Operational", "Provider_Name": "Microsoft-Windows-DeviceManagement-Enterprise-Diagnostics-Provider", "Computer": "DESKTOP-OFJ6N53", "TimeCreated": "2022-11-22 12:14:32.212137+00:00", "RecordID": "961", "Level": "4", "UserID": "S-1-5-18", "EventData.HexInt1": "0x00000003", "EventData.HexInt2": "0x00000000", "EventData.HexInt3": "0x00000000"}
{"EventID": "4009", "Channel": "Microsoft-Windows-DeviceManagement-Enterprise-Diagnostics-Provider/Operational", "Provider_Name": "Microsoft-Windows-DeviceManagement-Enterprise-Diagnostics-Provider", "Computer": "DESKTOP-OFJ6N53", "TimeCreated": "2022-11-22 12:14:32.215836+00:00", "RecordID": "962", "Level": "4", "UserID": "S-1-5-18", "EventData.HexInt1": "0x00000001", "EventData.HexInt2": "0x00000000", "EventData.HexInt3": "0x00000000"}
{"EventID": "4019", "Channel": "Microsoft-Windows-DeviceManagement-Enterprise-Diagnostics-Provider/Operational", "Provider_Name": "Microsoft-Windows-DeviceManagement-Enterprise-Diagnostics-Provider", "Computer": "DESKTOP-OFJ6N53", "TimeCreated": "2022-11-24 11:38:34.392630+00:00", "RecordID": "963", "Level": "4", "UserID": "S-1-5-18"}
{"EventID": "4009", "Channel": "Microsoft-Windows-DeviceManagement-Enterprise-Diagnostics-Provider/Operational", "Provider_Name": "Microsoft-Windows-DeviceManagement-Enterprise-Diagnostics-Provider", "Computer": "DESKTOP-OFJ6N53", "TimeCreated": "2022-11-24 11:38:34.392635+00:00", "RecordID": "964", "Level": "4", "UserID": "S-1-5-18", "EventData.HexInt1": "0x00000002", "EventData.HexInt2": "0x00000000", "EventData.HexInt3": "0x00000064"}
{"EventID": "4000", "Channel": "Microsoft-Windows-DeviceManagement-Enterprise-Diagnostics-Provider/Operational", "Provider_Name": "Microsoft-Windows-DeviceManagement-Enterprise-Diagnostics-Provider", "Computer": "DESKTOP-OFJ6N53", "TimeCreated": "2022-11-24 11:38:34.392776+00:00", "RecordID": "965", "Level": "4", "UserID": "S-1-5-18", "EventData.HRESULT": "0x00000000"}
{"EventID": "4009", "Channel": "Microsoft-Windows-DeviceManagement-Enterprise-Diagnostics-Provider/Operational", "Provider_Name": "Microsoft-Windows-DeviceManagement-Enterprise-Diagnostics-Provider", "Computer": "DESKTOP-OFJ6N53", "TimeCreated": "2022-11-24 11:38:34.398087+00:00", "RecordID": "966", "Level": "4", "UserID": "S-1-5-18", "EventData.HexInt1": "0x00000004", "EventData.HexInt2": "0x00000000", "EventData.HexInt3": "0x00000000"}
{"EventID": "4009", "Channel": "Microsoft-Windows-DeviceManagement-Enterprise-Diagnostics-Provider/Operational", "Provider_Name": "Microsoft-Windows-DeviceManagement-Enterprise-Diagnostics-Provider", "Computer": "DESKTOP-OFJ6N53", "TimeCreated": "2022-11-24 11:40:34.380032+00:00", "RecordID": "967", "Level": "4", "UserID": "S-1-5-18", "EventData.HexInt1": "0x00000003", "EventData.HexInt2": "0x00000000", "EventData.HexInt3": "0x00000000"}
{"EventID": "4009", "Channel": "Microsoft-Windows-DeviceManagement-Enterprise-Diagnostics-Provider/Operational", "Provider_Name": "Microsoft-Windows-DeviceManagement-Enterprise-Diagnostics-Provider", "Computer": "DESKTOP-OFJ6N53", "TimeCreated": "2022-11-24 11:40:34.380510+00:00", "RecordID": "968", "Level": "4", "UserID": "S-1-5-18", "EventData.HexInt1": "0x00000001", "EventData.HexInt2": "0x00000000", "EventData.HexInt3": "0x00000000"}
{"EventID": "4019", "Channel": "Microsoft-Windows-DeviceManagement-Enterprise-Diagnostics-Provider/Operational", "Provider_Name": "Microsoft-Windows-DeviceManagement-Enterprise-Diagnostics-Provider", "Computer": "DESKTOP-OFJ6N53", "TimeCreated": "2022-11-28 11:41:34.174049+00:00", "RecordID": "969", "Level": "4", "UserID": "S-1-5-18"}
{"EventID": "4009", "Channel": "Microsoft-Windows-DeviceManagement-Enterprise-Diagnostics-Provider/Operational", "Provider_Name": "Microsoft-Windows-DeviceManagement-Enterprise-Diagnostics-Provider", "Computer": "DESKTOP-OFJ6N53", "TimeCreated": "2022-11-28 11:41:34.174055+00:00", "RecordID": "970", "Level": "4", "UserID": "S-1-5-18", "EventData.HexInt1": "0x00000002", "EventData.HexInt2": "0x00000000", "EventData.HexInt3": "0x00000064"}
{"EventID": "4000", "Channel": "Microsoft-Windows-DeviceManagement-Enterprise-Diagnostics-Provider/Operational", "Provider_Name": "Microsoft-Windows-DeviceManagement-Enterprise-Diagnostics-Provider", "Computer": "DESKTOP-OFJ6N53", "TimeCreated": "2022-11-28 11:41:34.174479+00:00", "RecordID": "971", "Level": "4", "UserID": "S-1-5-18", "EventData.HRESULT": "0x00000000"}
{"EventID": "4009", "Channel": "Microsoft-Windows-DeviceManagement-Enterprise-Diagnostics-Provider/Operational", "Provider_Name": "Microsoft-Windows-DeviceManagement-Enterprise-Diagnostics-Provider", "Computer": "DESKTOP-OFJ6N53", "TimeCreated": "2022-11-28 11:41:34.184179+00:00", "RecordID": "972", "Level": "4", "UserID": "S-1-5-18", "EventData.HexInt1": "0x00000004", "EventData.HexInt2": "0x00000000", "EventData.HexInt3": "0x00000000"}
{"EventID": "4009", "Channel": "Microsoft-Windows-DeviceManagement-Enterprise-Diagnostics-Provider/Operational", "Provider_Name": "Microsoft-Windows-DeviceManagement-Enterprise-Diagnostics-Provider", "Computer": "DESKTOP-OFJ6N53", "TimeCreated": "2022-11-28 11:43:34.177437+00:00", "RecordID": "973", "Level": "4", "UserID": "S-1-5-18", "EventData.HexInt1": "0x00000003", "EventData.HexInt2": "0x00000000", "EventData.HexInt3": "0x00000000"}
{"EventID": "4009", "Channel": "Microsoft-Windows-DeviceManagement-Enterprise-Diagnostics-Provider/Operational", "Provider_Name": "Microsoft-Windows-DeviceManagement-Enterprise-Diagnostics-Provider", "Computer": "DESKTOP-OFJ6N53", "TimeCreated": "2022-11-28 11:43:34.178200+00:00", "RecordID": "974", "Level": "4", "UserID": "S-1-5-18", "EventData.HexInt1": "0x00000001", "EventData.HexInt2": "0x00000000", "EventData.HexInt3": "0x00000000"}
{"EventID": "4019", "Channel": "Microsoft-Windows-DeviceManagement-Enterprise-Diagnostics-Provider/Operational", "Provider_Name": "Microsoft-Windows-DeviceManagement-Enterprise-Diagnostics-Provider", "Computer": "DESKTOP-OFJ6N53", "TimeCreated": "2022-11-30 10:22:53.245461+00:00", "RecordID": "975", "Level": "4", "UserID": "S-1-5-18"}
{"EventID": "4009", "Channel": "Microsoft-Windows-DeviceManagement-Enterprise-Diagnostics-Provider/Operational", "Provider_Name": "Microsoft-Windows-DeviceManagement-Enterprise-Diagnostics-Provider", "Computer": "DESKTOP-OFJ6N53", "TimeCreated": "2022-11-30 10:22:53.245464+00:00", "RecordID": "976", "Level": "4", "UserID": "S-1-5-18", "EventData.HexInt1": "0x00000002", "EventData.HexInt2": "0x00000000", "EventData.HexInt3": "0x00000064"}
{"EventID": "4000", "Channel": "Microsoft-Windows-DeviceManagement-Enterprise-Diagnostics-Provider/Operational", "Provider_Name": "Microsoft-Windows-DeviceManagement-Enterprise-Diagnostics-Provider", "Computer": "DESKTOP-OFJ6N53", "TimeCreated": "2022-11-30 10:22:53.245621+00:00", "RecordID": "977", "Level": "4", "UserID": "S-1-5-18", "EventData.HRESULT": "0x00000000"}
{"EventID": "4009", "Channel": "Microsoft-Windows-DeviceManagement-Enterprise-Diagnostics-Provider/Operational", "Provider_Name": "Microsoft-Windows-DeviceManagement-Enterprise-Diagnostics-Provider", "Computer": "DESKTOP-OFJ6N53", "TimeCreated": "2022-11-30 10:22:53.251352+00:00", "RecordID": "978", "Level": "4", "UserID": "S-1-5-18", "EventData.HexInt1": "0x00000004", "EventData.HexInt2": "0x00000000", "EventData.HexInt3": "0x00000000"}
{"EventID": "4009", "Channel": "Microsoft-Windows-DeviceManagement-Enterprise-Diagnostics-Provider/Operational", "Provider_Name": "Microsoft-Windows-DeviceManagement-Enterprise-Diagnostics-Provider", "Computer": "DESKTOP-OFJ6N53", "TimeCreated": "2022-11-30 10:24:53.239391+00:00", "RecordID": "979", "Level": "4", "UserID": "S-1-5-18", "EventData.HexInt1": "0x00000003", "EventData.HexInt2": "0x00000000", "EventData.HexInt3": "0x00000000"}
{"EventID": "4009", "Channel": "Microsoft-Windows-DeviceManagement-Enterprise-Diagnostics-Provider/Operational", "Provider_Name": "Microsoft-Windows-DeviceManagement-Enterprise-Diagnostics-Provider", "Computer": "DESKTOP-OFJ6N53", "TimeCreated": "2022-11-30 10:24:53.240639+00:00", "RecordID": "980", "Level": "4", "UserID": "S-1-5-18", "EventData.HexInt1": "0x00000001", "EventData.HexInt2": "0x00000000", "EventData.HexInt3": "0x00000000"}
{"EventID": "4019", "Channel": "Microsoft-Windows-DeviceManagement-Enterprise-Diagnostics-Provider/Operational", "Provider_Name": "Microsoft-Windows-DeviceManagement-Enterprise-Diagnostics-Provider", "Computer": "DESKTOP-OFJ6N53", "TimeCreated": "2022-12-06 12:08:08.551247+00:00", "RecordID": "981", "Level": "4", "UserID": "S-1-5-18"}
{"EventID": "4009", "Channel": "Microsoft-Windows-DeviceManagement-Enterprise-Diagnostics-Provider/Operational", "Provider_Name": "Microsoft-Windows-DeviceManagement-Enterprise-Diagnostics-Provider", "Computer": "DESKTOP-OFJ6N53", "TimeCreated": "2022-12-06 12:08:08.551252+00:00", "RecordID": "982", "Level": "4", "UserID": "S-1-5-18", "EventData.HexInt1": "0x00000002", "EventData.HexInt2": "0x00000000", "EventData.HexInt3": "0x00000064"}
{"EventID": "4000", "Channel": "Microsoft-Windows-DeviceManagement-Enterprise-Diagnostics-Provider/Operational", "Provider_Name": "Microsoft-Windows-DeviceManagement-Enterprise-Diagnostics-Provider", "Computer": "DESKTOP-OFJ6N53", "TimeCreated": "2022-12-06 12:08:08.551456+00:00", "RecordID": "983", "Level": "4", "UserID": "S-1-5-18", "EventData.HRESULT": "0x00000000"}
{"EventID": "4009", "Channel": "Microsoft-Windows-DeviceManagement-Enterprise-Diagnostics-Provider/Operational", "Provider_Name": "Microsoft-Windows-DeviceManagement-Enterprise-Diagnostics-Provider", "Computer": "DESKTOP-OFJ6N53", "TimeCreated": "2022-12-06 12:08:08.557442+00:00", "RecordID": "984", "Level": "4", "UserID": "S-1-5-18", "EventData.HexInt1": "0x00000004", "EventData.HexInt2": "0x00000000", "EventData.HexInt3": "0x00000000"}
{"EventID": "4009", "Channel": "Microsoft-Windows-DeviceManagement-Enterprise-Diagnostics-Provider/Operational", "Provider_Name": "Microsoft-Windows-DeviceManagement-Enterprise-Diagnostics-Provider", "Computer": "DESKTOP-OFJ6N53", "TimeCreated": "2022-12-06 12:10:08.546438+00:00", "RecordID": "985", "Level": "4", "UserID": "S-1-5-18", "EventData.HexInt1": "0x00000003", "EventData.HexInt2": "0x00000000", "EventData.HexInt3": "0x00000000"}
{"EventID": "4009", "Channel": "Microsoft-Windows-DeviceManagement-Enterprise-Diagnostics-Provider/Operational", "Provider_Name": "Microsoft-Windows-DeviceManagement-Enterprise-Diagnostics-Provider", "Computer": "DESKTOP-OFJ6N53", "TimeCreated": "2022-12-06 12:10:08.547108+00:00", "RecordID": "986", "Level": "4", "UserID": "S-1-5-18", "EventData.HexInt1": "0x00000001", "EventData.HexInt2": "0x00000000", "EventData.HexInt3": "0x00000000"}
{"EventID": "4019", "Channel": "Microsoft-Windows-DeviceManagement-Enterprise-Diagnostics-Provider/Operational", "Provider_Name": "Microsoft-Windows-DeviceManagement-Enterprise-Diagnostics-Provider", "Computer": "DESKTOP-OFJ6N53", "TimeCreated": "2022-12-09 12:10:22.699179+00:00", "RecordID": "987", "Level": "4", "UserID": "S-1-5-18"}
{"EventID": "4009", "Channel": "Microsoft-Windows-DeviceManagement-Enterprise-Diagnostics-Provider/Operational", "Provider_Name": "Microsoft-Windows-DeviceManagement-Enterprise-Diagnostics-Provider", "Computer": "DESKTOP-OFJ6N53", "TimeCreated": "2022-12-09 12:10:22.699183+00:00", "RecordID": "988", "Level": "4", "UserID": "S-1-5-18", "EventData.HexInt1": "0x00000002", "EventData.HexInt2": "0x00000000", "EventData.HexInt3": "0x00000064"}
{"EventID": "4000", "Channel": "Microsoft-Windows-DeviceManagement-Enterprise-Diagnostics-Provider/Operational", "Provider_Name": "Microsoft-Windows-DeviceManagement-Enterprise-Diagnostics-Provider", "Computer": "DESKTOP-OFJ6N53", "TimeCreated": "2022-12-09 12:10:22.699308+00:00", "RecordID": "989", "Level": "4", "UserID": "S-1-5-18", "EventData.HRESULT": "0x00000000"}
{"EventID": "4009", "Channel": "Microsoft-Windows-DeviceManagement-Enterprise-Diagnostics-Provider/Operational", "Provider_Name": "Microsoft-Windows-DeviceManagement-Enterprise-Diagnostics-Provider", "Computer": "DESKTOP-OFJ6N53", "TimeCreated": "2022-12-09 12:10:22.700781+00:00", "RecordID": "990", "Level": "4", "UserID": "S-1-5-18", "EventData.HexInt1": "0x00000004", "EventData.HexInt2": "0x00000000", "EventData.HexInt3": "0x00000000"}
{"EventID": "4009", "Channel": "Microsoft-Windows-DeviceManagement-Enterprise-Diagnostics-Provider/Operational", "Provider_Name": "Microsoft-Windows-DeviceManagement-Enterprise-Diagnostics-Provider", "Computer": "DESKTOP-OFJ6N53", "TimeCreated": "2022-12-09 12:12:22.699055+00:00", "RecordID": "991", "Level": "4", "UserID": "S-1-5-18", "EventData.HexInt1": "0x00000003", "EventData.HexInt2": "0x00000000", "EventData.HexInt3": "0x00000000"}
{"EventID": "4009", "Channel": "Microsoft-Windows-DeviceManagement-Enterprise-Diagnostics-Provider/Operational", "Provider_Name": "Microsoft-Windows-DeviceManagement-Enterprise-Diagnostics-Provider", "Computer": "DESKTOP-OFJ6N53", "TimeCreated": "2022-12-09 12:12:22.701744+00:00", "RecordID": "992", "Level": "4", "UserID": "S-1-5-18", "EventData.HexInt1": "0x00000001", "EventData.HexInt2": "0x00000000", "EventData.HexInt3": "0x00000000"}
{"EventID": "4019", "Channel": "Microsoft-Windows-DeviceManagement-Enterprise-Diagnostics-Provider/Operational", "Provider_Name": "Microsoft-Windows-DeviceManagement-Enterprise-Diagnostics-Provider", "Computer": "DESKTOP-OFJ6N53", "TimeCreated": "2022-12-14 13:01:10.158512+00:00", "RecordID": "993", "Level": "4", "UserID": "S-1-5-18"}
{"EventID": "4009", "Channel": "Microsoft-Windows-DeviceManagement-Enterprise-Diagnostics-Provider/Operational", "Provider_Name": "Microsoft-Windows-DeviceManagement-Enterprise-Diagnostics-Provider", "Computer": "DESKTOP-OFJ6N53", "TimeCreated": "2022-12-14 13:01:10.158518+00:00", "RecordID": "994", "Level": "4", "UserID": "S-1-5-18", "EventData.HexInt1": "0x00000002", "EventData.HexInt2": "0x00000000", "EventData.HexInt3": "0x00000064"}
{"EventID": "4000", "Channel": "Microsoft-Windows-DeviceManagement-Enterprise-Diagnostics-Provider/Operational", "Provider_Name": "Microsoft-Windows-DeviceManagement-Enterprise-Diagnostics-Provider", "Computer": "DESKTOP-OFJ6N53", "TimeCreated": "2022-12-14 13:01:10.158720+00:00", "RecordID": "995", "Level": "4", "UserID": "S-1-5-18", "EventData.HRESULT": "0x00000000"}
{"EventID": "4009", "Channel": "Microsoft-Windows-DeviceManagement-Enterprise-Diagnostics-Provider/Operational", "Provider_Name": "Microsoft-Windows-DeviceManagement-Enterprise-Diagnostics-Provider", "Computer": "DESKTOP-OFJ6N53", "TimeCreated": "2022-12-14 13:01:10.164562+00:00", "RecordID": "996", "Level": "4", "UserID": "S-1-5-18", "EventData.HexInt1": "0x00000004", "EventData.HexInt2": "0x00000000", "EventData.HexInt3": "0x00000000"}
{"EventID": "4009", "Channel": "Microsoft-Windows-DeviceManagement-Enterprise-Diagnostics-Provider/Operational", "Provider_Name": "Microsoft-Windows-DeviceManagement-Enterprise-Diagnostics-Provider", "Computer": "DESKTOP-OFJ6N53", "TimeCreated": "2022-12-14 13:03:10.167528+00:00", "RecordID": "997", "Level": "4", "UserID": "S-1-5-18", "EventData.HexInt1": "0x00000003", "EventData.HexInt2": "0x00000000", "EventData.HexInt3": "0x00000000"}
{"EventID": "4009", "Channel": "Microsoft-Windows-DeviceManagement-Enterprise-Diagnostics-Provider/Operational", "Provider_Name": "Microsoft-Windows-DeviceManagement-Enterprise-Diagnostics-Provider", "Computer": "DESKTOP-OFJ6N53", "TimeCreated": "2022-12-14 13:03:10.170383+00:00", "RecordID": "998", "Level": "4", "UserID": "S-1-5-18", "EventData.HexInt1": "0x00000001", "EventData.HexInt2": "0x00000000", "EventData.HexInt3": "0x00000000"}
{"EventID": "4019", "Channel": "Microsoft-Windows-DeviceManagement-Enterprise-Diagnostics-Provider/Operational", "Provider_Name": "Microsoft-Windows-DeviceManagement-Enterprise-Diagnostics-Provider", "Computer": "DESKTOP-OFJ6N53", "TimeCreated": "2022-12-15 08:51:51.786303+00:00", "RecordID": "999", "Level": "4", "UserID": "S-1-5-18"}
{"EventID": "4009", "Channel": "Microsoft-Windows-DeviceManagement-Enterprise-Diagnostics-Provider/Operational", "Provider_Name": "Microsoft-Windows-DeviceManagement-Enterprise-Diagnostics-Provider", "Computer": "DESKTOP-OFJ6N53", "TimeCreated": "2022-12-15 08:51:51.786304+00:00", "RecordID": "1000", "Level": "4", "UserID": "S-1-5-18", "EventData.HexInt1": "0x00000002", "EventData.HexInt2": "0x00000000", "EventData.HexInt3": "0x00000064"}
{"EventID": "4000", "Channel": "Microsoft-Windows-DeviceManagement-Enterprise-Diagnostics-Provider/Operational", "Provider_Name": "Microsoft-Windows-DeviceManagement-Enterprise-Diagnostics-Provider", "Computer": "DESKTOP-OFJ6N53", "TimeCreated": "2022-12-15 08:51:51.786438+00:00", "RecordID": "1001", "Level": "4", "UserID": "S-1-5-18", "EventData.HRESULT": "0x00000000"}
{"EventID": "4009", "Channel": "Microsoft-Windows-DeviceManagement-Enterprise-Diagnostics-Provider/Operational", "Provider_Name": "Microsoft-Windows-DeviceManagement-Enterprise-Diagnostics-Provider", "Computer": "DESKTOP-OFJ6N53", "TimeCreated": "2022-12-15 08:51:51.787653+00:00", "RecordID": "1002", "Level": "4", "UserID": "S-1-5-18", "EventData.HexInt1": "0x00000004", "EventData.HexInt2": "0x00000000", "EventData.HexInt3": "0x00000000"}
{"EventID": "4009", "Channel": "Microsoft-Windows-DeviceManagement-Enterprise-Diagnostics-Provider/Operational", "Provider_Name": "Microsoft-Windows-DeviceManagement-Enterprise-Diagnostics-Provider", "Computer": "DESKTOP-OFJ6N53", "TimeCreated": "2022-12-15 08:53:51.779575+00:00", "RecordID": "1003", "Level": "4", "UserID": "S-1-5-18", "EventData.HexInt1": "0x00000003", "EventData.HexInt2": "0x00000000", "EventData.HexInt3": "0x00000000"}
{"EventID": "4009", "Channel": "Microsoft-Windows-DeviceManagement-Enterprise-Diagnostics-Provider/Operational", "Provider_Name": "Microsoft-Windows-DeviceManagement-Enterprise-Diagnostics-Provider", "Computer": "DESKTOP-OFJ6N53", "TimeCreated": "2022-12-15 08:53:51.782118+00:00", "RecordID": "1004", "Level": "4", "UserID": "S-1-5-18", "EventData.HexInt1": "0x00000001", "EventData.HexInt2": "0x00000000", "EventData.HexInt3": "0x00000000"}
{"EventID": "4019", "Channel": "Microsoft-Windows-DeviceManagement-Enterprise-Diagnostics-Provider/Operational", "Provider_Name": "Microsoft-Windows-DeviceManagement-Enterprise-Diagnostics-Provider", "Computer": "DESKTOP-OFJ6N53", "TimeCreated": "2022-12-21 10:23:02.498745+00:00", "RecordID": "1005", "Level": "4", "UserID": "S-1-5-18"}
{"EventID": "4009", "Channel": "Microsoft-Windows-DeviceManagement-Enterprise-Diagnostics-Provider/Operational", "Provider_Name": "Microsoft-Windows-DeviceManagement-Enterprise-Diagnostics-Provider", "Computer": "DESKTOP-OFJ6N53", "TimeCreated": "2022-12-21 10:23:02.498751+00:00", "RecordID": "1006", "Level": "4", "UserID": "S-1-5-18", "EventData.HexInt1": "0x00000002", "EventData.HexInt2": "0x00000000", "EventData.HexInt3": "0x00000064"}
{"EventID": "4000", "Channel": "Microsoft-Windows-DeviceManagement-Enterprise-Diagnostics-Provider/Operational", "Provider_Name": "Microsoft-Windows-DeviceManagement-Enterprise-Diagnostics-Provider", "Computer": "DESKTOP-OFJ6N53", "TimeCreated": "2022-12-21 10:23:02.498894+00:00", "RecordID": "1007", "Level": "4", "UserID": "S-1-5-18", "EventData.HRESULT": "0x00000000"}
{"EventID": "4009", "Channel": "Microsoft-Windows-DeviceManagement-Enterprise-Diagnostics-Provider/Operational", "Provider_Name": "Microsoft-Windows-DeviceManagement-Enterprise-Diagnostics-Provider", "Computer": "DESKTOP-OFJ6N53", "TimeCreated": "2022-12-21 10:23:02.511492+00:00", "RecordID": "1008", "Level": "4", "UserID": "S-1-5-18", "EventData.HexInt1": "0x00000004", "EventData.HexInt2": "0x00000000", "EventData.HexInt3": "0x00000000"}
{"EventID": "4009", "Channel": "Microsoft-Windows-DeviceManagement-Enterprise-Diagnostics-Provider/Operational", "Provider_Name": "Microsoft-Windows-DeviceManagement-Enterprise-Diagnostics-Provider", "Computer": "DESKTOP-OFJ6N53", "TimeCreated": "2022-12-21 10:25:02.500677+00:00", "RecordID": "1009", "Level": "4", "UserID": "S-1-5-18", "EventData.HexInt1": "0x00000003", "EventData.HexInt2": "0x00000000", "EventData.HexInt3": "0x00000000"}
{"EventID": "4009", "Channel": "Microsoft-Windows-DeviceManagement-Enterprise-Diagnostics-Provider/Operational", "Provider_Name": "Microsoft-Windows-DeviceManagement-Enterprise-Diagnostics-Provider", "Computer": "DESKTOP-OFJ6N53", "TimeCreated": "2022-12-21 10:25:02.501530+00:00", "RecordID": "1010", "Level": "4", "UserID": "S-1-5-18", "EventData.HexInt1": "0x00000001", "EventData.HexInt2": "0x00000000", "EventData.HexInt3": "0x00000000"}
{"EventID": "829", "Channel": "Microsoft-Windows-DeviceManagement-Enterprise-Diagnostics-Provider/Operational", "Provider_Name": "Microsoft-Windows-DeviceManagement-Enterprise-Diagnostics-Provider", "Computer": "DESKTOP-OFJ6N53", "TimeCreated": "2022-12-21 10:46:07.608330+00:00", "RecordID": "1011", "Level": "4", "UserID": "S-1-5-18", "EventData.Message1": "DataProtection", "EventData.Message2": "EDPEnforcementLevel", "EventData.HexInt1": "0xa3bd5c75", "EventData.HexInt2": "0x13920028"}
{"EventID": "829", "Channel": "Microsoft-Windows-DeviceManagement-Enterprise-Diagnostics-Provider/Operational", "Provider_Name": "Microsoft-Windows-DeviceManagement-Enterprise-Diagnostics-Provider", "Computer": "DESKTOP-OFJ6N53", "TimeCreated": "2022-12-21 10:46:07.608688+00:00", "RecordID": "1012", "Level": "4", "UserID": "S-1-5-18", "EventData.Message1": "DataProtection", "EventData.Message2": "EnterpriseProtectedDomainNames", "EventData.HexInt1": "0xa3bd6475", "EventData.HexInt2": "0x13920028"}
{"EventID": "4019", "Channel": "Microsoft-Windows-DeviceManagement-Enterprise-Diagnostics-Provider/Operational", "Provider_Name": "Microsoft-Windows-DeviceManagement-Enterprise-Diagnostics-Provider", "Computer": "DESKTOP-OFJ6N53", "TimeCreated": "2022-12-27 11:14:12.733900+00:00", "RecordID": "1013", "Level": "4", "UserID": "S-1-5-18"}
{"EventID": "4009", "Channel": "Microsoft-Windows-DeviceManagement-Enterprise-Diagnostics-Provider/Operational", "Provider_Name": "Microsoft-Windows-DeviceManagement-Enterprise-Diagnostics-Provider", "Computer": "DESKTOP-OFJ6N53", "TimeCreated": "2022-12-27 11:14:12.733904+00:00", "RecordID": "1014", "Level": "4", "UserID": "S-1-5-18", "EventData.HexInt1": "0x00000002", "EventData.HexInt2": "0x00000000", "EventData.HexInt3": "0x00000064"}
{"EventID": "4000", "Channel": "Microsoft-Windows-DeviceManagement-Enterprise-Diagnostics-Provider/Operational", "Provider_Name": "Microsoft-Windows-DeviceManagement-Enterprise-Diagnostics-Provider", "Computer": "DESKTOP-OFJ6N53", "TimeCreated": "2022-12-27 11:14:12.734045+00:00", "RecordID": "1015", "Level": "4", "UserID": "S-1-5-18", "EventData.HRESULT": "0x00000000"}
{"EventID": "4009", "Channel": "Microsoft-Windows-DeviceManagement-Enterprise-Diagnostics-Provider/Operational", "Provider_Name": "Microsoft-Windows-DeviceManagement-Enterprise-Diagnostics-Provider", "Computer": "DESKTOP-OFJ6N53", "TimeCreated": "2022-12-27 11:14:12.740171+00:00", "RecordID": "1016", "Level": "4", "UserID": "S-1-5-18", "EventData.HexInt1": "0x00000004", "EventData.HexInt2": "0x00000000", "EventData.HexInt3": "0x00000000"}
{"EventID": "4009", "Channel": "Microsoft-Windows-DeviceManagement-Enterprise-Diagnostics-Provider/Operational", "Provider_Name": "Microsoft-Windows-DeviceManagement-Enterprise-Diagnostics-Provider", "Computer": "DESKTOP-OFJ6N53", "TimeCreated": "2022-12-27 11:16:12.723337+00:00", "RecordID": "1017", "Level": "4", "UserID": "S-1-5-18", "EventData.HexInt1": "0x00000003", "EventData.HexInt2": "0x00000000", "EventData.HexInt3": "0x00000000"}
{"EventID": "4009", "Channel": "Microsoft-Windows-DeviceManagement-Enterprise-Diagnostics-Provider/Operational", "Provider_Name": "Microsoft-Windows-DeviceManagement-Enterprise-Diagnostics-Provider", "Computer": "DESKTOP-OFJ6N53", "TimeCreated": "2022-12-27 11:16:12.723866+00:00", "RecordID": "1018", "Level": "4", "UserID": "S-1-5-18", "EventData.HexInt1": "0x00000001", "EventData.HexInt2": "0x00000000", "EventData.HexInt3": "0x00000000"}
{"EventID": "4019", "Channel": "Microsoft-Windows-DeviceManagement-Enterprise-Diagnostics-Provider/Operational", "Provider_Name": "Microsoft-Windows-DeviceManagement-Enterprise-Diagnostics-Provider", "Computer": "DESKTOP-OFJ6N53", "TimeCreated": "2022-12-30 09:30:56.714390+00:00", "RecordID": "1019", "Level": "4", "UserID": "S-1-5-18"}
{"EventID": "4009", "Channel": "Microsoft-Windows-DeviceManagement-Enterprise-Diagnostics-Provider/Operational", "Provider_Name": "Microsoft-Windows-DeviceManagement-Enterprise-Diagnostics-Provider", "Computer": "DESKTOP-OFJ6N53", "TimeCreated": "2022-12-30 09:30:56.714394+00:00", "RecordID": "1020", "Level": "4", "UserID": "S-1-5-18", "EventData.HexInt1": "0x00000002", "EventData.HexInt2": "0x00000000", "EventData.HexInt3": "0x00000064"}
{"EventID": "4000", "Channel": "Microsoft-Windows-DeviceManagement-Enterprise-Diagnostics-Provider/Operational", "Provider_Name": "Microsoft-Windows-DeviceManagement-Enterprise-Diagnostics-Provider", "Computer": "DESKTOP-OFJ6N53", "TimeCreated": "2022-12-30 09:30:56.714502+00:00", "RecordID": "1021", "Level": "4", "UserID": "S-1-5-18", "EventData.HRESULT": "0x00000000"}
{"EventID": "4009", "Channel": "Microsoft-Windows-DeviceManagement-Enterprise-Diagnostics-Provider/Operational", "Provider_Name": "Microsoft-Windows-DeviceManagement-Enterprise-Diagnostics-Provider", "Computer": "DESKTOP-OFJ6N53", "TimeCreated": "2022-12-30 09:30:56.715687+00:00", "RecordID": "1022", "Level": "4", "UserID": "S-1-5-18", "EventData.HexInt1": "0x00000004", "EventData.HexInt2": "0x00000000", "EventData.HexInt3": "0x00000000"}
{"EventID": "4009", "Channel": "Microsoft-Windows-DeviceManagement-Enterprise-Diagnostics-Provider/Operational", "Provider_Name": "Microsoft-Windows-DeviceManagement-Enterprise-Diagnostics-Provider", "Computer": "DESKTOP-OFJ6N53", "TimeCreated": "2022-12-30 09:32:56.711771+00:00", "RecordID": "1023", "Level": "4", "UserID": "S-1-5-18", "EventData.HexInt1": "0x00000003", "EventData.HexInt2": "0x00000000", "EventData.HexInt3": "0x00000000"}
{"EventID": "4009", "Channel": "Microsoft-Windows-DeviceManagement-Enterprise-Diagnostics-Provider/Operational", "Provider_Name": "Microsoft-Windows-DeviceManagement-Enterprise-Diagnostics-Provider", "Computer": "DESKTOP-OFJ6N53", "TimeCreated": "2022-12-30 09:32:56.713511+00:00", "RecordID": "1024", "Level": "4", "UserID": "S-1-5-18", "EventData.HexInt1": "0x00000001", "EventData.HexInt2": "0x00000000", "EventData.HexInt3": "0x00000000"}
{"EventID": "4019", "Channel": "Microsoft-Windows-DeviceManagement-Enterprise-Diagnostics-Provider/Operational", "Provider_Name": "Microsoft-Windows-DeviceManagement-Enterprise-Diagnostics-Provider", "Computer": "DESKTOP-OFJ6N53", "TimeCreated": "2023-01-10 08:03:45.392715+00:00", "RecordID": "1025", "Level": "4", "UserID": "S-1-5-18"}
{"EventID": "4009", "Channel": "Microsoft-Windows-DeviceManagement-Enterprise-Diagnostics-Provider/Operational", "Provider_Name": "Microsoft-Windows-DeviceManagement-Enterprise-Diagnostics-Provider", "Computer": "DESKTOP-OFJ6N53", "TimeCreated": "2023-01-10 08:03:45.392723+00:00", "RecordID": "1026", "Level": "4", "UserID": "S-1-5-18", "EventData.HexInt1": "0x00000002", "EventData.HexInt2": "0x00000000", "EventData.HexInt3": "0x00000064"}
{"EventID": "4000", "Channel": "Microsoft-Windows-DeviceManagement-Enterprise-Diagnostics-Provider/Operational", "Provider_Name": "Microsoft-Windows-DeviceManagement-Enterprise-Diagnostics-Provider", "Computer": "DESKTOP-OFJ6N53", "TimeCreated": "2023-01-10 08:03:45.392899+00:00", "RecordID": "1027", "Level": "4", "UserID": "S-1-5-18", "EventData.HRESULT": "0x00000000"}
{"EventID": "4009", "Channel": "Microsoft-Windows-DeviceManagement-Enterprise-Diagnostics-Provider/Operational", "Provider_Name": "Microsoft-Windows-DeviceManagement-Enterprise-Diagnostics-Provider", "Computer": "DESKTOP-OFJ6N53", "TimeCreated": "2023-01-10 08:03:45.398527+00:00", "RecordID": "1028", "Level": "4", "UserID": "S-1-5-18", "EventData.HexInt1": "0x00000004", "EventData.HexInt2": "0x00000000", "EventData.HexInt3": "0x00000000"}
{"EventID": "4009", "Channel": "Microsoft-Windows-DeviceManagement-Enterprise-Diagnostics-Provider/Operational", "Provider_Name": "Microsoft-Windows-DeviceManagement-Enterprise-Diagnostics-Provider", "Computer": "DESKTOP-OFJ6N53", "TimeCreated": "2023-01-10 08:05:45.397867+00:00", "RecordID": "1029", "Level": "4", "UserID": "S-1-5-18", "EventData.HexInt1": "0x00000003", "EventData.HexInt2": "0x00000000", "EventData.HexInt3": "0x00000000"}
{"EventID": "4009", "Channel": "Microsoft-Windows-DeviceManagement-Enterprise-Diagnostics-Provider/Operational", "Provider_Name": "Microsoft-Windows-DeviceManagement-Enterprise-Diagnostics-Provider", "Computer": "DESKTOP-OFJ6N53", "TimeCreated": "2023-01-10 08:05:45.398357+00:00", "RecordID": "1030", "Level": "4", "UserID": "S-1-5-18", "EventData.HexInt1": "0x00000001", "EventData.HexInt2": "0x00000000", "EventData.HexInt3": "0x00000000"}
{"EventID": "4019", "Channel": "Microsoft-Windows-DeviceManagement-Enterprise-Diagnostics-Provider/Operational", "Provider_Name": "Microsoft-Windows-DeviceManagement-Enterprise-Diagnostics-Provider", "Computer": "DESKTOP-OFJ6N53", "TimeCreated": "2023-01-13 14:11:23.598347+00:00", "RecordID": "1031", "Level": "4", "UserID": "S-1-5-18"}
{"EventID": "4009", "Channel": "Microsoft-Windows-DeviceManagement-Enterprise-Diagnostics-Provider/Operational", "Provider_Name": "Microsoft-Windows-DeviceManagement-Enterprise-Diagnostics-Provider", "Computer": "DESKTOP-OFJ6N53", "TimeCreated": "2023-01-13 14:11:23.598351+00:00", "RecordID": "1032", "Level": "4", "UserID": "S-1-5-18", "EventData.HexInt1": "0x00000002", "EventData.HexInt2": "0x00000000", "EventData.HexInt3": "0x00000064"}
{"EventID": "4000", "Channel": "Microsoft-Windows-DeviceManagement-Enterprise-Diagnostics-Provider/Operational", "Provider_Name": "Microsoft-Windows-DeviceManagement-Enterprise-Diagnostics-Provider", "Computer": "DESKTOP-OFJ6N53", "TimeCreated": "2023-01-13 14:11:23.598475+00:00", "RecordID": "1033", "Level": "4", "UserID": "S-1-5-18", "EventData.HRESULT": "0x00000000"}
{"EventID": "4009", "Channel": "Microsoft-Windows-DeviceManagement-Enterprise-Diagnostics-Provider/Operational", "Provider_Name": "Microsoft-Windows-DeviceManagement-Enterprise-Diagnostics-Provider", "Computer": "DESKTOP-OFJ6N53", "TimeCreated": "2023-01-13 14:11:23.890589+00:00", "RecordID": "1034", "Level": "4", "UserID": "S-1-5-18", "EventData.HexInt1": "0x00000004", "EventData.HexInt2": "0x00000000", "EventData.HexInt3": "0x00000000"}
{"EventID": "4009", "Channel": "Microsoft-Windows-DeviceManagement-Enterprise-Diagnostics-Provider/Operational", "Provider_Name": "Microsoft-Windows-DeviceManagement-Enterprise-Diagnostics-Provider", "Computer": "DESKTOP-OFJ6N53", "TimeCreated": "2023-01-13 14:13:23.610004+00:00", "RecordID": "1035", "Level": "4", "UserID": "S-1-5-18", "EventData.HexInt1": "0x00000003", "EventData.HexInt2": "0x00000000", "EventData.HexInt3": "0x00000000"}
{"EventID": "4009", "Channel": "Microsoft-Windows-DeviceManagement-Enterprise-Diagnostics-Provider/Operational", "Provider_Name": "Microsoft-Windows-DeviceManagement-Enterprise-Diagnostics-Provider", "Computer": "DESKTOP-OFJ6N53", "TimeCreated": "2023-01-13 14:13:23.610498+00:00", "RecordID": "1036", "Level": "4", "UserID": "S-1-5-18", "EventData.HexInt1": "0x00000001", "EventData.HexInt2": "0x00000000", "EventData.HexInt3": "0x00000000"}
{"EventID": "4019", "Channel": "Microsoft-Windows-DeviceManagement-Enterprise-Diagnostics-Provider/Operational", "Provider_Name": "Microsoft-Windows-DeviceManagement-Enterprise-Diagnostics-Provider", "Computer": "DESKTOP-OFJ6N53", "TimeCreated": "2023-01-16 08:25:01.940668+00:00", "RecordID": "1037", "Level": "4", "UserID": "S-1-5-18"}
{"EventID": "4009", "Channel": "Microsoft-Windows-DeviceManagement-Enterprise-Diagnostics-Provider/Operational", "Provider_Name": "Microsoft-Windows-DeviceManagement-Enterprise-Diagnostics-Provider", "Computer": "DESKTOP-OFJ6N53", "TimeCreated": "2023-01-16 08:25:01.940674+00:00", "RecordID": "1038", "Level": "4", "UserID": "S-1-5-18", "EventData.HexInt1": "0x00000002", "EventData.HexInt2": "0x00000000", "EventData.HexInt3": "0x00000064"}
{"EventID": "4000", "Channel": "Microsoft-Windows-DeviceManagement-Enterprise-Diagnostics-Provider/Operational", "Provider_Name": "Microsoft-Windows-DeviceManagement-Enterprise-Diagnostics-Provider", "Computer": "DESKTOP-OFJ6N53", "TimeCreated": "2023-01-16 08:25:01.940840+00:00", "RecordID": "1039", "Level": "4", "UserID": "S-1-5-18", "EventData.HRESULT": "0x00000000"}
{"EventID": "4009", "Channel": "Microsoft-Windows-DeviceManagement-Enterprise-Diagnostics-Provider/Operational", "Provider_Name": "Microsoft-Windows-DeviceManagement-Enterprise-Diagnostics-Provider", "Computer": "DESKTOP-OFJ6N53", "TimeCreated": "2023-01-16 08:25:01.948885+00:00", "RecordID": "1040", "Level": "4", "UserID": "S-1-5-18", "EventData.HexInt1": "0x00000004", "EventData.HexInt2": "0x00000000", "EventData.HexInt3": "0x00000000"}
{"EventID": "4009", "Channel": "Microsoft-Windows-DeviceManagement-Enterprise-Diagnostics-Provider/Operational", "Provider_Name": "Microsoft-Windows-DeviceManagement-Enterprise-Diagnostics-Provider", "Computer": "DESKTOP-OFJ6N53", "TimeCreated": "2023-01-16 08:27:01.940655+00:00", "RecordID": "1041", "Level": "4", "UserID": "S-1-5-18", "EventData.HexInt1": "0x00000003", "EventData.HexInt2": "0x00000000", "EventData.HexInt3": "0x00000000"}
{"EventID": "4009", "Channel": "Microsoft-Windows-DeviceManagement-Enterprise-Diagnostics-Provider/Operational", "Provider_Name": "Microsoft-Windows-DeviceManagement-Enterprise-Diagnostics-Provider", "Computer": "DESKTOP-OFJ6N53", "TimeCreated": "2023-01-16 08:27:01.941261+00:00", "RecordID": "1042", "Level": "4", "UserID": "S-1-5-18", "EventData.HexInt1": "0x00000001", "EventData.HexInt2": "0x00000000", "EventData.HexInt3": "0x00000000"}
{"EventID": "4019", "Channel": "Microsoft-Windows-DeviceManagement-Enterprise-Diagnostics-Provider/Operational", "Provider_Name": "Microsoft-Windows-DeviceManagement-Enterprise-Diagnostics-Provider", "Computer": "DESKTOP-OFJ6N53", "TimeCreated": "2023-01-17 12:46:03.454773+00:00", "RecordID": "1043", "Level": "4", "UserID": "S-1-5-18"}
{"EventID": "4009", "Channel": "Microsoft-Windows-DeviceManagement-Enterprise-Diagnostics-Provider/Operational", "Provider_Name": "Microsoft-Windows-DeviceManagement-Enterprise-Diagnostics-Provider", "Computer": "DESKTOP-OFJ6N53", "TimeCreated": "2023-01-17 12:46:03.454779+00:00", "RecordID": "1044", "Level": "4", "UserID": "S-1-5-18", "EventData.HexInt1": "0x00000002", "EventData.HexInt2": "0x00000000", "EventData.HexInt3": "0x00000064"}
{"EventID": "4000", "Channel": "Microsoft-Windows-DeviceManagement-Enterprise-Diagnostics-Provider/Operational", "Provider_Name": "Microsoft-Windows-DeviceManagement-Enterprise-Diagnostics-Provider", "Computer": "DESKTOP-OFJ6N53", "TimeCreated": "2023-01-17 12:46:03.454952+00:00", "RecordID": "1045", "Level": "4", "UserID": "S-1-5-18", "EventData.HRESULT": "0x00000000"}
{"EventID": "4009", "Channel": "Microsoft-Windows-DeviceManagement-Enterprise-Diagnostics-Provider/Operational", "Provider_Name": "Microsoft-Windows-DeviceManagement-Enterprise-Diagnostics-Provider", "Computer": "DESKTOP-OFJ6N53", "TimeCreated": "2023-01-17 12:46:03.463444+00:00", "RecordID": "1046", "Level": "4", "UserID": "S-1-5-18", "EventData.HexInt1": "0x00000004", "EventData.HexInt2": "0x00000000", "EventData.HexInt3": "0x00000000"}
{"EventID": "4009", "Channel": "Microsoft-Windows-DeviceManagement-Enterprise-Diagnostics-Provider/Operational", "Provider_Name": "Microsoft-Windows-DeviceManagement-Enterprise-Diagnostics-Provider", "Computer": "DESKTOP-OFJ6N53", "TimeCreated": "2023-01-17 12:48:03.456223+00:00", "RecordID": "1047", "Level": "4", "UserID": "S-1-5-18", "EventData.HexInt1": "0x00000003", "EventData.HexInt2": "0x00000000", "EventData.HexInt3": "0x00000000"}
{"EventID": "4009", "Channel": "Microsoft-Windows-DeviceManagement-Enterprise-Diagnostics-Provider/Operational", "Provider_Name": "Microsoft-Windows-DeviceManagement-Enterprise-Diagnostics-Provider", "Computer": "DESKTOP-OFJ6N53", "TimeCreated": "2023-01-17 12:48:03.457027+00:00", "RecordID": "1048", "Level": "4", "UserID": "S-1-5-18", "EventData.HexInt1": "0x00000001", "EventData.HexInt2": "0x00000000", "EventData.HexInt3": "0x00000000"}
{"EventID": "4019", "Channel": "Microsoft-Windows-DeviceManagement-Enterprise-Diagnostics-Provider/Operational", "Provider_Name": "Microsoft-Windows-DeviceManagement-Enterprise-Diagnostics-Provider", "Computer": "DESKTOP-OFJ6N53", "TimeCreated": "2023-01-19 08:51:02.379551+00:00", "RecordID": "1049", "Level": "4", "UserID": "S-1-5-18"}
{"EventID": "4009", "Channel": "Microsoft-Windows-DeviceManagement-Enterprise-Diagnostics-Provider/Operational", "Provider_Name": "Microsoft-Windows-DeviceManagement-Enterprise-Diagnostics-Provider", "Computer": "DESKTOP-OFJ6N53", "TimeCreated": "2023-01-19 08:51:02.379555+00:00", "RecordID": "1050", "Level": "4", "UserID": "S-1-5-18", "EventData.HexInt1": "0x00000002", "EventData.HexInt2": "0x00000000", "EventData.HexInt3": "0x00000064"}
{"EventID": "4000", "Channel": "Microsoft-Windows-DeviceManagement-Enterprise-Diagnostics-Provider/Operational", "Provider_Name": "Microsoft-Windows-DeviceManagement-Enterprise-Diagnostics-Provider", "Computer": "DESKTOP-OFJ6N53", "TimeCreated": "2023-01-19 08:51:02.379650+00:00", "RecordID": "1051", "Level": "4", "UserID": "S-1-5-18", "EventData.HRESULT": "0x00000000"}
{"EventID": "4009", "Channel": "Microsoft-Windows-DeviceManagement-Enterprise-Diagnostics-Provider/Operational", "Provider_Name": "Microsoft-Windows-DeviceManagement-Enterprise-Diagnostics-Provider", "Computer": "DESKTOP-OFJ6N53", "TimeCreated": "2023-01-19 08:51:02.380781+00:00", "RecordID": "1052", "Level": "4", "UserID": "S-1-5-18", "EventData.HexInt1": "0x00000004", "EventData.HexInt2": "0x00000000", "EventData.HexInt3": "0x00000000"}
{"EventID": "4009", "Channel": "Microsoft-Windows-DeviceManagement-Enterprise-Diagnostics-Provider/Operational", "Provider_Name": "Microsoft-Windows-DeviceManagement-Enterprise-Diagnostics-Provider", "Computer": "DESKTOP-OFJ6N53", "TimeCreated": "2023-01-19 08:53:02.367481+00:00", "RecordID": "1053", "Level": "4", "UserID": "S-1-5-18", "EventData.HexInt1": "0x00000003", "EventData.HexInt2": "0x00000000", "EventData.HexInt3": "0x00000000"}
{"EventID": "4009", "Channel": "Microsoft-Windows-DeviceManagement-Enterprise-Diagnostics-Provider/Operational", "Provider_Name": "Microsoft-Windows-DeviceManagement-Enterprise-Diagnostics-Provider", "Computer": "DESKTOP-OFJ6N53", "TimeCreated": "2023-01-19 08:53:02.369286+00:00", "RecordID": "1054", "Level": "4", "UserID": "S-1-5-18", "EventData.HexInt1": "0x00000001", "EventData.HexInt2": "0x00000000", "EventData.HexInt3": "0x00000000"}
{"EventID": "4019", "Channel": "Microsoft-Windows-DeviceManagement-Enterprise-Diagnostics-Provider/Operational", "Provider_Name": "Microsoft-Windows-DeviceManagement-Enterprise-Diagnostics-Provider", "Computer": "DESKTOP-OFJ6N53", "TimeCreated": "2023-01-19 12:43:53.629343+00:00", "RecordID": "1055", "Level": "4", "UserID": "S-1-5-18"}
{"EventID": "4009", "Channel": "Microsoft-Windows-DeviceManagement-Enterprise-Diagnostics-Provider/Operational", "Provider_Name": "Microsoft-Windows-DeviceManagement-Enterprise-Diagnostics-Provider", "Computer": "DESKTOP-OFJ6N53", "TimeCreated": "2023-01-19 12:43:53.629347+00:00", "RecordID": "1056", "Level": "4", "UserID": "S-1-5-18", "EventData.HexInt1": "0x00000002", "EventData.HexInt2": "0x00000000", "EventData.HexInt3": "0x00000064"}
{"EventID": "4000", "Channel": "Microsoft-Windows-DeviceManagement-Enterprise-Diagnostics-Provider/Operational", "Provider_Name": "Microsoft-Windows-DeviceManagement-Enterprise-Diagnostics-Provider", "Computer": "DESKTOP-OFJ6N53", "TimeCreated": "2023-01-19 12:43:53.629465+00:00", "RecordID": "1057", "Level": "4", "UserID": "S-1-5-18", "EventData.HRESULT": "0x00000000"}
{"EventID": "4009", "Channel": "Microsoft-Windows-DeviceManagement-Enterprise-Diagnostics-Provider/Operational", "Provider_Name": "Microsoft-Windows-DeviceManagement-Enterprise-Diagnostics-Provider", "Computer": "DESKTOP-OFJ6N53", "TimeCreated": "2023-01-19 12:43:53.634148+00:00", "RecordID": "1058", "Level": "4", "UserID": "S-1-5-18", "EventData.HexInt1": "0x00000004", "EventData.HexInt2": "0x00000000", "EventData.HexInt3": "0x00000000"}
{"EventID": "4009", "Channel": "Microsoft-Windows-DeviceManagement-Enterprise-Diagnostics-Provider/Operational", "Provider_Name": "Microsoft-Windows-DeviceManagement-Enterprise-Diagnostics-Provider", "Computer": "DESKTOP-OFJ6N53", "TimeCreated": "2023-01-19 12:45:53.620899+00:00", "RecordID": "1059", "Level": "4", "UserID": "S-1-5-18", "EventData.HexInt1": "0x00000003", "EventData.HexInt2": "0x00000000", "EventData.HexInt3": "0x00000000"}
{"EventID": "4009", "Channel": "Microsoft-Windows-DeviceManagement-Enterprise-Diagnostics-Provider/Operational", "Provider_Name": "Microsoft-Windows-DeviceManagement-Enterprise-Diagnostics-Provider", "Computer": "DESKTOP-OFJ6N53", "TimeCreated": "2023-01-19 12:45:53.621374+00:00", "RecordID": "1060", "Level": "4", "UserID": "S-1-5-18", "EventData.HexInt1": "0x00000001", "EventData.HexInt2": "0x00000000", "EventData.HexInt3": "0x00000000"}
{"EventID": "4019", "Channel": "Microsoft-Windows-DeviceManagement-Enterprise-Diagnostics-Provider/Operational", "Provider_Name": "Microsoft-Windows-DeviceManagement-Enterprise-Diagnostics-Provider", "Computer": "DESKTOP-OFJ6N53", "TimeCreated": "2023-01-23 10:10:10.354584+00:00", "RecordID": "1061", "Level": "4", "UserID": "S-1-5-18"}
{"EventID": "4009", "Channel": "Microsoft-Windows-DeviceManagement-Enterprise-Diagnostics-Provider/Operational", "Provider_Name": "Microsoft-Windows-DeviceManagement-Enterprise-Diagnostics-Provider", "Computer": "DESKTOP-OFJ6N53", "TimeCreated": "2023-01-23 10:10:10.354588+00:00", "RecordID": "1062", "Level": "4", "UserID": "S-1-5-18", "EventData.HexInt1": "0x00000002", "EventData.HexInt2": "0x00000000", "EventData.HexInt3": "0x00000064"}
{"EventID": "4000", "Channel": "Microsoft-Windows-DeviceManagement-Enterprise-Diagnostics-Provider/Operational", "Provider_Name": "Microsoft-Windows-DeviceManagement-Enterprise-Diagnostics-Provider", "Computer": "DESKTOP-OFJ6N53", "TimeCreated": "2023-01-23 10:10:10.354750+00:00", "RecordID": "1063", "Level": "4", "UserID": "S-1-5-18", "EventData.HRESULT": "0x00000000"}
{"EventID": "4009", "Channel": "Microsoft-Windows-DeviceManagement-Enterprise-Diagnostics-Provider/Operational", "Provider_Name": "Microsoft-Windows-DeviceManagement-Enterprise-Diagnostics-Provider", "Computer": "DESKTOP-OFJ6N53", "TimeCreated": "2023-01-23 10:10:10.368380+00:00", "RecordID": "1064", "Level": "4", "UserID": "S-1-5-18", "EventData.HexInt1": "0x00000004", "EventData.HexInt2": "0x00000000", "EventData.HexInt3": "0x00000000"}
{"EventID": "4009", "Channel": "Microsoft-Windows-DeviceManagement-Enterprise-Diagnostics-Provider/Operational", "Provider_Name": "Microsoft-Windows-DeviceManagement-Enterprise-Diagnostics-Provider", "Computer": "DESKTOP-OFJ6N53", "TimeCreated": "2023-01-23 10:12:10.445227+00:00", "RecordID": "1065", "Level": "4", "UserID": "S-1-5-18", "EventData.HexInt1": "0x00000003", "EventData.HexInt2": "0x00000000", "EventData.HexInt3": "0x00000000"}
{"EventID": "4009", "Channel": "Microsoft-Windows-DeviceManagement-Enterprise-Diagnostics-Provider/Operational", "Provider_Name": "Microsoft-Windows-DeviceManagement-Enterprise-Diagnostics-Provider", "Computer": "DESKTOP-OFJ6N53", "TimeCreated": "2023-01-23 10:12:10.446098+00:00", "RecordID": "1066", "Level": "4", "UserID": "S-1-5-18", "EventData.HexInt1": "0x00000001", "EventData.HexInt2": "0x00000000", "EventData.HexInt3": "0x00000000"}
{"EventID": "4019", "Channel": "Microsoft-Windows-DeviceManagement-Enterprise-Diagnostics-Provider/Operational", "Provider_Name": "Microsoft-Windows-DeviceManagement-Enterprise-Diagnostics-Provider", "Computer": "DESKTOP-OFJ6N53", "TimeCreated": "2023-01-23 13:11:42.331100+00:00", "RecordID": "1067", "Level": "4", "UserID": "S-1-5-18"}
{"EventID": "4009", "Channel": "Microsoft-Windows-DeviceManagement-Enterprise-Diagnostics-Provider/Operational", "Provider_Name": "Microsoft-Windows-DeviceManagement-Enterprise-Diagnostics-Provider", "Computer": "DESKTOP-OFJ6N53", "TimeCreated": "2023-01-23 13:11:42.331104+00:00", "RecordID": "1068", "Level": "4", "UserID": "S-1-5-18", "EventData.HexInt1": "0x00000002", "EventData.HexInt2": "0x00000000", "EventData.HexInt3": "0x00000064"}
{"EventID": "4000", "Channel": "Microsoft-Windows-DeviceManagement-Enterprise-Diagnostics-Provider/Operational", "Provider_Name": "Microsoft-Windows-DeviceManagement-Enterprise-Diagnostics-Provider", "Computer": "DESKTOP-OFJ6N53", "TimeCreated": "2023-01-23 13:11:42.331272+00:00", "RecordID": "1069", "Level": "4", "UserID": "S-1-5-18", "EventData.HRESULT": "0x00000000"}
{"EventID": "4009", "Channel": "Microsoft-Windows-DeviceManagement-Enterprise-Diagnostics-Provider/Operational", "Provider_Name": "Microsoft-Windows-DeviceManagement-Enterprise-Diagnostics-Provider", "Computer": "DESKTOP-OFJ6N53", "TimeCreated": "2023-01-23 13:11:42.337212+00:00", "RecordID": "1070", "Level": "4", "UserID": "S-1-5-18", "EventData.HexInt1": "0x00000004", "EventData.HexInt2": "0x00000000", "EventData.HexInt3": "0x00000000"}
{"EventID": "4009", "Channel": "Microsoft-Windows-DeviceManagement-Enterprise-Diagnostics-Provider/Operational", "Provider_Name": "Microsoft-Windows-DeviceManagement-Enterprise-Diagnostics-Provider", "Computer": "DESKTOP-OFJ6N53", "TimeCreated": "2023-01-23 13:13:42.323881+00:00", "RecordID": "1071", "Level": "4", "UserID": "S-1-5-18", "EventData.HexInt1": "0x00000003", "EventData.HexInt2": "0x00000000", "EventData.HexInt3": "0x00000000"}
