{"EventID": "101", "Channel": "Microsoft-Windows-Diagnostics-Performance/Operational", "Provider_Name": "Microsoft-Windows-Diagnostics-Performance", "Computer": "DESKTOP-OFJ6N53", "TimeCreated": "2024-09-19 17:27:08.234610+00:00", "RecordID": "437", "Level": "2", "UserID": "S-1-5-19", "EventData.StartTime": "2024-09-19 17:25:11.115284+00:00", "EventData.NameLength": "12", "EventData.Name": "MsMpEng.exe", "EventData.FriendlyNameLength": "31", "EventData.FriendlyName": "Antimalware Service Executable", "EventData.VersionLength": "56", "EventData.Version": "4.18.24080.9 (f49fb7de0d838aeebbdbd940314a35a90705840e)", "EventData.TotalTime": "37285", "EventData.DegradationTime": "29785", "EventData.PathLength": "78", "EventData.Path": "C:\\ProgramData\\Microsoft\\Windows Defender\\Platform\\4.18.24080.9-0\\MsMpEng.exe", "EventData.ProductNameLength": "37", "EventData.ProductName": "Microsoft® Windows® Operating System", "EventData.CompanyNameLength": "22", "EventData.CompanyName": "Microsoft Corporation"}
{"EventID": "101", "Channel": "Microsoft-Windows-Diagnostics-Performance/Operational", "Provider_Name": "Microsoft-Windows-Diagnostics-Performance", "Computer": "DESKTOP-OFJ6N53", "TimeCreated": "2024-09-19 17:27:08.234619+00:00", "RecordID": "438", "Level": "3", "UserID": "S-1-5-19", "EventData.StartTime": "2024-09-19 17:25:11.115284+00:00", "EventData.NameLength": "14", "EventData.Name": "assistant.exe", "EventData.FriendlyNameLength": "12", "EventData.FriendlyName": "Ассистент 5", "EventData.VersionLength": "13", "EventData.Version": "5.6.2408.601", "EventData.TotalTime": "2600", "EventData.DegradationTime": "100", "EventData.PathLength": "47", "EventData.Path": "C:\\Program Files (x86)\\Ассистент\\assistant.exe", "EventData.ProductNameLength": "10", "EventData.ProductName": "Ассистент", "EventData.CompanyNameLength": "12", "EventData.CompanyName": "ООО «САФИБ»"}
{"EventID": "101", "Channel": "Microsoft-Windows-Diagnostics-Performance/Operational", "Provider_Name": "Microsoft-Windows-Diagnostics-Performance", "Computer": "DESKTOP-OFJ6N53", "TimeCreated": "2024-09-19 17:27:08.234627+00:00", "RecordID": "439", "Level": "3", "UserID": "S-1-5-19", "EventData.StartTime": "2024-09-19 17:25:11.115284+00:00", "EventData.NameLength": "16", "EventData.Name": "ast_service.exe", "EventData.FriendlyNameLength": "17", "EventData.FriendlyName": "Служба Ассистент", "EventData.VersionLength": "13", "EventData.Version": "5.6.2408.801", "EventData.TotalTime": "1041", "EventData.DegradationTime": "41", "EventData.PathLength": "49", "EventData.Path": "C:\\Program Files (x86)\\Ассистент\\ast_service.exe", "EventData.ProductNameLength": "10", "EventData.ProductName": "Ассистент", "EventData.CompanyNameLength": "12", "EventData.CompanyName": "ООО \"САФИБ\""}
{"EventID": "200", "Channel": "Microsoft-Windows-Diagnostics-Performance/Operational", "Provider_Name": "Microsoft-Windows-Diagnostics-Performance", "Computer": "DESKTOP-OFJ6N53", "TimeCreated": "2024-09-24 10:59:11.573633+00:00", "RecordID": "440", "Level": "3", "UserID": "S-1-5-19", "EventData.ShutdownTsVersion": "1", "EventData.ShutdownStartTime": "2024-09-24 10:56:52.658886+00:00", "EventData.ShutdownEndTime": "2024-09-24 10:57:15.042955+00:00", "EventData.ShutdownTime": "22384", "EventData.ShutdownUserSessionTime": "6968", "EventData.ShutdownUserPolicyTime": "2", "EventData.ShutdownUserProfilesTime": "88", "EventData.ShutdownSystemSessionsTime": "6233", "EventData.ShutdownPreShutdownNotificationsTime": "1189", "EventData.ShutdownServicesTime": "4993", "EventData.ShutdownKernelTime": "9182", "EventData.ShutdownRootCauseStepImprovementBits": "0", "EventData.ShutdownRootCauseGradualImprovementBits": "0", "EventData.ShutdownRootCauseStepDegradationBits": "0", "EventData.ShutdownRootCauseGradualDegradationBits": "0", "EventData.ShutdownIsDegradation": "False", "EventData.ShutdownTimeChange": "0"}
{"EventID": "100", "Channel": "Microsoft-Windows-Diagnostics-Performance/Operational", "Provider_Name": "Microsoft-Windows-Diagnostics-Performance", "Computer": "DESKTOP-OFJ6N53", "TimeCreated": "2024-09-24 10:59:12.498840+00:00", "RecordID": "441", "Level": "2", "UserID": "S-1-5-19", "EventData.BootTsVersion": "2", "EventData.BootStartTime": "2024-09-24 10:57:22.770763+00:00", "EventData.BootEndTime": "2024-09-24 10:59:10.229458+00:00", "EventData.SystemBootInstance": "59", "EventData.UserBootInstance": "59", "EventData.BootTime": "61475", "EventData.MainPathBootTime": "21475", "EventData.BootKernelInitTime": "80", "EventData.BootDriverInitTime": "886", "EventData.BootDevicesInitTime": "4714", "EventData.BootPrefetchInitTime": "0", "EventData.BootPrefetchBytes": "0", "EventData.BootAutoChkTime": "0", "EventData.BootSmssInitTime": "1737", "EventData.BootCriticalServicesInitTime": "619", "EventData.BootUserProfileProcessingTime": "4853", "EventData.BootMachineProfileProcessingTime": "70", "EventData.BootExplorerInitTime": "6876", "EventData.BootNumStartupApps": "16", "EventData.BootPostBootTime": "40000", "EventData.BootIsRebootAfterInstall": "False", "EventData.BootRootCauseStepImprovementBits": "0", "EventData.BootRootCauseGradualImprovementBits": "2", "EventData.BootRootCauseStepDegradationBits": "0", "EventData.BootRootCauseGradualDegradationBits": "0", "EventData.BootIsDegradation": "False", "EventData.BootIsStepDegradation": "False", "EventData.BootIsGradualDegradation": "False", "EventData.BootImprovementDelta": "0", "EventData.BootDegradationDelta": "0", "EventData.BootIsRootCauseIdentified": "True", "EventData.OSLoaderDuration": "1021", "EventData.BootPNPInitStartTimeMS": "80", "EventData.BootPNPInitDuration": "4052", "EventData.OtherKernelInitDuration": "1821", "EventData.SystemPNPInitStartTimeMS": "5848", "EventData.SystemPNPInitDuration": "393", "EventData.SessionInitStartTimeMS": "6267", "EventData.Session0InitDuration": "333", "EventData.Session1InitDuration": "43", "EventData.SessionInitOtherDuration": "1360", "EventData.WinLogonStartTimeMS": "8005", "EventData.OtherLogonInitActivityDuration": "1670", "EventData.UserLogonWaitDuration": "704"}
{"EventID": "101", "Channel": "Microsoft-Windows-Diagnostics-Performance/Operational", "Provider_Name": "Microsoft-Windows-Diagnostics-Performance", "Computer": "DESKTOP-OFJ6N53", "TimeCreated": "2024-09-24 10:59:12.498854+00:00", "RecordID": "442", "Level": "2", "UserID": "S-1-5-19", "EventData.StartTime": "2024-09-24 10:57:22.770763+00:00", "EventData.NameLength": "12", "EventData.Name": "MsMpEng.exe", "EventData.FriendlyNameLength": "31", "EventData.FriendlyName": "Antimalware Service Executable", "EventData.VersionLength": "56", "EventData.Version": "4.18.24080.9 (f49fb7de0d838aeebbdbd940314a35a90705840e)", "EventData.TotalTime": "27671", "EventData.DegradationTime": "22671", "EventData.PathLength": "78", "EventData.Path": "C:\\ProgramData\\Microsoft\\Windows Defender\\Platform\\4.18.24080.9-0\\MsMpEng.exe", "EventData.ProductNameLength": "37", "EventData.ProductName": "Microsoft® Windows® Operating System", "EventData.CompanyNameLength": "22", "EventData.CompanyName": "Microsoft Corporation"}
{"EventID": "101", "Channel": "Microsoft-Windows-Diagnostics-Performance/Operational", "Provider_Name": "Microsoft-Windows-Diagnostics-Performance", "Computer": "DESKTOP-OFJ6N53", "TimeCreated": "2024-09-24 10:59:12.498861+00:00", "RecordID": "443", "Level": "3", "UserID": "S-1-5-19", "EventData.StartTime": "2024-09-24 10:57:22.770763+00:00", "EventData.NameLength": "12", "EventData.Name": "svchost.exe", "EventData.FriendlyNameLength": "31", "EventData.FriendlyName": "Хост-процесс для служб Windows", "EventData.VersionLength": "39", "EventData.Version": "10.0.19041.4522 (WinBuild.160101.0800)", "EventData.TotalTime": "2289", "EventData.DegradationTime": "1381", "EventData.PathLength": "32", "EventData.Path": "C:\\Windows\\System32\\svchost.exe", "EventData.ProductNameLength": "41", "EventData.ProductName": "Операционная система Microsoft® Windows®", "EventData.CompanyNameLength": "22", "EventData.CompanyName": "Microsoft Corporation"}
{"EventID": "101", "Channel": "Microsoft-Windows-Diagnostics-Performance/Operational", "Provider_Name": "Microsoft-Windows-Diagnostics-Performance", "Computer": "DESKTOP-OFJ6N53", "TimeCreated": "2024-09-24 10:59:12.498869+00:00", "RecordID": "444", "Level": "3", "UserID": "S-1-5-19", "EventData.StartTime": "2024-09-24 10:57:22.770763+00:00", "EventData.NameLength": "16", "EventData.Name": "ast_service.exe", "EventData.FriendlyNameLength": "17", "EventData.FriendlyName": "Служба Ассистент", "EventData.VersionLength": "13", "EventData.Version": "5.6.2408.801", "EventData.TotalTime": "1124", "EventData.DegradationTime": "124", "EventData.PathLength": "49", "EventData.Path": "C:\\Program Files (x86)\\Ассистент\\ast_service.exe", "EventData.ProductNameLength": "10", "EventData.ProductName": "Ассистент", "EventData.CompanyNameLength": "12", "EventData.CompanyName": "ООО \"САФИБ\""}
{"EventID": "100", "Channel": "Microsoft-Windows-Diagnostics-Performance/Operational", "Provider_Name": "Microsoft-Windows-Diagnostics-Performance", "Computer": "DESKTOP-OFJ6N53", "TimeCreated": "2024-09-25 13:40:37.916370+00:00", "RecordID": "445", "Level": "2", "UserID": "S-1-5-19", "EventData.BootTsVersion": "2", "EventData.BootStartTime": "2024-09-25 13:38:47.771952+00:00", "EventData.BootEndTime": "2024-09-25 13:40:35.254007+00:00", "EventData.SystemBootInstance": "60", "EventData.UserBootInstance": "60", "EventData.BootTime": "60580", "EventData.MainPathBootTime": "23280", "EventData.BootKernelInitTime": "76", "EventData.BootDriverInitTime": "937", "EventData.BootDevicesInitTime": "4716", "EventData.BootPrefetchInitTime": "0", "EventData.BootPrefetchBytes": "0", "EventData.BootAutoChkTime": "0", "EventData.BootSmssInitTime": "1817", "EventData.BootCriticalServicesInitTime": "738", "EventData.BootUserProfileProcessingTime": "4697", "EventData.BootMachineProfileProcessingTime": "1", "EventData.BootExplorerInitTime": "8526", "EventData.BootNumStartupApps": "16", "EventData.BootPostBootTime": "37300", "EventData.BootIsRebootAfterInstall": "False", "EventData.BootRootCauseStepImprovementBits": "774", "EventData.BootRootCauseGradualImprovementBits": "0", "EventData.BootRootCauseStepDegradationBits": "0", "EventData.BootRootCauseGradualDegradationBits": "0", "EventData.BootIsDegradation": "False", "EventData.BootIsStepDegradation": "False", "EventData.BootIsGradualDegradation": "False", "EventData.BootImprovementDelta": "0", "EventData.BootDegradationDelta": "0", "EventData.BootIsRootCauseIdentified": "True", "EventData.OSLoaderDuration": "1077", "EventData.BootPNPInitStartTimeMS": "76", "EventData.BootPNPInitDuration": "3918", "EventData.OtherKernelInitDuration": "1859", "EventData.SystemPNPInitStartTimeMS": "5748", "EventData.SystemPNPInitDuration": "435", "EventData.SessionInitStartTimeMS": "6213", "EventData.Session0InitDuration": "320", "EventData.Session1InitDuration": "56", "EventData.SessionInitOtherDuration": "1440", "EventData.WinLogonStartTimeMS": "8031", "EventData.OtherLogonInitActivityDuration": "2023", "EventData.UserLogonWaitDuration": "730"}
{"EventID": "101", "Channel": "Microsoft-Windows-Diagnostics-Performance/Operational", "Provider_Name": "Microsoft-Windows-Diagnostics-Performance", "Computer": "DESKTOP-OFJ6N53", "TimeCreated": "2024-09-25 13:40:37.916382+00:00", "RecordID": "446", "Level": "2", "UserID": "S-1-5-19", "EventData.StartTime": "2024-09-25 13:38:47.771952+00:00", "EventData.NameLength": "12", "EventData.Name": "MsMpEng.exe", "EventData.FriendlyNameLength": "31", "EventData.FriendlyName": "Antimalware Service Executable", "EventData.VersionLength": "56", "EventData.Version": "4.18.24080.9 (f49fb7de0d838aeebbdbd940314a35a90705840e)", "EventData.TotalTime": "27923", "EventData.DegradationTime": "20423", "EventData.PathLength": "78", "EventData.Path": "C:\\ProgramData\\Microsoft\\Windows Defender\\Platform\\4.18.24080.9-0\\MsMpEng.exe", "EventData.ProductNameLength": "37", "EventData.ProductName": "Microsoft® Windows® Operating System", "EventData.CompanyNameLength": "22", "EventData.CompanyName": "Microsoft Corporation"}
{"EventID": "101", "Channel": "Microsoft-Windows-Diagnostics-Performance/Operational", "Provider_Name": "Microsoft-Windows-Diagnostics-Performance", "Computer": "DESKTOP-OFJ6N53", "TimeCreated": "2024-09-25 13:40:37.916389+00:00", "RecordID": "447", "Level": "3", "UserID": "S-1-5-19", "EventData.StartTime": "2024-09-25 13:38:47.771952+00:00", "EventData.NameLength": "14", "EventData.Name": "assistant.exe", "EventData.FriendlyNameLength": "12", "EventData.FriendlyName": "Ассистент 5", "EventData.VersionLength": "13", "EventData.Version": "5.6.2408.601", "EventData.TotalTime": "2681", "EventData.DegradationTime": "181", "EventData.PathLength": "47", "EventData.Path": "C:\\Program Files (x86)\\Ассистент\\assistant.exe", "EventData.ProductNameLength": "10", "EventData.ProductName": "Ассистент", "EventData.CompanyNameLength": "12", "EventData.CompanyName": "ООО «САФИБ»"}
{"EventID": "200", "Channel": "Microsoft-Windows-Diagnostics-Performance/Operational", "Provider_Name": "Microsoft-Windows-Diagnostics-Performance", "Computer": "DESKTOP-OFJ6N53", "TimeCreated": "2024-09-28 12:30:46.269495+00:00", "RecordID": "448", "Level": "3", "UserID": "S-1-5-19", "EventData.ShutdownTsVersion": "1", "EventData.ShutdownStartTime": "2024-09-28 12:28:29.390938+00:00", "EventData.ShutdownEndTime": "2024-09-28 12:28:46.980179+00:00", "EventData.ShutdownTime": "17589", "EventData.ShutdownUserSessionTime": "6854", "EventData.ShutdownUserPolicyTime": "2", "EventData.ShutdownUserProfilesTime": "61", "EventData.ShutdownSystemSessionsTime": "5068", "EventData.ShutdownPreShutdownNotificationsTime": "31", "EventData.ShutdownServicesTime": "4993", "EventData.ShutdownKernelTime": "5666", "EventData.ShutdownRootCauseStepImprovementBits": "0", "EventData.ShutdownRootCauseGradualImprovementBits": "0", "EventData.ShutdownRootCauseStepDegradationBits": "0", "EventData.ShutdownRootCauseGradualDegradationBits": "0", "EventData.ShutdownIsDegradation": "False", "EventData.ShutdownTimeChange": "0"}
{"EventID": "100", "Channel": "Microsoft-Windows-Diagnostics-Performance/Operational", "Provider_Name": "Microsoft-Windows-Diagnostics-Performance", "Computer": "DESKTOP-OFJ6N53", "TimeCreated": "2024-09-28 12:30:46.832458+00:00", "RecordID": "449", "Level": "3", "UserID": "S-1-5-19", "EventData.BootTsVersion": "2", "EventData.BootStartTime": "2024-09-28 12:28:55.084148+00:00", "EventData.BootEndTime": "2024-09-28 12:30:44.942818+00:00", "EventData.SystemBootInstance": "61", "EventData.UserBootInstance": "61", "EventData.BootTime": "47138", "EventData.MainPathBootTime": "17338", "EventData.BootKernelInitTime": "75", "EventData.BootDriverInitTime": "885", "EventData.BootDevicesInitTime": "4721", "EventData.BootPrefetchInitTime": "0", "EventData.BootPrefetchBytes": "0", "EventData.BootAutoChkTime": "0", "EventData.BootSmssInitTime": "4174", "EventData.BootCriticalServicesInitTime": "545", "EventData.BootUserProfileProcessingTime": "4615", "EventData.BootMachineProfileProcessingTime": "55", "EventData.BootExplorerInitTime": "0", "EventData.BootNumStartupApps": "0", "EventData.BootPostBootTime": "29800", "EventData.BootIsRebootAfterInstall": "False", "EventData.BootRootCauseStepImprovementBits": "0", "EventData.BootRootCauseGradualImprovementBits": "512", "EventData.BootRootCauseStepDegradationBits": "2097152", "EventData.BootRootCauseGradualDegradationBits": "2097152", "EventData.BootIsDegradation": "False", "EventData.BootIsStepDegradation": "False", "EventData.BootIsGradualDegradation": "False", "EventData.BootImprovementDelta": "0", "EventData.BootDegradationDelta": "0", "EventData.BootIsRootCauseIdentified": "True", "EventData.OSLoaderDuration": "1057", "EventData.BootPNPInitStartTimeMS": "75", "EventData.BootPNPInitDuration": "3946", "EventData.OtherKernelInitDuration": "1839", "EventData.SystemPNPInitStartTimeMS": "5757", "EventData.SystemPNPInitDuration": "400", "EventData.SessionInitStartTimeMS": "6186", "EventData.Session0InitDuration": "472", "EventData.Session1InitDuration": "58", "EventData.SessionInitOtherDuration": "3643", "EventData.WinLogonStartTimeMS": "10360", "EventData.OtherLogonInitActivityDuration": "2307", "EventData.UserLogonWaitDuration": "680"}
{"EventID": "108", "Channel": "Microsoft-Windows-Diagnostics-Performance/Operational", "Provider_Name": "Microsoft-Windows-Diagnostics-Performance", "Computer": "DESKTOP-OFJ6N53", "TimeCreated": "2024-09-28 12:30:46.834206+00:00", "RecordID": "450", "Level": "3", "UserID": "S-1-5-19", "EventData.StartTime": "2024-09-28 12:28:55.084148+00:00", "EventData.NameLength": "13", "EventData.Name": "PreShellInit", "EventData.TotalTime": "4615", "EventData.DegradationTime": "3257"}
{"EventID": "200", "Channel": "Microsoft-Windows-Diagnostics-Performance/Operational", "Provider_Name": "Microsoft-Windows-Diagnostics-Performance", "Computer": "DESKTOP-OFJ6N53", "TimeCreated": "2024-10-04 22:03:51.063351+00:00", "RecordID": "451", "Level": "3", "UserID": "S-1-5-19", "EventData.ShutdownTsVersion": "1", "EventData.ShutdownStartTime": "2024-10-04 22:02:18.565435+00:00", "EventData.ShutdownEndTime": "2024-10-04 22:02:32.711426+00:00", "EventData.ShutdownTime": "14145", "EventData.ShutdownUserSessionTime": "7639", "EventData.ShutdownUserPolicyTime": "2", "EventData.ShutdownUserProfilesTime": "117", "EventData.ShutdownSystemSessionsTime": "5107", "EventData.ShutdownPreShutdownNotificationsTime": "40", "EventData.ShutdownServicesTime": "4999", "EventData.ShutdownKernelTime": "1398", "EventData.ShutdownRootCauseStepImprovementBits": "0", "EventData.ShutdownRootCauseGradualImprovementBits": "0", "EventData.ShutdownRootCauseStepDegradationBits": "0", "EventData.ShutdownRootCauseGradualDegradationBits": "0", "EventData.ShutdownIsDegradation": "False", "EventData.ShutdownTimeChange": "0"}
{"EventID": "200", "Channel": "Microsoft-Windows-Diagnostics-Performance/Operational", "Provider_Name": "Microsoft-Windows-Diagnostics-Performance", "Computer": "DESKTOP-OFJ6N53", "TimeCreated": "2024-12-03 10:25:36.754522+00:00", "RecordID": "452", "Level": "3", "UserID": "S-1-5-19", "EventData.ShutdownTsVersion": "1", "EventData.ShutdownStartTime": "2024-12-03 10:22:44.290056+00:00", "EventData.ShutdownEndTime": "2024-12-03 10:23:35.889845+00:00", "EventData.ShutdownTime": "51599", "EventData.ShutdownUserSessionTime": "10206", "EventData.ShutdownUserPolicyTime": "10", "EventData.ShutdownUserProfilesTime": "196", "EventData.ShutdownSystemSessionsTime": "6199", "EventData.ShutdownPreShutdownNotificationsTime": "1139", "EventData.ShutdownServicesTime": "4993", "EventData.ShutdownKernelTime": "35193", "EventData.ShutdownRootCauseStepImprovementBits": "0", "EventData.ShutdownRootCauseGradualImprovementBits": "0", "EventData.ShutdownRootCauseStepDegradationBits": "2", "EventData.ShutdownRootCauseGradualDegradationBits": "0", "EventData.ShutdownIsDegradation": "True", "EventData.ShutdownTimeChange": "0"}
{"EventID": "100", "Channel": "Microsoft-Windows-Diagnostics-Performance/Operational", "Provider_Name": "Microsoft-Windows-Diagnostics-Performance", "Computer": "DESKTOP-OFJ6N53", "TimeCreated": "2024-12-03 10:25:37.675810+00:00", "RecordID": "453", "Level": "2", "UserID": "S-1-5-19", "EventData.BootTsVersion": "2", "EventData.BootStartTime": "2024-12-03 10:23:45.081654+00:00", "EventData.BootEndTime": "2024-12-03 10:25:35.308496+00:00", "EventData.SystemBootInstance": "62", "EventData.UserBootInstance": "62", "EventData.BootTime": "68102", "EventData.MainPathBootTime": "30902", "EventData.BootKernelInitTime": "77", "EventData.BootDriverInitTime": "1095", "EventData.BootDevicesInitTime": "4830", "EventData.BootPrefetchInitTime": "0", "EventData.BootPrefetchBytes": "0", "EventData.BootAutoChkTime": "0", "EventData.BootSmssInitTime": "4514", "EventData.BootCriticalServicesInitTime": "686", "EventData.BootUserProfileProcessingTime": "1743", "EventData.BootMachineProfileProcessingTime": "46", "EventData.BootExplorerInitTime": "15984", "EventData.BootNumStartupApps": "22", "EventData.BootPostBootTime": "37200", "EventData.BootIsRebootAfterInstall": "False", "EventData.BootRootCauseStepImprovementBits": "0", "EventData.BootRootCauseGradualImprovementBits": "0", "EventData.BootRootCauseStepDegradationBits": "0", "EventData.BootRootCauseGradualDegradationBits": "0", "EventData.BootIsDegradation": "False", "EventData.BootIsStepDegradation": "False", "EventData.BootIsGradualDegradation": "False", "EventData.BootImprovementDelta": "0", "EventData.BootDegradationDelta": "0", "EventData.BootIsRootCauseIdentified": "False", "EventData.OSLoaderDuration": "1001", "EventData.BootPNPInitStartTimeMS": "77", "EventData.BootPNPInitDuration": "3902", "EventData.OtherKernelInitDuration": "2017", "EventData.SystemPNPInitStartTimeMS": "5891", "EventData.SystemPNPInitDuration": "414", "EventData.SessionInitStartTimeMS": "6335", "EventData.Session0InitDuration": "591", "EventData.Session1InitDuration": "49", "EventData.SessionInitOtherDuration": "3874", "EventData.WinLogonStartTimeMS": "10849", "EventData.OtherLogonInitActivityDuration": "2278", "EventData.UserLogonWaitDuration": "977"}
{"EventID": "101", "Channel": "Microsoft-Windows-Diagnostics-Performance/Operational", "Provider_Name": "Microsoft-Windows-Diagnostics-Performance", "Computer": "DESKTOP-OFJ6N53", "TimeCreated": "2024-12-03 10:25:37.675827+00:00", "RecordID": "454", "Level": "2", "UserID": "S-1-5-19", "EventData.StartTime": "2024-12-03 10:23:45.081654+00:00", "EventData.NameLength": "12", "EventData.Name": "MsMpEng.exe", "EventData.FriendlyNameLength": "31", "EventData.FriendlyName": "Antimalware Service Executable", "EventData.VersionLength": "57", "EventData.Version": "4.18.24090.11 (26d75470953920f90fd0438874501e9d9a31e621)", "EventData.TotalTime": "35257", "EventData.DegradationTime": "27757", "EventData.PathLength": "79", "EventData.Path": "C:\\ProgramData\\Microsoft\\Windows Defender\\Platform\\4.18.24090.11-0\\MsMpEng.exe", "EventData.ProductNameLength": "37", "EventData.ProductName": "Microsoft® Windows® Operating System", "EventData.CompanyNameLength": "22", "EventData.CompanyName": "Microsoft Corporation"}
{"EventID": "101", "Channel": "Microsoft-Windows-Diagnostics-Performance/Operational", "Provider_Name": "Microsoft-Windows-Diagnostics-Performance", "Computer": "DESKTOP-OFJ6N53", "TimeCreated": "2024-12-03 10:25:37.675837+00:00", "RecordID": "455", "Level": "3", "UserID": "S-1-5-19", "EventData.StartTime": "2024-12-03 10:23:45.081654+00:00", "EventData.NameLength": "13", "EventData.Name": "OneDrive.exe", "EventData.FriendlyNameLength": "0", "EventData.FriendlyName": null, "EventData.VersionLength": "0", "EventData.Version": null, "EventData.TotalTime": "9527", "EventData.DegradationTime": "2954", "EventData.PathLength": "66", "EventData.Path": "C:\\Users\\sk.batsiev\\AppData\\Local\\Microsoft\\OneDrive\\OneDrive.exe", "EventData.ProductNameLength": "0", "EventData.ProductName": null, "EventData.CompanyNameLength": "0", "EventData.CompanyName": null}
{"EventID": "200", "Channel": "Microsoft-Windows-Diagnostics-Performance/Operational", "Provider_Name": "Microsoft-Windows-Diagnostics-Performance", "Computer": "DESKTOP-OFJ6N53", "TimeCreated": "2024-12-08 16:54:05.623642+00:00", "RecordID": "456", "Level": "3", "UserID": "S-1-5-19", "EventData.ShutdownTsVersion": "1", "EventData.ShutdownStartTime": "2024-12-08 16:51:39.040339+00:00", "EventData.ShutdownEndTime": "2024-12-08 16:52:02.444767+00:00", "EventData.ShutdownTime": "23404", "EventData.ShutdownUserSessionTime": "6855", "EventData.ShutdownUserPolicyTime": "31", "EventData.ShutdownUserProfilesTime": "65", "EventData.ShutdownSystemSessionsTime": "6179", "EventData.ShutdownPreShutdownNotificationsTime": "1142", "EventData.ShutdownServicesTime": "4986", "EventData.ShutdownKernelTime": "10370", "EventData.ShutdownRootCauseStepImprovementBits": "0", "EventData.ShutdownRootCauseGradualImprovementBits": "0", "EventData.ShutdownRootCauseStepDegradationBits": "0", "EventData.ShutdownRootCauseGradualDegradationBits": "0", "EventData.ShutdownIsDegradation": "False", "EventData.ShutdownTimeChange": "0"}
{"EventID": "100", "Channel": "Microsoft-Windows-Diagnostics-Performance/Operational", "Provider_Name": "Microsoft-Windows-Diagnostics-Performance", "Computer": "DESKTOP-OFJ6N53", "TimeCreated": "2024-12-08 16:54:07.994421+00:00", "RecordID": "457", "Level": "2", "UserID": "S-1-5-19", "EventData.BootTsVersion": "2", "EventData.BootStartTime": "2024-12-08 16:52:11.771568+00:00", "EventData.BootEndTime": "2024-12-08 16:54:04.109261+00:00", "EventData.SystemBootInstance": "63", "EventData.UserBootInstance": "63", "EventData.BootTime": "80718", "EventData.MainPathBootTime": "33418", "EventData.BootKernelInitTime": "77", "EventData.BootDriverInitTime": "941", "EventData.BootDevicesInitTime": "4925", "EventData.BootPrefetchInitTime": "0", "EventData.BootPrefetchBytes": "0", "EventData.BootAutoChkTime": "0", "EventData.BootSmssInitTime": "1933", "EventData.BootCriticalServicesInitTime": "824", "EventData.BootUserProfileProcessingTime": "8179", "EventData.BootMachineProfileProcessingTime": "73", "EventData.BootExplorerInitTime": "14864", "EventData.BootNumStartupApps": "18", "EventData.BootPostBootTime": "47300", "EventData.BootIsRebootAfterInstall": "False", "EventData.BootRootCauseStepImprovementBits": "0", "EventData.BootRootCauseGradualImprovementBits": "0", "EventData.BootRootCauseStepDegradationBits": "0", "EventData.BootRootCauseGradualDegradationBits": "0", "EventData.BootIsDegradation": "False", "EventData.BootIsStepDegradation": "False", "EventData.BootIsGradualDegradation": "False", "EventData.BootImprovementDelta": "0", "EventData.BootDegradationDelta": "0", "EventData.BootIsRootCauseIdentified": "False", "EventData.OSLoaderDuration": "1180", "EventData.BootPNPInitStartTimeMS": "77", "EventData.BootPNPInitDuration": "4151", "EventData.OtherKernelInitDuration": "1871", "EventData.SystemPNPInitStartTimeMS": "6000", "EventData.SystemPNPInitDuration": "430", "EventData.SessionInitStartTimeMS": "6453", "EventData.Session0InitDuration": "322", "EventData.Session1InitDuration": "56", "EventData.SessionInitOtherDuration": "1554", "EventData.WinLogonStartTimeMS": "8386", "EventData.OtherLogonInitActivityDuration": "1913", "EventData.UserLogonWaitDuration": "731"}
{"EventID": "101", "Channel": "Microsoft-Windows-Diagnostics-Performance/Operational", "Provider_Name": "Microsoft-Windows-Diagnostics-Performance", "Computer": "DESKTOP-OFJ6N53", "TimeCreated": "2024-12-08 16:54:07.994436+00:00", "RecordID": "458", "Level": "2", "UserID": "S-1-5-19", "EventData.StartTime": "2024-12-08 16:52:11.771568+00:00", "EventData.NameLength": "12", "EventData.Name": "MsMpEng.exe", "EventData.FriendlyNameLength": "31", "EventData.FriendlyName": "Antimalware Service Executable", "EventData.VersionLength": "57", "EventData.Version": "4.18.24090.11 (26d75470953920f90fd0438874501e9d9a31e621)", "EventData.TotalTime": "52511", "EventData.DegradationTime": "45011", "EventData.PathLength": "79", "EventData.Path": "C:\\ProgramData\\Microsoft\\Windows Defender\\Platform\\4.18.24090.11-0\\MsMpEng.exe", "EventData.ProductNameLength": "37", "EventData.ProductName": "Microsoft® Windows® Operating System", "EventData.CompanyNameLength": "22", "EventData.CompanyName": "Microsoft Corporation"}
{"EventID": "101", "Channel": "Microsoft-Windows-Diagnostics-Performance/Operational", "Provider_Name": "Microsoft-Windows-Diagnostics-Performance", "Computer": "DESKTOP-OFJ6N53", "TimeCreated": "2024-12-08 16:54:07.994446+00:00", "RecordID": "459", "Level": "3", "UserID": "S-1-5-19", "EventData.StartTime": "2024-12-08 16:52:11.771568+00:00", "EventData.NameLength": "16", "EventData.Name": "ast_service.exe", "EventData.FriendlyNameLength": "17", "EventData.FriendlyName": "Служба Ассистент", "EventData.VersionLength": "13", "EventData.Version": "5.6.2408.801", "EventData.TotalTime": "1906", "EventData.DegradationTime": "906", "EventData.PathLength": "49", "EventData.Path": "C:\\Program Files (x86)\\Ассистент\\ast_service.exe", "EventData.ProductNameLength": "10", "EventData.ProductName": "Ассистент", "EventData.CompanyNameLength": "12", "EventData.CompanyName": "ООО \"САФИБ\""}
{"EventID": "101", "Channel": "Microsoft-Windows-Diagnostics-Performance/Operational", "Provider_Name": "Microsoft-Windows-Diagnostics-Performance", "Computer": "DESKTOP-OFJ6N53", "TimeCreated": "2024-12-08 16:54:07.994453+00:00", "RecordID": "460", "Level": "3", "UserID": "S-1-5-19", "EventData.StartTime": "2024-12-08 16:52:11.771568+00:00", "EventData.NameLength": "16", "EventData.Name": "FortiClient.exe", "EventData.FriendlyNameLength": "20", "EventData.FriendlyName": "FortiClient Console", "EventData.VersionLength": "9", "EventData.Version": "7.0.1.83", "EventData.TotalTime": "5725", "EventData.DegradationTime": "725", "EventData.PathLength": "54", "EventData.Path": "C:\\Program Files\\Fortinet\\FortiClient\\FortiClient.exe", "EventData.ProductNameLength": "12", "EventData.ProductName": "FortiClient", "EventData.CompanyNameLength": "14", "EventData.CompanyName": "Fortinet Inc."}
{"EventID": "101", "Channel": "Microsoft-Windows-Diagnostics-Performance/Operational", "Provider_Name": "Microsoft-Windows-Diagnostics-Performance", "Computer": "DESKTOP-OFJ6N53", "TimeCreated": "2024-12-08 16:54:07.994461+00:00", "RecordID": "461", "Level": "3", "UserID": "S-1-5-19", "EventData.StartTime": "2024-12-08 16:52:11.771568+00:00", "EventData.NameLength": "26", "EventData.Name": "MpDefenderCoreService.exe", "EventData.FriendlyNameLength": "25", "EventData.FriendlyName": "Antimalware Core Service", "EventData.VersionLength": "57", "EventData.Version": "4.18.24090.11 (26d75470953920f90fd0438874501e9d9a31e621)", "EventData.TotalTime": "1003", "EventData.DegradationTime": "3", "EventData.PathLength": "93", "EventData.Path": "C:\\ProgramData\\Microsoft\\Windows Defender\\Platform\\4.18.24090.11-0\\MpDefenderCoreService.exe", "EventData.ProductNameLength": "37", "EventData.ProductName": "Microsoft® Windows® Operating System", "EventData.CompanyNameLength": "22", "EventData.CompanyName": "Microsoft Corporation"}
{"EventID": "200", "Channel": "Microsoft-Windows-Diagnostics-Performance/Operational", "Provider_Name": "Microsoft-Windows-Diagnostics-Performance", "Computer": "DESKTOP-OFJ6N53", "TimeCreated": "2024-12-11 15:08:41.596512+00:00", "RecordID": "462", "Level": "3", "UserID": "S-1-5-19", "EventData.ShutdownTsVersion": "1", "EventData.ShutdownStartTime": "2024-12-11 15:04:57.832455+00:00", "EventData.ShutdownEndTime": "2024-12-11 15:05:50.762522+00:00", "EventData.ShutdownTime": "52930", "EventData.ShutdownUserSessionTime": "2288", "EventData.ShutdownUserPolicyTime": "6", "EventData.ShutdownUserProfilesTime": "147", "EventData.ShutdownSystemSessionsTime": "45140", "EventData.ShutdownPreShutdownNotificationsTime": "40088", "EventData.ShutdownServicesTime": "4994", "EventData.ShutdownKernelTime": "5500", "EventData.ShutdownRootCauseStepImprovementBits": "32", "EventData.ShutdownRootCauseGradualImprovementBits": "32", "EventData.ShutdownRootCauseStepDegradationBits": "0", "EventData.ShutdownRootCauseGradualDegradationBits": "0", "EventData.ShutdownIsDegradation": "False", "EventData.ShutdownTimeChange": "0"}
{"EventID": "100", "Channel": "Microsoft-Windows-Diagnostics-Performance/Operational", "Provider_Name": "Microsoft-Windows-Diagnostics-Performance", "Computer": "DESKTOP-OFJ6N53", "TimeCreated": "2024-12-11 15:08:42.958134+00:00", "RecordID": "463", "Level": "2", "UserID": "S-1-5-19", "EventData.BootTsVersion": "2", "EventData.BootStartTime": "2024-12-11 15:06:01.162951+00:00", "EventData.BootEndTime": "2024-12-11 15:08:40.128983+00:00", "EventData.SystemBootInstance": "64", "EventData.UserBootInstance": "64", "EventData.BootTime": "133046", "EventData.MainPathBootTime": "86346", "EventData.BootKernelInitTime": "61", "EventData.BootDriverInitTime": "1068", "EventData.BootDevicesInitTime": "4837", "EventData.BootPrefetchInitTime": "0", "EventData.BootPrefetchBytes": "0", "EventData.BootAutoChkTime": "0", "EventData.BootSmssInitTime": "5007", "EventData.BootCriticalServicesInitTime": "936", "EventData.BootUserProfileProcessingTime": "985", "EventData.BootMachineProfileProcessingTime": "1", "EventData.BootExplorerInitTime": "20700", "EventData.BootNumStartupApps": "23", "EventData.BootPostBootTime": "46700", "EventData.BootIsRebootAfterInstall": "False", "EventData.BootRootCauseStepImprovementBits": "0", "EventData.BootRootCauseGradualImprovementBits": "0", "EventData.BootRootCauseStepDegradationBits": "0", "EventData.BootRootCauseGradualDegradationBits": "0", "EventData.BootIsDegradation": "False", "EventData.BootIsStepDegradation": "False", "EventData.BootIsGradualDegradation": "False", "EventData.BootImprovementDelta": "0", "EventData.BootDegradationDelta": "0", "EventData.BootIsRootCauseIdentified": "False", "EventData.OSLoaderDuration": "1202", "EventData.BootPNPInitStartTimeMS": "61", "EventData.BootPNPInitDuration": "4116", "EventData.OtherKernelInitDuration": "1926", "EventData.SystemPNPInitStartTimeMS": "6011", "EventData.SystemPNPInitDuration": "479", "EventData.SessionInitStartTimeMS": "6521", "EventData.Session0InitDuration": "923", "EventData.Session1InitDuration": "53", "EventData.SessionInitOtherDuration": "4031", "EventData.WinLogonStartTimeMS": "11529", "EventData.OtherLogonInitActivityDuration": "53129", "EventData.UserLogonWaitDuration": "146"}
{"EventID": "101", "Channel": "Microsoft-Windows-Diagnostics-Performance/Operational", "Provider_Name": "Microsoft-Windows-Diagnostics-Performance", "Computer": "DESKTOP-OFJ6N53", "TimeCreated": "2024-12-11 15:08:42.958147+00:00", "RecordID": "464", "Level": "2", "UserID": "S-1-5-19", "EventData.StartTime": "2024-12-11 15:06:01.162951+00:00", "EventData.NameLength": "12", "EventData.Name": "MsMpEng.exe", "EventData.FriendlyNameLength": "31", "EventData.FriendlyName": "Antimalware Service Executable", "EventData.VersionLength": "57", "EventData.Version": "4.18.24090.11 (26d75470953920f90fd0438874501e9d9a31e621)", "EventData.TotalTime": "61040", "EventData.DegradationTime": "52540", "EventData.PathLength": "79", "EventData.Path": "C:\\ProgramData\\Microsoft\\Windows Defender\\Platform\\4.18.24090.11-0\\MsMpEng.exe", "EventData.ProductNameLength": "37", "EventData.ProductName": "Microsoft® Windows® Operating System", "EventData.CompanyNameLength": "22", "EventData.CompanyName": "Microsoft Corporation"}
{"EventID": "101", "Channel": "Microsoft-Windows-Diagnostics-Performance/Operational", "Provider_Name": "Microsoft-Windows-Diagnostics-Performance", "Computer": "DESKTOP-OFJ6N53", "TimeCreated": "2024-12-11 15:08:42.958153+00:00", "RecordID": "465", "Level": "3", "UserID": "S-1-5-19", "EventData.StartTime": "2024-12-11 15:06:01.162951+00:00", "EventData.NameLength": "24", "EventData.Name": "PhoneExperienceHost.exe", "EventData.FriendlyNameLength": "21", "EventData.FriendlyName": "Microsoft Phone Link", "EventData.VersionLength": "13", "EventData.Version": "1.24111.82.0", "EventData.TotalTime": "8715", "EventData.DegradationTime": "3715", "EventData.PathLength": "105", "EventData.Path": "C:\\Program Files\\WindowsApps\\Microsoft.YourPhone_1.24111.82.0_x64__8wekyb3d8bbwe\\PhoneExperienceHost.exe", "EventData.ProductNameLength": "21", "EventData.ProductName": "Microsoft Phone Link", "EventData.CompanyNameLength": "22", "EventData.CompanyName": "Microsoft Corporation"}
{"EventID": "101", "Channel": "Microsoft-Windows-Diagnostics-Performance/Operational", "Provider_Name": "Microsoft-Windows-Diagnostics-Performance", "Computer": "DESKTOP-OFJ6N53", "TimeCreated": "2024-12-11 15:08:42.958160+00:00", "RecordID": "466", "Level": "3", "UserID": "S-1-5-19", "EventData.StartTime": "2024-12-11 15:06:01.162951+00:00", "EventData.NameLength": "14", "EventData.Name": "SearchApp.exe", "EventData.FriendlyNameLength": "19", "EventData.FriendlyName": "Search application", "EventData.VersionLength": "39", "EventData.Version": "10.0.19041.5198 (WinBuild.160101.0800)", "EventData.TotalTime": "4415", "EventData.DegradationTime": "2270", "EventData.PathLength": "75", "EventData.Path": "C:\\Windows\\SystemApps\\Microsoft.Windows.Search_cw5n1h2txyewy\\SearchApp.exe", "EventData.ProductNameLength": "37", "EventData.ProductName": "Microsoft® Windows® Operating System", "EventData.CompanyNameLength": "22", "EventData.CompanyName": "Microsoft Corporation"}
{"EventID": "200", "Channel": "Microsoft-Windows-Diagnostics-Performance/Operational", "Provider_Name": "Microsoft-Windows-Diagnostics-Performance", "Computer": "DESKTOP-OFJ6N53", "TimeCreated": "2024-12-23 14:11:53.671923+00:00", "RecordID": "467", "Level": "3", "UserID": "S-1-5-19", "EventData.ShutdownTsVersion": "1", "EventData.ShutdownStartTime": "2024-12-23 14:08:58.952034+00:00", "EventData.ShutdownEndTime": "2024-12-23 14:09:32.953238+00:00", "EventData.ShutdownTime": "34001", "EventData.ShutdownUserSessionTime": "6336", "EventData.ShutdownUserPolicyTime": "4", "EventData.ShutdownUserProfilesTime": "83", "EventData.ShutdownSystemSessionsTime": "6188", "EventData.ShutdownPreShutdownNotificationsTime": "1151", "EventData.ShutdownServicesTime": "4985", "EventData.ShutdownKernelTime": "21476", "EventData.ShutdownRootCauseStepImprovementBits": "0", "EventData.ShutdownRootCauseGradualImprovementBits": "0", "EventData.ShutdownRootCauseStepDegradationBits": "0", "EventData.ShutdownRootCauseGradualDegradationBits": "0", "EventData.ShutdownIsDegradation": "False", "EventData.ShutdownTimeChange": "0"}
{"EventID": "100", "Channel": "Microsoft-Windows-Diagnostics-Performance/Operational", "Provider_Name": "Microsoft-Windows-Diagnostics-Performance", "Computer": "DESKTOP-OFJ6N53", "TimeCreated": "2024-12-23 14:11:55.801294+00:00", "RecordID": "468", "Level": "2", "UserID": "S-1-5-19", "EventData.BootTsVersion": "2", "EventData.BootStartTime": "2024-12-23 14:09:42.115736+00:00", "EventData.BootEndTime": "2024-12-23 14:11:52.265306+00:00", "EventData.SystemBootInstance": "65", "EventData.UserBootInstance": "65", "EventData.BootTime": "129205", "EventData.MainPathBootTime": "95078", "EventData.BootKernelInitTime": "78", "EventData.BootDriverInitTime": "7277", "EventData.BootDevicesInitTime": "4852", "EventData.BootPrefetchInitTime": "0", "EventData.BootPrefetchBytes": "0", "EventData.BootAutoChkTime": "0", "EventData.BootSmssInitTime": "4749", "EventData.BootCriticalServicesInitTime": "1739", "EventData.BootUserProfileProcessingTime": "15559", "EventData.BootMachineProfileProcessingTime": "59", "EventData.BootExplorerInitTime": "59564", "EventData.BootNumStartupApps": "21", "EventData.BootPostBootTime": "34127", "EventData.BootIsRebootAfterInstall": "False", "EventData.BootRootCauseStepImprovementBits": "0", "EventData.BootRootCauseGradualImprovementBits": "0", "EventData.BootRootCauseStepDegradationBits": "16640", "EventData.BootRootCauseGradualDegradationBits": "0", "EventData.BootIsDegradation": "False", "EventData.BootIsStepDegradation": "False", "EventData.BootIsGradualDegradation": "False", "EventData.BootImprovementDelta": "0", "EventData.BootDegradationDelta": "0", "EventData.BootIsRootCauseIdentified": "True", "EventData.OSLoaderDuration": "1170", "EventData.BootPNPInitStartTimeMS": "78", "EventData.BootPNPInitDuration": "3947", "EventData.OtherKernelInitDuration": "2304", "EventData.SystemPNPInitStartTimeMS": "6231", "EventData.SystemPNPInitDuration": "6281", "EventData.SessionInitStartTimeMS": "12533", "EventData.Session0InitDuration": "731", "EventData.Session1InitDuration": "66", "EventData.SessionInitOtherDuration": "3951", "EventData.WinLogonStartTimeMS": "17283", "EventData.OtherLogonInitActivityDuration": "2610", "EventData.UserLogonWaitDuration": "945"}
{"EventID": "101", "Channel": "Microsoft-Windows-Diagnostics-Performance/Operational", "Provider_Name": "Microsoft-Windows-Diagnostics-Performance", "Computer": "DESKTOP-OFJ6N53", "TimeCreated": "2024-12-23 14:11:55.801304+00:00", "RecordID": "469", "Level": "3", "UserID": "S-1-5-19", "EventData.StartTime": "2024-12-23 14:09:42.115736+00:00", "EventData.NameLength": "12", "EventData.Name": "WWAHost.exe", "EventData.FriendlyNameLength": "22", "EventData.FriendlyName": "Узел WWA (Майкрософт)", "EventData.VersionLength": "39", "EventData.Version": "10.0.19041.4522 (WinBuild.160101.0800)", "EventData.TotalTime": "9397", "EventData.DegradationTime": "6897", "EventData.PathLength": "32", "EventData.Path": "C:\\Windows\\System32\\WWAHost.exe", "EventData.ProductNameLength": "41", "EventData.ProductName": "Операционная система Microsoft® Windows®", "EventData.CompanyNameLength": "22", "EventData.CompanyName": "Microsoft Corporation"}
{"EventID": "101", "Channel": "Microsoft-Windows-Diagnostics-Performance/Operational", "Provider_Name": "Microsoft-Windows-Diagnostics-Performance", "Computer": "DESKTOP-OFJ6N53", "TimeCreated": "2024-12-23 14:11:55.801313+00:00", "RecordID": "470", "Level": "3", "UserID": "S-1-5-19", "EventData.StartTime": "2024-12-23 14:09:42.115736+00:00", "EventData.NameLength": "21", "EventData.Name": "IntegrityService.exe", "EventData.FriendlyNameLength": "1", "EventData.FriendlyName": null, "EventData.VersionLength": "1", "EventData.Version": null, "EventData.TotalTime": "10031", "EventData.DegradationTime": "5031", "EventData.PathLength": "73", "EventData.Path": "C:\\Program Files\\Security Code\\Continent VPN Client\\IntegrityService.exe", "EventData.ProductNameLength": "1", "EventData.ProductName": null, "EventData.CompanyNameLength": "1", "EventData.CompanyName": null}
{"EventID": "101", "Channel": "Microsoft-Windows-Diagnostics-Performance/Operational", "Provider_Name": "Microsoft-Windows-Diagnostics-Performance", "Computer": "DESKTOP-OFJ6N53", "TimeCreated": "2024-12-23 14:11:55.801321+00:00", "RecordID": "471", "Level": "3", "UserID": "S-1-5-19", "EventData.StartTime": "2024-12-23 14:09:42.115736+00:00", "EventData.NameLength": "26", "EventData.Name": "MpDefenderCoreService.exe", "EventData.FriendlyNameLength": "25", "EventData.FriendlyName": "Antimalware Core Service", "EventData.VersionLength": "57", "EventData.Version": "4.18.24090.11 (26d75470953920f90fd0438874501e9d9a31e621)", "EventData.TotalTime": "1688", "EventData.DegradationTime": "688", "EventData.PathLength": "93", "EventData.Path": "C:\\ProgramData\\Microsoft\\Windows Defender\\Platform\\4.18.24090.11-0\\MpDefenderCoreService.exe", "EventData.ProductNameLength": "37", "EventData.ProductName": "Microsoft® Windows® Operating System", "EventData.CompanyNameLength": "22", "EventData.CompanyName": "Microsoft Corporation"}
{"EventID": "101", "Channel": "Microsoft-Windows-Diagnostics-Performance/Operational", "Provider_Name": "Microsoft-Windows-Diagnostics-Performance", "Computer": "DESKTOP-OFJ6N53", "TimeCreated": "2024-12-23 14:11:55.801329+00:00", "RecordID": "472", "Level": "3", "UserID": "S-1-5-19", "EventData.StartTime": "2024-12-23 14:09:42.115736+00:00", "EventData.NameLength": "13", "EventData.Name": "stverify.exe", "EventData.FriendlyNameLength": "0", "EventData.FriendlyName": null, "EventData.VersionLength": "0", "EventData.Version": null, "EventData.TotalTime": "1625", "EventData.DegradationTime": "625", "EventData.PathLength": "51", "EventData.Path": "C:\\Program Files (x86)\\S-Terra Client\\stverify.exe", "EventData.ProductNameLength": "0", "EventData.ProductName": null, "EventData.CompanyNameLength": "0", "EventData.CompanyName": null}
{"EventID": "110", "Channel": "Microsoft-Windows-Diagnostics-Performance/Operational", "Provider_Name": "Microsoft-Windows-Diagnostics-Performance", "Computer": "DESKTOP-OFJ6N53", "TimeCreated": "2024-12-23 14:11:55.802677+00:00", "RecordID": "473", "Level": "3", "UserID": "S-1-5-19", "EventData.StartTime": "2024-12-23 14:09:42.115736+00:00", "EventData.NameLength": "9", "EventData.Name": "SMSSInit", "EventData.TotalTime": "4749", "EventData.DegradationTime": "2434"}
{"EventID": "200", "Channel": "Microsoft-Windows-Diagnostics-Performance/Operational", "Provider_Name": "Microsoft-Windows-Diagnostics-Performance", "Computer": "DESKTOP-OFJ6N53", "TimeCreated": "2025-01-09 14:57:02.694357+00:00", "RecordID": "474", "Level": "3", "UserID": "S-1-5-19", "EventData.ShutdownTsVersion": "1", "EventData.ShutdownStartTime": "2025-01-09 14:54:31.442987+00:00", "EventData.ShutdownEndTime": "2025-01-09 14:54:55.893093+00:00", "EventData.ShutdownTime": "24450", "EventData.ShutdownUserSessionTime": "2702", "EventData.ShutdownUserPolicyTime": "2", "EventData.ShutdownUserProfilesTime": "99", "EventData.ShutdownSystemSessionsTime": "6186", "EventData.ShutdownPreShutdownNotificationsTime": "1112", "EventData.ShutdownServicesTime": "5000", "EventData.ShutdownKernelTime": "15560", "EventData.ShutdownRootCauseStepImprovementBits": "0", "EventData.ShutdownRootCauseGradualImprovementBits": "0", "EventData.ShutdownRootCauseStepDegradationBits": "0", "EventData.ShutdownRootCauseGradualDegradationBits": "0", "EventData.ShutdownIsDegradation": "False", "EventData.ShutdownTimeChange": "0"}
{"EventID": "100", "Channel": "Microsoft-Windows-Diagnostics-Performance/Operational", "Provider_Name": "Microsoft-Windows-Diagnostics-Performance", "Computer": "DESKTOP-OFJ6N53", "TimeCreated": "2025-01-09 14:57:03.401913+00:00", "RecordID": "475", "Level": "1", "UserID": "S-1-5-19", "EventData.BootTsVersion": "2", "EventData.BootStartTime": "2025-01-09 14:55:05.137077+00:00", "EventData.BootEndTime": "2025-01-09 14:57:02.142361+00:00", "EventData.SystemBootInstance": "66", "EventData.UserBootInstance": "66", "EventData.BootTime": "108723", "EventData.MainPathBootTime": "38023", "EventData.BootKernelInitTime": "81", "EventData.BootDriverInitTime": "1037", "EventData.BootDevicesInitTime": "5148", "EventData.BootPrefetchInitTime": "0", "EventData.BootPrefetchBytes": "0", "EventData.BootAutoChkTime": "0", "EventData.BootSmssInitTime": "4201", "EventData.BootCriticalServicesInitTime": "969", "EventData.BootUserProfileProcessingTime": "10764", "EventData.BootMachineProfileProcessingTime": "62", "EventData.BootExplorerInitTime": "14429", "EventData.BootNumStartupApps": "22", "EventData.BootPostBootTime": "70700", "EventData.BootIsRebootAfterInstall": "False", "EventData.BootRootCauseStepImprovementBits": "0", "EventData.BootRootCauseGradualImprovementBits": "0", "EventData.BootRootCauseStepDegradationBits": "4194304", "EventData.BootRootCauseGradualDegradationBits": "0", "EventData.BootIsDegradation": "False", "EventData.BootIsStepDegradation": "False", "EventData.BootIsGradualDegradation": "False", "EventData.BootImprovementDelta": "0", "EventData.BootDegradationDelta": "0", "EventData.BootIsRootCauseIdentified": "True", "EventData.OSLoaderDuration": "1041", "EventData.BootPNPInitStartTimeMS": "81", "EventData.BootPNPInitDuration": "4348", "EventData.OtherKernelInitDuration": "1860", "EventData.SystemPNPInitStartTimeMS": "6189", "EventData.SystemPNPInitDuration": "511", "EventData.SessionInitStartTimeMS": "6719", "EventData.Session0InitDuration": "499", "EventData.Session1InitDuration": "53", "EventData.SessionInitOtherDuration": "3647", "EventData.WinLogonStartTimeMS": "10921", "EventData.OtherLogonInitActivityDuration": "1846", "EventData.UserLogonWaitDuration": "801"}
{"EventID": "101", "Channel": "Microsoft-Windows-Diagnostics-Performance/Operational", "Provider_Name": "Microsoft-Windows-Diagnostics-Performance", "Computer": "DESKTOP-OFJ6N53", "TimeCreated": "2025-01-09 14:57:03.401924+00:00", "RecordID": "476", "Level": "3", "UserID": "S-1-5-19", "EventData.StartTime": "2025-01-09 14:55:05.137077+00:00", "EventData.NameLength": "26", "EventData.Name": "MpDefenderCoreService.exe", "EventData.FriendlyNameLength": "25", "EventData.FriendlyName": "Antimalware Core Service", "EventData.VersionLength": "57", "EventData.Version": "4.18.24090.11 (26d75470953920f90fd0438874501e9d9a31e621)", "EventData.TotalTime": "1535", "EventData.DegradationTime": "535", "EventData.PathLength": "93", "EventData.Path": "C:\\ProgramData\\Microsoft\\Windows Defender\\Platform\\4.18.24090.11-0\\MpDefenderCoreService.exe", "EventData.ProductNameLength": "37", "EventData.ProductName": "Microsoft® Windows® Operating System", "EventData.CompanyNameLength": "22", "EventData.CompanyName": "Microsoft Corporation"}
{"EventID": "101", "Channel": "Microsoft-Windows-Diagnostics-Performance/Operational", "Provider_Name": "Microsoft-Windows-Diagnostics-Performance", "Computer": "DESKTOP-OFJ6N53", "TimeCreated": "2025-01-09 14:57:03.401936+00:00", "RecordID": "477", "Level": "3", "UserID": "S-1-5-19", "EventData.StartTime": "2025-01-09 14:55:05.137077+00:00", "EventData.NameLength": "14", "EventData.Name": "FortiTray.exe", "EventData.FriendlyNameLength": "35", "EventData.FriendlyName": "FortiClient System Tray Controller", "EventData.VersionLength": "11", "EventData.Version": "7.0.1.0083", "EventData.TotalTime": "1106", "EventData.DegradationTime": "106", "EventData.PathLength": "52", "EventData.Path": "C:\\Program Files\\Fortinet\\FortiClient\\FortiTray.exe", "EventData.ProductNameLength": "35", "EventData.ProductName": "FortiClient System Tray Controller", "EventData.CompanyNameLength": "14", "EventData.CompanyName": "Fortinet Inc."}
