{"EventID": "3", "Channel": "Microsoft-Windows-Diagnosis-Scheduled/Operational", "Provider_Name": "Microsoft-Windows-Diagnosis-Scheduled", "Computer": "DESKTOP-OFJ6N53", "TimeCreated": "2024-10-27 08:26:20.971207+00:00", "RecordID": "984", "Level": "4", "UserID": "S-1-5-21-963789628-1060504924-4285088085-1001"}
{"EventID": "2", "Channel": "Microsoft-Windows-Diagnosis-Scheduled/Operational", "Provider_Name": "Microsoft-Windows-Diagnosis-Scheduled", "Computer": "DESKTOP-OFJ6N53", "TimeCreated": "2024-11-03 08:25:39.995033+00:00", "RecordID": "985", "Level": "4", "UserID": "S-1-5-21-963789628-1060504924-4285088085-1001"}
{"EventID": "5", "Channel": "Microsoft-Windows-Diagnosis-Scheduled/Operational", "Provider_Name": "Microsoft-Windows-Diagnosis-Scheduled", "Computer": "DESKTOP-OFJ6N53", "TimeCreated": "2024-11-03 08:25:39.997787+00:00", "RecordID": "986", "Level": "4", "UserID": "S-1-5-21-963789628-1060504924-4285088085-1001", "EventData.PackagePath": "C:\\Windows\\diagnostics\\scheduled\\Maintenance"}
{"EventID": "6", "Channel": "Microsoft-Windows-Diagnosis-Scheduled/Operational", "Provider_Name": "Microsoft-Windows-Diagnosis-Scheduled", "Computer": "DESKTOP-OFJ6N53", "TimeCreated": "2024-11-03 08:25:40.333153+00:00", "RecordID": "987", "Level": "4", "UserID": "S-1-5-21-963789628-1060504924-4285088085-1001", "EventData.PackageID": "MaintenanceDiagnostic"}
{"EventID": "7", "Channel": "Microsoft-Windows-Diagnosis-Scheduled/Operational", "Provider_Name": "Microsoft-Windows-Diagnosis-Scheduled", "Computer": "DESKTOP-OFJ6N53", "TimeCreated": "2024-11-03 08:25:40.333157+00:00", "RecordID": "988", "Level": "4", "UserID": "S-1-5-21-963789628-1060504924-4285088085-1001", "EventData.PackageID": "MaintenanceDiagnostic"}
{"EventID": "8", "Channel": "Microsoft-Windows-Diagnosis-Scheduled/Operational", "Provider_Name": "Microsoft-Windows-Diagnosis-Scheduled", "Computer": "DESKTOP-OFJ6N53", "TimeCreated": "2024-11-03 08:25:44.255033+00:00", "RecordID": "989", "Level": "4", "UserID": "S-1-5-21-963789628-1060504924-4285088085-1001", "EventData.PackageID": "MaintenanceDiagnostic", "EventData.RootCauseCount": "2"}
{"EventID": "100", "Channel": "Microsoft-Windows-Diagnosis-Scheduled/Operational", "Provider_Name": "Microsoft-Windows-Diagnosis-Scheduled", "Computer": "DESKTOP-OFJ6N53", "TimeCreated": "2024-11-03 08:25:44.255039+00:00", "RecordID": "990", "Level": "1", "UserID": "S-1-5-21-963789628-1060504924-4285088085-1001", "EventData.hc_stateid": "0"}
{"EventID": "3", "Channel": "Microsoft-Windows-Diagnosis-Scheduled/Operational", "Provider_Name": "Microsoft-Windows-Diagnosis-Scheduled", "Computer": "DESKTOP-OFJ6N53", "TimeCreated": "2024-11-03 08:25:44.259121+00:00", "RecordID": "991", "Level": "4", "UserID": "S-1-5-21-963789628-1060504924-4285088085-1001"}
{"EventID": "2", "Channel": "Microsoft-Windows-Diagnosis-Scheduled/Operational", "Provider_Name": "Microsoft-Windows-Diagnosis-Scheduled", "Computer": "DESKTOP-OFJ6N53", "TimeCreated": "2024-11-10 08:26:25.615181+00:00", "RecordID": "992", "Level": "4", "UserID": "S-1-5-21-963789628-1060504924-4285088085-1001"}
{"EventID": "5", "Channel": "Microsoft-Windows-Diagnosis-Scheduled/Operational", "Provider_Name": "Microsoft-Windows-Diagnosis-Scheduled", "Computer": "DESKTOP-OFJ6N53", "TimeCreated": "2024-11-10 08:26:25.615858+00:00", "RecordID": "993", "Level": "4", "UserID": "S-1-5-21-963789628-1060504924-4285088085-1001", "EventData.PackagePath": "C:\\Windows\\diagnostics\\scheduled\\Maintenance"}
{"EventID": "6", "Channel": "Microsoft-Windows-Diagnosis-Scheduled/Operational", "Provider_Name": "Microsoft-Windows-Diagnosis-Scheduled", "Computer": "DESKTOP-OFJ6N53", "TimeCreated": "2024-11-10 08:26:26.060509+00:00", "RecordID": "994", "Level": "4", "UserID": "S-1-5-21-963789628-1060504924-4285088085-1001", "EventData.PackageID": "MaintenanceDiagnostic"}
{"EventID": "7", "Channel": "Microsoft-Windows-Diagnosis-Scheduled/Operational", "Provider_Name": "Microsoft-Windows-Diagnosis-Scheduled", "Computer": "DESKTOP-OFJ6N53", "TimeCreated": "2024-11-10 08:26:26.060511+00:00", "RecordID": "995", "Level": "4", "UserID": "S-1-5-21-963789628-1060504924-4285088085-1001", "EventData.PackageID": "MaintenanceDiagnostic"}
{"EventID": "8", "Channel": "Microsoft-Windows-Diagnosis-Scheduled/Operational", "Provider_Name": "Microsoft-Windows-Diagnosis-Scheduled", "Computer": "DESKTOP-OFJ6N53", "TimeCreated": "2024-11-10 08:26:29.120283+00:00", "RecordID": "996", "Level": "4", "UserID": "S-1-5-21-963789628-1060504924-4285088085-1001", "EventData.PackageID": "MaintenanceDiagnostic", "EventData.RootCauseCount": "2"}
{"EventID": "100", "Channel": "Microsoft-Windows-Diagnosis-Scheduled/Operational", "Provider_Name": "Microsoft-Windows-Diagnosis-Scheduled", "Computer": "DESKTOP-OFJ6N53", "TimeCreated": "2024-11-10 08:26:29.120295+00:00", "RecordID": "997", "Level": "1", "UserID": "S-1-5-21-963789628-1060504924-4285088085-1001", "EventData.hc_stateid": "0"}
{"EventID": "3", "Channel": "Microsoft-Windows-Diagnosis-Scheduled/Operational", "Provider_Name": "Microsoft-Windows-Diagnosis-Scheduled", "Computer": "DESKTOP-OFJ6N53", "TimeCreated": "2024-11-10 08:26:29.124763+00:00", "RecordID": "998", "Level": "4", "UserID": "S-1-5-21-963789628-1060504924-4285088085-1001"}
{"EventID": "2", "Channel": "Microsoft-Windows-Diagnosis-Scheduled/Operational", "Provider_Name": "Microsoft-Windows-Diagnosis-Scheduled", "Computer": "DESKTOP-OFJ6N53", "TimeCreated": "2024-11-20 13:52:48.479855+00:00", "RecordID": "999", "Level": "4", "UserID": "S-1-5-21-963789628-1060504924-4285088085-1001"}
{"EventID": "5", "Channel": "Microsoft-Windows-Diagnosis-Scheduled/Operational", "Provider_Name": "Microsoft-Windows-Diagnosis-Scheduled", "Computer": "DESKTOP-OFJ6N53", "TimeCreated": "2024-11-20 13:52:48.488672+00:00", "RecordID": "1000", "Level": "4", "UserID": "S-1-5-21-963789628-1060504924-4285088085-1001", "EventData.PackagePath": "C:\\Windows\\diagnostics\\scheduled\\Maintenance"}
{"EventID": "6", "Channel": "Microsoft-Windows-Diagnosis-Scheduled/Operational", "Provider_Name": "Microsoft-Windows-Diagnosis-Scheduled", "Computer": "DESKTOP-OFJ6N53", "TimeCreated": "2024-11-20 13:52:48.824970+00:00", "RecordID": "1001", "Level": "4", "UserID": "S-1-5-21-963789628-1060504924-4285088085-1001", "EventData.PackageID": "MaintenanceDiagnostic"}
{"EventID": "7", "Channel": "Microsoft-Windows-Diagnosis-Scheduled/Operational", "Provider_Name": "Microsoft-Windows-Diagnosis-Scheduled", "Computer": "DESKTOP-OFJ6N53", "TimeCreated": "2024-11-20 13:52:48.824974+00:00", "RecordID": "1002", "Level": "4", "UserID": "S-1-5-21-963789628-1060504924-4285088085-1001", "EventData.PackageID": "MaintenanceDiagnostic"}
{"EventID": "8", "Channel": "Microsoft-Windows-Diagnosis-Scheduled/Operational", "Provider_Name": "Microsoft-Windows-Diagnosis-Scheduled", "Computer": "DESKTOP-OFJ6N53", "TimeCreated": "2024-11-20 13:52:52.685877+00:00", "RecordID": "1003", "Level": "4", "UserID": "S-1-5-21-963789628-1060504924-4285088085-1001", "EventData.PackageID": "MaintenanceDiagnostic", "EventData.RootCauseCount": "2"}
{"EventID": "100", "Channel": "Microsoft-Windows-Diagnosis-Scheduled/Operational", "Provider_Name": "Microsoft-Windows-Diagnosis-Scheduled", "Computer": "DESKTOP-OFJ6N53", "TimeCreated": "2024-11-20 13:52:52.685883+00:00", "RecordID": "1004", "Level": "1", "UserID": "S-1-5-21-963789628-1060504924-4285088085-1001", "EventData.hc_stateid": "0"}
{"EventID": "3", "Channel": "Microsoft-Windows-Diagnosis-Scheduled/Operational", "Provider_Name": "Microsoft-Windows-Diagnosis-Scheduled", "Computer": "DESKTOP-OFJ6N53", "TimeCreated": "2024-11-20 13:52:52.692780+00:00", "RecordID": "1005", "Level": "4", "UserID": "S-1-5-21-963789628-1060504924-4285088085-1001"}
{"EventID": "2", "Channel": "Microsoft-Windows-Diagnosis-Scheduled/Operational", "Provider_Name": "Microsoft-Windows-Diagnosis-Scheduled", "Computer": "DESKTOP-OFJ6N53", "TimeCreated": "2024-11-24 08:45:40.117945+00:00", "RecordID": "1006", "Level": "4", "UserID": "S-1-5-21-963789628-1060504924-4285088085-1001"}
{"EventID": "5", "Channel": "Microsoft-Windows-Diagnosis-Scheduled/Operational", "Provider_Name": "Microsoft-Windows-Diagnosis-Scheduled", "Computer": "DESKTOP-OFJ6N53", "TimeCreated": "2024-11-24 08:45:40.118176+00:00", "RecordID": "1007", "Level": "4", "UserID": "S-1-5-21-963789628-1060504924-4285088085-1001", "EventData.PackagePath": "C:\\Windows\\diagnostics\\scheduled\\Maintenance"}
{"EventID": "6", "Channel": "Microsoft-Windows-Diagnosis-Scheduled/Operational", "Provider_Name": "Microsoft-Windows-Diagnosis-Scheduled", "Computer": "DESKTOP-OFJ6N53", "TimeCreated": "2024-11-24 08:45:40.440557+00:00", "RecordID": "1008", "Level": "4", "UserID": "S-1-5-21-963789628-1060504924-4285088085-1001", "EventData.PackageID": "MaintenanceDiagnostic"}
{"EventID": "7", "Channel": "Microsoft-Windows-Diagnosis-Scheduled/Operational", "Provider_Name": "Microsoft-Windows-Diagnosis-Scheduled", "Computer": "DESKTOP-OFJ6N53", "TimeCreated": "2024-11-24 08:45:40.440563+00:00", "RecordID": "1009", "Level": "4", "UserID": "S-1-5-21-963789628-1060504924-4285088085-1001", "EventData.PackageID": "MaintenanceDiagnostic"}
{"EventID": "8", "Channel": "Microsoft-Windows-Diagnosis-Scheduled/Operational", "Provider_Name": "Microsoft-Windows-Diagnosis-Scheduled", "Computer": "DESKTOP-OFJ6N53", "TimeCreated": "2024-11-24 08:45:42.845188+00:00", "RecordID": "1010", "Level": "4", "UserID": "S-1-5-21-963789628-1060504924-4285088085-1001", "EventData.PackageID": "MaintenanceDiagnostic", "EventData.RootCauseCount": "2"}
{"EventID": "100", "Channel": "Microsoft-Windows-Diagnosis-Scheduled/Operational", "Provider_Name": "Microsoft-Windows-Diagnosis-Scheduled", "Computer": "DESKTOP-OFJ6N53", "TimeCreated": "2024-11-24 08:45:42.845194+00:00", "RecordID": "1011", "Level": "1", "UserID": "S-1-5-21-963789628-1060504924-4285088085-1001", "EventData.hc_stateid": "0"}
{"EventID": "3", "Channel": "Microsoft-Windows-Diagnosis-Scheduled/Operational", "Provider_Name": "Microsoft-Windows-Diagnosis-Scheduled", "Computer": "DESKTOP-OFJ6N53", "TimeCreated": "2024-11-24 08:45:42.849493+00:00", "RecordID": "1012", "Level": "4", "UserID": "S-1-5-21-963789628-1060504924-4285088085-1001"}
{"EventID": "2", "Channel": "Microsoft-Windows-Diagnosis-Scheduled/Operational", "Provider_Name": "Microsoft-Windows-Diagnosis-Scheduled", "Computer": "DESKTOP-OFJ6N53", "TimeCreated": "2024-12-01 08:45:58.100470+00:00", "RecordID": "1013", "Level": "4", "UserID": "S-1-5-21-963789628-1060504924-4285088085-1001"}
{"EventID": "5", "Channel": "Microsoft-Windows-Diagnosis-Scheduled/Operational", "Provider_Name": "Microsoft-Windows-Diagnosis-Scheduled", "Computer": "DESKTOP-OFJ6N53", "TimeCreated": "2024-12-01 08:45:58.103386+00:00", "RecordID": "1014", "Level": "4", "UserID": "S-1-5-21-963789628-1060504924-4285088085-1001", "EventData.PackagePath": "C:\\Windows\\diagnostics\\scheduled\\Maintenance"}
{"EventID": "6", "Channel": "Microsoft-Windows-Diagnosis-Scheduled/Operational", "Provider_Name": "Microsoft-Windows-Diagnosis-Scheduled", "Computer": "DESKTOP-OFJ6N53", "TimeCreated": "2024-12-01 08:45:58.445309+00:00", "RecordID": "1015", "Level": "4", "UserID": "S-1-5-21-963789628-1060504924-4285088085-1001", "EventData.PackageID": "MaintenanceDiagnostic"}
{"EventID": "7", "Channel": "Microsoft-Windows-Diagnosis-Scheduled/Operational", "Provider_Name": "Microsoft-Windows-Diagnosis-Scheduled", "Computer": "DESKTOP-OFJ6N53", "TimeCreated": "2024-12-01 08:45:58.445311+00:00", "RecordID": "1016", "Level": "4", "UserID": "S-1-5-21-963789628-1060504924-4285088085-1001", "EventData.PackageID": "MaintenanceDiagnostic"}
{"EventID": "8", "Channel": "Microsoft-Windows-Diagnosis-Scheduled/Operational", "Provider_Name": "Microsoft-Windows-Diagnosis-Scheduled", "Computer": "DESKTOP-OFJ6N53", "TimeCreated": "2024-12-01 08:46:02.109215+00:00", "RecordID": "1017", "Level": "4", "UserID": "S-1-5-21-963789628-1060504924-4285088085-1001", "EventData.PackageID": "MaintenanceDiagnostic", "EventData.RootCauseCount": "2"}
{"EventID": "100", "Channel": "Microsoft-Windows-Diagnosis-Scheduled/Operational", "Provider_Name": "Microsoft-Windows-Diagnosis-Scheduled", "Computer": "DESKTOP-OFJ6N53", "TimeCreated": "2024-12-01 08:46:02.109221+00:00", "RecordID": "1018", "Level": "1", "UserID": "S-1-5-21-963789628-1060504924-4285088085-1001", "EventData.hc_stateid": "0"}
{"EventID": "3", "Channel": "Microsoft-Windows-Diagnosis-Scheduled/Operational", "Provider_Name": "Microsoft-Windows-Diagnosis-Scheduled", "Computer": "DESKTOP-OFJ6N53", "TimeCreated": "2024-12-01 08:46:02.113094+00:00", "RecordID": "1019", "Level": "4", "UserID": "S-1-5-21-963789628-1060504924-4285088085-1001"}
{"EventID": "2", "Channel": "Microsoft-Windows-Diagnosis-Scheduled/Operational", "Provider_Name": "Microsoft-Windows-Diagnosis-Scheduled", "Computer": "DESKTOP-OFJ6N53", "TimeCreated": "2024-12-08 10:24:04.193275+00:00", "RecordID": "1020", "Level": "4", "UserID": "S-1-5-21-963789628-1060504924-4285088085-1001"}
{"EventID": "5", "Channel": "Microsoft-Windows-Diagnosis-Scheduled/Operational", "Provider_Name": "Microsoft-Windows-Diagnosis-Scheduled", "Computer": "DESKTOP-OFJ6N53", "TimeCreated": "2024-12-08 10:24:04.193645+00:00", "RecordID": "1021", "Level": "4", "UserID": "S-1-5-21-963789628-1060504924-4285088085-1001", "EventData.PackagePath": "C:\\Windows\\diagnostics\\scheduled\\Maintenance"}
{"EventID": "6", "Channel": "Microsoft-Windows-Diagnosis-Scheduled/Operational", "Provider_Name": "Microsoft-Windows-Diagnosis-Scheduled", "Computer": "DESKTOP-OFJ6N53", "TimeCreated": "2024-12-08 10:24:04.552359+00:00", "RecordID": "1022", "Level": "4", "UserID": "S-1-5-21-963789628-1060504924-4285088085-1001", "EventData.PackageID": "MaintenanceDiagnostic"}
{"EventID": "7", "Channel": "Microsoft-Windows-Diagnosis-Scheduled/Operational", "Provider_Name": "Microsoft-Windows-Diagnosis-Scheduled", "Computer": "DESKTOP-OFJ6N53", "TimeCreated": "2024-12-08 10:24:04.552362+00:00", "RecordID": "1023", "Level": "4", "UserID": "S-1-5-21-963789628-1060504924-4285088085-1001", "EventData.PackageID": "MaintenanceDiagnostic"}
{"EventID": "8", "Channel": "Microsoft-Windows-Diagnosis-Scheduled/Operational", "Provider_Name": "Microsoft-Windows-Diagnosis-Scheduled", "Computer": "DESKTOP-OFJ6N53", "TimeCreated": "2024-12-08 10:24:12.705120+00:00", "RecordID": "1024", "Level": "4", "UserID": "S-1-5-21-963789628-1060504924-4285088085-1001", "EventData.PackageID": "MaintenanceDiagnostic", "EventData.RootCauseCount": "2"}
{"EventID": "100", "Channel": "Microsoft-Windows-Diagnosis-Scheduled/Operational", "Provider_Name": "Microsoft-Windows-Diagnosis-Scheduled", "Computer": "DESKTOP-OFJ6N53", "TimeCreated": "2024-12-08 10:24:12.705124+00:00", "RecordID": "1025", "Level": "1", "UserID": "S-1-5-21-963789628-1060504924-4285088085-1001", "EventData.hc_stateid": "0"}
{"EventID": "3", "Channel": "Microsoft-Windows-Diagnosis-Scheduled/Operational", "Provider_Name": "Microsoft-Windows-Diagnosis-Scheduled", "Computer": "DESKTOP-OFJ6N53", "TimeCreated": "2024-12-08 10:24:12.708471+00:00", "RecordID": "1026", "Level": "4", "UserID": "S-1-5-21-963789628-1060504924-4285088085-1001"}
{"EventID": "2", "Channel": "Microsoft-Windows-Diagnosis-Scheduled/Operational", "Provider_Name": "Microsoft-Windows-Diagnosis-Scheduled", "Computer": "DESKTOP-OFJ6N53", "TimeCreated": "2024-12-15 09:06:23.635563+00:00", "RecordID": "1027", "Level": "4", "UserID": "S-1-5-21-963789628-1060504924-4285088085-1001"}
{"EventID": "5", "Channel": "Microsoft-Windows-Diagnosis-Scheduled/Operational", "Provider_Name": "Microsoft-Windows-Diagnosis-Scheduled", "Computer": "DESKTOP-OFJ6N53", "TimeCreated": "2024-12-15 09:06:23.637514+00:00", "RecordID": "1028", "Level": "4", "UserID": "S-1-5-21-963789628-1060504924-4285088085-1001", "EventData.PackagePath": "C:\\Windows\\diagnostics\\scheduled\\Maintenance"}
{"EventID": "6", "Channel": "Microsoft-Windows-Diagnosis-Scheduled/Operational", "Provider_Name": "Microsoft-Windows-Diagnosis-Scheduled", "Computer": "DESKTOP-OFJ6N53", "TimeCreated": "2024-12-15 09:06:23.976900+00:00", "RecordID": "1029", "Level": "4", "UserID": "S-1-5-21-963789628-1060504924-4285088085-1001", "EventData.PackageID": "MaintenanceDiagnostic"}
{"EventID": "7", "Channel": "Microsoft-Windows-Diagnosis-Scheduled/Operational", "Provider_Name": "Microsoft-Windows-Diagnosis-Scheduled", "Computer": "DESKTOP-OFJ6N53", "TimeCreated": "2024-12-15 09:06:23.976904+00:00", "RecordID": "1030", "Level": "4", "UserID": "S-1-5-21-963789628-1060504924-4285088085-1001", "EventData.PackageID": "MaintenanceDiagnostic"}
{"EventID": "8", "Channel": "Microsoft-Windows-Diagnosis-Scheduled/Operational", "Provider_Name": "Microsoft-Windows-Diagnosis-Scheduled", "Computer": "DESKTOP-OFJ6N53", "TimeCreated": "2024-12-15 09:06:25.984161+00:00", "RecordID": "1031", "Level": "4", "UserID": "S-1-5-21-963789628-1060504924-4285088085-1001", "EventData.PackageID": "MaintenanceDiagnostic", "EventData.RootCauseCount": "2"}
{"EventID": "100", "Channel": "Microsoft-Windows-Diagnosis-Scheduled/Operational", "Provider_Name": "Microsoft-Windows-Diagnosis-Scheduled", "Computer": "DESKTOP-OFJ6N53", "TimeCreated": "2024-12-15 09:06:25.984165+00:00", "RecordID": "1032", "Level": "1", "UserID": "S-1-5-21-963789628-1060504924-4285088085-1001", "EventData.hc_stateid": "0"}
{"EventID": "3", "Channel": "Microsoft-Windows-Diagnosis-Scheduled/Operational", "Provider_Name": "Microsoft-Windows-Diagnosis-Scheduled", "Computer": "DESKTOP-OFJ6N53", "TimeCreated": "2024-12-15 09:06:25.988111+00:00", "RecordID": "1033", "Level": "4", "UserID": "S-1-5-21-963789628-1060504924-4285088085-1001"}
{"EventID": "2", "Channel": "Microsoft-Windows-Diagnosis-Scheduled/Operational", "Provider_Name": "Microsoft-Windows-Diagnosis-Scheduled", "Computer": "DESKTOP-OFJ6N53", "TimeCreated": "2024-12-22 09:06:40.513407+00:00", "RecordID": "1034", "Level": "4", "UserID": "S-1-5-21-963789628-1060504924-4285088085-1001"}
{"EventID": "5", "Channel": "Microsoft-Windows-Diagnosis-Scheduled/Operational", "Provider_Name": "Microsoft-Windows-Diagnosis-Scheduled", "Computer": "DESKTOP-OFJ6N53", "TimeCreated": "2024-12-22 09:06:40.515144+00:00", "RecordID": "1035", "Level": "4", "UserID": "S-1-5-21-963789628-1060504924-4285088085-1001", "EventData.PackagePath": "C:\\Windows\\diagnostics\\scheduled\\Maintenance"}
{"EventID": "6", "Channel": "Microsoft-Windows-Diagnosis-Scheduled/Operational", "Provider_Name": "Microsoft-Windows-Diagnosis-Scheduled", "Computer": "DESKTOP-OFJ6N53", "TimeCreated": "2024-12-22 09:06:40.850269+00:00", "RecordID": "1036", "Level": "4", "UserID": "S-1-5-21-963789628-1060504924-4285088085-1001", "EventData.PackageID": "MaintenanceDiagnostic"}
{"EventID": "7", "Channel": "Microsoft-Windows-Diagnosis-Scheduled/Operational", "Provider_Name": "Microsoft-Windows-Diagnosis-Scheduled", "Computer": "DESKTOP-OFJ6N53", "TimeCreated": "2024-12-22 09:06:40.850273+00:00", "RecordID": "1037", "Level": "4", "UserID": "S-1-5-21-963789628-1060504924-4285088085-1001", "EventData.PackageID": "MaintenanceDiagnostic"}
{"EventID": "8", "Channel": "Microsoft-Windows-Diagnosis-Scheduled/Operational", "Provider_Name": "Microsoft-Windows-Diagnosis-Scheduled", "Computer": "DESKTOP-OFJ6N53", "TimeCreated": "2024-12-22 09:06:45.727690+00:00", "RecordID": "1038", "Level": "4", "UserID": "S-1-5-21-963789628-1060504924-4285088085-1001", "EventData.PackageID": "MaintenanceDiagnostic", "EventData.RootCauseCount": "2"}
{"EventID": "100", "Channel": "Microsoft-Windows-Diagnosis-Scheduled/Operational", "Provider_Name": "Microsoft-Windows-Diagnosis-Scheduled", "Computer": "DESKTOP-OFJ6N53", "TimeCreated": "2024-12-22 09:06:45.727694+00:00", "RecordID": "1039", "Level": "1", "UserID": "S-1-5-21-963789628-1060504924-4285088085-1001", "EventData.hc_stateid": "0"}
{"EventID": "3", "Channel": "Microsoft-Windows-Diagnosis-Scheduled/Operational", "Provider_Name": "Microsoft-Windows-Diagnosis-Scheduled", "Computer": "DESKTOP-OFJ6N53", "TimeCreated": "2024-12-22 09:06:45.732050+00:00", "RecordID": "1040", "Level": "4", "UserID": "S-1-5-21-963789628-1060504924-4285088085-1001"}
{"EventID": "2", "Channel": "Microsoft-Windows-Diagnosis-Scheduled/Operational", "Provider_Name": "Microsoft-Windows-Diagnosis-Scheduled", "Computer": "DESKTOP-OFJ6N53", "TimeCreated": "2024-12-29 10:10:18.730812+00:00", "RecordID": "1041", "Level": "4", "UserID": "S-1-5-21-963789628-1060504924-4285088085-1001"}
{"EventID": "5", "Channel": "Microsoft-Windows-Diagnosis-Scheduled/Operational", "Provider_Name": "Microsoft-Windows-Diagnosis-Scheduled", "Computer": "DESKTOP-OFJ6N53", "TimeCreated": "2024-12-29 10:10:18.731216+00:00", "RecordID": "1042", "Level": "4", "UserID": "S-1-5-21-963789628-1060504924-4285088085-1001", "EventData.PackagePath": "C:\\Windows\\diagnostics\\scheduled\\Maintenance"}
{"EventID": "6", "Channel": "Microsoft-Windows-Diagnosis-Scheduled/Operational", "Provider_Name": "Microsoft-Windows-Diagnosis-Scheduled", "Computer": "DESKTOP-OFJ6N53", "TimeCreated": "2024-12-29 10:10:19.092314+00:00", "RecordID": "1043", "Level": "4", "UserID": "S-1-5-21-963789628-1060504924-4285088085-1001", "EventData.PackageID": "MaintenanceDiagnostic"}
{"EventID": "7", "Channel": "Microsoft-Windows-Diagnosis-Scheduled/Operational", "Provider_Name": "Microsoft-Windows-Diagnosis-Scheduled", "Computer": "DESKTOP-OFJ6N53", "TimeCreated": "2024-12-29 10:10:19.092316+00:00", "RecordID": "1044", "Level": "4", "UserID": "S-1-5-21-963789628-1060504924-4285088085-1001", "EventData.PackageID": "MaintenanceDiagnostic"}
{"EventID": "8", "Channel": "Microsoft-Windows-Diagnosis-Scheduled/Operational", "Provider_Name": "Microsoft-Windows-Diagnosis-Scheduled", "Computer": "DESKTOP-OFJ6N53", "TimeCreated": "2024-12-29 10:10:23.987486+00:00", "RecordID": "1045", "Level": "4", "UserID": "S-1-5-21-963789628-1060504924-4285088085-1001", "EventData.PackageID": "MaintenanceDiagnostic", "EventData.RootCauseCount": "2"}
{"EventID": "100", "Channel": "Microsoft-Windows-Diagnosis-Scheduled/Operational", "Provider_Name": "Microsoft-Windows-Diagnosis-Scheduled", "Computer": "DESKTOP-OFJ6N53", "TimeCreated": "2024-12-29 10:10:23.987492+00:00", "RecordID": "1046", "Level": "1", "UserID": "S-1-5-21-963789628-1060504924-4285088085-1001", "EventData.hc_stateid": "0"}
{"EventID": "3", "Channel": "Microsoft-Windows-Diagnosis-Scheduled/Operational", "Provider_Name": "Microsoft-Windows-Diagnosis-Scheduled", "Computer": "DESKTOP-OFJ6N53", "TimeCreated": "2024-12-29 10:10:23.991066+00:00", "RecordID": "1047", "Level": "4", "UserID": "S-1-5-21-963789628-1060504924-4285088085-1001"}
{"EventID": "2", "Channel": "Microsoft-Windows-Diagnosis-Scheduled/Operational", "Provider_Name": "Microsoft-Windows-Diagnosis-Scheduled", "Computer": "DESKTOP-OFJ6N53", "TimeCreated": "2025-01-05 10:10:28.099474+00:00", "RecordID": "1048", "Level": "4", "UserID": "S-1-5-21-963789628-1060504924-4285088085-1001"}
{"EventID": "5", "Channel": "Microsoft-Windows-Diagnosis-Scheduled/Operational", "Provider_Name": "Microsoft-Windows-Diagnosis-Scheduled", "Computer": "DESKTOP-OFJ6N53", "TimeCreated": "2025-01-05 10:10:28.099821+00:00", "RecordID": "1049", "Level": "4", "UserID": "S-1-5-21-963789628-1060504924-4285088085-1001", "EventData.PackagePath": "C:\\Windows\\diagnostics\\scheduled\\Maintenance"}
{"EventID": "6", "Channel": "Microsoft-Windows-Diagnosis-Scheduled/Operational", "Provider_Name": "Microsoft-Windows-Diagnosis-Scheduled", "Computer": "DESKTOP-OFJ6N53", "TimeCreated": "2025-01-05 10:10:28.435511+00:00", "RecordID": "1050", "Level": "4", "UserID": "S-1-5-21-963789628-1060504924-4285088085-1001", "EventData.PackageID": "MaintenanceDiagnostic"}
{"EventID": "7", "Channel": "Microsoft-Windows-Diagnosis-Scheduled/Operational", "Provider_Name": "Microsoft-Windows-Diagnosis-Scheduled", "Computer": "DESKTOP-OFJ6N53", "TimeCreated": "2025-01-05 10:10:28.435514+00:00", "RecordID": "1051", "Level": "4", "UserID": "S-1-5-21-963789628-1060504924-4285088085-1001", "EventData.PackageID": "MaintenanceDiagnostic"}
{"EventID": "8", "Channel": "Microsoft-Windows-Diagnosis-Scheduled/Operational", "Provider_Name": "Microsoft-Windows-Diagnosis-Scheduled", "Computer": "DESKTOP-OFJ6N53", "TimeCreated": "2025-01-05 10:10:31.065838+00:00", "RecordID": "1052", "Level": "4", "UserID": "S-1-5-21-963789628-1060504924-4285088085-1001", "EventData.PackageID": "MaintenanceDiagnostic", "EventData.RootCauseCount": "2"}
{"EventID": "100", "Channel": "Microsoft-Windows-Diagnosis-Scheduled/Operational", "Provider_Name": "Microsoft-Windows-Diagnosis-Scheduled", "Computer": "DESKTOP-OFJ6N53", "TimeCreated": "2025-01-05 10:10:31.065844+00:00", "RecordID": "1053", "Level": "1", "UserID": "S-1-5-21-963789628-1060504924-4285088085-1001", "EventData.hc_stateid": "0"}
{"EventID": "3", "Channel": "Microsoft-Windows-Diagnosis-Scheduled/Operational", "Provider_Name": "Microsoft-Windows-Diagnosis-Scheduled", "Computer": "DESKTOP-OFJ6N53", "TimeCreated": "2025-01-05 10:10:31.070194+00:00", "RecordID": "1054", "Level": "4", "UserID": "S-1-5-21-963789628-1060504924-4285088085-1001"}
{"EventID": "2", "Channel": "Microsoft-Windows-Diagnosis-Scheduled/Operational", "Provider_Name": "Microsoft-Windows-Diagnosis-Scheduled", "Computer": "DESKTOP-OFJ6N53", "TimeCreated": "2025-01-12 08:55:20.788513+00:00", "RecordID": "1055", "Level": "4", "UserID": "S-1-5-21-963789628-1060504924-4285088085-1001"}
{"EventID": "5", "Channel": "Microsoft-Windows-Diagnosis-Scheduled/Operational", "Provider_Name": "Microsoft-Windows-Diagnosis-Scheduled", "Computer": "DESKTOP-OFJ6N53", "TimeCreated": "2025-01-12 08:55:20.797703+00:00", "RecordID": "1056", "Level": "4", "UserID": "S-1-5-21-963789628-1060504924-4285088085-1001", "EventData.PackagePath": "C:\\Windows\\diagnostics\\scheduled\\Maintenance"}
{"EventID": "6", "Channel": "Microsoft-Windows-Diagnosis-Scheduled/Operational", "Provider_Name": "Microsoft-Windows-Diagnosis-Scheduled", "Computer": "DESKTOP-OFJ6N53", "TimeCreated": "2025-01-12 08:55:21.113869+00:00", "RecordID": "1057", "Level": "4", "UserID": "S-1-5-21-963789628-1060504924-4285088085-1001", "EventData.PackageID": "MaintenanceDiagnostic"}
{"EventID": "7", "Channel": "Microsoft-Windows-Diagnosis-Scheduled/Operational", "Provider_Name": "Microsoft-Windows-Diagnosis-Scheduled", "Computer": "DESKTOP-OFJ6N53", "TimeCreated": "2025-01-12 08:55:21.113871+00:00", "RecordID": "1058", "Level": "4", "UserID": "S-1-5-21-963789628-1060504924-4285088085-1001", "EventData.PackageID": "MaintenanceDiagnostic"}
{"EventID": "8", "Channel": "Microsoft-Windows-Diagnosis-Scheduled/Operational", "Provider_Name": "Microsoft-Windows-Diagnosis-Scheduled", "Computer": "DESKTOP-OFJ6N53", "TimeCreated": "2025-01-12 08:55:28.479597+00:00", "RecordID": "1059", "Level": "4", "UserID": "S-1-5-21-963789628-1060504924-4285088085-1001", "EventData.PackageID": "MaintenanceDiagnostic", "EventData.RootCauseCount": "2"}
{"EventID": "100", "Channel": "Microsoft-Windows-Diagnosis-Scheduled/Operational", "Provider_Name": "Microsoft-Windows-Diagnosis-Scheduled", "Computer": "DESKTOP-OFJ6N53", "TimeCreated": "2025-01-12 08:55:28.479603+00:00", "RecordID": "1060", "Level": "1", "UserID": "S-1-5-21-963789628-1060504924-4285088085-1001", "EventData.hc_stateid": "0"}
{"EventID": "3", "Channel": "Microsoft-Windows-Diagnosis-Scheduled/Operational", "Provider_Name": "Microsoft-Windows-Diagnosis-Scheduled", "Computer": "DESKTOP-OFJ6N53", "TimeCreated": "2025-01-12 08:55:28.483095+00:00", "RecordID": "1061", "Level": "4", "UserID": "S-1-5-21-963789628-1060504924-4285088085-1001"}
{"EventID": "2", "Channel": "Microsoft-Windows-Diagnosis-Scheduled/Operational", "Provider_Name": "Microsoft-Windows-Diagnosis-Scheduled", "Computer": "DESKTOP-OFJ6N53", "TimeCreated": "2025-01-19 09:22:46.797920+00:00", "RecordID": "1062", "Level": "4", "UserID": "S-1-5-21-963789628-1060504924-4285088085-1001"}
{"EventID": "5", "Channel": "Microsoft-Windows-Diagnosis-Scheduled/Operational", "Provider_Name": "Microsoft-Windows-Diagnosis-Scheduled", "Computer": "DESKTOP-OFJ6N53", "TimeCreated": "2025-01-19 09:22:46.798285+00:00", "RecordID": "1063", "Level": "4", "UserID": "S-1-5-21-963789628-1060504924-4285088085-1001", "EventData.PackagePath": "C:\\Windows\\diagnostics\\scheduled\\Maintenance"}
{"EventID": "6", "Channel": "Microsoft-Windows-Diagnosis-Scheduled/Operational", "Provider_Name": "Microsoft-Windows-Diagnosis-Scheduled", "Computer": "DESKTOP-OFJ6N53", "TimeCreated": "2025-01-19 09:22:47.187710+00:00", "RecordID": "1064", "Level": "4", "UserID": "S-1-5-21-963789628-1060504924-4285088085-1001", "EventData.PackageID": "MaintenanceDiagnostic"}
{"EventID": "7", "Channel": "Microsoft-Windows-Diagnosis-Scheduled/Operational", "Provider_Name": "Microsoft-Windows-Diagnosis-Scheduled", "Computer": "DESKTOP-OFJ6N53", "TimeCreated": "2025-01-19 09:22:47.187716+00:00", "RecordID": "1065", "Level": "4", "UserID": "S-1-5-21-963789628-1060504924-4285088085-1001", "EventData.PackageID": "MaintenanceDiagnostic"}
{"EventID": "8", "Channel": "Microsoft-Windows-Diagnosis-Scheduled/Operational", "Provider_Name": "Microsoft-Windows-Diagnosis-Scheduled", "Computer": "DESKTOP-OFJ6N53", "TimeCreated": "2025-01-19 09:22:49.212122+00:00", "RecordID": "1066", "Level": "4", "UserID": "S-1-5-21-963789628-1060504924-4285088085-1001", "EventData.PackageID": "MaintenanceDiagnostic", "EventData.RootCauseCount": "2"}
{"EventID": "100", "Channel": "Microsoft-Windows-Diagnosis-Scheduled/Operational", "Provider_Name": "Microsoft-Windows-Diagnosis-Scheduled", "Computer": "DESKTOP-OFJ6N53", "TimeCreated": "2025-01-19 09:22:49.212128+00:00", "RecordID": "1067", "Level": "1", "UserID": "S-1-5-21-963789628-1060504924-4285088085-1001", "EventData.hc_stateid": "0"}
{"EventID": "3", "Channel": "Microsoft-Windows-Diagnosis-Scheduled/Operational", "Provider_Name": "Microsoft-Windows-Diagnosis-Scheduled", "Computer": "DESKTOP-OFJ6N53", "TimeCreated": "2025-01-19 09:22:49.215508+00:00", "RecordID": "1068", "Level": "4", "UserID": "S-1-5-21-963789628-1060504924-4285088085-1001"}
{"EventID": "2", "Channel": "Microsoft-Windows-Diagnosis-Scheduled/Operational", "Provider_Name": "Microsoft-Windows-Diagnosis-Scheduled", "Computer": "DESKTOP-OFJ6N53", "TimeCreated": "2025-01-26 10:03:24.511631+00:00", "RecordID": "1069", "Level": "4", "UserID": "S-1-5-21-963789628-1060504924-4285088085-1001"}
{"EventID": "5", "Channel": "Microsoft-Windows-Diagnosis-Scheduled/Operational", "Provider_Name": "Microsoft-Windows-Diagnosis-Scheduled", "Computer": "DESKTOP-OFJ6N53", "TimeCreated": "2025-01-26 10:03:24.524939+00:00", "RecordID": "1070", "Level": "4", "UserID": "S-1-5-21-963789628-1060504924-4285088085-1001", "EventData.PackagePath": "C:\\Windows\\diagnostics\\scheduled\\Maintenance"}
{"EventID": "6", "Channel": "Microsoft-Windows-Diagnosis-Scheduled/Operational", "Provider_Name": "Microsoft-Windows-Diagnosis-Scheduled", "Computer": "DESKTOP-OFJ6N53", "TimeCreated": "2025-01-26 10:03:24.950665+00:00", "RecordID": "1071", "Level": "4", "UserID": "S-1-5-21-963789628-1060504924-4285088085-1001", "EventData.PackageID": "MaintenanceDiagnostic"}
{"EventID": "7", "Channel": "Microsoft-Windows-Diagnosis-Scheduled/Operational", "Provider_Name": "Microsoft-Windows-Diagnosis-Scheduled", "Computer": "DESKTOP-OFJ6N53", "TimeCreated": "2025-01-26 10:03:24.950670+00:00", "RecordID": "1072", "Level": "4", "UserID": "S-1-5-21-963789628-1060504924-4285088085-1001", "EventData.PackageID": "MaintenanceDiagnostic"}
{"EventID": "8", "Channel": "Microsoft-Windows-Diagnosis-Scheduled/Operational", "Provider_Name": "Microsoft-Windows-Diagnosis-Scheduled", "Computer": "DESKTOP-OFJ6N53", "TimeCreated": "2025-01-26 10:03:28.249107+00:00", "RecordID": "1073", "Level": "4", "UserID": "S-1-5-21-963789628-1060504924-4285088085-1001", "EventData.PackageID": "MaintenanceDiagnostic", "EventData.RootCauseCount": "2"}
{"EventID": "100", "Channel": "Microsoft-Windows-Diagnosis-Scheduled/Operational", "Provider_Name": "Microsoft-Windows-Diagnosis-Scheduled", "Computer": "DESKTOP-OFJ6N53", "TimeCreated": "2025-01-26 10:03:28.249115+00:00", "RecordID": "1074", "Level": "1", "UserID": "S-1-5-21-963789628-1060504924-4285088085-1001", "EventData.hc_stateid": "0"}
{"EventID": "3", "Channel": "Microsoft-Windows-Diagnosis-Scheduled/Operational", "Provider_Name": "Microsoft-Windows-Diagnosis-Scheduled", "Computer": "DESKTOP-OFJ6N53", "TimeCreated": "2025-01-26 10:03:28.253633+00:00", "RecordID": "1075", "Level": "4", "UserID": "S-1-5-21-963789628-1060504924-4285088085-1001"}
{"EventID": "2", "Channel": "Microsoft-Windows-Diagnosis-Scheduled/Operational", "Provider_Name": "Microsoft-Windows-Diagnosis-Scheduled", "Computer": "DESKTOP-OFJ6N53", "TimeCreated": "2025-02-02 10:03:44.890072+00:00", "RecordID": "1076", "Level": "4", "UserID": "S-1-5-21-963789628-1060504924-4285088085-1001"}
{"EventID": "5", "Channel": "Microsoft-Windows-Diagnosis-Scheduled/Operational", "Provider_Name": "Microsoft-Windows-Diagnosis-Scheduled", "Computer": "DESKTOP-OFJ6N53", "TimeCreated": "2025-02-02 10:03:44.892365+00:00", "RecordID": "1077", "Level": "4", "UserID": "S-1-5-21-963789628-1060504924-4285088085-1001", "EventData.PackagePath": "C:\\Windows\\diagnostics\\scheduled\\Maintenance"}
{"EventID": "6", "Channel": "Microsoft-Windows-Diagnosis-Scheduled/Operational", "Provider_Name": "Microsoft-Windows-Diagnosis-Scheduled", "Computer": "DESKTOP-OFJ6N53", "TimeCreated": "2025-02-02 10:03:45.240221+00:00", "RecordID": "1078", "Level": "4", "UserID": "S-1-5-21-963789628-1060504924-4285088085-1001", "EventData.PackageID": "MaintenanceDiagnostic"}
{"EventID": "7", "Channel": "Microsoft-Windows-Diagnosis-Scheduled/Operational", "Provider_Name": "Microsoft-Windows-Diagnosis-Scheduled", "Computer": "DESKTOP-OFJ6N53", "TimeCreated": "2025-02-02 10:03:45.240225+00:00", "RecordID": "1079", "Level": "4", "UserID": "S-1-5-21-963789628-1060504924-4285088085-1001", "EventData.PackageID": "MaintenanceDiagnostic"}
{"EventID": "8", "Channel": "Microsoft-Windows-Diagnosis-Scheduled/Operational", "Provider_Name": "Microsoft-Windows-Diagnosis-Scheduled", "Computer": "DESKTOP-OFJ6N53", "TimeCreated": "2025-02-02 10:03:51.407951+00:00", "RecordID": "1080", "Level": "4", "UserID": "S-1-5-21-963789628-1060504924-4285088085-1001", "EventData.PackageID": "MaintenanceDiagnostic", "EventData.RootCauseCount": "2"}
{"EventID": "100", "Channel": "Microsoft-Windows-Diagnosis-Scheduled/Operational", "Provider_Name": "Microsoft-Windows-Diagnosis-Scheduled", "Computer": "DESKTOP-OFJ6N53", "TimeCreated": "2025-02-02 10:03:51.407957+00:00", "RecordID": "1081", "Level": "1", "UserID": "S-1-5-21-963789628-1060504924-4285088085-1001", "EventData.hc_stateid": "0"}
{"EventID": "3", "Channel": "Microsoft-Windows-Diagnosis-Scheduled/Operational", "Provider_Name": "Microsoft-Windows-Diagnosis-Scheduled", "Computer": "DESKTOP-OFJ6N53", "TimeCreated": "2025-02-02 10:03:51.411484+00:00", "RecordID": "1082", "Level": "4", "UserID": "S-1-5-21-963789628-1060504924-4285088085-1001"}
{"EventID": "2", "Channel": "Microsoft-Windows-Diagnosis-Scheduled/Operational", "Provider_Name": "Microsoft-Windows-Diagnosis-Scheduled", "Computer": "DESKTOP-OFJ6N53", "TimeCreated": "2025-02-09 10:02:10.759811+00:00", "RecordID": "1083", "Level": "4", "UserID": "S-1-5-21-963789628-1060504924-4285088085-1001"}
{"EventID": "5", "Channel": "Microsoft-Windows-Diagnosis-Scheduled/Operational", "Provider_Name": "Microsoft-Windows-Diagnosis-Scheduled", "Computer": "DESKTOP-OFJ6N53", "TimeCreated": "2025-02-09 10:02:10.760958+00:00", "RecordID": "1084", "Level": "4", "UserID": "S-1-5-21-963789628-1060504924-4285088085-1001", "EventData.PackagePath": "C:\\Windows\\diagnostics\\scheduled\\Maintenance"}
{"EventID": "6", "Channel": "Microsoft-Windows-Diagnosis-Scheduled/Operational", "Provider_Name": "Microsoft-Windows-Diagnosis-Scheduled", "Computer": "DESKTOP-OFJ6N53", "TimeCreated": "2025-02-09 10:02:11.875900+00:00", "RecordID": "1085", "Level": "4", "UserID": "S-1-5-21-963789628-1060504924-4285088085-1001", "EventData.PackageID": "MaintenanceDiagnostic"}
{"EventID": "7", "Channel": "Microsoft-Windows-Diagnosis-Scheduled/Operational", "Provider_Name": "Microsoft-Windows-Diagnosis-Scheduled", "Computer": "DESKTOP-OFJ6N53", "TimeCreated": "2025-02-09 10:02:11.875904+00:00", "RecordID": "1086", "Level": "4", "UserID": "S-1-5-21-963789628-1060504924-4285088085-1001", "EventData.PackageID": "MaintenanceDiagnostic"}
{"EventID": "8", "Channel": "Microsoft-Windows-Diagnosis-Scheduled/Operational", "Provider_Name": "Microsoft-Windows-Diagnosis-Scheduled", "Computer": "DESKTOP-OFJ6N53", "TimeCreated": "2025-02-09 10:02:21.423410+00:00", "RecordID": "1087", "Level": "4", "UserID": "S-1-5-21-963789628-1060504924-4285088085-1001", "EventData.PackageID": "MaintenanceDiagnostic", "EventData.RootCauseCount": "2"}
{"EventID": "100", "Channel": "Microsoft-Windows-Diagnosis-Scheduled/Operational", "Provider_Name": "Microsoft-Windows-Diagnosis-Scheduled", "Computer": "DESKTOP-OFJ6N53", "TimeCreated": "2025-02-09 10:02:21.423418+00:00", "RecordID": "1088", "Level": "1", "UserID": "S-1-5-21-963789628-1060504924-4285088085-1001", "EventData.hc_stateid": "0"}
{"EventID": "3", "Channel": "Microsoft-Windows-Diagnosis-Scheduled/Operational", "Provider_Name": "Microsoft-Windows-Diagnosis-Scheduled", "Computer": "DESKTOP-OFJ6N53", "TimeCreated": "2025-02-09 10:02:21.429815+00:00", "RecordID": "1089", "Level": "4", "UserID": "S-1-5-21-963789628-1060504924-4285088085-1001"}
{"EventID": "2", "Channel": "Microsoft-Windows-Diagnosis-Scheduled/Operational", "Provider_Name": "Microsoft-Windows-Diagnosis-Scheduled", "Computer": "DESKTOP-OFJ6N53", "TimeCreated": "2025-02-16 08:51:59.041201+00:00", "RecordID": "1090", "Level": "4", "UserID": "S-1-5-21-963789628-1060504924-4285088085-1001"}
{"EventID": "5", "Channel": "Microsoft-Windows-Diagnosis-Scheduled/Operational", "Provider_Name": "Microsoft-Windows-Diagnosis-Scheduled", "Computer": "DESKTOP-OFJ6N53", "TimeCreated": "2025-02-16 08:51:59.063519+00:00", "RecordID": "1091", "Level": "4", "UserID": "S-1-5-21-963789628-1060504924-4285088085-1001", "EventData.PackagePath": "C:\\Windows\\diagnostics\\scheduled\\Maintenance"}
{"EventID": "6", "Channel": "Microsoft-Windows-Diagnosis-Scheduled/Operational", "Provider_Name": "Microsoft-Windows-Diagnosis-Scheduled", "Computer": "DESKTOP-OFJ6N53", "TimeCreated": "2025-02-16 08:52:00.421837+00:00", "RecordID": "1092", "Level": "4", "UserID": "S-1-5-21-963789628-1060504924-4285088085-1001", "EventData.PackageID": "MaintenanceDiagnostic"}
{"EventID": "7", "Channel": "Microsoft-Windows-Diagnosis-Scheduled/Operational", "Provider_Name": "Microsoft-Windows-Diagnosis-Scheduled", "Computer": "DESKTOP-OFJ6N53", "TimeCreated": "2025-02-16 08:52:00.421837+00:00", "RecordID": "1093", "Level": "4", "UserID": "S-1-5-21-963789628-1060504924-4285088085-1001", "EventData.PackageID": "MaintenanceDiagnostic"}
{"EventID": "8", "Channel": "Microsoft-Windows-Diagnosis-Scheduled/Operational", "Provider_Name": "Microsoft-Windows-Diagnosis-Scheduled", "Computer": "DESKTOP-OFJ6N53", "TimeCreated": "2025-02-16 08:52:11.304310+00:00", "RecordID": "1094", "Level": "4", "UserID": "S-1-5-21-963789628-1060504924-4285088085-1001", "EventData.PackageID": "MaintenanceDiagnostic", "EventData.RootCauseCount": "2"}
{"EventID": "100", "Channel": "Microsoft-Windows-Diagnosis-Scheduled/Operational", "Provider_Name": "Microsoft-Windows-Diagnosis-Scheduled", "Computer": "DESKTOP-OFJ6N53", "TimeCreated": "2025-02-16 08:52:11.304327+00:00", "RecordID": "1095", "Level": "1", "UserID": "S-1-5-21-963789628-1060504924-4285088085-1001", "EventData.hc_stateid": "0"}
{"EventID": "3", "Channel": "Microsoft-Windows-Diagnosis-Scheduled/Operational", "Provider_Name": "Microsoft-Windows-Diagnosis-Scheduled", "Computer": "DESKTOP-OFJ6N53", "TimeCreated": "2025-02-16 08:52:11.309481+00:00", "RecordID": "1096", "Level": "4", "UserID": "S-1-5-21-963789628-1060504924-4285088085-1001"}
{"EventID": "2", "Channel": "Microsoft-Windows-Diagnosis-Scheduled/Operational", "Provider_Name": "Microsoft-Windows-Diagnosis-Scheduled", "Computer": "DESKTOP-OFJ6N53", "TimeCreated": "2025-02-23 08:54:55.938515+00:00", "RecordID": "1097", "Level": "4", "UserID": "S-1-5-21-963789628-1060504924-4285088085-1001"}
{"EventID": "5", "Channel": "Microsoft-Windows-Diagnosis-Scheduled/Operational", "Provider_Name": "Microsoft-Windows-Diagnosis-Scheduled", "Computer": "DESKTOP-OFJ6N53", "TimeCreated": "2025-02-23 08:54:55.940117+00:00", "RecordID": "1098", "Level": "4", "UserID": "S-1-5-21-963789628-1060504924-4285088085-1001", "EventData.PackagePath": "C:\\Windows\\diagnostics\\scheduled\\Maintenance"}
{"EventID": "6", "Channel": "Microsoft-Windows-Diagnosis-Scheduled/Operational", "Provider_Name": "Microsoft-Windows-Diagnosis-Scheduled", "Computer": "DESKTOP-OFJ6N53", "TimeCreated": "2025-02-23 08:54:56.317778+00:00", "RecordID": "1099", "Level": "4", "UserID": "S-1-5-21-963789628-1060504924-4285088085-1001", "EventData.PackageID": "MaintenanceDiagnostic"}
{"EventID": "7", "Channel": "Microsoft-Windows-Diagnosis-Scheduled/Operational", "Provider_Name": "Microsoft-Windows-Diagnosis-Scheduled", "Computer": "DESKTOP-OFJ6N53", "TimeCreated": "2025-02-23 08:54:56.317780+00:00", "RecordID": "1100", "Level": "4", "UserID": "S-1-5-21-963789628-1060504924-4285088085-1001", "EventData.PackageID": "MaintenanceDiagnostic"}
{"EventID": "8", "Channel": "Microsoft-Windows-Diagnosis-Scheduled/Operational", "Provider_Name": "Microsoft-Windows-Diagnosis-Scheduled", "Computer": "DESKTOP-OFJ6N53", "TimeCreated": "2025-02-23 08:55:00.493778+00:00", "RecordID": "1101", "Level": "4", "UserID": "S-1-5-21-963789628-1060504924-4285088085-1001", "EventData.PackageID": "MaintenanceDiagnostic", "EventData.RootCauseCount": "2"}
{"EventID": "100", "Channel": "Microsoft-Windows-Diagnosis-Scheduled/Operational", "Provider_Name": "Microsoft-Windows-Diagnosis-Scheduled", "Computer": "DESKTOP-OFJ6N53", "TimeCreated": "2025-02-23 08:55:00.493782+00:00", "RecordID": "1102", "Level": "1", "UserID": "S-1-5-21-963789628-1060504924-4285088085-1001", "EventData.hc_stateid": "0"}
{"EventID": "3", "Channel": "Microsoft-Windows-Diagnosis-Scheduled/Operational", "Provider_Name": "Microsoft-Windows-Diagnosis-Scheduled", "Computer": "DESKTOP-OFJ6N53", "TimeCreated": "2025-02-23 08:55:00.822178+00:00", "RecordID": "1103", "Level": "4", "UserID": "S-1-5-21-963789628-1060504924-4285088085-1001"}
{"EventID": "2", "Channel": "Microsoft-Windows-Diagnosis-Scheduled/Operational", "Provider_Name": "Microsoft-Windows-Diagnosis-Scheduled", "Computer": "DESKTOP-OFJ6N53", "TimeCreated": "2025-03-02 08:54:56.035969+00:00", "RecordID": "1104", "Level": "4", "UserID": "S-1-5-21-963789628-1060504924-4285088085-1001"}
{"EventID": "5", "Channel": "Microsoft-Windows-Diagnosis-Scheduled/Operational", "Provider_Name": "Microsoft-Windows-Diagnosis-Scheduled", "Computer": "DESKTOP-OFJ6N53", "TimeCreated": "2025-03-02 08:54:56.039730+00:00", "RecordID": "1105", "Level": "4", "UserID": "S-1-5-21-963789628-1060504924-4285088085-1001", "EventData.PackagePath": "C:\\Windows\\diagnostics\\scheduled\\Maintenance"}
{"EventID": "6", "Channel": "Microsoft-Windows-Diagnosis-Scheduled/Operational", "Provider_Name": "Microsoft-Windows-Diagnosis-Scheduled", "Computer": "DESKTOP-OFJ6N53", "TimeCreated": "2025-03-02 08:54:56.371902+00:00", "RecordID": "1106", "Level": "4", "UserID": "S-1-5-21-963789628-1060504924-4285088085-1001", "EventData.PackageID": "MaintenanceDiagnostic"}
{"EventID": "7", "Channel": "Microsoft-Windows-Diagnosis-Scheduled/Operational", "Provider_Name": "Microsoft-Windows-Diagnosis-Scheduled", "Computer": "DESKTOP-OFJ6N53", "TimeCreated": "2025-03-02 08:54:56.371906+00:00", "RecordID": "1107", "Level": "4", "UserID": "S-1-5-21-963789628-1060504924-4285088085-1001", "EventData.PackageID": "MaintenanceDiagnostic"}
{"EventID": "8", "Channel": "Microsoft-Windows-Diagnosis-Scheduled/Operational", "Provider_Name": "Microsoft-Windows-Diagnosis-Scheduled", "Computer": "DESKTOP-OFJ6N53", "TimeCreated": "2025-03-02 08:54:59.473698+00:00", "RecordID": "1108", "Level": "4", "UserID": "S-1-5-21-963789628-1060504924-4285088085-1001", "EventData.PackageID": "MaintenanceDiagnostic", "EventData.RootCauseCount": "2"}
{"EventID": "100", "Channel": "Microsoft-Windows-Diagnosis-Scheduled/Operational", "Provider_Name": "Microsoft-Windows-Diagnosis-Scheduled", "Computer": "DESKTOP-OFJ6N53", "TimeCreated": "2025-03-02 08:54:59.473705+00:00", "RecordID": "1109", "Level": "1", "UserID": "S-1-5-21-963789628-1060504924-4285088085-1001", "EventData.hc_stateid": "0"}
{"EventID": "3", "Channel": "Microsoft-Windows-Diagnosis-Scheduled/Operational", "Provider_Name": "Microsoft-Windows-Diagnosis-Scheduled", "Computer": "DESKTOP-OFJ6N53", "TimeCreated": "2025-03-02 08:54:59.483488+00:00", "RecordID": "1110", "Level": "4", "UserID": "S-1-5-21-963789628-1060504924-4285088085-1001"}
{"EventID": "2", "Channel": "Microsoft-Windows-Diagnosis-Scheduled/Operational", "Provider_Name": "Microsoft-Windows-Diagnosis-Scheduled", "Computer": "DESKTOP-OFJ6N53", "TimeCreated": "2025-03-09 09:04:06.425900+00:00", "RecordID": "1111", "Level": "4", "UserID": "S-1-5-21-963789628-1060504924-4285088085-1001"}
{"EventID": "5", "Channel": "Microsoft-Windows-Diagnosis-Scheduled/Operational", "Provider_Name": "Microsoft-Windows-Diagnosis-Scheduled", "Computer": "DESKTOP-OFJ6N53", "TimeCreated": "2025-03-09 09:04:06.427822+00:00", "RecordID": "1112", "Level": "4", "UserID": "S-1-5-21-963789628-1060504924-4285088085-1001", "EventData.PackagePath": "C:\\Windows\\diagnostics\\scheduled\\Maintenance"}
{"EventID": "6", "Channel": "Microsoft-Windows-Diagnosis-Scheduled/Operational", "Provider_Name": "Microsoft-Windows-Diagnosis-Scheduled", "Computer": "DESKTOP-OFJ6N53", "TimeCreated": "2025-03-09 09:04:06.843719+00:00", "RecordID": "1113", "Level": "4", "UserID": "S-1-5-21-963789628-1060504924-4285088085-1001", "EventData.PackageID": "MaintenanceDiagnostic"}
{"EventID": "7", "Channel": "Microsoft-Windows-Diagnosis-Scheduled/Operational", "Provider_Name": "Microsoft-Windows-Diagnosis-Scheduled", "Computer": "DESKTOP-OFJ6N53", "TimeCreated": "2025-03-09 09:04:06.843721+00:00", "RecordID": "1114", "Level": "4", "UserID": "S-1-5-21-963789628-1060504924-4285088085-1001", "EventData.PackageID": "MaintenanceDiagnostic"}
{"EventID": "8", "Channel": "Microsoft-Windows-Diagnosis-Scheduled/Operational", "Provider_Name": "Microsoft-Windows-Diagnosis-Scheduled", "Computer": "DESKTOP-OFJ6N53", "TimeCreated": "2025-03-09 09:04:28.748672+00:00", "RecordID": "1115", "Level": "4", "UserID": "S-1-5-21-963789628-1060504924-4285088085-1001", "EventData.PackageID": "MaintenanceDiagnostic", "EventData.RootCauseCount": "2"}
{"EventID": "100", "Channel": "Microsoft-Windows-Diagnosis-Scheduled/Operational", "Provider_Name": "Microsoft-Windows-Diagnosis-Scheduled", "Computer": "DESKTOP-OFJ6N53", "TimeCreated": "2025-03-09 09:04:28.748680+00:00", "RecordID": "1116", "Level": "1", "UserID": "S-1-5-21-963789628-1060504924-4285088085-1001", "EventData.hc_stateid": "0"}
{"EventID": "3", "Channel": "Microsoft-Windows-Diagnosis-Scheduled/Operational", "Provider_Name": "Microsoft-Windows-Diagnosis-Scheduled", "Computer": "DESKTOP-OFJ6N53", "TimeCreated": "2025-03-09 09:04:28.761604+00:00", "RecordID": "1117", "Level": "4", "UserID": "S-1-5-21-963789628-1060504924-4285088085-1001"}
{"EventID": "2", "Channel": "Microsoft-Windows-Diagnosis-Scheduled/Operational", "Provider_Name": "Microsoft-Windows-Diagnosis-Scheduled", "Computer": "DESKTOP-OFJ6N53", "TimeCreated": "2025-03-16 10:17:15.877468+00:00", "RecordID": "1118", "Level": "4", "UserID": "S-1-5-21-963789628-1060504924-4285088085-1001"}
{"EventID": "5", "Channel": "Microsoft-Windows-Diagnosis-Scheduled/Operational", "Provider_Name": "Microsoft-Windows-Diagnosis-Scheduled", "Computer": "DESKTOP-OFJ6N53", "TimeCreated": "2025-03-16 10:17:15.877821+00:00", "RecordID": "1119", "Level": "4", "UserID": "S-1-5-21-963789628-1060504924-4285088085-1001", "EventData.PackagePath": "C:\\Windows\\diagnostics\\scheduled\\Maintenance"}
{"EventID": "6", "Channel": "Microsoft-Windows-Diagnosis-Scheduled/Operational", "Provider_Name": "Microsoft-Windows-Diagnosis-Scheduled", "Computer": "DESKTOP-OFJ6N53", "TimeCreated": "2025-03-16 10:17:16.298136+00:00", "RecordID": "1120", "Level": "4", "UserID": "S-1-5-21-963789628-1060504924-4285088085-1001", "EventData.PackageID": "MaintenanceDiagnostic"}
{"EventID": "7", "Channel": "Microsoft-Windows-Diagnosis-Scheduled/Operational", "Provider_Name": "Microsoft-Windows-Diagnosis-Scheduled", "Computer": "DESKTOP-OFJ6N53", "TimeCreated": "2025-03-16 10:17:16.298138+00:00", "RecordID": "1121", "Level": "4", "UserID": "S-1-5-21-963789628-1060504924-4285088085-1001", "EventData.PackageID": "MaintenanceDiagnostic"}
{"EventID": "8", "Channel": "Microsoft-Windows-Diagnosis-Scheduled/Operational", "Provider_Name": "Microsoft-Windows-Diagnosis-Scheduled", "Computer": "DESKTOP-OFJ6N53", "TimeCreated": "2025-03-16 10:17:24.354780+00:00", "RecordID": "1122", "Level": "4", "UserID": "S-1-5-21-963789628-1060504924-4285088085-1001", "EventData.PackageID": "MaintenanceDiagnostic", "EventData.RootCauseCount": "2"}
{"EventID": "100", "Channel": "Microsoft-Windows-Diagnosis-Scheduled/Operational", "Provider_Name": "Microsoft-Windows-Diagnosis-Scheduled", "Computer": "DESKTOP-OFJ6N53", "TimeCreated": "2025-03-16 10:17:24.354786+00:00", "RecordID": "1123", "Level": "1", "UserID": "S-1-5-21-963789628-1060504924-4285088085-1001", "EventData.hc_stateid": "0"}
{"EventID": "3", "Channel": "Microsoft-Windows-Diagnosis-Scheduled/Operational", "Provider_Name": "Microsoft-Windows-Diagnosis-Scheduled", "Computer": "DESKTOP-OFJ6N53", "TimeCreated": "2025-03-16 10:17:24.363216+00:00", "RecordID": "1124", "Level": "4", "UserID": "S-1-5-21-963789628-1060504924-4285088085-1001"}
