{"EventID": "551", "Channel": "Microsoft-Windows-SMBServer/Security", "Provider_Name": "Microsoft-Windows-SMBServer", "Computer": "DESKTOP-OFJ6N53", "TimeCreated": "2024-08-31 02:12:54.053202+00:00", "RecordID": "14157", "Level": "2", "UserID": "S-1-5-18"}
{"EventID": "1009", "Channel": "Microsoft-Windows-SMBServer/Security", "Provider_Name": "Microsoft-Windows-SMBServer", "Computer": "DESKTOP-OFJ6N53", "TimeCreated": "2024-08-31 02:40:09.564341+00:00", "RecordID": "14158", "Level": "2", "UserID": "S-1-5-18"}
{"EventID": "551", "Channel": "Microsoft-Windows-SMBServer/Security", "Provider_Name": "Microsoft-Windows-SMBServer", "Computer": "DESKTOP-OFJ6N53", "TimeCreated": "2024-08-31 02:40:09.564344+00:00", "RecordID": "14159", "Level": "2", "UserID": "S-1-5-18"}
{"EventID": "551", "Channel": "Microsoft-Windows-SMBServer/Security", "Provider_Name": "Microsoft-Windows-SMBServer", "Computer": "DESKTOP-OFJ6N53", "TimeCreated": "2024-08-31 03:03:46.720879+00:00", "RecordID": "14160", "Level": "2", "UserID": "S-1-5-18"}
{"EventID": "551", "Channel": "Microsoft-Windows-SMBServer/Security", "Provider_Name": "Microsoft-Windows-SMBServer", "Computer": "DESKTOP-OFJ6N53", "TimeCreated": "2024-08-31 03:04:43.220726+00:00", "RecordID": "14161", "Level": "2", "UserID": "S-1-5-18"}
{"EventID": "551", "Channel": "Microsoft-Windows-SMBServer/Security", "Provider_Name": "Microsoft-Windows-SMBServer", "Computer": "DESKTOP-OFJ6N53", "TimeCreated": "2024-08-31 03:12:53.155640+00:00", "RecordID": "14162", "Level": "2", "UserID": "S-1-5-18"}
{"EventID": "1009", "Channel": "Microsoft-Windows-SMBServer/Security", "Provider_Name": "Microsoft-Windows-SMBServer", "Computer": "DESKTOP-OFJ6N53", "TimeCreated": "2024-08-31 03:40:10.033468+00:00", "RecordID": "14163", "Level": "2", "UserID": "S-1-5-18"}
{"EventID": "551", "Channel": "Microsoft-Windows-SMBServer/Security", "Provider_Name": "Microsoft-Windows-SMBServer", "Computer": "DESKTOP-OFJ6N53", "TimeCreated": "2024-08-31 03:40:10.033470+00:00", "RecordID": "14164", "Level": "2", "UserID": "S-1-5-18"}
{"EventID": "551", "Channel": "Microsoft-Windows-SMBServer/Security", "Provider_Name": "Microsoft-Windows-SMBServer", "Computer": "DESKTOP-OFJ6N53", "TimeCreated": "2024-08-31 04:12:54.091776+00:00", "RecordID": "14165", "Level": "2", "UserID": "S-1-5-18"}
{"EventID": "1009", "Channel": "Microsoft-Windows-SMBServer/Security", "Provider_Name": "Microsoft-Windows-SMBServer", "Computer": "DESKTOP-OFJ6N53", "TimeCreated": "2024-08-31 04:40:09.418201+00:00", "RecordID": "14166", "Level": "2", "UserID": "S-1-5-18"}
{"EventID": "551", "Channel": "Microsoft-Windows-SMBServer/Security", "Provider_Name": "Microsoft-Windows-SMBServer", "Computer": "DESKTOP-OFJ6N53", "TimeCreated": "2024-08-31 04:40:09.418203+00:00", "RecordID": "14167", "Level": "2", "UserID": "S-1-5-18"}
{"EventID": "551", "Channel": "Microsoft-Windows-SMBServer/Security", "Provider_Name": "Microsoft-Windows-SMBServer", "Computer": "DESKTOP-OFJ6N53", "TimeCreated": "2024-08-31 05:12:55.061087+00:00", "RecordID": "14168", "Level": "2", "UserID": "S-1-5-18"}
{"EventID": "1009", "Channel": "Microsoft-Windows-SMBServer/Security", "Provider_Name": "Microsoft-Windows-SMBServer", "Computer": "DESKTOP-OFJ6N53", "TimeCreated": "2024-08-31 05:40:10.580435+00:00", "RecordID": "14169", "Level": "2", "UserID": "S-1-5-18"}
{"EventID": "551", "Channel": "Microsoft-Windows-SMBServer/Security", "Provider_Name": "Microsoft-Windows-SMBServer", "Computer": "DESKTOP-OFJ6N53", "TimeCreated": "2024-08-31 05:40:10.580439+00:00", "RecordID": "14170", "Level": "2", "UserID": "S-1-5-18"}
{"EventID": "551", "Channel": "Microsoft-Windows-SMBServer/Security", "Provider_Name": "Microsoft-Windows-SMBServer", "Computer": "DESKTOP-OFJ6N53", "TimeCreated": "2024-08-31 06:12:55.167625+00:00", "RecordID": "14171", "Level": "2", "UserID": "S-1-5-18"}
{"EventID": "1009", "Channel": "Microsoft-Windows-SMBServer/Security", "Provider_Name": "Microsoft-Windows-SMBServer", "Computer": "DESKTOP-OFJ6N53", "TimeCreated": "2024-08-31 06:40:09.832781+00:00", "RecordID": "14172", "Level": "2", "UserID": "S-1-5-18"}
{"EventID": "551", "Channel": "Microsoft-Windows-SMBServer/Security", "Provider_Name": "Microsoft-Windows-SMBServer", "Computer": "DESKTOP-OFJ6N53", "TimeCreated": "2024-08-31 06:40:09.832783+00:00", "RecordID": "14173", "Level": "2", "UserID": "S-1-5-18"}
{"EventID": "551", "Channel": "Microsoft-Windows-SMBServer/Security", "Provider_Name": "Microsoft-Windows-SMBServer", "Computer": "DESKTOP-OFJ6N53", "TimeCreated": "2024-08-31 07:12:55.563190+00:00", "RecordID": "14174", "Level": "2", "UserID": "S-1-5-18"}
{"EventID": "551", "Channel": "Microsoft-Windows-SMBServer/Security", "Provider_Name": "Microsoft-Windows-SMBServer", "Computer": "DESKTOP-OFJ6N53", "TimeCreated": "2024-08-31 07:51:22.232729+00:00", "RecordID": "14175", "Level": "2", "UserID": "S-1-5-18"}
{"EventID": "551", "Channel": "Microsoft-Windows-SMBServer/Security", "Provider_Name": "Microsoft-Windows-SMBServer", "Computer": "DESKTOP-OFJ6N53", "TimeCreated": "2024-08-31 07:51:22.238642+00:00", "RecordID": "14176", "Level": "2", "UserID": "S-1-5-18"}
{"EventID": "551", "Channel": "Microsoft-Windows-SMBServer/Security", "Provider_Name": "Microsoft-Windows-SMBServer", "Computer": "DESKTOP-OFJ6N53", "TimeCreated": "2024-08-31 07:51:22.245090+00:00", "RecordID": "14177", "Level": "2", "UserID": "S-1-5-18"}
{"EventID": "551", "Channel": "Microsoft-Windows-SMBServer/Security", "Provider_Name": "Microsoft-Windows-SMBServer", "Computer": "DESKTOP-OFJ6N53", "TimeCreated": "2024-08-31 08:12:56.706163+00:00", "RecordID": "14178", "Level": "2", "UserID": "S-1-5-18"}
{"EventID": "1009", "Channel": "Microsoft-Windows-SMBServer/Security", "Provider_Name": "Microsoft-Windows-SMBServer", "Computer": "DESKTOP-OFJ6N53", "TimeCreated": "2024-08-31 08:40:12.227568+00:00", "RecordID": "14179", "Level": "2", "UserID": "S-1-5-18"}
{"EventID": "551", "Channel": "Microsoft-Windows-SMBServer/Security", "Provider_Name": "Microsoft-Windows-SMBServer", "Computer": "DESKTOP-OFJ6N53", "TimeCreated": "2024-08-31 08:40:12.227571+00:00", "RecordID": "14180", "Level": "2", "UserID": "S-1-5-18"}
{"EventID": "1009", "Channel": "Microsoft-Windows-SMBServer/Security", "Provider_Name": "Microsoft-Windows-SMBServer", "Computer": "DESKTOP-OFJ6N53", "TimeCreated": "2024-08-31 09:03:33.047014+00:00", "RecordID": "14181", "Level": "2", "UserID": "S-1-5-18"}
{"EventID": "551", "Channel": "Microsoft-Windows-SMBServer/Security", "Provider_Name": "Microsoft-Windows-SMBServer", "Computer": "DESKTOP-OFJ6N53", "TimeCreated": "2024-08-31 09:03:33.047016+00:00", "RecordID": "14182", "Level": "2", "UserID": "S-1-5-18"}
{"EventID": "1009", "Channel": "Microsoft-Windows-SMBServer/Security", "Provider_Name": "Microsoft-Windows-SMBServer", "Computer": "DESKTOP-OFJ6N53", "TimeCreated": "2024-08-31 09:04:28.483028+00:00", "RecordID": "14183", "Level": "2", "UserID": "S-1-5-18"}
{"EventID": "551", "Channel": "Microsoft-Windows-SMBServer/Security", "Provider_Name": "Microsoft-Windows-SMBServer", "Computer": "DESKTOP-OFJ6N53", "TimeCreated": "2024-08-31 09:04:28.483032+00:00", "RecordID": "14184", "Level": "2", "UserID": "S-1-5-18"}
{"EventID": "1009", "Channel": "Microsoft-Windows-SMBServer/Security", "Provider_Name": "Microsoft-Windows-SMBServer", "Computer": "DESKTOP-OFJ6N53", "TimeCreated": "2024-08-31 09:40:13.028076+00:00", "RecordID": "14185", "Level": "2", "UserID": "S-1-5-18"}
{"EventID": "551", "Channel": "Microsoft-Windows-SMBServer/Security", "Provider_Name": "Microsoft-Windows-SMBServer", "Computer": "DESKTOP-OFJ6N53", "TimeCreated": "2024-08-31 09:40:13.028078+00:00", "RecordID": "14186", "Level": "2", "UserID": "S-1-5-18"}
{"EventID": "551", "Channel": "Microsoft-Windows-SMBServer/Security", "Provider_Name": "Microsoft-Windows-SMBServer", "Computer": "DESKTOP-OFJ6N53", "TimeCreated": "2024-08-31 10:03:46.653393+00:00", "RecordID": "14187", "Level": "2", "UserID": "S-1-5-18"}
{"EventID": "551", "Channel": "Microsoft-Windows-SMBServer/Security", "Provider_Name": "Microsoft-Windows-SMBServer", "Computer": "DESKTOP-OFJ6N53", "TimeCreated": "2024-08-31 10:04:43.174021+00:00", "RecordID": "14188", "Level": "2", "UserID": "S-1-5-18"}
{"EventID": "1009", "Channel": "Microsoft-Windows-SMBServer/Security", "Provider_Name": "Microsoft-Windows-SMBServer", "Computer": "DESKTOP-OFJ6N53", "TimeCreated": "2024-08-31 10:40:16.165445+00:00", "RecordID": "14189", "Level": "2", "UserID": "S-1-5-18"}
{"EventID": "551", "Channel": "Microsoft-Windows-SMBServer/Security", "Provider_Name": "Microsoft-Windows-SMBServer", "Computer": "DESKTOP-OFJ6N53", "TimeCreated": "2024-08-31 10:40:16.165449+00:00", "RecordID": "14190", "Level": "2", "UserID": "S-1-5-18"}
{"EventID": "1009", "Channel": "Microsoft-Windows-SMBServer/Security", "Provider_Name": "Microsoft-Windows-SMBServer", "Computer": "DESKTOP-OFJ6N53", "TimeCreated": "2024-08-31 11:40:16.130259+00:00", "RecordID": "14191", "Level": "2", "UserID": "S-1-5-18"}
{"EventID": "551", "Channel": "Microsoft-Windows-SMBServer/Security", "Provider_Name": "Microsoft-Windows-SMBServer", "Computer": "DESKTOP-OFJ6N53", "TimeCreated": "2024-08-31 11:40:16.130262+00:00", "RecordID": "14192", "Level": "2", "UserID": "S-1-5-18"}
{"EventID": "551", "Channel": "Microsoft-Windows-SMBServer/Security", "Provider_Name": "Microsoft-Windows-SMBServer", "Computer": "DESKTOP-OFJ6N53", "TimeCreated": "2024-08-31 12:13:01.150791+00:00", "RecordID": "14193", "Level": "2", "UserID": "S-1-5-18"}
{"EventID": "1009", "Channel": "Microsoft-Windows-SMBServer/Security", "Provider_Name": "Microsoft-Windows-SMBServer", "Computer": "DESKTOP-OFJ6N53", "TimeCreated": "2024-08-31 12:40:16.610001+00:00", "RecordID": "14194", "Level": "2", "UserID": "S-1-5-18"}
{"EventID": "551", "Channel": "Microsoft-Windows-SMBServer/Security", "Provider_Name": "Microsoft-Windows-SMBServer", "Computer": "DESKTOP-OFJ6N53", "TimeCreated": "2024-08-31 12:40:16.610004+00:00", "RecordID": "14195", "Level": "2", "UserID": "S-1-5-18"}
{"EventID": "1009", "Channel": "Microsoft-Windows-SMBServer/Security", "Provider_Name": "Microsoft-Windows-SMBServer", "Computer": "DESKTOP-OFJ6N53", "TimeCreated": "2024-08-31 13:40:17.303659+00:00", "RecordID": "14196", "Level": "2", "UserID": "S-1-5-18"}
{"EventID": "551", "Channel": "Microsoft-Windows-SMBServer/Security", "Provider_Name": "Microsoft-Windows-SMBServer", "Computer": "DESKTOP-OFJ6N53", "TimeCreated": "2024-08-31 13:40:17.303661+00:00", "RecordID": "14197", "Level": "2", "UserID": "S-1-5-18"}
{"EventID": "551", "Channel": "Microsoft-Windows-SMBServer/Security", "Provider_Name": "Microsoft-Windows-SMBServer", "Computer": "DESKTOP-OFJ6N53", "TimeCreated": "2024-08-31 14:13:02.853455+00:00", "RecordID": "14198", "Level": "2", "UserID": "S-1-5-18"}
{"EventID": "1009", "Channel": "Microsoft-Windows-SMBServer/Security", "Provider_Name": "Microsoft-Windows-SMBServer", "Computer": "DESKTOP-OFJ6N53", "TimeCreated": "2024-08-31 14:40:19.307741+00:00", "RecordID": "14199", "Level": "2", "UserID": "S-1-5-18"}
{"EventID": "551", "Channel": "Microsoft-Windows-SMBServer/Security", "Provider_Name": "Microsoft-Windows-SMBServer", "Computer": "DESKTOP-OFJ6N53", "TimeCreated": "2024-08-31 14:40:19.307743+00:00", "RecordID": "14200", "Level": "2", "UserID": "S-1-5-18"}
{"EventID": "551", "Channel": "Microsoft-Windows-SMBServer/Security", "Provider_Name": "Microsoft-Windows-SMBServer", "Computer": "DESKTOP-OFJ6N53", "TimeCreated": "2024-08-31 14:51:26.312141+00:00", "RecordID": "14201", "Level": "2", "UserID": "S-1-5-18"}
{"EventID": "551", "Channel": "Microsoft-Windows-SMBServer/Security", "Provider_Name": "Microsoft-Windows-SMBServer", "Computer": "DESKTOP-OFJ6N53", "TimeCreated": "2024-08-31 14:51:26.318308+00:00", "RecordID": "14202", "Level": "2", "UserID": "S-1-5-18"}
{"EventID": "551", "Channel": "Microsoft-Windows-SMBServer/Security", "Provider_Name": "Microsoft-Windows-SMBServer", "Computer": "DESKTOP-OFJ6N53", "TimeCreated": "2024-08-31 14:51:26.324064+00:00", "RecordID": "14203", "Level": "2", "UserID": "S-1-5-18"}
{"EventID": "551", "Channel": "Microsoft-Windows-SMBServer/Security", "Provider_Name": "Microsoft-Windows-SMBServer", "Computer": "DESKTOP-OFJ6N53", "TimeCreated": "2024-08-31 15:13:02.622568+00:00", "RecordID": "14204", "Level": "2", "UserID": "S-1-5-18"}
{"EventID": "1009", "Channel": "Microsoft-Windows-SMBServer/Security", "Provider_Name": "Microsoft-Windows-SMBServer", "Computer": "DESKTOP-OFJ6N53", "TimeCreated": "2024-08-31 15:40:20.266682+00:00", "RecordID": "14205", "Level": "2", "UserID": "S-1-5-18"}
{"EventID": "551", "Channel": "Microsoft-Windows-SMBServer/Security", "Provider_Name": "Microsoft-Windows-SMBServer", "Computer": "DESKTOP-OFJ6N53", "TimeCreated": "2024-08-31 15:40:20.266695+00:00", "RecordID": "14206", "Level": "2", "UserID": "S-1-5-18"}
{"EventID": "1009", "Channel": "Microsoft-Windows-SMBServer/Security", "Provider_Name": "Microsoft-Windows-SMBServer", "Computer": "DESKTOP-OFJ6N53", "TimeCreated": "2024-08-31 16:03:35.949984+00:00", "RecordID": "14207", "Level": "2", "UserID": "S-1-5-18"}
{"EventID": "551", "Channel": "Microsoft-Windows-SMBServer/Security", "Provider_Name": "Microsoft-Windows-SMBServer", "Computer": "DESKTOP-OFJ6N53", "TimeCreated": "2024-08-31 16:03:35.949986+00:00", "RecordID": "14208", "Level": "2", "UserID": "S-1-5-18"}
{"EventID": "1009", "Channel": "Microsoft-Windows-SMBServer/Security", "Provider_Name": "Microsoft-Windows-SMBServer", "Computer": "DESKTOP-OFJ6N53", "TimeCreated": "2024-08-31 16:04:31.953800+00:00", "RecordID": "14209", "Level": "2", "UserID": "S-1-5-18"}
{"EventID": "551", "Channel": "Microsoft-Windows-SMBServer/Security", "Provider_Name": "Microsoft-Windows-SMBServer", "Computer": "DESKTOP-OFJ6N53", "TimeCreated": "2024-08-31 16:04:31.953802+00:00", "RecordID": "14210", "Level": "2", "UserID": "S-1-5-18"}
{"EventID": "551", "Channel": "Microsoft-Windows-SMBServer/Security", "Provider_Name": "Microsoft-Windows-SMBServer", "Computer": "DESKTOP-OFJ6N53", "TimeCreated": "2024-08-31 17:03:49.603144+00:00", "RecordID": "14211", "Level": "2", "UserID": "S-1-5-18"}
{"EventID": "551", "Channel": "Microsoft-Windows-SMBServer/Security", "Provider_Name": "Microsoft-Windows-SMBServer", "Computer": "DESKTOP-OFJ6N53", "TimeCreated": "2024-08-31 17:04:45.757025+00:00", "RecordID": "14212", "Level": "2", "UserID": "S-1-5-18"}
{"EventID": "1009", "Channel": "Microsoft-Windows-SMBServer/Security", "Provider_Name": "Microsoft-Windows-SMBServer", "Computer": "DESKTOP-OFJ6N53", "TimeCreated": "2024-08-31 17:40:21.258650+00:00", "RecordID": "14213", "Level": "2", "UserID": "S-1-5-18"}
{"EventID": "551", "Channel": "Microsoft-Windows-SMBServer/Security", "Provider_Name": "Microsoft-Windows-SMBServer", "Computer": "DESKTOP-OFJ6N53", "TimeCreated": "2024-08-31 17:40:21.258650+00:00", "RecordID": "14214", "Level": "2", "UserID": "S-1-5-18"}
{"EventID": "551", "Channel": "Microsoft-Windows-SMBServer/Security", "Provider_Name": "Microsoft-Windows-SMBServer", "Computer": "DESKTOP-OFJ6N53", "TimeCreated": "2024-08-31 18:13:04.680189+00:00", "RecordID": "14215", "Level": "2", "UserID": "S-1-5-18"}
{"EventID": "1009", "Channel": "Microsoft-Windows-SMBServer/Security", "Provider_Name": "Microsoft-Windows-SMBServer", "Computer": "DESKTOP-OFJ6N53", "TimeCreated": "2024-08-31 18:40:21.648851+00:00", "RecordID": "14216", "Level": "2", "UserID": "S-1-5-18"}
{"EventID": "551", "Channel": "Microsoft-Windows-SMBServer/Security", "Provider_Name": "Microsoft-Windows-SMBServer", "Computer": "DESKTOP-OFJ6N53", "TimeCreated": "2024-08-31 18:40:21.648855+00:00", "RecordID": "14217", "Level": "2", "UserID": "S-1-5-18"}
{"EventID": "551", "Channel": "Microsoft-Windows-SMBServer/Security", "Provider_Name": "Microsoft-Windows-SMBServer", "Computer": "DESKTOP-OFJ6N53", "TimeCreated": "2024-08-31 19:13:05.022322+00:00", "RecordID": "14218", "Level": "2", "UserID": "S-1-5-18"}
{"EventID": "1009", "Channel": "Microsoft-Windows-SMBServer/Security", "Provider_Name": "Microsoft-Windows-SMBServer", "Computer": "DESKTOP-OFJ6N53", "TimeCreated": "2024-08-31 19:40:22.313480+00:00", "RecordID": "14219", "Level": "2", "UserID": "S-1-5-18"}
{"EventID": "551", "Channel": "Microsoft-Windows-SMBServer/Security", "Provider_Name": "Microsoft-Windows-SMBServer", "Computer": "DESKTOP-OFJ6N53", "TimeCreated": "2024-08-31 19:40:22.313484+00:00", "RecordID": "14220", "Level": "2", "UserID": "S-1-5-18"}
{"EventID": "551", "Channel": "Microsoft-Windows-SMBServer/Security", "Provider_Name": "Microsoft-Windows-SMBServer", "Computer": "DESKTOP-OFJ6N53", "TimeCreated": "2024-08-31 20:13:05.931534+00:00", "RecordID": "14221", "Level": "2", "UserID": "S-1-5-18"}
{"EventID": "1009", "Channel": "Microsoft-Windows-SMBServer/Security", "Provider_Name": "Microsoft-Windows-SMBServer", "Computer": "DESKTOP-OFJ6N53", "TimeCreated": "2024-08-31 20:40:22.622396+00:00", "RecordID": "14222", "Level": "2", "UserID": "S-1-5-18"}
{"EventID": "551", "Channel": "Microsoft-Windows-SMBServer/Security", "Provider_Name": "Microsoft-Windows-SMBServer", "Computer": "DESKTOP-OFJ6N53", "TimeCreated": "2024-08-31 20:40:22.622400+00:00", "RecordID": "14223", "Level": "2", "UserID": "S-1-5-18"}
{"EventID": "551", "Channel": "Microsoft-Windows-SMBServer/Security", "Provider_Name": "Microsoft-Windows-SMBServer", "Computer": "DESKTOP-OFJ6N53", "TimeCreated": "2024-08-31 21:13:06.504147+00:00", "RecordID": "14224", "Level": "2", "UserID": "S-1-5-18"}
{"EventID": "1009", "Channel": "Microsoft-Windows-SMBServer/Security", "Provider_Name": "Microsoft-Windows-SMBServer", "Computer": "DESKTOP-OFJ6N53", "TimeCreated": "2024-08-31 21:40:23.119585+00:00", "RecordID": "14225", "Level": "2", "UserID": "S-1-5-18"}
{"EventID": "551", "Channel": "Microsoft-Windows-SMBServer/Security", "Provider_Name": "Microsoft-Windows-SMBServer", "Computer": "DESKTOP-OFJ6N53", "TimeCreated": "2024-08-31 21:40:23.119589+00:00", "RecordID": "14226", "Level": "2", "UserID": "S-1-5-18"}
{"EventID": "551", "Channel": "Microsoft-Windows-SMBServer/Security", "Provider_Name": "Microsoft-Windows-SMBServer", "Computer": "DESKTOP-OFJ6N53", "TimeCreated": "2024-08-31 21:51:25.465109+00:00", "RecordID": "14227", "Level": "2", "UserID": "S-1-5-18"}
{"EventID": "551", "Channel": "Microsoft-Windows-SMBServer/Security", "Provider_Name": "Microsoft-Windows-SMBServer", "Computer": "DESKTOP-OFJ6N53", "TimeCreated": "2024-08-31 21:51:25.470510+00:00", "RecordID": "14228", "Level": "2", "UserID": "S-1-5-18"}
{"EventID": "551", "Channel": "Microsoft-Windows-SMBServer/Security", "Provider_Name": "Microsoft-Windows-SMBServer", "Computer": "DESKTOP-OFJ6N53", "TimeCreated": "2024-08-31 21:51:25.475657+00:00", "RecordID": "14229", "Level": "2", "UserID": "S-1-5-18"}
{"EventID": "551", "Channel": "Microsoft-Windows-SMBServer/Security", "Provider_Name": "Microsoft-Windows-SMBServer", "Computer": "DESKTOP-OFJ6N53", "TimeCreated": "2024-08-31 22:13:06.491730+00:00", "RecordID": "14230", "Level": "2", "UserID": "S-1-5-18"}
{"EventID": "1009", "Channel": "Microsoft-Windows-SMBServer/Security", "Provider_Name": "Microsoft-Windows-SMBServer", "Computer": "DESKTOP-OFJ6N53", "TimeCreated": "2024-08-31 22:40:22.914370+00:00", "RecordID": "14231", "Level": "2", "UserID": "S-1-5-18"}
{"EventID": "551", "Channel": "Microsoft-Windows-SMBServer/Security", "Provider_Name": "Microsoft-Windows-SMBServer", "Computer": "DESKTOP-OFJ6N53", "TimeCreated": "2024-08-31 22:40:22.914381+00:00", "RecordID": "14232", "Level": "2", "UserID": "S-1-5-18"}
{"EventID": "1009", "Channel": "Microsoft-Windows-SMBServer/Security", "Provider_Name": "Microsoft-Windows-SMBServer", "Computer": "DESKTOP-OFJ6N53", "TimeCreated": "2024-08-31 23:03:35.784027+00:00", "RecordID": "14233", "Level": "2", "UserID": "S-1-5-18"}
{"EventID": "551", "Channel": "Microsoft-Windows-SMBServer/Security", "Provider_Name": "Microsoft-Windows-SMBServer", "Computer": "DESKTOP-OFJ6N53", "TimeCreated": "2024-08-31 23:03:35.784029+00:00", "RecordID": "14234", "Level": "2", "UserID": "S-1-5-18"}
{"EventID": "1009", "Channel": "Microsoft-Windows-SMBServer/Security", "Provider_Name": "Microsoft-Windows-SMBServer", "Computer": "DESKTOP-OFJ6N53", "TimeCreated": "2024-08-31 23:04:31.873278+00:00", "RecordID": "14235", "Level": "2", "UserID": "S-1-5-18"}
{"EventID": "551", "Channel": "Microsoft-Windows-SMBServer/Security", "Provider_Name": "Microsoft-Windows-SMBServer", "Computer": "DESKTOP-OFJ6N53", "TimeCreated": "2024-08-31 23:04:31.873281+00:00", "RecordID": "14236", "Level": "2", "UserID": "S-1-5-18"}
{"EventID": "551", "Channel": "Microsoft-Windows-SMBServer/Security", "Provider_Name": "Microsoft-Windows-SMBServer", "Computer": "DESKTOP-OFJ6N53", "TimeCreated": "2024-08-31 23:13:06.529779+00:00", "RecordID": "14237", "Level": "2", "UserID": "S-1-5-18"}
{"EventID": "1009", "Channel": "Microsoft-Windows-SMBServer/Security", "Provider_Name": "Microsoft-Windows-SMBServer", "Computer": "DESKTOP-OFJ6N53", "TimeCreated": "2024-08-31 23:40:24.325232+00:00", "RecordID": "14238", "Level": "2", "UserID": "S-1-5-18"}
{"EventID": "551", "Channel": "Microsoft-Windows-SMBServer/Security", "Provider_Name": "Microsoft-Windows-SMBServer", "Computer": "DESKTOP-OFJ6N53", "TimeCreated": "2024-08-31 23:40:24.325233+00:00", "RecordID": "14239", "Level": "2", "UserID": "S-1-5-18"}
{"EventID": "551", "Channel": "Microsoft-Windows-SMBServer/Security", "Provider_Name": "Microsoft-Windows-SMBServer", "Computer": "DESKTOP-OFJ6N53", "TimeCreated": "2024-09-01 00:03:50.462873+00:00", "RecordID": "14240", "Level": "2", "UserID": "S-1-5-18"}
{"EventID": "551", "Channel": "Microsoft-Windows-SMBServer/Security", "Provider_Name": "Microsoft-Windows-SMBServer", "Computer": "DESKTOP-OFJ6N53", "TimeCreated": "2024-09-01 00:04:46.590122+00:00", "RecordID": "14241", "Level": "2", "UserID": "S-1-5-18"}
{"EventID": "551", "Channel": "Microsoft-Windows-SMBServer/Security", "Provider_Name": "Microsoft-Windows-SMBServer", "Computer": "DESKTOP-OFJ6N53", "TimeCreated": "2024-09-01 00:13:07.214001+00:00", "RecordID": "14242", "Level": "2", "UserID": "S-1-5-18"}
{"EventID": "1009", "Channel": "Microsoft-Windows-SMBServer/Security", "Provider_Name": "Microsoft-Windows-SMBServer", "Computer": "DESKTOP-OFJ6N53", "TimeCreated": "2024-09-01 00:40:25.183048+00:00", "RecordID": "14243", "Level": "2", "UserID": "S-1-5-18"}
{"EventID": "551", "Channel": "Microsoft-Windows-SMBServer/Security", "Provider_Name": "Microsoft-Windows-SMBServer", "Computer": "DESKTOP-OFJ6N53", "TimeCreated": "2024-09-01 00:40:25.183048+00:00", "RecordID": "14244", "Level": "2", "UserID": "S-1-5-18"}
{"EventID": "551", "Channel": "Microsoft-Windows-SMBServer/Security", "Provider_Name": "Microsoft-Windows-SMBServer", "Computer": "DESKTOP-OFJ6N53", "TimeCreated": "2024-09-01 01:13:08.204836+00:00", "RecordID": "14245", "Level": "2", "UserID": "S-1-5-18"}
{"EventID": "1009", "Channel": "Microsoft-Windows-SMBServer/Security", "Provider_Name": "Microsoft-Windows-SMBServer", "Computer": "DESKTOP-OFJ6N53", "TimeCreated": "2024-09-01 01:40:24.902386+00:00", "RecordID": "14246", "Level": "2", "UserID": "S-1-5-18"}
{"EventID": "551", "Channel": "Microsoft-Windows-SMBServer/Security", "Provider_Name": "Microsoft-Windows-SMBServer", "Computer": "DESKTOP-OFJ6N53", "TimeCreated": "2024-09-01 01:40:24.902399+00:00", "RecordID": "14247", "Level": "2", "UserID": "S-1-5-18"}
{"EventID": "1009", "Channel": "Microsoft-Windows-SMBServer/Security", "Provider_Name": "Microsoft-Windows-SMBServer", "Computer": "DESKTOP-OFJ6N53", "TimeCreated": "2024-09-01 02:40:25.141132+00:00", "RecordID": "14248", "Level": "2", "UserID": "S-1-5-18"}
{"EventID": "551", "Channel": "Microsoft-Windows-SMBServer/Security", "Provider_Name": "Microsoft-Windows-SMBServer", "Computer": "DESKTOP-OFJ6N53", "TimeCreated": "2024-09-01 02:40:25.141136+00:00", "RecordID": "14249", "Level": "2", "UserID": "S-1-5-18"}
{"EventID": "1009", "Channel": "Microsoft-Windows-SMBServer/Security", "Provider_Name": "Microsoft-Windows-SMBServer", "Computer": "DESKTOP-OFJ6N53", "TimeCreated": "2024-09-01 03:40:26.318872+00:00", "RecordID": "14250", "Level": "2", "UserID": "S-1-5-18"}
{"EventID": "551", "Channel": "Microsoft-Windows-SMBServer/Security", "Provider_Name": "Microsoft-Windows-SMBServer", "Computer": "DESKTOP-OFJ6N53", "TimeCreated": "2024-09-01 03:40:26.318876+00:00", "RecordID": "14251", "Level": "2", "UserID": "S-1-5-18"}
{"EventID": "551", "Channel": "Microsoft-Windows-SMBServer/Security", "Provider_Name": "Microsoft-Windows-SMBServer", "Computer": "DESKTOP-OFJ6N53", "TimeCreated": "2024-09-01 04:13:10.198446+00:00", "RecordID": "14252", "Level": "2", "UserID": "S-1-5-18"}
{"EventID": "551", "Channel": "Microsoft-Windows-SMBServer/Security", "Provider_Name": "Microsoft-Windows-SMBServer", "Computer": "DESKTOP-OFJ6N53", "TimeCreated": "2024-09-01 04:51:26.028330+00:00", "RecordID": "14253", "Level": "2", "UserID": "S-1-5-18"}
{"EventID": "551", "Channel": "Microsoft-Windows-SMBServer/Security", "Provider_Name": "Microsoft-Windows-SMBServer", "Computer": "DESKTOP-OFJ6N53", "TimeCreated": "2024-09-01 04:51:26.034479+00:00", "RecordID": "14254", "Level": "2", "UserID": "S-1-5-18"}
{"EventID": "551", "Channel": "Microsoft-Windows-SMBServer/Security", "Provider_Name": "Microsoft-Windows-SMBServer", "Computer": "DESKTOP-OFJ6N53", "TimeCreated": "2024-09-01 04:51:26.040058+00:00", "RecordID": "14255", "Level": "2", "UserID": "S-1-5-18"}
{"EventID": "551", "Channel": "Microsoft-Windows-SMBServer/Security", "Provider_Name": "Microsoft-Windows-SMBServer", "Computer": "DESKTOP-OFJ6N53", "TimeCreated": "2024-09-01 05:13:10.622526+00:00", "RecordID": "14256", "Level": "2", "UserID": "S-1-5-18"}
{"EventID": "1009", "Channel": "Microsoft-Windows-SMBServer/Security", "Provider_Name": "Microsoft-Windows-SMBServer", "Computer": "DESKTOP-OFJ6N53", "TimeCreated": "2024-09-01 05:40:27.453732+00:00", "RecordID": "14257", "Level": "2", "UserID": "S-1-5-18"}
{"EventID": "551", "Channel": "Microsoft-Windows-SMBServer/Security", "Provider_Name": "Microsoft-Windows-SMBServer", "Computer": "DESKTOP-OFJ6N53", "TimeCreated": "2024-09-01 05:40:27.453735+00:00", "RecordID": "14258", "Level": "2", "UserID": "S-1-5-18"}
{"EventID": "1009", "Channel": "Microsoft-Windows-SMBServer/Security", "Provider_Name": "Microsoft-Windows-SMBServer", "Computer": "DESKTOP-OFJ6N53", "TimeCreated": "2024-09-01 06:04:30.644131+00:00", "RecordID": "14259", "Level": "2", "UserID": "S-1-5-18"}
{"EventID": "551", "Channel": "Microsoft-Windows-SMBServer/Security", "Provider_Name": "Microsoft-Windows-SMBServer", "Computer": "DESKTOP-OFJ6N53", "TimeCreated": "2024-09-01 06:04:30.644133+00:00", "RecordID": "14260", "Level": "2", "UserID": "S-1-5-18"}
{"EventID": "551", "Channel": "Microsoft-Windows-SMBServer/Security", "Provider_Name": "Microsoft-Windows-SMBServer", "Computer": "DESKTOP-OFJ6N53", "TimeCreated": "2024-09-01 06:13:11.062140+00:00", "RecordID": "14261", "Level": "2", "UserID": "S-1-5-18"}
{"EventID": "1009", "Channel": "Microsoft-Windows-SMBServer/Security", "Provider_Name": "Microsoft-Windows-SMBServer", "Computer": "DESKTOP-OFJ6N53", "TimeCreated": "2024-09-01 06:40:27.288021+00:00", "RecordID": "14262", "Level": "2", "UserID": "S-1-5-18"}
{"EventID": "551", "Channel": "Microsoft-Windows-SMBServer/Security", "Provider_Name": "Microsoft-Windows-SMBServer", "Computer": "DESKTOP-OFJ6N53", "TimeCreated": "2024-09-01 06:40:27.288023+00:00", "RecordID": "14263", "Level": "2", "UserID": "S-1-5-18"}
{"EventID": "551", "Channel": "Microsoft-Windows-SMBServer/Security", "Provider_Name": "Microsoft-Windows-SMBServer", "Computer": "DESKTOP-OFJ6N53", "TimeCreated": "2024-09-01 07:03:50.790516+00:00", "RecordID": "14264", "Level": "2", "UserID": "S-1-5-18"}
{"EventID": "551", "Channel": "Microsoft-Windows-SMBServer/Security", "Provider_Name": "Microsoft-Windows-SMBServer", "Computer": "DESKTOP-OFJ6N53", "TimeCreated": "2024-09-01 07:04:46.961824+00:00", "RecordID": "14265", "Level": "2", "UserID": "S-1-5-18"}
{"EventID": "551", "Channel": "Microsoft-Windows-SMBServer/Security", "Provider_Name": "Microsoft-Windows-SMBServer", "Computer": "DESKTOP-OFJ6N53", "TimeCreated": "2024-09-01 07:13:11.009220+00:00", "RecordID": "14266", "Level": "2", "UserID": "S-1-5-18"}
{"EventID": "1009", "Channel": "Microsoft-Windows-SMBServer/Security", "Provider_Name": "Microsoft-Windows-SMBServer", "Computer": "DESKTOP-OFJ6N53", "TimeCreated": "2024-09-01 07:40:25.898973+00:00", "RecordID": "14267", "Level": "2", "UserID": "S-1-5-18"}
{"EventID": "551", "Channel": "Microsoft-Windows-SMBServer/Security", "Provider_Name": "Microsoft-Windows-SMBServer", "Computer": "DESKTOP-OFJ6N53", "TimeCreated": "2024-09-01 07:40:25.898977+00:00", "RecordID": "14268", "Level": "2", "UserID": "S-1-5-18"}
{"EventID": "551", "Channel": "Microsoft-Windows-SMBServer/Security", "Provider_Name": "Microsoft-Windows-SMBServer", "Computer": "DESKTOP-OFJ6N53", "TimeCreated": "2024-09-01 08:13:12.545916+00:00", "RecordID": "14269", "Level": "2", "UserID": "S-1-5-18"}
{"EventID": "1009", "Channel": "Microsoft-Windows-SMBServer/Security", "Provider_Name": "Microsoft-Windows-SMBServer", "Computer": "DESKTOP-OFJ6N53", "TimeCreated": "2024-09-01 08:40:26.784477+00:00", "RecordID": "14270", "Level": "2", "UserID": "S-1-5-18"}
{"EventID": "551", "Channel": "Microsoft-Windows-SMBServer/Security", "Provider_Name": "Microsoft-Windows-SMBServer", "Computer": "DESKTOP-OFJ6N53", "TimeCreated": "2024-09-01 08:40:26.784492+00:00", "RecordID": "14271", "Level": "2", "UserID": "S-1-5-18"}
{"EventID": "1009", "Channel": "Microsoft-Windows-SMBServer/Security", "Provider_Name": "Microsoft-Windows-SMBServer", "Computer": "DESKTOP-OFJ6N53", "TimeCreated": "2024-09-01 09:40:28.067318+00:00", "RecordID": "14272", "Level": "2", "UserID": "S-1-5-18"}
{"EventID": "551", "Channel": "Microsoft-Windows-SMBServer/Security", "Provider_Name": "Microsoft-Windows-SMBServer", "Computer": "DESKTOP-OFJ6N53", "TimeCreated": "2024-09-01 09:40:28.067322+00:00", "RecordID": "14273", "Level": "2", "UserID": "S-1-5-18"}
{"EventID": "551", "Channel": "Microsoft-Windows-SMBServer/Security", "Provider_Name": "Microsoft-Windows-SMBServer", "Computer": "DESKTOP-OFJ6N53", "TimeCreated": "2024-09-01 10:13:15.297693+00:00", "RecordID": "14274", "Level": "2", "UserID": "S-1-5-18"}
{"EventID": "1009", "Channel": "Microsoft-Windows-SMBServer/Security", "Provider_Name": "Microsoft-Windows-SMBServer", "Computer": "DESKTOP-OFJ6N53", "TimeCreated": "2024-09-01 10:40:28.953375+00:00", "RecordID": "14275", "Level": "2", "UserID": "S-1-5-18"}
{"EventID": "551", "Channel": "Microsoft-Windows-SMBServer/Security", "Provider_Name": "Microsoft-Windows-SMBServer", "Computer": "DESKTOP-OFJ6N53", "TimeCreated": "2024-09-01 10:40:28.953381+00:00", "RecordID": "14276", "Level": "2", "UserID": "S-1-5-18"}
{"EventID": "551", "Channel": "Microsoft-Windows-SMBServer/Security", "Provider_Name": "Microsoft-Windows-SMBServer", "Computer": "DESKTOP-OFJ6N53", "TimeCreated": "2024-09-01 11:13:15.524549+00:00", "RecordID": "14277", "Level": "2", "UserID": "S-1-5-18"}
{"EventID": "1009", "Channel": "Microsoft-Windows-SMBServer/Security", "Provider_Name": "Microsoft-Windows-SMBServer", "Computer": "DESKTOP-OFJ6N53", "TimeCreated": "2024-09-01 11:40:29.696589+00:00", "RecordID": "14278", "Level": "2", "UserID": "S-1-5-18"}
{"EventID": "551", "Channel": "Microsoft-Windows-SMBServer/Security", "Provider_Name": "Microsoft-Windows-SMBServer", "Computer": "DESKTOP-OFJ6N53", "TimeCreated": "2024-09-01 11:40:29.696602+00:00", "RecordID": "14279", "Level": "2", "UserID": "S-1-5-18"}
{"EventID": "551", "Channel": "Microsoft-Windows-SMBServer/Security", "Provider_Name": "Microsoft-Windows-SMBServer", "Computer": "DESKTOP-OFJ6N53", "TimeCreated": "2024-09-01 11:51:28.004402+00:00", "RecordID": "14280", "Level": "2", "UserID": "S-1-5-18"}
{"EventID": "551", "Channel": "Microsoft-Windows-SMBServer/Security", "Provider_Name": "Microsoft-Windows-SMBServer", "Computer": "DESKTOP-OFJ6N53", "TimeCreated": "2024-09-01 11:51:28.010574+00:00", "RecordID": "14281", "Level": "2", "UserID": "S-1-5-18"}
{"EventID": "551", "Channel": "Microsoft-Windows-SMBServer/Security", "Provider_Name": "Microsoft-Windows-SMBServer", "Computer": "DESKTOP-OFJ6N53", "TimeCreated": "2024-09-01 11:51:28.015739+00:00", "RecordID": "14282", "Level": "2", "UserID": "S-1-5-18"}
{"EventID": "551", "Channel": "Microsoft-Windows-SMBServer/Security", "Provider_Name": "Microsoft-Windows-SMBServer", "Computer": "DESKTOP-OFJ6N53", "TimeCreated": "2024-09-01 12:13:15.326469+00:00", "RecordID": "14283", "Level": "2", "UserID": "S-1-5-18"}
{"EventID": "1009", "Channel": "Microsoft-Windows-SMBServer/Security", "Provider_Name": "Microsoft-Windows-SMBServer", "Computer": "DESKTOP-OFJ6N53", "TimeCreated": "2024-09-01 12:40:30.809763+00:00", "RecordID": "14284", "Level": "2", "UserID": "S-1-5-18"}
{"EventID": "551", "Channel": "Microsoft-Windows-SMBServer/Security", "Provider_Name": "Microsoft-Windows-SMBServer", "Computer": "DESKTOP-OFJ6N53", "TimeCreated": "2024-09-01 12:40:30.809765+00:00", "RecordID": "14285", "Level": "2", "UserID": "S-1-5-18"}
{"EventID": "1009", "Channel": "Microsoft-Windows-SMBServer/Security", "Provider_Name": "Microsoft-Windows-SMBServer", "Computer": "DESKTOP-OFJ6N53", "TimeCreated": "2024-09-01 13:04:34.511885+00:00", "RecordID": "14286", "Level": "2", "UserID": "S-1-5-18"}
{"EventID": "551", "Channel": "Microsoft-Windows-SMBServer/Security", "Provider_Name": "Microsoft-Windows-SMBServer", "Computer": "DESKTOP-OFJ6N53", "TimeCreated": "2024-09-01 13:04:34.511887+00:00", "RecordID": "14287", "Level": "2", "UserID": "S-1-5-18"}
{"EventID": "551", "Channel": "Microsoft-Windows-SMBServer/Security", "Provider_Name": "Microsoft-Windows-SMBServer", "Computer": "DESKTOP-OFJ6N53", "TimeCreated": "2024-09-01 13:13:16.002457+00:00", "RecordID": "14288", "Level": "2", "UserID": "S-1-5-18"}
{"EventID": "1009", "Channel": "Microsoft-Windows-SMBServer/Security", "Provider_Name": "Microsoft-Windows-SMBServer", "Computer": "DESKTOP-OFJ6N53", "TimeCreated": "2024-09-01 13:40:30.575630+00:00", "RecordID": "14289", "Level": "2", "UserID": "S-1-5-18"}
{"EventID": "551", "Channel": "Microsoft-Windows-SMBServer/Security", "Provider_Name": "Microsoft-Windows-SMBServer", "Computer": "DESKTOP-OFJ6N53", "TimeCreated": "2024-09-01 13:40:30.575632+00:00", "RecordID": "14290", "Level": "2", "UserID": "S-1-5-18"}
{"EventID": "551", "Channel": "Microsoft-Windows-SMBServer/Security", "Provider_Name": "Microsoft-Windows-SMBServer", "Computer": "DESKTOP-OFJ6N53", "TimeCreated": "2024-09-01 14:03:52.289717+00:00", "RecordID": "14291", "Level": "2", "UserID": "S-1-5-18"}
{"EventID": "551", "Channel": "Microsoft-Windows-SMBServer/Security", "Provider_Name": "Microsoft-Windows-SMBServer", "Computer": "DESKTOP-OFJ6N53", "TimeCreated": "2024-09-01 14:04:48.464722+00:00", "RecordID": "14292", "Level": "2", "UserID": "S-1-5-18"}
{"EventID": "551", "Channel": "Microsoft-Windows-SMBServer/Security", "Provider_Name": "Microsoft-Windows-SMBServer", "Computer": "DESKTOP-OFJ6N53", "TimeCreated": "2024-09-01 14:13:16.574038+00:00", "RecordID": "14293", "Level": "2", "UserID": "S-1-5-18"}
{"EventID": "1009", "Channel": "Microsoft-Windows-SMBServer/Security", "Provider_Name": "Microsoft-Windows-SMBServer", "Computer": "DESKTOP-OFJ6N53", "TimeCreated": "2024-09-01 14:40:30.323227+00:00", "RecordID": "14294", "Level": "2", "UserID": "S-1-5-18"}
{"EventID": "551", "Channel": "Microsoft-Windows-SMBServer/Security", "Provider_Name": "Microsoft-Windows-SMBServer", "Computer": "DESKTOP-OFJ6N53", "TimeCreated": "2024-09-01 14:40:30.323231+00:00", "RecordID": "14295", "Level": "2", "UserID": "S-1-5-18"}
{"EventID": "1009", "Channel": "Microsoft-Windows-SMBServer/Security", "Provider_Name": "Microsoft-Windows-SMBServer", "Computer": "DESKTOP-OFJ6N53", "TimeCreated": "2024-09-01 15:40:31.687124+00:00", "RecordID": "14296", "Level": "2", "UserID": "S-1-5-18"}
{"EventID": "551", "Channel": "Microsoft-Windows-SMBServer/Security", "Provider_Name": "Microsoft-Windows-SMBServer", "Computer": "DESKTOP-OFJ6N53", "TimeCreated": "2024-09-01 15:40:31.687128+00:00", "RecordID": "14297", "Level": "2", "UserID": "S-1-5-18"}
{"EventID": "551", "Channel": "Microsoft-Windows-SMBServer/Security", "Provider_Name": "Microsoft-Windows-SMBServer", "Computer": "DESKTOP-OFJ6N53", "TimeCreated": "2024-09-01 16:13:17.306311+00:00", "RecordID": "14298", "Level": "2", "UserID": "S-1-5-18"}
{"EventID": "1009", "Channel": "Microsoft-Windows-SMBServer/Security", "Provider_Name": "Microsoft-Windows-SMBServer", "Computer": "DESKTOP-OFJ6N53", "TimeCreated": "2024-09-01 16:40:32.652203+00:00", "RecordID": "14299", "Level": "2", "UserID": "S-1-5-18"}
{"EventID": "551", "Channel": "Microsoft-Windows-SMBServer/Security", "Provider_Name": "Microsoft-Windows-SMBServer", "Computer": "DESKTOP-OFJ6N53", "TimeCreated": "2024-09-01 16:40:32.652206+00:00", "RecordID": "14300", "Level": "2", "UserID": "S-1-5-18"}
{"EventID": "551", "Channel": "Microsoft-Windows-SMBServer/Security", "Provider_Name": "Microsoft-Windows-SMBServer", "Computer": "DESKTOP-OFJ6N53", "TimeCreated": "2024-09-01 17:13:17.093098+00:00", "RecordID": "14301", "Level": "2", "UserID": "S-1-5-18"}
{"EventID": "1009", "Channel": "Microsoft-Windows-SMBServer/Security", "Provider_Name": "Microsoft-Windows-SMBServer", "Computer": "DESKTOP-OFJ6N53", "TimeCreated": "2024-09-01 17:40:33.179552+00:00", "RecordID": "14302", "Level": "2", "UserID": "S-1-5-18"}
{"EventID": "551", "Channel": "Microsoft-Windows-SMBServer/Security", "Provider_Name": "Microsoft-Windows-SMBServer", "Computer": "DESKTOP-OFJ6N53", "TimeCreated": "2024-09-01 17:40:33.179556+00:00", "RecordID": "14303", "Level": "2", "UserID": "S-1-5-18"}
{"EventID": "551", "Channel": "Microsoft-Windows-SMBServer/Security", "Provider_Name": "Microsoft-Windows-SMBServer", "Computer": "DESKTOP-OFJ6N53", "TimeCreated": "2024-09-01 18:13:16.855757+00:00", "RecordID": "14304", "Level": "2", "UserID": "S-1-5-18"}
{"EventID": "1009", "Channel": "Microsoft-Windows-SMBServer/Security", "Provider_Name": "Microsoft-Windows-SMBServer", "Computer": "DESKTOP-OFJ6N53", "TimeCreated": "2024-09-01 18:40:33.127813+00:00", "RecordID": "14305", "Level": "2", "UserID": "S-1-5-18"}
{"EventID": "551", "Channel": "Microsoft-Windows-SMBServer/Security", "Provider_Name": "Microsoft-Windows-SMBServer", "Computer": "DESKTOP-OFJ6N53", "TimeCreated": "2024-09-01 18:40:33.127819+00:00", "RecordID": "14306", "Level": "2", "UserID": "S-1-5-18"}
{"EventID": "551", "Channel": "Microsoft-Windows-SMBServer/Security", "Provider_Name": "Microsoft-Windows-SMBServer", "Computer": "DESKTOP-OFJ6N53", "TimeCreated": "2024-09-01 18:51:28.670286+00:00", "RecordID": "14307", "Level": "2", "UserID": "S-1-5-18"}
{"EventID": "551", "Channel": "Microsoft-Windows-SMBServer/Security", "Provider_Name": "Microsoft-Windows-SMBServer", "Computer": "DESKTOP-OFJ6N53", "TimeCreated": "2024-09-01 18:51:28.675764+00:00", "RecordID": "14308", "Level": "2", "UserID": "S-1-5-18"}
{"EventID": "551", "Channel": "Microsoft-Windows-SMBServer/Security", "Provider_Name": "Microsoft-Windows-SMBServer", "Computer": "DESKTOP-OFJ6N53", "TimeCreated": "2024-09-01 18:51:28.681456+00:00", "RecordID": "14309", "Level": "2", "UserID": "S-1-5-18"}
{"EventID": "551", "Channel": "Microsoft-Windows-SMBServer/Security", "Provider_Name": "Microsoft-Windows-SMBServer", "Computer": "DESKTOP-OFJ6N53", "TimeCreated": "2024-09-01 19:13:17.996798+00:00", "RecordID": "14310", "Level": "2", "UserID": "S-1-5-18"}
{"EventID": "1009", "Channel": "Microsoft-Windows-SMBServer/Security", "Provider_Name": "Microsoft-Windows-SMBServer", "Computer": "DESKTOP-OFJ6N53", "TimeCreated": "2024-09-01 19:40:33.610289+00:00", "RecordID": "14311", "Level": "2", "UserID": "S-1-5-18"}
{"EventID": "551", "Channel": "Microsoft-Windows-SMBServer/Security", "Provider_Name": "Microsoft-Windows-SMBServer", "Computer": "DESKTOP-OFJ6N53", "TimeCreated": "2024-09-01 19:40:33.610292+00:00", "RecordID": "14312", "Level": "2", "UserID": "S-1-5-18"}
{"EventID": "1009", "Channel": "Microsoft-Windows-SMBServer/Security", "Provider_Name": "Microsoft-Windows-SMBServer", "Computer": "DESKTOP-OFJ6N53", "TimeCreated": "2024-09-01 20:03:36.906160+00:00", "RecordID": "14313", "Level": "2", "UserID": "S-1-5-18"}
{"EventID": "551", "Channel": "Microsoft-Windows-SMBServer/Security", "Provider_Name": "Microsoft-Windows-SMBServer", "Computer": "DESKTOP-OFJ6N53", "TimeCreated": "2024-09-01 20:03:36.906162+00:00", "RecordID": "14314", "Level": "2", "UserID": "S-1-5-18"}
{"EventID": "1009", "Channel": "Microsoft-Windows-SMBServer/Security", "Provider_Name": "Microsoft-Windows-SMBServer", "Computer": "DESKTOP-OFJ6N53", "TimeCreated": "2024-09-01 20:04:32.309475+00:00", "RecordID": "14315", "Level": "2", "UserID": "S-1-5-18"}
{"EventID": "551", "Channel": "Microsoft-Windows-SMBServer/Security", "Provider_Name": "Microsoft-Windows-SMBServer", "Computer": "DESKTOP-OFJ6N53", "TimeCreated": "2024-09-01 20:04:32.309477+00:00", "RecordID": "14316", "Level": "2", "UserID": "S-1-5-18"}
{"EventID": "551", "Channel": "Microsoft-Windows-SMBServer/Security", "Provider_Name": "Microsoft-Windows-SMBServer", "Computer": "DESKTOP-OFJ6N53", "TimeCreated": "2024-09-01 20:13:17.812819+00:00", "RecordID": "14317", "Level": "2", "UserID": "S-1-5-18"}
{"EventID": "1009", "Channel": "Microsoft-Windows-SMBServer/Security", "Provider_Name": "Microsoft-Windows-SMBServer", "Computer": "DESKTOP-OFJ6N53", "TimeCreated": "2024-09-01 20:40:34.468740+00:00", "RecordID": "14318", "Level": "2", "UserID": "S-1-5-18"}
{"EventID": "551", "Channel": "Microsoft-Windows-SMBServer/Security", "Provider_Name": "Microsoft-Windows-SMBServer", "Computer": "DESKTOP-OFJ6N53", "TimeCreated": "2024-09-01 20:40:34.468744+00:00", "RecordID": "14319", "Level": "2", "UserID": "S-1-5-18"}
{"EventID": "551", "Channel": "Microsoft-Windows-SMBServer/Security", "Provider_Name": "Microsoft-Windows-SMBServer", "Computer": "DESKTOP-OFJ6N53", "TimeCreated": "2024-09-01 21:03:52.697678+00:00", "RecordID": "14320", "Level": "2", "UserID": "S-1-5-18"}
{"EventID": "551", "Channel": "Microsoft-Windows-SMBServer/Security", "Provider_Name": "Microsoft-Windows-SMBServer", "Computer": "DESKTOP-OFJ6N53", "TimeCreated": "2024-09-01 21:04:48.788927+00:00", "RecordID": "14321", "Level": "2", "UserID": "S-1-5-18"}
{"EventID": "551", "Channel": "Microsoft-Windows-SMBServer/Security", "Provider_Name": "Microsoft-Windows-SMBServer", "Computer": "DESKTOP-OFJ6N53", "TimeCreated": "2024-09-01 21:13:18.463005+00:00", "RecordID": "14322", "Level": "2", "UserID": "S-1-5-18"}
{"EventID": "1009", "Channel": "Microsoft-Windows-SMBServer/Security", "Provider_Name": "Microsoft-Windows-SMBServer", "Computer": "DESKTOP-OFJ6N53", "TimeCreated": "2024-09-01 21:40:35.605293+00:00", "RecordID": "14323", "Level": "2", "UserID": "S-1-5-18"}
{"EventID": "551", "Channel": "Microsoft-Windows-SMBServer/Security", "Provider_Name": "Microsoft-Windows-SMBServer", "Computer": "DESKTOP-OFJ6N53", "TimeCreated": "2024-09-01 21:40:35.605297+00:00", "RecordID": "14324", "Level": "2", "UserID": "S-1-5-18"}
{"EventID": "551", "Channel": "Microsoft-Windows-SMBServer/Security", "Provider_Name": "Microsoft-Windows-SMBServer", "Computer": "DESKTOP-OFJ6N53", "TimeCreated": "2024-09-01 22:13:18.477720+00:00", "RecordID": "14325", "Level": "2", "UserID": "S-1-5-18"}
{"EventID": "1009", "Channel": "Microsoft-Windows-SMBServer/Security", "Provider_Name": "Microsoft-Windows-SMBServer", "Computer": "DESKTOP-OFJ6N53", "TimeCreated": "2024-09-01 22:40:36.329109+00:00", "RecordID": "14326", "Level": "2", "UserID": "S-1-5-18"}
{"EventID": "551", "Channel": "Microsoft-Windows-SMBServer/Security", "Provider_Name": "Microsoft-Windows-SMBServer", "Computer": "DESKTOP-OFJ6N53", "TimeCreated": "2024-09-01 22:40:36.329113+00:00", "RecordID": "14327", "Level": "2", "UserID": "S-1-5-18"}
{"EventID": "551", "Channel": "Microsoft-Windows-SMBServer/Security", "Provider_Name": "Microsoft-Windows-SMBServer", "Computer": "DESKTOP-OFJ6N53", "TimeCreated": "2024-09-01 23:13:19.938812+00:00", "RecordID": "14328", "Level": "2", "UserID": "S-1-5-18"}
{"EventID": "1009", "Channel": "Microsoft-Windows-SMBServer/Security", "Provider_Name": "Microsoft-Windows-SMBServer", "Computer": "DESKTOP-OFJ6N53", "TimeCreated": "2024-09-01 23:40:37.637259+00:00", "RecordID": "14329", "Level": "2", "UserID": "S-1-5-18"}
{"EventID": "551", "Channel": "Microsoft-Windows-SMBServer/Security", "Provider_Name": "Microsoft-Windows-SMBServer", "Computer": "DESKTOP-OFJ6N53", "TimeCreated": "2024-09-01 23:40:37.637264+00:00", "RecordID": "14330", "Level": "2", "UserID": "S-1-5-18"}
{"EventID": "551", "Channel": "Microsoft-Windows-SMBServer/Security", "Provider_Name": "Microsoft-Windows-SMBServer", "Computer": "DESKTOP-OFJ6N53", "TimeCreated": "2024-09-02 00:13:20.675013+00:00", "RecordID": "14331", "Level": "2", "UserID": "S-1-5-18"}
{"EventID": "1009", "Channel": "Microsoft-Windows-SMBServer/Security", "Provider_Name": "Microsoft-Windows-SMBServer", "Computer": "DESKTOP-OFJ6N53", "TimeCreated": "2024-09-02 00:40:37.670218+00:00", "RecordID": "14332", "Level": "2", "UserID": "S-1-5-18"}
{"EventID": "551", "Channel": "Microsoft-Windows-SMBServer/Security", "Provider_Name": "Microsoft-Windows-SMBServer", "Computer": "DESKTOP-OFJ6N53", "TimeCreated": "2024-09-02 00:40:37.670219+00:00", "RecordID": "14333", "Level": "2", "UserID": "S-1-5-18"}
{"EventID": "551", "Channel": "Microsoft-Windows-SMBServer/Security", "Provider_Name": "Microsoft-Windows-SMBServer", "Computer": "DESKTOP-OFJ6N53", "TimeCreated": "2024-09-02 01:13:20.799212+00:00", "RecordID": "14334", "Level": "2", "UserID": "S-1-5-18"}
{"EventID": "1009", "Channel": "Microsoft-Windows-SMBServer/Security", "Provider_Name": "Microsoft-Windows-SMBServer", "Computer": "DESKTOP-OFJ6N53", "TimeCreated": "2024-09-02 01:40:37.964489+00:00", "RecordID": "14335", "Level": "2", "UserID": "S-1-5-18"}
{"EventID": "551", "Channel": "Microsoft-Windows-SMBServer/Security", "Provider_Name": "Microsoft-Windows-SMBServer", "Computer": "DESKTOP-OFJ6N53", "TimeCreated": "2024-09-02 01:40:37.964493+00:00", "RecordID": "14336", "Level": "2", "UserID": "S-1-5-18"}
{"EventID": "551", "Channel": "Microsoft-Windows-SMBServer/Security", "Provider_Name": "Microsoft-Windows-SMBServer", "Computer": "DESKTOP-OFJ6N53", "TimeCreated": "2024-09-02 01:51:27.608032+00:00", "RecordID": "14337", "Level": "2", "UserID": "S-1-5-18"}
{"EventID": "551", "Channel": "Microsoft-Windows-SMBServer/Security", "Provider_Name": "Microsoft-Windows-SMBServer", "Computer": "DESKTOP-OFJ6N53", "TimeCreated": "2024-09-02 01:51:27.614328+00:00", "RecordID": "14338", "Level": "2", "UserID": "S-1-5-18"}
{"EventID": "551", "Channel": "Microsoft-Windows-SMBServer/Security", "Provider_Name": "Microsoft-Windows-SMBServer", "Computer": "DESKTOP-OFJ6N53", "TimeCreated": "2024-09-02 01:51:27.621273+00:00", "RecordID": "14339", "Level": "2", "UserID": "S-1-5-18"}
{"EventID": "551", "Channel": "Microsoft-Windows-SMBServer/Security", "Provider_Name": "Microsoft-Windows-SMBServer", "Computer": "DESKTOP-OFJ6N53", "TimeCreated": "2024-09-02 02:13:20.753746+00:00", "RecordID": "14340", "Level": "2", "UserID": "S-1-5-18"}
{"EventID": "1009", "Channel": "Microsoft-Windows-SMBServer/Security", "Provider_Name": "Microsoft-Windows-SMBServer", "Computer": "DESKTOP-OFJ6N53", "TimeCreated": "2024-09-02 03:03:38.508129+00:00", "RecordID": "14341", "Level": "2", "UserID": "S-1-5-18"}
{"EventID": "551", "Channel": "Microsoft-Windows-SMBServer/Security", "Provider_Name": "Microsoft-Windows-SMBServer", "Computer": "DESKTOP-OFJ6N53", "TimeCreated": "2024-09-02 03:03:38.508142+00:00", "RecordID": "14342", "Level": "2", "UserID": "S-1-5-18"}
{"EventID": "1009", "Channel": "Microsoft-Windows-SMBServer/Security", "Provider_Name": "Microsoft-Windows-SMBServer", "Computer": "DESKTOP-OFJ6N53", "TimeCreated": "2024-09-02 03:04:34.458694+00:00", "RecordID": "14343", "Level": "2", "UserID": "S-1-5-18"}
{"EventID": "551", "Channel": "Microsoft-Windows-SMBServer/Security", "Provider_Name": "Microsoft-Windows-SMBServer", "Computer": "DESKTOP-OFJ6N53", "TimeCreated": "2024-09-02 03:04:34.458696+00:00", "RecordID": "14344", "Level": "2", "UserID": "S-1-5-18"}
{"EventID": "551", "Channel": "Microsoft-Windows-SMBServer/Security", "Provider_Name": "Microsoft-Windows-SMBServer", "Computer": "DESKTOP-OFJ6N53", "TimeCreated": "2024-09-02 03:13:21.248169+00:00", "RecordID": "14345", "Level": "2", "UserID": "S-1-5-18"}
{"EventID": "1009", "Channel": "Microsoft-Windows-SMBServer/Security", "Provider_Name": "Microsoft-Windows-SMBServer", "Computer": "DESKTOP-OFJ6N53", "TimeCreated": "2024-09-02 03:40:38.859591+00:00", "RecordID": "14346", "Level": "2", "UserID": "S-1-5-18"}
{"EventID": "551", "Channel": "Microsoft-Windows-SMBServer/Security", "Provider_Name": "Microsoft-Windows-SMBServer", "Computer": "DESKTOP-OFJ6N53", "TimeCreated": "2024-09-02 03:40:38.859596+00:00", "RecordID": "14347", "Level": "2", "UserID": "S-1-5-18"}
{"EventID": "551", "Channel": "Microsoft-Windows-SMBServer/Security", "Provider_Name": "Microsoft-Windows-SMBServer", "Computer": "DESKTOP-OFJ6N53", "TimeCreated": "2024-09-02 04:03:54.043968+00:00", "RecordID": "14348", "Level": "2", "UserID": "S-1-5-18"}
{"EventID": "551", "Channel": "Microsoft-Windows-SMBServer/Security", "Provider_Name": "Microsoft-Windows-SMBServer", "Computer": "DESKTOP-OFJ6N53", "TimeCreated": "2024-09-02 04:04:50.146278+00:00", "RecordID": "14349", "Level": "2", "UserID": "S-1-5-18"}
{"EventID": "551", "Channel": "Microsoft-Windows-SMBServer/Security", "Provider_Name": "Microsoft-Windows-SMBServer", "Computer": "DESKTOP-OFJ6N53", "TimeCreated": "2024-09-02 04:13:22.936974+00:00", "RecordID": "14350", "Level": "2", "UserID": "S-1-5-18"}
