{"EventID": "2006", "Channel": "Microsoft-Windows-Windows Firewall With Advanced Security/Firewall", "Provider_Name": "Microsoft-Windows-Windows Firewall With Advanced Security", "Computer": "DESKTOP-OFJ6N53", "TimeCreated": "2025-08-14 09:25:26.243376+00:00", "RecordID": "31343", "Level": "4", "UserID": "S-1-5-19", "EventData.RuleId": "{B266B2BB-7571-4D0D-AAA1-B6210E503C22}", "EventData.RuleName": "Microsoft Store", "EventData.ModifyingUser": "S-1-5-80-3088073201-1464728630-1879813800-1107566885-823218052", "EventData.ModifyingApplication": "C:\\Windows\\System32\\svchost.exe"}
{"EventID": "2006", "Channel": "Microsoft-Windows-Windows Firewall With Advanced Security/Firewall", "Provider_Name": "Microsoft-Windows-Windows Firewall With Advanced Security", "Computer": "DESKTOP-OFJ6N53", "TimeCreated": "2025-08-14 09:25:26.244043+00:00", "RecordID": "31344", "Level": "4", "UserID": "S-1-5-19", "EventData.RuleId": "{94419589-B0DE-4EAF-B0DE-50085CA508DB}", "EventData.RuleName": "Microsoft Store", "EventData.ModifyingUser": "S-1-5-80-3088073201-1464728630-1879813800-1107566885-823218052", "EventData.ModifyingApplication": "C:\\Windows\\System32\\svchost.exe"}
{"EventID": "2006", "Channel": "Microsoft-Windows-Windows Firewall With Advanced Security/Firewall", "Provider_Name": "Microsoft-Windows-Windows Firewall With Advanced Security", "Computer": "DESKTOP-OFJ6N53", "TimeCreated": "2025-08-14 09:25:26.244761+00:00", "RecordID": "31345", "Level": "4", "UserID": "S-1-5-19", "EventData.RuleId": "{E672AF35-2337-4DC8-83BA-EA3E427818B2}", "EventData.RuleName": "Microsoft Store", "EventData.ModifyingUser": "S-1-5-80-3088073201-1464728630-1879813800-1107566885-823218052", "EventData.ModifyingApplication": "C:\\Windows\\System32\\svchost.exe"}
{"EventID": "2006", "Channel": "Microsoft-Windows-Windows Firewall With Advanced Security/Firewall", "Provider_Name": "Microsoft-Windows-Windows Firewall With Advanced Security", "Computer": "DESKTOP-OFJ6N53", "TimeCreated": "2025-08-14 09:25:26.262720+00:00", "RecordID": "31346", "Level": "4", "UserID": "S-1-5-19", "EventData.RuleId": "{61732C3D-954C-4787-B8D2-C2E0E9313D11}", "EventData.RuleName": "Microsoft Store", "EventData.ModifyingUser": "S-1-5-80-3088073201-1464728630-1879813800-1107566885-823218052", "EventData.ModifyingApplication": "C:\\Windows\\System32\\svchost.exe"}
{"EventID": "2006", "Channel": "Microsoft-Windows-Windows Firewall With Advanced Security/Firewall", "Provider_Name": "Microsoft-Windows-Windows Firewall With Advanced Security", "Computer": "DESKTOP-OFJ6N53", "TimeCreated": "2025-08-14 09:25:26.265064+00:00", "RecordID": "31347", "Level": "4", "UserID": "S-1-5-19", "EventData.RuleId": "{540AA5A7-EED3-4E44-A6A6-2AF9E2FA3EE4}", "EventData.RuleName": "Microsoft Store", "EventData.ModifyingUser": "S-1-5-80-3088073201-1464728630-1879813800-1107566885-823218052", "EventData.ModifyingApplication": "C:\\Windows\\System32\\svchost.exe"}
{"EventID": "2097", "Channel": "Microsoft-Windows-Windows Firewall With Advanced Security/Firewall", "Provider_Name": "Microsoft-Windows-Windows Firewall With Advanced Security", "Computer": "DESKTOP-OFJ6N53", "TimeCreated": "2025-08-14 09:25:26.315201+00:00", "RecordID": "31348", "Level": "4", "UserID": "S-1-5-19", "EventData.RuleId": "{A8967AC4-0CE1-4FAD-97D6-E2281EE9C519}", "EventData.RuleName": "Microsoft Store", "EventData.Origin": "1", "EventData.ApplicationPath": null, "EventData.ServiceName": null, "EventData.Direction": "1", "EventData.Protocol": "256", "EventData.LocalPorts": null, "EventData.RemotePorts": null, "EventData.Action": "2", "EventData.Profiles": "2147483647", "EventData.LocalAddresses": "*", "EventData.RemoteAddresses": "*", "EventData.RemoteMachineAuthorizationList": null, "EventData.RemoteUserAuthorizationList": null, "EventData.EmbeddedContext": "Microsoft Store", "EventData.Flags": "1", "EventData.Active": "1", "EventData.EdgeTraversal": "0", "EventData.LooseSourceMapped": "0", "EventData.SecurityOptions": "0", "EventData.ModifyingUser": "S-1-5-80-3088073201-1464728630-1879813800-1107566885-823218052", "EventData.ModifyingApplication": "C:\\Windows\\System32\\svchost.exe", "EventData.SchemaVersion": "542", "EventData.RuleStatus": "65536", "EventData.LocalOnlyMapped": "0", "EventData.PolicyAppId": null}
{"EventID": "2097", "Channel": "Microsoft-Windows-Windows Firewall With Advanced Security/Firewall", "Provider_Name": "Microsoft-Windows-Windows Firewall With Advanced Security", "Computer": "DESKTOP-OFJ6N53", "TimeCreated": "2025-08-14 09:25:26.316885+00:00", "RecordID": "31349", "Level": "4", "UserID": "S-1-5-19", "EventData.RuleId": "{632BED9C-9C91-41E2-B31B-F0B6340C4FA8}", "EventData.RuleName": "Microsoft Store", "EventData.Origin": "1", "EventData.ApplicationPath": null, "EventData.ServiceName": null, "EventData.Direction": "2", "EventData.Protocol": "256", "EventData.LocalPorts": null, "EventData.RemotePorts": null, "EventData.Action": "2", "EventData.Profiles": "2147483647", "EventData.LocalAddresses": "*", "EventData.RemoteAddresses": "*", "EventData.RemoteMachineAuthorizationList": null, "EventData.RemoteUserAuthorizationList": null, "EventData.EmbeddedContext": "Microsoft Store", "EventData.Flags": "1", "EventData.Active": "1", "EventData.EdgeTraversal": "0", "EventData.LooseSourceMapped": "0", "EventData.SecurityOptions": "0", "EventData.ModifyingUser": "S-1-5-80-3088073201-1464728630-1879813800-1107566885-823218052", "EventData.ModifyingApplication": "C:\\Windows\\System32\\svchost.exe", "EventData.SchemaVersion": "542", "EventData.RuleStatus": "65536", "EventData.LocalOnlyMapped": "0", "EventData.PolicyAppId": null}
{"EventID": "2097", "Channel": "Microsoft-Windows-Windows Firewall With Advanced Security/Firewall", "Provider_Name": "Microsoft-Windows-Windows Firewall With Advanced Security", "Computer": "DESKTOP-OFJ6N53", "TimeCreated": "2025-08-14 09:25:26.320740+00:00", "RecordID": "31350", "Level": "4", "UserID": "S-1-5-19", "EventData.RuleId": "{0A7AC2F1-DA2E-4251-99A0-656AD5A2D86D}", "EventData.RuleName": "Microsoft Store", "EventData.Origin": "1", "EventData.ApplicationPath": null, "EventData.ServiceName": null, "EventData.Direction": "1", "EventData.Protocol": "256", "EventData.LocalPorts": null, "EventData.RemotePorts": null, "EventData.Action": "3", "EventData.Profiles": "7", "EventData.LocalAddresses": "*", "EventData.RemoteAddresses": "*", "EventData.RemoteMachineAuthorizationList": null, "EventData.RemoteUserAuthorizationList": null, "EventData.EmbeddedContext": "Microsoft Store", "EventData.Flags": "1", "EventData.Active": "1", "EventData.EdgeTraversal": "0", "EventData.LooseSourceMapped": "0", "EventData.SecurityOptions": "0", "EventData.ModifyingUser": "S-1-5-80-3088073201-1464728630-1879813800-1107566885-823218052", "EventData.ModifyingApplication": "C:\\Windows\\System32\\svchost.exe", "EventData.SchemaVersion": "542", "EventData.RuleStatus": "65536", "EventData.LocalOnlyMapped": "0", "EventData.PolicyAppId": null}
{"EventID": "2097", "Channel": "Microsoft-Windows-Windows Firewall With Advanced Security/Firewall", "Provider_Name": "Microsoft-Windows-Windows Firewall With Advanced Security", "Computer": "DESKTOP-OFJ6N53", "TimeCreated": "2025-08-14 09:25:26.322409+00:00", "RecordID": "31351", "Level": "4", "UserID": "S-1-5-19", "EventData.RuleId": "{FBC70E3E-D46C-4419-9DBC-B985AE7BB993}", "EventData.RuleName": "Microsoft Store", "EventData.Origin": "1", "EventData.ApplicationPath": null, "EventData.ServiceName": null, "EventData.Direction": "2", "EventData.Protocol": "256", "EventData.LocalPorts": null, "EventData.RemotePorts": null, "EventData.Action": "3", "EventData.Profiles": "7", "EventData.LocalAddresses": "*", "EventData.RemoteAddresses": "*", "EventData.RemoteMachineAuthorizationList": null, "EventData.RemoteUserAuthorizationList": null, "EventData.EmbeddedContext": "Microsoft Store", "EventData.Flags": "1", "EventData.Active": "1", "EventData.EdgeTraversal": "0", "EventData.LooseSourceMapped": "0", "EventData.SecurityOptions": "0", "EventData.ModifyingUser": "S-1-5-80-3088073201-1464728630-1879813800-1107566885-823218052", "EventData.ModifyingApplication": "C:\\Windows\\System32\\svchost.exe", "EventData.SchemaVersion": "542", "EventData.RuleStatus": "65536", "EventData.LocalOnlyMapped": "0", "EventData.PolicyAppId": null}
{"EventID": "2097", "Channel": "Microsoft-Windows-Windows Firewall With Advanced Security/Firewall", "Provider_Name": "Microsoft-Windows-Windows Firewall With Advanced Security", "Computer": "DESKTOP-OFJ6N53", "TimeCreated": "2025-08-14 09:25:26.324011+00:00", "RecordID": "31352", "Level": "4", "UserID": "S-1-5-19", "EventData.RuleId": "{855C34B9-0665-4884-9E0F-5A4FA3A55C33}", "EventData.RuleName": "Microsoft Store", "EventData.Origin": "1", "EventData.ApplicationPath": null, "EventData.ServiceName": null, "EventData.Direction": "1", "EventData.Protocol": "256", "EventData.LocalPorts": null, "EventData.RemotePorts": null, "EventData.Action": "3", "EventData.Profiles": "6", "EventData.LocalAddresses": "*", "EventData.RemoteAddresses": "*", "EventData.RemoteMachineAuthorizationList": null, "EventData.RemoteUserAuthorizationList": null, "EventData.EmbeddedContext": "Microsoft Store", "EventData.Flags": "3", "EventData.Active": "1", "EventData.EdgeTraversal": "0", "EventData.LooseSourceMapped": "0", "EventData.SecurityOptions": "1", "EventData.ModifyingUser": "S-1-5-80-3088073201-1464728630-1879813800-1107566885-823218052", "EventData.ModifyingApplication": "C:\\Windows\\System32\\svchost.exe", "EventData.SchemaVersion": "542", "EventData.RuleStatus": "65536", "EventData.LocalOnlyMapped": "0", "EventData.PolicyAppId": null}
{"EventID": "2097", "Channel": "Microsoft-Windows-Windows Firewall With Advanced Security/Firewall", "Provider_Name": "Microsoft-Windows-Windows Firewall With Advanced Security", "Computer": "DESKTOP-OFJ6N53", "TimeCreated": "2025-08-14 09:25:26.325674+00:00", "RecordID": "31353", "Level": "4", "UserID": "S-1-5-19", "EventData.RuleId": "{F402A3C6-76AE-446D-94EA-D744F4F8058A}", "EventData.RuleName": "Microsoft Store", "EventData.Origin": "1", "EventData.ApplicationPath": null, "EventData.ServiceName": null, "EventData.Direction": "2", "EventData.Protocol": "256", "EventData.LocalPorts": null, "EventData.RemotePorts": null, "EventData.Action": "3", "EventData.Profiles": "6", "EventData.LocalAddresses": "*", "EventData.RemoteAddresses": "*", "EventData.RemoteMachineAuthorizationList": null, "EventData.RemoteUserAuthorizationList": null, "EventData.EmbeddedContext": "Microsoft Store", "EventData.Flags": "3", "EventData.Active": "1", "EventData.EdgeTraversal": "0", "EventData.LooseSourceMapped": "0", "EventData.SecurityOptions": "1", "EventData.ModifyingUser": "S-1-5-80-3088073201-1464728630-1879813800-1107566885-823218052", "EventData.ModifyingApplication": "C:\\Windows\\System32\\svchost.exe", "EventData.SchemaVersion": "542", "EventData.RuleStatus": "65536", "EventData.LocalOnlyMapped": "0", "EventData.PolicyAppId": null}
{"EventID": "2097", "Channel": "Microsoft-Windows-Windows Firewall With Advanced Security/Firewall", "Provider_Name": "Microsoft-Windows-Windows Firewall With Advanced Security", "Computer": "DESKTOP-OFJ6N53", "TimeCreated": "2025-08-14 09:25:26.327423+00:00", "RecordID": "31354", "Level": "4", "UserID": "S-1-5-19", "EventData.RuleId": "{A0BC8A5E-6921-42BD-926E-13CB443A828F}", "EventData.RuleName": "Microsoft Store", "EventData.Origin": "1", "EventData.ApplicationPath": null, "EventData.ServiceName": null, "EventData.Direction": "1", "EventData.Protocol": "256", "EventData.LocalPorts": null, "EventData.RemotePorts": null, "EventData.Action": "3", "EventData.Profiles": "7", "EventData.LocalAddresses": "*", "EventData.RemoteAddresses": "*", "EventData.RemoteMachineAuthorizationList": null, "EventData.RemoteUserAuthorizationList": null, "EventData.EmbeddedContext": "Microsoft Store", "EventData.Flags": "1", "EventData.Active": "1", "EventData.EdgeTraversal": "0", "EventData.LooseSourceMapped": "0", "EventData.SecurityOptions": "0", "EventData.ModifyingUser": "S-1-5-80-3088073201-1464728630-1879813800-1107566885-823218052", "EventData.ModifyingApplication": "C:\\Windows\\System32\\svchost.exe", "EventData.SchemaVersion": "542", "EventData.RuleStatus": "65536", "EventData.LocalOnlyMapped": "0", "EventData.PolicyAppId": null}
{"EventID": "2097", "Channel": "Microsoft-Windows-Windows Firewall With Advanced Security/Firewall", "Provider_Name": "Microsoft-Windows-Windows Firewall With Advanced Security", "Computer": "DESKTOP-OFJ6N53", "TimeCreated": "2025-08-14 09:25:26.328884+00:00", "RecordID": "31355", "Level": "4", "UserID": "S-1-5-19", "EventData.RuleId": "{32C6FEB4-D483-4265-A373-7E5BA41CA7D3}", "EventData.RuleName": "Microsoft Store", "EventData.Origin": "1", "EventData.ApplicationPath": null, "EventData.ServiceName": null, "EventData.Direction": "2", "EventData.Protocol": "256", "EventData.LocalPorts": null, "EventData.RemotePorts": null, "EventData.Action": "3", "EventData.Profiles": "7", "EventData.LocalAddresses": "*", "EventData.RemoteAddresses": "*", "EventData.RemoteMachineAuthorizationList": null, "EventData.RemoteUserAuthorizationList": null, "EventData.EmbeddedContext": "Microsoft Store", "EventData.Flags": "1", "EventData.Active": "1", "EventData.EdgeTraversal": "0", "EventData.LooseSourceMapped": "0", "EventData.SecurityOptions": "0", "EventData.ModifyingUser": "S-1-5-80-3088073201-1464728630-1879813800-1107566885-823218052", "EventData.ModifyingApplication": "C:\\Windows\\System32\\svchost.exe", "EventData.SchemaVersion": "542", "EventData.RuleStatus": "65536", "EventData.LocalOnlyMapped": "0", "EventData.PolicyAppId": null}
{"EventID": "2097", "Channel": "Microsoft-Windows-Windows Firewall With Advanced Security/Firewall", "Provider_Name": "Microsoft-Windows-Windows Firewall With Advanced Security", "Computer": "DESKTOP-OFJ6N53", "TimeCreated": "2025-08-14 09:25:26.330603+00:00", "RecordID": "31356", "Level": "4", "UserID": "S-1-5-19", "EventData.RuleId": "{0F8FC83E-A244-4454-9B48-03B9C5479D93}", "EventData.RuleName": "Microsoft Store", "EventData.Origin": "1", "EventData.ApplicationPath": null, "EventData.ServiceName": null, "EventData.Direction": "2", "EventData.Protocol": "256", "EventData.LocalPorts": null, "EventData.RemotePorts": null, "EventData.Action": "3", "EventData.Profiles": "7", "EventData.LocalAddresses": "*", "EventData.RemoteAddresses": "*", "EventData.RemoteMachineAuthorizationList": null, "EventData.RemoteUserAuthorizationList": null, "EventData.EmbeddedContext": "Microsoft Store", "EventData.Flags": "1", "EventData.Active": "1", "EventData.EdgeTraversal": "0", "EventData.LooseSourceMapped": "0", "EventData.SecurityOptions": "0", "EventData.ModifyingUser": "S-1-5-80-3088073201-1464728630-1879813800-1107566885-823218052", "EventData.ModifyingApplication": "C:\\Windows\\System32\\svchost.exe", "EventData.SchemaVersion": "542", "EventData.RuleStatus": "65536", "EventData.LocalOnlyMapped": "0", "EventData.PolicyAppId": null}
{"EventID": "2097", "Channel": "Microsoft-Windows-Windows Firewall With Advanced Security/Firewall", "Provider_Name": "Microsoft-Windows-Windows Firewall With Advanced Security", "Computer": "DESKTOP-OFJ6N53", "TimeCreated": "2025-08-14 09:25:26.332323+00:00", "RecordID": "31357", "Level": "4", "UserID": "S-1-5-19", "EventData.RuleId": "{80B83AFC-EE0F-48D7-8B25-9A4DA854CD35}", "EventData.RuleName": "Microsoft Store", "EventData.Origin": "1", "EventData.ApplicationPath": null, "EventData.ServiceName": null, "EventData.Direction": "1", "EventData.Protocol": "256", "EventData.LocalPorts": null, "EventData.RemotePorts": null, "EventData.Action": "3", "EventData.Profiles": "7", "EventData.LocalAddresses": "*", "EventData.RemoteAddresses": "*", "EventData.RemoteMachineAuthorizationList": null, "EventData.RemoteUserAuthorizationList": null, "EventData.EmbeddedContext": "Microsoft Store", "EventData.Flags": "9", "EventData.Active": "1", "EventData.EdgeTraversal": "1", "EventData.LooseSourceMapped": "0", "EventData.SecurityOptions": "0", "EventData.ModifyingUser": "S-1-5-80-3088073201-1464728630-1879813800-1107566885-823218052", "EventData.ModifyingApplication": "C:\\Windows\\System32\\svchost.exe", "EventData.SchemaVersion": "542", "EventData.RuleStatus": "65536", "EventData.LocalOnlyMapped": "0", "EventData.PolicyAppId": null}
{"EventID": "2006", "Channel": "Microsoft-Windows-Windows Firewall With Advanced Security/Firewall", "Provider_Name": "Microsoft-Windows-Windows Firewall With Advanced Security", "Computer": "DESKTOP-OFJ6N53", "TimeCreated": "2025-08-14 22:04:49.782368+00:00", "RecordID": "31358", "Level": "4", "UserID": "S-1-5-19", "EventData.RuleId": "{BBCC6EB4-BCFB-4C8F-BF7D-06F25099F35B}", "EventData.RuleName": "@{Microsoft.HEIFImageExtension_1.2.20.0_x64__8wekyb3d8bbwe?ms-resource://Microsoft.HEIFImageExtension/Resources/AppStoreName}", "EventData.ModifyingUser": "S-1-5-80-3088073201-1464728630-1879813800-1107566885-823218052", "EventData.ModifyingApplication": "C:\\Windows\\System32\\svchost.exe"}
{"EventID": "2006", "Channel": "Microsoft-Windows-Windows Firewall With Advanced Security/Firewall", "Provider_Name": "Microsoft-Windows-Windows Firewall With Advanced Security", "Computer": "DESKTOP-OFJ6N53", "TimeCreated": "2025-08-14 22:04:49.783125+00:00", "RecordID": "31359", "Level": "4", "UserID": "S-1-5-19", "EventData.RuleId": "{331D03D2-07B3-4DC5-9897-78284BB63F5E}", "EventData.RuleName": "@{Microsoft.HEIFImageExtension_1.2.20.0_x64__8wekyb3d8bbwe?ms-resource://Microsoft.HEIFImageExtension/Resources/AppStoreName}", "EventData.ModifyingUser": "S-1-5-80-3088073201-1464728630-1879813800-1107566885-823218052", "EventData.ModifyingApplication": "C:\\Windows\\System32\\svchost.exe"}
{"EventID": "2097", "Channel": "Microsoft-Windows-Windows Firewall With Advanced Security/Firewall", "Provider_Name": "Microsoft-Windows-Windows Firewall With Advanced Security", "Computer": "DESKTOP-OFJ6N53", "TimeCreated": "2025-08-14 22:04:49.787973+00:00", "RecordID": "31360", "Level": "4", "UserID": "S-1-5-19", "EventData.RuleId": "{AA531D78-697D-40BF-8627-BF0B37F026C2}", "EventData.RuleName": "@{Microsoft.HEIFImageExtension_1.2.22.0_x64__8wekyb3d8bbwe?ms-resource://Microsoft.HEIFImageExtension/Resources/AppStoreName}", "EventData.Origin": "1", "EventData.ApplicationPath": null, "EventData.ServiceName": null, "EventData.Direction": "1", "EventData.Protocol": "256", "EventData.LocalPorts": null, "EventData.RemotePorts": null, "EventData.Action": "2", "EventData.Profiles": "2147483647", "EventData.LocalAddresses": "*", "EventData.RemoteAddresses": "*", "EventData.RemoteMachineAuthorizationList": null, "EventData.RemoteUserAuthorizationList": null, "EventData.EmbeddedContext": "@{Microsoft.HEIFImageExtension_1.2.22.0_x64__8wekyb3d8bbwe?ms-resource://Microsoft.HEIFImageExtension/Resources/AppStoreName}", "EventData.Flags": "1", "EventData.Active": "1", "EventData.EdgeTraversal": "0", "EventData.LooseSourceMapped": "0", "EventData.SecurityOptions": "0", "EventData.ModifyingUser": "S-1-5-80-3088073201-1464728630-1879813800-1107566885-823218052", "EventData.ModifyingApplication": "C:\\Windows\\System32\\svchost.exe", "EventData.SchemaVersion": "542", "EventData.RuleStatus": "65536", "EventData.LocalOnlyMapped": "0", "EventData.PolicyAppId": null}
{"EventID": "2097", "Channel": "Microsoft-Windows-Windows Firewall With Advanced Security/Firewall", "Provider_Name": "Microsoft-Windows-Windows Firewall With Advanced Security", "Computer": "DESKTOP-OFJ6N53", "TimeCreated": "2025-08-14 22:04:49.805893+00:00", "RecordID": "31361", "Level": "4", "UserID": "S-1-5-19", "EventData.RuleId": "{8A2C619A-328D-4450-BEFA-DAFAF2C7611D}", "EventData.RuleName": "@{Microsoft.HEIFImageExtension_1.2.22.0_x64__8wekyb3d8bbwe?ms-resource://Microsoft.HEIFImageExtension/Resources/AppStoreName}", "EventData.Origin": "1", "EventData.ApplicationPath": null, "EventData.ServiceName": null, "EventData.Direction": "2", "EventData.Protocol": "256", "EventData.LocalPorts": null, "EventData.RemotePorts": null, "EventData.Action": "2", "EventData.Profiles": "2147483647", "EventData.LocalAddresses": "*", "EventData.RemoteAddresses": "*", "EventData.RemoteMachineAuthorizationList": null, "EventData.RemoteUserAuthorizationList": null, "EventData.EmbeddedContext": "@{Microsoft.HEIFImageExtension_1.2.22.0_x64__8wekyb3d8bbwe?ms-resource://Microsoft.HEIFImageExtension/Resources/AppStoreName}", "EventData.Flags": "1", "EventData.Active": "1", "EventData.EdgeTraversal": "0", "EventData.LooseSourceMapped": "0", "EventData.SecurityOptions": "0", "EventData.ModifyingUser": "S-1-5-80-3088073201-1464728630-1879813800-1107566885-823218052", "EventData.ModifyingApplication": "C:\\Windows\\System32\\svchost.exe", "EventData.SchemaVersion": "542", "EventData.RuleStatus": "65536", "EventData.LocalOnlyMapped": "0", "EventData.PolicyAppId": null}
{"EventID": "2006", "Channel": "Microsoft-Windows-Windows Firewall With Advanced Security/Firewall", "Provider_Name": "Microsoft-Windows-Windows Firewall With Advanced Security", "Computer": "DESKTOP-OFJ6N53", "TimeCreated": "2025-08-14 22:05:08.520569+00:00", "RecordID": "31362", "Level": "4", "UserID": "S-1-5-19", "EventData.RuleId": "{D04810E0-A568-4C20-8C18-A45C19125161}", "EventData.RuleName": "@{Microsoft.ZuneMusic_11.2505.2.0_x64__8wekyb3d8bbwe?ms-resource://Microsoft.ZuneMusic/Resources/AppStoreName}", "EventData.ModifyingUser": "S-1-5-80-3088073201-1464728630-1879813800-1107566885-823218052", "EventData.ModifyingApplication": "C:\\Windows\\System32\\svchost.exe"}
{"EventID": "2006", "Channel": "Microsoft-Windows-Windows Firewall With Advanced Security/Firewall", "Provider_Name": "Microsoft-Windows-Windows Firewall With Advanced Security", "Computer": "DESKTOP-OFJ6N53", "TimeCreated": "2025-08-14 22:05:08.521221+00:00", "RecordID": "31363", "Level": "4", "UserID": "S-1-5-19", "EventData.RuleId": "{AB14DA30-E02F-4825-AB2A-6FDD58ADE136}", "EventData.RuleName": "@{Microsoft.ZuneMusic_11.2505.2.0_x64__8wekyb3d8bbwe?ms-resource://Microsoft.ZuneMusic/Resources/AppStoreName}", "EventData.ModifyingUser": "S-1-5-80-3088073201-1464728630-1879813800-1107566885-823218052", "EventData.ModifyingApplication": "C:\\Windows\\System32\\svchost.exe"}
{"EventID": "2006", "Channel": "Microsoft-Windows-Windows Firewall With Advanced Security/Firewall", "Provider_Name": "Microsoft-Windows-Windows Firewall With Advanced Security", "Computer": "DESKTOP-OFJ6N53", "TimeCreated": "2025-08-14 22:05:08.523649+00:00", "RecordID": "31364", "Level": "4", "UserID": "S-1-5-19", "EventData.RuleId": "{BF9079B5-0399-427D-981C-430AA4EBF848}", "EventData.RuleName": "@{Microsoft.ZuneMusic_11.2505.2.0_x64__8wekyb3d8bbwe?ms-resource://Microsoft.ZuneMusic/Resources/AppStoreName}", "EventData.ModifyingUser": "S-1-5-80-3088073201-1464728630-1879813800-1107566885-823218052", "EventData.ModifyingApplication": "C:\\Windows\\System32\\svchost.exe"}
{"EventID": "2006", "Channel": "Microsoft-Windows-Windows Firewall With Advanced Security/Firewall", "Provider_Name": "Microsoft-Windows-Windows Firewall With Advanced Security", "Computer": "DESKTOP-OFJ6N53", "TimeCreated": "2025-08-14 22:05:08.524408+00:00", "RecordID": "31365", "Level": "4", "UserID": "S-1-5-19", "EventData.RuleId": "{81F7D542-702B-4F28-A12B-0B140BF8B800}", "EventData.RuleName": "@{Microsoft.ZuneMusic_11.2505.2.0_x64__8wekyb3d8bbwe?ms-resource://Microsoft.ZuneMusic/Resources/AppStoreName}", "EventData.ModifyingUser": "S-1-5-80-3088073201-1464728630-1879813800-1107566885-823218052", "EventData.ModifyingApplication": "C:\\Windows\\System32\\svchost.exe"}
{"EventID": "2006", "Channel": "Microsoft-Windows-Windows Firewall With Advanced Security/Firewall", "Provider_Name": "Microsoft-Windows-Windows Firewall With Advanced Security", "Computer": "DESKTOP-OFJ6N53", "TimeCreated": "2025-08-14 22:05:08.525276+00:00", "RecordID": "31366", "Level": "4", "UserID": "S-1-5-19", "EventData.RuleId": "{938F0472-05C4-4F57-87B0-FC48FADB426B}", "EventData.RuleName": "@{Microsoft.ZuneMusic_11.2505.2.0_x64__8wekyb3d8bbwe?ms-resource://Microsoft.ZuneMusic/Resources/AppStoreName}", "EventData.ModifyingUser": "S-1-5-80-3088073201-1464728630-1879813800-1107566885-823218052", "EventData.ModifyingApplication": "C:\\Windows\\System32\\svchost.exe"}
{"EventID": "2006", "Channel": "Microsoft-Windows-Windows Firewall With Advanced Security/Firewall", "Provider_Name": "Microsoft-Windows-Windows Firewall With Advanced Security", "Computer": "DESKTOP-OFJ6N53", "TimeCreated": "2025-08-14 22:05:08.539787+00:00", "RecordID": "31367", "Level": "4", "UserID": "S-1-5-19", "EventData.RuleId": "{4167C96F-6A20-45A6-9381-58BA9071375C}", "EventData.RuleName": "@{Microsoft.ZuneMusic_11.2505.2.0_x64__8wekyb3d8bbwe?ms-resource://Microsoft.ZuneMusic/Resources/AppStoreName}", "EventData.ModifyingUser": "S-1-5-80-3088073201-1464728630-1879813800-1107566885-823218052", "EventData.ModifyingApplication": "C:\\Windows\\System32\\svchost.exe"}
{"EventID": "2006", "Channel": "Microsoft-Windows-Windows Firewall With Advanced Security/Firewall", "Provider_Name": "Microsoft-Windows-Windows Firewall With Advanced Security", "Computer": "DESKTOP-OFJ6N53", "TimeCreated": "2025-08-14 22:05:08.541506+00:00", "RecordID": "31368", "Level": "4", "UserID": "S-1-5-19", "EventData.RuleId": "{13B04C9B-A7EA-4A78-A770-6D9DDF752581}", "EventData.RuleName": "@{Microsoft.ZuneMusic_11.2505.2.0_x64__8wekyb3d8bbwe?ms-resource://Microsoft.ZuneMusic/Resources/AppStoreName}", "EventData.ModifyingUser": "S-1-5-80-3088073201-1464728630-1879813800-1107566885-823218052", "EventData.ModifyingApplication": "C:\\Windows\\System32\\svchost.exe"}
{"EventID": "2006", "Channel": "Microsoft-Windows-Windows Firewall With Advanced Security/Firewall", "Provider_Name": "Microsoft-Windows-Windows Firewall With Advanced Security", "Computer": "DESKTOP-OFJ6N53", "TimeCreated": "2025-08-14 22:05:08.542767+00:00", "RecordID": "31369", "Level": "4", "UserID": "S-1-5-19", "EventData.RuleId": "{8A18D9F4-DD8C-4EF3-AF52-A3C668D841C7}", "EventData.RuleName": "@{Microsoft.ZuneMusic_11.2505.2.0_x64__8wekyb3d8bbwe?ms-resource://Microsoft.ZuneMusic/Resources/AppStoreName}", "EventData.ModifyingUser": "S-1-5-80-3088073201-1464728630-1879813800-1107566885-823218052", "EventData.ModifyingApplication": "C:\\Windows\\System32\\svchost.exe"}
{"EventID": "2006", "Channel": "Microsoft-Windows-Windows Firewall With Advanced Security/Firewall", "Provider_Name": "Microsoft-Windows-Windows Firewall With Advanced Security", "Computer": "DESKTOP-OFJ6N53", "TimeCreated": "2025-08-14 22:05:08.543798+00:00", "RecordID": "31370", "Level": "4", "UserID": "S-1-5-19", "EventData.RuleId": "{13D2B35D-0D2C-428A-A18A-AB4C7ADFCF46}", "EventData.RuleName": "@{Microsoft.ZuneMusic_11.2505.2.0_x64__8wekyb3d8bbwe?ms-resource://Microsoft.ZuneMusic/Resources/AppStoreName}", "EventData.ModifyingUser": "S-1-5-80-3088073201-1464728630-1879813800-1107566885-823218052", "EventData.ModifyingApplication": "C:\\Windows\\System32\\svchost.exe"}
{"EventID": "2097", "Channel": "Microsoft-Windows-Windows Firewall With Advanced Security/Firewall", "Provider_Name": "Microsoft-Windows-Windows Firewall With Advanced Security", "Computer": "DESKTOP-OFJ6N53", "TimeCreated": "2025-08-14 22:05:08.550962+00:00", "RecordID": "31371", "Level": "4", "UserID": "S-1-5-19", "EventData.RuleId": "{0DA95CC6-6460-4EB9-9761-94C6766BE4BE}", "EventData.RuleName": "@{Microsoft.ZuneMusic_11.2507.6.0_x64__8wekyb3d8bbwe?ms-resource://Microsoft.ZuneMusic/Resources/AppStoreName}", "EventData.Origin": "1", "EventData.ApplicationPath": null, "EventData.ServiceName": null, "EventData.Direction": "1", "EventData.Protocol": "256", "EventData.LocalPorts": null, "EventData.RemotePorts": null, "EventData.Action": "2", "EventData.Profiles": "2147483647", "EventData.LocalAddresses": "*", "EventData.RemoteAddresses": "*", "EventData.RemoteMachineAuthorizationList": null, "EventData.RemoteUserAuthorizationList": null, "EventData.EmbeddedContext": "@{Microsoft.ZuneMusic_11.2507.6.0_x64__8wekyb3d8bbwe?ms-resource://Microsoft.ZuneMusic/Resources/AppStoreName}", "EventData.Flags": "1", "EventData.Active": "1", "EventData.EdgeTraversal": "0", "EventData.LooseSourceMapped": "0", "EventData.SecurityOptions": "0", "EventData.ModifyingUser": "S-1-5-80-3088073201-1464728630-1879813800-1107566885-823218052", "EventData.ModifyingApplication": "C:\\Windows\\System32\\svchost.exe", "EventData.SchemaVersion": "542", "EventData.RuleStatus": "65536", "EventData.LocalOnlyMapped": "0", "EventData.PolicyAppId": null}
{"EventID": "2097", "Channel": "Microsoft-Windows-Windows Firewall With Advanced Security/Firewall", "Provider_Name": "Microsoft-Windows-Windows Firewall With Advanced Security", "Computer": "DESKTOP-OFJ6N53", "TimeCreated": "2025-08-14 22:05:08.553169+00:00", "RecordID": "31372", "Level": "4", "UserID": "S-1-5-19", "EventData.RuleId": "{6F39B07E-58DE-421A-A6D0-13D59A461B96}", "EventData.RuleName": "@{Microsoft.ZuneMusic_11.2507.6.0_x64__8wekyb3d8bbwe?ms-resource://Microsoft.ZuneMusic/Resources/AppStoreName}", "EventData.Origin": "1", "EventData.ApplicationPath": null, "EventData.ServiceName": null, "EventData.Direction": "2", "EventData.Protocol": "256", "EventData.LocalPorts": null, "EventData.RemotePorts": null, "EventData.Action": "2", "EventData.Profiles": "2147483647", "EventData.LocalAddresses": "*", "EventData.RemoteAddresses": "*", "EventData.RemoteMachineAuthorizationList": null, "EventData.RemoteUserAuthorizationList": null, "EventData.EmbeddedContext": "@{Microsoft.ZuneMusic_11.2507.6.0_x64__8wekyb3d8bbwe?ms-resource://Microsoft.ZuneMusic/Resources/AppStoreName}", "EventData.Flags": "1", "EventData.Active": "1", "EventData.EdgeTraversal": "0", "EventData.LooseSourceMapped": "0", "EventData.SecurityOptions": "0", "EventData.ModifyingUser": "S-1-5-80-3088073201-1464728630-1879813800-1107566885-823218052", "EventData.ModifyingApplication": "C:\\Windows\\System32\\svchost.exe", "EventData.SchemaVersion": "542", "EventData.RuleStatus": "65536", "EventData.LocalOnlyMapped": "0", "EventData.PolicyAppId": null}
{"EventID": "2097", "Channel": "Microsoft-Windows-Windows Firewall With Advanced Security/Firewall", "Provider_Name": "Microsoft-Windows-Windows Firewall With Advanced Security", "Computer": "DESKTOP-OFJ6N53", "TimeCreated": "2025-08-14 22:05:08.555576+00:00", "RecordID": "31373", "Level": "4", "UserID": "S-1-5-19", "EventData.RuleId": "{B1D962CC-EE1D-4520-8A6A-1ED12479CF30}", "EventData.RuleName": "@{Microsoft.ZuneMusic_11.2507.6.0_x64__8wekyb3d8bbwe?ms-resource://Microsoft.ZuneMusic/Resources/AppStoreName}", "EventData.Origin": "1", "EventData.ApplicationPath": null, "EventData.ServiceName": null, "EventData.Direction": "1", "EventData.Protocol": "256", "EventData.LocalPorts": null, "EventData.RemotePorts": null, "EventData.Action": "3", "EventData.Profiles": "7", "EventData.LocalAddresses": "*", "EventData.RemoteAddresses": "*", "EventData.RemoteMachineAuthorizationList": null, "EventData.RemoteUserAuthorizationList": null, "EventData.EmbeddedContext": "@{Microsoft.ZuneMusic_11.2507.6.0_x64__8wekyb3d8bbwe?ms-resource://Microsoft.ZuneMusic/Resources/AppStoreName}", "EventData.Flags": "1", "EventData.Active": "1", "EventData.EdgeTraversal": "0", "EventData.LooseSourceMapped": "0", "EventData.SecurityOptions": "0", "EventData.ModifyingUser": "S-1-5-80-3088073201-1464728630-1879813800-1107566885-823218052", "EventData.ModifyingApplication": "C:\\Windows\\System32\\svchost.exe", "EventData.SchemaVersion": "542", "EventData.RuleStatus": "65536", "EventData.LocalOnlyMapped": "0", "EventData.PolicyAppId": null}
{"EventID": "2097", "Channel": "Microsoft-Windows-Windows Firewall With Advanced Security/Firewall", "Provider_Name": "Microsoft-Windows-Windows Firewall With Advanced Security", "Computer": "DESKTOP-OFJ6N53", "TimeCreated": "2025-08-14 22:05:08.557890+00:00", "RecordID": "31374", "Level": "4", "UserID": "S-1-5-19", "EventData.RuleId": "{FD78E731-838E-47D4-9588-2BDA25418CD9}", "EventData.RuleName": "@{Microsoft.ZuneMusic_11.2507.6.0_x64__8wekyb3d8bbwe?ms-resource://Microsoft.ZuneMusic/Resources/AppStoreName}", "EventData.Origin": "1", "EventData.ApplicationPath": null, "EventData.ServiceName": null, "EventData.Direction": "2", "EventData.Protocol": "256", "EventData.LocalPorts": null, "EventData.RemotePorts": null, "EventData.Action": "3", "EventData.Profiles": "7", "EventData.LocalAddresses": "*", "EventData.RemoteAddresses": "*", "EventData.RemoteMachineAuthorizationList": null, "EventData.RemoteUserAuthorizationList": null, "EventData.EmbeddedContext": "@{Microsoft.ZuneMusic_11.2507.6.0_x64__8wekyb3d8bbwe?ms-resource://Microsoft.ZuneMusic/Resources/AppStoreName}", "EventData.Flags": "1", "EventData.Active": "1", "EventData.EdgeTraversal": "0", "EventData.LooseSourceMapped": "0", "EventData.SecurityOptions": "0", "EventData.ModifyingUser": "S-1-5-80-3088073201-1464728630-1879813800-1107566885-823218052", "EventData.ModifyingApplication": "C:\\Windows\\System32\\svchost.exe", "EventData.SchemaVersion": "542", "EventData.RuleStatus": "65536", "EventData.LocalOnlyMapped": "0", "EventData.PolicyAppId": null}
{"EventID": "2097", "Channel": "Microsoft-Windows-Windows Firewall With Advanced Security/Firewall", "Provider_Name": "Microsoft-Windows-Windows Firewall With Advanced Security", "Computer": "DESKTOP-OFJ6N53", "TimeCreated": "2025-08-14 22:05:08.559753+00:00", "RecordID": "31375", "Level": "4", "UserID": "S-1-5-19", "EventData.RuleId": "{DAA93D6B-C315-4E07-B8E9-18F222F256C9}", "EventData.RuleName": "@{Microsoft.ZuneMusic_11.2507.6.0_x64__8wekyb3d8bbwe?ms-resource://Microsoft.ZuneMusic/Resources/AppStoreName}", "EventData.Origin": "1", "EventData.ApplicationPath": null, "EventData.ServiceName": null, "EventData.Direction": "1", "EventData.Protocol": "256", "EventData.LocalPorts": null, "EventData.RemotePorts": null, "EventData.Action": "3", "EventData.Profiles": "6", "EventData.LocalAddresses": "*", "EventData.RemoteAddresses": "*", "EventData.RemoteMachineAuthorizationList": null, "EventData.RemoteUserAuthorizationList": null, "EventData.EmbeddedContext": "@{Microsoft.ZuneMusic_11.2507.6.0_x64__8wekyb3d8bbwe?ms-resource://Microsoft.ZuneMusic/Resources/AppStoreName}", "EventData.Flags": "3", "EventData.Active": "1", "EventData.EdgeTraversal": "0", "EventData.LooseSourceMapped": "0", "EventData.SecurityOptions": "1", "EventData.ModifyingUser": "S-1-5-80-3088073201-1464728630-1879813800-1107566885-823218052", "EventData.ModifyingApplication": "C:\\Windows\\System32\\svchost.exe", "EventData.SchemaVersion": "542", "EventData.RuleStatus": "65536", "EventData.LocalOnlyMapped": "0", "EventData.PolicyAppId": null}
{"EventID": "2097", "Channel": "Microsoft-Windows-Windows Firewall With Advanced Security/Firewall", "Provider_Name": "Microsoft-Windows-Windows Firewall With Advanced Security", "Computer": "DESKTOP-OFJ6N53", "TimeCreated": "2025-08-14 22:05:08.561804+00:00", "RecordID": "31376", "Level": "4", "UserID": "S-1-5-19", "EventData.RuleId": "{F0B4361F-EF81-4122-98F5-94E059F65607}", "EventData.RuleName": "@{Microsoft.ZuneMusic_11.2507.6.0_x64__8wekyb3d8bbwe?ms-resource://Microsoft.ZuneMusic/Resources/AppStoreName}", "EventData.Origin": "1", "EventData.ApplicationPath": null, "EventData.ServiceName": null, "EventData.Direction": "2", "EventData.Protocol": "256", "EventData.LocalPorts": null, "EventData.RemotePorts": null, "EventData.Action": "3", "EventData.Profiles": "6", "EventData.LocalAddresses": "*", "EventData.RemoteAddresses": "*", "EventData.RemoteMachineAuthorizationList": null, "EventData.RemoteUserAuthorizationList": null, "EventData.EmbeddedContext": "@{Microsoft.ZuneMusic_11.2507.6.0_x64__8wekyb3d8bbwe?ms-resource://Microsoft.ZuneMusic/Resources/AppStoreName}", "EventData.Flags": "3", "EventData.Active": "1", "EventData.EdgeTraversal": "0", "EventData.LooseSourceMapped": "0", "EventData.SecurityOptions": "1", "EventData.ModifyingUser": "S-1-5-80-3088073201-1464728630-1879813800-1107566885-823218052", "EventData.ModifyingApplication": "C:\\Windows\\System32\\svchost.exe", "EventData.SchemaVersion": "542", "EventData.RuleStatus": "65536", "EventData.LocalOnlyMapped": "0", "EventData.PolicyAppId": null}
{"EventID": "2097", "Channel": "Microsoft-Windows-Windows Firewall With Advanced Security/Firewall", "Provider_Name": "Microsoft-Windows-Windows Firewall With Advanced Security", "Computer": "DESKTOP-OFJ6N53", "TimeCreated": "2025-08-14 22:05:08.563776+00:00", "RecordID": "31377", "Level": "4", "UserID": "S-1-5-19", "EventData.RuleId": "{5958BA04-BDA7-4693-A454-3B01E77369FF}", "EventData.RuleName": "@{Microsoft.ZuneMusic_11.2507.6.0_x64__8wekyb3d8bbwe?ms-resource://Microsoft.ZuneMusic/Resources/AppStoreName}", "EventData.Origin": "1", "EventData.ApplicationPath": null, "EventData.ServiceName": null, "EventData.Direction": "2", "EventData.Protocol": "256", "EventData.LocalPorts": null, "EventData.RemotePorts": null, "EventData.Action": "3", "EventData.Profiles": "7", "EventData.LocalAddresses": "*", "EventData.RemoteAddresses": "*", "EventData.RemoteMachineAuthorizationList": null, "EventData.RemoteUserAuthorizationList": null, "EventData.EmbeddedContext": "@{Microsoft.ZuneMusic_11.2507.6.0_x64__8wekyb3d8bbwe?ms-resource://Microsoft.ZuneMusic/Resources/AppStoreName}", "EventData.Flags": "1", "EventData.Active": "1", "EventData.EdgeTraversal": "0", "EventData.LooseSourceMapped": "0", "EventData.SecurityOptions": "0", "EventData.ModifyingUser": "S-1-5-80-3088073201-1464728630-1879813800-1107566885-823218052", "EventData.ModifyingApplication": "C:\\Windows\\System32\\svchost.exe", "EventData.SchemaVersion": "542", "EventData.RuleStatus": "65536", "EventData.LocalOnlyMapped": "0", "EventData.PolicyAppId": null}
{"EventID": "2097", "Channel": "Microsoft-Windows-Windows Firewall With Advanced Security/Firewall", "Provider_Name": "Microsoft-Windows-Windows Firewall With Advanced Security", "Computer": "DESKTOP-OFJ6N53", "TimeCreated": "2025-08-14 22:05:08.569231+00:00", "RecordID": "31378", "Level": "4", "UserID": "S-1-5-19", "EventData.RuleId": "{DB91645B-A120-4330-AC0D-3FA13B8503DC}", "EventData.RuleName": "@{Microsoft.ZuneMusic_11.2507.6.0_x64__8wekyb3d8bbwe?ms-resource://Microsoft.ZuneMusic/Resources/AppStoreName}", "EventData.Origin": "1", "EventData.ApplicationPath": null, "EventData.ServiceName": null, "EventData.Direction": "2", "EventData.Protocol": "256", "EventData.LocalPorts": null, "EventData.RemotePorts": null, "EventData.Action": "3", "EventData.Profiles": "7", "EventData.LocalAddresses": "*", "EventData.RemoteAddresses": "*", "EventData.RemoteMachineAuthorizationList": null, "EventData.RemoteUserAuthorizationList": null, "EventData.EmbeddedContext": "@{Microsoft.ZuneMusic_11.2507.6.0_x64__8wekyb3d8bbwe?ms-resource://Microsoft.ZuneMusic/Resources/AppStoreName}", "EventData.Flags": "1", "EventData.Active": "1", "EventData.EdgeTraversal": "0", "EventData.LooseSourceMapped": "0", "EventData.SecurityOptions": "0", "EventData.ModifyingUser": "S-1-5-80-3088073201-1464728630-1879813800-1107566885-823218052", "EventData.ModifyingApplication": "C:\\Windows\\System32\\svchost.exe", "EventData.SchemaVersion": "542", "EventData.RuleStatus": "65536", "EventData.LocalOnlyMapped": "0", "EventData.PolicyAppId": null}
{"EventID": "2097", "Channel": "Microsoft-Windows-Windows Firewall With Advanced Security/Firewall", "Provider_Name": "Microsoft-Windows-Windows Firewall With Advanced Security", "Computer": "DESKTOP-OFJ6N53", "TimeCreated": "2025-08-14 22:05:08.571533+00:00", "RecordID": "31379", "Level": "4", "UserID": "S-1-5-19", "EventData.RuleId": "{9D10323A-14D0-48B2-A5A7-21ACF14BB7C2}", "EventData.RuleName": "@{Microsoft.ZuneMusic_11.2507.6.0_x64__8wekyb3d8bbwe?ms-resource://Microsoft.ZuneMusic/Resources/AppStoreName}", "EventData.Origin": "1", "EventData.ApplicationPath": null, "EventData.ServiceName": null, "EventData.Direction": "1", "EventData.Protocol": "256", "EventData.LocalPorts": null, "EventData.RemotePorts": null, "EventData.Action": "3", "EventData.Profiles": "3", "EventData.LocalAddresses": "*", "EventData.RemoteAddresses": "*", "EventData.RemoteMachineAuthorizationList": null, "EventData.RemoteUserAuthorizationList": null, "EventData.EmbeddedContext": "@{Microsoft.ZuneMusic_11.2507.6.0_x64__8wekyb3d8bbwe?ms-resource://Microsoft.ZuneMusic/Resources/AppStoreName}", "EventData.Flags": "1", "EventData.Active": "1", "EventData.EdgeTraversal": "0", "EventData.LooseSourceMapped": "0", "EventData.SecurityOptions": "0", "EventData.ModifyingUser": "S-1-5-80-3088073201-1464728630-1879813800-1107566885-823218052", "EventData.ModifyingApplication": "C:\\Windows\\System32\\svchost.exe", "EventData.SchemaVersion": "542", "EventData.RuleStatus": "65536", "EventData.LocalOnlyMapped": "0", "EventData.PolicyAppId": null}
{"EventID": "2099", "Channel": "Microsoft-Windows-Windows Firewall With Advanced Security/Firewall", "Provider_Name": "Microsoft-Windows-Windows Firewall With Advanced Security", "Computer": "DESKTOP-OFJ6N53", "TimeCreated": "2025-08-16 10:28:51.842245+00:00", "RecordID": "31380", "Level": "4", "UserID": "S-1-5-19", "EventData.RuleId": "{A20BCCE5-9CF0-4741-BE6A-A296D71DECC3}", "EventData.RuleName": "8bc3babb-5a36-4909-a9b0-38aeb28040c0", "EventData.Origin": "1", "EventData.ApplicationPath": "C:\\Program Files\\Google\\Chrome\\Application\\chrome.exe", "EventData.ServiceName": null, "EventData.Direction": "1", "EventData.Protocol": "17", "EventData.LocalPorts": "5353", "EventData.RemotePorts": "*", "EventData.Action": "3", "EventData.Profiles": "2147483647", "EventData.LocalAddresses": "*", "EventData.RemoteAddresses": "*", "EventData.RemoteMachineAuthorizationList": null, "EventData.RemoteUserAuthorizationList": null, "EventData.EmbeddedContext": "Google Chrome", "EventData.Flags": "1", "EventData.Active": "1", "EventData.EdgeTraversal": "0", "EventData.LooseSourceMapped": "0", "EventData.SecurityOptions": "0", "EventData.ModifyingUser": "S-1-5-18", "EventData.ModifyingApplication": "C:\\Windows\\SystemTemp\\chrome_Unpacker_BeginUnzipping7344_1312223491\\CR_A6D18.tmp\\setup.exe", "EventData.SchemaVersion": "542", "EventData.RuleStatus": "65536", "EventData.LocalOnlyMapped": "0", "EventData.PolicyAppId": null}
{"EventID": "2006", "Channel": "Microsoft-Windows-Windows Firewall With Advanced Security/Firewall", "Provider_Name": "Microsoft-Windows-Windows Firewall With Advanced Security", "Computer": "DESKTOP-OFJ6N53", "TimeCreated": "2025-08-16 10:28:51.865669+00:00", "RecordID": "31381", "Level": "4", "UserID": "S-1-5-19", "EventData.RuleId": "{A20BCCE5-9CF0-4741-BE6A-A296D71DECC3}", "EventData.RuleName": "8bc3babb-5a36-4909-a9b0-38aeb28040c0", "EventData.ModifyingUser": "S-1-5-18", "EventData.ModifyingApplication": "C:\\Windows\\SystemTemp\\chrome_Unpacker_BeginUnzipping7344_1312223491\\CR_A6D18.tmp\\setup.exe"}
{"EventID": "2097", "Channel": "Microsoft-Windows-Windows Firewall With Advanced Security/Firewall", "Provider_Name": "Microsoft-Windows-Windows Firewall With Advanced Security", "Computer": "DESKTOP-OFJ6N53", "TimeCreated": "2025-08-16 10:28:51.883055+00:00", "RecordID": "31382", "Level": "4", "UserID": "S-1-5-19", "EventData.RuleId": "{96A20E2D-A491-43DB-8463-B952ABCA05F8}", "EventData.RuleName": "Google Chrome (mDNS-In)", "EventData.Origin": "1", "EventData.ApplicationPath": "C:\\Program Files\\Google\\Chrome\\Application\\chrome.exe", "EventData.ServiceName": null, "EventData.Direction": "1", "EventData.Protocol": "17", "EventData.LocalPorts": "5353", "EventData.RemotePorts": "*", "EventData.Action": "3", "EventData.Profiles": "2147483647", "EventData.LocalAddresses": "*", "EventData.RemoteAddresses": "*", "EventData.RemoteMachineAuthorizationList": null, "EventData.RemoteUserAuthorizationList": null, "EventData.EmbeddedContext": "Google Chrome", "EventData.Flags": "1", "EventData.Active": "1", "EventData.EdgeTraversal": "0", "EventData.LooseSourceMapped": "0", "EventData.SecurityOptions": "0", "EventData.ModifyingUser": "S-1-5-18", "EventData.ModifyingApplication": "C:\\Windows\\SystemTemp\\chrome_Unpacker_BeginUnzipping7344_1312223491\\CR_A6D18.tmp\\setup.exe", "EventData.SchemaVersion": "542", "EventData.RuleStatus": "65536", "EventData.LocalOnlyMapped": "0", "EventData.PolicyAppId": null}
{"EventID": "2097", "Channel": "Microsoft-Windows-Windows Firewall With Advanced Security/Firewall", "Provider_Name": "Microsoft-Windows-Windows Firewall With Advanced Security", "Computer": "DESKTOP-OFJ6N53", "TimeCreated": "2025-08-16 22:12:16.455147+00:00", "RecordID": "31383", "Level": "4", "UserID": "S-1-5-19", "EventData.RuleId": "{3925E18F-C4F0-4D25-9564-A27F60738A0B}", "EventData.RuleName": "Microsoft Edge (mDNS-входящий)", "EventData.Origin": "1", "EventData.ApplicationPath": "C:\\Program Files (x86)\\Microsoft\\EdgeWebView\\Application\\139.0.3405.102\\msedgewebview2.exe", "EventData.ServiceName": null, "EventData.Direction": "1", "EventData.Protocol": "17", "EventData.LocalPorts": "5353", "EventData.RemotePorts": "*", "EventData.Action": "3", "EventData.Profiles": "2147483647", "EventData.LocalAddresses": "*", "EventData.RemoteAddresses": "*", "EventData.RemoteMachineAuthorizationList": null, "EventData.RemoteUserAuthorizationList": null, "EventData.EmbeddedContext": "Среда выполнения Microsoft Edge WebView2 Runtime", "EventData.Flags": "1", "EventData.Active": "1", "EventData.EdgeTraversal": "0", "EventData.LooseSourceMapped": "0", "EventData.SecurityOptions": "0", "EventData.ModifyingUser": "S-1-5-18", "EventData.ModifyingApplication": "C:\\Program Files (x86)\\Microsoft\\EdgeUpdate\\Install\\{CE81FC55-0A19-4733-9534-9D2BB8E75DAD}\\EDGEMITMP_BB0CC.tmp\\setup.exe", "EventData.SchemaVersion": "542", "EventData.RuleStatus": "65536", "EventData.LocalOnlyMapped": "0", "EventData.PolicyAppId": null}
{"EventID": "2099", "Channel": "Microsoft-Windows-Windows Firewall With Advanced Security/Firewall", "Provider_Name": "Microsoft-Windows-Windows Firewall With Advanced Security", "Computer": "DESKTOP-OFJ6N53", "TimeCreated": "2025-08-16 22:12:16.737780+00:00", "RecordID": "31384", "Level": "4", "UserID": "S-1-5-19", "EventData.RuleId": "{C2BABE99-DF20-4187-9494-C3F225381807}", "EventData.RuleName": "d5289566-8ab4-40b0-94b6-208fda6d608a", "EventData.Origin": "1", "EventData.ApplicationPath": "C:\\Program Files (x86)\\Microsoft\\EdgeWebView\\Application\\139.0.3405.86\\msedgewebview2.exe", "EventData.ServiceName": null, "EventData.Direction": "1", "EventData.Protocol": "17", "EventData.LocalPorts": "5353", "EventData.RemotePorts": "*", "EventData.Action": "3", "EventData.Profiles": "2147483647", "EventData.LocalAddresses": "*", "EventData.RemoteAddresses": "*", "EventData.RemoteMachineAuthorizationList": null, "EventData.RemoteUserAuthorizationList": null, "EventData.EmbeddedContext": "Среда выполнения Microsoft Edge WebView2 Runtime", "EventData.Flags": "1", "EventData.Active": "1", "EventData.EdgeTraversal": "0", "EventData.LooseSourceMapped": "0", "EventData.SecurityOptions": "0", "EventData.ModifyingUser": "S-1-5-18", "EventData.ModifyingApplication": "C:\\Program Files (x86)\\Microsoft\\EdgeUpdate\\Install\\{CE81FC55-0A19-4733-9534-9D2BB8E75DAD}\\EDGEMITMP_BB0CC.tmp\\setup.exe", "EventData.SchemaVersion": "542", "EventData.RuleStatus": "65536", "EventData.LocalOnlyMapped": "0", "EventData.PolicyAppId": null}
{"EventID": "2006", "Channel": "Microsoft-Windows-Windows Firewall With Advanced Security/Firewall", "Provider_Name": "Microsoft-Windows-Windows Firewall With Advanced Security", "Computer": "DESKTOP-OFJ6N53", "TimeCreated": "2025-08-16 22:12:16.757399+00:00", "RecordID": "31385", "Level": "4", "UserID": "S-1-5-19", "EventData.RuleId": "{C2BABE99-DF20-4187-9494-C3F225381807}", "EventData.RuleName": "d5289566-8ab4-40b0-94b6-208fda6d608a", "EventData.ModifyingUser": "S-1-5-18", "EventData.ModifyingApplication": "C:\\Program Files (x86)\\Microsoft\\EdgeUpdate\\Install\\{CE81FC55-0A19-4733-9534-9D2BB8E75DAD}\\EDGEMITMP_BB0CC.tmp\\setup.exe"}
{"EventID": "2099", "Channel": "Microsoft-Windows-Windows Firewall With Advanced Security/Firewall", "Provider_Name": "Microsoft-Windows-Windows Firewall With Advanced Security", "Computer": "DESKTOP-OFJ6N53", "TimeCreated": "2025-08-17 08:11:10.214071+00:00", "RecordID": "31386", "Level": "4", "UserID": "S-1-5-19", "EventData.RuleId": "{EF25EA74-F671-4E4E-AC27-24285D403D02}", "EventData.RuleName": "f5086488-a222-408c-9627-8f4556d7d72d", "EventData.Origin": "1", "EventData.ApplicationPath": "C:\\Program Files (x86)\\Microsoft\\Edge\\Application\\msedge.exe", "EventData.ServiceName": null, "EventData.Direction": "1", "EventData.Protocol": "17", "EventData.LocalPorts": "5353", "EventData.RemotePorts": "*", "EventData.Action": "3", "EventData.Profiles": "2147483647", "EventData.LocalAddresses": "*", "EventData.RemoteAddresses": "*", "EventData.RemoteMachineAuthorizationList": null, "EventData.RemoteUserAuthorizationList": null, "EventData.EmbeddedContext": "Microsoft Edge", "EventData.Flags": "1", "EventData.Active": "1", "EventData.EdgeTraversal": "0", "EventData.LooseSourceMapped": "0", "EventData.SecurityOptions": "0", "EventData.ModifyingUser": "S-1-5-18", "EventData.ModifyingApplication": "C:\\Program Files (x86)\\Microsoft\\EdgeUpdate\\Install\\{0D710E85-8109-400B-B9CE-878C63B21A33}\\EDGEMITMP_CD700.tmp\\setup.exe", "EventData.SchemaVersion": "542", "EventData.RuleStatus": "65536", "EventData.LocalOnlyMapped": "0", "EventData.PolicyAppId": null}
