{"EventID": "12", "Channel": "Microsoft-Windows-Security-Mitigations/KernelMode", "Provider_Name": "Microsoft-Windows-Security-Mitigations", "Computer": "DESKTOP-OFJ6N53", "TimeCreated": "2025-02-05 13:55:33.391462+00:00", "RecordID": "8279", "Level": "3", "UserID": "S-1-5-21-963789628-1060504924-4285088085-1001", "EventData.ProcessPathLength": "74", "EventData.ProcessPath": "\\Device\\HarddiskVolume3\\Program Files\\Google\\Chrome\\Application\\chrome.exe", "EventData.ProcessCommandLineLength": "512", "EventData.ProcessCommandLine": "\"C:\\Program Files\\Google\\Chrome\\Application\\chrome.exe\" --type=renderer --string-annotations --disable-gpu-compositing --video-capture-use-gpu-memory-buffer --lang=ru --device-scale-factor=1 --num-raster-threads=2 --enable-main-frame-before-activation --renderer-client-id=56 --time-ticks-at-unix-epoch=-1737720200898601 --launch-time-ticks=1043532425914 --field-trial-handle=5880,i,556895163797335297,12068067783297482692,262144 --variations-seed-version=20250204-185839.162000 --mojo-platform-channel-handle=67", "EventData.ProcessId": "13992", "EventData.ProcessCreateTime": "2025-02-05 13:55:33.325838+00:00", "EventData.ProcessStartKey": "43065671436744577", "EventData.ProcessSignatureLevel": "8", "EventData.ProcessSectionSignatureLevel": "8", "EventData.ProcessProtection": "0", "EventData.TargetThreadId": "13996", "EventData.TargetThreadCreateTime": "2025-02-05 13:55:33.325884+00:00", "EventData.RequiredSignatureLevel": "8", "EventData.SignatureLevel": "0", "EventData.ImageNameLength": "60", "EventData.ImageName": "\\Program Files\\Common Files\\Crypto Pro\\AppCompat\\cpcrypt.dll"}
{"EventID": "12", "Channel": "Microsoft-Windows-Security-Mitigations/KernelMode", "Provider_Name": "Microsoft-Windows-Security-Mitigations", "Computer": "DESKTOP-OFJ6N53", "TimeCreated": "2025-02-05 13:57:47.008108+00:00", "RecordID": "8280", "Level": "3", "UserID": "S-1-5-21-963789628-1060504924-4285088085-1001", "EventData.ProcessPathLength": "74", "EventData.ProcessPath": "\\Device\\HarddiskVolume3\\Program Files\\Google\\Chrome\\Application\\chrome.exe", "EventData.ProcessCommandLineLength": "512", "EventData.ProcessCommandLine": "\"C:\\Program Files\\Google\\Chrome\\Application\\chrome.exe\" --type=renderer --string-annotations --disable-gpu-compositing --video-capture-use-gpu-memory-buffer --lang=ru --device-scale-factor=1 --num-raster-threads=2 --enable-main-frame-before-activation --renderer-client-id=58 --time-ticks-at-unix-epoch=-1737720200898601 --launch-time-ticks=1043665780083 --field-trial-handle=3608,i,556895163797335297,12068067783297482692,262144 --variations-seed-version=20250204-185839.162000 --mojo-platform-channel-handle=77", "EventData.ProcessId": "2344", "EventData.ProcessCreateTime": "2025-02-05 13:57:46.679911+00:00", "EventData.ProcessStartKey": "43065671436744581", "EventData.ProcessSignatureLevel": "8", "EventData.ProcessSectionSignatureLevel": "8", "EventData.ProcessProtection": "0", "EventData.TargetThreadId": "13636", "EventData.TargetThreadCreateTime": "2025-02-05 13:57:46.679914+00:00", "EventData.RequiredSignatureLevel": "8", "EventData.SignatureLevel": "0", "EventData.ImageNameLength": "60", "EventData.ImageName": "\\Program Files\\Common Files\\Crypto Pro\\AppCompat\\cpcrypt.dll"}
{"EventID": "12", "Channel": "Microsoft-Windows-Security-Mitigations/KernelMode", "Provider_Name": "Microsoft-Windows-Security-Mitigations", "Computer": "DESKTOP-OFJ6N53", "TimeCreated": "2025-02-05 13:57:47.893425+00:00", "RecordID": "8281", "Level": "3", "UserID": "S-1-5-21-963789628-1060504924-4285088085-1001", "EventData.ProcessPathLength": "74", "EventData.ProcessPath": "\\Device\\HarddiskVolume3\\Program Files\\Google\\Chrome\\Application\\chrome.exe", "EventData.ProcessCommandLineLength": "512", "EventData.ProcessCommandLine": "\"C:\\Program Files\\Google\\Chrome\\Application\\chrome.exe\" --type=renderer --string-annotations --disable-gpu-compositing --video-capture-use-gpu-memory-buffer --lang=ru --device-scale-factor=1 --num-raster-threads=2 --enable-main-frame-before-activation --renderer-client-id=59 --time-ticks-at-unix-epoch=-1737720200898601 --launch-time-ticks=1043666038783 --field-trial-handle=7476,i,556895163797335297,12068067783297482692,262144 --variations-seed-version=20250204-185839.162000 --mojo-platform-channel-handle=77", "EventData.ProcessId": "13644", "EventData.ProcessCreateTime": "2025-02-05 13:57:46.938696+00:00", "EventData.ProcessStartKey": "43065671436744582", "EventData.ProcessSignatureLevel": "8", "EventData.ProcessSectionSignatureLevel": "8", "EventData.ProcessProtection": "0", "EventData.TargetThreadId": "13664", "EventData.TargetThreadCreateTime": "2025-02-05 13:57:46.938698+00:00", "EventData.RequiredSignatureLevel": "8", "EventData.SignatureLevel": "0", "EventData.ImageNameLength": "60", "EventData.ImageName": "\\Program Files\\Common Files\\Crypto Pro\\AppCompat\\cpcrypt.dll"}
{"EventID": "2", "Channel": "Microsoft-Windows-Security-Mitigations/KernelMode", "Provider_Name": "Microsoft-Windows-Security-Mitigations", "Computer": "DESKTOP-OFJ6N53", "TimeCreated": "2025-02-05 14:02:10.445730+00:00", "RecordID": "8282", "Level": "3", "UserID": "S-1-5-18", "EventData.ProcessPathLength": "52", "EventData.ProcessPath": "\\Device\\HarddiskVolume3\\Windows\\System32\\dllhost.exe", "EventData.ProcessCommandLineLength": "81", "EventData.ProcessCommandLine": "C:\\Windows\\system32\\DllHost.exe /Processid:{3EB3C877-1F16-487C-9050-104DBCD66683}", "EventData.CallingProcessId": "7036", "EventData.CallingProcessCreateTime": "2025-02-05 14:02:10.427029+00:00", "EventData.CallingProcessStartKey": "43347146413441172", "EventData.CallingProcessSignatureLevel": "8", "EventData.CallingProcessSectionSignatureLevel": "8", "EventData.CallingProcessProtection": "0", "EventData.CallingThreadId": "7040", "EventData.CallingThreadCreateTime": "2025-02-05 14:02:10.427032+00:00"}
{"EventID": "1", "Channel": "Microsoft-Windows-Security-Mitigations/KernelMode", "Provider_Name": "Microsoft-Windows-Security-Mitigations", "Computer": "DESKTOP-OFJ6N53", "TimeCreated": "2025-02-05 14:02:32.156059+00:00", "RecordID": "8283", "Level": "0", "UserID": "S-1-5-18", "EventData.ProcessPathLength": "52", "EventData.ProcessPath": "\\Device\\HarddiskVolume3\\Windows\\System32\\spoolsv.exe", "EventData.ProcessCommandLineLength": "31", "EventData.ProcessCommandLine": "C:\\Windows\\System32\\spoolsv.exe", "EventData.CallingProcessId": "3492", "EventData.CallingProcessCreateTime": "2025-02-05 14:02:05.431559+00:00", "EventData.CallingProcessStartKey": "43347146413441105", "EventData.CallingProcessSignatureLevel": "0", "EventData.CallingProcessSectionSignatureLevel": "0", "EventData.CallingProcessProtection": "0", "EventData.CallingThreadId": "4100", "EventData.CallingThreadCreateTime": "2025-02-05 14:02:05.503645+00:00"}
{"EventID": "2", "Channel": "Microsoft-Windows-Security-Mitigations/KernelMode", "Provider_Name": "Microsoft-Windows-Security-Mitigations", "Computer": "DESKTOP-OFJ6N53", "TimeCreated": "2025-02-05 14:02:38.273191+00:00", "RecordID": "8284", "Level": "3", "UserID": "S-1-5-21-963789628-1060504924-4285088085-1001", "EventData.ProcessPathLength": "52", "EventData.ProcessPath": "\\Device\\HarddiskVolume3\\Windows\\System32\\dllhost.exe", "EventData.ProcessCommandLineLength": "81", "EventData.ProcessCommandLine": "C:\\Windows\\system32\\DllHost.exe /Processid:{7966B4D8-4FDC-4126-A10B-39A3209AD251}", "EventData.CallingProcessId": "10856", "EventData.CallingProcessCreateTime": "2025-02-05 14:02:38.266464+00:00", "EventData.CallingProcessStartKey": "43347146413441348", "EventData.CallingProcessSignatureLevel": "8", "EventData.CallingProcessSectionSignatureLevel": "8", "EventData.CallingProcessProtection": "0", "EventData.CallingThreadId": "10860", "EventData.CallingThreadCreateTime": "2025-02-05 14:02:38.266466+00:00"}
{"EventID": "2", "Channel": "Microsoft-Windows-Security-Mitigations/KernelMode", "Provider_Name": "Microsoft-Windows-Security-Mitigations", "Computer": "DESKTOP-OFJ6N53", "TimeCreated": "2025-02-05 14:02:38.398294+00:00", "RecordID": "8285", "Level": "3", "UserID": "S-1-5-21-963789628-1060504924-4285088085-1001", "EventData.ProcessPathLength": "52", "EventData.ProcessPath": "\\Device\\HarddiskVolume3\\Windows\\System32\\dllhost.exe", "EventData.ProcessCommandLineLength": "81", "EventData.ProcessCommandLine": "C:\\Windows\\system32\\DllHost.exe /Processid:{973D20D7-562D-44B9-B70B-5A0F49CCDF3F}", "EventData.CallingProcessId": "10892", "EventData.CallingProcessCreateTime": "2025-02-05 14:02:38.394255+00:00", "EventData.CallingProcessStartKey": "43347146413441349", "EventData.CallingProcessSignatureLevel": "8", "EventData.CallingProcessSectionSignatureLevel": "8", "EventData.CallingProcessProtection": "0", "EventData.CallingThreadId": "10896", "EventData.CallingThreadCreateTime": "2025-02-05 14:02:38.394257+00:00"}
{"EventID": "12", "Channel": "Microsoft-Windows-Security-Mitigations/KernelMode", "Provider_Name": "Microsoft-Windows-Security-Mitigations", "Computer": "DESKTOP-OFJ6N53", "TimeCreated": "2025-02-05 14:13:01.598726+00:00", "RecordID": "8286", "Level": "3", "UserID": "S-1-5-18", "EventData.ProcessPathLength": "100", "EventData.ProcessPath": "\\Device\\HarddiskVolume3\\ProgramData\\Microsoft\\Windows Defender\\Platform\\4.18.24090.11-0\\MpCmdRun.exe", "EventData.ProcessCommandLineLength": "135", "EventData.ProcessCommandLine": "\"C:\\ProgramData\\Microsoft\\Windows Defender\\Platform\\4.18.24090.11-0\\MpCmdRun.exe\" SignaturesUpdateService -ScheduleJob -UnmanagedUpdate", "EventData.ProcessId": "8784", "EventData.ProcessCreateTime": "2025-02-05 14:12:31.416864+00:00", "EventData.ProcessStartKey": "43347146413441462", "EventData.ProcessSignatureLevel": "8", "EventData.ProcessSectionSignatureLevel": "8", "EventData.ProcessProtection": "0", "EventData.TargetThreadId": "6836", "EventData.TargetThreadCreateTime": "2025-02-05 14:12:31.692154+00:00", "EventData.RequiredSignatureLevel": "8", "EventData.SignatureLevel": "0", "EventData.ImageNameLength": "60", "EventData.ImageName": "\\Program Files\\Common Files\\Crypto Pro\\AppCompat\\cpadvai.dll"}
{"EventID": "2", "Channel": "Microsoft-Windows-Security-Mitigations/KernelMode", "Provider_Name": "Microsoft-Windows-Security-Mitigations", "Computer": "DESKTOP-OFJ6N53", "TimeCreated": "2025-02-05 14:20:06.790751+00:00", "RecordID": "8287", "Level": "3", "UserID": "S-1-5-21-963789628-1060504924-4285088085-1001", "EventData.ProcessPathLength": "52", "EventData.ProcessPath": "\\Device\\HarddiskVolume3\\Windows\\System32\\dllhost.exe", "EventData.ProcessCommandLineLength": "81", "EventData.ProcessCommandLine": "C:\\Windows\\system32\\DllHost.exe /Processid:{7966B4D8-4FDC-4126-A10B-39A3209AD251}", "EventData.CallingProcessId": "5932", "EventData.CallingProcessCreateTime": "2025-02-05 14:20:06.788513+00:00", "EventData.CallingProcessStartKey": "43347146413441521", "EventData.CallingProcessSignatureLevel": "8", "EventData.CallingProcessSectionSignatureLevel": "8", "EventData.CallingProcessProtection": "0", "EventData.CallingThreadId": "1100", "EventData.CallingThreadCreateTime": "2025-02-05 14:20:06.788517+00:00"}
{"EventID": "12", "Channel": "Microsoft-Windows-Security-Mitigations/KernelMode", "Provider_Name": "Microsoft-Windows-Security-Mitigations", "Computer": "DESKTOP-OFJ6N53", "TimeCreated": "2025-02-05 14:22:44.224491+00:00", "RecordID": "8288", "Level": "3", "UserID": "S-1-5-21-963789628-1060504924-4285088085-1001", "EventData.ProcessPathLength": "74", "EventData.ProcessPath": "\\Device\\HarddiskVolume3\\Program Files\\Google\\Chrome\\Application\\chrome.exe", "EventData.ProcessCommandLineLength": "497", "EventData.ProcessCommandLine": "\"C:\\Program Files\\Google\\Chrome\\Application\\chrome.exe\" --type=renderer --string-annotations --video-capture-use-gpu-memory-buffer --lang=ru --device-scale-factor=1 --num-raster-threads=2 --enable-main-frame-before-activation --renderer-client-id=5 --time-ticks-at-unix-epoch=-1738764099107082 --launch-time-ticks=1264223549 --field-trial-handle=3356,i,16471904853709014786,1874728656746049761,262144 --variations-seed-version=20250204-185839.162000 --mojo-platform-channel-handle=3400 /prefetch:1", "EventData.ProcessId": "12252", "EventData.ProcessCreateTime": "2025-02-05 14:22:43.332115+00:00", "EventData.ProcessStartKey": "43347146413441563", "EventData.ProcessSignatureLevel": "8", "EventData.ProcessSectionSignatureLevel": "8", "EventData.ProcessProtection": "0", "EventData.TargetThreadId": "1392", "EventData.TargetThreadCreateTime": "2025-02-05 14:22:43.332117+00:00", "EventData.RequiredSignatureLevel": "8", "EventData.SignatureLevel": "0", "EventData.ImageNameLength": "60", "EventData.ImageName": "\\Program Files\\Common Files\\Crypto Pro\\AppCompat\\cpcrypt.dll"}
{"EventID": "12", "Channel": "Microsoft-Windows-Security-Mitigations/KernelMode", "Provider_Name": "Microsoft-Windows-Security-Mitigations", "Computer": "DESKTOP-OFJ6N53", "TimeCreated": "2025-02-05 14:22:45.229198+00:00", "RecordID": "8289", "Level": "3", "UserID": "S-1-5-21-963789628-1060504924-4285088085-1001", "EventData.ProcessPathLength": "74", "EventData.ProcessPath": "\\Device\\HarddiskVolume3\\Program Files\\Google\\Chrome\\Application\\chrome.exe", "EventData.ProcessCommandLineLength": "497", "EventData.ProcessCommandLine": "\"C:\\Program Files\\Google\\Chrome\\Application\\chrome.exe\" --type=renderer --string-annotations --video-capture-use-gpu-memory-buffer --lang=ru --device-scale-factor=1 --num-raster-threads=2 --enable-main-frame-before-activation --renderer-client-id=6 --time-ticks-at-unix-epoch=-1738764099107082 --launch-time-ticks=1264221526 --field-trial-handle=3324,i,16471904853709014786,1874728656746049761,262144 --variations-seed-version=20250204-185839.162000 --mojo-platform-channel-handle=3364 /prefetch:1", "EventData.ProcessId": "2076", "EventData.ProcessCreateTime": "2025-02-05 14:22:43.330259+00:00", "EventData.ProcessStartKey": "43347146413441562", "EventData.ProcessSignatureLevel": "8", "EventData.ProcessSectionSignatureLevel": "8", "EventData.ProcessProtection": "0", "EventData.TargetThreadId": "9416", "EventData.TargetThreadCreateTime": "2025-02-05 14:22:43.330265+00:00", "EventData.RequiredSignatureLevel": "8", "EventData.SignatureLevel": "0", "EventData.ImageNameLength": "60", "EventData.ImageName": "\\Program Files\\Common Files\\Crypto Pro\\AppCompat\\cpcrypt.dll"}
{"EventID": "12", "Channel": "Microsoft-Windows-Security-Mitigations/KernelMode", "Provider_Name": "Microsoft-Windows-Security-Mitigations", "Computer": "DESKTOP-OFJ6N53", "TimeCreated": "2025-02-05 14:22:45.617197+00:00", "RecordID": "8290", "Level": "3", "UserID": "S-1-5-21-963789628-1060504924-4285088085-1001", "EventData.ProcessPathLength": "74", "EventData.ProcessPath": "\\Device\\HarddiskVolume3\\Program Files\\Google\\Chrome\\Application\\chrome.exe", "EventData.ProcessCommandLineLength": "512", "EventData.ProcessCommandLine": "\"C:\\Program Files\\Google\\Chrome\\Application\\chrome.exe\" --type=renderer --string-annotations --disable-gpu-compositing --video-capture-use-gpu-memory-buffer --lang=ru --device-scale-factor=1 --num-raster-threads=2 --enable-main-frame-before-activation --renderer-client-id=7 --time-ticks-at-unix-epoch=-1738764099107082 --launch-time-ticks=1265668942 --field-trial-handle=4704,i,16471904853709014786,1874728656746049761,262144 --variations-seed-version=20250204-185839.162000 --mojo-platform-channel-handle=4756", "EventData.ProcessId": "7568", "EventData.ProcessCreateTime": "2025-02-05 14:22:44.777149+00:00", "EventData.ProcessStartKey": "43347146413441564", "EventData.ProcessSignatureLevel": "8", "EventData.ProcessSectionSignatureLevel": "8", "EventData.ProcessProtection": "0", "EventData.TargetThreadId": "5444", "EventData.TargetThreadCreateTime": "2025-02-05 14:22:44.777153+00:00", "EventData.RequiredSignatureLevel": "8", "EventData.SignatureLevel": "0", "EventData.ImageNameLength": "60", "EventData.ImageName": "\\Program Files\\Common Files\\Crypto Pro\\AppCompat\\cpcrypt.dll"}
{"EventID": "12", "Channel": "Microsoft-Windows-Security-Mitigations/KernelMode", "Provider_Name": "Microsoft-Windows-Security-Mitigations", "Computer": "DESKTOP-OFJ6N53", "TimeCreated": "2025-02-05 14:22:47.234606+00:00", "RecordID": "8291", "Level": "3", "UserID": "S-1-5-21-963789628-1060504924-4285088085-1001", "EventData.ProcessPathLength": "74", "EventData.ProcessPath": "\\Device\\HarddiskVolume3\\Program Files\\Google\\Chrome\\Application\\chrome.exe", "EventData.ProcessCommandLineLength": "512", "EventData.ProcessCommandLine": "\"C:\\Program Files\\Google\\Chrome\\Application\\chrome.exe\" --type=renderer --string-annotations --disable-gpu-compositing --video-capture-use-gpu-memory-buffer --lang=ru --device-scale-factor=1 --num-raster-threads=2 --enable-main-frame-before-activation --renderer-client-id=8 --time-ticks-at-unix-epoch=-1738764099107082 --launch-time-ticks=1268005718 --field-trial-handle=4928,i,16471904853709014786,1874728656746049761,262144 --variations-seed-version=20250204-185839.162000 --mojo-platform-channel-handle=4892", "EventData.ProcessId": "548", "EventData.ProcessCreateTime": "2025-02-05 14:22:47.114319+00:00", "EventData.ProcessStartKey": "43347146413441565", "EventData.ProcessSignatureLevel": "8", "EventData.ProcessSectionSignatureLevel": "8", "EventData.ProcessProtection": "0", "EventData.TargetThreadId": "2628", "EventData.TargetThreadCreateTime": "2025-02-05 14:22:47.114323+00:00", "EventData.RequiredSignatureLevel": "8", "EventData.SignatureLevel": "0", "EventData.ImageNameLength": "60", "EventData.ImageName": "\\Program Files\\Common Files\\Crypto Pro\\AppCompat\\cpcrypt.dll"}
{"EventID": "12", "Channel": "Microsoft-Windows-Security-Mitigations/KernelMode", "Provider_Name": "Microsoft-Windows-Security-Mitigations", "Computer": "DESKTOP-OFJ6N53", "TimeCreated": "2025-02-05 14:22:47.263357+00:00", "RecordID": "8292", "Level": "3", "UserID": "S-1-5-21-963789628-1060504924-4285088085-1001", "EventData.ProcessPathLength": "74", "EventData.ProcessPath": "\\Device\\HarddiskVolume3\\Program Files\\Google\\Chrome\\Application\\chrome.exe", "EventData.ProcessCommandLineLength": "512", "EventData.ProcessCommandLine": "\"C:\\Program Files\\Google\\Chrome\\Application\\chrome.exe\" --type=renderer --string-annotations --disable-gpu-compositing --video-capture-use-gpu-memory-buffer --lang=ru --device-scale-factor=1 --num-raster-threads=2 --enable-main-frame-before-activation --renderer-client-id=9 --time-ticks-at-unix-epoch=-1738764099107082 --launch-time-ticks=1268080307 --field-trial-handle=5084,i,16471904853709014786,1874728656746049761,262144 --variations-seed-version=20250204-185839.162000 --mojo-platform-channel-handle=5100", "EventData.ProcessId": "11212", "EventData.ProcessCreateTime": "2025-02-05 14:22:47.188438+00:00", "EventData.ProcessStartKey": "43347146413441566", "EventData.ProcessSignatureLevel": "8", "EventData.ProcessSectionSignatureLevel": "8", "EventData.ProcessProtection": "0", "EventData.TargetThreadId": "11072", "EventData.TargetThreadCreateTime": "2025-02-05 14:22:47.188440+00:00", "EventData.RequiredSignatureLevel": "8", "EventData.SignatureLevel": "0", "EventData.ImageNameLength": "60", "EventData.ImageName": "\\Program Files\\Common Files\\Crypto Pro\\AppCompat\\cpcrypt.dll"}
{"EventID": "12", "Channel": "Microsoft-Windows-Security-Mitigations/KernelMode", "Provider_Name": "Microsoft-Windows-Security-Mitigations", "Computer": "DESKTOP-OFJ6N53", "TimeCreated": "2025-02-06 08:02:02.918865+00:00", "RecordID": "8293", "Level": "3", "UserID": "S-1-5-18", "EventData.ProcessPathLength": "59", "EventData.ProcessPath": "\\Device\\HarddiskVolume3\\Windows\\System32\\WaaSMedicAgent.exe", "EventData.ProcessCommandLineLength": "104", "EventData.ProcessCommandLine": "C:\\Windows\\System32\\WaaSMedicAgent.exe 4a06dc1bc0ba3f68d5548c2226d2abd6 BeC/85Iam0Sd07dyy5EgWA.0.1.0.0.0", "EventData.ProcessId": "10448", "EventData.ProcessCreateTime": "2025-02-06 08:02:01.910725+00:00", "EventData.ProcessStartKey": "43347146413442370", "EventData.ProcessSignatureLevel": "8", "EventData.ProcessSectionSignatureLevel": "8", "EventData.ProcessProtection": "0", "EventData.TargetThreadId": "656", "EventData.TargetThreadCreateTime": "2025-02-06 08:02:02.909655+00:00", "EventData.RequiredSignatureLevel": "8", "EventData.SignatureLevel": "0", "EventData.ImageNameLength": "60", "EventData.ImageName": "\\Program Files\\Common Files\\Crypto Pro\\AppCompat\\cpadvai.dll"}
{"EventID": "12", "Channel": "Microsoft-Windows-Security-Mitigations/KernelMode", "Provider_Name": "Microsoft-Windows-Security-Mitigations", "Computer": "DESKTOP-OFJ6N53", "TimeCreated": "2025-02-06 08:02:14.351240+00:00", "RecordID": "8294", "Level": "3", "UserID": "S-1-5-18", "EventData.ProcessPathLength": "59", "EventData.ProcessPath": "\\Device\\HarddiskVolume3\\Windows\\System32\\WaaSMedicAgent.exe", "EventData.ProcessCommandLineLength": "104", "EventData.ProcessCommandLine": "C:\\Windows\\System32\\WaaSMedicAgent.exe d0a7e84ba025669a979c9f3f2ffb8644 BeC/85Iam0Sd07dyy5EgWA.0.1.0.0.0", "EventData.ProcessId": "5900", "EventData.ProcessCreateTime": "2025-02-06 08:02:13.228395+00:00", "EventData.ProcessStartKey": "43347146413442378", "EventData.ProcessSignatureLevel": "8", "EventData.ProcessSectionSignatureLevel": "8", "EventData.ProcessProtection": "0", "EventData.TargetThreadId": "10332", "EventData.TargetThreadCreateTime": "2025-02-06 08:02:14.345886+00:00", "EventData.RequiredSignatureLevel": "8", "EventData.SignatureLevel": "0", "EventData.ImageNameLength": "60", "EventData.ImageName": "\\Program Files\\Common Files\\Crypto Pro\\AppCompat\\cpadvai.dll"}
{"EventID": "12", "Channel": "Microsoft-Windows-Security-Mitigations/KernelMode", "Provider_Name": "Microsoft-Windows-Security-Mitigations", "Computer": "DESKTOP-OFJ6N53", "TimeCreated": "2025-02-06 08:02:14.603203+00:00", "RecordID": "8295", "Level": "3", "UserID": "S-1-5-18", "EventData.ProcessPathLength": "59", "EventData.ProcessPath": "\\Device\\HarddiskVolume3\\Windows\\System32\\WaaSMedicAgent.exe", "EventData.ProcessCommandLineLength": "104", "EventData.ProcessCommandLine": "C:\\Windows\\System32\\WaaSMedicAgent.exe d0a7e84ba025669a979c9f3f2ffb8644 BeC/85Iam0Sd07dyy5EgWA.0.1.0.0.0", "EventData.ProcessId": "5900", "EventData.ProcessCreateTime": "2025-02-06 08:02:13.228395+00:00", "EventData.ProcessStartKey": "43347146413442378", "EventData.ProcessSignatureLevel": "8", "EventData.ProcessSectionSignatureLevel": "8", "EventData.ProcessProtection": "0", "EventData.TargetThreadId": "10332", "EventData.TargetThreadCreateTime": "2025-02-06 08:02:14.345886+00:00", "EventData.RequiredSignatureLevel": "8", "EventData.SignatureLevel": "0", "EventData.ImageNameLength": "60", "EventData.ImageName": "\\Program Files\\Common Files\\Crypto Pro\\AppCompat\\cpwinet.dll"}
{"EventID": "12", "Channel": "Microsoft-Windows-Security-Mitigations/KernelMode", "Provider_Name": "Microsoft-Windows-Security-Mitigations", "Computer": "DESKTOP-OFJ6N53", "TimeCreated": "2025-02-06 08:02:14.671967+00:00", "RecordID": "8296", "Level": "3", "UserID": "S-1-5-18", "EventData.ProcessPathLength": "59", "EventData.ProcessPath": "\\Device\\HarddiskVolume3\\Windows\\System32\\WaaSMedicAgent.exe", "EventData.ProcessCommandLineLength": "104", "EventData.ProcessCommandLine": "C:\\Windows\\System32\\WaaSMedicAgent.exe d0a7e84ba025669a979c9f3f2ffb8644 BeC/85Iam0Sd07dyy5EgWA.0.1.0.0.0", "EventData.ProcessId": "5900", "EventData.ProcessCreateTime": "2025-02-06 08:02:13.228395+00:00", "EventData.ProcessStartKey": "43347146413442378", "EventData.ProcessSignatureLevel": "8", "EventData.ProcessSectionSignatureLevel": "8", "EventData.ProcessProtection": "0", "EventData.TargetThreadId": "10332", "EventData.TargetThreadCreateTime": "2025-02-06 08:02:14.345886+00:00", "EventData.RequiredSignatureLevel": "8", "EventData.SignatureLevel": "0", "EventData.ImageNameLength": "58", "EventData.ImageName": "\\Program Files\\Common Files\\Crypto Pro\\AppCompat\\cpmsi.dll"}
{"EventID": "12", "Channel": "Microsoft-Windows-Security-Mitigations/KernelMode", "Provider_Name": "Microsoft-Windows-Security-Mitigations", "Computer": "DESKTOP-OFJ6N53", "TimeCreated": "2025-02-06 08:02:15.077103+00:00", "RecordID": "8297", "Level": "3", "UserID": "S-1-5-18", "EventData.ProcessPathLength": "59", "EventData.ProcessPath": "\\Device\\HarddiskVolume3\\Windows\\System32\\WaaSMedicAgent.exe", "EventData.ProcessCommandLineLength": "104", "EventData.ProcessCommandLine": "C:\\Windows\\System32\\WaaSMedicAgent.exe d0a7e84ba025669a979c9f3f2ffb8644 BeC/85Iam0Sd07dyy5EgWA.0.1.0.0.0", "EventData.ProcessId": "5900", "EventData.ProcessCreateTime": "2025-02-06 08:02:13.228395+00:00", "EventData.ProcessStartKey": "43347146413442378", "EventData.ProcessSignatureLevel": "8", "EventData.ProcessSectionSignatureLevel": "8", "EventData.ProcessProtection": "0", "EventData.TargetThreadId": "10332", "EventData.TargetThreadCreateTime": "2025-02-06 08:02:14.345886+00:00", "EventData.RequiredSignatureLevel": "8", "EventData.SignatureLevel": "0", "EventData.ImageNameLength": "61", "EventData.ImageName": "\\Program Files\\Common Files\\Crypto Pro\\AppCompat\\cpenroll.dll"}
{"EventID": "12", "Channel": "Microsoft-Windows-Security-Mitigations/KernelMode", "Provider_Name": "Microsoft-Windows-Security-Mitigations", "Computer": "DESKTOP-OFJ6N53", "TimeCreated": "2025-02-06 08:02:15.661659+00:00", "RecordID": "8298", "Level": "3", "UserID": "S-1-5-18", "EventData.ProcessPathLength": "59", "EventData.ProcessPath": "\\Device\\HarddiskVolume3\\Windows\\System32\\WaaSMedicAgent.exe", "EventData.ProcessCommandLineLength": "104", "EventData.ProcessCommandLine": "C:\\Windows\\System32\\WaaSMedicAgent.exe d0a7e84ba025669a979c9f3f2ffb8644 BeC/85Iam0Sd07dyy5EgWA.0.1.0.0.0", "EventData.ProcessId": "5900", "EventData.ProcessCreateTime": "2025-02-06 08:02:13.228395+00:00", "EventData.ProcessStartKey": "43347146413442378", "EventData.ProcessSignatureLevel": "8", "EventData.ProcessSectionSignatureLevel": "8", "EventData.ProcessProtection": "0", "EventData.TargetThreadId": "8316", "EventData.TargetThreadCreateTime": "2025-02-06 08:02:15.454023+00:00", "EventData.RequiredSignatureLevel": "8", "EventData.SignatureLevel": "0", "EventData.ImageNameLength": "60", "EventData.ImageName": "\\Program Files\\Common Files\\Crypto Pro\\AppCompat\\cpschan.dll"}
{"EventID": "12", "Channel": "Microsoft-Windows-Security-Mitigations/KernelMode", "Provider_Name": "Microsoft-Windows-Security-Mitigations", "Computer": "DESKTOP-OFJ6N53", "TimeCreated": "2025-02-06 14:12:47.563459+00:00", "RecordID": "8299", "Level": "3", "UserID": "S-1-5-18", "EventData.ProcessPathLength": "100", "EventData.ProcessPath": "\\Device\\HarddiskVolume3\\ProgramData\\Microsoft\\Windows Defender\\Platform\\4.18.24090.11-0\\MpCmdRun.exe", "EventData.ProcessCommandLineLength": "135", "EventData.ProcessCommandLine": "\"C:\\ProgramData\\Microsoft\\Windows Defender\\Platform\\4.18.24090.11-0\\MpCmdRun.exe\" SignaturesUpdateService -ScheduleJob -UnmanagedUpdate", "EventData.ProcessId": "12216", "EventData.ProcessCreateTime": "2025-02-06 14:12:31.476271+00:00", "EventData.ProcessStartKey": "43347146413442707", "EventData.ProcessSignatureLevel": "8", "EventData.ProcessSectionSignatureLevel": "8", "EventData.ProcessProtection": "0", "EventData.TargetThreadId": "392", "EventData.TargetThreadCreateTime": "2025-02-06 14:12:31.573439+00:00", "EventData.RequiredSignatureLevel": "8", "EventData.SignatureLevel": "0", "EventData.ImageNameLength": "60", "EventData.ImageName": "\\Program Files\\Common Files\\Crypto Pro\\AppCompat\\cpadvai.dll"}
{"EventID": "12", "Channel": "Microsoft-Windows-Security-Mitigations/KernelMode", "Provider_Name": "Microsoft-Windows-Security-Mitigations", "Computer": "DESKTOP-OFJ6N53", "TimeCreated": "2025-02-06 15:43:23.627672+00:00", "RecordID": "8300", "Level": "3", "UserID": "S-1-5-21-963789628-1060504924-4285088085-1001", "EventData.ProcessPathLength": "74", "EventData.ProcessPath": "\\Device\\HarddiskVolume3\\Program Files\\Google\\Chrome\\Application\\chrome.exe", "EventData.ProcessCommandLineLength": "512", "EventData.ProcessCommandLine": "\"C:\\Program Files\\Google\\Chrome\\Application\\chrome.exe\" --type=renderer --string-annotations --disable-gpu-compositing --video-capture-use-gpu-memory-buffer --lang=ru --device-scale-factor=1 --num-raster-threads=2 --enable-main-frame-before-activation --renderer-client-id=27 --time-ticks-at-unix-epoch=-1738764099107082 --launch-time-ticks=92504394793 --field-trial-handle=5476,i,16471904853709014786,1874728656746049761,262144 --variations-seed-version=20250204-185839.162000 --mojo-platform-channel-handle=589", "EventData.ProcessId": "2564", "EventData.ProcessCreateTime": "2025-02-06 15:43:23.503057+00:00", "EventData.ProcessStartKey": "43347146413442838", "EventData.ProcessSignatureLevel": "8", "EventData.ProcessSectionSignatureLevel": "8", "EventData.ProcessProtection": "0", "EventData.TargetThreadId": "1812", "EventData.TargetThreadCreateTime": "2025-02-06 15:43:23.503059+00:00", "EventData.RequiredSignatureLevel": "8", "EventData.SignatureLevel": "0", "EventData.ImageNameLength": "60", "EventData.ImageName": "\\Program Files\\Common Files\\Crypto Pro\\AppCompat\\cpcrypt.dll"}
{"EventID": "12", "Channel": "Microsoft-Windows-Security-Mitigations/KernelMode", "Provider_Name": "Microsoft-Windows-Security-Mitigations", "Computer": "DESKTOP-OFJ6N53", "TimeCreated": "2025-02-06 15:43:23.863476+00:00", "RecordID": "8301", "Level": "3", "UserID": "S-1-5-21-963789628-1060504924-4285088085-1001", "EventData.ProcessPathLength": "74", "EventData.ProcessPath": "\\Device\\HarddiskVolume3\\Program Files\\Google\\Chrome\\Application\\chrome.exe", "EventData.ProcessCommandLineLength": "512", "EventData.ProcessCommandLine": "\"C:\\Program Files\\Google\\Chrome\\Application\\chrome.exe\" --type=renderer --string-annotations --disable-gpu-compositing --video-capture-use-gpu-memory-buffer --lang=ru --device-scale-factor=1 --num-raster-threads=2 --enable-main-frame-before-activation --renderer-client-id=28 --time-ticks-at-unix-epoch=-1738764099107082 --launch-time-ticks=92504666489 --field-trial-handle=5924,i,16471904853709014786,1874728656746049761,262144 --variations-seed-version=20250204-185839.162000 --mojo-platform-channel-handle=303", "EventData.ProcessId": "5080", "EventData.ProcessCreateTime": "2025-02-06 15:43:23.774719+00:00", "EventData.ProcessStartKey": "43347146413442839", "EventData.ProcessSignatureLevel": "8", "EventData.ProcessSectionSignatureLevel": "8", "EventData.ProcessProtection": "0", "EventData.TargetThreadId": "5388", "EventData.TargetThreadCreateTime": "2025-02-06 15:43:23.774725+00:00", "EventData.RequiredSignatureLevel": "8", "EventData.SignatureLevel": "0", "EventData.ImageNameLength": "60", "EventData.ImageName": "\\Program Files\\Common Files\\Crypto Pro\\AppCompat\\cpcrypt.dll"}
{"EventID": "2", "Channel": "Microsoft-Windows-Security-Mitigations/KernelMode", "Provider_Name": "Microsoft-Windows-Security-Mitigations", "Computer": "DESKTOP-OFJ6N53", "TimeCreated": "2025-02-06 15:43:25.011992+00:00", "RecordID": "8302", "Level": "3", "UserID": "S-1-5-21-963789628-1060504924-4285088085-1001", "EventData.ProcessPathLength": "52", "EventData.ProcessPath": "\\Device\\HarddiskVolume3\\Windows\\System32\\dllhost.exe", "EventData.ProcessCommandLineLength": "81", "EventData.ProcessCommandLine": "C:\\Windows\\system32\\DllHost.exe /Processid:{7966B4D8-4FDC-4126-A10B-39A3209AD251}", "EventData.CallingProcessId": "8276", "EventData.CallingProcessCreateTime": "2025-02-06 15:43:25.009756+00:00", "EventData.CallingProcessStartKey": "43347146413442840", "EventData.CallingProcessSignatureLevel": "8", "EventData.CallingProcessSectionSignatureLevel": "8", "EventData.CallingProcessProtection": "0", "EventData.CallingThreadId": "9688", "EventData.CallingThreadCreateTime": "2025-02-06 15:43:25.009762+00:00"}
{"EventID": "12", "Channel": "Microsoft-Windows-Security-Mitigations/KernelMode", "Provider_Name": "Microsoft-Windows-Security-Mitigations", "Computer": "DESKTOP-OFJ6N53", "TimeCreated": "2025-02-06 15:43:28.114086+00:00", "RecordID": "8303", "Level": "3", "UserID": "S-1-5-21-963789628-1060504924-4285088085-1001", "EventData.ProcessPathLength": "74", "EventData.ProcessPath": "\\Device\\HarddiskVolume3\\Program Files\\Google\\Chrome\\Application\\chrome.exe", "EventData.ProcessCommandLineLength": "512", "EventData.ProcessCommandLine": "\"C:\\Program Files\\Google\\Chrome\\Application\\chrome.exe\" --type=renderer --string-annotations --disable-gpu-compositing --video-capture-use-gpu-memory-buffer --lang=ru --device-scale-factor=1 --num-raster-threads=2 --enable-main-frame-before-activation --renderer-client-id=29 --time-ticks-at-unix-epoch=-1738764099107082 --launch-time-ticks=92508933305 --field-trial-handle=6100,i,16471904853709014786,1874728656746049761,262144 --variations-seed-version=20250204-185839.162000 --mojo-platform-channel-handle=600", "EventData.ProcessId": "2608", "EventData.ProcessCreateTime": "2025-02-06 15:43:28.041859+00:00", "EventData.ProcessStartKey": "43347146413442841", "EventData.ProcessSignatureLevel": "8", "EventData.ProcessSectionSignatureLevel": "8", "EventData.ProcessProtection": "0", "EventData.TargetThreadId": "9700", "EventData.TargetThreadCreateTime": "2025-02-06 15:43:28.041861+00:00", "EventData.RequiredSignatureLevel": "8", "EventData.SignatureLevel": "0", "EventData.ImageNameLength": "60", "EventData.ImageName": "\\Program Files\\Common Files\\Crypto Pro\\AppCompat\\cpcrypt.dll"}
{"EventID": "12", "Channel": "Microsoft-Windows-Security-Mitigations/KernelMode", "Provider_Name": "Microsoft-Windows-Security-Mitigations", "Computer": "DESKTOP-OFJ6N53", "TimeCreated": "2025-02-06 15:43:37.336176+00:00", "RecordID": "8304", "Level": "3", "UserID": "S-1-5-21-963789628-1060504924-4285088085-1001", "EventData.ProcessPathLength": "74", "EventData.ProcessPath": "\\Device\\HarddiskVolume3\\Program Files\\Google\\Chrome\\Application\\chrome.exe", "EventData.ProcessCommandLineLength": "512", "EventData.ProcessCommandLine": "\"C:\\Program Files\\Google\\Chrome\\Application\\chrome.exe\" --type=renderer --string-annotations --disable-gpu-compositing --video-capture-use-gpu-memory-buffer --lang=ru --device-scale-factor=1 --num-raster-threads=2 --enable-main-frame-before-activation --renderer-client-id=30 --time-ticks-at-unix-epoch=-1738764099107082 --launch-time-ticks=92518150568 --field-trial-handle=6228,i,16471904853709014786,1874728656746049761,262144 --variations-seed-version=20250204-185839.162000 --mojo-platform-channel-handle=635", "EventData.ProcessId": "624", "EventData.ProcessCreateTime": "2025-02-06 15:43:37.258890+00:00", "EventData.ProcessStartKey": "43347146413442844", "EventData.ProcessSignatureLevel": "8", "EventData.ProcessSectionSignatureLevel": "8", "EventData.ProcessProtection": "0", "EventData.TargetThreadId": "8000", "EventData.TargetThreadCreateTime": "2025-02-06 15:43:37.258894+00:00", "EventData.RequiredSignatureLevel": "8", "EventData.SignatureLevel": "0", "EventData.ImageNameLength": "60", "EventData.ImageName": "\\Program Files\\Common Files\\Crypto Pro\\AppCompat\\cpcrypt.dll"}
{"EventID": "12", "Channel": "Microsoft-Windows-Security-Mitigations/KernelMode", "Provider_Name": "Microsoft-Windows-Security-Mitigations", "Computer": "DESKTOP-OFJ6N53", "TimeCreated": "2025-02-06 15:43:37.418983+00:00", "RecordID": "8305", "Level": "3", "UserID": "S-1-5-21-963789628-1060504924-4285088085-1001", "EventData.ProcessPathLength": "74", "EventData.ProcessPath": "\\Device\\HarddiskVolume3\\Program Files\\Google\\Chrome\\Application\\chrome.exe", "EventData.ProcessCommandLineLength": "512", "EventData.ProcessCommandLine": "\"C:\\Program Files\\Google\\Chrome\\Application\\chrome.exe\" --type=renderer --string-annotations --disable-gpu-compositing --video-capture-use-gpu-memory-buffer --lang=ru --device-scale-factor=1 --num-raster-threads=2 --enable-main-frame-before-activation --renderer-client-id=31 --time-ticks-at-unix-epoch=-1738764099107082 --launch-time-ticks=92518232154 --field-trial-handle=6164,i,16471904853709014786,1874728656746049761,262144 --variations-seed-version=20250204-185839.162000 --mojo-platform-channel-handle=616", "EventData.ProcessId": "960", "EventData.ProcessCreateTime": "2025-02-06 15:43:37.340353+00:00", "EventData.ProcessStartKey": "43347146413442845", "EventData.ProcessSignatureLevel": "8", "EventData.ProcessSectionSignatureLevel": "8", "EventData.ProcessProtection": "0", "EventData.TargetThreadId": "5476", "EventData.TargetThreadCreateTime": "2025-02-06 15:43:37.340357+00:00", "EventData.RequiredSignatureLevel": "8", "EventData.SignatureLevel": "0", "EventData.ImageNameLength": "60", "EventData.ImageName": "\\Program Files\\Common Files\\Crypto Pro\\AppCompat\\cpcrypt.dll"}
{"EventID": "12", "Channel": "Microsoft-Windows-Security-Mitigations/KernelMode", "Provider_Name": "Microsoft-Windows-Security-Mitigations", "Computer": "DESKTOP-OFJ6N53", "TimeCreated": "2025-02-06 15:43:52.396267+00:00", "RecordID": "8306", "Level": "3", "UserID": "S-1-5-21-963789628-1060504924-4285088085-1001", "EventData.ProcessPathLength": "74", "EventData.ProcessPath": "\\Device\\HarddiskVolume3\\Program Files\\Google\\Chrome\\Application\\chrome.exe", "EventData.ProcessCommandLineLength": "512", "EventData.ProcessCommandLine": "\"C:\\Program Files\\Google\\Chrome\\Application\\chrome.exe\" --type=renderer --string-annotations --disable-gpu-compositing --video-capture-use-gpu-memory-buffer --lang=ru --device-scale-factor=1 --num-raster-threads=2 --enable-main-frame-before-activation --renderer-client-id=32 --time-ticks-at-unix-epoch=-1738764099107082 --launch-time-ticks=92533202882 --field-trial-handle=6612,i,16471904853709014786,1874728656746049761,262144 --variations-seed-version=20250204-185839.162000 --mojo-platform-channel-handle=657", "EventData.ProcessId": "7540", "EventData.ProcessCreateTime": "2025-02-06 15:43:52.311165+00:00", "EventData.ProcessStartKey": "43347146413442847", "EventData.ProcessSignatureLevel": "8", "EventData.ProcessSectionSignatureLevel": "8", "EventData.ProcessProtection": "0", "EventData.TargetThreadId": "7500", "EventData.TargetThreadCreateTime": "2025-02-06 15:43:52.311169+00:00", "EventData.RequiredSignatureLevel": "8", "EventData.SignatureLevel": "0", "EventData.ImageNameLength": "60", "EventData.ImageName": "\\Program Files\\Common Files\\Crypto Pro\\AppCompat\\cpcrypt.dll"}
{"EventID": "12", "Channel": "Microsoft-Windows-Security-Mitigations/KernelMode", "Provider_Name": "Microsoft-Windows-Security-Mitigations", "Computer": "DESKTOP-OFJ6N53", "TimeCreated": "2025-02-06 15:43:52.682686+00:00", "RecordID": "8307", "Level": "3", "UserID": "S-1-5-21-963789628-1060504924-4285088085-1001", "EventData.ProcessPathLength": "74", "EventData.ProcessPath": "\\Device\\HarddiskVolume3\\Program Files\\Google\\Chrome\\Application\\chrome.exe", "EventData.ProcessCommandLineLength": "512", "EventData.ProcessCommandLine": "\"C:\\Program Files\\Google\\Chrome\\Application\\chrome.exe\" --type=renderer --string-annotations --disable-gpu-compositing --video-capture-use-gpu-memory-buffer --lang=ru --device-scale-factor=1 --num-raster-threads=2 --enable-main-frame-before-activation --renderer-client-id=33 --time-ticks-at-unix-epoch=-1738764099107082 --launch-time-ticks=92533480074 --field-trial-handle=5972,i,16471904853709014786,1874728656746049761,262144 --variations-seed-version=20250204-185839.162000 --mojo-platform-channel-handle=664", "EventData.ProcessId": "8488", "EventData.ProcessCreateTime": "2025-02-06 15:43:52.588362+00:00", "EventData.ProcessStartKey": "43347146413442848", "EventData.ProcessSignatureLevel": "8", "EventData.ProcessSectionSignatureLevel": "8", "EventData.ProcessProtection": "0", "EventData.TargetThreadId": "10964", "EventData.TargetThreadCreateTime": "2025-02-06 15:43:52.588366+00:00", "EventData.RequiredSignatureLevel": "8", "EventData.SignatureLevel": "0", "EventData.ImageNameLength": "60", "EventData.ImageName": "\\Program Files\\Common Files\\Crypto Pro\\AppCompat\\cpcrypt.dll"}
{"EventID": "12", "Channel": "Microsoft-Windows-Security-Mitigations/KernelMode", "Provider_Name": "Microsoft-Windows-Security-Mitigations", "Computer": "DESKTOP-OFJ6N53", "TimeCreated": "2025-02-06 15:43:53.750439+00:00", "RecordID": "8308", "Level": "3", "UserID": "S-1-5-21-963789628-1060504924-4285088085-1001", "EventData.ProcessPathLength": "74", "EventData.ProcessPath": "\\Device\\HarddiskVolume3\\Program Files\\Google\\Chrome\\Application\\chrome.exe", "EventData.ProcessCommandLineLength": "512", "EventData.ProcessCommandLine": "\"C:\\Program Files\\Google\\Chrome\\Application\\chrome.exe\" --type=renderer --string-annotations --disable-gpu-compositing --video-capture-use-gpu-memory-buffer --lang=ru --device-scale-factor=1 --num-raster-threads=2 --enable-main-frame-before-activation --renderer-client-id=34 --time-ticks-at-unix-epoch=-1738764099107082 --launch-time-ticks=92534574089 --field-trial-handle=6660,i,16471904853709014786,1874728656746049761,262144 --variations-seed-version=20250204-185839.162000 --mojo-platform-channel-handle=659", "EventData.ProcessId": "9508", "EventData.ProcessCreateTime": "2025-02-06 15:43:53.682293+00:00", "EventData.ProcessStartKey": "43347146413442849", "EventData.ProcessSignatureLevel": "8", "EventData.ProcessSectionSignatureLevel": "8", "EventData.ProcessProtection": "0", "EventData.TargetThreadId": "5504", "EventData.TargetThreadCreateTime": "2025-02-06 15:43:53.682297+00:00", "EventData.RequiredSignatureLevel": "8", "EventData.SignatureLevel": "0", "EventData.ImageNameLength": "60", "EventData.ImageName": "\\Program Files\\Common Files\\Crypto Pro\\AppCompat\\cpcrypt.dll"}
{"EventID": "12", "Channel": "Microsoft-Windows-Security-Mitigations/KernelMode", "Provider_Name": "Microsoft-Windows-Security-Mitigations", "Computer": "DESKTOP-OFJ6N53", "TimeCreated": "2025-02-06 15:43:53.895103+00:00", "RecordID": "8309", "Level": "3", "UserID": "S-1-5-21-963789628-1060504924-4285088085-1001", "EventData.ProcessPathLength": "74", "EventData.ProcessPath": "\\Device\\HarddiskVolume3\\Program Files\\Google\\Chrome\\Application\\chrome.exe", "EventData.ProcessCommandLineLength": "512", "EventData.ProcessCommandLine": "\"C:\\Program Files\\Google\\Chrome\\Application\\chrome.exe\" --type=renderer --string-annotations --disable-gpu-compositing --video-capture-use-gpu-memory-buffer --lang=ru --device-scale-factor=1 --num-raster-threads=2 --enable-main-frame-before-activation --renderer-client-id=35 --time-ticks-at-unix-epoch=-1738764099107082 --launch-time-ticks=92534659666 --field-trial-handle=6248,i,16471904853709014786,1874728656746049761,262144 --variations-seed-version=20250204-185839.162000 --mojo-platform-channel-handle=599", "EventData.ProcessId": "480", "EventData.ProcessCreateTime": "2025-02-06 15:43:53.767799+00:00", "EventData.ProcessStartKey": "43347146413442850", "EventData.ProcessSignatureLevel": "8", "EventData.ProcessSectionSignatureLevel": "8", "EventData.ProcessProtection": "0", "EventData.TargetThreadId": "4612", "EventData.TargetThreadCreateTime": "2025-02-06 15:43:53.767801+00:00", "EventData.RequiredSignatureLevel": "8", "EventData.SignatureLevel": "0", "EventData.ImageNameLength": "60", "EventData.ImageName": "\\Program Files\\Common Files\\Crypto Pro\\AppCompat\\cpcrypt.dll"}
{"EventID": "12", "Channel": "Microsoft-Windows-Security-Mitigations/KernelMode", "Provider_Name": "Microsoft-Windows-Security-Mitigations", "Computer": "DESKTOP-OFJ6N53", "TimeCreated": "2025-02-07 14:12:41.742207+00:00", "RecordID": "8310", "Level": "3", "UserID": "S-1-5-18", "EventData.ProcessPathLength": "100", "EventData.ProcessPath": "\\Device\\HarddiskVolume3\\ProgramData\\Microsoft\\Windows Defender\\Platform\\4.18.24090.11-0\\MpCmdRun.exe", "EventData.ProcessCommandLineLength": "135", "EventData.ProcessCommandLine": "\"C:\\ProgramData\\Microsoft\\Windows Defender\\Platform\\4.18.24090.11-0\\MpCmdRun.exe\" SignaturesUpdateService -ScheduleJob -UnmanagedUpdate", "EventData.ProcessId": "7580", "EventData.ProcessCreateTime": "2025-02-07 14:12:33.113619+00:00", "EventData.ProcessStartKey": "43347146413443662", "EventData.ProcessSignatureLevel": "8", "EventData.ProcessSectionSignatureLevel": "8", "EventData.ProcessProtection": "0", "EventData.TargetThreadId": "2584", "EventData.TargetThreadCreateTime": "2025-02-07 14:12:33.217800+00:00", "EventData.RequiredSignatureLevel": "8", "EventData.SignatureLevel": "0", "EventData.ImageNameLength": "60", "EventData.ImageName": "\\Program Files\\Common Files\\Crypto Pro\\AppCompat\\cpadvai.dll"}
{"EventID": "12", "Channel": "Microsoft-Windows-Security-Mitigations/KernelMode", "Provider_Name": "Microsoft-Windows-Security-Mitigations", "Computer": "DESKTOP-OFJ6N53", "TimeCreated": "2025-02-07 16:32:50.117535+00:00", "RecordID": "8311", "Level": "3", "UserID": "S-1-5-21-963789628-1060504924-4285088085-1001", "EventData.ProcessPathLength": "74", "EventData.ProcessPath": "\\Device\\HarddiskVolume3\\Program Files\\Google\\Chrome\\Application\\chrome.exe", "EventData.ProcessCommandLineLength": "512", "EventData.ProcessCommandLine": "\"C:\\Program Files\\Google\\Chrome\\Application\\chrome.exe\" --type=renderer --string-annotations --disable-gpu-compositing --video-capture-use-gpu-memory-buffer --lang=ru --device-scale-factor=1 --num-raster-threads=2 --enable-main-frame-before-activation --renderer-client-id=44 --time-ticks-at-unix-epoch=-1738764099107082 --launch-time-ticks=181869063341 --field-trial-handle=6852,i,16471904853709014786,1874728656746049761,262144 --variations-seed-version=20250204-185839.162000 --mojo-platform-channel-handle=64", "EventData.ProcessId": "11708", "EventData.ProcessCreateTime": "2025-02-07 16:32:50.037111+00:00", "EventData.ProcessStartKey": "43347146413443822", "EventData.ProcessSignatureLevel": "8", "EventData.ProcessSectionSignatureLevel": "8", "EventData.ProcessProtection": "0", "EventData.TargetThreadId": "6768", "EventData.TargetThreadCreateTime": "2025-02-07 16:32:50.037115+00:00", "EventData.RequiredSignatureLevel": "8", "EventData.SignatureLevel": "0", "EventData.ImageNameLength": "60", "EventData.ImageName": "\\Program Files\\Common Files\\Crypto Pro\\AppCompat\\cpcrypt.dll"}
{"EventID": "12", "Channel": "Microsoft-Windows-Security-Mitigations/KernelMode", "Provider_Name": "Microsoft-Windows-Security-Mitigations", "Computer": "DESKTOP-OFJ6N53", "TimeCreated": "2025-02-08 14:12:41.876617+00:00", "RecordID": "8312", "Level": "3", "UserID": "S-1-5-18", "EventData.ProcessPathLength": "100", "EventData.ProcessPath": "\\Device\\HarddiskVolume3\\ProgramData\\Microsoft\\Windows Defender\\Platform\\4.18.24090.11-0\\MpCmdRun.exe", "EventData.ProcessCommandLineLength": "135", "EventData.ProcessCommandLine": "\"C:\\ProgramData\\Microsoft\\Windows Defender\\Platform\\4.18.24090.11-0\\MpCmdRun.exe\" SignaturesUpdateService -ScheduleJob -UnmanagedUpdate", "EventData.ProcessId": "5640", "EventData.ProcessCreateTime": "2025-02-08 14:12:34.317194+00:00", "EventData.ProcessStartKey": "43347146413444612", "EventData.ProcessSignatureLevel": "8", "EventData.ProcessSectionSignatureLevel": "8", "EventData.ProcessProtection": "0", "EventData.TargetThreadId": "6716", "EventData.TargetThreadCreateTime": "2025-02-08 14:12:34.423088+00:00", "EventData.RequiredSignatureLevel": "8", "EventData.SignatureLevel": "0", "EventData.ImageNameLength": "60", "EventData.ImageName": "\\Program Files\\Common Files\\Crypto Pro\\AppCompat\\cpadvai.dll"}
{"EventID": "12", "Channel": "Microsoft-Windows-Security-Mitigations/KernelMode", "Provider_Name": "Microsoft-Windows-Security-Mitigations", "Computer": "DESKTOP-OFJ6N53", "TimeCreated": "2025-02-09 02:32:25.490171+00:00", "RecordID": "8313", "Level": "3", "UserID": "S-1-5-18", "EventData.ProcessPathLength": "59", "EventData.ProcessPath": "\\Device\\HarddiskVolume3\\Windows\\System32\\WaaSMedicAgent.exe", "EventData.ProcessCommandLineLength": "94", "EventData.ProcessCommandLine": "C:\\Windows\\System32\\WaaSMedicAgent.exe 247f459130663d392e2d8906818e2254 FJH5qAGPJ0+7AG+1.0.0.0", "EventData.ProcessId": "6220", "EventData.ProcessCreateTime": "2025-02-09 02:32:24.473787+00:00", "EventData.ProcessStartKey": "43347146413445116", "EventData.ProcessSignatureLevel": "8", "EventData.ProcessSectionSignatureLevel": "8", "EventData.ProcessProtection": "0", "EventData.TargetThreadId": "9532", "EventData.TargetThreadCreateTime": "2025-02-09 02:32:25.480288+00:00", "EventData.RequiredSignatureLevel": "8", "EventData.SignatureLevel": "0", "EventData.ImageNameLength": "60", "EventData.ImageName": "\\Program Files\\Common Files\\Crypto Pro\\AppCompat\\cpadvai.dll"}
