{"EventID": "1", "Channel": "Microsoft-Windows-Security-LessPrivilegedAppContainer/Operational", "Provider_Name": "Microsoft-Windows-Security-LessPrivilegedAppContainer", "Computer": "DESKTOP-OFJ6N53", "TimeCreated": "2024-12-08 16:59:25.912464+00:00", "RecordID": "114", "Level": "2", "UserID": "S-1-5-21-963789628-1060504924-4285088085-1001", "EventData.FailureTime": "2024-12-08 16:59:25.912464+00:00", "EventData.StackHash": "0xe66c3ec6"}
{"EventID": "1", "Channel": "Microsoft-Windows-Security-LessPrivilegedAppContainer/Operational", "Provider_Name": "Microsoft-Windows-Security-LessPrivilegedAppContainer", "Computer": "DESKTOP-OFJ6N53", "TimeCreated": "2024-12-08 16:59:25.913214+00:00", "RecordID": "115", "Level": "2", "UserID": "S-1-5-21-963789628-1060504924-4285088085-1001", "EventData.FailureTime": "2024-12-08 16:59:25.913212+00:00", "EventData.StackHash": "0xe65befee"}
{"EventID": "1", "Channel": "Microsoft-Windows-Security-LessPrivilegedAppContainer/Operational", "Provider_Name": "Microsoft-Windows-Security-LessPrivilegedAppContainer", "Computer": "DESKTOP-OFJ6N53", "TimeCreated": "2024-12-08 16:59:25.914555+00:00", "RecordID": "116", "Level": "2", "UserID": "S-1-5-21-963789628-1060504924-4285088085-1001", "EventData.FailureTime": "2024-12-08 16:59:25.914553+00:00", "EventData.StackHash": "0xe65c196e"}
{"EventID": "1", "Channel": "Microsoft-Windows-Security-LessPrivilegedAppContainer/Operational", "Provider_Name": "Microsoft-Windows-Security-LessPrivilegedAppContainer", "Computer": "DESKTOP-OFJ6N53", "TimeCreated": "2024-12-08 16:59:25.914570+00:00", "RecordID": "117", "Level": "2", "UserID": "S-1-5-21-963789628-1060504924-4285088085-1001", "EventData.FailureTime": "2024-12-08 16:59:25.914570+00:00", "EventData.StackHash": "0xe65c1a13"}
{"EventID": "1", "Channel": "Microsoft-Windows-Security-LessPrivilegedAppContainer/Operational", "Provider_Name": "Microsoft-Windows-Security-LessPrivilegedAppContainer", "Computer": "DESKTOP-OFJ6N53", "TimeCreated": "2024-12-08 16:59:25.914886+00:00", "RecordID": "118", "Level": "2", "UserID": "S-1-5-21-963789628-1060504924-4285088085-1001", "EventData.FailureTime": "2024-12-08 16:59:25.914885+00:00", "EventData.StackHash": "0xe644bf9e"}
{"EventID": "1", "Channel": "Microsoft-Windows-Security-LessPrivilegedAppContainer/Operational", "Provider_Name": "Microsoft-Windows-Security-LessPrivilegedAppContainer", "Computer": "DESKTOP-OFJ6N53", "TimeCreated": "2024-12-08 16:59:25.914957+00:00", "RecordID": "119", "Level": "2", "UserID": "S-1-5-21-963789628-1060504924-4285088085-1001", "EventData.FailureTime": "2024-12-08 16:59:25.914957+00:00", "EventData.StackHash": "0xe6430d15"}
{"EventID": "1", "Channel": "Microsoft-Windows-Security-LessPrivilegedAppContainer/Operational", "Provider_Name": "Microsoft-Windows-Security-LessPrivilegedAppContainer", "Computer": "DESKTOP-OFJ6N53", "TimeCreated": "2024-12-08 16:59:25.915731+00:00", "RecordID": "120", "Level": "2", "UserID": "S-1-5-21-963789628-1060504924-4285088085-1001", "EventData.FailureTime": "2024-12-08 16:59:25.915731+00:00", "EventData.StackHash": "0xe66d790e"}
{"EventID": "1", "Channel": "Microsoft-Windows-Security-LessPrivilegedAppContainer/Operational", "Provider_Name": "Microsoft-Windows-Security-LessPrivilegedAppContainer", "Computer": "DESKTOP-OFJ6N53", "TimeCreated": "2024-12-08 16:59:25.915747+00:00", "RecordID": "121", "Level": "2", "UserID": "S-1-5-21-963789628-1060504924-4285088085-1001", "EventData.FailureTime": "2024-12-08 16:59:25.915747+00:00", "EventData.StackHash": "0xe66d790e"}
{"EventID": "1", "Channel": "Microsoft-Windows-Security-LessPrivilegedAppContainer/Operational", "Provider_Name": "Microsoft-Windows-Security-LessPrivilegedAppContainer", "Computer": "DESKTOP-OFJ6N53", "TimeCreated": "2024-12-08 16:59:25.915762+00:00", "RecordID": "122", "Level": "2", "UserID": "S-1-5-21-963789628-1060504924-4285088085-1001", "EventData.FailureTime": "2024-12-08 16:59:25.915762+00:00", "EventData.StackHash": "0xe66d790e"}
{"EventID": "1", "Channel": "Microsoft-Windows-Security-LessPrivilegedAppContainer/Operational", "Provider_Name": "Microsoft-Windows-Security-LessPrivilegedAppContainer", "Computer": "DESKTOP-OFJ6N53", "TimeCreated": "2024-12-08 16:59:25.915771+00:00", "RecordID": "123", "Level": "2", "UserID": "S-1-5-21-963789628-1060504924-4285088085-1001", "EventData.FailureTime": "2024-12-08 16:59:25.915771+00:00", "EventData.StackHash": "0xe66d790e"}
{"EventID": "1", "Channel": "Microsoft-Windows-Security-LessPrivilegedAppContainer/Operational", "Provider_Name": "Microsoft-Windows-Security-LessPrivilegedAppContainer", "Computer": "DESKTOP-OFJ6N53", "TimeCreated": "2024-12-08 16:59:25.915794+00:00", "RecordID": "124", "Level": "2", "UserID": "S-1-5-21-963789628-1060504924-4285088085-1001", "EventData.FailureTime": "2024-12-08 16:59:25.915794+00:00", "EventData.StackHash": "0xe66e351d"}
{"EventID": "1", "Channel": "Microsoft-Windows-Security-LessPrivilegedAppContainer/Operational", "Provider_Name": "Microsoft-Windows-Security-LessPrivilegedAppContainer", "Computer": "DESKTOP-OFJ6N53", "TimeCreated": "2024-12-08 16:59:25.915812+00:00", "RecordID": "125", "Level": "2", "UserID": "S-1-5-21-963789628-1060504924-4285088085-1001", "EventData.FailureTime": "2024-12-08 16:59:25.915810+00:00", "EventData.StackHash": "0xe673733d"}
{"EventID": "1", "Channel": "Microsoft-Windows-Security-LessPrivilegedAppContainer/Operational", "Provider_Name": "Microsoft-Windows-Security-LessPrivilegedAppContainer", "Computer": "DESKTOP-OFJ6N53", "TimeCreated": "2024-12-08 16:59:25.915825+00:00", "RecordID": "126", "Level": "2", "UserID": "S-1-5-21-963789628-1060504924-4285088085-1001", "EventData.FailureTime": "2024-12-08 16:59:25.915825+00:00", "EventData.StackHash": "0xe6737354"}
{"EventID": "1", "Channel": "Microsoft-Windows-Security-LessPrivilegedAppContainer/Operational", "Provider_Name": "Microsoft-Windows-Security-LessPrivilegedAppContainer", "Computer": "DESKTOP-OFJ6N53", "TimeCreated": "2024-12-08 16:59:25.916227+00:00", "RecordID": "127", "Level": "2", "UserID": "S-1-5-21-963789628-1060504924-4285088085-1001", "EventData.FailureTime": "2024-12-08 16:59:25.916225+00:00", "EventData.StackHash": "0x70f3cbef"}
{"EventID": "1", "Channel": "Microsoft-Windows-Security-LessPrivilegedAppContainer/Operational", "Provider_Name": "Microsoft-Windows-Security-LessPrivilegedAppContainer", "Computer": "DESKTOP-OFJ6N53", "TimeCreated": "2024-12-08 16:59:25.919556+00:00", "RecordID": "128", "Level": "2", "UserID": "S-1-5-21-963789628-1060504924-4285088085-1001", "EventData.FailureTime": "2024-12-08 16:59:25.919554+00:00", "EventData.StackHash": "0x37414a99"}
{"EventID": "1", "Channel": "Microsoft-Windows-Security-LessPrivilegedAppContainer/Operational", "Provider_Name": "Microsoft-Windows-Security-LessPrivilegedAppContainer", "Computer": "DESKTOP-OFJ6N53", "TimeCreated": "2024-12-08 16:59:25.920147+00:00", "RecordID": "129", "Level": "2", "UserID": "S-1-5-21-963789628-1060504924-4285088085-1001", "EventData.FailureTime": "2024-12-08 16:59:25.920145+00:00", "EventData.StackHash": "0x1afdb4f7"}
{"EventID": "1", "Channel": "Microsoft-Windows-Security-LessPrivilegedAppContainer/Operational", "Provider_Name": "Microsoft-Windows-Security-LessPrivilegedAppContainer", "Computer": "DESKTOP-OFJ6N53", "TimeCreated": "2024-12-08 16:59:25.925001+00:00", "RecordID": "130", "Level": "2", "UserID": "S-1-5-21-963789628-1060504924-4285088085-1001", "EventData.FailureTime": "2024-12-08 16:59:25.924999+00:00", "EventData.StackHash": "0xe66c3d90"}
{"EventID": "1", "Channel": "Microsoft-Windows-Security-LessPrivilegedAppContainer/Operational", "Provider_Name": "Microsoft-Windows-Security-LessPrivilegedAppContainer", "Computer": "DESKTOP-OFJ6N53", "TimeCreated": "2024-12-08 16:59:25.925133+00:00", "RecordID": "131", "Level": "2", "UserID": "S-1-5-21-963789628-1060504924-4285088085-1001", "EventData.FailureTime": "2024-12-08 16:59:25.925131+00:00", "EventData.StackHash": "0xe66c3ec6"}
{"EventID": "1", "Channel": "Microsoft-Windows-Security-LessPrivilegedAppContainer/Operational", "Provider_Name": "Microsoft-Windows-Security-LessPrivilegedAppContainer", "Computer": "DESKTOP-OFJ6N53", "TimeCreated": "2024-12-08 16:59:25.926615+00:00", "RecordID": "132", "Level": "2", "UserID": "S-1-5-21-963789628-1060504924-4285088085-1001", "EventData.FailureTime": "2024-12-08 16:59:25.926613+00:00", "EventData.StackHash": "0x37414a99"}
{"EventID": "1", "Channel": "Microsoft-Windows-Security-LessPrivilegedAppContainer/Operational", "Provider_Name": "Microsoft-Windows-Security-LessPrivilegedAppContainer", "Computer": "DESKTOP-OFJ6N53", "TimeCreated": "2024-12-08 16:59:25.927689+00:00", "RecordID": "133", "Level": "2", "UserID": "S-1-5-21-963789628-1060504924-4285088085-1001", "EventData.FailureTime": "2024-12-08 16:59:25.927687+00:00", "EventData.StackHash": "0x1afdb4f7"}
{"EventID": "1", "Channel": "Microsoft-Windows-Security-LessPrivilegedAppContainer/Operational", "Provider_Name": "Microsoft-Windows-Security-LessPrivilegedAppContainer", "Computer": "DESKTOP-OFJ6N53", "TimeCreated": "2024-12-08 16:59:25.933475+00:00", "RecordID": "134", "Level": "2", "UserID": "S-1-5-21-963789628-1060504924-4285088085-1001", "EventData.FailureTime": "2024-12-08 16:59:25.933474+00:00", "EventData.StackHash": "0xe66c3d90"}
{"EventID": "1", "Channel": "Microsoft-Windows-Security-LessPrivilegedAppContainer/Operational", "Provider_Name": "Microsoft-Windows-Security-LessPrivilegedAppContainer", "Computer": "DESKTOP-OFJ6N53", "TimeCreated": "2024-12-08 16:59:25.933594+00:00", "RecordID": "135", "Level": "2", "UserID": "S-1-5-21-963789628-1060504924-4285088085-1001", "EventData.FailureTime": "2024-12-08 16:59:25.933594+00:00", "EventData.StackHash": "0xe66c3ec6"}
{"EventID": "1", "Channel": "Microsoft-Windows-Security-LessPrivilegedAppContainer/Operational", "Provider_Name": "Microsoft-Windows-Security-LessPrivilegedAppContainer", "Computer": "DESKTOP-OFJ6N53", "TimeCreated": "2024-12-11 15:09:52.749590+00:00", "RecordID": "136", "Level": "2", "UserID": "S-1-5-21-963789628-1060504924-4285088085-1001", "EventData.FailureTime": "2024-12-11 15:09:52.749588+00:00", "EventData.StackHash": "0x951d4f12"}
{"EventID": "1", "Channel": "Microsoft-Windows-Security-LessPrivilegedAppContainer/Operational", "Provider_Name": "Microsoft-Windows-Security-LessPrivilegedAppContainer", "Computer": "DESKTOP-OFJ6N53", "TimeCreated": "2024-12-11 15:09:52.968351+00:00", "RecordID": "137", "Level": "2", "UserID": "S-1-5-21-963789628-1060504924-4285088085-1001", "EventData.FailureTime": "2024-12-11 15:09:52.968349+00:00", "EventData.StackHash": "0x5f74b30b"}
{"EventID": "1", "Channel": "Microsoft-Windows-Security-LessPrivilegedAppContainer/Operational", "Provider_Name": "Microsoft-Windows-Security-LessPrivilegedAppContainer", "Computer": "DESKTOP-OFJ6N53", "TimeCreated": "2024-12-11 15:09:52.970463+00:00", "RecordID": "138", "Level": "2", "UserID": "S-1-5-21-963789628-1060504924-4285088085-1001", "EventData.FailureTime": "2024-12-11 15:09:52.970461+00:00", "EventData.StackHash": "0x951d4f12"}
{"EventID": "1", "Channel": "Microsoft-Windows-Security-LessPrivilegedAppContainer/Operational", "Provider_Name": "Microsoft-Windows-Security-LessPrivilegedAppContainer", "Computer": "DESKTOP-OFJ6N53", "TimeCreated": "2024-12-11 15:09:59.334450+00:00", "RecordID": "139", "Level": "2", "UserID": "S-1-5-21-963789628-1060504924-4285088085-1001", "EventData.FailureTime": "2024-12-11 15:09:59.334446+00:00", "EventData.StackHash": "0x951d4f12"}
{"EventID": "1", "Channel": "Microsoft-Windows-Security-LessPrivilegedAppContainer/Operational", "Provider_Name": "Microsoft-Windows-Security-LessPrivilegedAppContainer", "Computer": "DESKTOP-OFJ6N53", "TimeCreated": "2024-12-11 15:10:02.042221+00:00", "RecordID": "140", "Level": "2", "UserID": "S-1-5-21-963789628-1060504924-4285088085-1001", "EventData.FailureTime": "2024-12-11 15:10:02.042221+00:00", "EventData.StackHash": "0xfa9e50f0"}
{"EventID": "1", "Channel": "Microsoft-Windows-Security-LessPrivilegedAppContainer/Operational", "Provider_Name": "Microsoft-Windows-Security-LessPrivilegedAppContainer", "Computer": "DESKTOP-OFJ6N53", "TimeCreated": "2024-12-11 15:10:02.042273+00:00", "RecordID": "141", "Level": "2", "UserID": "S-1-5-21-963789628-1060504924-4285088085-1001", "EventData.FailureTime": "2024-12-11 15:10:02.042273+00:00", "EventData.StackHash": "0xfa9e5112"}
{"EventID": "1", "Channel": "Microsoft-Windows-Security-LessPrivilegedAppContainer/Operational", "Provider_Name": "Microsoft-Windows-Security-LessPrivilegedAppContainer", "Computer": "DESKTOP-OFJ6N53", "TimeCreated": "2024-12-11 15:10:02.042402+00:00", "RecordID": "142", "Level": "2", "UserID": "S-1-5-21-963789628-1060504924-4285088085-1001", "EventData.FailureTime": "2024-12-11 15:10:02.042402+00:00", "EventData.StackHash": "0xfa98c26a"}
{"EventID": "1", "Channel": "Microsoft-Windows-Security-LessPrivilegedAppContainer/Operational", "Provider_Name": "Microsoft-Windows-Security-LessPrivilegedAppContainer", "Computer": "DESKTOP-OFJ6N53", "TimeCreated": "2024-12-11 15:10:02.043213+00:00", "RecordID": "143", "Level": "2", "UserID": "S-1-5-21-963789628-1060504924-4285088085-1001", "EventData.FailureTime": "2024-12-11 15:10:02.043211+00:00", "EventData.StackHash": "0xfab1af6f"}
{"EventID": "1", "Channel": "Microsoft-Windows-Security-LessPrivilegedAppContainer/Operational", "Provider_Name": "Microsoft-Windows-Security-LessPrivilegedAppContainer", "Computer": "DESKTOP-OFJ6N53", "TimeCreated": "2024-12-11 15:10:02.043232+00:00", "RecordID": "144", "Level": "2", "UserID": "S-1-5-21-963789628-1060504924-4285088085-1001", "EventData.FailureTime": "2024-12-11 15:10:02.043232+00:00", "EventData.StackHash": "0xfab31b05"}
{"EventID": "1", "Channel": "Microsoft-Windows-Security-LessPrivilegedAppContainer/Operational", "Provider_Name": "Microsoft-Windows-Security-LessPrivilegedAppContainer", "Computer": "DESKTOP-OFJ6N53", "TimeCreated": "2024-12-11 15:10:02.043648+00:00", "RecordID": "145", "Level": "2", "UserID": "S-1-5-21-963789628-1060504924-4285088085-1001", "EventData.FailureTime": "2024-12-11 15:10:02.043648+00:00", "EventData.StackHash": "0x7632819a"}
{"EventID": "1", "Channel": "Microsoft-Windows-Security-LessPrivilegedAppContainer/Operational", "Provider_Name": "Microsoft-Windows-Security-LessPrivilegedAppContainer", "Computer": "DESKTOP-OFJ6N53", "TimeCreated": "2024-12-11 15:10:02.049410+00:00", "RecordID": "146", "Level": "2", "UserID": "S-1-5-21-963789628-1060504924-4285088085-1001", "EventData.FailureTime": "2024-12-11 15:10:02.049410+00:00", "EventData.StackHash": "0x829566d9"}
{"EventID": "1", "Channel": "Microsoft-Windows-Security-LessPrivilegedAppContainer/Operational", "Provider_Name": "Microsoft-Windows-Security-LessPrivilegedAppContainer", "Computer": "DESKTOP-OFJ6N53", "TimeCreated": "2024-12-11 15:10:02.051138+00:00", "RecordID": "147", "Level": "2", "UserID": "S-1-5-21-963789628-1060504924-4285088085-1001", "EventData.FailureTime": "2024-12-11 15:10:02.051136+00:00", "EventData.StackHash": "0xfaabd1db"}
{"EventID": "1", "Channel": "Microsoft-Windows-Security-LessPrivilegedAppContainer/Operational", "Provider_Name": "Microsoft-Windows-Security-LessPrivilegedAppContainer", "Computer": "DESKTOP-OFJ6N53", "TimeCreated": "2024-12-11 15:10:02.051195+00:00", "RecordID": "148", "Level": "2", "UserID": "S-1-5-21-963789628-1060504924-4285088085-1001", "EventData.FailureTime": "2024-12-11 15:10:02.051195+00:00", "EventData.StackHash": "0xfaab55e8"}
{"EventID": "1", "Channel": "Microsoft-Windows-Security-LessPrivilegedAppContainer/Operational", "Provider_Name": "Microsoft-Windows-Security-LessPrivilegedAppContainer", "Computer": "DESKTOP-OFJ6N53", "TimeCreated": "2024-12-11 15:10:02.051247+00:00", "RecordID": "149", "Level": "2", "UserID": "S-1-5-21-963789628-1060504924-4285088085-1001", "EventData.FailureTime": "2024-12-11 15:10:02.051247+00:00", "EventData.StackHash": "0xfaab55f4"}
{"EventID": "1", "Channel": "Microsoft-Windows-Security-LessPrivilegedAppContainer/Operational", "Provider_Name": "Microsoft-Windows-Security-LessPrivilegedAppContainer", "Computer": "DESKTOP-OFJ6N53", "TimeCreated": "2024-12-11 15:10:02.052416+00:00", "RecordID": "150", "Level": "2", "UserID": "S-1-5-21-963789628-1060504924-4285088085-1001", "EventData.FailureTime": "2024-12-11 15:10:02.052412+00:00", "EventData.StackHash": "0xfa9e6216"}
{"EventID": "1", "Channel": "Microsoft-Windows-Security-LessPrivilegedAppContainer/Operational", "Provider_Name": "Microsoft-Windows-Security-LessPrivilegedAppContainer", "Computer": "DESKTOP-OFJ6N53", "TimeCreated": "2024-12-11 15:10:02.053391+00:00", "RecordID": "151", "Level": "2", "UserID": "S-1-5-21-963789628-1060504924-4285088085-1001", "EventData.FailureTime": "2024-12-11 15:10:02.053389+00:00", "EventData.StackHash": "0x6673efb7"}
{"EventID": "1", "Channel": "Microsoft-Windows-Security-LessPrivilegedAppContainer/Operational", "Provider_Name": "Microsoft-Windows-Security-LessPrivilegedAppContainer", "Computer": "DESKTOP-OFJ6N53", "TimeCreated": "2024-12-11 15:10:02.054548+00:00", "RecordID": "152", "Level": "2", "UserID": "S-1-5-21-963789628-1060504924-4285088085-1001", "EventData.FailureTime": "2024-12-11 15:10:02.054546+00:00", "EventData.StackHash": "0xff474875"}
{"EventID": "1", "Channel": "Microsoft-Windows-Security-LessPrivilegedAppContainer/Operational", "Provider_Name": "Microsoft-Windows-Security-LessPrivilegedAppContainer", "Computer": "DESKTOP-OFJ6N53", "TimeCreated": "2024-12-11 15:10:02.054573+00:00", "RecordID": "153", "Level": "2", "UserID": "S-1-5-21-963789628-1060504924-4285088085-1001", "EventData.FailureTime": "2024-12-11 15:10:02.054573+00:00", "EventData.StackHash": "0xfad0657d"}
{"EventID": "1", "Channel": "Microsoft-Windows-Security-LessPrivilegedAppContainer/Operational", "Provider_Name": "Microsoft-Windows-Security-LessPrivilegedAppContainer", "Computer": "DESKTOP-OFJ6N53", "TimeCreated": "2024-12-11 15:10:02.058983+00:00", "RecordID": "154", "Level": "2", "UserID": "S-1-5-21-963789628-1060504924-4285088085-1001", "EventData.FailureTime": "2024-12-11 15:10:02.058981+00:00", "EventData.StackHash": "0xfaa0df90"}
{"EventID": "1", "Channel": "Microsoft-Windows-Security-LessPrivilegedAppContainer/Operational", "Provider_Name": "Microsoft-Windows-Security-LessPrivilegedAppContainer", "Computer": "DESKTOP-OFJ6N53", "TimeCreated": "2024-12-11 15:10:02.059109+00:00", "RecordID": "155", "Level": "2", "UserID": "S-1-5-21-963789628-1060504924-4285088085-1001", "EventData.FailureTime": "2024-12-11 15:10:02.059107+00:00", "EventData.StackHash": "0x8af1ec53"}
{"EventID": "1", "Channel": "Microsoft-Windows-Security-LessPrivilegedAppContainer/Operational", "Provider_Name": "Microsoft-Windows-Security-LessPrivilegedAppContainer", "Computer": "DESKTOP-OFJ6N53", "TimeCreated": "2024-12-11 15:10:02.059147+00:00", "RecordID": "156", "Level": "2", "UserID": "S-1-5-21-963789628-1060504924-4285088085-1001", "EventData.FailureTime": "2024-12-11 15:10:02.059147+00:00", "EventData.StackHash": "0x2593f273"}
{"EventID": "1", "Channel": "Microsoft-Windows-Security-LessPrivilegedAppContainer/Operational", "Provider_Name": "Microsoft-Windows-Security-LessPrivilegedAppContainer", "Computer": "DESKTOP-OFJ6N53", "TimeCreated": "2024-12-11 15:10:02.059210+00:00", "RecordID": "157", "Level": "2", "UserID": "S-1-5-21-963789628-1060504924-4285088085-1001", "EventData.FailureTime": "2024-12-11 15:10:02.059210+00:00", "EventData.StackHash": "0x71bc4cf9"}
{"EventID": "1", "Channel": "Microsoft-Windows-Security-LessPrivilegedAppContainer/Operational", "Provider_Name": "Microsoft-Windows-Security-LessPrivilegedAppContainer", "Computer": "DESKTOP-OFJ6N53", "TimeCreated": "2024-12-11 15:10:02.060572+00:00", "RecordID": "158", "Level": "2", "UserID": "S-1-5-21-963789628-1060504924-4285088085-1001", "EventData.FailureTime": "2024-12-11 15:10:02.060570+00:00", "EventData.StackHash": "0xfaac45c0"}
{"EventID": "1", "Channel": "Microsoft-Windows-Security-LessPrivilegedAppContainer/Operational", "Provider_Name": "Microsoft-Windows-Security-LessPrivilegedAppContainer", "Computer": "DESKTOP-OFJ6N53", "TimeCreated": "2024-12-11 15:10:02.060682+00:00", "RecordID": "159", "Level": "2", "UserID": "S-1-5-21-963789628-1060504924-4285088085-1001", "EventData.FailureTime": "2024-12-11 15:10:02.060682+00:00", "EventData.StackHash": "0xfaac46f6"}
{"EventID": "1", "Channel": "Microsoft-Windows-Security-LessPrivilegedAppContainer/Operational", "Provider_Name": "Microsoft-Windows-Security-LessPrivilegedAppContainer", "Computer": "DESKTOP-OFJ6N53", "TimeCreated": "2024-12-11 15:10:02.061319+00:00", "RecordID": "160", "Level": "2", "UserID": "S-1-5-21-963789628-1060504924-4285088085-1001", "EventData.FailureTime": "2024-12-11 15:10:02.061317+00:00", "EventData.StackHash": "0xfa9bf81e"}
{"EventID": "1", "Channel": "Microsoft-Windows-Security-LessPrivilegedAppContainer/Operational", "Provider_Name": "Microsoft-Windows-Security-LessPrivilegedAppContainer", "Computer": "DESKTOP-OFJ6N53", "TimeCreated": "2024-12-11 15:10:02.062529+00:00", "RecordID": "161", "Level": "2", "UserID": "S-1-5-21-963789628-1060504924-4285088085-1001", "EventData.FailureTime": "2024-12-11 15:10:02.062527+00:00", "EventData.StackHash": "0xfa9c219e"}
{"EventID": "1", "Channel": "Microsoft-Windows-Security-LessPrivilegedAppContainer/Operational", "Provider_Name": "Microsoft-Windows-Security-LessPrivilegedAppContainer", "Computer": "DESKTOP-OFJ6N53", "TimeCreated": "2024-12-11 15:10:02.062546+00:00", "RecordID": "162", "Level": "2", "UserID": "S-1-5-21-963789628-1060504924-4285088085-1001", "EventData.FailureTime": "2024-12-11 15:10:02.062546+00:00", "EventData.StackHash": "0xfa9c2243"}
{"EventID": "1", "Channel": "Microsoft-Windows-Security-LessPrivilegedAppContainer/Operational", "Provider_Name": "Microsoft-Windows-Security-LessPrivilegedAppContainer", "Computer": "DESKTOP-OFJ6N53", "TimeCreated": "2024-12-11 15:10:02.062860+00:00", "RecordID": "163", "Level": "2", "UserID": "S-1-5-21-963789628-1060504924-4285088085-1001", "EventData.FailureTime": "2024-12-11 15:10:02.062859+00:00", "EventData.StackHash": "0xfa84c7ce"}
{"EventID": "1", "Channel": "Microsoft-Windows-Security-LessPrivilegedAppContainer/Operational", "Provider_Name": "Microsoft-Windows-Security-LessPrivilegedAppContainer", "Computer": "DESKTOP-OFJ6N53", "TimeCreated": "2024-12-11 15:10:02.062948+00:00", "RecordID": "164", "Level": "2", "UserID": "S-1-5-21-963789628-1060504924-4285088085-1001", "EventData.FailureTime": "2024-12-11 15:10:02.062946+00:00", "EventData.StackHash": "0xfa831545"}
{"EventID": "1", "Channel": "Microsoft-Windows-Security-LessPrivilegedAppContainer/Operational", "Provider_Name": "Microsoft-Windows-Security-LessPrivilegedAppContainer", "Computer": "DESKTOP-OFJ6N53", "TimeCreated": "2024-12-11 15:10:02.063669+00:00", "RecordID": "165", "Level": "2", "UserID": "S-1-5-21-963789628-1060504924-4285088085-1001", "EventData.FailureTime": "2024-12-11 15:10:02.063667+00:00", "EventData.StackHash": "0xfaad813e"}
{"EventID": "1", "Channel": "Microsoft-Windows-Security-LessPrivilegedAppContainer/Operational", "Provider_Name": "Microsoft-Windows-Security-LessPrivilegedAppContainer", "Computer": "DESKTOP-OFJ6N53", "TimeCreated": "2024-12-11 15:10:02.063690+00:00", "RecordID": "166", "Level": "2", "UserID": "S-1-5-21-963789628-1060504924-4285088085-1001", "EventData.FailureTime": "2024-12-11 15:10:02.063688+00:00", "EventData.StackHash": "0xfaad813e"}
{"EventID": "1", "Channel": "Microsoft-Windows-Security-LessPrivilegedAppContainer/Operational", "Provider_Name": "Microsoft-Windows-Security-LessPrivilegedAppContainer", "Computer": "DESKTOP-OFJ6N53", "TimeCreated": "2024-12-11 15:10:02.063702+00:00", "RecordID": "167", "Level": "2", "UserID": "S-1-5-21-963789628-1060504924-4285088085-1001", "EventData.FailureTime": "2024-12-11 15:10:02.063702+00:00", "EventData.StackHash": "0xfaad813e"}
{"EventID": "1", "Channel": "Microsoft-Windows-Security-LessPrivilegedAppContainer/Operational", "Provider_Name": "Microsoft-Windows-Security-LessPrivilegedAppContainer", "Computer": "DESKTOP-OFJ6N53", "TimeCreated": "2024-12-11 15:10:02.063713+00:00", "RecordID": "168", "Level": "2", "UserID": "S-1-5-21-963789628-1060504924-4285088085-1001", "EventData.FailureTime": "2024-12-11 15:10:02.063713+00:00", "EventData.StackHash": "0xfaad813e"}
{"EventID": "1", "Channel": "Microsoft-Windows-Security-LessPrivilegedAppContainer/Operational", "Provider_Name": "Microsoft-Windows-Security-LessPrivilegedAppContainer", "Computer": "DESKTOP-OFJ6N53", "TimeCreated": "2024-12-11 15:10:02.063728+00:00", "RecordID": "169", "Level": "2", "UserID": "S-1-5-21-963789628-1060504924-4285088085-1001", "EventData.FailureTime": "2024-12-11 15:10:02.063726+00:00", "EventData.StackHash": "0xfaae3d4d"}
{"EventID": "1", "Channel": "Microsoft-Windows-Security-LessPrivilegedAppContainer/Operational", "Provider_Name": "Microsoft-Windows-Security-LessPrivilegedAppContainer", "Computer": "DESKTOP-OFJ6N53", "TimeCreated": "2024-12-11 15:10:02.064356+00:00", "RecordID": "170", "Level": "2", "UserID": "S-1-5-21-963789628-1060504924-4285088085-1001", "EventData.FailureTime": "2024-12-11 15:10:02.064354+00:00", "EventData.StackHash": "0xfab37b6d"}
{"EventID": "1", "Channel": "Microsoft-Windows-Security-LessPrivilegedAppContainer/Operational", "Provider_Name": "Microsoft-Windows-Security-LessPrivilegedAppContainer", "Computer": "DESKTOP-OFJ6N53", "TimeCreated": "2024-12-11 15:10:02.064373+00:00", "RecordID": "171", "Level": "2", "UserID": "S-1-5-21-963789628-1060504924-4285088085-1001", "EventData.FailureTime": "2024-12-11 15:10:02.064373+00:00", "EventData.StackHash": "0xfab37b84"}
{"EventID": "1", "Channel": "Microsoft-Windows-Security-LessPrivilegedAppContainer/Operational", "Provider_Name": "Microsoft-Windows-Security-LessPrivilegedAppContainer", "Computer": "DESKTOP-OFJ6N53", "TimeCreated": "2024-12-11 15:10:02.064924+00:00", "RecordID": "172", "Level": "2", "UserID": "S-1-5-21-963789628-1060504924-4285088085-1001", "EventData.FailureTime": "2024-12-11 15:10:02.064922+00:00", "EventData.StackHash": "0x2af3e11f"}
{"EventID": "1", "Channel": "Microsoft-Windows-Security-LessPrivilegedAppContainer/Operational", "Provider_Name": "Microsoft-Windows-Security-LessPrivilegedAppContainer", "Computer": "DESKTOP-OFJ6N53", "TimeCreated": "2024-12-11 15:10:02.068014+00:00", "RecordID": "173", "Level": "2", "UserID": "S-1-5-21-963789628-1060504924-4285088085-1001", "EventData.FailureTime": "2024-12-11 15:10:02.067976+00:00", "EventData.StackHash": "0x829566d9"}
{"EventID": "1", "Channel": "Microsoft-Windows-Security-LessPrivilegedAppContainer/Operational", "Provider_Name": "Microsoft-Windows-Security-LessPrivilegedAppContainer", "Computer": "DESKTOP-OFJ6N53", "TimeCreated": "2024-12-11 15:10:02.068501+00:00", "RecordID": "174", "Level": "2", "UserID": "S-1-5-21-963789628-1060504924-4285088085-1001", "EventData.FailureTime": "2024-12-11 15:10:02.068499+00:00", "EventData.StackHash": "0x6673efb7"}
{"EventID": "1", "Channel": "Microsoft-Windows-Security-LessPrivilegedAppContainer/Operational", "Provider_Name": "Microsoft-Windows-Security-LessPrivilegedAppContainer", "Computer": "DESKTOP-OFJ6N53", "TimeCreated": "2024-12-11 15:10:02.074373+00:00", "RecordID": "175", "Level": "2", "UserID": "S-1-5-21-963789628-1060504924-4285088085-1001", "EventData.FailureTime": "2024-12-11 15:10:02.074371+00:00", "EventData.StackHash": "0xfaac45c0"}
{"EventID": "1", "Channel": "Microsoft-Windows-Security-LessPrivilegedAppContainer/Operational", "Provider_Name": "Microsoft-Windows-Security-LessPrivilegedAppContainer", "Computer": "DESKTOP-OFJ6N53", "TimeCreated": "2024-12-11 15:10:02.074492+00:00", "RecordID": "176", "Level": "2", "UserID": "S-1-5-21-963789628-1060504924-4285088085-1001", "EventData.FailureTime": "2024-12-11 15:10:02.074492+00:00", "EventData.StackHash": "0xfaac46f6"}
{"EventID": "1", "Channel": "Microsoft-Windows-Security-LessPrivilegedAppContainer/Operational", "Provider_Name": "Microsoft-Windows-Security-LessPrivilegedAppContainer", "Computer": "DESKTOP-OFJ6N53", "TimeCreated": "2024-12-11 15:10:02.076010+00:00", "RecordID": "177", "Level": "2", "UserID": "S-1-5-21-963789628-1060504924-4285088085-1001", "EventData.FailureTime": "2024-12-11 15:10:02.076006+00:00", "EventData.StackHash": "0x829566d9"}
{"EventID": "1", "Channel": "Microsoft-Windows-Security-LessPrivilegedAppContainer/Operational", "Provider_Name": "Microsoft-Windows-Security-LessPrivilegedAppContainer", "Computer": "DESKTOP-OFJ6N53", "TimeCreated": "2024-12-11 15:10:02.076460+00:00", "RecordID": "178", "Level": "2", "UserID": "S-1-5-21-963789628-1060504924-4285088085-1001", "EventData.FailureTime": "2024-12-11 15:10:02.076458+00:00", "EventData.StackHash": "0x6673efb7"}
{"EventID": "1", "Channel": "Microsoft-Windows-Security-LessPrivilegedAppContainer/Operational", "Provider_Name": "Microsoft-Windows-Security-LessPrivilegedAppContainer", "Computer": "DESKTOP-OFJ6N53", "TimeCreated": "2024-12-11 15:10:02.081530+00:00", "RecordID": "179", "Level": "2", "UserID": "S-1-5-21-963789628-1060504924-4285088085-1001", "EventData.FailureTime": "2024-12-11 15:10:02.081526+00:00", "EventData.StackHash": "0xfaac45c0"}
{"EventID": "1", "Channel": "Microsoft-Windows-Security-LessPrivilegedAppContainer/Operational", "Provider_Name": "Microsoft-Windows-Security-LessPrivilegedAppContainer", "Computer": "DESKTOP-OFJ6N53", "TimeCreated": "2024-12-11 15:10:02.081652+00:00", "RecordID": "180", "Level": "2", "UserID": "S-1-5-21-963789628-1060504924-4285088085-1001", "EventData.FailureTime": "2024-12-11 15:10:02.081652+00:00", "EventData.StackHash": "0xfaac46f6"}
{"EventID": "1", "Channel": "Microsoft-Windows-Security-LessPrivilegedAppContainer/Operational", "Provider_Name": "Microsoft-Windows-Security-LessPrivilegedAppContainer", "Computer": "DESKTOP-OFJ6N53", "TimeCreated": "2024-12-19 09:51:43.611120+00:00", "RecordID": "181", "Level": "2", "UserID": "S-1-5-21-963789628-1060504924-4285088085-1001", "EventData.FailureTime": "2024-12-19 09:51:43.611120+00:00", "EventData.StackHash": "0x951d4f12"}
{"EventID": "1", "Channel": "Microsoft-Windows-Security-LessPrivilegedAppContainer/Operational", "Provider_Name": "Microsoft-Windows-Security-LessPrivilegedAppContainer", "Computer": "DESKTOP-OFJ6N53", "TimeCreated": "2024-12-19 09:51:43.681278+00:00", "RecordID": "182", "Level": "2", "UserID": "S-1-5-21-963789628-1060504924-4285088085-1001", "EventData.FailureTime": "2024-12-19 09:51:43.681276+00:00", "EventData.StackHash": "0x65ccb30b"}
{"EventID": "1", "Channel": "Microsoft-Windows-Security-LessPrivilegedAppContainer/Operational", "Provider_Name": "Microsoft-Windows-Security-LessPrivilegedAppContainer", "Computer": "DESKTOP-OFJ6N53", "TimeCreated": "2024-12-19 09:51:43.685453+00:00", "RecordID": "183", "Level": "2", "UserID": "S-1-5-21-963789628-1060504924-4285088085-1001", "EventData.FailureTime": "2024-12-19 09:51:43.685452+00:00", "EventData.StackHash": "0x951d4f12"}
{"EventID": "1", "Channel": "Microsoft-Windows-Security-LessPrivilegedAppContainer/Operational", "Provider_Name": "Microsoft-Windows-Security-LessPrivilegedAppContainer", "Computer": "DESKTOP-OFJ6N53", "TimeCreated": "2024-12-19 09:51:51.416044+00:00", "RecordID": "184", "Level": "2", "UserID": "S-1-5-21-963789628-1060504924-4285088085-1001", "EventData.FailureTime": "2024-12-19 09:51:51.416040+00:00", "EventData.StackHash": "0x951d4f12"}
{"EventID": "1", "Channel": "Microsoft-Windows-Security-LessPrivilegedAppContainer/Operational", "Provider_Name": "Microsoft-Windows-Security-LessPrivilegedAppContainer", "Computer": "DESKTOP-OFJ6N53", "TimeCreated": "2024-12-19 09:51:53.324045+00:00", "RecordID": "185", "Level": "2", "UserID": "S-1-5-21-963789628-1060504924-4285088085-1001", "EventData.FailureTime": "2024-12-19 09:51:53.324043+00:00", "EventData.StackHash": "0xfa9e50f0"}
{"EventID": "1", "Channel": "Microsoft-Windows-Security-LessPrivilegedAppContainer/Operational", "Provider_Name": "Microsoft-Windows-Security-LessPrivilegedAppContainer", "Computer": "DESKTOP-OFJ6N53", "TimeCreated": "2024-12-19 09:51:53.324104+00:00", "RecordID": "186", "Level": "2", "UserID": "S-1-5-21-963789628-1060504924-4285088085-1001", "EventData.FailureTime": "2024-12-19 09:51:53.324104+00:00", "EventData.StackHash": "0xfa9e5112"}
{"EventID": "1", "Channel": "Microsoft-Windows-Security-LessPrivilegedAppContainer/Operational", "Provider_Name": "Microsoft-Windows-Security-LessPrivilegedAppContainer", "Computer": "DESKTOP-OFJ6N53", "TimeCreated": "2024-12-19 09:51:53.324186+00:00", "RecordID": "187", "Level": "2", "UserID": "S-1-5-21-963789628-1060504924-4285088085-1001", "EventData.FailureTime": "2024-12-19 09:51:53.324184+00:00", "EventData.StackHash": "0xfa98c26a"}
{"EventID": "1", "Channel": "Microsoft-Windows-Security-LessPrivilegedAppContainer/Operational", "Provider_Name": "Microsoft-Windows-Security-LessPrivilegedAppContainer", "Computer": "DESKTOP-OFJ6N53", "TimeCreated": "2024-12-19 09:51:53.325014+00:00", "RecordID": "188", "Level": "2", "UserID": "S-1-5-21-963789628-1060504924-4285088085-1001", "EventData.FailureTime": "2024-12-19 09:51:53.325012+00:00", "EventData.StackHash": "0xfab1af6f"}
{"EventID": "1", "Channel": "Microsoft-Windows-Security-LessPrivilegedAppContainer/Operational", "Provider_Name": "Microsoft-Windows-Security-LessPrivilegedAppContainer", "Computer": "DESKTOP-OFJ6N53", "TimeCreated": "2024-12-19 09:51:53.325041+00:00", "RecordID": "189", "Level": "2", "UserID": "S-1-5-21-963789628-1060504924-4285088085-1001", "EventData.FailureTime": "2024-12-19 09:51:53.325039+00:00", "EventData.StackHash": "0xfab31b05"}
{"EventID": "1", "Channel": "Microsoft-Windows-Security-LessPrivilegedAppContainer/Operational", "Provider_Name": "Microsoft-Windows-Security-LessPrivilegedAppContainer", "Computer": "DESKTOP-OFJ6N53", "TimeCreated": "2024-12-19 09:51:53.325575+00:00", "RecordID": "190", "Level": "2", "UserID": "S-1-5-21-963789628-1060504924-4285088085-1001", "EventData.FailureTime": "2024-12-19 09:51:53.325575+00:00", "EventData.StackHash": "0x7632825a"}
{"EventID": "1", "Channel": "Microsoft-Windows-Security-LessPrivilegedAppContainer/Operational", "Provider_Name": "Microsoft-Windows-Security-LessPrivilegedAppContainer", "Computer": "DESKTOP-OFJ6N53", "TimeCreated": "2024-12-19 09:51:53.325802+00:00", "RecordID": "191", "Level": "2", "UserID": "S-1-5-21-963789628-1060504924-4285088085-1001", "EventData.FailureTime": "2024-12-19 09:51:53.325802+00:00", "EventData.StackHash": "0x82956699"}
{"EventID": "1", "Channel": "Microsoft-Windows-Security-LessPrivilegedAppContainer/Operational", "Provider_Name": "Microsoft-Windows-Security-LessPrivilegedAppContainer", "Computer": "DESKTOP-OFJ6N53", "TimeCreated": "2024-12-19 09:51:53.327431+00:00", "RecordID": "192", "Level": "2", "UserID": "S-1-5-21-963789628-1060504924-4285088085-1001", "EventData.FailureTime": "2024-12-19 09:51:53.327429+00:00", "EventData.StackHash": "0xfaabd1db"}
{"EventID": "1", "Channel": "Microsoft-Windows-Security-LessPrivilegedAppContainer/Operational", "Provider_Name": "Microsoft-Windows-Security-LessPrivilegedAppContainer", "Computer": "DESKTOP-OFJ6N53", "TimeCreated": "2024-12-19 09:51:53.327478+00:00", "RecordID": "193", "Level": "2", "UserID": "S-1-5-21-963789628-1060504924-4285088085-1001", "EventData.FailureTime": "2024-12-19 09:51:53.327478+00:00", "EventData.StackHash": "0xfaab55e8"}
{"EventID": "1", "Channel": "Microsoft-Windows-Security-LessPrivilegedAppContainer/Operational", "Provider_Name": "Microsoft-Windows-Security-LessPrivilegedAppContainer", "Computer": "DESKTOP-OFJ6N53", "TimeCreated": "2024-12-19 09:51:53.327524+00:00", "RecordID": "194", "Level": "2", "UserID": "S-1-5-21-963789628-1060504924-4285088085-1001", "EventData.FailureTime": "2024-12-19 09:51:53.327522+00:00", "EventData.StackHash": "0xfaab55f4"}
{"EventID": "1", "Channel": "Microsoft-Windows-Security-LessPrivilegedAppContainer/Operational", "Provider_Name": "Microsoft-Windows-Security-LessPrivilegedAppContainer", "Computer": "DESKTOP-OFJ6N53", "TimeCreated": "2024-12-19 09:51:53.328741+00:00", "RecordID": "195", "Level": "2", "UserID": "S-1-5-21-963789628-1060504924-4285088085-1001", "EventData.FailureTime": "2024-12-19 09:51:53.328739+00:00", "EventData.StackHash": "0xfa9e6216"}
{"EventID": "1", "Channel": "Microsoft-Windows-Security-LessPrivilegedAppContainer/Operational", "Provider_Name": "Microsoft-Windows-Security-LessPrivilegedAppContainer", "Computer": "DESKTOP-OFJ6N53", "TimeCreated": "2024-12-19 09:51:53.330261+00:00", "RecordID": "196", "Level": "2", "UserID": "S-1-5-21-963789628-1060504924-4285088085-1001", "EventData.FailureTime": "2024-12-19 09:51:53.330259+00:00", "EventData.StackHash": "0x6673ef77"}
{"EventID": "1", "Channel": "Microsoft-Windows-Security-LessPrivilegedAppContainer/Operational", "Provider_Name": "Microsoft-Windows-Security-LessPrivilegedAppContainer", "Computer": "DESKTOP-OFJ6N53", "TimeCreated": "2024-12-19 09:51:53.331318+00:00", "RecordID": "197", "Level": "2", "UserID": "S-1-5-21-963789628-1060504924-4285088085-1001", "EventData.FailureTime": "2024-12-19 09:51:53.331314+00:00", "EventData.StackHash": "0xff4748b5"}
{"EventID": "1", "Channel": "Microsoft-Windows-Security-LessPrivilegedAppContainer/Operational", "Provider_Name": "Microsoft-Windows-Security-LessPrivilegedAppContainer", "Computer": "DESKTOP-OFJ6N53", "TimeCreated": "2024-12-19 09:51:53.331343+00:00", "RecordID": "198", "Level": "2", "UserID": "S-1-5-21-963789628-1060504924-4285088085-1001", "EventData.FailureTime": "2024-12-19 09:51:53.331343+00:00", "EventData.StackHash": "0xfad0657d"}
{"EventID": "1", "Channel": "Microsoft-Windows-Security-LessPrivilegedAppContainer/Operational", "Provider_Name": "Microsoft-Windows-Security-LessPrivilegedAppContainer", "Computer": "DESKTOP-OFJ6N53", "TimeCreated": "2024-12-19 09:51:53.336449+00:00", "RecordID": "199", "Level": "2", "UserID": "S-1-5-21-963789628-1060504924-4285088085-1001", "EventData.FailureTime": "2024-12-19 09:51:53.336447+00:00", "EventData.StackHash": "0xfaa0df90"}
{"EventID": "1", "Channel": "Microsoft-Windows-Security-LessPrivilegedAppContainer/Operational", "Provider_Name": "Microsoft-Windows-Security-LessPrivilegedAppContainer", "Computer": "DESKTOP-OFJ6N53", "TimeCreated": "2024-12-19 09:51:53.336605+00:00", "RecordID": "200", "Level": "2", "UserID": "S-1-5-21-963789628-1060504924-4285088085-1001", "EventData.FailureTime": "2024-12-19 09:51:53.336603+00:00", "EventData.StackHash": "0x8af1ec53"}
{"EventID": "1", "Channel": "Microsoft-Windows-Security-LessPrivilegedAppContainer/Operational", "Provider_Name": "Microsoft-Windows-Security-LessPrivilegedAppContainer", "Computer": "DESKTOP-OFJ6N53", "TimeCreated": "2024-12-19 09:51:53.337460+00:00", "RecordID": "201", "Level": "2", "UserID": "S-1-5-21-963789628-1060504924-4285088085-1001", "EventData.FailureTime": "2024-12-19 09:51:53.337458+00:00", "EventData.StackHash": "0x2593f273"}
{"EventID": "1", "Channel": "Microsoft-Windows-Security-LessPrivilegedAppContainer/Operational", "Provider_Name": "Microsoft-Windows-Security-LessPrivilegedAppContainer", "Computer": "DESKTOP-OFJ6N53", "TimeCreated": "2024-12-19 09:51:53.337532+00:00", "RecordID": "202", "Level": "2", "UserID": "S-1-5-21-963789628-1060504924-4285088085-1001", "EventData.FailureTime": "2024-12-19 09:51:53.337530+00:00", "EventData.StackHash": "0x71bc4cf9"}
{"EventID": "1", "Channel": "Microsoft-Windows-Security-LessPrivilegedAppContainer/Operational", "Provider_Name": "Microsoft-Windows-Security-LessPrivilegedAppContainer", "Computer": "DESKTOP-OFJ6N53", "TimeCreated": "2024-12-19 09:51:53.339117+00:00", "RecordID": "203", "Level": "2", "UserID": "S-1-5-21-963789628-1060504924-4285088085-1001", "EventData.FailureTime": "2024-12-19 09:51:53.339113+00:00", "EventData.StackHash": "0xfaac45c0"}
{"EventID": "1", "Channel": "Microsoft-Windows-Security-LessPrivilegedAppContainer/Operational", "Provider_Name": "Microsoft-Windows-Security-LessPrivilegedAppContainer", "Computer": "DESKTOP-OFJ6N53", "TimeCreated": "2024-12-19 09:51:53.339224+00:00", "RecordID": "204", "Level": "2", "UserID": "S-1-5-21-963789628-1060504924-4285088085-1001", "EventData.FailureTime": "2024-12-19 09:51:53.339224+00:00", "EventData.StackHash": "0xfaac46f6"}
{"EventID": "1", "Channel": "Microsoft-Windows-Security-LessPrivilegedAppContainer/Operational", "Provider_Name": "Microsoft-Windows-Security-LessPrivilegedAppContainer", "Computer": "DESKTOP-OFJ6N53", "TimeCreated": "2024-12-19 09:51:53.339935+00:00", "RecordID": "205", "Level": "2", "UserID": "S-1-5-21-963789628-1060504924-4285088085-1001", "EventData.FailureTime": "2024-12-19 09:51:53.339935+00:00", "EventData.StackHash": "0xfa9bf81e"}
{"EventID": "1", "Channel": "Microsoft-Windows-Security-LessPrivilegedAppContainer/Operational", "Provider_Name": "Microsoft-Windows-Security-LessPrivilegedAppContainer", "Computer": "DESKTOP-OFJ6N53", "TimeCreated": "2024-12-19 09:51:53.341127+00:00", "RecordID": "206", "Level": "2", "UserID": "S-1-5-21-963789628-1060504924-4285088085-1001", "EventData.FailureTime": "2024-12-19 09:51:53.341125+00:00", "EventData.StackHash": "0xfa9c219e"}
{"EventID": "1", "Channel": "Microsoft-Windows-Security-LessPrivilegedAppContainer/Operational", "Provider_Name": "Microsoft-Windows-Security-LessPrivilegedAppContainer", "Computer": "DESKTOP-OFJ6N53", "TimeCreated": "2024-12-19 09:51:53.341143+00:00", "RecordID": "207", "Level": "2", "UserID": "S-1-5-21-963789628-1060504924-4285088085-1001", "EventData.FailureTime": "2024-12-19 09:51:53.341143+00:00", "EventData.StackHash": "0xfa9c2243"}
{"EventID": "1", "Channel": "Microsoft-Windows-Security-LessPrivilegedAppContainer/Operational", "Provider_Name": "Microsoft-Windows-Security-LessPrivilegedAppContainer", "Computer": "DESKTOP-OFJ6N53", "TimeCreated": "2024-12-19 09:51:53.341524+00:00", "RecordID": "208", "Level": "2", "UserID": "S-1-5-21-963789628-1060504924-4285088085-1001", "EventData.FailureTime": "2024-12-19 09:51:53.341522+00:00", "EventData.StackHash": "0xfa84c7ce"}
{"EventID": "1", "Channel": "Microsoft-Windows-Security-LessPrivilegedAppContainer/Operational", "Provider_Name": "Microsoft-Windows-Security-LessPrivilegedAppContainer", "Computer": "DESKTOP-OFJ6N53", "TimeCreated": "2024-12-19 09:51:53.341600+00:00", "RecordID": "209", "Level": "2", "UserID": "S-1-5-21-963789628-1060504924-4285088085-1001", "EventData.FailureTime": "2024-12-19 09:51:53.341599+00:00", "EventData.StackHash": "0xfa831545"}
{"EventID": "1", "Channel": "Microsoft-Windows-Security-LessPrivilegedAppContainer/Operational", "Provider_Name": "Microsoft-Windows-Security-LessPrivilegedAppContainer", "Computer": "DESKTOP-OFJ6N53", "TimeCreated": "2024-12-19 09:51:53.342180+00:00", "RecordID": "210", "Level": "2", "UserID": "S-1-5-21-963789628-1060504924-4285088085-1001", "EventData.FailureTime": "2024-12-19 09:51:53.342178+00:00", "EventData.StackHash": "0xfaad813e"}
{"EventID": "1", "Channel": "Microsoft-Windows-Security-LessPrivilegedAppContainer/Operational", "Provider_Name": "Microsoft-Windows-Security-LessPrivilegedAppContainer", "Computer": "DESKTOP-OFJ6N53", "TimeCreated": "2024-12-19 09:51:53.342196+00:00", "RecordID": "211", "Level": "2", "UserID": "S-1-5-21-963789628-1060504924-4285088085-1001", "EventData.FailureTime": "2024-12-19 09:51:53.342196+00:00", "EventData.StackHash": "0xfaad813e"}
{"EventID": "1", "Channel": "Microsoft-Windows-Security-LessPrivilegedAppContainer/Operational", "Provider_Name": "Microsoft-Windows-Security-LessPrivilegedAppContainer", "Computer": "DESKTOP-OFJ6N53", "TimeCreated": "2024-12-19 09:51:53.342205+00:00", "RecordID": "212", "Level": "2", "UserID": "S-1-5-21-963789628-1060504924-4285088085-1001", "EventData.FailureTime": "2024-12-19 09:51:53.342205+00:00", "EventData.StackHash": "0xfaad813e"}
{"EventID": "1", "Channel": "Microsoft-Windows-Security-LessPrivilegedAppContainer/Operational", "Provider_Name": "Microsoft-Windows-Security-LessPrivilegedAppContainer", "Computer": "DESKTOP-OFJ6N53", "TimeCreated": "2024-12-19 09:51:53.342215+00:00", "RecordID": "213", "Level": "2", "UserID": "S-1-5-21-963789628-1060504924-4285088085-1001", "EventData.FailureTime": "2024-12-19 09:51:53.342215+00:00", "EventData.StackHash": "0xfaad813e"}
{"EventID": "1", "Channel": "Microsoft-Windows-Security-LessPrivilegedAppContainer/Operational", "Provider_Name": "Microsoft-Windows-Security-LessPrivilegedAppContainer", "Computer": "DESKTOP-OFJ6N53", "TimeCreated": "2024-12-19 09:51:53.342232+00:00", "RecordID": "214", "Level": "2", "UserID": "S-1-5-21-963789628-1060504924-4285088085-1001", "EventData.FailureTime": "2024-12-19 09:51:53.342230+00:00", "EventData.StackHash": "0xfaae3d4d"}
{"EventID": "1", "Channel": "Microsoft-Windows-Security-LessPrivilegedAppContainer/Operational", "Provider_Name": "Microsoft-Windows-Security-LessPrivilegedAppContainer", "Computer": "DESKTOP-OFJ6N53", "TimeCreated": "2024-12-19 09:51:53.344599+00:00", "RecordID": "215", "Level": "2", "UserID": "S-1-5-21-963789628-1060504924-4285088085-1001", "EventData.FailureTime": "2024-12-19 09:51:53.344597+00:00", "EventData.StackHash": "0xfab37b6d"}
{"EventID": "1", "Channel": "Microsoft-Windows-Security-LessPrivilegedAppContainer/Operational", "Provider_Name": "Microsoft-Windows-Security-LessPrivilegedAppContainer", "Computer": "DESKTOP-OFJ6N53", "TimeCreated": "2024-12-19 09:51:53.344618+00:00", "RecordID": "216", "Level": "2", "UserID": "S-1-5-21-963789628-1060504924-4285088085-1001", "EventData.FailureTime": "2024-12-19 09:51:53.344618+00:00", "EventData.StackHash": "0xfab37b84"}
{"EventID": "1", "Channel": "Microsoft-Windows-Security-LessPrivilegedAppContainer/Operational", "Provider_Name": "Microsoft-Windows-Security-LessPrivilegedAppContainer", "Computer": "DESKTOP-OFJ6N53", "TimeCreated": "2024-12-19 09:51:53.345064+00:00", "RecordID": "217", "Level": "2", "UserID": "S-1-5-21-963789628-1060504924-4285088085-1001", "EventData.FailureTime": "2024-12-19 09:51:53.345064+00:00", "EventData.StackHash": "0x2af3e11f"}
{"EventID": "1", "Channel": "Microsoft-Windows-Security-LessPrivilegedAppContainer/Operational", "Provider_Name": "Microsoft-Windows-Security-LessPrivilegedAppContainer", "Computer": "DESKTOP-OFJ6N53", "TimeCreated": "2024-12-19 09:51:53.359106+00:00", "RecordID": "218", "Level": "2", "UserID": "S-1-5-21-963789628-1060504924-4285088085-1001", "EventData.FailureTime": "2024-12-19 09:51:53.359102+00:00", "EventData.StackHash": "0x82956699"}
{"EventID": "1", "Channel": "Microsoft-Windows-Security-LessPrivilegedAppContainer/Operational", "Provider_Name": "Microsoft-Windows-Security-LessPrivilegedAppContainer", "Computer": "DESKTOP-OFJ6N53", "TimeCreated": "2024-12-19 09:51:53.359760+00:00", "RecordID": "219", "Level": "2", "UserID": "S-1-5-21-963789628-1060504924-4285088085-1001", "EventData.FailureTime": "2024-12-19 09:51:53.359760+00:00", "EventData.StackHash": "0x6673ef77"}
{"EventID": "1", "Channel": "Microsoft-Windows-Security-LessPrivilegedAppContainer/Operational", "Provider_Name": "Microsoft-Windows-Security-LessPrivilegedAppContainer", "Computer": "DESKTOP-OFJ6N53", "TimeCreated": "2024-12-19 09:51:53.365059+00:00", "RecordID": "220", "Level": "2", "UserID": "S-1-5-21-963789628-1060504924-4285088085-1001", "EventData.FailureTime": "2024-12-19 09:51:53.365055+00:00", "EventData.StackHash": "0xfaac45c0"}
{"EventID": "1", "Channel": "Microsoft-Windows-Security-LessPrivilegedAppContainer/Operational", "Provider_Name": "Microsoft-Windows-Security-LessPrivilegedAppContainer", "Computer": "DESKTOP-OFJ6N53", "TimeCreated": "2024-12-19 09:51:53.365200+00:00", "RecordID": "221", "Level": "2", "UserID": "S-1-5-21-963789628-1060504924-4285088085-1001", "EventData.FailureTime": "2024-12-19 09:51:53.365198+00:00", "EventData.StackHash": "0xfaac46f6"}
{"EventID": "1", "Channel": "Microsoft-Windows-Security-LessPrivilegedAppContainer/Operational", "Provider_Name": "Microsoft-Windows-Security-LessPrivilegedAppContainer", "Computer": "DESKTOP-OFJ6N53", "TimeCreated": "2024-12-19 09:51:53.366695+00:00", "RecordID": "222", "Level": "2", "UserID": "S-1-5-21-963789628-1060504924-4285088085-1001", "EventData.FailureTime": "2024-12-19 09:51:53.366693+00:00", "EventData.StackHash": "0x82956699"}
{"EventID": "1", "Channel": "Microsoft-Windows-Security-LessPrivilegedAppContainer/Operational", "Provider_Name": "Microsoft-Windows-Security-LessPrivilegedAppContainer", "Computer": "DESKTOP-OFJ6N53", "TimeCreated": "2024-12-19 09:51:53.367243+00:00", "RecordID": "223", "Level": "2", "UserID": "S-1-5-21-963789628-1060504924-4285088085-1001", "EventData.FailureTime": "2024-12-19 09:51:53.367241+00:00", "EventData.StackHash": "0x6673ef77"}
{"EventID": "1", "Channel": "Microsoft-Windows-Security-LessPrivilegedAppContainer/Operational", "Provider_Name": "Microsoft-Windows-Security-LessPrivilegedAppContainer", "Computer": "DESKTOP-OFJ6N53", "TimeCreated": "2024-12-19 09:51:53.372198+00:00", "RecordID": "224", "Level": "2", "UserID": "S-1-5-21-963789628-1060504924-4285088085-1001", "EventData.FailureTime": "2024-12-19 09:51:53.372194+00:00", "EventData.StackHash": "0xfaac45c0"}
{"EventID": "1", "Channel": "Microsoft-Windows-Security-LessPrivilegedAppContainer/Operational", "Provider_Name": "Microsoft-Windows-Security-LessPrivilegedAppContainer", "Computer": "DESKTOP-OFJ6N53", "TimeCreated": "2024-12-19 09:51:53.372309+00:00", "RecordID": "225", "Level": "2", "UserID": "S-1-5-21-963789628-1060504924-4285088085-1001", "EventData.FailureTime": "2024-12-19 09:51:53.372307+00:00", "EventData.StackHash": "0xfaac46f6"}
