{"EventID": "42", "Channel": "Microsoft-Windows-Kernel-WHEA/Operational", "Provider_Name": "Microsoft-Windows-Kernel-WHEA", "Computer": "DESKTOP-OFJ6N53", "TimeCreated": "2022-09-22 12:40:21.445120+00:00", "RecordID": "108", "Level": "4", "UserID": "S-1-5-18", "EventData.Type": "0", "EventData.Owner": "1280201291", "EventData.Id": "2147483650", "EventData.Flags": "2", "EventData.Length": "5392", "EventData.RawData": "V2hMZwEAAAAQFQAAAAAAAEtSTkwCAACAAgAAAPAUAABQIDBmCN3//yivjRAF+P//AAAAAAAAAAAAAAAAAQAAAPgpAABXaGVhEAAAAAAAAAAAIKhoCN3//wAAAAAAAAAAAwAAAHwNAAAAAAAAAAAAAAAAAAAAAAAAAAAAAAAAAADMAwAACwAAABAAAAACAAAALA0AAAEAAAADAAAAAAAAAAAAAAAAAAAAAAAAADxgwYNSFadIh9EU2UZ9d2VQUwAA2A4AAAEAAAAQELFoCN3//9AsohQF+P//8CyiFAX4//8QRPYPBfj//418IVdmXvtEgDObdMrO31sAAAAAAAAAAAAAAAAAAAAAZAQAAAEAAAAQhY9oCN3//wAAAAAAAAAAAAAAAAAAAAAAAAAAAAAAAAAAAAAAAAAAAAAAAAAAAAAAAAAAAAAAAAAAAAAAAAAAAAAAAAAAAAAAAAAAAAAAAAAAAAAAAAAAAAAAAAAAAAAAAAAAAAAAAAAAAAAAAAAAAAAAAAAAAAAAAAAAAAAAAAAAAAAAAAAAAAAAAAAAAAAAAAAAAAAAAAAAAAAAAAAAAAAAAAAAAAAAAAAAAAAAAAAAAAAAAAAAAAAAAAAAAAAAAAAAAAAAAAAAAAAAAAAAAAAAAAAAAAAAAAAAAAAAAAAAAAAAAAAAAAAAAAAAAAAAAAAAAAAAAAAAAAAAAAAAAAAAAAAAAAAAAAAAAAAAAAAAAAAAAAAAAAAAAAAAAAAAAAAAAAAAAAAAAAAAAAAAAAAAAAAAAAAAAAAAAAAAAAAAAAAAAAAAAAAAAAAAAAAAAAAAAAAAAAAAAAAAAAAAAAAAAAAAAAAAAAAAAAAAAAAAAAAAAAAAAAAAAAAAAAAAAAAAAAAAAAAAAAAAAAAAAAAAAAAAAAAAAAAAAAAAAAAAAAAAAAAAAAAAAAAAAAAAAAAAAAAAAAAAAAAAAAAAAAAAAAAAAAAAAAAAAAAAAAAAAAAAAAAAAAAAAAAAAAAAAAAAAAAAAAAAAAAAAAAAAAAAAAAAAAAAAAAAAAAAAAAAAAAAAAAAAAAAAAAAAAAAAAAAAAAAAAAAAAAAAAAAAAAAAAAAAAAAAAAAAAAAAAAAAAAAAAAAAAAAAAAAAAAAAAAAAAAAAAAAAAAAAAAAAAAAAAAAAAAAAAAAAAAAAAAAAAAAAAAAAAAAAAAAAAAAAAAAAAAAAAAAAAAAAAAAAAAAAAAAAAAAAAAAAAAAAAAAAAAAAAAAAAAAAAAAAAAAAAAAAAAAAAAAAAAAAAAAAAAAAAAAAAAAAAAAAAAAAAAAAAAAAAAAAAAAAAAAAAAAAAAAAAAAAAAAAAAAAAAAAAAAAAAAAAAAAAAAAAAAAAAAAAAAAAAAAAAAAAAAAAAAAAAAAAAAAAAAAAAAAAAAAAAAAAAAAAAAAAAAAAAAAAAAAAAAAAAAAAAAAAAAAAAAAAAAAAAAAAAAAAAAAAAAYPSWZgjd//8gsDdmCN3//wAAAAAAAAAAAAAAAAQAAADoDQAAV2hlYQAAAAAAAAAAAFCjaAjd//8AAAAAAAAAAAgAAABgAQAAAAAAAAAAAAAAAAAAAAAAAAAAAAAAAAAAzAMAAAoAAAAAAAAAAgAAAEEBAAAEAAAACAAAAAEAAAAAAAAAAAAAgAAAAQYAAAAAAAAAAAAAAAD//////////wABAAAABAAAAQQAAAIEAAADBAAA//////////8BAQAABAQAAAUEAAAGBAAABwQAAP//////////AgEAAAgEAAAJBAAACgQAAAsEAAD//////////wMBAAAMBAAADQQAAA4EAAAPBAAA//////////8EAQAAEAQAABEEAAASBAAAEwQAAP//////////BQEAABQEAAAVBAAAFgQAABcEAAD//////////wYBAAAYBAAAGQQAABoEAAAbBAAA//////////8HAQAAHAQAAB0EAAAeBAAAHwQAAP//////////CAEAACAEAAAhBAAAIgQAACMEAAD//////////wkBAAAkBAAAJQQAACYEAAAnBAAA//////////8KAQAAKAQAACkEAAAqBAAAKwQAAP//////////CwEAACwEAAAtBAAALgQAAC8EAAD//////////wwBAAAwBAAAMQQAADIEAAAzBAAA//////////8NAQAANAQAADUEAAA2BAAANwQAAP//////////DgEAADgEAAA5BAAAOgQAADsEAAD//////////w8BAAA8BAAAPQQAAD4EAAA/BAAA//////////8AAAAAAAAAAAAAAAAAAAAAAAAAAAAAAAAAAAAAAAAAAAAAAAAAAAAAAAAAAAAAAAAAAAAAAAAAAAAAAAAAAAAAAAAAAAAAAAAAAAAAAAAAAAAAAAAAAAAAAAAAAAAAAAAAAAAAAAAAAAAAAAAAAAAAAAAAAAAAAAAAAAAAAAAAAAAAAAAAAAAAAAAAAAAAAAAAAAAAAAAAAAAAAAAAAAAAAAAAAAAAAAAAAAAAAAAAAAAAAAAAAAAAAAAAAAAAAAAAAAAAAAAAAAAAAAAAAAAAAAAAAAAAAAAAAAAAAAAAAAAAAAAAAAAAAAAAAAAAAAAAAAAAAAAAAAAAAAAAAAAAAAAAAAAAAAAAAAAAAAAAAAAAAAAAAAAAAAAAAAAAAAAAAAAAAAAAAAAAAAAAAAAAAAAAAAAAAAAAAAAAAAAAAAAAAAAAAAAAAAAAAAAAAAAAAAAAAAAAAAAAAAAAAAAAAAAAAAAAAAAAAAAAAAAAAAAAAAAAAAAAAAAAAAAAAAAAAAAAAAAAAAAAAAAAAAAAAAAAAAAAAAAAAAAAAAAAAAAAAAAAAAAAAAAAAAAAAAAAAAAAAAAAAAAAAAAAAAAAAAAAAAAAAAAAAAAAAAAAABDwlmYI3f//UCAwZgjd//8AAAAAAAAAAAAAAAAEAAAA6A0AAFdoZWEBAAAAAAAAAACQo2gI3f//AAAAAAAAAAAIAAAAYAEAAAAAAAAAAAAAAAAAAAAAAAAAAAAAAAAAAMwDAAAKAAAAAQAAAAIAAABBAQAABAAAAAgAAAACAAAAAAAAAAAAAIABAAEGAAAAAAUcAABg6gAAAAAAAAAAAAAAAAAAAAAAAAAAAAAAAQAAAAQAAAEEAAACBAAAAwQAAP//////////AQEAAAQEAAAFBAAABgQAAAcEAAD//////////wIBAAAIBAAACQQAAAoEAAALBAAA//////////8DAQAADAQAAA0EAAAOBAAADwQAAP//////////BAEAABAEAAARBAAAEgQAABMEAAD//////////wUBAAAUBAAAFQQAABYEAAAXBAAA//////////8GAQAAGAQAABkEAAAaBAAAGwQAAP//////////BwEAABwEAAAdBAAAHgQAAB8EAAD//////////wgBAAAgBAAAIQQAACIEAAAjBAAA//////////8JAQAAJAQAACUEAAAmBAAAJwQAAP//////////CgEAACgEAAApBAAAKgQAACsEAAD//////////wsBAAAsBAAALQQAAC4EAAAvBAAA//////////8MAQAAMAQAADEEAAAyBAAAMwQAAP//////////DQEAADQEAAA1BAAANgQAADcEAAD//////////w4BAAA4BAAAOQQAADoEAAA7BAAA//////////8PAQAAPAQAAD0EAAA+BAAAPwQAAP//////////AAAAAAAAAAAAAAAAAAAAAAAAAAAAAAAAAAAAAAAAAAAAAAAAAAAAAAAAAAAAAAAAAAAAAAAAAAAAAAAAAAAAAAAAAAAAAAAAAAAAAAAAAAAAAAAAAAAAAAAAAAAAAAAAAAAAAAAAAAAAAAAAAAAAAAAAAAAAAAAAAAAAAAAAAAAAAAAAAAAAAAAAAAAAAAAAAAAAAAAAAAAAAAAAAAAAAAAAAAAAAAAAAAAAAAAAAAAAAAAAAAAAAAAAAAAAAAAAAAAAAAAAAAAAAAAAAAAAAAAAAAAAAAAAAAAAAAAAAAAAAAAAAAAAAAAAAAAAAAAAAAAAAAAAAAAAAAAAAAAAAAAAAAAAAAAAAAAAAAAAAAAAAAAAAAAAAAAAAAAAAAAAAAAAAAAAAAAAAAAAAAAAAAAAAAAAAAAAAAAAAAAAAAAAAAAAAAAAAAAAAAAAAAAAAAAAAAAAAAAAAAAAAAAAAAAAAAAAAAAAAAAAAAAAAAAAAAAAAAAAAAAAAAAAAAAAAAAAAAAAAAAAAAAAAAAAAAAAAAAAAAAAAAAAAAAAAAAAAAAAAAAAAAAAAAAAAAAAAAAAAAAAAAAAAAAAAAAAAAAAAAAgapJmCN3//2D0lmYI3f//AAAAAAAAAAAAAAAAAQAAAMAGAABXaGVhAwAAAAAAAACgOH9mCN3//wAAAAAAAAAAAQAAAMABAAAAAAAAAAAAAAAAAAAAAAAAAAAAAAAAAADMAwAACgAAAAMAAAACAAAAAAEAAAEAAAADAAAAAwAAAAAAAAAAAACAAgABAAAAAAAAAAAAAAAAAAAAAAAAAAAAAAAAAAAAAAAAAAAAAAAAAAAAAAAAAAAAAAAAAAAAAAAAAAAAAAAAAAAAAAAAAAAAAAAAAAAAAAAAAAAAAAAAAAAAAAAAAAAAAAAAAAAAAAAAAAAAAAAAAAAAAAAAAAAAAAAAAAAAAAAAAAAAAAAAAAAAAAAAAAAAAAAAAAAAAAAAAAAAAAAAAAAAAAAAAAAAAAAAAAAAAAAAAAAAAAAAAAAAAAAAAAAAAAAAAAAAAAAAAAAAAAAAAAAAAAAAAAAAAAAAAAAAAAAAAAAAAAAAAAAAAAAAAAAAAAAAAAAAAAAAAAAAAAAAAAAAAAAAAAAAAAAAAAAAAAAAAAAAAAAAAAAAAAAAAAAAAAAAAAAAAAAAAAAAAAAAAAAAAAAAAAAAAAAAAAAAAAAAAAAAAAAAAAAAAAAAAAAAAAAAAAAAAAAAAAAAAAAAAAAAAAAAAAAAAAAAAAAAAAAAAAAAAAAAAAAAAAAAAAAAAAAAAAAAAAAAAAAAAAAAAAAAAAAAAAAAAAAAAAAAAAAAAAAAAAAAAAAAAAAAAAAAAAAAAAAAAAAAAAAAAAAAAAAAAAAAAAAAAAAAAAAAAAAAAAAAAAAAAAAAAAAAAAAAAAAAAAAAAAAAAAAAAAAAAAAAAAAAAAAAAAAAAAAAAAAAAAAAAAAAAAAAAAAAAAAAAAAAAAAAAAAAAAAAAAAAAAAAAAAAAAAAAAAAAAAAAAAAAAAAAAAAAAAAAAAAAAAAAAAAAAAAAAAAAAAAAAAAAAAAAAAAAAAAAAAAAAAAAAAAAAAAAAAAAAAAAAAAAAAAAAAAAAAAAAAAAAAAAAAAAAAAAAAAAAAAAAAAAAAAAAAAAAAAAAAAAAAAAAAAAAAAAAAAAAAAAAAAAAAAAAAAAAAAAAAAAAAAAAAAAAAAAAAAAAAAAAAAAAAAAAAAAAAAAAAAAAAAAAAAAAAAAAAAAAAAAAAAAAAAAAAAAAAAAAAAAAAAAAAAAAAAAAAAAAAAAAAAAAAAAAAAAAAAAAAAAAAAAAAAAAAAAAAAAAAAAAAAAAAAAAAAAAAAAAAAAAAAAAAAAAAAAAAAAAAAAAAAAAAAAAAAAAAAAAAAAAAAAAAAAAAAAAAAAAAAAAAAAAAAAAAAAAAAAAAAAAAAAAAAAAAAAAAAAAAAAAAAAAAAAAAAAAAAAAAAAAAAAAAAAAAAAAAAAAAAAAAAAAAAAAAAAAAAAAAAAAAAKK+NEAX4//8Q8JZmCN3//wAAAAAAAAAAAAAAAAAAAAAAAAAAAAAAAAcAAAAAAAAAAAAAAAAAAAAAAAAAAAAAAAAAAAAAAAAAAAAAAAAAAAAAAAAAAAAAAAEAAAAAAAAAzAMAAAoAAAAHAAAAAgAAAAAQAAABAAAACAAAAAQAAAAAAAAAAAAAgAAAAAAAAAAAAAAAAAAAAAAAAAAAAAAAAAAAAAAAAAAAAAAAAAAAAAAAAAAAAAAAAAAAAAAAAAAAAAAAAAAAAAAAAAAAAAAAAAAAAAAAAAAAAAAAAAAAAAAAAAAAAAAAAAAAAAAAAAAAAAAAAAAAAAAAAAAAAAAAAAAAAAAAAAAAAAAAAAAAAAAAAAAAAAAAAAAAAAAAAAAAAAAAAAAAAAAAAAAAAAAAAAAAAAAAAAAAAAAAAAAAAAAAAAAAAAAAAAAAAAAAAAAAAAAAAAAAAAAAAAAAAAAAAAAAAAAAAAAAAAAAAAAAAAAAAAAAAAAAAAAAAAAAAAAAAAAAAAAAAAAAAAAAAAAAAAAAAAAAAAAAAAAAAAAAAAAAAAAAAAAAAAAAAAAAAAAAAAAAAAAAAAAAAAAAAAAAAAAAAAAAAAAAAAAAAAAAAAAAAAAAAAAAAAAAAAAAAAAAAAAAAAAAAAAAAAAAAAAAAAAAAAAAAAAAAAAAAAAAAAAAAAAAAAAAAAAAAAAAAAAAAAAAAAAAAAAAAAAAAAAAAAAAAAAAAAAAAAAAAAAAAAAAAAAAAAAAAAAAAAAAAAAAAAAAAAAAAAAAAAAAAAAAAAAAAAAAAAAAAAAAAAAAAAAAAAAAAAAAAAAAAAAAAAAAAAAAAAAAAAAAAAAAAAAAAAAAAAAAAAAAAAAAAAAAAAAAAAAAAAAAAAAAAAAAAAAAAAAAAAAAAAAAAAAAAAAAAAAAAAAAAAAAAAAAAAAAAAAAAAAAAAAAAAAAAAAAAAAAAAAAAAAAAAAAAAAAAAAAAAAAAAAAAAAAAAAAAAAAAAAAAAAAAAAAAAAAAAAAAAAAAAAAAAAAAAAAAAAAAAAAAAAAAAAAAAAAAAAAAAAAAAAAAAAAAAAAAAAAAAAAAAAAAAAAAAAAAAAAAAAAAAAAAAAAAAAAAAAAAAAAAAAAAAAAAAAAAAAAAAAAAAAAAAAAAAAAAAAAAAAAAAAAAAAAAAAAAAAAAAAAAAAAAAAAAAAAAAAAAAAAAAAAAAAAAAAAAAAAAAAAAAAAAAAAAAAAAAAAAAAAAAAAAAAAAAAAAAAAAAAAAAAAAAAAAAAAAAAAAAAAAAAAAAAAAAAAAAAAAAAAAAAAAAAAAAAAAAAAAAAAAAAAAAAAAAAAAAAAAAAAAAAAAAAAAAAAAAAAAAAAAAAAAAAAAAAAAAAAAAAAAAAAAAAAAAAAAAAAAAAAAAAAAAAAAAAAAAAAAAAAAAAAAA=="}
{"EventID": "42", "Channel": "Microsoft-Windows-Kernel-WHEA/Operational", "Provider_Name": "Microsoft-Windows-Kernel-WHEA", "Computer": "DESKTOP-OFJ6N53", "TimeCreated": "2022-09-29 11:32:16.852213+00:00", "RecordID": "109", "Level": "4", "UserID": "S-1-5-18", "EventData.Type": "0", "EventData.Owner": "1280201291", "EventData.Id": "2147483660", "EventData.Flags": "2", "EventData.Length": "1009", "EventData.RawData": "V2hMZwEAAADxAwAAAAAAAEtSTkwMAACAAgAAANEDAADMAwAACwAAABAAAAABAAAALA0AAAEAAAADAAAAAAAAAAAAAAAAAAAAAAAAADxgwYNSFadIh9EU2UZ9d2VQUwAA2A4AAAEAAAAQkDjaBpP//9Asgm0C+P//8CyCbQL4//8QRNZoAvj//418IVdmXvtEgDObdMrO31sAAAAAAAAAAAAAAAAAAAAAZAQAAAEAAAAQqg/aBpP//wAAAAAAAAAAAAAAAAAAAAAAAAAAAAAAAAAAAAAAAAAAAAAAAAAAAAAAAAAAAAAAAAAAAAAAAAAAAAAAAAAAAAAAAAAAAAAAAAAAAAAAAAAAAAAAAAAAAAAAAAAAAAAAAAAAAAAAAAAAAAAAAAAAAAAAAAAAAAAAAAAAAAAAAAAAAAAAAAAAAAAAAAAAAAAAAAAAAAAAAAAAAAAAAAAAAAAAAAAAAAAAAAAAAAAAAAAAAAAAAAAAAAAAAAAAAAAAAAAAAAAAAAAAAAAAAAAAAAAAAAAAAAAAAAAAAAAAAAAAAAAAAAAAAAAAAAAAAAAAAAAAAAAAAAAAAAAAAAAAAAAAAAAAAAAAAAAAAAAAAAAAAAAAAAAAAAAAAAAAAAAAAAAAAAAAAAAAAAAAAAAAAAAAAAAAAAAAAAAAAAAAAAAAAAAAAAAAAAAAAAAAAAAAAAAAAAAAAAAAAAAAAAAAAAAAAAAAAAAAAAAAAAAAAAAAAAAAAAAAAAAAAAAAAAAAAAAAAAAAAAAAAAAAAAAAAAAAAAAAAAAAAAAAAAAAAAAAAAAAAAAAAAAAAAAAAAAAAAAAAAAAAAAAAAAAAAAAAAAAAAAAAAAAAAAAAAAAAAAAAAAAAAAAAAAAAAAAAAAAAAAAAAAAAAAAAAAAAAAAAAAAAAAAAAAAAAAAAAAAAAAAAAAAAAAAAAAAAAAAAAAAAAAAAAAAAAAAAAAAAAAAAAAAAAAAAAAAAAAAAAAAAAAAAAAAAAAAAAAAAAAAAAAAAAAAAAAAAAAAAAAAAAAAAAAAAAAAAAAAAAAAAAAAAAAAAAAAAAAAAAAAAAAAAAAAAAAAAAAAAAAAAAAAAAAAAAAAAAAAAAAAAAAAAAAAAAAAAAAAAAAAAAAAAAAAAAAAAAAAAAAAAAAAAAAAAAAAAAAAAAAAAAAAAAAAAAAAAAAAAAAAAAAAAAAAAAAAAAAAAAAAAAAAAAAAAAAAAAAAAAAAAAAAAAAAAAAAAAAAAAAAAAAAAAAAAAAAAAAAAAAAAAAAAAAAAAAAAAAAAAAAAAAAAAAAAAAAAAAAAAAAAAAAAAAAAAAAAAAAAAAAAAAAAAAAAAAAAAAAAA=="}
{"EventID": "42", "Channel": "Microsoft-Windows-Kernel-WHEA/Operational", "Provider_Name": "Microsoft-Windows-Kernel-WHEA", "Computer": "DESKTOP-OFJ6N53", "TimeCreated": "2022-09-29 11:32:26.151711+00:00", "RecordID": "110", "Level": "4", "UserID": "S-1-5-18", "EventData.Type": "0", "EventData.Owner": "1145590608", "EventData.Id": "2147483658", "EventData.Flags": "2", "EventData.Length": "34", "EventData.RawData": "V2hMZwEAAAAiAAAAAAAAAFBTSEQKAACAAgAAAAIAAAAAAQ=="}
{"EventID": "5", "Channel": "Microsoft-Windows-Kernel-WHEA/Operational", "Provider_Name": "Microsoft-Windows-Kernel-WHEA", "Computer": "DESKTOP-OFJ6N53", "TimeCreated": "2022-09-29 11:32:26.200594+00:00", "RecordID": "111", "Level": "4", "UserID": "S-1-5-18", "EventData.ErrorSourceCount": "5", "EventData.ErrorRecordFormat": "10", "EventData.ErrorSourceTableLength": "5360", "EventData.ErrorSourceTable": "ELDv1waT//8or21pAvj//wAAAAAAAAAAAAAAAAEAAAD4KQAAV2hlYRAAAAAAAAAAAKA22gaT//8AAAAAAAAAAAMAAAB8DQAAAAAAAAAAAAAAAAAAAAAAAAAAAAAAAAAAzAMAAAsAAAAQAAAAAgAAACwNAAABAAAAAwAAAAAAAAAAAAAAAAAAAAAAAAA8YMGDUhWnSIfRFNlGfXdlUFMAANgOAAABAAAAEJA42gaT///QLIJtAvj///Asgm0C+P//EETWaAL4//+NfCFXZl77RIAzm3TKzt9bAAAAAAAAAAAAAAAAAAAAAGQEAAABAAAAEKoP2gaT//8AAAAAAAAAAAAAAAAAAAAAAAAAAAAAAAAAAAAAAAAAAAAAAAAAAAAAAAAAAAAAAAAAAAAAAAAAAAAAAAAAAAAAAAAAAAAAAAAAAAAAAAAAAAAAAAAAAAAAAAAAAAAAAAAAAAAAAAAAAAAAAAAAAAAAAAAAAAAAAAAAAAAAAAAAAAAAAAAAAAAAAAAAAAAAAAAAAAAAAAAAAAAAAAAAAAAAAAAAAAAAAAAAAAAAAAAAAAAAAAAAAAAAAAAAAAAAAAAAAAAAAAAAAAAAAAAAAAAAAAAAAAAAAAAAAAAAAAAAAAAAAAAAAAAAAAAAAAAAAAAAAAAAAAAAAAAAAAAAAAAAAAAAAAAAAAAAAAAAAAAAAAAAAAAAAAAAAAAAAAAAAAAAAAAAAAAAAAAAAAAAAAAAAAAAAAAAAAAAAAAAAAAAAAAAAAAAAAAAAAAAAAAAAAAAAAAAAAAAAAAAAAAAAAAAAAAAAAAAAAAAAAAAAAAAAAAAAAAAAAAAAAAAAAAAAAAAAAAAAAAAAAAAAAAAAAAAAAAAAAAAAAAAAAAAAAAAAAAAAAAAAAAAAAAAAAAAAAAAAAAAAAAAAAAAAAAAAAAAAAAAAAAAAAAAAAAAAAAAAAAAAAAAAAAAAAAAAAAAAAAAAAAAAAAAAAAAAAAAAAAAAAAAAAAAAAAAAAAAAAAAAAAAAAAAAAAAAAAAAAAAAAAAAAAAAAAAAAAAAAAAAAAAAAAAAAAAAAAAAAAAAAAAAAAAAAAAAAAAAAAAAAAAAAAAAAAAAAAAAAAAAAAAAAAAAAAAAAAAAAAAAAAAAAAAAAAAAAAAAAAAAAAAAAAAAAAAAAAAAAAAAAAAAAAAAAAAAAAAAAAAAAAAAAAAAAAAAAAAAAAAAAAAAAAAAAAAAAAAAAAAAAAAAAAAAAAAAAAAAAAAAAAAAAAAAAAAAAAAAAAAAAAAAAAAAAAAAAAAAAAAAAAAAAAAAAAAAAAAAAAAAAAAAAAAAAAAAAAAAAAAAAAAAAAAAAAAAAAAAAAAAAAAAAAAAAAAAAAAAAAAAAAAAAAAAAAAAAAAAAAAAAAAAAAAAAAAAAAAAAAAAAAAAAAAAAAAAAAAAKD4FNgGk///EJA22gaT//8AAAAAAAAAAAAAAAAEAAAA6A0AAFdoZWEAAAAAAAAAAAAQI9oGk///AAAAAAAAAAAIAAAAYAEAAAAAAAAAAAAAAAAAAAAAAAAAAAAAAAAAAMwDAAAKAAAAAAAAAAIAAABBAQAABAAAAAgAAAABAAAAAAAAAAAAAIAAAAEGAAAAAAAAAAAAAAAA//////////8AAQAAAAQAAAEEAAACBAAAAwQAAP//////////AQEAAAQEAAAFBAAABgQAAAcEAAD//////////wIBAAAIBAAACQQAAAoEAAALBAAA//////////8DAQAADAQAAA0EAAAOBAAADwQAAP//////////BAEAABAEAAARBAAAEgQAABMEAAD//////////wUBAAAUBAAAFQQAABYEAAAXBAAA//////////8GAQAAGAQAABkEAAAaBAAAGwQAAP//////////BwEAABwEAAAdBAAAHgQAAB8EAAD//////////wgBAAAgBAAAIQQAACIEAAAjBAAA//////////8JAQAAJAQAACUEAAAmBAAAJwQAAP//////////CgEAACgEAAApBAAAKgQAACsEAAD//////////wsBAAAsBAAALQQAAC4EAAAvBAAA//////////8MAQAAMAQAADEEAAAyBAAAMwQAAP//////////DQEAADQEAAA1BAAANgQAADcEAAD//////////w4BAAA4BAAAOQQAADoEAAA7BAAA//////////8PAQAAPAQAAD0EAAA+BAAAPwQAAP//////////AAAAAAAAAAAAAAAAAAAAAAAAAAAAAAAAAAAAAAAAAAAAAAAAAAAAAAAAAAAAAAAAAAAAAAAAAAAAAAAAAAAAAAAAAAAAAAAAAAAAAAAAAAAAAAAAAAAAAAAAAAAAAAAAAAAAAAAAAAAAAAAAAAAAAAAAAAAAAAAAAAAAAAAAAAAAAAAAAAAAAAAAAAAAAAAAAAAAAAAAAAAAAAAAAAAAAAAAAAAAAAAAAAAAAAAAAAAAAAAAAAAAAAAAAAAAAAAAAAAAAAAAAAAAAAAAAAAAAAAAAAAAAAAAAAAAAAAAAAAAAAAAAAAAAAAAAAAAAAAAAAAAAAAAAAAAAAAAAAAAAAAAAAAAAAAAAAAAAAAAAAAAAAAAAAAAAAAAAAAAAAAAAAAAAAAAAAAAAAAAAAAAAAAAAAAAAAAAAAAAAAAAAAAAAAAAAAAAAAAAAAAAAAAAAAAAAAAAAAAAAAAAAAAAAAAAAAAAAAAAAAAAAAAAAAAAAAAAAAAAAAAAAAAAAAAAAAAAAAAAAAAAAAAAAAAAAAAAAAAAAAAAAAAAAAAAAAAAAAAAAAAAAAAAAAAAAAAAAAAAAAAAAAAAAAAAAAAAAAAAAAAAAAAAAAAAAAAAAACg2BTYBpP//xCw79cGk///AAAAAAAAAAAAAAAABAAAAOgNAABXaGVhAQAAAAAAAAAAUCPaBpP//wAAAAAAAAAACAAAAGABAAAAAAAAAAAAAAAAAAAAAAAAAAAAAAAAAADMAwAACgAAAAEAAAACAAAAQQEAAAQAAAAIAAAAAgAAAAAAAAAAAACAAQABBgAAAAAFHAAAYOoAAAAAAAAAAAAAAAAAAAAAAAAAAAAAAAEAAAAEAAABBAAAAgQAAAMEAAD//////////wEBAAAEBAAABQQAAAYEAAAHBAAA//////////8CAQAACAQAAAkEAAAKBAAACwQAAP//////////AwEAAAwEAAANBAAADgQAAA8EAAD//////////wQBAAAQBAAAEQQAABIEAAATBAAA//////////8FAQAAFAQAABUEAAAWBAAAFwQAAP//////////BgEAABgEAAAZBAAAGgQAABsEAAD//////////wcBAAAcBAAAHQQAAB4EAAAfBAAA//////////8IAQAAIAQAACEEAAAiBAAAIwQAAP//////////CQEAACQEAAAlBAAAJgQAACcEAAD//////////woBAAAoBAAAKQQAACoEAAArBAAA//////////8LAQAALAQAAC0EAAAuBAAALwQAAP//////////DAEAADAEAAAxBAAAMgQAADMEAAD//////////w0BAAA0BAAANQQAADYEAAA3BAAA//////////8OAQAAOAQAADkEAAA6BAAAOwQAAP//////////DwEAADwEAAA9BAAAPgQAAD8EAAD//////////wAAAAAAAAAAAAAAAAAAAAAAAAAAAAAAAAAAAAAAAAAAAAAAAAAAAAAAAAAAAAAAAAAAAAAAAAAAAAAAAAAAAAAAAAAAAAAAAAAAAAAAAAAAAAAAAAAAAAAAAAAAAAAAAAAAAAAAAAAAAAAAAAAAAAAAAAAAAAAAAAAAAAAAAAAAAAAAAAAAAAAAAAAAAAAAAAAAAAAAAAAAAAAAAAAAAAAAAAAAAAAAAAAAAAAAAAAAAAAAAAAAAAAAAAAAAAAAAAAAAAAAAAAAAAAAAAAAAAAAAAAAAAAAAAAAAAAAAAAAAAAAAAAAAAAAAAAAAAAAAAAAAAAAAAAAAAAAAAAAAAAAAAAAAAAAAAAAAAAAAAAAAAAAAAAAAAAAAAAAAAAAAAAAAAAAAAAAAAAAAAAAAAAAAAAAAAAAAAAAAAAAAAAAAAAAAAAAAAAAAAAAAAAAAAAAAAAAAAAAAAAAAAAAAAAAAAAAAAAAAAAAAAAAAAAAAAAAAAAAAAAAAAAAAAAAAAAAAAAAAAAAAAAAAAAAAAAAAAAAAAAAAAAAAAAAAAAAAAAAAAAAAAAAAAAAAAAAAAAAAAAAAAAAAAAAAAAAAAAAAAAAoMgU2AaT//+g+BTYBpP//wAAAAAAAAAAAAAAAAEAAADABgAAV2hlYQMAAAAAAAAAwEcj2gaT//8AAAAAAAAAAAEAAADAAQAAAAAAAAAAAAAAAAAAAAAAAAAAAAAAAAAAzAMAAAoAAAADAAAAAgAAAAABAAABAAAAAwAAAAMAAAAAAAAAAAAAgAIAAQAAAAAAAAAAAAAAAAAAAAAAAAAAAAAAAAAAAAAAAAAAAAAAAAAAAAAAAAAAAAAAAAAAAAAAAAAAAAAAAAAAAAAAAAAAAAAAAAAAAAAAAAAAAAAAAAAAAAAAAAAAAAAAAAAAAAAAAAAAAAAAAAAAAAAAAAAAAAAAAAAAAAAAAAAAAAAAAAAAAAAAAAAAAAAAAAAAAAAAAAAAAAAAAAAAAAAAAAAAAAAAAAAAAAAAAAAAAAAAAAAAAAAAAAAAAAAAAAAAAAAAAAAAAAAAAAAAAAAAAAAAAAAAAAAAAAAAAAAAAAAAAAAAAAAAAAAAAAAAAAAAAAAAAAAAAAAAAAAAAAAAAAAAAAAAAAAAAAAAAAAAAAAAAAAAAAAAAAAAAAAAAAAAAAAAAAAAAAAAAAAAAAAAAAAAAAAAAAAAAAAAAAAAAAAAAAAAAAAAAAAAAAAAAAAAAAAAAAAAAAAAAAAAAAAAAAAAAAAAAAAAAAAAAAAAAAAAAAAAAAAAAAAAAAAAAAAAAAAAAAAAAAAAAAAAAAAAAAAAAAAAAAAAAAAAAAAAAAAAAAAAAAAAAAAAAAAAAAAAAAAAAAAAAAAAAAAAAAAAAAAAAAAAAAAAAAAAAAAAAAAAAAAAAAAAAAAAAAAAAAAAAAAAAAAAAAAAAAAAAAAAAAAAAAAAAAAAAAAAAAAAAAAAAAAAAAAAAAAAAAAAAAAAAAAAAAAAAAAAAAAAAAAAAAAAAAAAAAAAAAAAAAAAAAAAAAAAAAAAAAAAAAAAAAAAAAAAAAAAAAAAAAAAAAAAAAAAAAAAAAAAAAAAAAAAAAAAAAAAAAAAAAAAAAAAAAAAAAAAAAAAAAAAAAAAAAAAAAAAAAAAAAAAAAAAAAAAAAAAAAAAAAAAAAAAAAAAAAAAAAAAAAAAAAAAAAAAAAAAAAAAAAAAAAAAAAAAAAAAAAAAAAAAAAAAAAAAAAAAAAAAAAAAAAAAAAAAAAAAAAAAAAAAAAAAAAAAAAAAAAAAAAAAAAAAAAAAAAAAAAAAAAAAAAAAAAAAAAAAAAAAAAAAAAAAAAAAAAAAAAAAAAAAAAAAAAAAAAAAAAAAAAAAAAAAAAAAAAAAAAAAAAAAAAAAAAAAAAAAAAAAAAAAAAAAAAAAAAAAAAAAAAAAAAAAAAAAAAAAAAAAAAAAAAAAAAAAAAAAAAAAAAAAAAAAAAAAAAAAAAAAAAAAAAAAAAAAAAAAAAAAAAAAAAAAAAAAAAAAAAAAACivbWkC+P//oNgU2AaT//8AAAAAAAAAAAAAAAAAAAAAAAAAAAAAAAAHAAAAAAAAAAAAAAAAAAAAAAAAAAAAAAAAAAAAAAAAAAAAAAAAAAAAAAAAAAAAAAABAAAAAAAAAMwDAAAKAAAABwAAAAIAAAAAEAAAAQAAAAgAAAAEAAAAAAAAAAAAAIAAAAAAAAAAAAAAAAAAAAAAAAAAAAAAAAAAAAAAAAAAAAAAAAAAAAAAAAAAAAAAAAAAAAAAAAAAAAAAAAAAAAAAAAAAAAAAAAAAAAAAAAAAAAAAAAAAAAAAAAAAAAAAAAAAAAAAAAAAAAAAAAAAAAAAAAAAAAAAAAAAAAAAAAAAAAAAAAAAAAAAAAAAAAAAAAAAAAAAAAAAAAAAAAAAAAAAAAAAAAAAAAAAAAAAAAAAAAAAAAAAAAAAAAAAAAAAAAAAAAAAAAAAAAAAAAAAAAAAAAAAAAAAAAAAAAAAAAAAAAAAAAAAAAAAAAAAAAAAAAAAAAAAAAAAAAAAAAAAAAAAAAAAAAAAAAAAAAAAAAAAAAAAAAAAAAAAAAAAAAAAAAAAAAAAAAAAAAAAAAAAAAAAAAAAAAAAAAAAAAAAAAAAAAAAAAAAAAAAAAAAAAAAAAAAAAAAAAAAAAAAAAAAAAAAAAAAAAAAAAAAAAAAAAAAAAAAAAAAAAAAAAAAAAAAAAAAAAAAAAAAAAAAAAAAAAAAAAAAAAAAAAAAAAAAAAAAAAAAAAAAAAAAAAAAAAAAAAAAAAAAAAAAAAAAAAAAAAAAAAAAAAAAAAAAAAAAAAAAAAAAAAAAAAAAAAAAAAAAAAAAAAAAAAAAAAAAAAAAAAAAAAAAAAAAAAAAAAAAAAAAAAAAAAAAAAAAAAAAAAAAAAAAAAAAAAAAAAAAAAAAAAAAAAAAAAAAAAAAAAAAAAAAAAAAAAAAAAAAAAAAAAAAAAAAAAAAAAAAAAAAAAAAAAAAAAAAAAAAAAAAAAAAAAAAAAAAAAAAAAAAAAAAAAAAAAAAAAAAAAAAAAAAAAAAAAAAAAAAAAAAAAAAAAAAAAAAAAAAAAAAAAAAAAAAAAAAAAAAAAAAAAAAAAAAAAAAAAAAAAAAAAAAAAAAAAAAAAAAAAAAAAAAAAAAAAAAAAAAAAAAAAAAAAAAAAAAAAAAAAAAAAAAAAAAAAAAAAAAAAAAAAAAAAAAAAAAAAAAAAAAAAAAAAAAAAAAAAAAAAAAAAAAAAAAAAAAAAAAAAAAAAAAAAAAAAAAAAAAAAAAAAAAAAAAAAAAAAAAAAAAAAAAAAAAAAAAAAAAAAAAAAAAAAAAAAAAAAAAAAAAAAAAAAAAAAAAAAAAAAAAAAAAAAAAAAAAAAAAAAAAAAAAAAAAAAAAAAAAAAAAAAAAAAAAAAAAAAAAAAAAAAAAAAAAAAAAAAAAAAAAAAAAAAA="}
{"EventID": "42", "Channel": "Microsoft-Windows-Kernel-WHEA/Operational", "Provider_Name": "Microsoft-Windows-Kernel-WHEA", "Computer": "DESKTOP-OFJ6N53", "TimeCreated": "2022-09-29 11:32:26.200598+00:00", "RecordID": "112", "Level": "4", "UserID": "S-1-5-18", "EventData.Type": "0", "EventData.Owner": "1280201291", "EventData.Id": "2147483650", "EventData.Flags": "2", "EventData.Length": "5392", "EventData.RawData": "V2hMZwEAAAAQFQAAAAAAAEtSTkwCAACAAgAAAPAUAAAQsO/XBpP//yivbWkC+P//AAAAAAAAAAAAAAAAAQAAAPgpAABXaGVhEAAAAAAAAAAAoDbaBpP//wAAAAAAAAAAAwAAAHwNAAAAAAAAAAAAAAAAAAAAAAAAAAAAAAAAAADMAwAACwAAABAAAAACAAAALA0AAAEAAAADAAAAAAAAAAAAAAAAAAAAAAAAADxgwYNSFadIh9EU2UZ9d2VQUwAA2A4AAAEAAAAQkDjaBpP//9Asgm0C+P//8CyCbQL4//8QRNZoAvj//418IVdmXvtEgDObdMrO31sAAAAAAAAAAAAAAAAAAAAAZAQAAAEAAAAQqg/aBpP//wAAAAAAAAAAAAAAAAAAAAAAAAAAAAAAAAAAAAAAAAAAAAAAAAAAAAAAAAAAAAAAAAAAAAAAAAAAAAAAAAAAAAAAAAAAAAAAAAAAAAAAAAAAAAAAAAAAAAAAAAAAAAAAAAAAAAAAAAAAAAAAAAAAAAAAAAAAAAAAAAAAAAAAAAAAAAAAAAAAAAAAAAAAAAAAAAAAAAAAAAAAAAAAAAAAAAAAAAAAAAAAAAAAAAAAAAAAAAAAAAAAAAAAAAAAAAAAAAAAAAAAAAAAAAAAAAAAAAAAAAAAAAAAAAAAAAAAAAAAAAAAAAAAAAAAAAAAAAAAAAAAAAAAAAAAAAAAAAAAAAAAAAAAAAAAAAAAAAAAAAAAAAAAAAAAAAAAAAAAAAAAAAAAAAAAAAAAAAAAAAAAAAAAAAAAAAAAAAAAAAAAAAAAAAAAAAAAAAAAAAAAAAAAAAAAAAAAAAAAAAAAAAAAAAAAAAAAAAAAAAAAAAAAAAAAAAAAAAAAAAAAAAAAAAAAAAAAAAAAAAAAAAAAAAAAAAAAAAAAAAAAAAAAAAAAAAAAAAAAAAAAAAAAAAAAAAAAAAAAAAAAAAAAAAAAAAAAAAAAAAAAAAAAAAAAAAAAAAAAAAAAAAAAAAAAAAAAAAAAAAAAAAAAAAAAAAAAAAAAAAAAAAAAAAAAAAAAAAAAAAAAAAAAAAAAAAAAAAAAAAAAAAAAAAAAAAAAAAAAAAAAAAAAAAAAAAAAAAAAAAAAAAAAAAAAAAAAAAAAAAAAAAAAAAAAAAAAAAAAAAAAAAAAAAAAAAAAAAAAAAAAAAAAAAAAAAAAAAAAAAAAAAAAAAAAAAAAAAAAAAAAAAAAAAAAAAAAAAAAAAAAAAAAAAAAAAAAAAAAAAAAAAAAAAAAAAAAAAAAAAAAAAAAAAAAAAAAAAAAAAAAAAAAAAAAAAAAAAAAAAAAAAAAAAAAAAAAAAAAAAAAAAAAAAAAAAAAAAAAAAAAAAAAAAAAAAAAAAAAAAAAAAAAAAAAAAAAAAAAAAAAAAAAAAAAAAAAAAAAAAAAAAAAAAAAAAAAAAAAAAAAAAAAAAAAAAAAAAAAAAAAAAAAAAAAAAAAAAAAoPgU2AaT//8QkDbaBpP//wAAAAAAAAAAAAAAAAQAAADoDQAAV2hlYQAAAAAAAAAAABAj2gaT//8AAAAAAAAAAAgAAABgAQAAAAAAAAAAAAAAAAAAAAAAAAAAAAAAAAAAzAMAAAoAAAAAAAAAAgAAAEEBAAAEAAAACAAAAAEAAAAAAAAAAAAAgAAAAQYAAAAAAAAAAAAAAAD//////////wABAAAABAAAAQQAAAIEAAADBAAA//////////8BAQAABAQAAAUEAAAGBAAABwQAAP//////////AgEAAAgEAAAJBAAACgQAAAsEAAD//////////wMBAAAMBAAADQQAAA4EAAAPBAAA//////////8EAQAAEAQAABEEAAASBAAAEwQAAP//////////BQEAABQEAAAVBAAAFgQAABcEAAD//////////wYBAAAYBAAAGQQAABoEAAAbBAAA//////////8HAQAAHAQAAB0EAAAeBAAAHwQAAP//////////CAEAACAEAAAhBAAAIgQAACMEAAD//////////wkBAAAkBAAAJQQAACYEAAAnBAAA//////////8KAQAAKAQAACkEAAAqBAAAKwQAAP//////////CwEAACwEAAAtBAAALgQAAC8EAAD//////////wwBAAAwBAAAMQQAADIEAAAzBAAA//////////8NAQAANAQAADUEAAA2BAAANwQAAP//////////DgEAADgEAAA5BAAAOgQAADsEAAD//////////w8BAAA8BAAAPQQAAD4EAAA/BAAA//////////8AAAAAAAAAAAAAAAAAAAAAAAAAAAAAAAAAAAAAAAAAAAAAAAAAAAAAAAAAAAAAAAAAAAAAAAAAAAAAAAAAAAAAAAAAAAAAAAAAAAAAAAAAAAAAAAAAAAAAAAAAAAAAAAAAAAAAAAAAAAAAAAAAAAAAAAAAAAAAAAAAAAAAAAAAAAAAAAAAAAAAAAAAAAAAAAAAAAAAAAAAAAAAAAAAAAAAAAAAAAAAAAAAAAAAAAAAAAAAAAAAAAAAAAAAAAAAAAAAAAAAAAAAAAAAAAAAAAAAAAAAAAAAAAAAAAAAAAAAAAAAAAAAAAAAAAAAAAAAAAAAAAAAAAAAAAAAAAAAAAAAAAAAAAAAAAAAAAAAAAAAAAAAAAAAAAAAAAAAAAAAAAAAAAAAAAAAAAAAAAAAAAAAAAAAAAAAAAAAAAAAAAAAAAAAAAAAAAAAAAAAAAAAAAAAAAAAAAAAAAAAAAAAAAAAAAAAAAAAAAAAAAAAAAAAAAAAAAAAAAAAAAAAAAAAAAAAAAAAAAAAAAAAAAAAAAAAAAAAAAAAAAAAAAAAAAAAAAAAAAAAAAAAAAAAAAAAAAAAAAAAAAAAAAAAAAAAAAAAAAAAAAAAAAAAAAAAAAAAAKDYFNgGk///ELDv1waT//8AAAAAAAAAAAAAAAAEAAAA6A0AAFdoZWEBAAAAAAAAAABQI9oGk///AAAAAAAAAAAIAAAAYAEAAAAAAAAAAAAAAAAAAAAAAAAAAAAAAAAAAMwDAAAKAAAAAQAAAAIAAABBAQAABAAAAAgAAAACAAAAAAAAAAAAAIABAAEGAAAAAAUcAABg6gAAAAAAAAAAAAAAAAAAAAAAAAAAAAAAAQAAAAQAAAEEAAACBAAAAwQAAP//////////AQEAAAQEAAAFBAAABgQAAAcEAAD//////////wIBAAAIBAAACQQAAAoEAAALBAAA//////////8DAQAADAQAAA0EAAAOBAAADwQAAP//////////BAEAABAEAAARBAAAEgQAABMEAAD//////////wUBAAAUBAAAFQQAABYEAAAXBAAA//////////8GAQAAGAQAABkEAAAaBAAAGwQAAP//////////BwEAABwEAAAdBAAAHgQAAB8EAAD//////////wgBAAAgBAAAIQQAACIEAAAjBAAA//////////8JAQAAJAQAACUEAAAmBAAAJwQAAP//////////CgEAACgEAAApBAAAKgQAACsEAAD//////////wsBAAAsBAAALQQAAC4EAAAvBAAA//////////8MAQAAMAQAADEEAAAyBAAAMwQAAP//////////DQEAADQEAAA1BAAANgQAADcEAAD//////////w4BAAA4BAAAOQQAADoEAAA7BAAA//////////8PAQAAPAQAAD0EAAA+BAAAPwQAAP//////////AAAAAAAAAAAAAAAAAAAAAAAAAAAAAAAAAAAAAAAAAAAAAAAAAAAAAAAAAAAAAAAAAAAAAAAAAAAAAAAAAAAAAAAAAAAAAAAAAAAAAAAAAAAAAAAAAAAAAAAAAAAAAAAAAAAAAAAAAAAAAAAAAAAAAAAAAAAAAAAAAAAAAAAAAAAAAAAAAAAAAAAAAAAAAAAAAAAAAAAAAAAAAAAAAAAAAAAAAAAAAAAAAAAAAAAAAAAAAAAAAAAAAAAAAAAAAAAAAAAAAAAAAAAAAAAAAAAAAAAAAAAAAAAAAAAAAAAAAAAAAAAAAAAAAAAAAAAAAAAAAAAAAAAAAAAAAAAAAAAAAAAAAAAAAAAAAAAAAAAAAAAAAAAAAAAAAAAAAAAAAAAAAAAAAAAAAAAAAAAAAAAAAAAAAAAAAAAAAAAAAAAAAAAAAAAAAAAAAAAAAAAAAAAAAAAAAAAAAAAAAAAAAAAAAAAAAAAAAAAAAAAAAAAAAAAAAAAAAAAAAAAAAAAAAAAAAAAAAAAAAAAAAAAAAAAAAAAAAAAAAAAAAAAAAAAAAAAAAAAAAAAAAAAAAAAAAAAAAAAAAAAAAAAAAAAAAAAAAAAAAACgyBTYBpP//6D4FNgGk///AAAAAAAAAAAAAAAAAQAAAMAGAABXaGVhAwAAAAAAAADARyPaBpP//wAAAAAAAAAAAQAAAMABAAAAAAAAAAAAAAAAAAAAAAAAAAAAAAAAAADMAwAACgAAAAMAAAACAAAAAAEAAAEAAAADAAAAAwAAAAAAAAAAAACAAgABAAAAAAAAAAAAAAAAAAAAAAAAAAAAAAAAAAAAAAAAAAAAAAAAAAAAAAAAAAAAAAAAAAAAAAAAAAAAAAAAAAAAAAAAAAAAAAAAAAAAAAAAAAAAAAAAAAAAAAAAAAAAAAAAAAAAAAAAAAAAAAAAAAAAAAAAAAAAAAAAAAAAAAAAAAAAAAAAAAAAAAAAAAAAAAAAAAAAAAAAAAAAAAAAAAAAAAAAAAAAAAAAAAAAAAAAAAAAAAAAAAAAAAAAAAAAAAAAAAAAAAAAAAAAAAAAAAAAAAAAAAAAAAAAAAAAAAAAAAAAAAAAAAAAAAAAAAAAAAAAAAAAAAAAAAAAAAAAAAAAAAAAAAAAAAAAAAAAAAAAAAAAAAAAAAAAAAAAAAAAAAAAAAAAAAAAAAAAAAAAAAAAAAAAAAAAAAAAAAAAAAAAAAAAAAAAAAAAAAAAAAAAAAAAAAAAAAAAAAAAAAAAAAAAAAAAAAAAAAAAAAAAAAAAAAAAAAAAAAAAAAAAAAAAAAAAAAAAAAAAAAAAAAAAAAAAAAAAAAAAAAAAAAAAAAAAAAAAAAAAAAAAAAAAAAAAAAAAAAAAAAAAAAAAAAAAAAAAAAAAAAAAAAAAAAAAAAAAAAAAAAAAAAAAAAAAAAAAAAAAAAAAAAAAAAAAAAAAAAAAAAAAAAAAAAAAAAAAAAAAAAAAAAAAAAAAAAAAAAAAAAAAAAAAAAAAAAAAAAAAAAAAAAAAAAAAAAAAAAAAAAAAAAAAAAAAAAAAAAAAAAAAAAAAAAAAAAAAAAAAAAAAAAAAAAAAAAAAAAAAAAAAAAAAAAAAAAAAAAAAAAAAAAAAAAAAAAAAAAAAAAAAAAAAAAAAAAAAAAAAAAAAAAAAAAAAAAAAAAAAAAAAAAAAAAAAAAAAAAAAAAAAAAAAAAAAAAAAAAAAAAAAAAAAAAAAAAAAAAAAAAAAAAAAAAAAAAAAAAAAAAAAAAAAAAAAAAAAAAAAAAAAAAAAAAAAAAAAAAAAAAAAAAAAAAAAAAAAAAAAAAAAAAAAAAAAAAAAAAAAAAAAAAAAAAAAAAAAAAAAAAAAAAAAAAAAAAAAAAAAAAAAAAAAAAAAAAAAAAAAAAAAAAAAAAAAAAAAAAAAAAAAAAAAAAAAAAAAAAAAAAAAAAAAAAAAAAAAAAAAAAAAAAAAAAAAAAAAAAAAAAAAAAAAAAAAAAAAAAAAAAAAAAAAAAAAAAAAAAAAAAAAAAAAAAAAAAAAAAAAAAAAKK9taQL4//+g2BTYBpP//wAAAAAAAAAAAAAAAAAAAAAAAAAAAAAAAAcAAAAAAAAAAAAAAAAAAAAAAAAAAAAAAAAAAAAAAAAAAAAAAAAAAAAAAAAAAAAAAAEAAAAAAAAAzAMAAAoAAAAHAAAAAgAAAAAQAAABAAAACAAAAAQAAAAAAAAAAAAAgAAAAAAAAAAAAAAAAAAAAAAAAAAAAAAAAAAAAAAAAAAAAAAAAAAAAAAAAAAAAAAAAAAAAAAAAAAAAAAAAAAAAAAAAAAAAAAAAAAAAAAAAAAAAAAAAAAAAAAAAAAAAAAAAAAAAAAAAAAAAAAAAAAAAAAAAAAAAAAAAAAAAAAAAAAAAAAAAAAAAAAAAAAAAAAAAAAAAAAAAAAAAAAAAAAAAAAAAAAAAAAAAAAAAAAAAAAAAAAAAAAAAAAAAAAAAAAAAAAAAAAAAAAAAAAAAAAAAAAAAAAAAAAAAAAAAAAAAAAAAAAAAAAAAAAAAAAAAAAAAAAAAAAAAAAAAAAAAAAAAAAAAAAAAAAAAAAAAAAAAAAAAAAAAAAAAAAAAAAAAAAAAAAAAAAAAAAAAAAAAAAAAAAAAAAAAAAAAAAAAAAAAAAAAAAAAAAAAAAAAAAAAAAAAAAAAAAAAAAAAAAAAAAAAAAAAAAAAAAAAAAAAAAAAAAAAAAAAAAAAAAAAAAAAAAAAAAAAAAAAAAAAAAAAAAAAAAAAAAAAAAAAAAAAAAAAAAAAAAAAAAAAAAAAAAAAAAAAAAAAAAAAAAAAAAAAAAAAAAAAAAAAAAAAAAAAAAAAAAAAAAAAAAAAAAAAAAAAAAAAAAAAAAAAAAAAAAAAAAAAAAAAAAAAAAAAAAAAAAAAAAAAAAAAAAAAAAAAAAAAAAAAAAAAAAAAAAAAAAAAAAAAAAAAAAAAAAAAAAAAAAAAAAAAAAAAAAAAAAAAAAAAAAAAAAAAAAAAAAAAAAAAAAAAAAAAAAAAAAAAAAAAAAAAAAAAAAAAAAAAAAAAAAAAAAAAAAAAAAAAAAAAAAAAAAAAAAAAAAAAAAAAAAAAAAAAAAAAAAAAAAAAAAAAAAAAAAAAAAAAAAAAAAAAAAAAAAAAAAAAAAAAAAAAAAAAAAAAAAAAAAAAAAAAAAAAAAAAAAAAAAAAAAAAAAAAAAAAAAAAAAAAAAAAAAAAAAAAAAAAAAAAAAAAAAAAAAAAAAAAAAAAAAAAAAAAAAAAAAAAAAAAAAAAAAAAAAAAAAAAAAAAAAAAAAAAAAAAAAAAAAAAAAAAAAAAAAAAAAAAAAAAAAAAAAAAAAAAAAAAAAAAAAAAAAAAAAAAAAAAAAAAAAAAAAAAAAAAAAAAAAAAAAAAAAAAAAAAAAAAAAAAAAAAAAAAAAAAAAAAAAAAAAAAAAAAAAAAAAAAAAAAAAAAAAAAAAAAAAAAAAAAAAAAA=="}
{"EventID": "42", "Channel": "Microsoft-Windows-Kernel-WHEA/Operational", "Provider_Name": "Microsoft-Windows-Kernel-WHEA", "Computer": "DESKTOP-OFJ6N53", "TimeCreated": "2022-10-04 08:34:38.475554+00:00", "RecordID": "113", "Level": "4", "UserID": "S-1-5-18", "EventData.Type": "0", "EventData.Owner": "1280201291", "EventData.Id": "2147483660", "EventData.Flags": "2", "EventData.Length": "1009", "EventData.RawData": "V2hMZwEAAADxAwAAAAAAAEtSTkwMAACAAgAAANEDAADMAwAACwAAABAAAAABAAAALA0AAAEAAAADAAAAAAAAAAAAAAAAAAAAAAAAADxgwYNSFadIh9EU2UZ9d2VQUwAA2A4AAAEAAAAQEB57hcD//9AsAioA+P//8CwCKgD4//8QRHYmAPj//418IVdmXvtEgDObdMrO31sAAAAAAAAAAAAAAAAAAAAAZAQAAAEAAACQ+v55hcD//wAAAAAAAAAAAAAAAAAAAAAAAAAAAAAAAAAAAAAAAAAAAAAAAAAAAAAAAAAAAAAAAAAAAAAAAAAAAAAAAAAAAAAAAAAAAAAAAAAAAAAAAAAAAAAAAAAAAAAAAAAAAAAAAAAAAAAAAAAAAAAAAAAAAAAAAAAAAAAAAAAAAAAAAAAAAAAAAAAAAAAAAAAAAAAAAAAAAAAAAAAAAAAAAAAAAAAAAAAAAAAAAAAAAAAAAAAAAAAAAAAAAAAAAAAAAAAAAAAAAAAAAAAAAAAAAAAAAAAAAAAAAAAAAAAAAAAAAAAAAAAAAAAAAAAAAAAAAAAAAAAAAAAAAAAAAAAAAAAAAAAAAAAAAAAAAAAAAAAAAAAAAAAAAAAAAAAAAAAAAAAAAAAAAAAAAAAAAAAAAAAAAAAAAAAAAAAAAAAAAAAAAAAAAAAAAAAAAAAAAAAAAAAAAAAAAAAAAAAAAAAAAAAAAAAAAAAAAAAAAAAAAAAAAAAAAAAAAAAAAAAAAAAAAAAAAAAAAAAAAAAAAAAAAAAAAAAAAAAAAAAAAAAAAAAAAAAAAAAAAAAAAAAAAAAAAAAAAAAAAAAAAAAAAAAAAAAAAAAAAAAAAAAAAAAAAAAAAAAAAAAAAAAAAAAAAAAAAAAAAAAAAAAAAAAAAAAAAAAAAAAAAAAAAAAAAAAAAAAAAAAAAAAAAAAAAAAAAAAAAAAAAAAAAAAAAAAAAAAAAAAAAAAAAAAAAAAAAAAAAAAAAAAAAAAAAAAAAAAAAAAAAAAAAAAAAAAAAAAAAAAAAAAAAAAAAAAAAAAAAAAAAAAAAAAAAAAAAAAAAAAAAAAAAAAAAAAAAAAAAAAAAAAAAAAAAAAAAAAAAAAAAAAAAAAAAAAAAAAAAAAAAAAAAAAAAAAAAAAAAAAAAAAAAAAAAAAAAAAAAAAAAAAAAAAAAAAAAAAAAAAAAAAAAAAAAAAAAAAAAAAAAAAAAAAAAAAAAAAAAAAAAAAAAAAAAAAAAAAAAAAAAAAAAAAAAAAAAAAAAAAAAAAAAAAAAAAAAAAAAAAAAAAAAAAAAAAAAAAAAAAAAAAAAAAAAAAAAAAAAAAAAAAAAAAAAAAAAAAAAA=="}
{"EventID": "42", "Channel": "Microsoft-Windows-Kernel-WHEA/Operational", "Provider_Name": "Microsoft-Windows-Kernel-WHEA", "Computer": "DESKTOP-OFJ6N53", "TimeCreated": "2022-10-04 08:34:43.133871+00:00", "RecordID": "114", "Level": "4", "UserID": "S-1-5-18", "EventData.Type": "0", "EventData.Owner": "1145590608", "EventData.Id": "2147483658", "EventData.Flags": "2", "EventData.Length": "34", "EventData.RawData": "V2hMZwEAAAAiAAAAAAAAAFBTSEQKAACAAgAAAAIAAAAAAQ=="}
{"EventID": "5", "Channel": "Microsoft-Windows-Kernel-WHEA/Operational", "Provider_Name": "Microsoft-Windows-Kernel-WHEA", "Computer": "DESKTOP-OFJ6N53", "TimeCreated": "2022-10-04 08:34:43.134274+00:00", "RecordID": "115", "Level": "4", "UserID": "S-1-5-18", "EventData.ErrorSourceCount": "5", "EventData.ErrorRecordFormat": "10", "EventData.ErrorSourceTableLength": "5360", "EventData.ErrorSourceTable": "EAD4d4XA//8orw0nAPj//wAAAAAAAAAAAAAAAAEAAAD4KQAAV2hlYRAAAAAAAAAAAJAde4XA//8AAAAAAAAAAAMAAAB8DQAAAAAAAAAAAAAAAAAAAAAAAAAAAAAAAAAAzAMAAAsAAAAQAAAAAgAAACwNAAABAAAAAwAAAAAAAAAAAAAAAAAAAAAAAAA8YMGDUhWnSIfRFNlGfXdlUFMAANgOAAABAAAAEBAee4XA///QLAIqAPj///AsAioA+P//EER2JgD4//+NfCFXZl77RIAzm3TKzt9bAAAAAAAAAAAAAAAAAAAAAGQEAAABAAAAkPr+eYXA//8AAAAAAAAAAAAAAAAAAAAAAAAAAAAAAAAAAAAAAAAAAAAAAAAAAAAAAAAAAAAAAAAAAAAAAAAAAAAAAAAAAAAAAAAAAAAAAAAAAAAAAAAAAAAAAAAAAAAAAAAAAAAAAAAAAAAAAAAAAAAAAAAAAAAAAAAAAAAAAAAAAAAAAAAAAAAAAAAAAAAAAAAAAAAAAAAAAAAAAAAAAAAAAAAAAAAAAAAAAAAAAAAAAAAAAAAAAAAAAAAAAAAAAAAAAAAAAAAAAAAAAAAAAAAAAAAAAAAAAAAAAAAAAAAAAAAAAAAAAAAAAAAAAAAAAAAAAAAAAAAAAAAAAAAAAAAAAAAAAAAAAAAAAAAAAAAAAAAAAAAAAAAAAAAAAAAAAAAAAAAAAAAAAAAAAAAAAAAAAAAAAAAAAAAAAAAAAAAAAAAAAAAAAAAAAAAAAAAAAAAAAAAAAAAAAAAAAAAAAAAAAAAAAAAAAAAAAAAAAAAAAAAAAAAAAAAAAAAAAAAAAAAAAAAAAAAAAAAAAAAAAAAAAAAAAAAAAAAAAAAAAAAAAAAAAAAAAAAAAAAAAAAAAAAAAAAAAAAAAAAAAAAAAAAAAAAAAAAAAAAAAAAAAAAAAAAAAAAAAAAAAAAAAAAAAAAAAAAAAAAAAAAAAAAAAAAAAAAAAAAAAAAAAAAAAAAAAAAAAAAAAAAAAAAAAAAAAAAAAAAAAAAAAAAAAAAAAAAAAAAAAAAAAAAAAAAAAAAAAAAAAAAAAAAAAAAAAAAAAAAAAAAAAAAAAAAAAAAAAAAAAAAAAAAAAAAAAAAAAAAAAAAAAAAAAAAAAAAAAAAAAAAAAAAAAAAAAAAAAAAAAAAAAAAAAAAAAAAAAAAAAAAAAAAAAAAAAAAAAAAAAAAAAAAAAAAAAAAAAAAAAAAAAAAAAAAAAAAAAAAAAAAAAAAAAAAAAAAAAAAAAAAAAAAAAAAAAAAAAAAAAAAAAAAAAAAAAAAAAAAAAAAAAAAAAAAAAAAAAAAAAAAAAAAAAAAAAAAAAAAAAAAAAAAAAAAAAAAAAAAAAAAAAAAAAAAAAAAAAAAAAAAAAAAAAAAAAAAAAAAAAAAAAAAAAAAAAAAAALD493eFwP//gEIde4XA//8AAAAAAAAAAAAAAAAEAAAA6A0AAFdoZWEAAAAAAAAAAABAAHuFwP//AAAAAAAAAAAIAAAAYAEAAAAAAAAAAAAAAAAAAAAAAAAAAAAAAAAAAMwDAAAKAAAAAAAAAAIAAABBAQAABAAAAAgAAAABAAAAAAAAAAAAAIAAAAEGAAAAAAAAAAAAAAAA//////////8AAQAAAAQAAAEEAAACBAAAAwQAAP//////////AQEAAAQEAAAFBAAABgQAAAcEAAD//////////wIBAAAIBAAACQQAAAoEAAALBAAA//////////8DAQAADAQAAA0EAAAOBAAADwQAAP//////////BAEAABAEAAARBAAAEgQAABMEAAD//////////wUBAAAUBAAAFQQAABYEAAAXBAAA//////////8GAQAAGAQAABkEAAAaBAAAGwQAAP//////////BwEAABwEAAAdBAAAHgQAAB8EAAD//////////wgBAAAgBAAAIQQAACIEAAAjBAAA//////////8JAQAAJAQAACUEAAAmBAAAJwQAAP//////////CgEAACgEAAApBAAAKgQAACsEAAD//////////wsBAAAsBAAALQQAAC4EAAAvBAAA//////////8MAQAAMAQAADEEAAAyBAAAMwQAAP//////////DQEAADQEAAA1BAAANgQAADcEAAD//////////w4BAAA4BAAAOQQAADoEAAA7BAAA//////////8PAQAAPAQAAD0EAAA+BAAAPwQAAP//////////AAAAAAAAAAAAAAAAAAAAAAAAAAAAAAAAAAAAAAAAAAAAAAAAAAAAAAAAAAAAAAAAAAAAAAAAAAAAAAAAAAAAAAAAAAAAAAAAAAAAAAAAAAAAAAAAAAAAAAAAAAAAAAAAAAAAAAAAAAAAAAAAAAAAAAAAAAAAAAAAAAAAAAAAAAAAAAAAAAAAAAAAAAAAAAAAAAAAAAAAAAAAAAAAAAAAAAAAAAAAAAAAAAAAAAAAAAAAAAAAAAAAAAAAAAAAAAAAAAAAAAAAAAAAAAAAAAAAAAAAAAAAAAAAAAAAAAAAAAAAAAAAAAAAAAAAAAAAAAAAAAAAAAAAAAAAAAAAAAAAAAAAAAAAAAAAAAAAAAAAAAAAAAAAAAAAAAAAAAAAAAAAAAAAAAAAAAAAAAAAAAAAAAAAAAAAAAAAAAAAAAAAAAAAAAAAAAAAAAAAAAAAAAAAAAAAAAAAAAAAAAAAAAAAAAAAAAAAAAAAAAAAAAAAAAAAAAAAAAAAAAAAAAAAAAAAAAAAAAAAAAAAAAAAAAAAAAAAAAAAAAAAAAAAAAAAAAAAAAAAAAAAAAAAAAAAAAAAAAAAAAAAAAAAAAAAAAAAAAAAAAAAAAAAAAAAAAAAAABg9Pd3hcD//xAA+HeFwP//AAAAAAAAAAAAAAAABAAAAOgNAABXaGVhAQAAAAAAAAAAgAB7hcD//wAAAAAAAAAACAAAAGABAAAAAAAAAAAAAAAAAAAAAAAAAAAAAAAAAADMAwAACgAAAAEAAAACAAAAQQEAAAQAAAAIAAAAAgAAAAAAAAAAAACAAQABBgAAAAAFHAAAYOoAAAAAAAAAAAAAAAAAAAAAAAAAAAAAAAEAAAAEAAABBAAAAgQAAAMEAAD//////////wEBAAAEBAAABQQAAAYEAAAHBAAA//////////8CAQAACAQAAAkEAAAKBAAACwQAAP//////////AwEAAAwEAAANBAAADgQAAA8EAAD//////////wQBAAAQBAAAEQQAABIEAAATBAAA//////////8FAQAAFAQAABUEAAAWBAAAFwQAAP//////////BgEAABgEAAAZBAAAGgQAABsEAAD//////////wcBAAAcBAAAHQQAAB4EAAAfBAAA//////////8IAQAAIAQAACEEAAAiBAAAIwQAAP//////////CQEAACQEAAAlBAAAJgQAACcEAAD//////////woBAAAoBAAAKQQAACoEAAArBAAA//////////8LAQAALAQAAC0EAAAuBAAALwQAAP//////////DAEAADAEAAAxBAAAMgQAADMEAAD//////////w0BAAA0BAAANQQAADYEAAA3BAAA//////////8OAQAAOAQAADkEAAA6BAAAOwQAAP//////////DwEAADwEAAA9BAAAPgQAAD8EAAD//////////wAAAAAAAAAAAAAAAAAAAAAAAAAAAAAAAAAAAAAAAAAAAAAAAAAAAAAAAAAAAAAAAAAAAAAAAAAAAAAAAAAAAAAAAAAAAAAAAAAAAAAAAAAAAAAAAAAAAAAAAAAAAAAAAAAAAAAAAAAAAAAAAAAAAAAAAAAAAAAAAAAAAAAAAAAAAAAAAAAAAAAAAAAAAAAAAAAAAAAAAAAAAAAAAAAAAAAAAAAAAAAAAAAAAAAAAAAAAAAAAAAAAAAAAAAAAAAAAAAAAAAAAAAAAAAAAAAAAAAAAAAAAAAAAAAAAAAAAAAAAAAAAAAAAAAAAAAAAAAAAAAAAAAAAAAAAAAAAAAAAAAAAAAAAAAAAAAAAAAAAAAAAAAAAAAAAAAAAAAAAAAAAAAAAAAAAAAAAAAAAAAAAAAAAAAAAAAAAAAAAAAAAAAAAAAAAAAAAAAAAAAAAAAAAAAAAAAAAAAAAAAAAAAAAAAAAAAAAAAAAAAAAAAAAAAAAAAAAAAAAAAAAAAAAAAAAAAAAAAAAAAAAAAAAAAAAAAAAAAAAAAAAAAAAAAAAAAAAAAAAAAAAAAAAAAAAAAAAAAAAAAAAAAAAAAAAAAAAAAAAAAAEPD3d4XA//+w+Pd3hcD//wAAAAAAAAAAAAAAAAEAAADABgAAV2hlYQMAAAAAAAAAoDjfd4XA//8AAAAAAAAAAAEAAADAAQAAAAAAAAAAAAAAAAAAAAAAAAAAAAAAAAAAzAMAAAoAAAADAAAAAgAAAAABAAABAAAAAwAAAAMAAAAAAAAAAAAAgAIAAQAAAAAAAAAAAAAAAAAAAAAAAAAAAAAAAAAAAAAAAAAAAAAAAAAAAAAAAAAAAAAAAAAAAAAAAAAAAAAAAAAAAAAAAAAAAAAAAAAAAAAAAAAAAAAAAAAAAAAAAAAAAAAAAAAAAAAAAAAAAAAAAAAAAAAAAAAAAAAAAAAAAAAAAAAAAAAAAAAAAAAAAAAAAAAAAAAAAAAAAAAAAAAAAAAAAAAAAAAAAAAAAAAAAAAAAAAAAAAAAAAAAAAAAAAAAAAAAAAAAAAAAAAAAAAAAAAAAAAAAAAAAAAAAAAAAAAAAAAAAAAAAAAAAAAAAAAAAAAAAAAAAAAAAAAAAAAAAAAAAAAAAAAAAAAAAAAAAAAAAAAAAAAAAAAAAAAAAAAAAAAAAAAAAAAAAAAAAAAAAAAAAAAAAAAAAAAAAAAAAAAAAAAAAAAAAAAAAAAAAAAAAAAAAAAAAAAAAAAAAAAAAAAAAAAAAAAAAAAAAAAAAAAAAAAAAAAAAAAAAAAAAAAAAAAAAAAAAAAAAAAAAAAAAAAAAAAAAAAAAAAAAAAAAAAAAAAAAAAAAAAAAAAAAAAAAAAAAAAAAAAAAAAAAAAAAAAAAAAAAAAAAAAAAAAAAAAAAAAAAAAAAAAAAAAAAAAAAAAAAAAAAAAAAAAAAAAAAAAAAAAAAAAAAAAAAAAAAAAAAAAAAAAAAAAAAAAAAAAAAAAAAAAAAAAAAAAAAAAAAAAAAAAAAAAAAAAAAAAAAAAAAAAAAAAAAAAAAAAAAAAAAAAAAAAAAAAAAAAAAAAAAAAAAAAAAAAAAAAAAAAAAAAAAAAAAAAAAAAAAAAAAAAAAAAAAAAAAAAAAAAAAAAAAAAAAAAAAAAAAAAAAAAAAAAAAAAAAAAAAAAAAAAAAAAAAAAAAAAAAAAAAAAAAAAAAAAAAAAAAAAAAAAAAAAAAAAAAAAAAAAAAAAAAAAAAAAAAAAAAAAAAAAAAAAAAAAAAAAAAAAAAAAAAAAAAAAAAAAAAAAAAAAAAAAAAAAAAAAAAAAAAAAAAAAAAAAAAAAAAAAAAAAAAAAAAAAAAAAAAAAAAAAAAAAAAAAAAAAAAAAAAAAAAAAAAAAAAAAAAAAAAAAAAAAAAAAAAAAAAAAAAAAAAAAAAAAAAAAAAAAAAAAAAAAAAAAAAAAAAAAAAAAAAAAAAAAAAAAAAAAAAAAAAAAAAAAAAAAAAAAAAAAAAAAAAAAAAAAAAAAAAAAAAAAAAAAAAAAAAAAAACivDScA+P//YPT3d4XA//8AAAAAAAAAAAAAAAAAAAAAAAAAAAAAAAAHAAAAAAAAAAAAAAAAAAAAAAAAAAAAAAAAAAAAAAAAAAAAAAAAAAAAAAAAAAAAAAABAAAAAAAAAMwDAAAKAAAABwAAAAIAAAAAEAAAAQAAAAgAAAAEAAAAAAAAAAAAAIAAAAAAAAAAAAAAAAAAAAAAAAAAAAAAAAAAAAAAAAAAAAAAAAAAAAAAAAAAAAAAAAAAAAAAAAAAAAAAAAAAAAAAAAAAAAAAAAAAAAAAAAAAAAAAAAAAAAAAAAAAAAAAAAAAAAAAAAAAAAAAAAAAAAAAAAAAAAAAAAAAAAAAAAAAAAAAAAAAAAAAAAAAAAAAAAAAAAAAAAAAAAAAAAAAAAAAAAAAAAAAAAAAAAAAAAAAAAAAAAAAAAAAAAAAAAAAAAAAAAAAAAAAAAAAAAAAAAAAAAAAAAAAAAAAAAAAAAAAAAAAAAAAAAAAAAAAAAAAAAAAAAAAAAAAAAAAAAAAAAAAAAAAAAAAAAAAAAAAAAAAAAAAAAAAAAAAAAAAAAAAAAAAAAAAAAAAAAAAAAAAAAAAAAAAAAAAAAAAAAAAAAAAAAAAAAAAAAAAAAAAAAAAAAAAAAAAAAAAAAAAAAAAAAAAAAAAAAAAAAAAAAAAAAAAAAAAAAAAAAAAAAAAAAAAAAAAAAAAAAAAAAAAAAAAAAAAAAAAAAAAAAAAAAAAAAAAAAAAAAAAAAAAAAAAAAAAAAAAAAAAAAAAAAAAAAAAAAAAAAAAAAAAAAAAAAAAAAAAAAAAAAAAAAAAAAAAAAAAAAAAAAAAAAAAAAAAAAAAAAAAAAAAAAAAAAAAAAAAAAAAAAAAAAAAAAAAAAAAAAAAAAAAAAAAAAAAAAAAAAAAAAAAAAAAAAAAAAAAAAAAAAAAAAAAAAAAAAAAAAAAAAAAAAAAAAAAAAAAAAAAAAAAAAAAAAAAAAAAAAAAAAAAAAAAAAAAAAAAAAAAAAAAAAAAAAAAAAAAAAAAAAAAAAAAAAAAAAAAAAAAAAAAAAAAAAAAAAAAAAAAAAAAAAAAAAAAAAAAAAAAAAAAAAAAAAAAAAAAAAAAAAAAAAAAAAAAAAAAAAAAAAAAAAAAAAAAAAAAAAAAAAAAAAAAAAAAAAAAAAAAAAAAAAAAAAAAAAAAAAAAAAAAAAAAAAAAAAAAAAAAAAAAAAAAAAAAAAAAAAAAAAAAAAAAAAAAAAAAAAAAAAAAAAAAAAAAAAAAAAAAAAAAAAAAAAAAAAAAAAAAAAAAAAAAAAAAAAAAAAAAAAAAAAAAAAAAAAAAAAAAAAAAAAAAAAAAAAAAAAAAAAAAAAAAAAAAAAAAAAAAAAAAAAAAAAAAAAAAAAAAAAAAAAAAAAAAAAAAAAAAAAAAAAAAAAAAAAAAAAAAAAAAAAA="}
{"EventID": "42", "Channel": "Microsoft-Windows-Kernel-WHEA/Operational", "Provider_Name": "Microsoft-Windows-Kernel-WHEA", "Computer": "DESKTOP-OFJ6N53", "TimeCreated": "2022-10-04 08:34:43.134277+00:00", "RecordID": "116", "Level": "4", "UserID": "S-1-5-18", "EventData.Type": "0", "EventData.Owner": "1280201291", "EventData.Id": "2147483650", "EventData.Flags": "2", "EventData.Length": "5392", "EventData.RawData": "V2hMZwEAAAAQFQAAAAAAAEtSTkwCAACAAgAAAPAUAAAQAPh3hcD//yivDScA+P//AAAAAAAAAAAAAAAAAQAAAPgpAABXaGVhEAAAAAAAAAAAkB17hcD//wAAAAAAAAAAAwAAAHwNAAAAAAAAAAAAAAAAAAAAAAAAAAAAAAAAAADMAwAACwAAABAAAAACAAAALA0AAAEAAAADAAAAAAAAAAAAAAAAAAAAAAAAADxgwYNSFadIh9EU2UZ9d2VQUwAA2A4AAAEAAAAQEB57hcD//9AsAioA+P//8CwCKgD4//8QRHYmAPj//418IVdmXvtEgDObdMrO31sAAAAAAAAAAAAAAAAAAAAAZAQAAAEAAACQ+v55hcD//wAAAAAAAAAAAAAAAAAAAAAAAAAAAAAAAAAAAAAAAAAAAAAAAAAAAAAAAAAAAAAAAAAAAAAAAAAAAAAAAAAAAAAAAAAAAAAAAAAAAAAAAAAAAAAAAAAAAAAAAAAAAAAAAAAAAAAAAAAAAAAAAAAAAAAAAAAAAAAAAAAAAAAAAAAAAAAAAAAAAAAAAAAAAAAAAAAAAAAAAAAAAAAAAAAAAAAAAAAAAAAAAAAAAAAAAAAAAAAAAAAAAAAAAAAAAAAAAAAAAAAAAAAAAAAAAAAAAAAAAAAAAAAAAAAAAAAAAAAAAAAAAAAAAAAAAAAAAAAAAAAAAAAAAAAAAAAAAAAAAAAAAAAAAAAAAAAAAAAAAAAAAAAAAAAAAAAAAAAAAAAAAAAAAAAAAAAAAAAAAAAAAAAAAAAAAAAAAAAAAAAAAAAAAAAAAAAAAAAAAAAAAAAAAAAAAAAAAAAAAAAAAAAAAAAAAAAAAAAAAAAAAAAAAAAAAAAAAAAAAAAAAAAAAAAAAAAAAAAAAAAAAAAAAAAAAAAAAAAAAAAAAAAAAAAAAAAAAAAAAAAAAAAAAAAAAAAAAAAAAAAAAAAAAAAAAAAAAAAAAAAAAAAAAAAAAAAAAAAAAAAAAAAAAAAAAAAAAAAAAAAAAAAAAAAAAAAAAAAAAAAAAAAAAAAAAAAAAAAAAAAAAAAAAAAAAAAAAAAAAAAAAAAAAAAAAAAAAAAAAAAAAAAAAAAAAAAAAAAAAAAAAAAAAAAAAAAAAAAAAAAAAAAAAAAAAAAAAAAAAAAAAAAAAAAAAAAAAAAAAAAAAAAAAAAAAAAAAAAAAAAAAAAAAAAAAAAAAAAAAAAAAAAAAAAAAAAAAAAAAAAAAAAAAAAAAAAAAAAAAAAAAAAAAAAAAAAAAAAAAAAAAAAAAAAAAAAAAAAAAAAAAAAAAAAAAAAAAAAAAAAAAAAAAAAAAAAAAAAAAAAAAAAAAAAAAAAAAAAAAAAAAAAAAAAAAAAAAAAAAAAAAAAAAAAAAAAAAAAAAAAAAAAAAAAAAAAAAAAAAAAAAAAAAAAAAAAAAAAAAAAAAAAAAAAAAAAAAAAAAAAAAAAAAAAAAAAAAAAAsPj3d4XA//+AQh17hcD//wAAAAAAAAAAAAAAAAQAAADoDQAAV2hlYQAAAAAAAAAAAEAAe4XA//8AAAAAAAAAAAgAAABgAQAAAAAAAAAAAAAAAAAAAAAAAAAAAAAAAAAAzAMAAAoAAAAAAAAAAgAAAEEBAAAEAAAACAAAAAEAAAAAAAAAAAAAgAAAAQYAAAAAAAAAAAAAAAD//////////wABAAAABAAAAQQAAAIEAAADBAAA//////////8BAQAABAQAAAUEAAAGBAAABwQAAP//////////AgEAAAgEAAAJBAAACgQAAAsEAAD//////////wMBAAAMBAAADQQAAA4EAAAPBAAA//////////8EAQAAEAQAABEEAAASBAAAEwQAAP//////////BQEAABQEAAAVBAAAFgQAABcEAAD//////////wYBAAAYBAAAGQQAABoEAAAbBAAA//////////8HAQAAHAQAAB0EAAAeBAAAHwQAAP//////////CAEAACAEAAAhBAAAIgQAACMEAAD//////////wkBAAAkBAAAJQQAACYEAAAnBAAA//////////8KAQAAKAQAACkEAAAqBAAAKwQAAP//////////CwEAACwEAAAtBAAALgQAAC8EAAD//////////wwBAAAwBAAAMQQAADIEAAAzBAAA//////////8NAQAANAQAADUEAAA2BAAANwQAAP//////////DgEAADgEAAA5BAAAOgQAADsEAAD//////////w8BAAA8BAAAPQQAAD4EAAA/BAAA//////////8AAAAAAAAAAAAAAAAAAAAAAAAAAAAAAAAAAAAAAAAAAAAAAAAAAAAAAAAAAAAAAAAAAAAAAAAAAAAAAAAAAAAAAAAAAAAAAAAAAAAAAAAAAAAAAAAAAAAAAAAAAAAAAAAAAAAAAAAAAAAAAAAAAAAAAAAAAAAAAAAAAAAAAAAAAAAAAAAAAAAAAAAAAAAAAAAAAAAAAAAAAAAAAAAAAAAAAAAAAAAAAAAAAAAAAAAAAAAAAAAAAAAAAAAAAAAAAAAAAAAAAAAAAAAAAAAAAAAAAAAAAAAAAAAAAAAAAAAAAAAAAAAAAAAAAAAAAAAAAAAAAAAAAAAAAAAAAAAAAAAAAAAAAAAAAAAAAAAAAAAAAAAAAAAAAAAAAAAAAAAAAAAAAAAAAAAAAAAAAAAAAAAAAAAAAAAAAAAAAAAAAAAAAAAAAAAAAAAAAAAAAAAAAAAAAAAAAAAAAAAAAAAAAAAAAAAAAAAAAAAAAAAAAAAAAAAAAAAAAAAAAAAAAAAAAAAAAAAAAAAAAAAAAAAAAAAAAAAAAAAAAAAAAAAAAAAAAAAAAAAAAAAAAAAAAAAAAAAAAAAAAAAAAAAAAAAAAAAAAAAAAAAAAAAAAAAAAAAAAGD093eFwP//EAD4d4XA//8AAAAAAAAAAAAAAAAEAAAA6A0AAFdoZWEBAAAAAAAAAACAAHuFwP//AAAAAAAAAAAIAAAAYAEAAAAAAAAAAAAAAAAAAAAAAAAAAAAAAAAAAMwDAAAKAAAAAQAAAAIAAABBAQAABAAAAAgAAAACAAAAAAAAAAAAAIABAAEGAAAAAAUcAABg6gAAAAAAAAAAAAAAAAAAAAAAAAAAAAAAAQAAAAQAAAEEAAACBAAAAwQAAP//////////AQEAAAQEAAAFBAAABgQAAAcEAAD//////////wIBAAAIBAAACQQAAAoEAAALBAAA//////////8DAQAADAQAAA0EAAAOBAAADwQAAP//////////BAEAABAEAAARBAAAEgQAABMEAAD//////////wUBAAAUBAAAFQQAABYEAAAXBAAA//////////8GAQAAGAQAABkEAAAaBAAAGwQAAP//////////BwEAABwEAAAdBAAAHgQAAB8EAAD//////////wgBAAAgBAAAIQQAACIEAAAjBAAA//////////8JAQAAJAQAACUEAAAmBAAAJwQAAP//////////CgEAACgEAAApBAAAKgQAACsEAAD//////////wsBAAAsBAAALQQAAC4EAAAvBAAA//////////8MAQAAMAQAADEEAAAyBAAAMwQAAP//////////DQEAADQEAAA1BAAANgQAADcEAAD//////////w4BAAA4BAAAOQQAADoEAAA7BAAA//////////8PAQAAPAQAAD0EAAA+BAAAPwQAAP//////////AAAAAAAAAAAAAAAAAAAAAAAAAAAAAAAAAAAAAAAAAAAAAAAAAAAAAAAAAAAAAAAAAAAAAAAAAAAAAAAAAAAAAAAAAAAAAAAAAAAAAAAAAAAAAAAAAAAAAAAAAAAAAAAAAAAAAAAAAAAAAAAAAAAAAAAAAAAAAAAAAAAAAAAAAAAAAAAAAAAAAAAAAAAAAAAAAAAAAAAAAAAAAAAAAAAAAAAAAAAAAAAAAAAAAAAAAAAAAAAAAAAAAAAAAAAAAAAAAAAAAAAAAAAAAAAAAAAAAAAAAAAAAAAAAAAAAAAAAAAAAAAAAAAAAAAAAAAAAAAAAAAAAAAAAAAAAAAAAAAAAAAAAAAAAAAAAAAAAAAAAAAAAAAAAAAAAAAAAAAAAAAAAAAAAAAAAAAAAAAAAAAAAAAAAAAAAAAAAAAAAAAAAAAAAAAAAAAAAAAAAAAAAAAAAAAAAAAAAAAAAAAAAAAAAAAAAAAAAAAAAAAAAAAAAAAAAAAAAAAAAAAAAAAAAAAAAAAAAAAAAAAAAAAAAAAAAAAAAAAAAAAAAAAAAAAAAAAAAAAAAAAAAAAAAAAAAAAAAAAAAAAAAAAAAAAAAAAAAAAAAAAQ8Pd3hcD//7D493eFwP//AAAAAAAAAAAAAAAAAQAAAMAGAABXaGVhAwAAAAAAAACgON93hcD//wAAAAAAAAAAAQAAAMABAAAAAAAAAAAAAAAAAAAAAAAAAAAAAAAAAADMAwAACgAAAAMAAAACAAAAAAEAAAEAAAADAAAAAwAAAAAAAAAAAACAAgABAAAAAAAAAAAAAAAAAAAAAAAAAAAAAAAAAAAAAAAAAAAAAAAAAAAAAAAAAAAAAAAAAAAAAAAAAAAAAAAAAAAAAAAAAAAAAAAAAAAAAAAAAAAAAAAAAAAAAAAAAAAAAAAAAAAAAAAAAAAAAAAAAAAAAAAAAAAAAAAAAAAAAAAAAAAAAAAAAAAAAAAAAAAAAAAAAAAAAAAAAAAAAAAAAAAAAAAAAAAAAAAAAAAAAAAAAAAAAAAAAAAAAAAAAAAAAAAAAAAAAAAAAAAAAAAAAAAAAAAAAAAAAAAAAAAAAAAAAAAAAAAAAAAAAAAAAAAAAAAAAAAAAAAAAAAAAAAAAAAAAAAAAAAAAAAAAAAAAAAAAAAAAAAAAAAAAAAAAAAAAAAAAAAAAAAAAAAAAAAAAAAAAAAAAAAAAAAAAAAAAAAAAAAAAAAAAAAAAAAAAAAAAAAAAAAAAAAAAAAAAAAAAAAAAAAAAAAAAAAAAAAAAAAAAAAAAAAAAAAAAAAAAAAAAAAAAAAAAAAAAAAAAAAAAAAAAAAAAAAAAAAAAAAAAAAAAAAAAAAAAAAAAAAAAAAAAAAAAAAAAAAAAAAAAAAAAAAAAAAAAAAAAAAAAAAAAAAAAAAAAAAAAAAAAAAAAAAAAAAAAAAAAAAAAAAAAAAAAAAAAAAAAAAAAAAAAAAAAAAAAAAAAAAAAAAAAAAAAAAAAAAAAAAAAAAAAAAAAAAAAAAAAAAAAAAAAAAAAAAAAAAAAAAAAAAAAAAAAAAAAAAAAAAAAAAAAAAAAAAAAAAAAAAAAAAAAAAAAAAAAAAAAAAAAAAAAAAAAAAAAAAAAAAAAAAAAAAAAAAAAAAAAAAAAAAAAAAAAAAAAAAAAAAAAAAAAAAAAAAAAAAAAAAAAAAAAAAAAAAAAAAAAAAAAAAAAAAAAAAAAAAAAAAAAAAAAAAAAAAAAAAAAAAAAAAAAAAAAAAAAAAAAAAAAAAAAAAAAAAAAAAAAAAAAAAAAAAAAAAAAAAAAAAAAAAAAAAAAAAAAAAAAAAAAAAAAAAAAAAAAAAAAAAAAAAAAAAAAAAAAAAAAAAAAAAAAAAAAAAAAAAAAAAAAAAAAAAAAAAAAAAAAAAAAAAAAAAAAAAAAAAAAAAAAAAAAAAAAAAAAAAAAAAAAAAAAAAAAAAAAAAAAAAAAAAAAAAAAAAAAAAAAAAAAAAAAAAAAAAAAAAAAAAAAAAAAAAAAAAAAAAAAAAAAAAAAAAAAAAAAAAAKK8NJwD4//9g9Pd3hcD//wAAAAAAAAAAAAAAAAAAAAAAAAAAAAAAAAcAAAAAAAAAAAAAAAAAAAAAAAAAAAAAAAAAAAAAAAAAAAAAAAAAAAAAAAAAAAAAAAEAAAAAAAAAzAMAAAoAAAAHAAAAAgAAAAAQAAABAAAACAAAAAQAAAAAAAAAAAAAgAAAAAAAAAAAAAAAAAAAAAAAAAAAAAAAAAAAAAAAAAAAAAAAAAAAAAAAAAAAAAAAAAAAAAAAAAAAAAAAAAAAAAAAAAAAAAAAAAAAAAAAAAAAAAAAAAAAAAAAAAAAAAAAAAAAAAAAAAAAAAAAAAAAAAAAAAAAAAAAAAAAAAAAAAAAAAAAAAAAAAAAAAAAAAAAAAAAAAAAAAAAAAAAAAAAAAAAAAAAAAAAAAAAAAAAAAAAAAAAAAAAAAAAAAAAAAAAAAAAAAAAAAAAAAAAAAAAAAAAAAAAAAAAAAAAAAAAAAAAAAAAAAAAAAAAAAAAAAAAAAAAAAAAAAAAAAAAAAAAAAAAAAAAAAAAAAAAAAAAAAAAAAAAAAAAAAAAAAAAAAAAAAAAAAAAAAAAAAAAAAAAAAAAAAAAAAAAAAAAAAAAAAAAAAAAAAAAAAAAAAAAAAAAAAAAAAAAAAAAAAAAAAAAAAAAAAAAAAAAAAAAAAAAAAAAAAAAAAAAAAAAAAAAAAAAAAAAAAAAAAAAAAAAAAAAAAAAAAAAAAAAAAAAAAAAAAAAAAAAAAAAAAAAAAAAAAAAAAAAAAAAAAAAAAAAAAAAAAAAAAAAAAAAAAAAAAAAAAAAAAAAAAAAAAAAAAAAAAAAAAAAAAAAAAAAAAAAAAAAAAAAAAAAAAAAAAAAAAAAAAAAAAAAAAAAAAAAAAAAAAAAAAAAAAAAAAAAAAAAAAAAAAAAAAAAAAAAAAAAAAAAAAAAAAAAAAAAAAAAAAAAAAAAAAAAAAAAAAAAAAAAAAAAAAAAAAAAAAAAAAAAAAAAAAAAAAAAAAAAAAAAAAAAAAAAAAAAAAAAAAAAAAAAAAAAAAAAAAAAAAAAAAAAAAAAAAAAAAAAAAAAAAAAAAAAAAAAAAAAAAAAAAAAAAAAAAAAAAAAAAAAAAAAAAAAAAAAAAAAAAAAAAAAAAAAAAAAAAAAAAAAAAAAAAAAAAAAAAAAAAAAAAAAAAAAAAAAAAAAAAAAAAAAAAAAAAAAAAAAAAAAAAAAAAAAAAAAAAAAAAAAAAAAAAAAAAAAAAAAAAAAAAAAAAAAAAAAAAAAAAAAAAAAAAAAAAAAAAAAAAAAAAAAAAAAAAAAAAAAAAAAAAAAAAAAAAAAAAAAAAAAAAAAAAAAAAAAAAAAAAAAAAAAAAAAAAAAAAAAAAAAAAAAAAAAAAAAAAAAAAAAAAAAAAAAAAAAAAAAAAAAAAAAAAAAAAAAAAAAAAAAAAAAAA=="}
{"EventID": "42", "Channel": "Microsoft-Windows-Kernel-WHEA/Operational", "Provider_Name": "Microsoft-Windows-Kernel-WHEA", "Computer": "DESKTOP-OFJ6N53", "TimeCreated": "2022-10-05 14:36:54.031733+00:00", "RecordID": "117", "Level": "4", "UserID": "S-1-5-18", "EventData.Type": "0", "EventData.Owner": "1280201291", "EventData.Id": "2147483660", "EventData.Flags": "2", "EventData.Length": "1009", "EventData.RawData": "V2hMZwEAAADxAwAAAAAAAEtSTkwMAACAAgAAANEDAADMAwAACwAAABAAAAABAAAALA0AAAEAAAADAAAAAAAAAAAAAAAAAAAAAAAAADxgwYNSFadIh9EU2UZ9d2VQUwAA2A4AAAEAAAAQULHFCtv//9AsQl8C+P//8CxCXwL4//8QRJZZAvj//418IVdmXvtEgDObdMrO31sAAAAAAAAAAAAAAAAAAAAAZAQAAAEAAAAQiI/FCtv//wAAAAAAAAAAAAAAAAAAAAAAAAAAAAAAAAAAAAAAAAAAAAAAAAAAAAAAAAAAAAAAAAAAAAAAAAAAAAAAAAAAAAAAAAAAAAAAAAAAAAAAAAAAAAAAAAAAAAAAAAAAAAAAAAAAAAAAAAAAAAAAAAAAAAAAAAAAAAAAAAAAAAAAAAAAAAAAAAAAAAAAAAAAAAAAAAAAAAAAAAAAAAAAAAAAAAAAAAAAAAAAAAAAAAAAAAAAAAAAAAAAAAAAAAAAAAAAAAAAAAAAAAAAAAAAAAAAAAAAAAAAAAAAAAAAAAAAAAAAAAAAAAAAAAAAAAAAAAAAAAAAAAAAAAAAAAAAAAAAAAAAAAAAAAAAAAAAAAAAAAAAAAAAAAAAAAAAAAAAAAAAAAAAAAAAAAAAAAAAAAAAAAAAAAAAAAAAAAAAAAAAAAAAAAAAAAAAAAAAAAAAAAAAAAAAAAAAAAAAAAAAAAAAAAAAAAAAAAAAAAAAAAAAAAAAAAAAAAAAAAAAAAAAAAAAAAAAAAAAAAAAAAAAAAAAAAAAAAAAAAAAAAAAAAAAAAAAAAAAAAAAAAAAAAAAAAAAAAAAAAAAAAAAAAAAAAAAAAAAAAAAAAAAAAAAAAAAAAAAAAAAAAAAAAAAAAAAAAAAAAAAAAAAAAAAAAAAAAAAAAAAAAAAAAAAAAAAAAAAAAAAAAAAAAAAAAAAAAAAAAAAAAAAAAAAAAAAAAAAAAAAAAAAAAAAAAAAAAAAAAAAAAAAAAAAAAAAAAAAAAAAAAAAAAAAAAAAAAAAAAAAAAAAAAAAAAAAAAAAAAAAAAAAAAAAAAAAAAAAAAAAAAAAAAAAAAAAAAAAAAAAAAAAAAAAAAAAAAAAAAAAAAAAAAAAAAAAAAAAAAAAAAAAAAAAAAAAAAAAAAAAAAAAAAAAAAAAAAAAAAAAAAAAAAAAAAAAAAAAAAAAAAAAAAAAAAAAAAAAAAAAAAAAAAAAAAAAAAAAAAAAAAAAAAAAAAAAAAAAAAAAAAAAAAAAAAAAAAAAAAAAAAAAAAAAAAAAAAAAAAAAAAAAAAAAAAAAAAAAAAAAAAAAAAAAAAAAAAAAAAAAAAAAAAAAAAAAAAAAAA=="}
{"EventID": "42", "Channel": "Microsoft-Windows-Kernel-WHEA/Operational", "Provider_Name": "Microsoft-Windows-Kernel-WHEA", "Computer": "DESKTOP-OFJ6N53", "TimeCreated": "2022-10-05 14:36:58.732477+00:00", "RecordID": "118", "Level": "4", "UserID": "S-1-5-18", "EventData.Type": "0", "EventData.Owner": "1145590608", "EventData.Id": "2147483658", "EventData.Flags": "2", "EventData.Length": "34", "EventData.RawData": "V2hMZwEAAAAiAAAAAAAAAFBTSEQKAACAAgAAAAIAAAAAAQ=="}
