{"EventID": "4006", "Channel": "Microsoft-Windows-CloudStore/Initialization", "Provider_Name": "Microsoft-Windows-CloudStore", "Computer": "DESKTOP-OFJ6N53", "TimeCreated": "2024-06-13 10:03:00.315022+00:00", "RecordID": "1", "Level": "4", "UserID": "S-1-5-21-963789628-1060504924-4285088085-1001", "EventData.Target": "MicrosoftDevice.TopLevelOnly", "EventData.Enabled": "False", "EventData.Forced": "False"}
{"EventID": "4006", "Channel": "Microsoft-Windows-CloudStore/Initialization", "Provider_Name": "Microsoft-Windows-CloudStore", "Computer": "DESKTOP-OFJ6N53", "TimeCreated": "2024-06-13 10:03:00.315554+00:00", "RecordID": "2", "Level": "4", "UserID": "S-1-5-21-963789628-1060504924-4285088085-1001", "EventData.Target": "MicrosoftDevice.Personalization", "EventData.Enabled": "False", "EventData.Forced": "False"}
{"EventID": "4006", "Channel": "Microsoft-Windows-CloudStore/Initialization", "Provider_Name": "Microsoft-Windows-CloudStore", "Computer": "DESKTOP-OFJ6N53", "TimeCreated": "2024-06-13 10:03:00.316725+00:00", "RecordID": "3", "Level": "4", "UserID": "S-1-5-21-963789628-1060504924-4285088085-1001", "EventData.Target": "MicrosoftDevice.Accessibility", "EventData.Enabled": "False", "EventData.Forced": "False"}
{"EventID": "4006", "Channel": "Microsoft-Windows-CloudStore/Initialization", "Provider_Name": "Microsoft-Windows-CloudStore", "Computer": "DESKTOP-OFJ6N53", "TimeCreated": "2024-06-13 10:03:00.319973+00:00", "RecordID": "4", "Level": "4", "UserID": "S-1-5-21-963789628-1060504924-4285088085-1001", "EventData.Target": "MicrosoftDevice.Credentials", "EventData.Enabled": "False", "EventData.Forced": "False"}
{"EventID": "4006", "Channel": "Microsoft-Windows-CloudStore/Initialization", "Provider_Name": "Microsoft-Windows-CloudStore", "Computer": "DESKTOP-OFJ6N53", "TimeCreated": "2024-06-13 10:03:00.320803+00:00", "RecordID": "5", "Level": "4", "UserID": "S-1-5-21-963789628-1060504924-4285088085-1001", "EventData.Target": "MicrosoftDevice.Language", "EventData.Enabled": "False", "EventData.Forced": "False"}
{"EventID": "4006", "Channel": "Microsoft-Windows-CloudStore/Initialization", "Provider_Name": "Microsoft-Windows-CloudStore", "Computer": "DESKTOP-OFJ6N53", "TimeCreated": "2024-06-13 10:03:00.321259+00:00", "RecordID": "6", "Level": "4", "UserID": "S-1-5-21-963789628-1060504924-4285088085-1001", "EventData.Target": "MicrosoftDevice.Default", "EventData.Enabled": "False", "EventData.Forced": "False"}
{"EventID": "4006", "Channel": "Microsoft-Windows-CloudStore/Initialization", "Provider_Name": "Microsoft-Windows-CloudStore", "Computer": "DESKTOP-OFJ6N53", "TimeCreated": "2024-06-13 10:03:00.325377+00:00", "RecordID": "7", "Level": "4", "UserID": "S-1-5-21-963789628-1060504924-4285088085-1001", "EventData.Target": "MicrosoftDevice.Ink", "EventData.Enabled": "False", "EventData.Forced": "False"}
{"EventID": "4002", "Channel": "Microsoft-Windows-CloudStore/Initialization", "Provider_Name": "Microsoft-Windows-CloudStore", "Computer": "DESKTOP-OFJ6N53", "TimeCreated": "2024-06-13 10:03:00.329292+00:00", "RecordID": "8", "Level": "4", "UserID": "S-1-5-21-963789628-1060504924-4285088085-1001", "EventData.BackupProfileId": null, "EventData.RestoreProfileId": null, "EventData.DeviceDisplayName": "n/a", "EventData.Cv": "MMYs8O1GLSC00OJBQl5cqM.0.0.0.0.2", "EventData.TypeName": "Windows.Data.Platform.Partitioning.DevicePartitions"}
{"EventID": "4002", "Channel": "Microsoft-Windows-CloudStore/Initialization", "Provider_Name": "Microsoft-Windows-CloudStore", "Computer": "DESKTOP-OFJ6N53", "TimeCreated": "2024-06-13 10:03:00.333790+00:00", "RecordID": "9", "Level": "4", "UserID": "S-1-5-21-963789628-1060504924-4285088085-1001", "EventData.BackupProfileId": null, "EventData.RestoreProfileId": null, "EventData.DeviceDisplayName": null, "EventData.Cv": "MMYs8O1GLSC00OJBQl5cqM.0.0.0.1.2", "EventData.TypeName": "Windows.Data.Platform.BackupRestore.DeviceProfile"}
{"EventID": "4007", "Channel": "Microsoft-Windows-CloudStore/Initialization", "Provider_Name": "Microsoft-Windows-CloudStore", "Computer": "DESKTOP-OFJ6N53", "TimeCreated": "2025-03-07 15:05:13.057686+00:00", "RecordID": "10", "Level": "3", "UserID": "S-1-5-21-963789628-1060504924-4285088085-1001", "EventData.Target": "MicrosoftDevice", "EventData.Enabled": "False", "EventData.Forced": "True", "EventData.ErrorCode": "-2140995319"}
{"EventID": "4006", "Channel": "Microsoft-Windows-CloudStore/Initialization", "Provider_Name": "Microsoft-Windows-CloudStore", "Computer": "DESKTOP-OFJ6N53", "TimeCreated": "2025-04-01 16:03:53.282499+00:00", "RecordID": "11", "Level": "4", "UserID": "S-1-5-21-963789628-1060504924-4285088085-1001", "EventData.Target": "MicrosoftDevice", "EventData.Enabled": "False", "EventData.Forced": "True"}
{"EventID": "4006", "Channel": "Microsoft-Windows-CloudStore/Initialization", "Provider_Name": "Microsoft-Windows-CloudStore", "Computer": "DESKTOP-OFJ6N53", "TimeCreated": "2025-07-07 13:12:04.564016+00:00", "RecordID": "12", "Level": "4", "UserID": "S-1-5-21-963789628-1060504924-4285088085-1001", "EventData.Target": "MicrosoftDevice", "EventData.Enabled": "False", "EventData.Forced": "False"}
{"EventID": "4006", "Channel": "Microsoft-Windows-CloudStore/Initialization", "Provider_Name": "Microsoft-Windows-CloudStore", "Computer": "DESKTOP-OFJ6N53", "TimeCreated": "2025-07-14 09:52:15.133362+00:00", "RecordID": "13", "Level": "4", "UserID": "S-1-5-21-963789628-1060504924-4285088085-1001", "EventData.Target": "MicrosoftDevice", "EventData.Enabled": "False", "EventData.Forced": "False"}
{"EventID": "4006", "Channel": "Microsoft-Windows-CloudStore/Initialization", "Provider_Name": "Microsoft-Windows-CloudStore", "Computer": "DESKTOP-OFJ6N53", "TimeCreated": "2025-07-24 21:30:39.464933+00:00", "RecordID": "14", "Level": "4", "UserID": "S-1-5-21-963789628-1060504924-4285088085-1001", "EventData.Target": "MicrosoftDevice", "EventData.Enabled": "False", "EventData.Forced": "False"}
{"EventID": "4006", "Channel": "Microsoft-Windows-CloudStore/Initialization", "Provider_Name": "Microsoft-Windows-CloudStore", "Computer": "DESKTOP-OFJ6N53", "TimeCreated": "2025-07-31 08:14:04.772547+00:00", "RecordID": "15", "Level": "4", "UserID": "S-1-5-21-963789628-1060504924-4285088085-1001", "EventData.Target": "MicrosoftDevice", "EventData.Enabled": "False", "EventData.Forced": "False"}
{"EventID": "4007", "Channel": "Microsoft-Windows-CloudStore/Initialization", "Provider_Name": "Microsoft-Windows-CloudStore", "Computer": "DESKTOP-OFJ6N53", "TimeCreated": "2025-08-12 12:18:26.682293+00:00", "RecordID": "16", "Level": "3", "UserID": "S-1-5-21-963789628-1060504924-4285088085-1001", "EventData.Target": "MicrosoftDevice", "EventData.Enabled": "False", "EventData.Forced": "True", "EventData.ErrorCode": "-2140995319"}
{"EventID": "4007", "Channel": "Microsoft-Windows-CloudStore/Initialization", "Provider_Name": "Microsoft-Windows-CloudStore", "Computer": "DESKTOP-OFJ6N53", "TimeCreated": "2025-08-12 12:18:38.606583+00:00", "RecordID": "17", "Level": "3", "UserID": "S-1-5-21-963789628-1060504924-4285088085-1001", "EventData.Target": "MicrosoftDevice", "EventData.Enabled": "False", "EventData.Forced": "True", "EventData.ErrorCode": "-2140995319"}
{"EventID": "4006", "Channel": "Microsoft-Windows-CloudStore/Initialization", "Provider_Name": "Microsoft-Windows-CloudStore", "Computer": "DESKTOP-OFJ6N53", "TimeCreated": "2025-08-13 14:43:10.762283+00:00", "RecordID": "18", "Level": "4", "UserID": "S-1-5-21-963789628-1060504924-4285088085-1001", "EventData.Target": "MicrosoftDevice", "EventData.Enabled": "False", "EventData.Forced": "False"}
{"EventID": "4006", "Channel": "Microsoft-Windows-CloudStore/Initialization", "Provider_Name": "Microsoft-Windows-CloudStore", "Computer": "DESKTOP-OFJ6N53", "TimeCreated": "2025-08-19 07:19:19.133324+00:00", "RecordID": "19", "Level": "4", "UserID": "S-1-5-21-963789628-1060504924-4285088085-1001", "EventData.Target": "MicrosoftDevice", "EventData.Enabled": "False", "EventData.Forced": "True"}
{"EventID": "4006", "Channel": "Microsoft-Windows-CloudStore/Initialization", "Provider_Name": "Microsoft-Windows-CloudStore", "Computer": "DESKTOP-OFJ6N53", "TimeCreated": "2025-08-19 07:44:44.992006+00:00", "RecordID": "20", "Level": "4", "UserID": "S-1-5-21-963789628-1060504924-4285088085-1001", "EventData.Target": "MicrosoftDevice", "EventData.Enabled": "False", "EventData.Forced": "False"}
{"EventID": "4007", "Channel": "Microsoft-Windows-CloudStore/Initialization", "Provider_Name": "Microsoft-Windows-CloudStore", "Computer": "DESKTOP-OFJ6N53", "TimeCreated": "2025-08-22 12:59:19.353489+00:00", "RecordID": "21", "Level": "3", "UserID": "S-1-5-21-963789628-1060504924-4285088085-1001", "EventData.Target": "MicrosoftDevice", "EventData.Enabled": "False", "EventData.Forced": "True", "EventData.ErrorCode": "-2140995319"}
{"EventID": "4007", "Channel": "Microsoft-Windows-CloudStore/Initialization", "Provider_Name": "Microsoft-Windows-CloudStore", "Computer": "DESKTOP-OFJ6N53", "TimeCreated": "2025-08-23 20:34:03.166859+00:00", "RecordID": "22", "Level": "3", "UserID": "S-1-5-21-963789628-1060504924-4285088085-1001", "EventData.Target": "MicrosoftDevice", "EventData.Enabled": "False", "EventData.Forced": "True", "EventData.ErrorCode": "-2140995319"}
{"EventID": "4006", "Channel": "Microsoft-Windows-CloudStore/Initialization", "Provider_Name": "Microsoft-Windows-CloudStore", "Computer": "DESKTOP-OFJ6N53", "TimeCreated": "2025-08-23 20:34:07.746387+00:00", "RecordID": "23", "Level": "4", "UserID": "S-1-5-21-963789628-1060504924-4285088085-1001", "EventData.Target": "MicrosoftDevice", "EventData.Enabled": "False", "EventData.Forced": "False"}
