{"EventID": "220", "Channel": "Microsoft-Windows-DeviceSetupManager/Operational", "Provider_Name": "Microsoft-Windows-DeviceSetupManager", "Computer": "DESKTOP-OFJ6N53", "TimeCreated": "2023-12-29 14:51:49.688259+00:00", "RecordID": "10863", "Level": "4", "UserID": "S-1-5-21-963789628-1060504924-4285088085-1001", "EventData.Prop_ContainerId": "{b052be90-6dac-ba5b-a3e1-55e8aa273fd9}", "EventData.Prop_PackageId": "AD2F1837.HPPrinterControl_150.1.1140.0_x64__v10z8vjag6ke6", "EventData.Prop_NotificationHandler": "PrintNotificationHandler,HP.Libs.BackgroundTask.PrintNotificationsBackgroundTask"}
{"EventID": "220", "Channel": "Microsoft-Windows-DeviceSetupManager/Operational", "Provider_Name": "Microsoft-Windows-DeviceSetupManager", "Computer": "DESKTOP-OFJ6N53", "TimeCreated": "2023-12-29 14:51:50.643856+00:00", "RecordID": "10864", "Level": "4", "UserID": "S-1-5-21-963789628-1060504924-4285088085-1001", "EventData.Prop_ContainerId": "{ecc1e499-5efd-039d-5887-23c2bd87e9a7}", "EventData.Prop_PackageId": "AD2F1837.HPPrinterControl_150.1.1140.0_x64__v10z8vjag6ke6", "EventData.Prop_NotificationHandler": "PrintNotificationHandler,HP.Libs.BackgroundTask.PrintNotificationsBackgroundTask"}
{"EventID": "220", "Channel": "Microsoft-Windows-DeviceSetupManager/Operational", "Provider_Name": "Microsoft-Windows-DeviceSetupManager", "Computer": "DESKTOP-OFJ6N53", "TimeCreated": "2023-12-29 14:51:50.726841+00:00", "RecordID": "10865", "Level": "4", "UserID": "S-1-5-21-963789628-1060504924-4285088085-1001", "EventData.Prop_ContainerId": "{82cdf178-f779-8038-0f43-fd11768b89e3}", "EventData.Prop_PackageId": "AD2F1837.HPPrinterControl_150.1.1140.0_x64__v10z8vjag6ke6", "EventData.Prop_NotificationHandler": "PrintNotificationHandler,HP.Libs.BackgroundTask.PrintNotificationsBackgroundTask"}
{"EventID": "220", "Channel": "Microsoft-Windows-DeviceSetupManager/Operational", "Provider_Name": "Microsoft-Windows-DeviceSetupManager", "Computer": "DESKTOP-OFJ6N53", "TimeCreated": "2023-12-29 14:51:51.272554+00:00", "RecordID": "10866", "Level": "4", "UserID": "S-1-5-21-963789628-1060504924-4285088085-1001", "EventData.Prop_ContainerId": "{c8ba3767-041c-707a-48e3-b5e7fcfd8653}", "EventData.Prop_PackageId": "AD2F1837.HPPrinterControl_150.1.1140.0_x64__v10z8vjag6ke6", "EventData.Prop_NotificationHandler": "PrintNotificationHandler,HP.Libs.BackgroundTask.PrintNotificationsBackgroundTask"}
{"EventID": "220", "Channel": "Microsoft-Windows-DeviceSetupManager/Operational", "Provider_Name": "Microsoft-Windows-DeviceSetupManager", "Computer": "DESKTOP-OFJ6N53", "TimeCreated": "2023-12-29 14:51:55.708994+00:00", "RecordID": "10867", "Level": "4", "UserID": "S-1-5-21-963789628-1060504924-4285088085-1001", "EventData.Prop_ContainerId": "{9fdb06ae-3c11-c5c2-6f79-b527957711b5}", "EventData.Prop_PackageId": "AD2F1837.HPPrinterControl_150.1.1140.0_x64__v10z8vjag6ke6", "EventData.Prop_NotificationHandler": "PrintNotificationHandler,HP.Libs.BackgroundTask.PrintNotificationsBackgroundTask"}
{"EventID": "220", "Channel": "Microsoft-Windows-DeviceSetupManager/Operational", "Provider_Name": "Microsoft-Windows-DeviceSetupManager", "Computer": "DESKTOP-OFJ6N53", "TimeCreated": "2023-12-29 14:51:56.543976+00:00", "RecordID": "10868", "Level": "4", "UserID": "S-1-5-21-963789628-1060504924-4285088085-1001", "EventData.Prop_ContainerId": "{f12ed10b-de75-2c0c-5fa7-c264a3b6cb55}", "EventData.Prop_PackageId": "AD2F1837.HPPrinterControl_150.1.1140.0_x64__v10z8vjag6ke6", "EventData.Prop_NotificationHandler": "PrintNotificationHandler,HP.Libs.BackgroundTask.PrintNotificationsBackgroundTask"}
{"EventID": "220", "Channel": "Microsoft-Windows-DeviceSetupManager/Operational", "Provider_Name": "Microsoft-Windows-DeviceSetupManager", "Computer": "DESKTOP-OFJ6N53", "TimeCreated": "2023-12-29 14:51:56.603176+00:00", "RecordID": "10869", "Level": "4", "UserID": "S-1-5-21-963789628-1060504924-4285088085-1001", "EventData.Prop_ContainerId": "{c2afb711-e01d-b859-69ee-8dfdb945ebf1}", "EventData.Prop_PackageId": "AD2F1837.HPPrinterControl_150.1.1140.0_x64__v10z8vjag6ke6", "EventData.Prop_NotificationHandler": "PrintNotificationHandler,HP.Libs.BackgroundTask.PrintNotificationsBackgroundTask"}
{"EventID": "220", "Channel": "Microsoft-Windows-DeviceSetupManager/Operational", "Provider_Name": "Microsoft-Windows-DeviceSetupManager", "Computer": "DESKTOP-OFJ6N53", "TimeCreated": "2023-12-29 14:51:57.337864+00:00", "RecordID": "10870", "Level": "4", "UserID": "S-1-5-21-963789628-1060504924-4285088085-1001", "EventData.Prop_ContainerId": "{0a568158-2954-f19c-89f3-03acaee1f85e}", "EventData.Prop_PackageId": "AD2F1837.HPPrinterControl_150.1.1140.0_x64__v10z8vjag6ke6", "EventData.Prop_NotificationHandler": "PrintNotificationHandler,HP.Libs.BackgroundTask.PrintNotificationsBackgroundTask"}
{"EventID": "220", "Channel": "Microsoft-Windows-DeviceSetupManager/Operational", "Provider_Name": "Microsoft-Windows-DeviceSetupManager", "Computer": "DESKTOP-OFJ6N53", "TimeCreated": "2023-12-29 14:51:57.397348+00:00", "RecordID": "10871", "Level": "4", "UserID": "S-1-5-21-963789628-1060504924-4285088085-1001", "EventData.Prop_ContainerId": "{54f0286c-ea13-0b79-04ac-ed9e98fb1596}", "EventData.Prop_PackageId": "AD2F1837.HPPrinterControl_150.1.1140.0_x64__v10z8vjag6ke6", "EventData.Prop_NotificationHandler": "PrintNotificationHandler,HP.Libs.BackgroundTask.PrintNotificationsBackgroundTask"}
{"EventID": "220", "Channel": "Microsoft-Windows-DeviceSetupManager/Operational", "Provider_Name": "Microsoft-Windows-DeviceSetupManager", "Computer": "DESKTOP-OFJ6N53", "TimeCreated": "2023-12-29 14:51:58.539654+00:00", "RecordID": "10872", "Level": "4", "UserID": "S-1-5-21-963789628-1060504924-4285088085-1001", "EventData.Prop_ContainerId": "{ca0e9e80-3e97-fcac-730a-8cb080fa2581}", "EventData.Prop_PackageId": "AD2F1837.HPPrinterControl_150.1.1140.0_x64__v10z8vjag6ke6", "EventData.Prop_NotificationHandler": "PrintNotificationHandler,HP.Libs.BackgroundTask.PrintNotificationsBackgroundTask"}
{"EventID": "220", "Channel": "Microsoft-Windows-DeviceSetupManager/Operational", "Provider_Name": "Microsoft-Windows-DeviceSetupManager", "Computer": "DESKTOP-OFJ6N53", "TimeCreated": "2023-12-29 14:51:59.052660+00:00", "RecordID": "10873", "Level": "4", "UserID": "S-1-5-21-963789628-1060504924-4285088085-1001", "EventData.Prop_ContainerId": "{9255c28b-421b-fd2a-4ca7-d7bac659c1bd}", "EventData.Prop_PackageId": "AD2F1837.HPPrinterControl_150.1.1140.0_x64__v10z8vjag6ke6", "EventData.Prop_NotificationHandler": "PrintNotificationHandler,HP.Libs.BackgroundTask.PrintNotificationsBackgroundTask"}
{"EventID": "220", "Channel": "Microsoft-Windows-DeviceSetupManager/Operational", "Provider_Name": "Microsoft-Windows-DeviceSetupManager", "Computer": "DESKTOP-OFJ6N53", "TimeCreated": "2023-12-29 14:51:59.313904+00:00", "RecordID": "10874", "Level": "4", "UserID": "S-1-5-21-963789628-1060504924-4285088085-1001", "EventData.Prop_ContainerId": "{c641391b-f276-0e02-33ff-f4a08f4af52e}", "EventData.Prop_PackageId": "AD2F1837.HPPrinterControl_150.1.1140.0_x64__v10z8vjag6ke6", "EventData.Prop_NotificationHandler": "PrintNotificationHandler,HP.Libs.BackgroundTask.PrintNotificationsBackgroundTask"}
{"EventID": "300", "Channel": "Microsoft-Windows-DeviceSetupManager/Operational", "Provider_Name": "Microsoft-Windows-DeviceSetupManager", "Computer": "DESKTOP-OFJ6N53", "TimeCreated": "2023-12-30 00:28:10.260090+00:00", "RecordID": "10875", "Level": "4", "UserID": "S-1-5-18", "EventData.Prop_ContainerId": "{E52A7353-A96E-412B-A144-B31A2AAE45F5}"}
{"EventID": "300", "Channel": "Microsoft-Windows-DeviceSetupManager/Operational", "Provider_Name": "Microsoft-Windows-DeviceSetupManager", "Computer": "DESKTOP-OFJ6N53", "TimeCreated": "2024-01-16 11:10:49.485310+00:00", "RecordID": "10876", "Level": "4", "UserID": "S-1-5-18", "EventData.Prop_ContainerId": "{ABC96554-04B7-449E-A00D-22A1CC046594}"}
{"EventID": "300", "Channel": "Microsoft-Windows-DeviceSetupManager/Operational", "Provider_Name": "Microsoft-Windows-DeviceSetupManager", "Computer": "DESKTOP-OFJ6N53", "TimeCreated": "2024-01-16 11:42:33.862995+00:00", "RecordID": "10877", "Level": "4", "UserID": "S-1-5-18", "EventData.Prop_ContainerId": "{311C7853-E856-4938-821E-EA7D2437C2C7}"}
{"EventID": "300", "Channel": "Microsoft-Windows-DeviceSetupManager/Operational", "Provider_Name": "Microsoft-Windows-DeviceSetupManager", "Computer": "DESKTOP-OFJ6N53", "TimeCreated": "2024-01-16 11:45:02.059925+00:00", "RecordID": "10878", "Level": "4", "UserID": "S-1-5-18", "EventData.Prop_ContainerId": "{7EFCBE4E-A3A2-0C99-EC8F-27D6801A396F}"}
{"EventID": "300", "Channel": "Microsoft-Windows-DeviceSetupManager/Operational", "Provider_Name": "Microsoft-Windows-DeviceSetupManager", "Computer": "DESKTOP-OFJ6N53", "TimeCreated": "2024-01-16 12:57:06.586182+00:00", "RecordID": "10879", "Level": "4", "UserID": "S-1-5-18", "EventData.Prop_ContainerId": "{1348CCE3-324C-485D-B162-A5B6EBEFBE4A}"}
{"EventID": "300", "Channel": "Microsoft-Windows-DeviceSetupManager/Operational", "Provider_Name": "Microsoft-Windows-DeviceSetupManager", "Computer": "DESKTOP-OFJ6N53", "TimeCreated": "2024-01-16 14:19:53.988890+00:00", "RecordID": "10880", "Level": "4", "UserID": "S-1-5-18", "EventData.Prop_ContainerId": "{7EFCBE4E-A3A2-0C99-EC8F-27D6801A396F}"}
{"EventID": "300", "Channel": "Microsoft-Windows-DeviceSetupManager/Operational", "Provider_Name": "Microsoft-Windows-DeviceSetupManager", "Computer": "DESKTOP-OFJ6N53", "TimeCreated": "2024-01-16 14:19:54.313219+00:00", "RecordID": "10881", "Level": "4", "UserID": "S-1-5-18", "EventData.Prop_ContainerId": "{311C7853-E856-4938-821E-EA7D2437C2C7}"}
{"EventID": "300", "Channel": "Microsoft-Windows-DeviceSetupManager/Operational", "Provider_Name": "Microsoft-Windows-DeviceSetupManager", "Computer": "DESKTOP-OFJ6N53", "TimeCreated": "2024-01-18 09:47:50.762012+00:00", "RecordID": "10882", "Level": "4", "UserID": "S-1-5-18", "EventData.Prop_ContainerId": "{9B587C67-C782-40A2-B13A-CA848698F229}"}
{"EventID": "300", "Channel": "Microsoft-Windows-DeviceSetupManager/Operational", "Provider_Name": "Microsoft-Windows-DeviceSetupManager", "Computer": "DESKTOP-OFJ6N53", "TimeCreated": "2024-01-19 11:54:25.758629+00:00", "RecordID": "10883", "Level": "4", "UserID": "S-1-5-18", "EventData.Prop_ContainerId": "{4A46830B-409D-4FB8-A4BF-67B06E05C4C8}"}
{"EventID": "300", "Channel": "Microsoft-Windows-DeviceSetupManager/Operational", "Provider_Name": "Microsoft-Windows-DeviceSetupManager", "Computer": "DESKTOP-OFJ6N53", "TimeCreated": "2024-01-22 10:30:21.891731+00:00", "RecordID": "10884", "Level": "4", "UserID": "S-1-5-18", "EventData.Prop_ContainerId": "{49365040-9EF0-49CF-9F3E-348D3F5D44F7}"}
{"EventID": "300", "Channel": "Microsoft-Windows-DeviceSetupManager/Operational", "Provider_Name": "Microsoft-Windows-DeviceSetupManager", "Computer": "DESKTOP-OFJ6N53", "TimeCreated": "2024-01-22 14:07:15.805218+00:00", "RecordID": "10885", "Level": "4", "UserID": "S-1-5-18", "EventData.Prop_ContainerId": "{6EF95EA6-B551-469D-B52A-156C24858263}"}
{"EventID": "300", "Channel": "Microsoft-Windows-DeviceSetupManager/Operational", "Provider_Name": "Microsoft-Windows-DeviceSetupManager", "Computer": "DESKTOP-OFJ6N53", "TimeCreated": "2024-01-31 12:32:25.261105+00:00", "RecordID": "10886", "Level": "4", "UserID": "S-1-5-18", "EventData.Prop_ContainerId": "{DC70D64C-B9EA-49F9-B7EE-6332CE713D45}"}
{"EventID": "300", "Channel": "Microsoft-Windows-DeviceSetupManager/Operational", "Provider_Name": "Microsoft-Windows-DeviceSetupManager", "Computer": "DESKTOP-OFJ6N53", "TimeCreated": "2024-02-02 12:45:12.289738+00:00", "RecordID": "10887", "Level": "4", "UserID": "S-1-5-18", "EventData.Prop_ContainerId": "{C23B5102-A590-4150-9DE2-E04F99F99B42}"}
{"EventID": "300", "Channel": "Microsoft-Windows-DeviceSetupManager/Operational", "Provider_Name": "Microsoft-Windows-DeviceSetupManager", "Computer": "DESKTOP-OFJ6N53", "TimeCreated": "2024-02-06 10:06:20.670025+00:00", "RecordID": "10888", "Level": "4", "UserID": "S-1-5-18", "EventData.Prop_ContainerId": "{D68584CF-77E7-45FF-BAB1-E548681FC962}"}
{"EventID": "300", "Channel": "Microsoft-Windows-DeviceSetupManager/Operational", "Provider_Name": "Microsoft-Windows-DeviceSetupManager", "Computer": "DESKTOP-OFJ6N53", "TimeCreated": "2024-02-06 15:53:33.457027+00:00", "RecordID": "10889", "Level": "4", "UserID": "S-1-5-18", "EventData.Prop_ContainerId": "{F882280B-63E4-4B86-9504-1E675E57631B}"}
{"EventID": "300", "Channel": "Microsoft-Windows-DeviceSetupManager/Operational", "Provider_Name": "Microsoft-Windows-DeviceSetupManager", "Computer": "DESKTOP-OFJ6N53", "TimeCreated": "2024-02-06 21:16:48.997171+00:00", "RecordID": "10890", "Level": "4", "UserID": "S-1-5-18", "EventData.Prop_ContainerId": "{1DF6DD30-3686-4C7A-864F-75BE86F37DCB}"}
{"EventID": "300", "Channel": "Microsoft-Windows-DeviceSetupManager/Operational", "Provider_Name": "Microsoft-Windows-DeviceSetupManager", "Computer": "DESKTOP-OFJ6N53", "TimeCreated": "2024-02-07 10:30:39.460485+00:00", "RecordID": "10891", "Level": "4", "UserID": "S-1-5-18", "EventData.Prop_ContainerId": "{3AE9B985-A25D-409C-935D-F952587C5007}"}
{"EventID": "300", "Channel": "Microsoft-Windows-DeviceSetupManager/Operational", "Provider_Name": "Microsoft-Windows-DeviceSetupManager", "Computer": "DESKTOP-OFJ6N53", "TimeCreated": "2024-02-08 10:42:01.165863+00:00", "RecordID": "10892", "Level": "4", "UserID": "S-1-5-18", "EventData.Prop_ContainerId": "{002E659F-21F1-489C-A8A2-CE391CA55ACB}"}
{"EventID": "300", "Channel": "Microsoft-Windows-DeviceSetupManager/Operational", "Provider_Name": "Microsoft-Windows-DeviceSetupManager", "Computer": "DESKTOP-OFJ6N53", "TimeCreated": "2024-02-08 13:19:17.601469+00:00", "RecordID": "10893", "Level": "4", "UserID": "S-1-5-18", "EventData.Prop_ContainerId": "{7EFCBE4E-A3A2-0C99-EC8F-27D6801A396F}"}
{"EventID": "300", "Channel": "Microsoft-Windows-DeviceSetupManager/Operational", "Provider_Name": "Microsoft-Windows-DeviceSetupManager", "Computer": "DESKTOP-OFJ6N53", "TimeCreated": "2024-02-08 13:21:35.477541+00:00", "RecordID": "10894", "Level": "4", "UserID": "S-1-5-18", "EventData.Prop_ContainerId": "{152D91D1-776B-449B-99C8-92DC16C2DE10}"}
{"EventID": "300", "Channel": "Microsoft-Windows-DeviceSetupManager/Operational", "Provider_Name": "Microsoft-Windows-DeviceSetupManager", "Computer": "DESKTOP-OFJ6N53", "TimeCreated": "2024-02-09 10:30:52.098894+00:00", "RecordID": "10895", "Level": "4", "UserID": "S-1-5-18", "EventData.Prop_ContainerId": "{D76E868B-8AFC-4478-B45B-675B2673B8DB}"}
{"EventID": "300", "Channel": "Microsoft-Windows-DeviceSetupManager/Operational", "Provider_Name": "Microsoft-Windows-DeviceSetupManager", "Computer": "DESKTOP-OFJ6N53", "TimeCreated": "2024-02-09 15:43:28.773930+00:00", "RecordID": "10896", "Level": "4", "UserID": "S-1-5-18", "EventData.Prop_ContainerId": "{D3832CC3-C6F1-47BE-8284-94DCF771A0D6}"}
{"EventID": "300", "Channel": "Microsoft-Windows-DeviceSetupManager/Operational", "Provider_Name": "Microsoft-Windows-DeviceSetupManager", "Computer": "DESKTOP-OFJ6N53", "TimeCreated": "2024-02-12 09:04:26.805973+00:00", "RecordID": "10897", "Level": "4", "UserID": "S-1-5-18", "EventData.Prop_ContainerId": "{12C9D78A-C4C1-449A-94C7-E2F29FAD1339}"}
{"EventID": "300", "Channel": "Microsoft-Windows-DeviceSetupManager/Operational", "Provider_Name": "Microsoft-Windows-DeviceSetupManager", "Computer": "DESKTOP-OFJ6N53", "TimeCreated": "2024-02-12 14:40:59.869415+00:00", "RecordID": "10898", "Level": "4", "UserID": "S-1-5-18", "EventData.Prop_ContainerId": "{578C1453-BA21-426E-9453-37D91558B5ED}"}
{"EventID": "300", "Channel": "Microsoft-Windows-DeviceSetupManager/Operational", "Provider_Name": "Microsoft-Windows-DeviceSetupManager", "Computer": "DESKTOP-OFJ6N53", "TimeCreated": "2024-02-12 14:42:19.114365+00:00", "RecordID": "10899", "Level": "4", "UserID": "S-1-5-18", "EventData.Prop_ContainerId": "{C1026FF8-69F4-4FBA-8653-948D26FD0533}"}
{"EventID": "300", "Channel": "Microsoft-Windows-DeviceSetupManager/Operational", "Provider_Name": "Microsoft-Windows-DeviceSetupManager", "Computer": "DESKTOP-OFJ6N53", "TimeCreated": "2024-02-12 14:42:19.122980+00:00", "RecordID": "10900", "Level": "4", "UserID": "S-1-5-18", "EventData.Prop_ContainerId": "{C1026FF8-69F4-4FBA-8653-948D26FD0533}"}
{"EventID": "300", "Channel": "Microsoft-Windows-DeviceSetupManager/Operational", "Provider_Name": "Microsoft-Windows-DeviceSetupManager", "Computer": "DESKTOP-OFJ6N53", "TimeCreated": "2024-02-13 10:53:40.943699+00:00", "RecordID": "10901", "Level": "4", "UserID": "S-1-5-18", "EventData.Prop_ContainerId": "{C21BA3E4-C299-40E6-B658-7E4D89F7541E}"}
{"EventID": "300", "Channel": "Microsoft-Windows-DeviceSetupManager/Operational", "Provider_Name": "Microsoft-Windows-DeviceSetupManager", "Computer": "DESKTOP-OFJ6N53", "TimeCreated": "2024-02-13 13:21:55.239492+00:00", "RecordID": "10902", "Level": "4", "UserID": "S-1-5-18", "EventData.Prop_ContainerId": "{DA2680CF-8BA7-4A1A-BBA3-888A64B11021}"}
{"EventID": "300", "Channel": "Microsoft-Windows-DeviceSetupManager/Operational", "Provider_Name": "Microsoft-Windows-DeviceSetupManager", "Computer": "DESKTOP-OFJ6N53", "TimeCreated": "2024-02-13 18:33:14.486219+00:00", "RecordID": "10903", "Level": "4", "UserID": "S-1-5-18", "EventData.Prop_ContainerId": "{52569DDA-2E5B-44E3-9991-D3EA8CCADDCD}"}
{"EventID": "300", "Channel": "Microsoft-Windows-DeviceSetupManager/Operational", "Provider_Name": "Microsoft-Windows-DeviceSetupManager", "Computer": "DESKTOP-OFJ6N53", "TimeCreated": "2024-02-16 14:07:14.040447+00:00", "RecordID": "10904", "Level": "4", "UserID": "S-1-5-18", "EventData.Prop_ContainerId": "{91298E75-FDCA-4D63-BE62-005409CA8D9C}"}
{"EventID": "300", "Channel": "Microsoft-Windows-DeviceSetupManager/Operational", "Provider_Name": "Microsoft-Windows-DeviceSetupManager", "Computer": "DESKTOP-OFJ6N53", "TimeCreated": "2024-02-16 15:36:24.325928+00:00", "RecordID": "10905", "Level": "4", "UserID": "S-1-5-18", "EventData.Prop_ContainerId": "{8C2AE192-0780-4B35-BC47-B034689C55E3}"}
{"EventID": "300", "Channel": "Microsoft-Windows-DeviceSetupManager/Operational", "Provider_Name": "Microsoft-Windows-DeviceSetupManager", "Computer": "DESKTOP-OFJ6N53", "TimeCreated": "2024-02-17 15:36:41.509995+00:00", "RecordID": "10906", "Level": "4", "UserID": "S-1-5-18", "EventData.Prop_ContainerId": "{91298E75-FDCA-4D63-BE62-005409CA8D9C}"}
{"EventID": "300", "Channel": "Microsoft-Windows-DeviceSetupManager/Operational", "Provider_Name": "Microsoft-Windows-DeviceSetupManager", "Computer": "DESKTOP-OFJ6N53", "TimeCreated": "2024-02-18 18:07:49.286465+00:00", "RecordID": "10907", "Level": "4", "UserID": "S-1-5-18", "EventData.Prop_ContainerId": "{6DFEE1FD-BEC7-4C35-8C54-76A9438B611A}"}
{"EventID": "300", "Channel": "Microsoft-Windows-DeviceSetupManager/Operational", "Provider_Name": "Microsoft-Windows-DeviceSetupManager", "Computer": "DESKTOP-OFJ6N53", "TimeCreated": "2024-02-18 20:01:45.391685+00:00", "RecordID": "10908", "Level": "4", "UserID": "S-1-5-18", "EventData.Prop_ContainerId": "{89D615D2-E040-4B18-9B57-741DF20BC887}"}
{"EventID": "300", "Channel": "Microsoft-Windows-DeviceSetupManager/Operational", "Provider_Name": "Microsoft-Windows-DeviceSetupManager", "Computer": "DESKTOP-OFJ6N53", "TimeCreated": "2024-02-19 09:41:22.425797+00:00", "RecordID": "10909", "Level": "4", "UserID": "S-1-5-18", "EventData.Prop_ContainerId": "{A0319AC6-744E-4DEB-A756-564292C22D9F}"}
{"EventID": "300", "Channel": "Microsoft-Windows-DeviceSetupManager/Operational", "Provider_Name": "Microsoft-Windows-DeviceSetupManager", "Computer": "DESKTOP-OFJ6N53", "TimeCreated": "2024-02-19 13:42:55.154095+00:00", "RecordID": "10910", "Level": "4", "UserID": "S-1-5-18", "EventData.Prop_ContainerId": "{A6FDACA1-7677-4F4B-8D87-BDC404275684}"}
{"EventID": "300", "Channel": "Microsoft-Windows-DeviceSetupManager/Operational", "Provider_Name": "Microsoft-Windows-DeviceSetupManager", "Computer": "DESKTOP-OFJ6N53", "TimeCreated": "2024-02-20 09:32:46.874149+00:00", "RecordID": "10911", "Level": "4", "UserID": "S-1-5-18", "EventData.Prop_ContainerId": "{A16D7FC3-03BA-42FF-9C31-048CB6F72676}"}
{"EventID": "300", "Channel": "Microsoft-Windows-DeviceSetupManager/Operational", "Provider_Name": "Microsoft-Windows-DeviceSetupManager", "Computer": "DESKTOP-OFJ6N53", "TimeCreated": "2024-02-20 09:33:03.867836+00:00", "RecordID": "10912", "Level": "4", "UserID": "S-1-5-18", "EventData.Prop_ContainerId": "{9281A911-AF85-4B96-9C74-B8C98E036321}"}
{"EventID": "300", "Channel": "Microsoft-Windows-DeviceSetupManager/Operational", "Provider_Name": "Microsoft-Windows-DeviceSetupManager", "Computer": "DESKTOP-OFJ6N53", "TimeCreated": "2024-02-20 11:28:22.779318+00:00", "RecordID": "10913", "Level": "4", "UserID": "S-1-5-18", "EventData.Prop_ContainerId": "{DEE22D09-E263-49CF-B2CE-851F0EF890F9}"}
{"EventID": "300", "Channel": "Microsoft-Windows-DeviceSetupManager/Operational", "Provider_Name": "Microsoft-Windows-DeviceSetupManager", "Computer": "DESKTOP-OFJ6N53", "TimeCreated": "2024-02-20 13:59:15.819201+00:00", "RecordID": "10914", "Level": "4", "UserID": "S-1-5-18", "EventData.Prop_ContainerId": "{D7E82FB6-2309-4D6B-B4D4-A8A0FEAF3D97}"}
{"EventID": "300", "Channel": "Microsoft-Windows-DeviceSetupManager/Operational", "Provider_Name": "Microsoft-Windows-DeviceSetupManager", "Computer": "DESKTOP-OFJ6N53", "TimeCreated": "2024-02-20 16:01:12.486465+00:00", "RecordID": "10915", "Level": "4", "UserID": "S-1-5-18", "EventData.Prop_ContainerId": "{38EFD8F8-BA4E-48DA-B1AE-A2BF46D56AFB}"}
{"EventID": "300", "Channel": "Microsoft-Windows-DeviceSetupManager/Operational", "Provider_Name": "Microsoft-Windows-DeviceSetupManager", "Computer": "DESKTOP-OFJ6N53", "TimeCreated": "2024-02-20 18:02:57.337790+00:00", "RecordID": "10916", "Level": "4", "UserID": "S-1-5-18", "EventData.Prop_ContainerId": "{5B8C7CD3-77C2-4AB9-A63D-CCE2964E8057}"}
{"EventID": "300", "Channel": "Microsoft-Windows-DeviceSetupManager/Operational", "Provider_Name": "Microsoft-Windows-DeviceSetupManager", "Computer": "DESKTOP-OFJ6N53", "TimeCreated": "2024-02-20 19:34:39.113171+00:00", "RecordID": "10917", "Level": "4", "UserID": "S-1-5-18", "EventData.Prop_ContainerId": "{8B2247FF-B9C8-4272-9467-739D1D084FF8}"}
{"EventID": "300", "Channel": "Microsoft-Windows-DeviceSetupManager/Operational", "Provider_Name": "Microsoft-Windows-DeviceSetupManager", "Computer": "DESKTOP-OFJ6N53", "TimeCreated": "2024-02-20 22:37:11.021349+00:00", "RecordID": "10918", "Level": "4", "UserID": "S-1-5-18", "EventData.Prop_ContainerId": "{737662FA-7ED3-4556-B5F7-E2C733E3EC20}"}
{"EventID": "300", "Channel": "Microsoft-Windows-DeviceSetupManager/Operational", "Provider_Name": "Microsoft-Windows-DeviceSetupManager", "Computer": "DESKTOP-OFJ6N53", "TimeCreated": "2024-02-21 09:46:16.683468+00:00", "RecordID": "10919", "Level": "4", "UserID": "S-1-5-18", "EventData.Prop_ContainerId": "{5ED3F040-9F6C-4F86-9D81-A927CD2EE2E1}"}
{"EventID": "300", "Channel": "Microsoft-Windows-DeviceSetupManager/Operational", "Provider_Name": "Microsoft-Windows-DeviceSetupManager", "Computer": "DESKTOP-OFJ6N53", "TimeCreated": "2024-02-21 09:51:01.330353+00:00", "RecordID": "10920", "Level": "4", "UserID": "S-1-5-18", "EventData.Prop_ContainerId": "{00A1DA2A-31DC-443B-A4A5-5D5CFA10268A}"}
{"EventID": "300", "Channel": "Microsoft-Windows-DeviceSetupManager/Operational", "Provider_Name": "Microsoft-Windows-DeviceSetupManager", "Computer": "DESKTOP-OFJ6N53", "TimeCreated": "2024-02-21 09:51:01.732439+00:00", "RecordID": "10921", "Level": "4", "UserID": "S-1-5-18", "EventData.Prop_ContainerId": "{98DA2310-A5D5-4F6D-BF7A-027D8B323ADE}"}
{"EventID": "300", "Channel": "Microsoft-Windows-DeviceSetupManager/Operational", "Provider_Name": "Microsoft-Windows-DeviceSetupManager", "Computer": "DESKTOP-OFJ6N53", "TimeCreated": "2024-02-21 09:51:01.847244+00:00", "RecordID": "10922", "Level": "4", "UserID": "S-1-5-18", "EventData.Prop_ContainerId": "{00A1DA2A-31DC-443B-A4A5-5D5CFA10268A}"}
{"EventID": "300", "Channel": "Microsoft-Windows-DeviceSetupManager/Operational", "Provider_Name": "Microsoft-Windows-DeviceSetupManager", "Computer": "DESKTOP-OFJ6N53", "TimeCreated": "2024-02-21 11:53:29.593550+00:00", "RecordID": "10923", "Level": "4", "UserID": "S-1-5-18", "EventData.Prop_ContainerId": "{3A710D8C-DFAF-40C6-9358-28DDDFD918E8}"}
{"EventID": "300", "Channel": "Microsoft-Windows-DeviceSetupManager/Operational", "Provider_Name": "Microsoft-Windows-DeviceSetupManager", "Computer": "DESKTOP-OFJ6N53", "TimeCreated": "2024-02-21 12:32:50.516502+00:00", "RecordID": "10924", "Level": "4", "UserID": "S-1-5-18", "EventData.Prop_ContainerId": "{D2444C76-E054-430B-BAF4-86EF78B1B966}"}
{"EventID": "300", "Channel": "Microsoft-Windows-DeviceSetupManager/Operational", "Provider_Name": "Microsoft-Windows-DeviceSetupManager", "Computer": "DESKTOP-OFJ6N53", "TimeCreated": "2024-02-21 12:33:31.837307+00:00", "RecordID": "10925", "Level": "4", "UserID": "S-1-5-18", "EventData.Prop_ContainerId": "{F59D80F3-1655-4DD5-8E82-6EB9457ACDA0}"}
{"EventID": "300", "Channel": "Microsoft-Windows-DeviceSetupManager/Operational", "Provider_Name": "Microsoft-Windows-DeviceSetupManager", "Computer": "DESKTOP-OFJ6N53", "TimeCreated": "2024-02-21 13:55:31.161901+00:00", "RecordID": "10926", "Level": "4", "UserID": "S-1-5-18", "EventData.Prop_ContainerId": "{28387228-A404-40E0-AFB6-48630EFE17A6}"}
{"EventID": "300", "Channel": "Microsoft-Windows-DeviceSetupManager/Operational", "Provider_Name": "Microsoft-Windows-DeviceSetupManager", "Computer": "DESKTOP-OFJ6N53", "TimeCreated": "2024-02-21 18:04:40.301802+00:00", "RecordID": "10927", "Level": "4", "UserID": "S-1-5-18", "EventData.Prop_ContainerId": "{2B09748D-DC9E-4D2C-B7FE-7043ADCC89AD}"}
{"EventID": "300", "Channel": "Microsoft-Windows-DeviceSetupManager/Operational", "Provider_Name": "Microsoft-Windows-DeviceSetupManager", "Computer": "DESKTOP-OFJ6N53", "TimeCreated": "2024-02-21 18:07:18.231174+00:00", "RecordID": "10928", "Level": "4", "UserID": "S-1-5-18", "EventData.Prop_ContainerId": "{5B8C7CD3-77C2-4AB9-A63D-CCE2964E8057}"}
{"EventID": "300", "Channel": "Microsoft-Windows-DeviceSetupManager/Operational", "Provider_Name": "Microsoft-Windows-DeviceSetupManager", "Computer": "DESKTOP-OFJ6N53", "TimeCreated": "2024-02-21 18:07:18.253878+00:00", "RecordID": "10929", "Level": "4", "UserID": "S-1-5-18", "EventData.Prop_ContainerId": "{6DFEE1FD-BEC7-4C35-8C54-76A9438B611A}"}
{"EventID": "300", "Channel": "Microsoft-Windows-DeviceSetupManager/Operational", "Provider_Name": "Microsoft-Windows-DeviceSetupManager", "Computer": "DESKTOP-OFJ6N53", "TimeCreated": "2024-02-21 18:07:18.255611+00:00", "RecordID": "10930", "Level": "4", "UserID": "S-1-5-18", "EventData.Prop_ContainerId": "{00A1DA2A-31DC-443B-A4A5-5D5CFA10268A}"}
{"EventID": "300", "Channel": "Microsoft-Windows-DeviceSetupManager/Operational", "Provider_Name": "Microsoft-Windows-DeviceSetupManager", "Computer": "DESKTOP-OFJ6N53", "TimeCreated": "2024-02-21 18:07:18.257357+00:00", "RecordID": "10931", "Level": "4", "UserID": "S-1-5-18", "EventData.Prop_ContainerId": "{89D615D2-E040-4B18-9B57-741DF20BC887}"}
{"EventID": "300", "Channel": "Microsoft-Windows-DeviceSetupManager/Operational", "Provider_Name": "Microsoft-Windows-DeviceSetupManager", "Computer": "DESKTOP-OFJ6N53", "TimeCreated": "2024-02-21 18:07:18.415924+00:00", "RecordID": "10932", "Level": "4", "UserID": "S-1-5-18", "EventData.Prop_ContainerId": "{D2444C76-E054-430B-BAF4-86EF78B1B966}"}
{"EventID": "300", "Channel": "Microsoft-Windows-DeviceSetupManager/Operational", "Provider_Name": "Microsoft-Windows-DeviceSetupManager", "Computer": "DESKTOP-OFJ6N53", "TimeCreated": "2024-02-21 18:07:18.417559+00:00", "RecordID": "10933", "Level": "4", "UserID": "S-1-5-18", "EventData.Prop_ContainerId": "{3A710D8C-DFAF-40C6-9358-28DDDFD918E8}"}
{"EventID": "300", "Channel": "Microsoft-Windows-DeviceSetupManager/Operational", "Provider_Name": "Microsoft-Windows-DeviceSetupManager", "Computer": "DESKTOP-OFJ6N53", "TimeCreated": "2024-02-21 18:07:18.419132+00:00", "RecordID": "10934", "Level": "4", "UserID": "S-1-5-18", "EventData.Prop_ContainerId": "{A0319AC6-744E-4DEB-A756-564292C22D9F}"}
{"EventID": "300", "Channel": "Microsoft-Windows-DeviceSetupManager/Operational", "Provider_Name": "Microsoft-Windows-DeviceSetupManager", "Computer": "DESKTOP-OFJ6N53", "TimeCreated": "2024-02-21 18:07:18.420673+00:00", "RecordID": "10935", "Level": "4", "UserID": "S-1-5-18", "EventData.Prop_ContainerId": "{A6FDACA1-7677-4F4B-8D87-BDC404275684}"}
{"EventID": "300", "Channel": "Microsoft-Windows-DeviceSetupManager/Operational", "Provider_Name": "Microsoft-Windows-DeviceSetupManager", "Computer": "DESKTOP-OFJ6N53", "TimeCreated": "2024-02-21 18:07:18.462708+00:00", "RecordID": "10936", "Level": "4", "UserID": "S-1-5-18", "EventData.Prop_ContainerId": "{28387228-A404-40E0-AFB6-48630EFE17A6}"}
{"EventID": "300", "Channel": "Microsoft-Windows-DeviceSetupManager/Operational", "Provider_Name": "Microsoft-Windows-DeviceSetupManager", "Computer": "DESKTOP-OFJ6N53", "TimeCreated": "2024-02-21 18:07:18.464485+00:00", "RecordID": "10937", "Level": "4", "UserID": "S-1-5-18", "EventData.Prop_ContainerId": "{98DA2310-A5D5-4F6D-BF7A-027D8B323ADE}"}
{"EventID": "300", "Channel": "Microsoft-Windows-DeviceSetupManager/Operational", "Provider_Name": "Microsoft-Windows-DeviceSetupManager", "Computer": "DESKTOP-OFJ6N53", "TimeCreated": "2024-02-21 18:07:18.553013+00:00", "RecordID": "10938", "Level": "4", "UserID": "S-1-5-18", "EventData.Prop_ContainerId": "{D7E82FB6-2309-4D6B-B4D4-A8A0FEAF3D97}"}
{"EventID": "300", "Channel": "Microsoft-Windows-DeviceSetupManager/Operational", "Provider_Name": "Microsoft-Windows-DeviceSetupManager", "Computer": "DESKTOP-OFJ6N53", "TimeCreated": "2024-02-21 18:07:18.554876+00:00", "RecordID": "10939", "Level": "4", "UserID": "S-1-5-18", "EventData.Prop_ContainerId": "{38EFD8F8-BA4E-48DA-B1AE-A2BF46D56AFB}"}
{"EventID": "300", "Channel": "Microsoft-Windows-DeviceSetupManager/Operational", "Provider_Name": "Microsoft-Windows-DeviceSetupManager", "Computer": "DESKTOP-OFJ6N53", "TimeCreated": "2024-02-21 18:07:18.820421+00:00", "RecordID": "10940", "Level": "4", "UserID": "S-1-5-18", "EventData.Prop_ContainerId": "{5ED3F040-9F6C-4F86-9D81-A927CD2EE2E1}"}
{"EventID": "300", "Channel": "Microsoft-Windows-DeviceSetupManager/Operational", "Provider_Name": "Microsoft-Windows-DeviceSetupManager", "Computer": "DESKTOP-OFJ6N53", "TimeCreated": "2024-02-21 18:07:19.346910+00:00", "RecordID": "10941", "Level": "4", "UserID": "S-1-5-18", "EventData.Prop_ContainerId": "{8B2247FF-B9C8-4272-9467-739D1D084FF8}"}
{"EventID": "300", "Channel": "Microsoft-Windows-DeviceSetupManager/Operational", "Provider_Name": "Microsoft-Windows-DeviceSetupManager", "Computer": "DESKTOP-OFJ6N53", "TimeCreated": "2024-02-21 18:07:19.602692+00:00", "RecordID": "10942", "Level": "4", "UserID": "S-1-5-18", "EventData.Prop_ContainerId": "{9281A911-AF85-4B96-9C74-B8C98E036321}"}
{"EventID": "300", "Channel": "Microsoft-Windows-DeviceSetupManager/Operational", "Provider_Name": "Microsoft-Windows-DeviceSetupManager", "Computer": "DESKTOP-OFJ6N53", "TimeCreated": "2024-02-21 18:07:19.604408+00:00", "RecordID": "10943", "Level": "4", "UserID": "S-1-5-18", "EventData.Prop_ContainerId": "{A16D7FC3-03BA-42FF-9C31-048CB6F72676}"}
{"EventID": "300", "Channel": "Microsoft-Windows-DeviceSetupManager/Operational", "Provider_Name": "Microsoft-Windows-DeviceSetupManager", "Computer": "DESKTOP-OFJ6N53", "TimeCreated": "2024-02-21 18:07:19.733946+00:00", "RecordID": "10944", "Level": "4", "UserID": "S-1-5-18", "EventData.Prop_ContainerId": "{DEE22D09-E263-49CF-B2CE-851F0EF890F9}"}
{"EventID": "300", "Channel": "Microsoft-Windows-DeviceSetupManager/Operational", "Provider_Name": "Microsoft-Windows-DeviceSetupManager", "Computer": "DESKTOP-OFJ6N53", "TimeCreated": "2024-02-21 18:07:19.746290+00:00", "RecordID": "10945", "Level": "4", "UserID": "S-1-5-18", "EventData.Prop_ContainerId": "{F59D80F3-1655-4DD5-8E82-6EB9457ACDA0}"}
{"EventID": "300", "Channel": "Microsoft-Windows-DeviceSetupManager/Operational", "Provider_Name": "Microsoft-Windows-DeviceSetupManager", "Computer": "DESKTOP-OFJ6N53", "TimeCreated": "2024-03-06 23:59:13.483429+00:00", "RecordID": "10946", "Level": "4", "UserID": "S-1-5-18", "EventData.Prop_ContainerId": "{B9E8CAFD-AB11-8FA9-A9E5-28089A344FA8}"}
{"EventID": "300", "Channel": "Microsoft-Windows-DeviceSetupManager/Operational", "Provider_Name": "Microsoft-Windows-DeviceSetupManager", "Computer": "DESKTOP-OFJ6N53", "TimeCreated": "2024-03-11 11:32:39.492441+00:00", "RecordID": "10947", "Level": "4", "UserID": "S-1-5-18", "EventData.Prop_ContainerId": "{27338B5C-E0E8-4461-9C8D-9E3584577E51}"}
{"EventID": "300", "Channel": "Microsoft-Windows-DeviceSetupManager/Operational", "Provider_Name": "Microsoft-Windows-DeviceSetupManager", "Computer": "DESKTOP-OFJ6N53", "TimeCreated": "2024-03-11 11:33:06.238077+00:00", "RecordID": "10948", "Level": "4", "UserID": "S-1-5-18", "EventData.Prop_ContainerId": "{7EFCBE4E-A3A2-0C99-EC8F-27D6801A396F}"}
{"EventID": "300", "Channel": "Microsoft-Windows-DeviceSetupManager/Operational", "Provider_Name": "Microsoft-Windows-DeviceSetupManager", "Computer": "DESKTOP-OFJ6N53", "TimeCreated": "2024-03-11 11:42:31.466837+00:00", "RecordID": "10949", "Level": "4", "UserID": "S-1-5-18", "EventData.Prop_ContainerId": "{6EE58008-5CC5-4813-9BE5-A92096A9B639}"}
{"EventID": "300", "Channel": "Microsoft-Windows-DeviceSetupManager/Operational", "Provider_Name": "Microsoft-Windows-DeviceSetupManager", "Computer": "DESKTOP-OFJ6N53", "TimeCreated": "2024-03-11 11:43:07.416965+00:00", "RecordID": "10950", "Level": "4", "UserID": "S-1-5-18", "EventData.Prop_ContainerId": "{7EFCBE4E-A3A2-0C99-EC8F-27D6801A396F}"}
{"EventID": "300", "Channel": "Microsoft-Windows-DeviceSetupManager/Operational", "Provider_Name": "Microsoft-Windows-DeviceSetupManager", "Computer": "DESKTOP-OFJ6N53", "TimeCreated": "2024-03-12 11:03:16.620626+00:00", "RecordID": "10951", "Level": "4", "UserID": "S-1-5-18", "EventData.Prop_ContainerId": "{B7CFCB41-D517-4346-B1A5-DC933301C491}"}
{"EventID": "300", "Channel": "Microsoft-Windows-DeviceSetupManager/Operational", "Provider_Name": "Microsoft-Windows-DeviceSetupManager", "Computer": "DESKTOP-OFJ6N53", "TimeCreated": "2024-03-12 11:04:48.650251+00:00", "RecordID": "10952", "Level": "4", "UserID": "S-1-5-18", "EventData.Prop_ContainerId": "{00701645-3E48-4AA6-9C7F-B6FB45B039B2}"}
{"EventID": "300", "Channel": "Microsoft-Windows-DeviceSetupManager/Operational", "Provider_Name": "Microsoft-Windows-DeviceSetupManager", "Computer": "DESKTOP-OFJ6N53", "TimeCreated": "2024-03-12 11:05:21.260151+00:00", "RecordID": "10953", "Level": "4", "UserID": "S-1-5-18", "EventData.Prop_ContainerId": "{4B9B1548-E060-11EE-A732-005056B235AD}"}
{"EventID": "300", "Channel": "Microsoft-Windows-DeviceSetupManager/Operational", "Provider_Name": "Microsoft-Windows-DeviceSetupManager", "Computer": "DESKTOP-OFJ6N53", "TimeCreated": "2024-03-12 11:05:21.315931+00:00", "RecordID": "10954", "Level": "4", "UserID": "S-1-5-18", "EventData.Prop_ContainerId": "{4B9B154B-E060-11EE-A732-005056B235AD}"}
{"EventID": "300", "Channel": "Microsoft-Windows-DeviceSetupManager/Operational", "Provider_Name": "Microsoft-Windows-DeviceSetupManager", "Computer": "DESKTOP-OFJ6N53", "TimeCreated": "2024-03-12 11:05:21.642658+00:00", "RecordID": "10955", "Level": "4", "UserID": "S-1-5-18", "EventData.Prop_ContainerId": "{4B9B154A-E060-11EE-A732-005056B235AD}"}
{"EventID": "300", "Channel": "Microsoft-Windows-DeviceSetupManager/Operational", "Provider_Name": "Microsoft-Windows-DeviceSetupManager", "Computer": "DESKTOP-OFJ6N53", "TimeCreated": "2024-03-12 11:05:21.879057+00:00", "RecordID": "10956", "Level": "4", "UserID": "S-1-5-18", "EventData.Prop_ContainerId": "{4B9B1549-E060-11EE-A732-005056B235AD}"}
{"EventID": "300", "Channel": "Microsoft-Windows-DeviceSetupManager/Operational", "Provider_Name": "Microsoft-Windows-DeviceSetupManager", "Computer": "DESKTOP-OFJ6N53", "TimeCreated": "2024-03-12 11:05:22.708069+00:00", "RecordID": "10957", "Level": "4", "UserID": "S-1-5-18", "EventData.Prop_ContainerId": "{4B9B1547-E060-11EE-A732-005056B235AD}"}
{"EventID": "300", "Channel": "Microsoft-Windows-DeviceSetupManager/Operational", "Provider_Name": "Microsoft-Windows-DeviceSetupManager", "Computer": "DESKTOP-OFJ6N53", "TimeCreated": "2024-03-12 14:04:18.157490+00:00", "RecordID": "10958", "Level": "4", "UserID": "S-1-5-18", "EventData.Prop_ContainerId": "{7CEFF46A-507C-1FD8-CE94-49A07ED964C4}"}
{"EventID": "300", "Channel": "Microsoft-Windows-DeviceSetupManager/Operational", "Provider_Name": "Microsoft-Windows-DeviceSetupManager", "Computer": "DESKTOP-OFJ6N53", "TimeCreated": "2024-03-12 14:04:18.451694+00:00", "RecordID": "10959", "Level": "4", "UserID": "S-1-5-18", "EventData.Prop_ContainerId": "{9D7D600C-F4DE-4051-AC8D-6F1AD07BF14E}"}
{"EventID": "300", "Channel": "Microsoft-Windows-DeviceSetupManager/Operational", "Provider_Name": "Microsoft-Windows-DeviceSetupManager", "Computer": "DESKTOP-OFJ6N53", "TimeCreated": "2024-03-12 14:04:18.887611+00:00", "RecordID": "10960", "Level": "4", "UserID": "S-1-5-18", "EventData.Prop_ContainerId": "{3AFC786F-6BDF-5A77-88C1-BE39323D0F1D}"}
{"EventID": "300", "Channel": "Microsoft-Windows-DeviceSetupManager/Operational", "Provider_Name": "Microsoft-Windows-DeviceSetupManager", "Computer": "DESKTOP-OFJ6N53", "TimeCreated": "2024-03-12 14:04:19.098558+00:00", "RecordID": "10961", "Level": "4", "UserID": "S-1-5-18", "EventData.Prop_ContainerId": "{4B9B154B-E060-11EE-A732-005056B235AD}"}
{"EventID": "300", "Channel": "Microsoft-Windows-DeviceSetupManager/Operational", "Provider_Name": "Microsoft-Windows-DeviceSetupManager", "Computer": "DESKTOP-OFJ6N53", "TimeCreated": "2024-03-12 14:04:19.098728+00:00", "RecordID": "10962", "Level": "4", "UserID": "S-1-5-18", "EventData.Prop_ContainerId": "{4B9B154B-E060-11EE-A732-005056B235AD}"}
{"EventID": "300", "Channel": "Microsoft-Windows-DeviceSetupManager/Operational", "Provider_Name": "Microsoft-Windows-DeviceSetupManager", "Computer": "DESKTOP-OFJ6N53", "TimeCreated": "2024-03-12 14:04:21.033224+00:00", "RecordID": "10963", "Level": "4", "UserID": "S-1-5-18", "EventData.Prop_ContainerId": "{0731B1CC-E13D-3D37-8EF8-5C2B678AD953}"}
{"EventID": "300", "Channel": "Microsoft-Windows-DeviceSetupManager/Operational", "Provider_Name": "Microsoft-Windows-DeviceSetupManager", "Computer": "DESKTOP-OFJ6N53", "TimeCreated": "2024-03-12 14:04:21.833742+00:00", "RecordID": "10964", "Level": "4", "UserID": "S-1-5-18", "EventData.Prop_ContainerId": "{A4821661-95E8-01C9-1891-BD7319D85883}"}
{"EventID": "300", "Channel": "Microsoft-Windows-DeviceSetupManager/Operational", "Provider_Name": "Microsoft-Windows-DeviceSetupManager", "Computer": "DESKTOP-OFJ6N53", "TimeCreated": "2024-03-12 14:04:23.897926+00:00", "RecordID": "10965", "Level": "4", "UserID": "S-1-5-18", "EventData.Prop_ContainerId": "{D4D8EF7D-72EA-29CA-5C75-67839DA7ACFD}"}
{"EventID": "300", "Channel": "Microsoft-Windows-DeviceSetupManager/Operational", "Provider_Name": "Microsoft-Windows-DeviceSetupManager", "Computer": "DESKTOP-OFJ6N53", "TimeCreated": "2024-03-12 14:04:24.726034+00:00", "RecordID": "10966", "Level": "4", "UserID": "S-1-5-18", "EventData.Prop_ContainerId": "{87934F3C-3C4B-0125-41A3-01E43ED1E9E4}"}
{"EventID": "300", "Channel": "Microsoft-Windows-DeviceSetupManager/Operational", "Provider_Name": "Microsoft-Windows-DeviceSetupManager", "Computer": "DESKTOP-OFJ6N53", "TimeCreated": "2024-03-12 14:04:26.400209+00:00", "RecordID": "10967", "Level": "4", "UserID": "S-1-5-18", "EventData.Prop_ContainerId": "{E9E3DDDD-BBD6-13FA-3639-1A7119D4058A}"}
{"EventID": "300", "Channel": "Microsoft-Windows-DeviceSetupManager/Operational", "Provider_Name": "Microsoft-Windows-DeviceSetupManager", "Computer": "DESKTOP-OFJ6N53", "TimeCreated": "2024-03-12 14:04:28.924311+00:00", "RecordID": "10968", "Level": "4", "UserID": "S-1-5-18", "EventData.Prop_ContainerId": "{C0AFA17B-B98C-1DF6-F36B-593B01D6940E}"}
{"EventID": "300", "Channel": "Microsoft-Windows-DeviceSetupManager/Operational", "Provider_Name": "Microsoft-Windows-DeviceSetupManager", "Computer": "DESKTOP-OFJ6N53", "TimeCreated": "2024-03-28 14:10:22.593218+00:00", "RecordID": "10969", "Level": "4", "UserID": "S-1-5-18", "EventData.Prop_ContainerId": "{E4314014-3BA8-4E0B-AC4A-09D27E30F573}"}
{"EventID": "300", "Channel": "Microsoft-Windows-DeviceSetupManager/Operational", "Provider_Name": "Microsoft-Windows-DeviceSetupManager", "Computer": "DESKTOP-OFJ6N53", "TimeCreated": "2024-03-28 14:10:36.075504+00:00", "RecordID": "10970", "Level": "4", "UserID": "S-1-5-18", "EventData.Prop_ContainerId": "{E9E3DDDD-BBD6-13FA-3639-1A7119D4058A}"}
{"EventID": "300", "Channel": "Microsoft-Windows-DeviceSetupManager/Operational", "Provider_Name": "Microsoft-Windows-DeviceSetupManager", "Computer": "DESKTOP-OFJ6N53", "TimeCreated": "2024-03-28 14:10:51.183245+00:00", "RecordID": "10971", "Level": "4", "UserID": "S-1-5-18", "EventData.Prop_ContainerId": "{7CEFF46A-507C-1FD8-CE94-49A07ED964C4}"}
{"EventID": "300", "Channel": "Microsoft-Windows-DeviceSetupManager/Operational", "Provider_Name": "Microsoft-Windows-DeviceSetupManager", "Computer": "DESKTOP-OFJ6N53", "TimeCreated": "2024-03-28 14:11:02.844131+00:00", "RecordID": "10972", "Level": "4", "UserID": "S-1-5-18", "EventData.Prop_ContainerId": "{C0AFA17B-B98C-1DF6-F36B-593B01D6940E}"}
{"EventID": "300", "Channel": "Microsoft-Windows-DeviceSetupManager/Operational", "Provider_Name": "Microsoft-Windows-DeviceSetupManager", "Computer": "DESKTOP-OFJ6N53", "TimeCreated": "2024-03-28 14:11:06.671026+00:00", "RecordID": "10973", "Level": "4", "UserID": "S-1-5-18", "EventData.Prop_ContainerId": "{0731B1CC-E13D-3D37-8EF8-5C2B678AD953}"}
{"EventID": "300", "Channel": "Microsoft-Windows-DeviceSetupManager/Operational", "Provider_Name": "Microsoft-Windows-DeviceSetupManager", "Computer": "DESKTOP-OFJ6N53", "TimeCreated": "2024-03-28 14:11:11.152088+00:00", "RecordID": "10974", "Level": "4", "UserID": "S-1-5-18", "EventData.Prop_ContainerId": "{87934F3C-3C4B-0125-41A3-01E43ED1E9E4}"}
{"EventID": "300", "Channel": "Microsoft-Windows-DeviceSetupManager/Operational", "Provider_Name": "Microsoft-Windows-DeviceSetupManager", "Computer": "DESKTOP-OFJ6N53", "TimeCreated": "2024-03-28 14:11:14.911484+00:00", "RecordID": "10975", "Level": "4", "UserID": "S-1-5-18", "EventData.Prop_ContainerId": "{3AFC786F-6BDF-5A77-88C1-BE39323D0F1D}"}
{"EventID": "300", "Channel": "Microsoft-Windows-DeviceSetupManager/Operational", "Provider_Name": "Microsoft-Windows-DeviceSetupManager", "Computer": "DESKTOP-OFJ6N53", "TimeCreated": "2024-03-28 14:11:17.268723+00:00", "RecordID": "10976", "Level": "4", "UserID": "S-1-5-18", "EventData.Prop_ContainerId": "{A4821661-95E8-01C9-1891-BD7319D85883}"}
{"EventID": "300", "Channel": "Microsoft-Windows-DeviceSetupManager/Operational", "Provider_Name": "Microsoft-Windows-DeviceSetupManager", "Computer": "DESKTOP-OFJ6N53", "TimeCreated": "2024-03-28 14:11:19.316908+00:00", "RecordID": "10977", "Level": "4", "UserID": "S-1-5-18", "EventData.Prop_ContainerId": "{D4D8EF7D-72EA-29CA-5C75-67839DA7ACFD}"}
{"EventID": "300", "Channel": "Microsoft-Windows-DeviceSetupManager/Operational", "Provider_Name": "Microsoft-Windows-DeviceSetupManager", "Computer": "DESKTOP-OFJ6N53", "TimeCreated": "2024-03-28 14:32:43.676950+00:00", "RecordID": "10978", "Level": "4", "UserID": "S-1-5-18", "EventData.Prop_ContainerId": "{68C6D921-7340-431B-B926-7868A9749129}"}
{"EventID": "300", "Channel": "Microsoft-Windows-DeviceSetupManager/Operational", "Provider_Name": "Microsoft-Windows-DeviceSetupManager", "Computer": "DESKTOP-OFJ6N53", "TimeCreated": "2024-03-28 14:33:37.451633+00:00", "RecordID": "10979", "Level": "4", "UserID": "S-1-5-18", "EventData.Prop_ContainerId": "{E9E3DDDD-BBD6-13FA-3639-1A7119D4058A}"}
{"EventID": "300", "Channel": "Microsoft-Windows-DeviceSetupManager/Operational", "Provider_Name": "Microsoft-Windows-DeviceSetupManager", "Computer": "DESKTOP-OFJ6N53", "TimeCreated": "2024-03-28 14:33:40.851023+00:00", "RecordID": "10980", "Level": "4", "UserID": "S-1-5-18", "EventData.Prop_ContainerId": "{7CEFF46A-507C-1FD8-CE94-49A07ED964C4}"}
{"EventID": "300", "Channel": "Microsoft-Windows-DeviceSetupManager/Operational", "Provider_Name": "Microsoft-Windows-DeviceSetupManager", "Computer": "DESKTOP-OFJ6N53", "TimeCreated": "2024-03-28 14:33:42.982834+00:00", "RecordID": "10981", "Level": "4", "UserID": "S-1-5-18", "EventData.Prop_ContainerId": "{C0AFA17B-B98C-1DF6-F36B-593B01D6940E}"}
{"EventID": "300", "Channel": "Microsoft-Windows-DeviceSetupManager/Operational", "Provider_Name": "Microsoft-Windows-DeviceSetupManager", "Computer": "DESKTOP-OFJ6N53", "TimeCreated": "2024-03-28 14:33:45.743155+00:00", "RecordID": "10982", "Level": "4", "UserID": "S-1-5-18", "EventData.Prop_ContainerId": "{E63D9B71-5801-B63B-445E-D06F446B2E86}"}
{"EventID": "300", "Channel": "Microsoft-Windows-DeviceSetupManager/Operational", "Provider_Name": "Microsoft-Windows-DeviceSetupManager", "Computer": "DESKTOP-OFJ6N53", "TimeCreated": "2024-03-28 14:33:47.689087+00:00", "RecordID": "10983", "Level": "4", "UserID": "S-1-5-18", "EventData.Prop_ContainerId": "{D9D12718-000F-9A99-61C3-96C9A6F82221}"}
{"EventID": "300", "Channel": "Microsoft-Windows-DeviceSetupManager/Operational", "Provider_Name": "Microsoft-Windows-DeviceSetupManager", "Computer": "DESKTOP-OFJ6N53", "TimeCreated": "2024-03-28 14:33:47.925636+00:00", "RecordID": "10984", "Level": "4", "UserID": "S-1-5-18", "EventData.Prop_ContainerId": "{B949BD51-2DAE-50DD-3A5A-A2FBEB014520}"}
{"EventID": "300", "Channel": "Microsoft-Windows-DeviceSetupManager/Operational", "Provider_Name": "Microsoft-Windows-DeviceSetupManager", "Computer": "DESKTOP-OFJ6N53", "TimeCreated": "2024-03-28 14:33:48.952703+00:00", "RecordID": "10985", "Level": "4", "UserID": "S-1-5-18", "EventData.Prop_ContainerId": "{A7152CF7-1629-95A8-7BA9-0678836F667D}"}
{"EventID": "300", "Channel": "Microsoft-Windows-DeviceSetupManager/Operational", "Provider_Name": "Microsoft-Windows-DeviceSetupManager", "Computer": "DESKTOP-OFJ6N53", "TimeCreated": "2024-03-28 14:33:49.520767+00:00", "RecordID": "10986", "Level": "4", "UserID": "S-1-5-18", "EventData.Prop_ContainerId": "{35D6DEEB-1498-4EAE-1FB7-7D2D046AA244}"}
{"EventID": "300", "Channel": "Microsoft-Windows-DeviceSetupManager/Operational", "Provider_Name": "Microsoft-Windows-DeviceSetupManager", "Computer": "DESKTOP-OFJ6N53", "TimeCreated": "2024-04-08 12:51:11.469740+00:00", "RecordID": "10987", "Level": "4", "UserID": "S-1-5-18", "EventData.Prop_ContainerId": "{421D61E4-1200-40F8-8800-14AC02013CF2}"}
{"EventID": "300", "Channel": "Microsoft-Windows-DeviceSetupManager/Operational", "Provider_Name": "Microsoft-Windows-DeviceSetupManager", "Computer": "DESKTOP-OFJ6N53", "TimeCreated": "2024-04-08 12:51:25.092968+00:00", "RecordID": "10988", "Level": "4", "UserID": "S-1-5-18", "EventData.Prop_ContainerId": "{C0AFA17B-B98C-1DF6-F36B-593B01D6940E}"}
{"EventID": "300", "Channel": "Microsoft-Windows-DeviceSetupManager/Operational", "Provider_Name": "Microsoft-Windows-DeviceSetupManager", "Computer": "DESKTOP-OFJ6N53", "TimeCreated": "2024-04-08 12:51:28.689026+00:00", "RecordID": "10989", "Level": "4", "UserID": "S-1-5-18", "EventData.Prop_ContainerId": "{7CEFF46A-507C-1FD8-CE94-49A07ED964C4}"}
{"EventID": "300", "Channel": "Microsoft-Windows-DeviceSetupManager/Operational", "Provider_Name": "Microsoft-Windows-DeviceSetupManager", "Computer": "DESKTOP-OFJ6N53", "TimeCreated": "2024-04-08 12:51:31.239536+00:00", "RecordID": "10990", "Level": "4", "UserID": "S-1-5-18", "EventData.Prop_ContainerId": "{3AFC786F-6BDF-5A77-88C1-BE39323D0F1D}"}
{"EventID": "300", "Channel": "Microsoft-Windows-DeviceSetupManager/Operational", "Provider_Name": "Microsoft-Windows-DeviceSetupManager", "Computer": "DESKTOP-OFJ6N53", "TimeCreated": "2024-04-08 12:51:32.502087+00:00", "RecordID": "10991", "Level": "4", "UserID": "S-1-5-18", "EventData.Prop_ContainerId": "{0731B1CC-E13D-3D37-8EF8-5C2B678AD953}"}
{"EventID": "300", "Channel": "Microsoft-Windows-DeviceSetupManager/Operational", "Provider_Name": "Microsoft-Windows-DeviceSetupManager", "Computer": "DESKTOP-OFJ6N53", "TimeCreated": "2024-04-08 12:51:34.037867+00:00", "RecordID": "10992", "Level": "4", "UserID": "S-1-5-18", "EventData.Prop_ContainerId": "{E9E3DDDD-BBD6-13FA-3639-1A7119D4058A}"}
{"EventID": "300", "Channel": "Microsoft-Windows-DeviceSetupManager/Operational", "Provider_Name": "Microsoft-Windows-DeviceSetupManager", "Computer": "DESKTOP-OFJ6N53", "TimeCreated": "2024-04-08 12:51:35.588331+00:00", "RecordID": "10993", "Level": "4", "UserID": "S-1-5-18", "EventData.Prop_ContainerId": "{87934F3C-3C4B-0125-41A3-01E43ED1E9E4}"}
{"EventID": "300", "Channel": "Microsoft-Windows-DeviceSetupManager/Operational", "Provider_Name": "Microsoft-Windows-DeviceSetupManager", "Computer": "DESKTOP-OFJ6N53", "TimeCreated": "2024-04-08 12:51:37.703470+00:00", "RecordID": "10994", "Level": "4", "UserID": "S-1-5-18", "EventData.Prop_ContainerId": "{D4D8EF7D-72EA-29CA-5C75-67839DA7ACFD}"}
{"EventID": "300", "Channel": "Microsoft-Windows-DeviceSetupManager/Operational", "Provider_Name": "Microsoft-Windows-DeviceSetupManager", "Computer": "DESKTOP-OFJ6N53", "TimeCreated": "2024-04-08 12:51:38.788153+00:00", "RecordID": "10995", "Level": "4", "UserID": "S-1-5-18", "EventData.Prop_ContainerId": "{A4821661-95E8-01C9-1891-BD7319D85883}"}
{"EventID": "300", "Channel": "Microsoft-Windows-DeviceSetupManager/Operational", "Provider_Name": "Microsoft-Windows-DeviceSetupManager", "Computer": "DESKTOP-OFJ6N53", "TimeCreated": "2024-04-08 13:31:02.445814+00:00", "RecordID": "10996", "Level": "4", "UserID": "S-1-5-18", "EventData.Prop_ContainerId": "{B8B9EE6D-4789-41CC-A0D4-50ABBC1A1291}"}
