{"EventID": "1002", "Channel": "Microsoft-Windows-Resource-Exhaustion-Detector/Operational", "Provider_Name": "Microsoft-Windows-Resource-Exhaustion-Detector", "Computer": "DESKTOP-OFJ6N53", "TimeCreated": "2023-07-06 12:43:23.343153+00:00", "RecordID": "337", "Level": "4", "UserID": "S-1-5-19"}
{"EventID": "1001", "Channel": "Microsoft-Windows-Resource-Exhaustion-Detector/Operational", "Provider_Name": "Microsoft-Windows-Resource-Exhaustion-Detector", "Computer": "DESKTOP-OFJ6N53", "TimeCreated": "2023-07-06 12:45:57.006386+00:00", "RecordID": "338", "Level": "4", "UserID": "S-1-5-19"}
{"EventID": "1001", "Channel": "Microsoft-Windows-Resource-Exhaustion-Detector/Operational", "Provider_Name": "Microsoft-Windows-Resource-Exhaustion-Detector", "Computer": "DESKTOP-OFJ6N53", "TimeCreated": "2023-07-09 12:56:29.674526+00:00", "RecordID": "339", "Level": "4", "UserID": "S-1-5-18"}
{"EventID": "1002", "Channel": "Microsoft-Windows-Resource-Exhaustion-Detector/Operational", "Provider_Name": "Microsoft-Windows-Resource-Exhaustion-Detector", "Computer": "DESKTOP-OFJ6N53", "TimeCreated": "2023-07-09 13:25:05.142256+00:00", "RecordID": "340", "Level": "4", "UserID": "S-1-5-18"}
{"EventID": "1001", "Channel": "Microsoft-Windows-Resource-Exhaustion-Detector/Operational", "Provider_Name": "Microsoft-Windows-Resource-Exhaustion-Detector", "Computer": "DESKTOP-OFJ6N53", "TimeCreated": "2023-07-10 12:56:50.122288+00:00", "RecordID": "341", "Level": "4", "UserID": "S-1-5-18"}
{"EventID": "1002", "Channel": "Microsoft-Windows-Resource-Exhaustion-Detector/Operational", "Provider_Name": "Microsoft-Windows-Resource-Exhaustion-Detector", "Computer": "DESKTOP-OFJ6N53", "TimeCreated": "2023-07-10 13:38:09.576309+00:00", "RecordID": "342", "Level": "4", "UserID": "S-1-5-18"}
{"EventID": "1002", "Channel": "Microsoft-Windows-Resource-Exhaustion-Detector/Operational", "Provider_Name": "Microsoft-Windows-Resource-Exhaustion-Detector", "Computer": "DESKTOP-OFJ6N53", "TimeCreated": "2023-07-12 14:39:48.681421+00:00", "RecordID": "343", "Level": "4", "UserID": "S-1-5-19"}
{"EventID": "1001", "Channel": "Microsoft-Windows-Resource-Exhaustion-Detector/Operational", "Provider_Name": "Microsoft-Windows-Resource-Exhaustion-Detector", "Computer": "DESKTOP-OFJ6N53", "TimeCreated": "2023-07-12 14:43:25.137110+00:00", "RecordID": "344", "Level": "4", "UserID": "S-1-5-19"}
{"EventID": "1001", "Channel": "Microsoft-Windows-Resource-Exhaustion-Detector/Operational", "Provider_Name": "Microsoft-Windows-Resource-Exhaustion-Detector", "Computer": "DESKTOP-OFJ6N53", "TimeCreated": "2023-07-13 02:26:16.766649+00:00", "RecordID": "345", "Level": "4", "UserID": "S-1-5-18"}
{"EventID": "1002", "Channel": "Microsoft-Windows-Resource-Exhaustion-Detector/Operational", "Provider_Name": "Microsoft-Windows-Resource-Exhaustion-Detector", "Computer": "DESKTOP-OFJ6N53", "TimeCreated": "2023-07-13 02:51:06.944075+00:00", "RecordID": "346", "Level": "4", "UserID": "S-1-5-18"}
{"EventID": "1001", "Channel": "Microsoft-Windows-Resource-Exhaustion-Detector/Operational", "Provider_Name": "Microsoft-Windows-Resource-Exhaustion-Detector", "Computer": "DESKTOP-OFJ6N53", "TimeCreated": "2023-07-13 10:12:13.554214+00:00", "RecordID": "347", "Level": "4", "UserID": "S-1-5-18"}
{"EventID": "1002", "Channel": "Microsoft-Windows-Resource-Exhaustion-Detector/Operational", "Provider_Name": "Microsoft-Windows-Resource-Exhaustion-Detector", "Computer": "DESKTOP-OFJ6N53", "TimeCreated": "2023-07-13 10:36:08.203272+00:00", "RecordID": "348", "Level": "4", "UserID": "S-1-5-18"}
{"EventID": "1001", "Channel": "Microsoft-Windows-Resource-Exhaustion-Detector/Operational", "Provider_Name": "Microsoft-Windows-Resource-Exhaustion-Detector", "Computer": "DESKTOP-OFJ6N53", "TimeCreated": "2023-07-16 23:53:19.034052+00:00", "RecordID": "349", "Level": "4", "UserID": "S-1-5-18"}
{"EventID": "1002", "Channel": "Microsoft-Windows-Resource-Exhaustion-Detector/Operational", "Provider_Name": "Microsoft-Windows-Resource-Exhaustion-Detector", "Computer": "DESKTOP-OFJ6N53", "TimeCreated": "2023-07-17 00:21:15.029253+00:00", "RecordID": "350", "Level": "4", "UserID": "S-1-5-18"}
{"EventID": "1002", "Channel": "Microsoft-Windows-Resource-Exhaustion-Detector/Operational", "Provider_Name": "Microsoft-Windows-Resource-Exhaustion-Detector", "Computer": "DESKTOP-OFJ6N53", "TimeCreated": "2023-07-18 14:52:13.769299+00:00", "RecordID": "351", "Level": "4", "UserID": "S-1-5-19"}
{"EventID": "1001", "Channel": "Microsoft-Windows-Resource-Exhaustion-Detector/Operational", "Provider_Name": "Microsoft-Windows-Resource-Exhaustion-Detector", "Computer": "DESKTOP-OFJ6N53", "TimeCreated": "2023-07-18 14:52:49.108824+00:00", "RecordID": "352", "Level": "4", "UserID": "S-1-5-19"}
{"EventID": "1002", "Channel": "Microsoft-Windows-Resource-Exhaustion-Detector/Operational", "Provider_Name": "Microsoft-Windows-Resource-Exhaustion-Detector", "Computer": "DESKTOP-OFJ6N53", "TimeCreated": "2023-07-25 08:58:52.766344+00:00", "RecordID": "353", "Level": "4", "UserID": "S-1-5-19"}
{"EventID": "1001", "Channel": "Microsoft-Windows-Resource-Exhaustion-Detector/Operational", "Provider_Name": "Microsoft-Windows-Resource-Exhaustion-Detector", "Computer": "DESKTOP-OFJ6N53", "TimeCreated": "2023-07-25 08:59:25.635611+00:00", "RecordID": "354", "Level": "4", "UserID": "S-1-5-19"}
{"EventID": "1002", "Channel": "Microsoft-Windows-Resource-Exhaustion-Detector/Operational", "Provider_Name": "Microsoft-Windows-Resource-Exhaustion-Detector", "Computer": "DESKTOP-OFJ6N53", "TimeCreated": "2023-07-26 16:04:44.495979+00:00", "RecordID": "355", "Level": "4", "UserID": "S-1-5-19"}
{"EventID": "1001", "Channel": "Microsoft-Windows-Resource-Exhaustion-Detector/Operational", "Provider_Name": "Microsoft-Windows-Resource-Exhaustion-Detector", "Computer": "DESKTOP-OFJ6N53", "TimeCreated": "2023-07-26 16:05:15.057474+00:00", "RecordID": "356", "Level": "4", "UserID": "S-1-5-19"}
{"EventID": "1002", "Channel": "Microsoft-Windows-Resource-Exhaustion-Detector/Operational", "Provider_Name": "Microsoft-Windows-Resource-Exhaustion-Detector", "Computer": "DESKTOP-OFJ6N53", "TimeCreated": "2023-07-31 13:01:08.539421+00:00", "RecordID": "357", "Level": "4", "UserID": "S-1-5-19"}
{"EventID": "1001", "Channel": "Microsoft-Windows-Resource-Exhaustion-Detector/Operational", "Provider_Name": "Microsoft-Windows-Resource-Exhaustion-Detector", "Computer": "DESKTOP-OFJ6N53", "TimeCreated": "2023-07-31 13:01:36.175817+00:00", "RecordID": "358", "Level": "4", "UserID": "S-1-5-19"}
{"EventID": "1002", "Channel": "Microsoft-Windows-Resource-Exhaustion-Detector/Operational", "Provider_Name": "Microsoft-Windows-Resource-Exhaustion-Detector", "Computer": "DESKTOP-OFJ6N53", "TimeCreated": "2023-08-02 10:02:46.134274+00:00", "RecordID": "359", "Level": "4", "UserID": "S-1-5-19"}
{"EventID": "1001", "Channel": "Microsoft-Windows-Resource-Exhaustion-Detector/Operational", "Provider_Name": "Microsoft-Windows-Resource-Exhaustion-Detector", "Computer": "DESKTOP-OFJ6N53", "TimeCreated": "2023-08-02 10:03:14.938538+00:00", "RecordID": "360", "Level": "4", "UserID": "S-1-5-19"}
{"EventID": "1001", "Channel": "Microsoft-Windows-Resource-Exhaustion-Detector/Operational", "Provider_Name": "Microsoft-Windows-Resource-Exhaustion-Detector", "Computer": "DESKTOP-OFJ6N53", "TimeCreated": "2023-08-04 10:13:50.485535+00:00", "RecordID": "361", "Level": "4", "UserID": "S-1-5-18"}
{"EventID": "1002", "Channel": "Microsoft-Windows-Resource-Exhaustion-Detector/Operational", "Provider_Name": "Microsoft-Windows-Resource-Exhaustion-Detector", "Computer": "DESKTOP-OFJ6N53", "TimeCreated": "2023-08-04 10:43:18.735174+00:00", "RecordID": "362", "Level": "4", "UserID": "S-1-5-18"}
{"EventID": "1002", "Channel": "Microsoft-Windows-Resource-Exhaustion-Detector/Operational", "Provider_Name": "Microsoft-Windows-Resource-Exhaustion-Detector", "Computer": "DESKTOP-OFJ6N53", "TimeCreated": "2023-08-10 07:38:38.344543+00:00", "RecordID": "363", "Level": "4", "UserID": "S-1-5-19"}
{"EventID": "1001", "Channel": "Microsoft-Windows-Resource-Exhaustion-Detector/Operational", "Provider_Name": "Microsoft-Windows-Resource-Exhaustion-Detector", "Computer": "DESKTOP-OFJ6N53", "TimeCreated": "2023-08-10 07:40:12.089430+00:00", "RecordID": "364", "Level": "4", "UserID": "S-1-5-19"}
{"EventID": "1001", "Channel": "Microsoft-Windows-Resource-Exhaustion-Detector/Operational", "Provider_Name": "Microsoft-Windows-Resource-Exhaustion-Detector", "Computer": "DESKTOP-OFJ6N53", "TimeCreated": "2023-08-10 08:04:10.837250+00:00", "RecordID": "365", "Level": "4", "UserID": "S-1-5-18"}
{"EventID": "1002", "Channel": "Microsoft-Windows-Resource-Exhaustion-Detector/Operational", "Provider_Name": "Microsoft-Windows-Resource-Exhaustion-Detector", "Computer": "DESKTOP-OFJ6N53", "TimeCreated": "2023-08-10 08:34:08.723127+00:00", "RecordID": "366", "Level": "4", "UserID": "S-1-5-18"}
{"EventID": "1002", "Channel": "Microsoft-Windows-Resource-Exhaustion-Detector/Operational", "Provider_Name": "Microsoft-Windows-Resource-Exhaustion-Detector", "Computer": "DESKTOP-OFJ6N53", "TimeCreated": "2023-08-16 09:59:50.409929+00:00", "RecordID": "367", "Level": "4", "UserID": "S-1-5-19"}
{"EventID": "1001", "Channel": "Microsoft-Windows-Resource-Exhaustion-Detector/Operational", "Provider_Name": "Microsoft-Windows-Resource-Exhaustion-Detector", "Computer": "DESKTOP-OFJ6N53", "TimeCreated": "2023-08-16 10:00:21.942987+00:00", "RecordID": "368", "Level": "4", "UserID": "S-1-5-19"}
{"EventID": "1001", "Channel": "Microsoft-Windows-Resource-Exhaustion-Detector/Operational", "Provider_Name": "Microsoft-Windows-Resource-Exhaustion-Detector", "Computer": "DESKTOP-OFJ6N53", "TimeCreated": "2023-08-18 10:11:02.459867+00:00", "RecordID": "369", "Level": "4", "UserID": "S-1-5-18"}
{"EventID": "1002", "Channel": "Microsoft-Windows-Resource-Exhaustion-Detector/Operational", "Provider_Name": "Microsoft-Windows-Resource-Exhaustion-Detector", "Computer": "DESKTOP-OFJ6N53", "TimeCreated": "2023-08-18 10:40:26.452137+00:00", "RecordID": "370", "Level": "4", "UserID": "S-1-5-18"}
{"EventID": "1002", "Channel": "Microsoft-Windows-Resource-Exhaustion-Detector/Operational", "Provider_Name": "Microsoft-Windows-Resource-Exhaustion-Detector", "Computer": "DESKTOP-OFJ6N53", "TimeCreated": "2023-08-29 22:44:45.111696+00:00", "RecordID": "371", "Level": "4", "UserID": "S-1-5-19"}
{"EventID": "1001", "Channel": "Microsoft-Windows-Resource-Exhaustion-Detector/Operational", "Provider_Name": "Microsoft-Windows-Resource-Exhaustion-Detector", "Computer": "DESKTOP-OFJ6N53", "TimeCreated": "2023-08-29 22:45:21.398136+00:00", "RecordID": "372", "Level": "4", "UserID": "S-1-5-19"}
{"EventID": "1001", "Channel": "Microsoft-Windows-Resource-Exhaustion-Detector/Operational", "Provider_Name": "Microsoft-Windows-Resource-Exhaustion-Detector", "Computer": "DESKTOP-OFJ6N53", "TimeCreated": "2023-08-30 08:50:24.993864+00:00", "RecordID": "373", "Level": "4", "UserID": "S-1-5-18"}
{"EventID": "1002", "Channel": "Microsoft-Windows-Resource-Exhaustion-Detector/Operational", "Provider_Name": "Microsoft-Windows-Resource-Exhaustion-Detector", "Computer": "DESKTOP-OFJ6N53", "TimeCreated": "2023-08-30 09:25:16.069746+00:00", "RecordID": "374", "Level": "4", "UserID": "S-1-5-18"}
{"EventID": "1001", "Channel": "Microsoft-Windows-Resource-Exhaustion-Detector/Operational", "Provider_Name": "Microsoft-Windows-Resource-Exhaustion-Detector", "Computer": "DESKTOP-OFJ6N53", "TimeCreated": "2023-08-30 23:10:35.384346+00:00", "RecordID": "375", "Level": "4", "UserID": "S-1-5-18"}
{"EventID": "1002", "Channel": "Microsoft-Windows-Resource-Exhaustion-Detector/Operational", "Provider_Name": "Microsoft-Windows-Resource-Exhaustion-Detector", "Computer": "DESKTOP-OFJ6N53", "TimeCreated": "2023-08-30 23:40:16.490150+00:00", "RecordID": "376", "Level": "4", "UserID": "S-1-5-18"}
{"EventID": "1001", "Channel": "Microsoft-Windows-Resource-Exhaustion-Detector/Operational", "Provider_Name": "Microsoft-Windows-Resource-Exhaustion-Detector", "Computer": "DESKTOP-OFJ6N53", "TimeCreated": "2023-09-01 00:50:55.964388+00:00", "RecordID": "377", "Level": "4", "UserID": "S-1-5-18"}
{"EventID": "1002", "Channel": "Microsoft-Windows-Resource-Exhaustion-Detector/Operational", "Provider_Name": "Microsoft-Windows-Resource-Exhaustion-Detector", "Computer": "DESKTOP-OFJ6N53", "TimeCreated": "2023-09-01 01:10:19.073933+00:00", "RecordID": "378", "Level": "4", "UserID": "S-1-5-18"}
{"EventID": "1001", "Channel": "Microsoft-Windows-Resource-Exhaustion-Detector/Operational", "Provider_Name": "Microsoft-Windows-Resource-Exhaustion-Detector", "Computer": "DESKTOP-OFJ6N53", "TimeCreated": "2023-09-02 23:06:32.192535+00:00", "RecordID": "379", "Level": "4", "UserID": "S-1-5-18"}
{"EventID": "1002", "Channel": "Microsoft-Windows-Resource-Exhaustion-Detector/Operational", "Provider_Name": "Microsoft-Windows-Resource-Exhaustion-Detector", "Computer": "DESKTOP-OFJ6N53", "TimeCreated": "2023-09-02 23:25:23.612310+00:00", "RecordID": "380", "Level": "4", "UserID": "S-1-5-18"}
{"EventID": "1002", "Channel": "Microsoft-Windows-Resource-Exhaustion-Detector/Operational", "Provider_Name": "Microsoft-Windows-Resource-Exhaustion-Detector", "Computer": "DESKTOP-OFJ6N53", "TimeCreated": "2023-09-04 14:36:35.010424+00:00", "RecordID": "381", "Level": "4", "UserID": "S-1-5-19"}
{"EventID": "1001", "Channel": "Microsoft-Windows-Resource-Exhaustion-Detector/Operational", "Provider_Name": "Microsoft-Windows-Resource-Exhaustion-Detector", "Computer": "DESKTOP-OFJ6N53", "TimeCreated": "2023-09-04 14:37:07.017305+00:00", "RecordID": "382", "Level": "4", "UserID": "S-1-5-19"}
{"EventID": "1001", "Channel": "Microsoft-Windows-Resource-Exhaustion-Detector/Operational", "Provider_Name": "Microsoft-Windows-Resource-Exhaustion-Detector", "Computer": "DESKTOP-OFJ6N53", "TimeCreated": "2023-09-13 00:39:29.336641+00:00", "RecordID": "383", "Level": "4", "UserID": "S-1-5-18"}
{"EventID": "1002", "Channel": "Microsoft-Windows-Resource-Exhaustion-Detector/Operational", "Provider_Name": "Microsoft-Windows-Resource-Exhaustion-Detector", "Computer": "DESKTOP-OFJ6N53", "TimeCreated": "2023-09-13 01:02:20.733109+00:00", "RecordID": "384", "Level": "4", "UserID": "S-1-5-18"}
{"EventID": "1002", "Channel": "Microsoft-Windows-Resource-Exhaustion-Detector/Operational", "Provider_Name": "Microsoft-Windows-Resource-Exhaustion-Detector", "Computer": "DESKTOP-OFJ6N53", "TimeCreated": "2023-09-13 14:36:07.905588+00:00", "RecordID": "385", "Level": "4", "UserID": "S-1-5-19"}
{"EventID": "1001", "Channel": "Microsoft-Windows-Resource-Exhaustion-Detector/Operational", "Provider_Name": "Microsoft-Windows-Resource-Exhaustion-Detector", "Computer": "DESKTOP-OFJ6N53", "TimeCreated": "2023-09-13 14:39:02.571493+00:00", "RecordID": "386", "Level": "4", "UserID": "S-1-5-19"}
{"EventID": "1001", "Channel": "Microsoft-Windows-Resource-Exhaustion-Detector/Operational", "Provider_Name": "Microsoft-Windows-Resource-Exhaustion-Detector", "Computer": "DESKTOP-OFJ6N53", "TimeCreated": "2023-09-15 14:47:20.084021+00:00", "RecordID": "387", "Level": "4", "UserID": "S-1-5-18"}
{"EventID": "1002", "Channel": "Microsoft-Windows-Resource-Exhaustion-Detector/Operational", "Provider_Name": "Microsoft-Windows-Resource-Exhaustion-Detector", "Computer": "DESKTOP-OFJ6N53", "TimeCreated": "2023-09-15 15:16:44.030191+00:00", "RecordID": "388", "Level": "4", "UserID": "S-1-5-18"}
{"EventID": "1001", "Channel": "Microsoft-Windows-Resource-Exhaustion-Detector/Operational", "Provider_Name": "Microsoft-Windows-Resource-Exhaustion-Detector", "Computer": "DESKTOP-OFJ6N53", "TimeCreated": "2023-09-16 14:47:38.909456+00:00", "RecordID": "389", "Level": "4", "UserID": "S-1-5-18"}
{"EventID": "1002", "Channel": "Microsoft-Windows-Resource-Exhaustion-Detector/Operational", "Provider_Name": "Microsoft-Windows-Resource-Exhaustion-Detector", "Computer": "DESKTOP-OFJ6N53", "TimeCreated": "2023-09-16 15:16:46.399872+00:00", "RecordID": "390", "Level": "4", "UserID": "S-1-5-18"}
{"EventID": "1002", "Channel": "Microsoft-Windows-Resource-Exhaustion-Detector/Operational", "Provider_Name": "Microsoft-Windows-Resource-Exhaustion-Detector", "Computer": "DESKTOP-OFJ6N53", "TimeCreated": "2023-09-29 16:10:13.494692+00:00", "RecordID": "391", "Level": "4", "UserID": "S-1-5-19"}
{"EventID": "1001", "Channel": "Microsoft-Windows-Resource-Exhaustion-Detector/Operational", "Provider_Name": "Microsoft-Windows-Resource-Exhaustion-Detector", "Computer": "DESKTOP-OFJ6N53", "TimeCreated": "2023-09-29 16:10:51.306843+00:00", "RecordID": "392", "Level": "4", "UserID": "S-1-5-19"}
{"EventID": "1001", "Channel": "Microsoft-Windows-Resource-Exhaustion-Detector/Operational", "Provider_Name": "Microsoft-Windows-Resource-Exhaustion-Detector", "Computer": "DESKTOP-OFJ6N53", "TimeCreated": "2023-10-09 02:28:02.109318+00:00", "RecordID": "393", "Level": "4", "UserID": "S-1-5-18"}
{"EventID": "1002", "Channel": "Microsoft-Windows-Resource-Exhaustion-Detector/Operational", "Provider_Name": "Microsoft-Windows-Resource-Exhaustion-Detector", "Computer": "DESKTOP-OFJ6N53", "TimeCreated": "2023-10-09 02:51:05.048506+00:00", "RecordID": "394", "Level": "4", "UserID": "S-1-5-18"}
{"EventID": "1001", "Channel": "Microsoft-Windows-Resource-Exhaustion-Detector/Operational", "Provider_Name": "Microsoft-Windows-Resource-Exhaustion-Detector", "Computer": "DESKTOP-OFJ6N53", "TimeCreated": "2023-10-12 09:53:44.661324+00:00", "RecordID": "395", "Level": "4", "UserID": "S-1-5-18"}
{"EventID": "1002", "Channel": "Microsoft-Windows-Resource-Exhaustion-Detector/Operational", "Provider_Name": "Microsoft-Windows-Resource-Exhaustion-Detector", "Computer": "DESKTOP-OFJ6N53", "TimeCreated": "2023-10-12 10:21:13.633938+00:00", "RecordID": "396", "Level": "4", "UserID": "S-1-5-18"}
{"EventID": "1002", "Channel": "Microsoft-Windows-Resource-Exhaustion-Detector/Operational", "Provider_Name": "Microsoft-Windows-Resource-Exhaustion-Detector", "Computer": "DESKTOP-OFJ6N53", "TimeCreated": "2023-10-12 16:55:02.121918+00:00", "RecordID": "397", "Level": "4", "UserID": "S-1-5-19"}
{"EventID": "1001", "Channel": "Microsoft-Windows-Resource-Exhaustion-Detector/Operational", "Provider_Name": "Microsoft-Windows-Resource-Exhaustion-Detector", "Computer": "DESKTOP-OFJ6N53", "TimeCreated": "2023-10-12 16:58:07.126968+00:00", "RecordID": "398", "Level": "4", "UserID": "S-1-5-19"}
{"EventID": "1001", "Channel": "Microsoft-Windows-Resource-Exhaustion-Detector/Operational", "Provider_Name": "Microsoft-Windows-Resource-Exhaustion-Detector", "Computer": "DESKTOP-OFJ6N53", "TimeCreated": "2023-10-13 08:35:46.245584+00:00", "RecordID": "399", "Level": "4", "UserID": "S-1-5-18"}
{"EventID": "1002", "Channel": "Microsoft-Windows-Resource-Exhaustion-Detector/Operational", "Provider_Name": "Microsoft-Windows-Resource-Exhaustion-Detector", "Computer": "DESKTOP-OFJ6N53", "TimeCreated": "2023-10-13 09:05:32.642645+00:00", "RecordID": "400", "Level": "4", "UserID": "S-1-5-18"}
{"EventID": "1001", "Channel": "Microsoft-Windows-Resource-Exhaustion-Detector/Operational", "Provider_Name": "Microsoft-Windows-Resource-Exhaustion-Detector", "Computer": "DESKTOP-OFJ6N53", "TimeCreated": "2023-10-22 00:27:38.742992+00:00", "RecordID": "401", "Level": "4", "UserID": "S-1-5-18"}
{"EventID": "1002", "Channel": "Microsoft-Windows-Resource-Exhaustion-Detector/Operational", "Provider_Name": "Microsoft-Windows-Resource-Exhaustion-Detector", "Computer": "DESKTOP-OFJ6N53", "TimeCreated": "2023-10-22 00:50:52.564600+00:00", "RecordID": "402", "Level": "4", "UserID": "S-1-5-18"}
{"EventID": "1002", "Channel": "Microsoft-Windows-Resource-Exhaustion-Detector/Operational", "Provider_Name": "Microsoft-Windows-Resource-Exhaustion-Detector", "Computer": "DESKTOP-OFJ6N53", "TimeCreated": "2023-10-27 14:40:13.989189+00:00", "RecordID": "403", "Level": "4", "UserID": "S-1-5-19"}
{"EventID": "1001", "Channel": "Microsoft-Windows-Resource-Exhaustion-Detector/Operational", "Provider_Name": "Microsoft-Windows-Resource-Exhaustion-Detector", "Computer": "DESKTOP-OFJ6N53", "TimeCreated": "2023-10-27 14:40:51.272263+00:00", "RecordID": "404", "Level": "4", "UserID": "S-1-5-19"}
{"EventID": "1001", "Channel": "Microsoft-Windows-Resource-Exhaustion-Detector/Operational", "Provider_Name": "Microsoft-Windows-Resource-Exhaustion-Detector", "Computer": "DESKTOP-OFJ6N53", "TimeCreated": "2023-10-30 14:51:41.784737+00:00", "RecordID": "405", "Level": "4", "UserID": "S-1-5-18"}
{"EventID": "1002", "Channel": "Microsoft-Windows-Resource-Exhaustion-Detector/Operational", "Provider_Name": "Microsoft-Windows-Resource-Exhaustion-Detector", "Computer": "DESKTOP-OFJ6N53", "TimeCreated": "2023-10-30 15:20:49.456789+00:00", "RecordID": "406", "Level": "4", "UserID": "S-1-5-18"}
{"EventID": "1001", "Channel": "Microsoft-Windows-Resource-Exhaustion-Detector/Operational", "Provider_Name": "Microsoft-Windows-Resource-Exhaustion-Detector", "Computer": "DESKTOP-OFJ6N53", "TimeCreated": "2023-11-02 14:12:39.704882+00:00", "RecordID": "407", "Level": "4", "UserID": "S-1-5-18"}
{"EventID": "1002", "Channel": "Microsoft-Windows-Resource-Exhaustion-Detector/Operational", "Provider_Name": "Microsoft-Windows-Resource-Exhaustion-Detector", "Computer": "DESKTOP-OFJ6N53", "TimeCreated": "2023-11-02 14:35:56.317572+00:00", "RecordID": "408", "Level": "4", "UserID": "S-1-5-18"}
{"EventID": "1001", "Channel": "Microsoft-Windows-Resource-Exhaustion-Detector/Operational", "Provider_Name": "Microsoft-Windows-Resource-Exhaustion-Detector", "Computer": "DESKTOP-OFJ6N53", "TimeCreated": "2023-11-08 11:28:53.442577+00:00", "RecordID": "409", "Level": "4", "UserID": "S-1-5-18"}
{"EventID": "1002", "Channel": "Microsoft-Windows-Resource-Exhaustion-Detector/Operational", "Provider_Name": "Microsoft-Windows-Resource-Exhaustion-Detector", "Computer": "DESKTOP-OFJ6N53", "TimeCreated": "2023-11-08 11:51:16.132122+00:00", "RecordID": "410", "Level": "4", "UserID": "S-1-5-18"}
{"EventID": "1002", "Channel": "Microsoft-Windows-Resource-Exhaustion-Detector/Operational", "Provider_Name": "Microsoft-Windows-Resource-Exhaustion-Detector", "Computer": "DESKTOP-OFJ6N53", "TimeCreated": "2023-11-20 15:05:06.921305+00:00", "RecordID": "411", "Level": "4", "UserID": "S-1-5-19"}
{"EventID": "1001", "Channel": "Microsoft-Windows-Resource-Exhaustion-Detector/Operational", "Provider_Name": "Microsoft-Windows-Resource-Exhaustion-Detector", "Computer": "DESKTOP-OFJ6N53", "TimeCreated": "2023-11-20 15:11:32.588297+00:00", "RecordID": "412", "Level": "4", "UserID": "S-1-5-19"}
{"EventID": "1001", "Channel": "Microsoft-Windows-Resource-Exhaustion-Detector/Operational", "Provider_Name": "Microsoft-Windows-Resource-Exhaustion-Detector", "Computer": "DESKTOP-OFJ6N53", "TimeCreated": "2023-11-23 15:16:45.819141+00:00", "RecordID": "413", "Level": "4", "UserID": "S-1-5-18"}
{"EventID": "1002", "Channel": "Microsoft-Windows-Resource-Exhaustion-Detector/Operational", "Provider_Name": "Microsoft-Windows-Resource-Exhaustion-Detector", "Computer": "DESKTOP-OFJ6N53", "TimeCreated": "2023-11-23 15:45:47.816637+00:00", "RecordID": "414", "Level": "4", "UserID": "S-1-5-18"}
{"EventID": "1002", "Channel": "Microsoft-Windows-Resource-Exhaustion-Detector/Operational", "Provider_Name": "Microsoft-Windows-Resource-Exhaustion-Detector", "Computer": "DESKTOP-OFJ6N53", "TimeCreated": "2023-12-12 07:24:53.602978+00:00", "RecordID": "415", "Level": "4", "UserID": "S-1-5-19"}
{"EventID": "1001", "Channel": "Microsoft-Windows-Resource-Exhaustion-Detector/Operational", "Provider_Name": "Microsoft-Windows-Resource-Exhaustion-Detector", "Computer": "DESKTOP-OFJ6N53", "TimeCreated": "2023-12-12 07:25:25.010130+00:00", "RecordID": "416", "Level": "4", "UserID": "S-1-5-19"}
{"EventID": "1002", "Channel": "Microsoft-Windows-Resource-Exhaustion-Detector/Operational", "Provider_Name": "Microsoft-Windows-Resource-Exhaustion-Detector", "Computer": "DESKTOP-OFJ6N53", "TimeCreated": "2023-12-13 14:33:46.693609+00:00", "RecordID": "417", "Level": "4", "UserID": "S-1-5-19"}
{"EventID": "1001", "Channel": "Microsoft-Windows-Resource-Exhaustion-Detector/Operational", "Provider_Name": "Microsoft-Windows-Resource-Exhaustion-Detector", "Computer": "DESKTOP-OFJ6N53", "TimeCreated": "2023-12-13 14:35:22.266092+00:00", "RecordID": "418", "Level": "4", "UserID": "S-1-5-19"}
{"EventID": "1001", "Channel": "Microsoft-Windows-Resource-Exhaustion-Detector/Operational", "Provider_Name": "Microsoft-Windows-Resource-Exhaustion-Detector", "Computer": "DESKTOP-OFJ6N53", "TimeCreated": "2023-12-13 18:39:21.851902+00:00", "RecordID": "419", "Level": "4", "UserID": "S-1-5-18"}
{"EventID": "1002", "Channel": "Microsoft-Windows-Resource-Exhaustion-Detector/Operational", "Provider_Name": "Microsoft-Windows-Resource-Exhaustion-Detector", "Computer": "DESKTOP-OFJ6N53", "TimeCreated": "2023-12-13 18:59:17.047279+00:00", "RecordID": "420", "Level": "4", "UserID": "S-1-5-18"}
{"EventID": "1001", "Channel": "Microsoft-Windows-Resource-Exhaustion-Detector/Operational", "Provider_Name": "Microsoft-Windows-Resource-Exhaustion-Detector", "Computer": "DESKTOP-OFJ6N53", "TimeCreated": "2023-12-25 14:46:21.467966+00:00", "RecordID": "421", "Level": "4", "UserID": "S-1-5-18"}
{"EventID": "1002", "Channel": "Microsoft-Windows-Resource-Exhaustion-Detector/Operational", "Provider_Name": "Microsoft-Windows-Resource-Exhaustion-Detector", "Computer": "DESKTOP-OFJ6N53", "TimeCreated": "2023-12-25 15:15:22.394253+00:00", "RecordID": "422", "Level": "4", "UserID": "S-1-5-18"}
{"EventID": "1001", "Channel": "Microsoft-Windows-Resource-Exhaustion-Detector/Operational", "Provider_Name": "Microsoft-Windows-Resource-Exhaustion-Detector", "Computer": "DESKTOP-OFJ6N53", "TimeCreated": "2023-12-28 18:41:54.322144+00:00", "RecordID": "423", "Level": "4", "UserID": "S-1-5-18"}
{"EventID": "1002", "Channel": "Microsoft-Windows-Resource-Exhaustion-Detector/Operational", "Provider_Name": "Microsoft-Windows-Resource-Exhaustion-Detector", "Computer": "DESKTOP-OFJ6N53", "TimeCreated": "2023-12-28 19:00:29.586252+00:00", "RecordID": "424", "Level": "4", "UserID": "S-1-5-18"}
{"EventID": "1002", "Channel": "Microsoft-Windows-Resource-Exhaustion-Detector/Operational", "Provider_Name": "Microsoft-Windows-Resource-Exhaustion-Detector", "Computer": "DESKTOP-OFJ6N53", "TimeCreated": "2023-12-29 14:43:35.157709+00:00", "RecordID": "425", "Level": "4", "UserID": "S-1-5-19"}
{"EventID": "1001", "Channel": "Microsoft-Windows-Resource-Exhaustion-Detector/Operational", "Provider_Name": "Microsoft-Windows-Resource-Exhaustion-Detector", "Computer": "DESKTOP-OFJ6N53", "TimeCreated": "2023-12-29 14:44:51.848665+00:00", "RecordID": "426", "Level": "4", "UserID": "S-1-5-19"}
{"EventID": "1001", "Channel": "Microsoft-Windows-Resource-Exhaustion-Detector/Operational", "Provider_Name": "Microsoft-Windows-Resource-Exhaustion-Detector", "Computer": "DESKTOP-OFJ6N53", "TimeCreated": "2023-12-29 18:54:58.246176+00:00", "RecordID": "427", "Level": "4", "UserID": "S-1-5-18"}
{"EventID": "1002", "Channel": "Microsoft-Windows-Resource-Exhaustion-Detector/Operational", "Provider_Name": "Microsoft-Windows-Resource-Exhaustion-Detector", "Computer": "DESKTOP-OFJ6N53", "TimeCreated": "2023-12-29 19:24:50.732048+00:00", "RecordID": "428", "Level": "4", "UserID": "S-1-5-18"}
{"EventID": "1002", "Channel": "Microsoft-Windows-Resource-Exhaustion-Detector/Operational", "Provider_Name": "Microsoft-Windows-Resource-Exhaustion-Detector", "Computer": "DESKTOP-OFJ6N53", "TimeCreated": "2024-01-10 14:57:37.021681+00:00", "RecordID": "429", "Level": "4", "UserID": "S-1-5-19"}
{"EventID": "1001", "Channel": "Microsoft-Windows-Resource-Exhaustion-Detector/Operational", "Provider_Name": "Microsoft-Windows-Resource-Exhaustion-Detector", "Computer": "DESKTOP-OFJ6N53", "TimeCreated": "2024-01-10 14:59:43.562273+00:00", "RecordID": "430", "Level": "4", "UserID": "S-1-5-19"}
{"EventID": "1001", "Channel": "Microsoft-Windows-Resource-Exhaustion-Detector/Operational", "Provider_Name": "Microsoft-Windows-Resource-Exhaustion-Detector", "Computer": "DESKTOP-OFJ6N53", "TimeCreated": "2024-01-10 19:03:40.177521+00:00", "RecordID": "431", "Level": "4", "UserID": "S-1-5-18"}
{"EventID": "1002", "Channel": "Microsoft-Windows-Resource-Exhaustion-Detector/Operational", "Provider_Name": "Microsoft-Windows-Resource-Exhaustion-Detector", "Computer": "DESKTOP-OFJ6N53", "TimeCreated": "2024-01-10 19:23:34.626591+00:00", "RecordID": "432", "Level": "4", "UserID": "S-1-5-18"}
{"EventID": "1001", "Channel": "Microsoft-Windows-Resource-Exhaustion-Detector/Operational", "Provider_Name": "Microsoft-Windows-Resource-Exhaustion-Detector", "Computer": "DESKTOP-OFJ6N53", "TimeCreated": "2024-01-12 15:10:00.739338+00:00", "RecordID": "433", "Level": "4", "UserID": "S-1-5-18"}
{"EventID": "1002", "Channel": "Microsoft-Windows-Resource-Exhaustion-Detector/Operational", "Provider_Name": "Microsoft-Windows-Resource-Exhaustion-Detector", "Computer": "DESKTOP-OFJ6N53", "TimeCreated": "2024-01-12 15:39:12.425541+00:00", "RecordID": "434", "Level": "4", "UserID": "S-1-5-18"}
{"EventID": "1001", "Channel": "Microsoft-Windows-Resource-Exhaustion-Detector/Operational", "Provider_Name": "Microsoft-Windows-Resource-Exhaustion-Detector", "Computer": "DESKTOP-OFJ6N53", "TimeCreated": "2024-01-17 00:32:10.325819+00:00", "RecordID": "435", "Level": "4", "UserID": "S-1-5-18"}
{"EventID": "1002", "Channel": "Microsoft-Windows-Resource-Exhaustion-Detector/Operational", "Provider_Name": "Microsoft-Windows-Resource-Exhaustion-Detector", "Computer": "DESKTOP-OFJ6N53", "TimeCreated": "2024-01-17 00:54:46.897558+00:00", "RecordID": "436", "Level": "4", "UserID": "S-1-5-18"}
{"EventID": "1001", "Channel": "Microsoft-Windows-Resource-Exhaustion-Detector/Operational", "Provider_Name": "Microsoft-Windows-Resource-Exhaustion-Detector", "Computer": "DESKTOP-OFJ6N53", "TimeCreated": "2024-01-22 11:45:23.238016+00:00", "RecordID": "437", "Level": "4", "UserID": "S-1-5-18"}
{"EventID": "1002", "Channel": "Microsoft-Windows-Resource-Exhaustion-Detector/Operational", "Provider_Name": "Microsoft-Windows-Resource-Exhaustion-Detector", "Computer": "DESKTOP-OFJ6N53", "TimeCreated": "2024-01-22 12:10:01.316261+00:00", "RecordID": "438", "Level": "4", "UserID": "S-1-5-18"}
{"EventID": "1001", "Channel": "Microsoft-Windows-Resource-Exhaustion-Detector/Operational", "Provider_Name": "Microsoft-Windows-Resource-Exhaustion-Detector", "Computer": "DESKTOP-OFJ6N53", "TimeCreated": "2024-01-22 15:10:26.527798+00:00", "RecordID": "439", "Level": "4", "UserID": "S-1-5-18"}
{"EventID": "1002", "Channel": "Microsoft-Windows-Resource-Exhaustion-Detector/Operational", "Provider_Name": "Microsoft-Windows-Resource-Exhaustion-Detector", "Computer": "DESKTOP-OFJ6N53", "TimeCreated": "2024-01-22 15:40:01.449419+00:00", "RecordID": "440", "Level": "4", "UserID": "S-1-5-18"}
{"EventID": "1001", "Channel": "Microsoft-Windows-Resource-Exhaustion-Detector/Operational", "Provider_Name": "Microsoft-Windows-Resource-Exhaustion-Detector", "Computer": "DESKTOP-OFJ6N53", "TimeCreated": "2024-02-06 00:35:17.342072+00:00", "RecordID": "441", "Level": "4", "UserID": "S-1-5-18"}
{"EventID": "1002", "Channel": "Microsoft-Windows-Resource-Exhaustion-Detector/Operational", "Provider_Name": "Microsoft-Windows-Resource-Exhaustion-Detector", "Computer": "DESKTOP-OFJ6N53", "TimeCreated": "2024-02-06 05:10:46.251478+00:00", "RecordID": "442", "Level": "4", "UserID": "S-1-5-18"}
{"EventID": "1001", "Channel": "Microsoft-Windows-Resource-Exhaustion-Detector/Operational", "Provider_Name": "Microsoft-Windows-Resource-Exhaustion-Detector", "Computer": "DESKTOP-OFJ6N53", "TimeCreated": "2024-02-07 10:30:38.259535+00:00", "RecordID": "443", "Level": "4", "UserID": "S-1-5-18"}
{"EventID": "1002", "Channel": "Microsoft-Windows-Resource-Exhaustion-Detector/Operational", "Provider_Name": "Microsoft-Windows-Resource-Exhaustion-Detector", "Computer": "DESKTOP-OFJ6N53", "TimeCreated": "2024-02-07 10:55:50.494390+00:00", "RecordID": "444", "Level": "4", "UserID": "S-1-5-18"}
{"EventID": "1001", "Channel": "Microsoft-Windows-Resource-Exhaustion-Detector/Operational", "Provider_Name": "Microsoft-Windows-Resource-Exhaustion-Detector", "Computer": "DESKTOP-OFJ6N53", "TimeCreated": "2024-02-07 16:40:43.547085+00:00", "RecordID": "445", "Level": "4", "UserID": "S-1-5-18"}
{"EventID": "1002", "Channel": "Microsoft-Windows-Resource-Exhaustion-Detector/Operational", "Provider_Name": "Microsoft-Windows-Resource-Exhaustion-Detector", "Computer": "DESKTOP-OFJ6N53", "TimeCreated": "2024-02-07 17:40:50.716440+00:00", "RecordID": "446", "Level": "4", "UserID": "S-1-5-18"}
{"EventID": "1001", "Channel": "Microsoft-Windows-Resource-Exhaustion-Detector/Operational", "Provider_Name": "Microsoft-Windows-Resource-Exhaustion-Detector", "Computer": "DESKTOP-OFJ6N53", "TimeCreated": "2024-02-09 10:30:56.646605+00:00", "RecordID": "447", "Level": "4", "UserID": "S-1-5-18"}
{"EventID": "1002", "Channel": "Microsoft-Windows-Resource-Exhaustion-Detector/Operational", "Provider_Name": "Microsoft-Windows-Resource-Exhaustion-Detector", "Computer": "DESKTOP-OFJ6N53", "TimeCreated": "2024-02-09 15:25:54.729691+00:00", "RecordID": "448", "Level": "4", "UserID": "S-1-5-18"}
{"EventID": "1001", "Channel": "Microsoft-Windows-Resource-Exhaustion-Detector/Operational", "Provider_Name": "Microsoft-Windows-Resource-Exhaustion-Detector", "Computer": "DESKTOP-OFJ6N53", "TimeCreated": "2024-02-12 15:02:02.646263+00:00", "RecordID": "449", "Level": "4", "UserID": "S-1-5-18"}
{"EventID": "1002", "Channel": "Microsoft-Windows-Resource-Exhaustion-Detector/Operational", "Provider_Name": "Microsoft-Windows-Resource-Exhaustion-Detector", "Computer": "DESKTOP-OFJ6N53", "TimeCreated": "2024-02-12 15:56:01.815359+00:00", "RecordID": "450", "Level": "4", "UserID": "S-1-5-18"}
{"EventID": "1001", "Channel": "Microsoft-Windows-Resource-Exhaustion-Detector/Operational", "Provider_Name": "Microsoft-Windows-Resource-Exhaustion-Detector", "Computer": "DESKTOP-OFJ6N53", "TimeCreated": "2024-02-13 10:52:04.621986+00:00", "RecordID": "451", "Level": "4", "UserID": "S-1-5-18"}
{"EventID": "1002", "Channel": "Microsoft-Windows-Resource-Exhaustion-Detector/Operational", "Provider_Name": "Microsoft-Windows-Resource-Exhaustion-Detector", "Computer": "DESKTOP-OFJ6N53", "TimeCreated": "2024-02-13 15:26:03.587095+00:00", "RecordID": "452", "Level": "4", "UserID": "S-1-5-18"}
{"EventID": "1001", "Channel": "Microsoft-Windows-Resource-Exhaustion-Detector/Operational", "Provider_Name": "Microsoft-Windows-Resource-Exhaustion-Detector", "Computer": "DESKTOP-OFJ6N53", "TimeCreated": "2024-02-13 18:37:06.208998+00:00", "RecordID": "453", "Level": "4", "UserID": "S-1-5-18"}
{"EventID": "1002", "Channel": "Microsoft-Windows-Resource-Exhaustion-Detector/Operational", "Provider_Name": "Microsoft-Windows-Resource-Exhaustion-Detector", "Computer": "DESKTOP-OFJ6N53", "TimeCreated": "2024-02-15 10:26:07.430918+00:00", "RecordID": "454", "Level": "4", "UserID": "S-1-5-18"}
{"EventID": "1002", "Channel": "Microsoft-Windows-Resource-Exhaustion-Detector/Operational", "Provider_Name": "Microsoft-Windows-Resource-Exhaustion-Detector", "Computer": "DESKTOP-OFJ6N53", "TimeCreated": "2024-02-15 15:26:19.491350+00:00", "RecordID": "455", "Level": "4", "UserID": "S-1-5-19"}
{"EventID": "1001", "Channel": "Microsoft-Windows-Resource-Exhaustion-Detector/Operational", "Provider_Name": "Microsoft-Windows-Resource-Exhaustion-Detector", "Computer": "DESKTOP-OFJ6N53", "TimeCreated": "2024-02-15 15:30:04.423109+00:00", "RecordID": "456", "Level": "4", "UserID": "S-1-5-19"}
{"EventID": "1001", "Channel": "Microsoft-Windows-Resource-Exhaustion-Detector/Operational", "Provider_Name": "Microsoft-Windows-Resource-Exhaustion-Detector", "Computer": "DESKTOP-OFJ6N53", "TimeCreated": "2024-02-18 02:42:52.662144+00:00", "RecordID": "457", "Level": "4", "UserID": "S-1-5-18"}
{"EventID": "1002", "Channel": "Microsoft-Windows-Resource-Exhaustion-Detector/Operational", "Provider_Name": "Microsoft-Windows-Resource-Exhaustion-Detector", "Computer": "DESKTOP-OFJ6N53", "TimeCreated": "2024-02-18 03:06:58.931606+00:00", "RecordID": "458", "Level": "4", "UserID": "S-1-5-18"}
{"EventID": "1001", "Channel": "Microsoft-Windows-Resource-Exhaustion-Detector/Operational", "Provider_Name": "Microsoft-Windows-Resource-Exhaustion-Detector", "Computer": "DESKTOP-OFJ6N53", "TimeCreated": "2024-03-12 11:04:59.198885+00:00", "RecordID": "459", "Level": "4", "UserID": "S-1-5-19"}
{"EventID": "1001", "Channel": "Microsoft-Windows-Resource-Exhaustion-Detector/Operational", "Provider_Name": "Microsoft-Windows-Resource-Exhaustion-Detector", "Computer": "DESKTOP-OFJ6N53", "TimeCreated": "2024-03-13 00:10:32.370007+00:00", "RecordID": "460", "Level": "4", "UserID": "S-1-5-18"}
{"EventID": "1002", "Channel": "Microsoft-Windows-Resource-Exhaustion-Detector/Operational", "Provider_Name": "Microsoft-Windows-Resource-Exhaustion-Detector", "Computer": "DESKTOP-OFJ6N53", "TimeCreated": "2024-03-13 00:29:44.683706+00:00", "RecordID": "461", "Level": "4", "UserID": "S-1-5-18"}
{"EventID": "1001", "Channel": "Microsoft-Windows-Resource-Exhaustion-Detector/Operational", "Provider_Name": "Microsoft-Windows-Resource-Exhaustion-Detector", "Computer": "DESKTOP-OFJ6N53", "TimeCreated": "2024-03-13 11:30:35.199858+00:00", "RecordID": "462", "Level": "4", "UserID": "S-1-5-18"}
{"EventID": "1002", "Channel": "Microsoft-Windows-Resource-Exhaustion-Detector/Operational", "Provider_Name": "Microsoft-Windows-Resource-Exhaustion-Detector", "Computer": "DESKTOP-OFJ6N53", "TimeCreated": "2024-03-13 11:59:46.028200+00:00", "RecordID": "463", "Level": "4", "UserID": "S-1-5-18"}
{"EventID": "1001", "Channel": "Microsoft-Windows-Resource-Exhaustion-Detector/Operational", "Provider_Name": "Microsoft-Windows-Resource-Exhaustion-Detector", "Computer": "DESKTOP-OFJ6N53", "TimeCreated": "2024-03-13 12:00:35.675735+00:00", "RecordID": "464", "Level": "4", "UserID": "S-1-5-18"}
{"EventID": "1002", "Channel": "Microsoft-Windows-Resource-Exhaustion-Detector/Operational", "Provider_Name": "Microsoft-Windows-Resource-Exhaustion-Detector", "Computer": "DESKTOP-OFJ6N53", "TimeCreated": "2024-03-13 12:29:46.038912+00:00", "RecordID": "465", "Level": "4", "UserID": "S-1-5-18"}
{"EventID": "1001", "Channel": "Microsoft-Windows-Resource-Exhaustion-Detector/Operational", "Provider_Name": "Microsoft-Windows-Resource-Exhaustion-Detector", "Computer": "DESKTOP-OFJ6N53", "TimeCreated": "2024-03-20 12:03:21.316959+00:00", "RecordID": "466", "Level": "4", "UserID": "S-1-5-18"}
{"EventID": "1002", "Channel": "Microsoft-Windows-Resource-Exhaustion-Detector/Operational", "Provider_Name": "Microsoft-Windows-Resource-Exhaustion-Detector", "Computer": "DESKTOP-OFJ6N53", "TimeCreated": "2024-03-20 12:30:30.717999+00:00", "RecordID": "467", "Level": "4", "UserID": "S-1-5-18"}
{"EventID": "1001", "Channel": "Microsoft-Windows-Resource-Exhaustion-Detector/Operational", "Provider_Name": "Microsoft-Windows-Resource-Exhaustion-Detector", "Computer": "DESKTOP-OFJ6N53", "TimeCreated": "2024-03-27 13:11:22.834595+00:00", "RecordID": "468", "Level": "4", "UserID": "S-1-5-18"}
{"EventID": "1002", "Channel": "Microsoft-Windows-Resource-Exhaustion-Detector/Operational", "Provider_Name": "Microsoft-Windows-Resource-Exhaustion-Detector", "Computer": "DESKTOP-OFJ6N53", "TimeCreated": "2024-03-27 13:30:49.983673+00:00", "RecordID": "469", "Level": "4", "UserID": "S-1-5-18"}
{"EventID": "1002", "Channel": "Microsoft-Windows-Resource-Exhaustion-Detector/Operational", "Provider_Name": "Microsoft-Windows-Resource-Exhaustion-Detector", "Computer": "DESKTOP-OFJ6N53", "TimeCreated": "2024-04-12 02:51:51.107079+00:00", "RecordID": "470", "Level": "4", "UserID": "S-1-5-19"}
{"EventID": "1001", "Channel": "Microsoft-Windows-Resource-Exhaustion-Detector/Operational", "Provider_Name": "Microsoft-Windows-Resource-Exhaustion-Detector", "Computer": "DESKTOP-OFJ6N53", "TimeCreated": "2024-04-12 02:55:10.261263+00:00", "RecordID": "471", "Level": "4", "UserID": "S-1-5-19"}
{"EventID": "1001", "Channel": "Microsoft-Windows-Resource-Exhaustion-Detector/Operational", "Provider_Name": "Microsoft-Windows-Resource-Exhaustion-Detector", "Computer": "DESKTOP-OFJ6N53", "TimeCreated": "2024-04-12 10:58:45.379810+00:00", "RecordID": "472", "Level": "4", "UserID": "S-1-5-18"}
{"EventID": "1002", "Channel": "Microsoft-Windows-Resource-Exhaustion-Detector/Operational", "Provider_Name": "Microsoft-Windows-Resource-Exhaustion-Detector", "Computer": "DESKTOP-OFJ6N53", "TimeCreated": "2024-04-12 11:33:19.788244+00:00", "RecordID": "473", "Level": "4", "UserID": "S-1-5-18"}
{"EventID": "1001", "Channel": "Microsoft-Windows-Resource-Exhaustion-Detector/Operational", "Provider_Name": "Microsoft-Windows-Resource-Exhaustion-Detector", "Computer": "DESKTOP-OFJ6N53", "TimeCreated": "2024-04-14 03:05:01.669401+00:00", "RecordID": "474", "Level": "4", "UserID": "S-1-5-18"}
{"EventID": "1002", "Channel": "Microsoft-Windows-Resource-Exhaustion-Detector/Operational", "Provider_Name": "Microsoft-Windows-Resource-Exhaustion-Detector", "Computer": "DESKTOP-OFJ6N53", "TimeCreated": "2024-04-14 03:33:26.297096+00:00", "RecordID": "475", "Level": "4", "UserID": "S-1-5-18"}
{"EventID": "1001", "Channel": "Microsoft-Windows-Resource-Exhaustion-Detector/Operational", "Provider_Name": "Microsoft-Windows-Resource-Exhaustion-Detector", "Computer": "DESKTOP-OFJ6N53", "TimeCreated": "2024-04-14 22:20:32.676132+00:00", "RecordID": "476", "Level": "4", "UserID": "S-1-5-18"}
{"EventID": "1002", "Channel": "Microsoft-Windows-Resource-Exhaustion-Detector/Operational", "Provider_Name": "Microsoft-Windows-Resource-Exhaustion-Detector", "Computer": "DESKTOP-OFJ6N53", "TimeCreated": "2024-04-14 22:48:39.732933+00:00", "RecordID": "477", "Level": "4", "UserID": "S-1-5-18"}
{"EventID": "1001", "Channel": "Microsoft-Windows-Resource-Exhaustion-Detector/Operational", "Provider_Name": "Microsoft-Windows-Resource-Exhaustion-Detector", "Computer": "DESKTOP-OFJ6N53", "TimeCreated": "2024-04-15 20:36:39.790195+00:00", "RecordID": "478", "Level": "4", "UserID": "S-1-5-18"}
{"EventID": "1002", "Channel": "Microsoft-Windows-Resource-Exhaustion-Detector/Operational", "Provider_Name": "Microsoft-Windows-Resource-Exhaustion-Detector", "Computer": "DESKTOP-OFJ6N53", "TimeCreated": "2024-04-15 21:03:43.572533+00:00", "RecordID": "479", "Level": "4", "UserID": "S-1-5-18"}
{"EventID": "1002", "Channel": "Microsoft-Windows-Resource-Exhaustion-Detector/Operational", "Provider_Name": "Microsoft-Windows-Resource-Exhaustion-Detector", "Computer": "DESKTOP-OFJ6N53", "TimeCreated": "2024-04-23 15:38:51.827702+00:00", "RecordID": "480", "Level": "4", "UserID": "S-1-5-19"}
{"EventID": "1001", "Channel": "Microsoft-Windows-Resource-Exhaustion-Detector/Operational", "Provider_Name": "Microsoft-Windows-Resource-Exhaustion-Detector", "Computer": "DESKTOP-OFJ6N53", "TimeCreated": "2024-04-23 15:44:35.451662+00:00", "RecordID": "481", "Level": "4", "UserID": "S-1-5-19"}
{"EventID": "1001", "Channel": "Microsoft-Windows-Resource-Exhaustion-Detector/Operational", "Provider_Name": "Microsoft-Windows-Resource-Exhaustion-Detector", "Computer": "DESKTOP-OFJ6N53", "TimeCreated": "2024-04-26 10:40:55.067125+00:00", "RecordID": "482", "Level": "4", "UserID": "S-1-5-18"}
{"EventID": "1002", "Channel": "Microsoft-Windows-Resource-Exhaustion-Detector/Operational", "Provider_Name": "Microsoft-Windows-Resource-Exhaustion-Detector", "Computer": "DESKTOP-OFJ6N53", "TimeCreated": "2024-04-26 11:05:02.040422+00:00", "RecordID": "483", "Level": "4", "UserID": "S-1-5-18"}
{"EventID": "1001", "Channel": "Microsoft-Windows-Resource-Exhaustion-Detector/Operational", "Provider_Name": "Microsoft-Windows-Resource-Exhaustion-Detector", "Computer": "DESKTOP-OFJ6N53", "TimeCreated": "2024-04-26 15:10:58.373959+00:00", "RecordID": "484", "Level": "4", "UserID": "S-1-5-18"}
{"EventID": "1002", "Channel": "Microsoft-Windows-Resource-Exhaustion-Detector/Operational", "Provider_Name": "Microsoft-Windows-Resource-Exhaustion-Detector", "Computer": "DESKTOP-OFJ6N53", "TimeCreated": "2024-04-26 15:35:02.295448+00:00", "RecordID": "485", "Level": "4", "UserID": "S-1-5-18"}
{"EventID": "1002", "Channel": "Microsoft-Windows-Resource-Exhaustion-Detector/Operational", "Provider_Name": "Microsoft-Windows-Resource-Exhaustion-Detector", "Computer": "DESKTOP-OFJ6N53", "TimeCreated": "2024-04-29 15:09:30.364126+00:00", "RecordID": "486", "Level": "4", "UserID": "S-1-5-19"}
{"EventID": "1001", "Channel": "Microsoft-Windows-Resource-Exhaustion-Detector/Operational", "Provider_Name": "Microsoft-Windows-Resource-Exhaustion-Detector", "Computer": "DESKTOP-OFJ6N53", "TimeCreated": "2024-04-29 15:10:31.687523+00:00", "RecordID": "487", "Level": "4", "UserID": "S-1-5-19"}
{"EventID": "1001", "Channel": "Microsoft-Windows-Resource-Exhaustion-Detector/Operational", "Provider_Name": "Microsoft-Windows-Resource-Exhaustion-Detector", "Computer": "DESKTOP-OFJ6N53", "TimeCreated": "2024-04-29 15:25:26.242825+00:00", "RecordID": "488", "Level": "4", "UserID": "S-1-5-18"}
{"EventID": "1002", "Channel": "Microsoft-Windows-Resource-Exhaustion-Detector/Operational", "Provider_Name": "Microsoft-Windows-Resource-Exhaustion-Detector", "Computer": "DESKTOP-OFJ6N53", "TimeCreated": "2024-04-29 15:50:24.229279+00:00", "RecordID": "489", "Level": "4", "UserID": "S-1-5-18"}
{"EventID": "1001", "Channel": "Microsoft-Windows-Resource-Exhaustion-Detector/Operational", "Provider_Name": "Microsoft-Windows-Resource-Exhaustion-Detector", "Computer": "DESKTOP-OFJ6N53", "TimeCreated": "2024-05-01 09:21:16.143957+00:00", "RecordID": "490", "Level": "4", "UserID": "S-1-5-18"}
{"EventID": "1002", "Channel": "Microsoft-Windows-Resource-Exhaustion-Detector/Operational", "Provider_Name": "Microsoft-Windows-Resource-Exhaustion-Detector", "Computer": "DESKTOP-OFJ6N53", "TimeCreated": "2024-05-01 09:50:27.470848+00:00", "RecordID": "491", "Level": "4", "UserID": "S-1-5-18"}
{"EventID": "1001", "Channel": "Microsoft-Windows-Resource-Exhaustion-Detector/Operational", "Provider_Name": "Microsoft-Windows-Resource-Exhaustion-Detector", "Computer": "DESKTOP-OFJ6N53", "TimeCreated": "2024-05-04 04:38:04.093075+00:00", "RecordID": "492", "Level": "4", "UserID": "S-1-5-18"}
{"EventID": "1002", "Channel": "Microsoft-Windows-Resource-Exhaustion-Detector/Operational", "Provider_Name": "Microsoft-Windows-Resource-Exhaustion-Detector", "Computer": "DESKTOP-OFJ6N53", "TimeCreated": "2024-05-04 05:05:32.063721+00:00", "RecordID": "493", "Level": "4", "UserID": "S-1-5-18"}
{"EventID": "1001", "Channel": "Microsoft-Windows-Resource-Exhaustion-Detector/Operational", "Provider_Name": "Microsoft-Windows-Resource-Exhaustion-Detector", "Computer": "DESKTOP-OFJ6N53", "TimeCreated": "2024-05-07 11:25:23.761061+00:00", "RecordID": "494", "Level": "4", "UserID": "S-1-5-18"}
{"EventID": "1002", "Channel": "Microsoft-Windows-Resource-Exhaustion-Detector/Operational", "Provider_Name": "Microsoft-Windows-Resource-Exhaustion-Detector", "Computer": "DESKTOP-OFJ6N53", "TimeCreated": "2024-05-07 11:50:34.773294+00:00", "RecordID": "495", "Level": "4", "UserID": "S-1-5-18"}
{"EventID": "1002", "Channel": "Microsoft-Windows-Resource-Exhaustion-Detector/Operational", "Provider_Name": "Microsoft-Windows-Resource-Exhaustion-Detector", "Computer": "DESKTOP-OFJ6N53", "TimeCreated": "2024-05-14 09:10:48.503702+00:00", "RecordID": "496", "Level": "4", "UserID": "S-1-5-19"}
{"EventID": "1001", "Channel": "Microsoft-Windows-Resource-Exhaustion-Detector/Operational", "Provider_Name": "Microsoft-Windows-Resource-Exhaustion-Detector", "Computer": "DESKTOP-OFJ6N53", "TimeCreated": "2024-05-14 09:13:44.802107+00:00", "RecordID": "497", "Level": "4", "UserID": "S-1-5-19"}
{"EventID": "1002", "Channel": "Microsoft-Windows-Resource-Exhaustion-Detector/Operational", "Provider_Name": "Microsoft-Windows-Resource-Exhaustion-Detector", "Computer": "DESKTOP-OFJ6N53", "TimeCreated": "2024-05-15 13:34:16.830616+00:00", "RecordID": "498", "Level": "4", "UserID": "S-1-5-19"}
{"EventID": "1001", "Channel": "Microsoft-Windows-Resource-Exhaustion-Detector/Operational", "Provider_Name": "Microsoft-Windows-Resource-Exhaustion-Detector", "Computer": "DESKTOP-OFJ6N53", "TimeCreated": "2024-05-15 13:46:56.065903+00:00", "RecordID": "499", "Level": "4", "UserID": "S-1-5-19"}
{"EventID": "1001", "Channel": "Microsoft-Windows-Resource-Exhaustion-Detector/Operational", "Provider_Name": "Microsoft-Windows-Resource-Exhaustion-Detector", "Computer": "DESKTOP-OFJ6N53", "TimeCreated": "2024-05-15 13:51:56.829422+00:00", "RecordID": "500", "Level": "4", "UserID": "S-1-5-18"}
{"EventID": "1002", "Channel": "Microsoft-Windows-Resource-Exhaustion-Detector/Operational", "Provider_Name": "Microsoft-Windows-Resource-Exhaustion-Detector", "Computer": "DESKTOP-OFJ6N53", "TimeCreated": "2024-05-15 14:16:55.416121+00:00", "RecordID": "501", "Level": "4", "UserID": "S-1-5-18"}
{"EventID": "1001", "Channel": "Microsoft-Windows-Resource-Exhaustion-Detector/Operational", "Provider_Name": "Microsoft-Windows-Resource-Exhaustion-Detector", "Computer": "DESKTOP-OFJ6N53", "TimeCreated": "2024-05-24 23:51:33.756603+00:00", "RecordID": "502", "Level": "4", "UserID": "S-1-5-18"}
{"EventID": "1002", "Channel": "Microsoft-Windows-Resource-Exhaustion-Detector/Operational", "Provider_Name": "Microsoft-Windows-Resource-Exhaustion-Detector", "Computer": "DESKTOP-OFJ6N53", "TimeCreated": "2024-05-25 00:20:21.178692+00:00", "RecordID": "503", "Level": "4", "UserID": "S-1-5-18"}
{"EventID": "1002", "Channel": "Microsoft-Windows-Resource-Exhaustion-Detector/Operational", "Provider_Name": "Microsoft-Windows-Resource-Exhaustion-Detector", "Computer": "DESKTOP-OFJ6N53", "TimeCreated": "2024-05-31 10:39:42.645203+00:00", "RecordID": "504", "Level": "4", "UserID": "S-1-5-19"}
