{"EventID": "12", "Channel": "Microsoft-Windows-Security-Mitigations/KernelMode", "Provider_Name": "Microsoft-Windows-Security-Mitigations", "Computer": "DESKTOP-OFJ6N53", "TimeCreated": "2025-03-03 09:25:30.330555+00:00", "RecordID": "8453", "Level": "3", "UserID": "S-1-5-21-963789628-1060504924-4285088085-1001", "EventData.ProcessPathLength": "74", "EventData.ProcessPath": "\\Device\\HarddiskVolume3\\Program Files\\Google\\Chrome\\Application\\chrome.exe", "EventData.ProcessCommandLineLength": "512", "EventData.ProcessCommandLine": "\"C:\\Program Files\\Google\\Chrome\\Application\\chrome.exe\" --type=renderer --string-annotations --disable-gpu-compositing --video-capture-use-gpu-memory-buffer --lang=ru --device-scale-factor=1 --num-raster-threads=2 --enable-main-frame-before-activation --renderer-client-id=201 --time-ticks-at-unix-epoch=-1739372056190546 --launch-time-ticks=1621850737073 --field-trial-handle=10080,i,11733408027932219996,16652177763964427796,262144 --variations-seed-version=20250211-180335.527000 --mojo-platform-channel-handl", "EventData.ProcessId": "13016", "EventData.ProcessCreateTime": "2025-03-03 09:25:30.214092+00:00", "EventData.ProcessStartKey": "43628621390173763", "EventData.ProcessSignatureLevel": "8", "EventData.ProcessSectionSignatureLevel": "8", "EventData.ProcessProtection": "0", "EventData.TargetThreadId": "12872", "EventData.TargetThreadCreateTime": "2025-03-03 09:25:30.214096+00:00", "EventData.RequiredSignatureLevel": "8", "EventData.SignatureLevel": "0", "EventData.ImageNameLength": "60", "EventData.ImageName": "\\Program Files\\Common Files\\Crypto Pro\\AppCompat\\cpcrypt.dll"}
{"EventID": "12", "Channel": "Microsoft-Windows-Security-Mitigations/KernelMode", "Provider_Name": "Microsoft-Windows-Security-Mitigations", "Computer": "DESKTOP-OFJ6N53", "TimeCreated": "2025-03-03 09:25:30.710630+00:00", "RecordID": "8454", "Level": "3", "UserID": "S-1-5-21-963789628-1060504924-4285088085-1001", "EventData.ProcessPathLength": "74", "EventData.ProcessPath": "\\Device\\HarddiskVolume3\\Program Files\\Google\\Chrome\\Application\\chrome.exe", "EventData.ProcessCommandLineLength": "512", "EventData.ProcessCommandLine": "\"C:\\Program Files\\Google\\Chrome\\Application\\chrome.exe\" --type=renderer --string-annotations --disable-gpu-compositing --video-capture-use-gpu-memory-buffer --lang=ru --device-scale-factor=1 --num-raster-threads=2 --enable-main-frame-before-activation --renderer-client-id=202 --time-ticks-at-unix-epoch=-1739372056190546 --launch-time-ticks=1621851060105 --field-trial-handle=9672,i,11733408027932219996,16652177763964427796,262144 --variations-seed-version=20250211-180335.527000 --mojo-platform-channel-handle", "EventData.ProcessId": "13648", "EventData.ProcessCreateTime": "2025-03-03 09:25:30.537609+00:00", "EventData.ProcessStartKey": "43628621390173764", "EventData.ProcessSignatureLevel": "8", "EventData.ProcessSectionSignatureLevel": "8", "EventData.ProcessProtection": "0", "EventData.TargetThreadId": "10052", "EventData.TargetThreadCreateTime": "2025-03-03 09:25:30.537664+00:00", "EventData.RequiredSignatureLevel": "8", "EventData.SignatureLevel": "0", "EventData.ImageNameLength": "60", "EventData.ImageName": "\\Program Files\\Common Files\\Crypto Pro\\AppCompat\\cpcrypt.dll"}
{"EventID": "12", "Channel": "Microsoft-Windows-Security-Mitigations/KernelMode", "Provider_Name": "Microsoft-Windows-Security-Mitigations", "Computer": "DESKTOP-OFJ6N53", "TimeCreated": "2025-03-03 09:25:31.041704+00:00", "RecordID": "8455", "Level": "3", "UserID": "S-1-5-21-963789628-1060504924-4285088085-1001", "EventData.ProcessPathLength": "74", "EventData.ProcessPath": "\\Device\\HarddiskVolume3\\Program Files\\Google\\Chrome\\Application\\chrome.exe", "EventData.ProcessCommandLineLength": "512", "EventData.ProcessCommandLine": "\"C:\\Program Files\\Google\\Chrome\\Application\\chrome.exe\" --type=renderer --string-annotations --disable-gpu-compositing --video-capture-use-gpu-memory-buffer --lang=ru --device-scale-factor=1 --num-raster-threads=2 --enable-main-frame-before-activation --renderer-client-id=203 --time-ticks-at-unix-epoch=-1739372056190546 --launch-time-ticks=1621851441272 --field-trial-handle=9520,i,11733408027932219996,16652177763964427796,262144 --variations-seed-version=20250211-180335.527000 --mojo-platform-channel-handle", "EventData.ProcessId": "8084", "EventData.ProcessCreateTime": "2025-03-03 09:25:30.918930+00:00", "EventData.ProcessStartKey": "43628621390173765", "EventData.ProcessSignatureLevel": "8", "EventData.ProcessSectionSignatureLevel": "8", "EventData.ProcessProtection": "0", "EventData.TargetThreadId": "2772", "EventData.TargetThreadCreateTime": "2025-03-03 09:25:30.918934+00:00", "EventData.RequiredSignatureLevel": "8", "EventData.SignatureLevel": "0", "EventData.ImageNameLength": "60", "EventData.ImageName": "\\Program Files\\Common Files\\Crypto Pro\\AppCompat\\cpcrypt.dll"}
{"EventID": "12", "Channel": "Microsoft-Windows-Security-Mitigations/KernelMode", "Provider_Name": "Microsoft-Windows-Security-Mitigations", "Computer": "DESKTOP-OFJ6N53", "TimeCreated": "2025-03-03 09:25:31.127151+00:00", "RecordID": "8456", "Level": "3", "UserID": "S-1-5-21-963789628-1060504924-4285088085-1001", "EventData.ProcessPathLength": "74", "EventData.ProcessPath": "\\Device\\HarddiskVolume3\\Program Files\\Google\\Chrome\\Application\\chrome.exe", "EventData.ProcessCommandLineLength": "512", "EventData.ProcessCommandLine": "\"C:\\Program Files\\Google\\Chrome\\Application\\chrome.exe\" --type=renderer --string-annotations --disable-gpu-compositing --video-capture-use-gpu-memory-buffer --lang=ru --device-scale-factor=1 --num-raster-threads=2 --enable-main-frame-before-activation --renderer-client-id=204 --time-ticks-at-unix-epoch=-1739372056190546 --launch-time-ticks=1621851530232 --field-trial-handle=9516,i,11733408027932219996,16652177763964427796,262144 --variations-seed-version=20250211-180335.527000 --mojo-platform-channel-handle", "EventData.ProcessId": "13528", "EventData.ProcessCreateTime": "2025-03-03 09:25:31.007612+00:00", "EventData.ProcessStartKey": "43628621390173766", "EventData.ProcessSignatureLevel": "8", "EventData.ProcessSectionSignatureLevel": "8", "EventData.ProcessProtection": "0", "EventData.TargetThreadId": "5172", "EventData.TargetThreadCreateTime": "2025-03-03 09:25:31.007616+00:00", "EventData.RequiredSignatureLevel": "8", "EventData.SignatureLevel": "0", "EventData.ImageNameLength": "60", "EventData.ImageName": "\\Program Files\\Common Files\\Crypto Pro\\AppCompat\\cpcrypt.dll"}
{"EventID": "12", "Channel": "Microsoft-Windows-Security-Mitigations/KernelMode", "Provider_Name": "Microsoft-Windows-Security-Mitigations", "Computer": "DESKTOP-OFJ6N53", "TimeCreated": "2025-03-03 09:25:36.177671+00:00", "RecordID": "8457", "Level": "3", "UserID": "S-1-5-21-963789628-1060504924-4285088085-1001", "EventData.ProcessPathLength": "74", "EventData.ProcessPath": "\\Device\\HarddiskVolume3\\Program Files\\Google\\Chrome\\Application\\chrome.exe", "EventData.ProcessCommandLineLength": "512", "EventData.ProcessCommandLine": "\"C:\\Program Files\\Google\\Chrome\\Application\\chrome.exe\" --type=renderer --string-annotations --disable-gpu-compositing --video-capture-use-gpu-memory-buffer --lang=ru --device-scale-factor=1 --num-raster-threads=2 --enable-main-frame-before-activation --renderer-client-id=205 --time-ticks-at-unix-epoch=-1739372056190546 --launch-time-ticks=1621856221397 --field-trial-handle=9528,i,11733408027932219996,16652177763964427796,262144 --variations-seed-version=20250211-180335.527000 --mojo-platform-channel-handle", "EventData.ProcessId": "14228", "EventData.ProcessCreateTime": "2025-03-03 09:25:35.698524+00:00", "EventData.ProcessStartKey": "43628621390173767", "EventData.ProcessSignatureLevel": "8", "EventData.ProcessSectionSignatureLevel": "8", "EventData.ProcessProtection": "0", "EventData.TargetThreadId": "3516", "EventData.TargetThreadCreateTime": "2025-03-03 09:25:35.698526+00:00", "EventData.RequiredSignatureLevel": "8", "EventData.SignatureLevel": "0", "EventData.ImageNameLength": "60", "EventData.ImageName": "\\Program Files\\Common Files\\Crypto Pro\\AppCompat\\cpcrypt.dll"}
{"EventID": "12", "Channel": "Microsoft-Windows-Security-Mitigations/KernelMode", "Provider_Name": "Microsoft-Windows-Security-Mitigations", "Computer": "DESKTOP-OFJ6N53", "TimeCreated": "2025-03-03 09:26:44.131006+00:00", "RecordID": "8458", "Level": "3", "UserID": "S-1-5-21-963789628-1060504924-4285088085-1001", "EventData.ProcessPathLength": "74", "EventData.ProcessPath": "\\Device\\HarddiskVolume3\\Program Files\\Google\\Chrome\\Application\\chrome.exe", "EventData.ProcessCommandLineLength": "512", "EventData.ProcessCommandLine": "\"C:\\Program Files\\Google\\Chrome\\Application\\chrome.exe\" --type=renderer --string-annotations --disable-gpu-compositing --video-capture-use-gpu-memory-buffer --lang=ru --device-scale-factor=1 --num-raster-threads=2 --enable-main-frame-before-activation --renderer-client-id=206 --time-ticks-at-unix-epoch=-1739372056190546 --launch-time-ticks=1621924547918 --field-trial-handle=8916,i,11733408027932219996,16652177763964427796,262144 --variations-seed-version=20250211-180335.527000 --mojo-platform-channel-handle", "EventData.ProcessId": "4768", "EventData.ProcessCreateTime": "2025-03-03 09:26:44.025051+00:00", "EventData.ProcessStartKey": "43628621390173769", "EventData.ProcessSignatureLevel": "8", "EventData.ProcessSectionSignatureLevel": "8", "EventData.ProcessProtection": "0", "EventData.TargetThreadId": "1000", "EventData.TargetThreadCreateTime": "2025-03-03 09:26:44.025053+00:00", "EventData.RequiredSignatureLevel": "8", "EventData.SignatureLevel": "0", "EventData.ImageNameLength": "60", "EventData.ImageName": "\\Program Files\\Common Files\\Crypto Pro\\AppCompat\\cpcrypt.dll"}
{"EventID": "12", "Channel": "Microsoft-Windows-Security-Mitigations/KernelMode", "Provider_Name": "Microsoft-Windows-Security-Mitigations", "Computer": "DESKTOP-OFJ6N53", "TimeCreated": "2025-03-03 09:26:45.191383+00:00", "RecordID": "8459", "Level": "3", "UserID": "S-1-5-21-963789628-1060504924-4285088085-1001", "EventData.ProcessPathLength": "74", "EventData.ProcessPath": "\\Device\\HarddiskVolume3\\Program Files\\Google\\Chrome\\Application\\chrome.exe", "EventData.ProcessCommandLineLength": "512", "EventData.ProcessCommandLine": "\"C:\\Program Files\\Google\\Chrome\\Application\\chrome.exe\" --type=renderer --string-annotations --disable-gpu-compositing --video-capture-use-gpu-memory-buffer --lang=ru --device-scale-factor=1 --num-raster-threads=2 --enable-main-frame-before-activation --renderer-client-id=207 --time-ticks-at-unix-epoch=-1739372056190546 --launch-time-ticks=1621925591698 --field-trial-handle=9868,i,11733408027932219996,16652177763964427796,262144 --variations-seed-version=20250211-180335.527000 --mojo-platform-channel-handle", "EventData.ProcessId": "10580", "EventData.ProcessCreateTime": "2025-03-03 09:26:45.068703+00:00", "EventData.ProcessStartKey": "43628621390173770", "EventData.ProcessSignatureLevel": "8", "EventData.ProcessSectionSignatureLevel": "8", "EventData.ProcessProtection": "0", "EventData.TargetThreadId": "12372", "EventData.TargetThreadCreateTime": "2025-03-03 09:26:45.068705+00:00", "EventData.RequiredSignatureLevel": "8", "EventData.SignatureLevel": "0", "EventData.ImageNameLength": "60", "EventData.ImageName": "\\Program Files\\Common Files\\Crypto Pro\\AppCompat\\cpcrypt.dll"}
{"EventID": "12", "Channel": "Microsoft-Windows-Security-Mitigations/KernelMode", "Provider_Name": "Microsoft-Windows-Security-Mitigations", "Computer": "DESKTOP-OFJ6N53", "TimeCreated": "2025-03-03 09:28:00.235247+00:00", "RecordID": "8460", "Level": "3", "UserID": "S-1-5-21-963789628-1060504924-4285088085-1001", "EventData.ProcessPathLength": "74", "EventData.ProcessPath": "\\Device\\HarddiskVolume3\\Program Files\\Google\\Chrome\\Application\\chrome.exe", "EventData.ProcessCommandLineLength": "512", "EventData.ProcessCommandLine": "\"C:\\Program Files\\Google\\Chrome\\Application\\chrome.exe\" --type=renderer --string-annotations --disable-gpu-compositing --video-capture-use-gpu-memory-buffer --lang=ru --device-scale-factor=1 --num-raster-threads=2 --enable-main-frame-before-activation --renderer-client-id=208 --time-ticks-at-unix-epoch=-1739372056190546 --launch-time-ticks=1622000624544 --field-trial-handle=7728,i,11733408027932219996,16652177763964427796,262144 --variations-seed-version=20250211-180335.527000 --mojo-platform-channel-handle", "EventData.ProcessId": "6216", "EventData.ProcessCreateTime": "2025-03-03 09:28:00.101545+00:00", "EventData.ProcessStartKey": "43628621390173771", "EventData.ProcessSignatureLevel": "8", "EventData.ProcessSectionSignatureLevel": "8", "EventData.ProcessProtection": "0", "EventData.TargetThreadId": "12076", "EventData.TargetThreadCreateTime": "2025-03-03 09:28:00.101547+00:00", "EventData.RequiredSignatureLevel": "8", "EventData.SignatureLevel": "0", "EventData.ImageNameLength": "60", "EventData.ImageName": "\\Program Files\\Common Files\\Crypto Pro\\AppCompat\\cpcrypt.dll"}
{"EventID": "12", "Channel": "Microsoft-Windows-Security-Mitigations/KernelMode", "Provider_Name": "Microsoft-Windows-Security-Mitigations", "Computer": "DESKTOP-OFJ6N53", "TimeCreated": "2025-03-03 09:28:06.865614+00:00", "RecordID": "8461", "Level": "3", "UserID": "S-1-5-21-963789628-1060504924-4285088085-1001", "EventData.ProcessPathLength": "74", "EventData.ProcessPath": "\\Device\\HarddiskVolume3\\Program Files\\Google\\Chrome\\Application\\chrome.exe", "EventData.ProcessCommandLineLength": "512", "EventData.ProcessCommandLine": "\"C:\\Program Files\\Google\\Chrome\\Application\\chrome.exe\" --type=renderer --string-annotations --disable-gpu-compositing --video-capture-use-gpu-memory-buffer --lang=ru --device-scale-factor=1 --num-raster-threads=2 --enable-main-frame-before-activation --renderer-client-id=209 --time-ticks-at-unix-epoch=-1739372056190546 --launch-time-ticks=1622007290959 --field-trial-handle=9664,i,11733408027932219996,16652177763964427796,262144 --variations-seed-version=20250211-180335.527000 --mojo-platform-channel-handle", "EventData.ProcessId": "10636", "EventData.ProcessCreateTime": "2025-03-03 09:28:06.768492+00:00", "EventData.ProcessStartKey": "43628621390173772", "EventData.ProcessSignatureLevel": "8", "EventData.ProcessSectionSignatureLevel": "8", "EventData.ProcessProtection": "0", "EventData.TargetThreadId": "1284", "EventData.TargetThreadCreateTime": "2025-03-03 09:28:06.768496+00:00", "EventData.RequiredSignatureLevel": "8", "EventData.SignatureLevel": "0", "EventData.ImageNameLength": "60", "EventData.ImageName": "\\Program Files\\Common Files\\Crypto Pro\\AppCompat\\cpcrypt.dll"}
{"EventID": "12", "Channel": "Microsoft-Windows-Security-Mitigations/KernelMode", "Provider_Name": "Microsoft-Windows-Security-Mitigations", "Computer": "DESKTOP-OFJ6N53", "TimeCreated": "2025-03-03 09:28:22.147915+00:00", "RecordID": "8462", "Level": "3", "UserID": "S-1-5-21-963789628-1060504924-4285088085-1001", "EventData.ProcessPathLength": "74", "EventData.ProcessPath": "\\Device\\HarddiskVolume3\\Program Files\\Google\\Chrome\\Application\\chrome.exe", "EventData.ProcessCommandLineLength": "512", "EventData.ProcessCommandLine": "\"C:\\Program Files\\Google\\Chrome\\Application\\chrome.exe\" --type=renderer --string-annotations --disable-gpu-compositing --video-capture-use-gpu-memory-buffer --lang=ru --device-scale-factor=1 --num-raster-threads=2 --enable-main-frame-before-activation --renderer-client-id=210 --time-ticks-at-unix-epoch=-1739372056190546 --launch-time-ticks=1622022589385 --field-trial-handle=9916,i,11733408027932219996,16652177763964427796,262144 --variations-seed-version=20250211-180335.527000 --mojo-platform-channel-handle", "EventData.ProcessId": "13456", "EventData.ProcessCreateTime": "2025-03-03 09:28:22.066450+00:00", "EventData.ProcessStartKey": "43628621390173773", "EventData.ProcessSignatureLevel": "8", "EventData.ProcessSectionSignatureLevel": "8", "EventData.ProcessProtection": "0", "EventData.TargetThreadId": "12644", "EventData.TargetThreadCreateTime": "2025-03-03 09:28:22.066454+00:00", "EventData.RequiredSignatureLevel": "8", "EventData.SignatureLevel": "0", "EventData.ImageNameLength": "60", "EventData.ImageName": "\\Program Files\\Common Files\\Crypto Pro\\AppCompat\\cpcrypt.dll"}
{"EventID": "12", "Channel": "Microsoft-Windows-Security-Mitigations/KernelMode", "Provider_Name": "Microsoft-Windows-Security-Mitigations", "Computer": "DESKTOP-OFJ6N53", "TimeCreated": "2025-03-03 09:28:27.563375+00:00", "RecordID": "8463", "Level": "3", "UserID": "S-1-5-21-963789628-1060504924-4285088085-1001", "EventData.ProcessPathLength": "74", "EventData.ProcessPath": "\\Device\\HarddiskVolume3\\Program Files\\Google\\Chrome\\Application\\chrome.exe", "EventData.ProcessCommandLineLength": "512", "EventData.ProcessCommandLine": "\"C:\\Program Files\\Google\\Chrome\\Application\\chrome.exe\" --type=renderer --string-annotations --disable-gpu-compositing --video-capture-use-gpu-memory-buffer --lang=ru --device-scale-factor=1 --num-raster-threads=2 --enable-main-frame-before-activation --renderer-client-id=211 --time-ticks-at-unix-epoch=-1739372056190546 --launch-time-ticks=1622028000776 --field-trial-handle=7520,i,11733408027932219996,16652177763964427796,262144 --variations-seed-version=20250211-180335.527000 --mojo-platform-channel-handle", "EventData.ProcessId": "7080", "EventData.ProcessCreateTime": "2025-03-03 09:28:27.479124+00:00", "EventData.ProcessStartKey": "43628621390173774", "EventData.ProcessSignatureLevel": "8", "EventData.ProcessSectionSignatureLevel": "8", "EventData.ProcessProtection": "0", "EventData.TargetThreadId": "12768", "EventData.TargetThreadCreateTime": "2025-03-03 09:28:27.479128+00:00", "EventData.RequiredSignatureLevel": "8", "EventData.SignatureLevel": "0", "EventData.ImageNameLength": "60", "EventData.ImageName": "\\Program Files\\Common Files\\Crypto Pro\\AppCompat\\cpcrypt.dll"}
{"EventID": "12", "Channel": "Microsoft-Windows-Security-Mitigations/KernelMode", "Provider_Name": "Microsoft-Windows-Security-Mitigations", "Computer": "DESKTOP-OFJ6N53", "TimeCreated": "2025-03-03 09:29:01.973103+00:00", "RecordID": "8464", "Level": "3", "UserID": "S-1-5-21-963789628-1060504924-4285088085-1001", "EventData.ProcessPathLength": "74", "EventData.ProcessPath": "\\Device\\HarddiskVolume3\\Program Files\\Google\\Chrome\\Application\\chrome.exe", "EventData.ProcessCommandLineLength": "512", "EventData.ProcessCommandLine": "\"C:\\Program Files\\Google\\Chrome\\Application\\chrome.exe\" --type=renderer --string-annotations --disable-gpu-compositing --video-capture-use-gpu-memory-buffer --lang=ru --device-scale-factor=1 --num-raster-threads=2 --enable-main-frame-before-activation --renderer-client-id=212 --time-ticks-at-unix-epoch=-1739372056190546 --launch-time-ticks=1622062409569 --field-trial-handle=9308,i,11733408027932219996,16652177763964427796,262144 --variations-seed-version=20250211-180335.527000 --mojo-platform-channel-handle", "EventData.ProcessId": "11600", "EventData.ProcessCreateTime": "2025-03-03 09:29:01.886961+00:00", "EventData.ProcessStartKey": "43628621390173775", "EventData.ProcessSignatureLevel": "8", "EventData.ProcessSectionSignatureLevel": "8", "EventData.ProcessProtection": "0", "EventData.TargetThreadId": "3440", "EventData.TargetThreadCreateTime": "2025-03-03 09:29:01.886965+00:00", "EventData.RequiredSignatureLevel": "8", "EventData.SignatureLevel": "0", "EventData.ImageNameLength": "60", "EventData.ImageName": "\\Program Files\\Common Files\\Crypto Pro\\AppCompat\\cpcrypt.dll"}
{"EventID": "12", "Channel": "Microsoft-Windows-Security-Mitigations/KernelMode", "Provider_Name": "Microsoft-Windows-Security-Mitigations", "Computer": "DESKTOP-OFJ6N53", "TimeCreated": "2025-03-03 09:29:11.404030+00:00", "RecordID": "8465", "Level": "3", "UserID": "S-1-5-21-963789628-1060504924-4285088085-1001", "EventData.ProcessPathLength": "74", "EventData.ProcessPath": "\\Device\\HarddiskVolume3\\Program Files\\Google\\Chrome\\Application\\chrome.exe", "EventData.ProcessCommandLineLength": "512", "EventData.ProcessCommandLine": "\"C:\\Program Files\\Google\\Chrome\\Application\\chrome.exe\" --type=renderer --string-annotations --disable-gpu-compositing --video-capture-use-gpu-memory-buffer --lang=ru --device-scale-factor=1 --num-raster-threads=2 --enable-main-frame-before-activation --renderer-client-id=213 --time-ticks-at-unix-epoch=-1739372056190546 --launch-time-ticks=1622071855909 --field-trial-handle=9512,i,11733408027932219996,16652177763964427796,262144 --variations-seed-version=20250211-180335.527000 --mojo-platform-channel-handle", "EventData.ProcessId": "3244", "EventData.ProcessCreateTime": "2025-03-03 09:29:11.333094+00:00", "EventData.ProcessStartKey": "43628621390173776", "EventData.ProcessSignatureLevel": "8", "EventData.ProcessSectionSignatureLevel": "8", "EventData.ProcessProtection": "0", "EventData.TargetThreadId": "7948", "EventData.TargetThreadCreateTime": "2025-03-03 09:29:11.333097+00:00", "EventData.RequiredSignatureLevel": "8", "EventData.SignatureLevel": "0", "EventData.ImageNameLength": "60", "EventData.ImageName": "\\Program Files\\Common Files\\Crypto Pro\\AppCompat\\cpcrypt.dll"}
{"EventID": "12", "Channel": "Microsoft-Windows-Security-Mitigations/KernelMode", "Provider_Name": "Microsoft-Windows-Security-Mitigations", "Computer": "DESKTOP-OFJ6N53", "TimeCreated": "2025-03-03 09:29:31.839525+00:00", "RecordID": "8466", "Level": "3", "UserID": "S-1-5-21-963789628-1060504924-4285088085-1001", "EventData.ProcessPathLength": "74", "EventData.ProcessPath": "\\Device\\HarddiskVolume3\\Program Files\\Google\\Chrome\\Application\\chrome.exe", "EventData.ProcessCommandLineLength": "512", "EventData.ProcessCommandLine": "\"C:\\Program Files\\Google\\Chrome\\Application\\chrome.exe\" --type=renderer --string-annotations --disable-gpu-compositing --video-capture-use-gpu-memory-buffer --lang=ru --device-scale-factor=1 --num-raster-threads=2 --enable-main-frame-before-activation --renderer-client-id=215 --time-ticks-at-unix-epoch=-1739372056190546 --launch-time-ticks=1622092176145 --field-trial-handle=9612,i,11733408027932219996,16652177763964427796,262144 --variations-seed-version=20250211-180335.527000 --mojo-platform-channel-handle", "EventData.ProcessId": "6256", "EventData.ProcessCreateTime": "2025-03-03 09:29:31.653399+00:00", "EventData.ProcessStartKey": "43628621390173781", "EventData.ProcessSignatureLevel": "8", "EventData.ProcessSectionSignatureLevel": "8", "EventData.ProcessProtection": "0", "EventData.TargetThreadId": "11168", "EventData.TargetThreadCreateTime": "2025-03-03 09:29:31.653399+00:00", "EventData.RequiredSignatureLevel": "8", "EventData.SignatureLevel": "0", "EventData.ImageNameLength": "60", "EventData.ImageName": "\\Program Files\\Common Files\\Crypto Pro\\AppCompat\\cpcrypt.dll"}
{"EventID": "12", "Channel": "Microsoft-Windows-Security-Mitigations/KernelMode", "Provider_Name": "Microsoft-Windows-Security-Mitigations", "Computer": "DESKTOP-OFJ6N53", "TimeCreated": "2025-03-03 09:29:35.168840+00:00", "RecordID": "8467", "Level": "3", "UserID": "S-1-5-21-963789628-1060504924-4285088085-1001", "EventData.ProcessPathLength": "74", "EventData.ProcessPath": "\\Device\\HarddiskVolume3\\Program Files\\Google\\Chrome\\Application\\chrome.exe", "EventData.ProcessCommandLineLength": "512", "EventData.ProcessCommandLine": "\"C:\\Program Files\\Google\\Chrome\\Application\\chrome.exe\" --type=renderer --string-annotations --disable-gpu-compositing --video-capture-use-gpu-memory-buffer --lang=ru --device-scale-factor=1 --num-raster-threads=2 --enable-main-frame-before-activation --renderer-client-id=216 --time-ticks-at-unix-epoch=-1739372056190546 --launch-time-ticks=1622095612313 --field-trial-handle=9556,i,11733408027932219996,16652177763964427796,262144 --variations-seed-version=20250211-180335.527000 --mojo-platform-channel-handle", "EventData.ProcessId": "3256", "EventData.ProcessCreateTime": "2025-03-03 09:29:35.089336+00:00", "EventData.ProcessStartKey": "43628621390173782", "EventData.ProcessSignatureLevel": "8", "EventData.ProcessSectionSignatureLevel": "8", "EventData.ProcessProtection": "0", "EventData.TargetThreadId": "4308", "EventData.TargetThreadCreateTime": "2025-03-03 09:29:35.089340+00:00", "EventData.RequiredSignatureLevel": "8", "EventData.SignatureLevel": "0", "EventData.ImageNameLength": "60", "EventData.ImageName": "\\Program Files\\Common Files\\Crypto Pro\\AppCompat\\cpcrypt.dll"}
{"EventID": "12", "Channel": "Microsoft-Windows-Security-Mitigations/KernelMode", "Provider_Name": "Microsoft-Windows-Security-Mitigations", "Computer": "DESKTOP-OFJ6N53", "TimeCreated": "2025-03-03 09:30:37.517567+00:00", "RecordID": "8468", "Level": "3", "UserID": "S-1-5-21-963789628-1060504924-4285088085-1001", "EventData.ProcessPathLength": "74", "EventData.ProcessPath": "\\Device\\HarddiskVolume3\\Program Files\\Google\\Chrome\\Application\\chrome.exe", "EventData.ProcessCommandLineLength": "512", "EventData.ProcessCommandLine": "\"C:\\Program Files\\Google\\Chrome\\Application\\chrome.exe\" --type=renderer --string-annotations --disable-gpu-compositing --video-capture-use-gpu-memory-buffer --lang=ru --device-scale-factor=1 --num-raster-threads=2 --enable-main-frame-before-activation --renderer-client-id=217 --time-ticks-at-unix-epoch=-1739372056190546 --launch-time-ticks=1622157949294 --field-trial-handle=10128,i,11733408027932219996,16652177763964427796,262144 --variations-seed-version=20250211-180335.527000 --mojo-platform-channel-handl", "EventData.ProcessId": "4844", "EventData.ProcessCreateTime": "2025-03-03 09:30:37.426643+00:00", "EventData.ProcessStartKey": "43628621390173784", "EventData.ProcessSignatureLevel": "8", "EventData.ProcessSectionSignatureLevel": "8", "EventData.ProcessProtection": "0", "EventData.TargetThreadId": "10344", "EventData.TargetThreadCreateTime": "2025-03-03 09:30:37.426647+00:00", "EventData.RequiredSignatureLevel": "8", "EventData.SignatureLevel": "0", "EventData.ImageNameLength": "60", "EventData.ImageName": "\\Program Files\\Common Files\\Crypto Pro\\AppCompat\\cpcrypt.dll"}
{"EventID": "12", "Channel": "Microsoft-Windows-Security-Mitigations/KernelMode", "Provider_Name": "Microsoft-Windows-Security-Mitigations", "Computer": "DESKTOP-OFJ6N53", "TimeCreated": "2025-03-03 09:39:29.531015+00:00", "RecordID": "8469", "Level": "3", "UserID": "S-1-5-21-963789628-1060504924-4285088085-1001", "EventData.ProcessPathLength": "74", "EventData.ProcessPath": "\\Device\\HarddiskVolume3\\Program Files\\Google\\Chrome\\Application\\chrome.exe", "EventData.ProcessCommandLineLength": "512", "EventData.ProcessCommandLine": "\"C:\\Program Files\\Google\\Chrome\\Application\\chrome.exe\" --type=renderer --string-annotations --disable-gpu-compositing --video-capture-use-gpu-memory-buffer --lang=ru --device-scale-factor=1 --num-raster-threads=2 --enable-main-frame-before-activation --renderer-client-id=218 --time-ticks-at-unix-epoch=-1739372056190546 --launch-time-ticks=1622689933729 --field-trial-handle=8904,i,11733408027932219996,16652177763964427796,262144 --variations-seed-version=20250211-180335.527000 --mojo-platform-channel-handle", "EventData.ProcessId": "13736", "EventData.ProcessCreateTime": "2025-03-03 09:39:29.411116+00:00", "EventData.ProcessStartKey": "43628621390173788", "EventData.ProcessSignatureLevel": "8", "EventData.ProcessSectionSignatureLevel": "8", "EventData.ProcessProtection": "0", "EventData.TargetThreadId": "3564", "EventData.TargetThreadCreateTime": "2025-03-03 09:39:29.411119+00:00", "EventData.RequiredSignatureLevel": "8", "EventData.SignatureLevel": "0", "EventData.ImageNameLength": "60", "EventData.ImageName": "\\Program Files\\Common Files\\Crypto Pro\\AppCompat\\cpcrypt.dll"}
{"EventID": "12", "Channel": "Microsoft-Windows-Security-Mitigations/KernelMode", "Provider_Name": "Microsoft-Windows-Security-Mitigations", "Computer": "DESKTOP-OFJ6N53", "TimeCreated": "2025-03-03 09:42:29.445673+00:00", "RecordID": "8470", "Level": "3", "UserID": "S-1-5-21-963789628-1060504924-4285088085-1001", "EventData.ProcessPathLength": "74", "EventData.ProcessPath": "\\Device\\HarddiskVolume3\\Program Files\\Google\\Chrome\\Application\\chrome.exe", "EventData.ProcessCommandLineLength": "512", "EventData.ProcessCommandLine": "\"C:\\Program Files\\Google\\Chrome\\Application\\chrome.exe\" --type=renderer --string-annotations --disable-gpu-compositing --video-capture-use-gpu-memory-buffer --lang=ru --device-scale-factor=1 --num-raster-threads=2 --enable-main-frame-before-activation --renderer-client-id=219 --time-ticks-at-unix-epoch=-1739372056190546 --launch-time-ticks=1622869741643 --field-trial-handle=9676,i,11733408027932219996,16652177763964427796,262144 --variations-seed-version=20250211-180335.527000 --mojo-platform-channel-handle", "EventData.ProcessId": "13804", "EventData.ProcessCreateTime": "2025-03-03 09:42:29.218956+00:00", "EventData.ProcessStartKey": "43628621390173789", "EventData.ProcessSignatureLevel": "8", "EventData.ProcessSectionSignatureLevel": "8", "EventData.ProcessProtection": "0", "EventData.TargetThreadId": "9376", "EventData.TargetThreadCreateTime": "2025-03-03 09:42:29.218960+00:00", "EventData.RequiredSignatureLevel": "8", "EventData.SignatureLevel": "0", "EventData.ImageNameLength": "60", "EventData.ImageName": "\\Program Files\\Common Files\\Crypto Pro\\AppCompat\\cpcrypt.dll"}
{"EventID": "12", "Channel": "Microsoft-Windows-Security-Mitigations/KernelMode", "Provider_Name": "Microsoft-Windows-Security-Mitigations", "Computer": "DESKTOP-OFJ6N53", "TimeCreated": "2025-03-03 09:42:29.675711+00:00", "RecordID": "8471", "Level": "3", "UserID": "S-1-5-21-963789628-1060504924-4285088085-1001", "EventData.ProcessPathLength": "74", "EventData.ProcessPath": "\\Device\\HarddiskVolume3\\Program Files\\Google\\Chrome\\Application\\chrome.exe", "EventData.ProcessCommandLineLength": "512", "EventData.ProcessCommandLine": "\"C:\\Program Files\\Google\\Chrome\\Application\\chrome.exe\" --type=renderer --string-annotations --disable-gpu-compositing --video-capture-use-gpu-memory-buffer --lang=ru --device-scale-factor=1 --num-raster-threads=2 --enable-main-frame-before-activation --renderer-client-id=220 --time-ticks-at-unix-epoch=-1739372056190546 --launch-time-ticks=1622870080254 --field-trial-handle=7236,i,11733408027932219996,16652177763964427796,262144 --variations-seed-version=20250211-180335.527000 --mojo-platform-channel-handle", "EventData.ProcessId": "8784", "EventData.ProcessCreateTime": "2025-03-03 09:42:29.558157+00:00", "EventData.ProcessStartKey": "43628621390173790", "EventData.ProcessSignatureLevel": "8", "EventData.ProcessSectionSignatureLevel": "8", "EventData.ProcessProtection": "0", "EventData.TargetThreadId": "6216", "EventData.TargetThreadCreateTime": "2025-03-03 09:42:29.558157+00:00", "EventData.RequiredSignatureLevel": "8", "EventData.SignatureLevel": "0", "EventData.ImageNameLength": "60", "EventData.ImageName": "\\Program Files\\Common Files\\Crypto Pro\\AppCompat\\cpcrypt.dll"}
{"EventID": "12", "Channel": "Microsoft-Windows-Security-Mitigations/KernelMode", "Provider_Name": "Microsoft-Windows-Security-Mitigations", "Computer": "DESKTOP-OFJ6N53", "TimeCreated": "2025-03-03 09:42:35.630512+00:00", "RecordID": "8472", "Level": "3", "UserID": "S-1-5-21-963789628-1060504924-4285088085-1001", "EventData.ProcessPathLength": "74", "EventData.ProcessPath": "\\Device\\HarddiskVolume3\\Program Files\\Google\\Chrome\\Application\\chrome.exe", "EventData.ProcessCommandLineLength": "512", "EventData.ProcessCommandLine": "\"C:\\Program Files\\Google\\Chrome\\Application\\chrome.exe\" --type=renderer --string-annotations --disable-gpu-compositing --video-capture-use-gpu-memory-buffer --lang=ru --device-scale-factor=1 --num-raster-threads=2 --enable-main-frame-before-activation --renderer-client-id=222 --time-ticks-at-unix-epoch=-1739372056190546 --launch-time-ticks=1622876047745 --field-trial-handle=10312,i,11733408027932219996,16652177763964427796,262144 --variations-seed-version=20250211-180335.527000 --mojo-platform-channel-handl", "EventData.ProcessId": "8420", "EventData.ProcessCreateTime": "2025-03-03 09:42:35.524994+00:00", "EventData.ProcessStartKey": "43628621390173792", "EventData.ProcessSignatureLevel": "8", "EventData.ProcessSectionSignatureLevel": "8", "EventData.ProcessProtection": "0", "EventData.TargetThreadId": "5816", "EventData.TargetThreadCreateTime": "2025-03-03 09:42:35.524996+00:00", "EventData.RequiredSignatureLevel": "8", "EventData.SignatureLevel": "0", "EventData.ImageNameLength": "60", "EventData.ImageName": "\\Program Files\\Common Files\\Crypto Pro\\AppCompat\\cpcrypt.dll"}
{"EventID": "12", "Channel": "Microsoft-Windows-Security-Mitigations/KernelMode", "Provider_Name": "Microsoft-Windows-Security-Mitigations", "Computer": "DESKTOP-OFJ6N53", "TimeCreated": "2025-03-03 09:42:36.077927+00:00", "RecordID": "8473", "Level": "3", "UserID": "S-1-5-21-963789628-1060504924-4285088085-1001", "EventData.ProcessPathLength": "74", "EventData.ProcessPath": "\\Device\\HarddiskVolume3\\Program Files\\Google\\Chrome\\Application\\chrome.exe", "EventData.ProcessCommandLineLength": "512", "EventData.ProcessCommandLine": "\"C:\\Program Files\\Google\\Chrome\\Application\\chrome.exe\" --type=renderer --string-annotations --disable-gpu-compositing --video-capture-use-gpu-memory-buffer --lang=ru --device-scale-factor=1 --num-raster-threads=2 --enable-main-frame-before-activation --renderer-client-id=223 --time-ticks-at-unix-epoch=-1739372056190546 --launch-time-ticks=1622876509859 --field-trial-handle=10544,i,11733408027932219996,16652177763964427796,262144 --variations-seed-version=20250211-180335.527000 --mojo-platform-channel-handl", "EventData.ProcessId": "13308", "EventData.ProcessCreateTime": "2025-03-03 09:42:35.987108+00:00", "EventData.ProcessStartKey": "43628621390173793", "EventData.ProcessSignatureLevel": "8", "EventData.ProcessSectionSignatureLevel": "8", "EventData.ProcessProtection": "0", "EventData.TargetThreadId": "12576", "EventData.TargetThreadCreateTime": "2025-03-03 09:42:35.987112+00:00", "EventData.RequiredSignatureLevel": "8", "EventData.SignatureLevel": "0", "EventData.ImageNameLength": "60", "EventData.ImageName": "\\Program Files\\Common Files\\Crypto Pro\\AppCompat\\cpcrypt.dll"}
{"EventID": "12", "Channel": "Microsoft-Windows-Security-Mitigations/KernelMode", "Provider_Name": "Microsoft-Windows-Security-Mitigations", "Computer": "DESKTOP-OFJ6N53", "TimeCreated": "2025-03-03 09:42:57.726017+00:00", "RecordID": "8474", "Level": "3", "UserID": "S-1-5-21-963789628-1060504924-4285088085-1001", "EventData.ProcessPathLength": "74", "EventData.ProcessPath": "\\Device\\HarddiskVolume3\\Program Files\\Google\\Chrome\\Application\\chrome.exe", "EventData.ProcessCommandLineLength": "512", "EventData.ProcessCommandLine": "\"C:\\Program Files\\Google\\Chrome\\Application\\chrome.exe\" --type=renderer --string-annotations --disable-gpu-compositing --video-capture-use-gpu-memory-buffer --lang=ru --device-scale-factor=1 --num-raster-threads=2 --enable-main-frame-before-activation --renderer-client-id=224 --time-ticks-at-unix-epoch=-1739372056190546 --launch-time-ticks=1622898137051 --field-trial-handle=8532,i,11733408027932219996,16652177763964427796,262144 --variations-seed-version=20250211-180335.527000 --mojo-platform-channel-handle", "EventData.ProcessId": "8104", "EventData.ProcessCreateTime": "2025-03-03 09:42:57.614445+00:00", "EventData.ProcessStartKey": "43628621390173794", "EventData.ProcessSignatureLevel": "8", "EventData.ProcessSectionSignatureLevel": "8", "EventData.ProcessProtection": "0", "EventData.TargetThreadId": "4772", "EventData.TargetThreadCreateTime": "2025-03-03 09:42:57.614447+00:00", "EventData.RequiredSignatureLevel": "8", "EventData.SignatureLevel": "0", "EventData.ImageNameLength": "60", "EventData.ImageName": "\\Program Files\\Common Files\\Crypto Pro\\AppCompat\\cpcrypt.dll"}
{"EventID": "2", "Channel": "Microsoft-Windows-Security-Mitigations/KernelMode", "Provider_Name": "Microsoft-Windows-Security-Mitigations", "Computer": "DESKTOP-OFJ6N53", "TimeCreated": "2025-03-03 09:42:58.424854+00:00", "RecordID": "8475", "Level": "3", "UserID": "S-1-5-21-963789628-1060504924-4285088085-1001", "EventData.ProcessPathLength": "74", "EventData.ProcessPath": "\\Device\\HarddiskVolume3\\Program Files\\Google\\Chrome\\Application\\chrome.exe", "EventData.ProcessCommandLineLength": "350", "EventData.ProcessCommandLine": "\"C:\\Program Files\\Google\\Chrome\\Application\\chrome.exe\" --type=utility --utility-sub-type=audio.mojom.AudioService --lang=ru --service-sandbox-type=audio --string-annotations --field-trial-handle=10524,i,11733408027932219996,16652177763964427796,262144 --variations-seed-version=20250211-180335.527000 --mojo-platform-channel-handle=10028 /prefetch:8", "EventData.CallingProcessId": "7616", "EventData.CallingProcessCreateTime": "2025-03-03 09:42:58.255890+00:00", "EventData.CallingProcessStartKey": "43628621390173795", "EventData.CallingProcessSignatureLevel": "8", "EventData.CallingProcessSectionSignatureLevel": "8", "EventData.CallingProcessProtection": "0", "EventData.CallingThreadId": "14076", "EventData.CallingThreadCreateTime": "2025-03-03 09:42:58.255892+00:00"}
{"EventID": "12", "Channel": "Microsoft-Windows-Security-Mitigations/KernelMode", "Provider_Name": "Microsoft-Windows-Security-Mitigations", "Computer": "DESKTOP-OFJ6N53", "TimeCreated": "2025-03-03 09:43:00.126162+00:00", "RecordID": "8476", "Level": "3", "UserID": "S-1-5-21-963789628-1060504924-4285088085-1001", "EventData.ProcessPathLength": "74", "EventData.ProcessPath": "\\Device\\HarddiskVolume3\\Program Files\\Google\\Chrome\\Application\\chrome.exe", "EventData.ProcessCommandLineLength": "512", "EventData.ProcessCommandLine": "\"C:\\Program Files\\Google\\Chrome\\Application\\chrome.exe\" --type=renderer --string-annotations --disable-gpu-compositing --video-capture-use-gpu-memory-buffer --lang=ru --device-scale-factor=1 --num-raster-threads=2 --enable-main-frame-before-activation --renderer-client-id=228 --time-ticks-at-unix-epoch=-1739372056190546 --launch-time-ticks=1622900419684 --field-trial-handle=10500,i,11733408027932219996,16652177763964427796,262144 --variations-seed-version=20250211-180335.527000 --mojo-platform-channel-handl", "EventData.ProcessId": "9132", "EventData.ProcessCreateTime": "2025-03-03 09:42:59.897594+00:00", "EventData.ProcessStartKey": "43628621390173798", "EventData.ProcessSignatureLevel": "8", "EventData.ProcessSectionSignatureLevel": "8", "EventData.ProcessProtection": "0", "EventData.TargetThreadId": "14044", "EventData.TargetThreadCreateTime": "2025-03-03 09:42:59.897598+00:00", "EventData.RequiredSignatureLevel": "8", "EventData.SignatureLevel": "0", "EventData.ImageNameLength": "60", "EventData.ImageName": "\\Program Files\\Common Files\\Crypto Pro\\AppCompat\\cpcrypt.dll"}
{"EventID": "12", "Channel": "Microsoft-Windows-Security-Mitigations/KernelMode", "Provider_Name": "Microsoft-Windows-Security-Mitigations", "Computer": "DESKTOP-OFJ6N53", "TimeCreated": "2025-03-03 09:43:00.439005+00:00", "RecordID": "8477", "Level": "3", "UserID": "S-1-5-21-963789628-1060504924-4285088085-1001", "EventData.ProcessPathLength": "74", "EventData.ProcessPath": "\\Device\\HarddiskVolume3\\Program Files\\Google\\Chrome\\Application\\chrome.exe", "EventData.ProcessCommandLineLength": "512", "EventData.ProcessCommandLine": "\"C:\\Program Files\\Google\\Chrome\\Application\\chrome.exe\" --type=renderer --string-annotations --disable-gpu-compositing --video-capture-use-gpu-memory-buffer --lang=ru --device-scale-factor=1 --num-raster-threads=2 --enable-main-frame-before-activation --renderer-client-id=229 --time-ticks-at-unix-epoch=-1739372056190546 --launch-time-ticks=1622900870613 --field-trial-handle=8712,i,11733408027932219996,16652177763964427796,262144 --variations-seed-version=20250211-180335.527000 --mojo-platform-channel-handle", "EventData.ProcessId": "4768", "EventData.ProcessCreateTime": "2025-03-03 09:43:00.347982+00:00", "EventData.ProcessStartKey": "43628621390173799", "EventData.ProcessSignatureLevel": "8", "EventData.ProcessSectionSignatureLevel": "8", "EventData.ProcessProtection": "0", "EventData.TargetThreadId": "1676", "EventData.TargetThreadCreateTime": "2025-03-03 09:43:00.347986+00:00", "EventData.RequiredSignatureLevel": "8", "EventData.SignatureLevel": "0", "EventData.ImageNameLength": "60", "EventData.ImageName": "\\Program Files\\Common Files\\Crypto Pro\\AppCompat\\cpcrypt.dll"}
{"EventID": "12", "Channel": "Microsoft-Windows-Security-Mitigations/KernelMode", "Provider_Name": "Microsoft-Windows-Security-Mitigations", "Computer": "DESKTOP-OFJ6N53", "TimeCreated": "2025-03-03 09:43:01.008444+00:00", "RecordID": "8478", "Level": "3", "UserID": "S-1-5-21-963789628-1060504924-4285088085-1001", "EventData.ProcessPathLength": "74", "EventData.ProcessPath": "\\Device\\HarddiskVolume3\\Program Files\\Google\\Chrome\\Application\\chrome.exe", "EventData.ProcessCommandLineLength": "512", "EventData.ProcessCommandLine": "\"C:\\Program Files\\Google\\Chrome\\Application\\chrome.exe\" --type=renderer --string-annotations --disable-gpu-compositing --video-capture-use-gpu-memory-buffer --lang=ru --device-scale-factor=1 --num-raster-threads=2 --enable-main-frame-before-activation --renderer-client-id=230 --time-ticks-at-unix-epoch=-1739372056190546 --launch-time-ticks=1622901412154 --field-trial-handle=10896,i,11733408027932219996,16652177763964427796,262144 --variations-seed-version=20250211-180335.527000 --mojo-platform-channel-handl", "EventData.ProcessId": "8040", "EventData.ProcessCreateTime": "2025-03-03 09:43:00.889339+00:00", "EventData.ProcessStartKey": "43628621390173800", "EventData.ProcessSignatureLevel": "8", "EventData.ProcessSectionSignatureLevel": "8", "EventData.ProcessProtection": "0", "EventData.TargetThreadId": "9280", "EventData.TargetThreadCreateTime": "2025-03-03 09:43:00.889343+00:00", "EventData.RequiredSignatureLevel": "8", "EventData.SignatureLevel": "0", "EventData.ImageNameLength": "60", "EventData.ImageName": "\\Program Files\\Common Files\\Crypto Pro\\AppCompat\\cpcrypt.dll"}
{"EventID": "12", "Channel": "Microsoft-Windows-Security-Mitigations/KernelMode", "Provider_Name": "Microsoft-Windows-Security-Mitigations", "Computer": "DESKTOP-OFJ6N53", "TimeCreated": "2025-03-03 09:43:19.805668+00:00", "RecordID": "8479", "Level": "3", "UserID": "S-1-5-21-963789628-1060504924-4285088085-1001", "EventData.ProcessPathLength": "74", "EventData.ProcessPath": "\\Device\\HarddiskVolume3\\Program Files\\Google\\Chrome\\Application\\chrome.exe", "EventData.ProcessCommandLineLength": "512", "EventData.ProcessCommandLine": "\"C:\\Program Files\\Google\\Chrome\\Application\\chrome.exe\" --type=renderer --string-annotations --disable-gpu-compositing --video-capture-use-gpu-memory-buffer --lang=ru --device-scale-factor=1 --num-raster-threads=2 --enable-main-frame-before-activation --renderer-client-id=231 --time-ticks-at-unix-epoch=-1739372056190546 --launch-time-ticks=1622920224412 --field-trial-handle=10720,i,11733408027932219996,16652177763964427796,262144 --variations-seed-version=20250211-180335.527000 --mojo-platform-channel-handl", "EventData.ProcessId": "1052", "EventData.ProcessCreateTime": "2025-03-03 09:43:19.701593+00:00", "EventData.ProcessStartKey": "43628621390173801", "EventData.ProcessSignatureLevel": "8", "EventData.ProcessSectionSignatureLevel": "8", "EventData.ProcessProtection": "0", "EventData.TargetThreadId": "6156", "EventData.TargetThreadCreateTime": "2025-03-03 09:43:19.701595+00:00", "EventData.RequiredSignatureLevel": "8", "EventData.SignatureLevel": "0", "EventData.ImageNameLength": "60", "EventData.ImageName": "\\Program Files\\Common Files\\Crypto Pro\\AppCompat\\cpcrypt.dll"}
{"EventID": "12", "Channel": "Microsoft-Windows-Security-Mitigations/KernelMode", "Provider_Name": "Microsoft-Windows-Security-Mitigations", "Computer": "DESKTOP-OFJ6N53", "TimeCreated": "2025-03-03 09:50:12.224215+00:00", "RecordID": "8480", "Level": "3", "UserID": "S-1-5-21-963789628-1060504924-4285088085-1001", "EventData.ProcessPathLength": "74", "EventData.ProcessPath": "\\Device\\HarddiskVolume3\\Program Files\\Google\\Chrome\\Application\\chrome.exe", "EventData.ProcessCommandLineLength": "512", "EventData.ProcessCommandLine": "\"C:\\Program Files\\Google\\Chrome\\Application\\chrome.exe\" --type=renderer --string-annotations --disable-gpu-compositing --video-capture-use-gpu-memory-buffer --lang=ru --device-scale-factor=1 --num-raster-threads=2 --enable-main-frame-before-activation --renderer-client-id=232 --time-ticks-at-unix-epoch=-1739372056190546 --launch-time-ticks=1623332655034 --field-trial-handle=8744,i,11733408027932219996,16652177763964427796,262144 --variations-seed-version=20250211-180335.527000 --mojo-platform-channel-handle", "EventData.ProcessId": "11328", "EventData.ProcessCreateTime": "2025-03-03 09:50:12.132465+00:00", "EventData.ProcessStartKey": "43628621390173808", "EventData.ProcessSignatureLevel": "8", "EventData.ProcessSectionSignatureLevel": "8", "EventData.ProcessProtection": "0", "EventData.TargetThreadId": "14144", "EventData.TargetThreadCreateTime": "2025-03-03 09:50:12.132467+00:00", "EventData.RequiredSignatureLevel": "8", "EventData.SignatureLevel": "0", "EventData.ImageNameLength": "60", "EventData.ImageName": "\\Program Files\\Common Files\\Crypto Pro\\AppCompat\\cpcrypt.dll"}
{"EventID": "12", "Channel": "Microsoft-Windows-Security-Mitigations/KernelMode", "Provider_Name": "Microsoft-Windows-Security-Mitigations", "Computer": "DESKTOP-OFJ6N53", "TimeCreated": "2025-03-03 09:50:16.220081+00:00", "RecordID": "8481", "Level": "3", "UserID": "S-1-5-21-963789628-1060504924-4285088085-1001", "EventData.ProcessPathLength": "74", "EventData.ProcessPath": "\\Device\\HarddiskVolume3\\Program Files\\Google\\Chrome\\Application\\chrome.exe", "EventData.ProcessCommandLineLength": "512", "EventData.ProcessCommandLine": "\"C:\\Program Files\\Google\\Chrome\\Application\\chrome.exe\" --type=renderer --string-annotations --disable-gpu-compositing --video-capture-use-gpu-memory-buffer --lang=ru --device-scale-factor=1 --num-raster-threads=2 --enable-main-frame-before-activation --renderer-client-id=233 --time-ticks-at-unix-epoch=-1739372056190546 --launch-time-ticks=1623336650780 --field-trial-handle=7748,i,11733408027932219996,16652177763964427796,262144 --variations-seed-version=20250211-180335.527000 --mojo-platform-channel-handle", "EventData.ProcessId": "7292", "EventData.ProcessCreateTime": "2025-03-03 09:50:16.128143+00:00", "EventData.ProcessStartKey": "43628621390173809", "EventData.ProcessSignatureLevel": "8", "EventData.ProcessSectionSignatureLevel": "8", "EventData.ProcessProtection": "0", "EventData.TargetThreadId": "7204", "EventData.TargetThreadCreateTime": "2025-03-03 09:50:16.128147+00:00", "EventData.RequiredSignatureLevel": "8", "EventData.SignatureLevel": "0", "EventData.ImageNameLength": "60", "EventData.ImageName": "\\Program Files\\Common Files\\Crypto Pro\\AppCompat\\cpcrypt.dll"}
{"EventID": "12", "Channel": "Microsoft-Windows-Security-Mitigations/KernelMode", "Provider_Name": "Microsoft-Windows-Security-Mitigations", "Computer": "DESKTOP-OFJ6N53", "TimeCreated": "2025-03-03 09:50:43.157610+00:00", "RecordID": "8482", "Level": "3", "UserID": "S-1-5-21-963789628-1060504924-4285088085-1001", "EventData.ProcessPathLength": "74", "EventData.ProcessPath": "\\Device\\HarddiskVolume3\\Program Files\\Google\\Chrome\\Application\\chrome.exe", "EventData.ProcessCommandLineLength": "512", "EventData.ProcessCommandLine": "\"C:\\Program Files\\Google\\Chrome\\Application\\chrome.exe\" --type=renderer --string-annotations --disable-gpu-compositing --video-capture-use-gpu-memory-buffer --lang=ru --device-scale-factor=1 --num-raster-threads=2 --enable-main-frame-before-activation --renderer-client-id=234 --time-ticks-at-unix-epoch=-1739372056190546 --launch-time-ticks=1623363598044 --field-trial-handle=10520,i,11733408027932219996,16652177763964427796,262144 --variations-seed-version=20250211-180335.527000 --mojo-platform-channel-handl", "EventData.ProcessId": "7388", "EventData.ProcessCreateTime": "2025-03-03 09:50:43.075336+00:00", "EventData.ProcessStartKey": "43628621390173811", "EventData.ProcessSignatureLevel": "8", "EventData.ProcessSectionSignatureLevel": "8", "EventData.ProcessProtection": "0", "EventData.TargetThreadId": "5076", "EventData.TargetThreadCreateTime": "2025-03-03 09:50:43.075340+00:00", "EventData.RequiredSignatureLevel": "8", "EventData.SignatureLevel": "0", "EventData.ImageNameLength": "60", "EventData.ImageName": "\\Program Files\\Common Files\\Crypto Pro\\AppCompat\\cpcrypt.dll"}
