{"EventID": "142", "Channel": "Microsoft-Windows-WinRM/Operational", "Provider_Name": "Microsoft-Windows-WinRM", "Computer": "DESKTOP-OFJ6N53", "TimeCreated": "2025-06-01 18:25:03.062824+00:00", "RecordID": "48878", "Level": "2", "UserID": "S-1-5-18", "EventData.operationName": "Enumeration", "EventData.errorCode": "2150858770"}
{"EventID": "145", "Channel": "Microsoft-Windows-WinRM/Operational", "Provider_Name": "Microsoft-Windows-WinRM", "Computer": "DESKTOP-OFJ6N53", "TimeCreated": "2025-06-01 20:55:10.820139+00:00", "RecordID": "48879", "Level": "4", "UserID": "S-1-5-18", "EventData.operationName": "Enumeration", "EventData.resourceUri": "http://schemas.microsoft.com/wbem/wsman/1/config/listener"}
{"EventID": "254", "Channel": "Microsoft-Windows-WinRM/Operational", "Provider_Name": "Microsoft-Windows-WinRM", "Computer": "DESKTOP-OFJ6N53", "TimeCreated": "2025-06-01 20:55:14.943285+00:00", "RecordID": "48880", "Level": "4", "UserID": "S-1-5-18"}
{"EventID": "161", "Channel": "Microsoft-Windows-WinRM/Operational", "Provider_Name": "Microsoft-Windows-WinRM", "Computer": "DESKTOP-OFJ6N53", "TimeCreated": "2025-06-01 20:55:14.943285+00:00", "RecordID": "48881", "Level": "2", "UserID": "S-1-5-18", "EventData.authFailureMessage": "Клиенту не удается подключиться к узлу назначения, указанному в запросе. Убедитесь, что служба на узле назначения работает и принимает запросы. Ознакомьтесь с журналами и документацией для определения запущенной на узле назначения службы WS-Management (чаще всего это IIS или WinRM). Если это служба WinRM, то для анализа состояния и настройки этой службы используйте на удаленном узле команду \"winrm quickconfig\"."}
{"EventID": "142", "Channel": "Microsoft-Windows-WinRM/Operational", "Provider_Name": "Microsoft-Windows-WinRM", "Computer": "DESKTOP-OFJ6N53", "TimeCreated": "2025-06-01 20:55:14.943365+00:00", "RecordID": "48882", "Level": "2", "UserID": "S-1-5-18", "EventData.operationName": "Enumeration", "EventData.errorCode": "2150858770"}
{"EventID": "145", "Channel": "Microsoft-Windows-WinRM/Operational", "Provider_Name": "Microsoft-Windows-WinRM", "Computer": "DESKTOP-OFJ6N53", "TimeCreated": "2025-06-01 21:03:22.772800+00:00", "RecordID": "48883", "Level": "4", "UserID": "S-1-5-18", "EventData.operationName": "Enumeration", "EventData.resourceUri": "http://schemas.microsoft.com/wbem/wsman/1/config/listener"}
{"EventID": "254", "Channel": "Microsoft-Windows-WinRM/Operational", "Provider_Name": "Microsoft-Windows-WinRM", "Computer": "DESKTOP-OFJ6N53", "TimeCreated": "2025-06-01 21:03:26.881062+00:00", "RecordID": "48884", "Level": "4", "UserID": "S-1-5-18"}
{"EventID": "161", "Channel": "Microsoft-Windows-WinRM/Operational", "Provider_Name": "Microsoft-Windows-WinRM", "Computer": "DESKTOP-OFJ6N53", "TimeCreated": "2025-06-01 21:03:26.881065+00:00", "RecordID": "48885", "Level": "2", "UserID": "S-1-5-18", "EventData.authFailureMessage": "Клиенту не удается подключиться к узлу назначения, указанному в запросе. Убедитесь, что служба на узле назначения работает и принимает запросы. Ознакомьтесь с журналами и документацией для определения запущенной на узле назначения службы WS-Management (чаще всего это IIS или WinRM). Если это служба WinRM, то для анализа состояния и настройки этой службы используйте на удаленном узле команду \"winrm quickconfig\"."}
{"EventID": "142", "Channel": "Microsoft-Windows-WinRM/Operational", "Provider_Name": "Microsoft-Windows-WinRM", "Computer": "DESKTOP-OFJ6N53", "TimeCreated": "2025-06-01 21:03:26.881147+00:00", "RecordID": "48886", "Level": "2", "UserID": "S-1-5-18", "EventData.operationName": "Enumeration", "EventData.errorCode": "2150858770"}
{"EventID": "145", "Channel": "Microsoft-Windows-WinRM/Operational", "Provider_Name": "Microsoft-Windows-WinRM", "Computer": "DESKTOP-OFJ6N53", "TimeCreated": "2025-06-01 23:24:58.893917+00:00", "RecordID": "48887", "Level": "4", "UserID": "S-1-5-18", "EventData.operationName": "Enumeration", "EventData.resourceUri": "http://schemas.microsoft.com/wbem/wsman/1/config/listener"}
{"EventID": "254", "Channel": "Microsoft-Windows-WinRM/Operational", "Provider_Name": "Microsoft-Windows-WinRM", "Computer": "DESKTOP-OFJ6N53", "TimeCreated": "2025-06-01 23:25:02.987236+00:00", "RecordID": "48888", "Level": "4", "UserID": "S-1-5-18"}
{"EventID": "161", "Channel": "Microsoft-Windows-WinRM/Operational", "Provider_Name": "Microsoft-Windows-WinRM", "Computer": "DESKTOP-OFJ6N53", "TimeCreated": "2025-06-01 23:25:02.987240+00:00", "RecordID": "48889", "Level": "2", "UserID": "S-1-5-18", "EventData.authFailureMessage": "Клиенту не удается подключиться к узлу назначения, указанному в запросе. Убедитесь, что служба на узле назначения работает и принимает запросы. Ознакомьтесь с журналами и документацией для определения запущенной на узле назначения службы WS-Management (чаще всего это IIS или WinRM). Если это служба WinRM, то для анализа состояния и настройки этой службы используйте на удаленном узле команду \"winrm quickconfig\"."}
{"EventID": "142", "Channel": "Microsoft-Windows-WinRM/Operational", "Provider_Name": "Microsoft-Windows-WinRM", "Computer": "DESKTOP-OFJ6N53", "TimeCreated": "2025-06-01 23:25:02.987333+00:00", "RecordID": "48890", "Level": "2", "UserID": "S-1-5-18", "EventData.operationName": "Enumeration", "EventData.errorCode": "2150858770"}
{"EventID": "145", "Channel": "Microsoft-Windows-WinRM/Operational", "Provider_Name": "Microsoft-Windows-WinRM", "Computer": "DESKTOP-OFJ6N53", "TimeCreated": "2025-06-02 04:24:58.895247+00:00", "RecordID": "48891", "Level": "4", "UserID": "S-1-5-18", "EventData.operationName": "Enumeration", "EventData.resourceUri": "http://schemas.microsoft.com/wbem/wsman/1/config/listener"}
{"EventID": "254", "Channel": "Microsoft-Windows-WinRM/Operational", "Provider_Name": "Microsoft-Windows-WinRM", "Computer": "DESKTOP-OFJ6N53", "TimeCreated": "2025-06-02 04:25:02.990568+00:00", "RecordID": "48892", "Level": "4", "UserID": "S-1-5-18"}
{"EventID": "161", "Channel": "Microsoft-Windows-WinRM/Operational", "Provider_Name": "Microsoft-Windows-WinRM", "Computer": "DESKTOP-OFJ6N53", "TimeCreated": "2025-06-02 04:25:02.990572+00:00", "RecordID": "48893", "Level": "2", "UserID": "S-1-5-18", "EventData.authFailureMessage": "Клиенту не удается подключиться к узлу назначения, указанному в запросе. Убедитесь, что служба на узле назначения работает и принимает запросы. Ознакомьтесь с журналами и документацией для определения запущенной на узле назначения службы WS-Management (чаще всего это IIS или WinRM). Если это служба WinRM, то для анализа состояния и настройки этой службы используйте на удаленном узле команду \"winrm quickconfig\"."}
{"EventID": "142", "Channel": "Microsoft-Windows-WinRM/Operational", "Provider_Name": "Microsoft-Windows-WinRM", "Computer": "DESKTOP-OFJ6N53", "TimeCreated": "2025-06-02 04:25:02.990639+00:00", "RecordID": "48894", "Level": "2", "UserID": "S-1-5-18", "EventData.operationName": "Enumeration", "EventData.errorCode": "2150858770"}
{"EventID": "145", "Channel": "Microsoft-Windows-WinRM/Operational", "Provider_Name": "Microsoft-Windows-WinRM", "Computer": "DESKTOP-OFJ6N53", "TimeCreated": "2025-06-02 09:25:00.151855+00:00", "RecordID": "48895", "Level": "4", "UserID": "S-1-5-18", "EventData.operationName": "Enumeration", "EventData.resourceUri": "http://schemas.microsoft.com/wbem/wsman/1/config/listener"}
{"EventID": "254", "Channel": "Microsoft-Windows-WinRM/Operational", "Provider_Name": "Microsoft-Windows-WinRM", "Computer": "DESKTOP-OFJ6N53", "TimeCreated": "2025-06-02 09:25:04.259098+00:00", "RecordID": "48896", "Level": "4", "UserID": "S-1-5-18"}
{"EventID": "161", "Channel": "Microsoft-Windows-WinRM/Operational", "Provider_Name": "Microsoft-Windows-WinRM", "Computer": "DESKTOP-OFJ6N53", "TimeCreated": "2025-06-02 09:25:04.259100+00:00", "RecordID": "48897", "Level": "2", "UserID": "S-1-5-18", "EventData.authFailureMessage": "Клиенту не удается подключиться к узлу назначения, указанному в запросе. Убедитесь, что служба на узле назначения работает и принимает запросы. Ознакомьтесь с журналами и документацией для определения запущенной на узле назначения службы WS-Management (чаще всего это IIS или WinRM). Если это служба WinRM, то для анализа состояния и настройки этой службы используйте на удаленном узле команду \"winrm quickconfig\"."}
{"EventID": "142", "Channel": "Microsoft-Windows-WinRM/Operational", "Provider_Name": "Microsoft-Windows-WinRM", "Computer": "DESKTOP-OFJ6N53", "TimeCreated": "2025-06-02 09:25:04.259161+00:00", "RecordID": "48898", "Level": "2", "UserID": "S-1-5-18", "EventData.operationName": "Enumeration", "EventData.errorCode": "2150858770"}
{"EventID": "145", "Channel": "Microsoft-Windows-WinRM/Operational", "Provider_Name": "Microsoft-Windows-WinRM", "Computer": "DESKTOP-OFJ6N53", "TimeCreated": "2025-06-02 14:14:39.709642+00:00", "RecordID": "48899", "Level": "4", "UserID": "S-1-5-18", "EventData.operationName": "Enumeration", "EventData.resourceUri": "http://schemas.microsoft.com/wbem/wsman/1/config/listener"}
{"EventID": "254", "Channel": "Microsoft-Windows-WinRM/Operational", "Provider_Name": "Microsoft-Windows-WinRM", "Computer": "DESKTOP-OFJ6N53", "TimeCreated": "2025-06-02 14:14:43.788668+00:00", "RecordID": "48900", "Level": "4", "UserID": "S-1-5-18"}
{"EventID": "161", "Channel": "Microsoft-Windows-WinRM/Operational", "Provider_Name": "Microsoft-Windows-WinRM", "Computer": "DESKTOP-OFJ6N53", "TimeCreated": "2025-06-02 14:14:43.788671+00:00", "RecordID": "48901", "Level": "2", "UserID": "S-1-5-18", "EventData.authFailureMessage": "Клиенту не удается подключиться к узлу назначения, указанному в запросе. Убедитесь, что служба на узле назначения работает и принимает запросы. Ознакомьтесь с журналами и документацией для определения запущенной на узле назначения службы WS-Management (чаще всего это IIS или WinRM). Если это служба WinRM, то для анализа состояния и настройки этой службы используйте на удаленном узле команду \"winrm quickconfig\"."}
{"EventID": "142", "Channel": "Microsoft-Windows-WinRM/Operational", "Provider_Name": "Microsoft-Windows-WinRM", "Computer": "DESKTOP-OFJ6N53", "TimeCreated": "2025-06-02 14:14:43.788736+00:00", "RecordID": "48902", "Level": "2", "UserID": "S-1-5-18", "EventData.operationName": "Enumeration", "EventData.errorCode": "2150858770"}
{"EventID": "145", "Channel": "Microsoft-Windows-WinRM/Operational", "Provider_Name": "Microsoft-Windows-WinRM", "Computer": "DESKTOP-OFJ6N53", "TimeCreated": "2025-06-02 14:25:00.153137+00:00", "RecordID": "48903", "Level": "4", "UserID": "S-1-5-18", "EventData.operationName": "Enumeration", "EventData.resourceUri": "http://schemas.microsoft.com/wbem/wsman/1/config/listener"}
{"EventID": "254", "Channel": "Microsoft-Windows-WinRM/Operational", "Provider_Name": "Microsoft-Windows-WinRM", "Computer": "DESKTOP-OFJ6N53", "TimeCreated": "2025-06-02 14:25:04.210472+00:00", "RecordID": "48904", "Level": "4", "UserID": "S-1-5-18"}
{"EventID": "161", "Channel": "Microsoft-Windows-WinRM/Operational", "Provider_Name": "Microsoft-Windows-WinRM", "Computer": "DESKTOP-OFJ6N53", "TimeCreated": "2025-06-02 14:25:04.210474+00:00", "RecordID": "48905", "Level": "2", "UserID": "S-1-5-18", "EventData.authFailureMessage": "Клиенту не удается подключиться к узлу назначения, указанному в запросе. Убедитесь, что служба на узле назначения работает и принимает запросы. Ознакомьтесь с журналами и документацией для определения запущенной на узле назначения службы WS-Management (чаще всего это IIS или WinRM). Если это служба WinRM, то для анализа состояния и настройки этой службы используйте на удаленном узле команду \"winrm quickconfig\"."}
{"EventID": "142", "Channel": "Microsoft-Windows-WinRM/Operational", "Provider_Name": "Microsoft-Windows-WinRM", "Computer": "DESKTOP-OFJ6N53", "TimeCreated": "2025-06-02 14:25:04.210543+00:00", "RecordID": "48906", "Level": "2", "UserID": "S-1-5-18", "EventData.operationName": "Enumeration", "EventData.errorCode": "2150858770"}
{"EventID": "145", "Channel": "Microsoft-Windows-WinRM/Operational", "Provider_Name": "Microsoft-Windows-WinRM", "Computer": "DESKTOP-OFJ6N53", "TimeCreated": "2025-06-02 20:49:40.725695+00:00", "RecordID": "48907", "Level": "4", "UserID": "S-1-5-18", "EventData.operationName": "Enumeration", "EventData.resourceUri": "http://schemas.microsoft.com/wbem/wsman/1/config/listener"}
{"EventID": "254", "Channel": "Microsoft-Windows-WinRM/Operational", "Provider_Name": "Microsoft-Windows-WinRM", "Computer": "DESKTOP-OFJ6N53", "TimeCreated": "2025-06-02 20:49:44.838852+00:00", "RecordID": "48908", "Level": "4", "UserID": "S-1-5-18"}
{"EventID": "161", "Channel": "Microsoft-Windows-WinRM/Operational", "Provider_Name": "Microsoft-Windows-WinRM", "Computer": "DESKTOP-OFJ6N53", "TimeCreated": "2025-06-02 20:49:44.838858+00:00", "RecordID": "48909", "Level": "2", "UserID": "S-1-5-18", "EventData.authFailureMessage": "Клиенту не удается подключиться к узлу назначения, указанному в запросе. Убедитесь, что служба на узле назначения работает и принимает запросы. Ознакомьтесь с журналами и документацией для определения запущенной на узле назначения службы WS-Management (чаще всего это IIS или WinRM). Если это служба WinRM, то для анализа состояния и настройки этой службы используйте на удаленном узле команду \"winrm quickconfig\"."}
{"EventID": "142", "Channel": "Microsoft-Windows-WinRM/Operational", "Provider_Name": "Microsoft-Windows-WinRM", "Computer": "DESKTOP-OFJ6N53", "TimeCreated": "2025-06-02 20:49:44.838940+00:00", "RecordID": "48910", "Level": "2", "UserID": "S-1-5-18", "EventData.operationName": "Enumeration", "EventData.errorCode": "2150858770"}
{"EventID": "145", "Channel": "Microsoft-Windows-WinRM/Operational", "Provider_Name": "Microsoft-Windows-WinRM", "Computer": "DESKTOP-OFJ6N53", "TimeCreated": "2025-06-02 21:03:22.738510+00:00", "RecordID": "48911", "Level": "4", "UserID": "S-1-5-18", "EventData.operationName": "Enumeration", "EventData.resourceUri": "http://schemas.microsoft.com/wbem/wsman/1/config/listener"}
{"EventID": "254", "Channel": "Microsoft-Windows-WinRM/Operational", "Provider_Name": "Microsoft-Windows-WinRM", "Computer": "DESKTOP-OFJ6N53", "TimeCreated": "2025-06-02 21:03:26.819960+00:00", "RecordID": "48912", "Level": "4", "UserID": "S-1-5-18"}
{"EventID": "161", "Channel": "Microsoft-Windows-WinRM/Operational", "Provider_Name": "Microsoft-Windows-WinRM", "Computer": "DESKTOP-OFJ6N53", "TimeCreated": "2025-06-02 21:03:26.819962+00:00", "RecordID": "48913", "Level": "2", "UserID": "S-1-5-18", "EventData.authFailureMessage": "Клиенту не удается подключиться к узлу назначения, указанному в запросе. Убедитесь, что служба на узле назначения работает и принимает запросы. Ознакомьтесь с журналами и документацией для определения запущенной на узле назначения службы WS-Management (чаще всего это IIS или WinRM). Если это служба WinRM, то для анализа состояния и настройки этой службы используйте на удаленном узле команду \"winrm quickconfig\"."}
{"EventID": "142", "Channel": "Microsoft-Windows-WinRM/Operational", "Provider_Name": "Microsoft-Windows-WinRM", "Computer": "DESKTOP-OFJ6N53", "TimeCreated": "2025-06-02 21:03:26.820053+00:00", "RecordID": "48914", "Level": "2", "UserID": "S-1-5-18", "EventData.operationName": "Enumeration", "EventData.errorCode": "2150858770"}
{"EventID": "145", "Channel": "Microsoft-Windows-WinRM/Operational", "Provider_Name": "Microsoft-Windows-WinRM", "Computer": "DESKTOP-OFJ6N53", "TimeCreated": "2025-06-03 10:25:00.311039+00:00", "RecordID": "48915", "Level": "4", "UserID": "S-1-5-18", "EventData.operationName": "Enumeration", "EventData.resourceUri": "http://schemas.microsoft.com/wbem/wsman/1/config/listener"}
{"EventID": "254", "Channel": "Microsoft-Windows-WinRM/Operational", "Provider_Name": "Microsoft-Windows-WinRM", "Computer": "DESKTOP-OFJ6N53", "TimeCreated": "2025-06-03 10:25:04.408403+00:00", "RecordID": "48916", "Level": "4", "UserID": "S-1-5-18"}
{"EventID": "161", "Channel": "Microsoft-Windows-WinRM/Operational", "Provider_Name": "Microsoft-Windows-WinRM", "Computer": "DESKTOP-OFJ6N53", "TimeCreated": "2025-06-03 10:25:04.408403+00:00", "RecordID": "48917", "Level": "2", "UserID": "S-1-5-18", "EventData.authFailureMessage": "Клиенту не удается подключиться к узлу назначения, указанному в запросе. Убедитесь, что служба на узле назначения работает и принимает запросы. Ознакомьтесь с журналами и документацией для определения запущенной на узле назначения службы WS-Management (чаще всего это IIS или WinRM). Если это служба WinRM, то для анализа состояния и настройки этой службы используйте на удаленном узле команду \"winrm quickconfig\"."}
{"EventID": "142", "Channel": "Microsoft-Windows-WinRM/Operational", "Provider_Name": "Microsoft-Windows-WinRM", "Computer": "DESKTOP-OFJ6N53", "TimeCreated": "2025-06-03 10:25:04.408501+00:00", "RecordID": "48918", "Level": "2", "UserID": "S-1-5-18", "EventData.operationName": "Enumeration", "EventData.errorCode": "2150858770"}
{"EventID": "145", "Channel": "Microsoft-Windows-WinRM/Operational", "Provider_Name": "Microsoft-Windows-WinRM", "Computer": "DESKTOP-OFJ6N53", "TimeCreated": "2025-06-03 14:14:44.505468+00:00", "RecordID": "48919", "Level": "4", "UserID": "S-1-5-18", "EventData.operationName": "Enumeration", "EventData.resourceUri": "http://schemas.microsoft.com/wbem/wsman/1/config/listener"}
{"EventID": "254", "Channel": "Microsoft-Windows-WinRM/Operational", "Provider_Name": "Microsoft-Windows-WinRM", "Computer": "DESKTOP-OFJ6N53", "TimeCreated": "2025-06-03 14:14:48.619753+00:00", "RecordID": "48920", "Level": "4", "UserID": "S-1-5-18"}
{"EventID": "161", "Channel": "Microsoft-Windows-WinRM/Operational", "Provider_Name": "Microsoft-Windows-WinRM", "Computer": "DESKTOP-OFJ6N53", "TimeCreated": "2025-06-03 14:14:48.619757+00:00", "RecordID": "48921", "Level": "2", "UserID": "S-1-5-18", "EventData.authFailureMessage": "Клиенту не удается подключиться к узлу назначения, указанному в запросе. Убедитесь, что служба на узле назначения работает и принимает запросы. Ознакомьтесь с журналами и документацией для определения запущенной на узле назначения службы WS-Management (чаще всего это IIS или WinRM). Если это служба WinRM, то для анализа состояния и настройки этой службы используйте на удаленном узле команду \"winrm quickconfig\"."}
{"EventID": "142", "Channel": "Microsoft-Windows-WinRM/Operational", "Provider_Name": "Microsoft-Windows-WinRM", "Computer": "DESKTOP-OFJ6N53", "TimeCreated": "2025-06-03 14:14:48.619818+00:00", "RecordID": "48922", "Level": "2", "UserID": "S-1-5-18", "EventData.operationName": "Enumeration", "EventData.errorCode": "2150858770"}
{"EventID": "145", "Channel": "Microsoft-Windows-WinRM/Operational", "Provider_Name": "Microsoft-Windows-WinRM", "Computer": "DESKTOP-OFJ6N53", "TimeCreated": "2025-06-03 15:25:00.722046+00:00", "RecordID": "48923", "Level": "4", "UserID": "S-1-5-18", "EventData.operationName": "Enumeration", "EventData.resourceUri": "http://schemas.microsoft.com/wbem/wsman/1/config/listener"}
{"EventID": "254", "Channel": "Microsoft-Windows-WinRM/Operational", "Provider_Name": "Microsoft-Windows-WinRM", "Computer": "DESKTOP-OFJ6N53", "TimeCreated": "2025-06-03 15:25:04.787615+00:00", "RecordID": "48924", "Level": "4", "UserID": "S-1-5-18"}
{"EventID": "161", "Channel": "Microsoft-Windows-WinRM/Operational", "Provider_Name": "Microsoft-Windows-WinRM", "Computer": "DESKTOP-OFJ6N53", "TimeCreated": "2025-06-03 15:25:04.787617+00:00", "RecordID": "48925", "Level": "2", "UserID": "S-1-5-18", "EventData.authFailureMessage": "Клиенту не удается подключиться к узлу назначения, указанному в запросе. Убедитесь, что служба на узле назначения работает и принимает запросы. Ознакомьтесь с журналами и документацией для определения запущенной на узле назначения службы WS-Management (чаще всего это IIS или WinRM). Если это служба WinRM, то для анализа состояния и настройки этой службы используйте на удаленном узле команду \"winrm quickconfig\"."}
{"EventID": "142", "Channel": "Microsoft-Windows-WinRM/Operational", "Provider_Name": "Microsoft-Windows-WinRM", "Computer": "DESKTOP-OFJ6N53", "TimeCreated": "2025-06-03 15:25:04.787672+00:00", "RecordID": "48926", "Level": "2", "UserID": "S-1-5-18", "EventData.operationName": "Enumeration", "EventData.errorCode": "2150858770"}
{"EventID": "145", "Channel": "Microsoft-Windows-WinRM/Operational", "Provider_Name": "Microsoft-Windows-WinRM", "Computer": "DESKTOP-OFJ6N53", "TimeCreated": "2025-06-03 21:03:22.778522+00:00", "RecordID": "48927", "Level": "4", "UserID": "S-1-5-18", "EventData.operationName": "Enumeration", "EventData.resourceUri": "http://schemas.microsoft.com/wbem/wsman/1/config/listener"}
{"EventID": "254", "Channel": "Microsoft-Windows-WinRM/Operational", "Provider_Name": "Microsoft-Windows-WinRM", "Computer": "DESKTOP-OFJ6N53", "TimeCreated": "2025-06-03 21:03:26.889479+00:00", "RecordID": "48928", "Level": "4", "UserID": "S-1-5-18"}
{"EventID": "161", "Channel": "Microsoft-Windows-WinRM/Operational", "Provider_Name": "Microsoft-Windows-WinRM", "Computer": "DESKTOP-OFJ6N53", "TimeCreated": "2025-06-03 21:03:26.889481+00:00", "RecordID": "48929", "Level": "2", "UserID": "S-1-5-18", "EventData.authFailureMessage": "Клиенту не удается подключиться к узлу назначения, указанному в запросе. Убедитесь, что служба на узле назначения работает и принимает запросы. Ознакомьтесь с журналами и документацией для определения запущенной на узле назначения службы WS-Management (чаще всего это IIS или WinRM). Если это служба WinRM, то для анализа состояния и настройки этой службы используйте на удаленном узле команду \"winrm quickconfig\"."}
{"EventID": "142", "Channel": "Microsoft-Windows-WinRM/Operational", "Provider_Name": "Microsoft-Windows-WinRM", "Computer": "DESKTOP-OFJ6N53", "TimeCreated": "2025-06-03 21:03:26.889584+00:00", "RecordID": "48930", "Level": "2", "UserID": "S-1-5-18", "EventData.operationName": "Enumeration", "EventData.errorCode": "2150858770"}
{"EventID": "145", "Channel": "Microsoft-Windows-WinRM/Operational", "Provider_Name": "Microsoft-Windows-WinRM", "Computer": "DESKTOP-OFJ6N53", "TimeCreated": "2025-06-03 22:22:18.709892+00:00", "RecordID": "48931", "Level": "4", "UserID": "S-1-5-18", "EventData.operationName": "Enumeration", "EventData.resourceUri": "http://schemas.microsoft.com/wbem/wsman/1/config/listener"}
{"EventID": "254", "Channel": "Microsoft-Windows-WinRM/Operational", "Provider_Name": "Microsoft-Windows-WinRM", "Computer": "DESKTOP-OFJ6N53", "TimeCreated": "2025-06-03 22:22:22.773371+00:00", "RecordID": "48932", "Level": "4", "UserID": "S-1-5-18"}
{"EventID": "161", "Channel": "Microsoft-Windows-WinRM/Operational", "Provider_Name": "Microsoft-Windows-WinRM", "Computer": "DESKTOP-OFJ6N53", "TimeCreated": "2025-06-03 22:22:22.773373+00:00", "RecordID": "48933", "Level": "2", "UserID": "S-1-5-18", "EventData.authFailureMessage": "Клиенту не удается подключиться к узлу назначения, указанному в запросе. Убедитесь, что служба на узле назначения работает и принимает запросы. Ознакомьтесь с журналами и документацией для определения запущенной на узле назначения службы WS-Management (чаще всего это IIS или WinRM). Если это служба WinRM, то для анализа состояния и настройки этой службы используйте на удаленном узле команду \"winrm quickconfig\"."}
{"EventID": "142", "Channel": "Microsoft-Windows-WinRM/Operational", "Provider_Name": "Microsoft-Windows-WinRM", "Computer": "DESKTOP-OFJ6N53", "TimeCreated": "2025-06-03 22:22:22.773495+00:00", "RecordID": "48934", "Level": "2", "UserID": "S-1-5-18", "EventData.operationName": "Enumeration", "EventData.errorCode": "2150858770"}
{"EventID": "145", "Channel": "Microsoft-Windows-WinRM/Operational", "Provider_Name": "Microsoft-Windows-WinRM", "Computer": "DESKTOP-OFJ6N53", "TimeCreated": "2025-06-04 01:25:00.326141+00:00", "RecordID": "48935", "Level": "4", "UserID": "S-1-5-18", "EventData.operationName": "Enumeration", "EventData.resourceUri": "http://schemas.microsoft.com/wbem/wsman/1/config/listener"}
{"EventID": "254", "Channel": "Microsoft-Windows-WinRM/Operational", "Provider_Name": "Microsoft-Windows-WinRM", "Computer": "DESKTOP-OFJ6N53", "TimeCreated": "2025-06-04 01:25:04.454880+00:00", "RecordID": "48936", "Level": "4", "UserID": "S-1-5-18"}
{"EventID": "161", "Channel": "Microsoft-Windows-WinRM/Operational", "Provider_Name": "Microsoft-Windows-WinRM", "Computer": "DESKTOP-OFJ6N53", "TimeCreated": "2025-06-04 01:25:04.454882+00:00", "RecordID": "48937", "Level": "2", "UserID": "S-1-5-18", "EventData.authFailureMessage": "Клиенту не удается подключиться к узлу назначения, указанному в запросе. Убедитесь, что служба на узле назначения работает и принимает запросы. Ознакомьтесь с журналами и документацией для определения запущенной на узле назначения службы WS-Management (чаще всего это IIS или WinRM). Если это служба WinRM, то для анализа состояния и настройки этой службы используйте на удаленном узле команду \"winrm quickconfig\"."}
{"EventID": "142", "Channel": "Microsoft-Windows-WinRM/Operational", "Provider_Name": "Microsoft-Windows-WinRM", "Computer": "DESKTOP-OFJ6N53", "TimeCreated": "2025-06-04 01:25:04.454933+00:00", "RecordID": "48938", "Level": "2", "UserID": "S-1-5-18", "EventData.operationName": "Enumeration", "EventData.errorCode": "2150858770"}
{"EventID": "145", "Channel": "Microsoft-Windows-WinRM/Operational", "Provider_Name": "Microsoft-Windows-WinRM", "Computer": "DESKTOP-OFJ6N53", "TimeCreated": "2025-06-04 04:54:17.949203+00:00", "RecordID": "48939", "Level": "4", "UserID": "S-1-5-18", "EventData.operationName": "Enumeration", "EventData.resourceUri": "http://schemas.microsoft.com/wbem/wsman/1/config/listener"}
{"EventID": "254", "Channel": "Microsoft-Windows-WinRM/Operational", "Provider_Name": "Microsoft-Windows-WinRM", "Computer": "DESKTOP-OFJ6N53", "TimeCreated": "2025-06-04 04:54:22.031042+00:00", "RecordID": "48940", "Level": "4", "UserID": "S-1-5-18"}
{"EventID": "161", "Channel": "Microsoft-Windows-WinRM/Operational", "Provider_Name": "Microsoft-Windows-WinRM", "Computer": "DESKTOP-OFJ6N53", "TimeCreated": "2025-06-04 04:54:22.031044+00:00", "RecordID": "48941", "Level": "2", "UserID": "S-1-5-18", "EventData.authFailureMessage": "Клиенту не удается подключиться к узлу назначения, указанному в запросе. Убедитесь, что служба на узле назначения работает и принимает запросы. Ознакомьтесь с журналами и документацией для определения запущенной на узле назначения службы WS-Management (чаще всего это IIS или WinRM). Если это служба WinRM, то для анализа состояния и настройки этой службы используйте на удаленном узле команду \"winrm quickconfig\"."}
{"EventID": "142", "Channel": "Microsoft-Windows-WinRM/Operational", "Provider_Name": "Microsoft-Windows-WinRM", "Computer": "DESKTOP-OFJ6N53", "TimeCreated": "2025-06-04 04:54:22.031094+00:00", "RecordID": "48942", "Level": "2", "UserID": "S-1-5-18", "EventData.operationName": "Enumeration", "EventData.errorCode": "2150858770"}
{"EventID": "145", "Channel": "Microsoft-Windows-WinRM/Operational", "Provider_Name": "Microsoft-Windows-WinRM", "Computer": "DESKTOP-OFJ6N53", "TimeCreated": "2025-06-04 12:38:03.899378+00:00", "RecordID": "48943", "Level": "4", "UserID": "S-1-5-18", "EventData.operationName": "Enumeration", "EventData.resourceUri": "http://schemas.microsoft.com/wbem/wsman/1/config/listener"}
{"EventID": "254", "Channel": "Microsoft-Windows-WinRM/Operational", "Provider_Name": "Microsoft-Windows-WinRM", "Computer": "DESKTOP-OFJ6N53", "TimeCreated": "2025-06-04 12:38:08.054583+00:00", "RecordID": "48944", "Level": "4", "UserID": "S-1-5-18"}
{"EventID": "161", "Channel": "Microsoft-Windows-WinRM/Operational", "Provider_Name": "Microsoft-Windows-WinRM", "Computer": "DESKTOP-OFJ6N53", "TimeCreated": "2025-06-04 12:38:08.054583+00:00", "RecordID": "48945", "Level": "2", "UserID": "S-1-5-18", "EventData.authFailureMessage": "Клиенту не удается подключиться к узлу назначения, указанному в запросе. Убедитесь, что служба на узле назначения работает и принимает запросы. Ознакомьтесь с журналами и документацией для определения запущенной на узле назначения службы WS-Management (чаще всего это IIS или WinRM). Если это служба WinRM, то для анализа состояния и настройки этой службы используйте на удаленном узле команду \"winrm quickconfig\"."}
{"EventID": "142", "Channel": "Microsoft-Windows-WinRM/Operational", "Provider_Name": "Microsoft-Windows-WinRM", "Computer": "DESKTOP-OFJ6N53", "TimeCreated": "2025-06-04 12:38:08.054674+00:00", "RecordID": "48946", "Level": "2", "UserID": "S-1-5-18", "EventData.operationName": "Enumeration", "EventData.errorCode": "2150858770"}
{"EventID": "145", "Channel": "Microsoft-Windows-WinRM/Operational", "Provider_Name": "Microsoft-Windows-WinRM", "Computer": "DESKTOP-OFJ6N53", "TimeCreated": "2025-06-04 14:14:49.366610+00:00", "RecordID": "48947", "Level": "4", "UserID": "S-1-5-18", "EventData.operationName": "Enumeration", "EventData.resourceUri": "http://schemas.microsoft.com/wbem/wsman/1/config/listener"}
{"EventID": "254", "Channel": "Microsoft-Windows-WinRM/Operational", "Provider_Name": "Microsoft-Windows-WinRM", "Computer": "DESKTOP-OFJ6N53", "TimeCreated": "2025-06-04 14:14:53.498678+00:00", "RecordID": "48948", "Level": "4", "UserID": "S-1-5-18"}
{"EventID": "161", "Channel": "Microsoft-Windows-WinRM/Operational", "Provider_Name": "Microsoft-Windows-WinRM", "Computer": "DESKTOP-OFJ6N53", "TimeCreated": "2025-06-04 14:14:53.498680+00:00", "RecordID": "48949", "Level": "2", "UserID": "S-1-5-18", "EventData.authFailureMessage": "Клиенту не удается подключиться к узлу назначения, указанному в запросе. Убедитесь, что служба на узле назначения работает и принимает запросы. Ознакомьтесь с журналами и документацией для определения запущенной на узле назначения службы WS-Management (чаще всего это IIS или WinRM). Если это служба WinRM, то для анализа состояния и настройки этой службы используйте на удаленном узле команду \"winrm quickconfig\"."}
{"EventID": "142", "Channel": "Microsoft-Windows-WinRM/Operational", "Provider_Name": "Microsoft-Windows-WinRM", "Computer": "DESKTOP-OFJ6N53", "TimeCreated": "2025-06-04 14:14:53.498791+00:00", "RecordID": "48950", "Level": "2", "UserID": "S-1-5-18", "EventData.operationName": "Enumeration", "EventData.errorCode": "2150858770"}
{"EventID": "145", "Channel": "Microsoft-Windows-WinRM/Operational", "Provider_Name": "Microsoft-Windows-WinRM", "Computer": "DESKTOP-OFJ6N53", "TimeCreated": "2025-06-04 20:29:02.786449+00:00", "RecordID": "48951", "Level": "4", "UserID": "S-1-5-18", "EventData.operationName": "Enumeration", "EventData.resourceUri": "http://schemas.microsoft.com/wbem/wsman/1/config/listener"}
{"EventID": "254", "Channel": "Microsoft-Windows-WinRM/Operational", "Provider_Name": "Microsoft-Windows-WinRM", "Computer": "DESKTOP-OFJ6N53", "TimeCreated": "2025-06-04 20:29:06.914362+00:00", "RecordID": "48952", "Level": "4", "UserID": "S-1-5-18"}
{"EventID": "161", "Channel": "Microsoft-Windows-WinRM/Operational", "Provider_Name": "Microsoft-Windows-WinRM", "Computer": "DESKTOP-OFJ6N53", "TimeCreated": "2025-06-04 20:29:06.914364+00:00", "RecordID": "48953", "Level": "2", "UserID": "S-1-5-18", "EventData.authFailureMessage": "Клиенту не удается подключиться к узлу назначения, указанному в запросе. Убедитесь, что служба на узле назначения работает и принимает запросы. Ознакомьтесь с журналами и документацией для определения запущенной на узле назначения службы WS-Management (чаще всего это IIS или WinRM). Если это служба WinRM, то для анализа состояния и настройки этой службы используйте на удаленном узле команду \"winrm quickconfig\"."}
{"EventID": "142", "Channel": "Microsoft-Windows-WinRM/Operational", "Provider_Name": "Microsoft-Windows-WinRM", "Computer": "DESKTOP-OFJ6N53", "TimeCreated": "2025-06-04 20:29:06.914421+00:00", "RecordID": "48954", "Level": "2", "UserID": "S-1-5-18", "EventData.operationName": "Enumeration", "EventData.errorCode": "2150858770"}
{"EventID": "145", "Channel": "Microsoft-Windows-WinRM/Operational", "Provider_Name": "Microsoft-Windows-WinRM", "Computer": "DESKTOP-OFJ6N53", "TimeCreated": "2025-06-04 21:03:23.101082+00:00", "RecordID": "48955", "Level": "4", "UserID": "S-1-5-18", "EventData.operationName": "Enumeration", "EventData.resourceUri": "http://schemas.microsoft.com/wbem/wsman/1/config/listener"}
{"EventID": "254", "Channel": "Microsoft-Windows-WinRM/Operational", "Provider_Name": "Microsoft-Windows-WinRM", "Computer": "DESKTOP-OFJ6N53", "TimeCreated": "2025-06-04 21:03:27.227049+00:00", "RecordID": "48956", "Level": "4", "UserID": "S-1-5-18"}
{"EventID": "161", "Channel": "Microsoft-Windows-WinRM/Operational", "Provider_Name": "Microsoft-Windows-WinRM", "Computer": "DESKTOP-OFJ6N53", "TimeCreated": "2025-06-04 21:03:27.227051+00:00", "RecordID": "48957", "Level": "2", "UserID": "S-1-5-18", "EventData.authFailureMessage": "Клиенту не удается подключиться к узлу назначения, указанному в запросе. Убедитесь, что служба на узле назначения работает и принимает запросы. Ознакомьтесь с журналами и документацией для определения запущенной на узле назначения службы WS-Management (чаще всего это IIS или WinRM). Если это служба WinRM, то для анализа состояния и настройки этой службы используйте на удаленном узле команду \"winrm quickconfig\"."}
{"EventID": "142", "Channel": "Microsoft-Windows-WinRM/Operational", "Provider_Name": "Microsoft-Windows-WinRM", "Computer": "DESKTOP-OFJ6N53", "TimeCreated": "2025-06-04 21:03:27.227108+00:00", "RecordID": "48958", "Level": "2", "UserID": "S-1-5-18", "EventData.operationName": "Enumeration", "EventData.errorCode": "2150858770"}
{"EventID": "145", "Channel": "Microsoft-Windows-WinRM/Operational", "Provider_Name": "Microsoft-Windows-WinRM", "Computer": "DESKTOP-OFJ6N53", "TimeCreated": "2025-06-05 14:16:19.816643+00:00", "RecordID": "48959", "Level": "4", "UserID": "S-1-5-18", "EventData.operationName": "Enumeration", "EventData.resourceUri": "http://schemas.microsoft.com/wbem/wsman/1/config/listener"}
{"EventID": "254", "Channel": "Microsoft-Windows-WinRM/Operational", "Provider_Name": "Microsoft-Windows-WinRM", "Computer": "DESKTOP-OFJ6N53", "TimeCreated": "2025-06-05 14:16:23.914396+00:00", "RecordID": "48960", "Level": "4", "UserID": "S-1-5-18"}
{"EventID": "161", "Channel": "Microsoft-Windows-WinRM/Operational", "Provider_Name": "Microsoft-Windows-WinRM", "Computer": "DESKTOP-OFJ6N53", "TimeCreated": "2025-06-05 14:16:23.914398+00:00", "RecordID": "48961", "Level": "2", "UserID": "S-1-5-18", "EventData.authFailureMessage": "Клиенту не удается подключиться к узлу назначения, указанному в запросе. Убедитесь, что служба на узле назначения работает и принимает запросы. Ознакомьтесь с журналами и документацией для определения запущенной на узле назначения службы WS-Management (чаще всего это IIS или WinRM). Если это служба WinRM, то для анализа состояния и настройки этой службы используйте на удаленном узле команду \"winrm quickconfig\"."}
{"EventID": "142", "Channel": "Microsoft-Windows-WinRM/Operational", "Provider_Name": "Microsoft-Windows-WinRM", "Computer": "DESKTOP-OFJ6N53", "TimeCreated": "2025-06-05 14:16:23.914459+00:00", "RecordID": "48962", "Level": "2", "UserID": "S-1-5-18", "EventData.operationName": "Enumeration", "EventData.errorCode": "2150858770"}
{"EventID": "145", "Channel": "Microsoft-Windows-WinRM/Operational", "Provider_Name": "Microsoft-Windows-WinRM", "Computer": "DESKTOP-OFJ6N53", "TimeCreated": "2025-06-05 21:03:22.848177+00:00", "RecordID": "48963", "Level": "4", "UserID": "S-1-5-18", "EventData.operationName": "Enumeration", "EventData.resourceUri": "http://schemas.microsoft.com/wbem/wsman/1/config/listener"}
{"EventID": "254", "Channel": "Microsoft-Windows-WinRM/Operational", "Provider_Name": "Microsoft-Windows-WinRM", "Computer": "DESKTOP-OFJ6N53", "TimeCreated": "2025-06-05 21:03:26.975878+00:00", "RecordID": "48964", "Level": "4", "UserID": "S-1-5-18"}
{"EventID": "161", "Channel": "Microsoft-Windows-WinRM/Operational", "Provider_Name": "Microsoft-Windows-WinRM", "Computer": "DESKTOP-OFJ6N53", "TimeCreated": "2025-06-05 21:03:26.975880+00:00", "RecordID": "48965", "Level": "2", "UserID": "S-1-5-18", "EventData.authFailureMessage": "Клиенту не удается подключиться к узлу назначения, указанному в запросе. Убедитесь, что служба на узле назначения работает и принимает запросы. Ознакомьтесь с журналами и документацией для определения запущенной на узле назначения службы WS-Management (чаще всего это IIS или WinRM). Если это служба WinRM, то для анализа состояния и настройки этой службы используйте на удаленном узле команду \"winrm quickconfig\"."}
{"EventID": "142", "Channel": "Microsoft-Windows-WinRM/Operational", "Provider_Name": "Microsoft-Windows-WinRM", "Computer": "DESKTOP-OFJ6N53", "TimeCreated": "2025-06-05 21:03:26.976021+00:00", "RecordID": "48966", "Level": "2", "UserID": "S-1-5-18", "EventData.operationName": "Enumeration", "EventData.errorCode": "2150858770"}
{"EventID": "145", "Channel": "Microsoft-Windows-WinRM/Operational", "Provider_Name": "Microsoft-Windows-WinRM", "Computer": "DESKTOP-OFJ6N53", "TimeCreated": "2025-06-05 21:31:05.707554+00:00", "RecordID": "48967", "Level": "4", "UserID": "S-1-5-18", "EventData.operationName": "Enumeration", "EventData.resourceUri": "http://schemas.microsoft.com/wbem/wsman/1/config/listener"}
{"EventID": "254", "Channel": "Microsoft-Windows-WinRM/Operational", "Provider_Name": "Microsoft-Windows-WinRM", "Computer": "DESKTOP-OFJ6N53", "TimeCreated": "2025-06-05 21:31:09.835934+00:00", "RecordID": "48968", "Level": "4", "UserID": "S-1-5-18"}
{"EventID": "161", "Channel": "Microsoft-Windows-WinRM/Operational", "Provider_Name": "Microsoft-Windows-WinRM", "Computer": "DESKTOP-OFJ6N53", "TimeCreated": "2025-06-05 21:31:09.835936+00:00", "RecordID": "48969", "Level": "2", "UserID": "S-1-5-18", "EventData.authFailureMessage": "Клиенту не удается подключиться к узлу назначения, указанному в запросе. Убедитесь, что служба на узле назначения работает и принимает запросы. Ознакомьтесь с журналами и документацией для определения запущенной на узле назначения службы WS-Management (чаще всего это IIS или WinRM). Если это служба WinRM, то для анализа состояния и настройки этой службы используйте на удаленном узле команду \"winrm quickconfig\"."}
{"EventID": "142", "Channel": "Microsoft-Windows-WinRM/Operational", "Provider_Name": "Microsoft-Windows-WinRM", "Computer": "DESKTOP-OFJ6N53", "TimeCreated": "2025-06-05 21:31:09.835991+00:00", "RecordID": "48970", "Level": "2", "UserID": "S-1-5-18", "EventData.operationName": "Enumeration", "EventData.errorCode": "2150858770"}
{"EventID": "145", "Channel": "Microsoft-Windows-WinRM/Operational", "Provider_Name": "Microsoft-Windows-WinRM", "Computer": "DESKTOP-OFJ6N53", "TimeCreated": "2025-06-06 14:16:24.623055+00:00", "RecordID": "48971", "Level": "4", "UserID": "S-1-5-18", "EventData.operationName": "Enumeration", "EventData.resourceUri": "http://schemas.microsoft.com/wbem/wsman/1/config/listener"}
{"EventID": "254", "Channel": "Microsoft-Windows-WinRM/Operational", "Provider_Name": "Microsoft-Windows-WinRM", "Computer": "DESKTOP-OFJ6N53", "TimeCreated": "2025-06-06 14:16:28.749889+00:00", "RecordID": "48972", "Level": "4", "UserID": "S-1-5-18"}
{"EventID": "161", "Channel": "Microsoft-Windows-WinRM/Operational", "Provider_Name": "Microsoft-Windows-WinRM", "Computer": "DESKTOP-OFJ6N53", "TimeCreated": "2025-06-06 14:16:28.749891+00:00", "RecordID": "48973", "Level": "2", "UserID": "S-1-5-18", "EventData.authFailureMessage": "Клиенту не удается подключиться к узлу назначения, указанному в запросе. Убедитесь, что служба на узле назначения работает и принимает запросы. Ознакомьтесь с журналами и документацией для определения запущенной на узле назначения службы WS-Management (чаще всего это IIS или WinRM). Если это служба WinRM, то для анализа состояния и настройки этой службы используйте на удаленном узле команду \"winrm quickconfig\"."}
{"EventID": "142", "Channel": "Microsoft-Windows-WinRM/Operational", "Provider_Name": "Microsoft-Windows-WinRM", "Computer": "DESKTOP-OFJ6N53", "TimeCreated": "2025-06-06 14:16:28.749990+00:00", "RecordID": "48974", "Level": "2", "UserID": "S-1-5-18", "EventData.operationName": "Enumeration", "EventData.errorCode": "2150858770"}
{"EventID": "145", "Channel": "Microsoft-Windows-WinRM/Operational", "Provider_Name": "Microsoft-Windows-WinRM", "Computer": "DESKTOP-OFJ6N53", "TimeCreated": "2025-06-06 16:01:49.762243+00:00", "RecordID": "48975", "Level": "4", "UserID": "S-1-5-18", "EventData.operationName": "Enumeration", "EventData.resourceUri": "http://schemas.microsoft.com/wbem/wsman/1/config/listener"}
{"EventID": "254", "Channel": "Microsoft-Windows-WinRM/Operational", "Provider_Name": "Microsoft-Windows-WinRM", "Computer": "DESKTOP-OFJ6N53", "TimeCreated": "2025-06-06 16:01:53.875061+00:00", "RecordID": "48976", "Level": "4", "UserID": "S-1-5-18"}
{"EventID": "161", "Channel": "Microsoft-Windows-WinRM/Operational", "Provider_Name": "Microsoft-Windows-WinRM", "Computer": "DESKTOP-OFJ6N53", "TimeCreated": "2025-06-06 16:01:53.875061+00:00", "RecordID": "48977", "Level": "2", "UserID": "S-1-5-18", "EventData.authFailureMessage": "Клиенту не удается подключиться к узлу назначения, указанному в запросе. Убедитесь, что служба на узле назначения работает и принимает запросы. Ознакомьтесь с журналами и документацией для определения запущенной на узле назначения службы WS-Management (чаще всего это IIS или WinRM). Если это служба WinRM, то для анализа состояния и настройки этой службы используйте на удаленном узле команду \"winrm quickconfig\"."}
{"EventID": "142", "Channel": "Microsoft-Windows-WinRM/Operational", "Provider_Name": "Microsoft-Windows-WinRM", "Computer": "DESKTOP-OFJ6N53", "TimeCreated": "2025-06-06 16:01:53.875139+00:00", "RecordID": "48978", "Level": "2", "UserID": "S-1-5-18", "EventData.operationName": "Enumeration", "EventData.errorCode": "2150858770"}
{"EventID": "145", "Channel": "Microsoft-Windows-WinRM/Operational", "Provider_Name": "Microsoft-Windows-WinRM", "Computer": "DESKTOP-OFJ6N53", "TimeCreated": "2025-06-06 21:03:22.874521+00:00", "RecordID": "48979", "Level": "4", "UserID": "S-1-5-18", "EventData.operationName": "Enumeration", "EventData.resourceUri": "http://schemas.microsoft.com/wbem/wsman/1/config/listener"}
{"EventID": "254", "Channel": "Microsoft-Windows-WinRM/Operational", "Provider_Name": "Microsoft-Windows-WinRM", "Computer": "DESKTOP-OFJ6N53", "TimeCreated": "2025-06-06 21:03:26.938108+00:00", "RecordID": "48980", "Level": "4", "UserID": "S-1-5-18"}
{"EventID": "161", "Channel": "Microsoft-Windows-WinRM/Operational", "Provider_Name": "Microsoft-Windows-WinRM", "Computer": "DESKTOP-OFJ6N53", "TimeCreated": "2025-06-06 21:03:26.938110+00:00", "RecordID": "48981", "Level": "2", "UserID": "S-1-5-18", "EventData.authFailureMessage": "Клиенту не удается подключиться к узлу назначения, указанному в запросе. Убедитесь, что служба на узле назначения работает и принимает запросы. Ознакомьтесь с журналами и документацией для определения запущенной на узле назначения службы WS-Management (чаще всего это IIS или WinRM). Если это служба WinRM, то для анализа состояния и настройки этой службы используйте на удаленном узле команду \"winrm quickconfig\"."}
{"EventID": "142", "Channel": "Microsoft-Windows-WinRM/Operational", "Provider_Name": "Microsoft-Windows-WinRM", "Computer": "DESKTOP-OFJ6N53", "TimeCreated": "2025-06-06 21:03:26.938202+00:00", "RecordID": "48982", "Level": "2", "UserID": "S-1-5-18", "EventData.operationName": "Enumeration", "EventData.errorCode": "2150858770"}
{"EventID": "145", "Channel": "Microsoft-Windows-WinRM/Operational", "Provider_Name": "Microsoft-Windows-WinRM", "Computer": "DESKTOP-OFJ6N53", "TimeCreated": "2025-06-06 21:51:50.746885+00:00", "RecordID": "48983", "Level": "4", "UserID": "S-1-5-18", "EventData.operationName": "Enumeration", "EventData.resourceUri": "http://schemas.microsoft.com/wbem/wsman/1/config/listener"}
{"EventID": "254", "Channel": "Microsoft-Windows-WinRM/Operational", "Provider_Name": "Microsoft-Windows-WinRM", "Computer": "DESKTOP-OFJ6N53", "TimeCreated": "2025-06-06 21:51:54.859539+00:00", "RecordID": "48984", "Level": "4", "UserID": "S-1-5-18"}
{"EventID": "161", "Channel": "Microsoft-Windows-WinRM/Operational", "Provider_Name": "Microsoft-Windows-WinRM", "Computer": "DESKTOP-OFJ6N53", "TimeCreated": "2025-06-06 21:51:54.859541+00:00", "RecordID": "48985", "Level": "2", "UserID": "S-1-5-18", "EventData.authFailureMessage": "Клиенту не удается подключиться к узлу назначения, указанному в запросе. Убедитесь, что служба на узле назначения работает и принимает запросы. Ознакомьтесь с журналами и документацией для определения запущенной на узле назначения службы WS-Management (чаще всего это IIS или WinRM). Если это служба WinRM, то для анализа состояния и настройки этой службы используйте на удаленном узле команду \"winrm quickconfig\"."}
{"EventID": "142", "Channel": "Microsoft-Windows-WinRM/Operational", "Provider_Name": "Microsoft-Windows-WinRM", "Computer": "DESKTOP-OFJ6N53", "TimeCreated": "2025-06-06 21:51:54.859612+00:00", "RecordID": "48986", "Level": "2", "UserID": "S-1-5-18", "EventData.operationName": "Enumeration", "EventData.errorCode": "2150858770"}
{"EventID": "145", "Channel": "Microsoft-Windows-WinRM/Operational", "Provider_Name": "Microsoft-Windows-WinRM", "Computer": "DESKTOP-OFJ6N53", "TimeCreated": "2025-06-06 23:25:30.857918+00:00", "RecordID": "48987", "Level": "4", "UserID": "S-1-5-18", "EventData.operationName": "Enumeration", "EventData.resourceUri": "http://schemas.microsoft.com/wbem/wsman/1/config/listener"}
{"EventID": "254", "Channel": "Microsoft-Windows-WinRM/Operational", "Provider_Name": "Microsoft-Windows-WinRM", "Computer": "DESKTOP-OFJ6N53", "TimeCreated": "2025-06-06 23:25:34.953152+00:00", "RecordID": "48988", "Level": "4", "UserID": "S-1-5-18"}
{"EventID": "161", "Channel": "Microsoft-Windows-WinRM/Operational", "Provider_Name": "Microsoft-Windows-WinRM", "Computer": "DESKTOP-OFJ6N53", "TimeCreated": "2025-06-06 23:25:34.953154+00:00", "RecordID": "48989", "Level": "2", "UserID": "S-1-5-18", "EventData.authFailureMessage": "Клиенту не удается подключиться к узлу назначения, указанному в запросе. Убедитесь, что служба на узле назначения работает и принимает запросы. Ознакомьтесь с журналами и документацией для определения запущенной на узле назначения службы WS-Management (чаще всего это IIS или WinRM). Если это служба WinRM, то для анализа состояния и настройки этой службы используйте на удаленном узле команду \"winrm quickconfig\"."}
{"EventID": "142", "Channel": "Microsoft-Windows-WinRM/Operational", "Provider_Name": "Microsoft-Windows-WinRM", "Computer": "DESKTOP-OFJ6N53", "TimeCreated": "2025-06-06 23:25:34.953253+00:00", "RecordID": "48990", "Level": "2", "UserID": "S-1-5-18", "EventData.operationName": "Enumeration", "EventData.errorCode": "2150858770"}
{"EventID": "145", "Channel": "Microsoft-Windows-WinRM/Operational", "Provider_Name": "Microsoft-Windows-WinRM", "Computer": "DESKTOP-OFJ6N53", "TimeCreated": "2025-06-07 00:25:53.919703+00:00", "RecordID": "48991", "Level": "4", "UserID": "S-1-5-18", "EventData.operationName": "Enumeration", "EventData.resourceUri": "http://schemas.microsoft.com/wbem/wsman/1/config/listener"}
{"EventID": "254", "Channel": "Microsoft-Windows-WinRM/Operational", "Provider_Name": "Microsoft-Windows-WinRM", "Computer": "DESKTOP-OFJ6N53", "TimeCreated": "2025-06-07 00:25:58.046635+00:00", "RecordID": "48992", "Level": "4", "UserID": "S-1-5-18"}
{"EventID": "161", "Channel": "Microsoft-Windows-WinRM/Operational", "Provider_Name": "Microsoft-Windows-WinRM", "Computer": "DESKTOP-OFJ6N53", "TimeCreated": "2025-06-07 00:25:58.046637+00:00", "RecordID": "48993", "Level": "2", "UserID": "S-1-5-18", "EventData.authFailureMessage": "Клиенту не удается подключиться к узлу назначения, указанному в запросе. Убедитесь, что служба на узле назначения работает и принимает запросы. Ознакомьтесь с журналами и документацией для определения запущенной на узле назначения службы WS-Management (чаще всего это IIS или WinRM). Если это служба WinRM, то для анализа состояния и настройки этой службы используйте на удаленном узле команду \"winrm quickconfig\"."}
{"EventID": "142", "Channel": "Microsoft-Windows-WinRM/Operational", "Provider_Name": "Microsoft-Windows-WinRM", "Computer": "DESKTOP-OFJ6N53", "TimeCreated": "2025-06-07 00:25:58.046686+00:00", "RecordID": "48994", "Level": "2", "UserID": "S-1-5-18", "EventData.operationName": "Enumeration", "EventData.errorCode": "2150858770"}
{"EventID": "145", "Channel": "Microsoft-Windows-WinRM/Operational", "Provider_Name": "Microsoft-Windows-WinRM", "Computer": "DESKTOP-OFJ6N53", "TimeCreated": "2025-06-07 14:16:30.155586+00:00", "RecordID": "48995", "Level": "4", "UserID": "S-1-5-18", "EventData.operationName": "Enumeration", "EventData.resourceUri": "http://schemas.microsoft.com/wbem/wsman/1/config/listener"}
{"EventID": "254", "Channel": "Microsoft-Windows-WinRM/Operational", "Provider_Name": "Microsoft-Windows-WinRM", "Computer": "DESKTOP-OFJ6N53", "TimeCreated": "2025-06-07 14:16:34.265593+00:00", "RecordID": "48996", "Level": "4", "UserID": "S-1-5-18"}
