{"EventID": "614", "Channel": "Microsoft-Windows-AppXDeploymentServer/Operational", "Provider_Name": "Microsoft-Windows-AppXDeployment-Server", "Computer": "DESKTOP-OFJ6N53", "TimeCreated": "2025-07-27 20:26:42.020998+00:00", "RecordID": "114683", "Level": "5", "UserID": "S-1-5-21-963789628-1060504924-4285088085-1001", "EventData.PathOne": "C:\\Program Files\\WindowsApps\\Microsoft.YourPhone_1.25061.51.0_neutral_~_8wekyb3d8bbwe\\AppxMetadata\\AppxBundleManifest.xml", "EventData.PathTwo": "\"AppxMetadata\\Stub\\YourPhoneStub.Package_0.25061.51.0_ARM64.msix\": Microsoft.YourPhone_0.25061.51.0_arm64__8wekyb3d8bbwe \"AppxMetadata\\Stub\\YourPhoneStub.Package_0.25061.51.0_language-af.msix\": Microsoft.YourPhone_0.25061.51.0_neutral_split.language-af_8wekyb3d8bbwe \"AppxMetadata\\Stub\\YourPhoneStub.Package_0.25061.51.0_language-am.msix\": Microsoft.YourPhone_0.25061.51.0_neutral_split.language-am_8wekyb3d8bbwe \"AppxMetadata\\Stub\\YourPhoneStub.Package_0.25061.51.0_language-ar.msix\": Microsoft.YourPhone_0.25061.51.0_neutral_split.language-ar_8wekyb3d8bbwe \"AppxMetadata\\Stub\\YourPhoneStub.Package_0.25061.51.0_language-as.msix\": Microsoft.YourPhone_0.25061.51.0_neutral_split.language-as_8wekyb3d8bbwe \"AppxMetadata\\Stub\\YourPhoneStub.Package_0.25061.51.0_language-az-latn.msix\": Microsoft.YourPhone_0.25061.51.0_neutral_split.language-az-latn_8wekyb3d8bbwe \"AppxMetadata\\Stub\\YourPhoneStub.Package_0.25061.51.0_language-be.msix\": Microsoft.YourPhone_0.25061.51.0_neutral_split.language-be_8wekyb3d8bbwe \"AppxMetadata\\Stub\\YourPhoneStub.Package_0.25061.51.0_language-bg.msix\": Microsoft.YourPhone_0.25061.51.0_neutral_split.language-bg_8wekyb3d8bbwe \"AppxMetadata\\Stub\\YourPhoneStub.Package_0.25061.51.0_language-bn.msix\": Microsoft.YourPhone_0.25061.51.0_neutral_split.language-bn_8wekyb3d8bbwe \"AppxMetadata\\Stub\\YourPhoneStub.Package_0.25061.51.0_language-bs.msix\": Microsoft.YourPhone_0.25061.51.0_neutral_split.language-bs_8wekyb3d8bbwe \"AppxMetadata\\Stub\\YourPhoneStub.Package_0.25061.51.0_language-ca.msix\": Microsoft.YourPhone_0.25061.51.0_neutral_split.language-ca_8wekyb3d8bbwe \"AppxMetadata\\Stub\\YourPhoneStub.Package_0.25061.51.0_language-cs.msix\": Microsoft.YourPhone_0.25061.51.0_neutral_split.language-cs_8wekyb3d8bbwe \"AppxMetadata\\Stub\\YourPhoneStub.Package_0.25061.51.0_language-cy.msix\": Microsoft.YourPhone_0.25061.51.0_neutral_split.language-cy_8wekyb3d8bbwe \"AppxMetadata\\Stub\\YourPhoneStub.Package_0.25061.51.0_language-da.msix\": Microsoft.YourPhone_0.25061.51.0_neutral_split.language-da_8wekyb3d8bbwe \"AppxMetadata\\Stub\\YourPhoneStub.Package_0.25061.51.0_language-de.msix\": Microsoft.YourPhone_0.25061.51.0_neutral_split.language-de_8wekyb3d8bbwe \"AppxMetadata\\Stub\\YourPhoneStub.Package_0.25061.51.0_language-el.msix\": Microsoft.YourPhone_0.25061.51.0_neutral_split.language-el_8wekyb3d8bbwe \"AppxMetadata\\Stub\\YourPhoneStub.Package_0.25061.51.0_language-es.msix\": Microsoft.YourPhone_0.25061.51.0_neutral_split.language-es_8wekyb3d8bbwe \"AppxMetadata\\Stub\\YourPhoneStub.Package_0.25061.51.0_language-et.msix\": Microsoft.YourPhone_0.25061.51.0_neutral_split.language-et_8wekyb3d8bbwe \"AppxMetadata\\Stub\\YourPhoneStub.Package_0.25061.51.0_language-eu.msix\": Microsoft.YourPhone_0.25061.51.0_neutral_split.language-eu_8wekyb3d8bbwe \"AppxMetadata\\Stub\\YourPhoneStub.Package_0.25061.51.0_language-fa.msix\": Microsoft.YourPhone_0.25061.51.0_neutral_split.language-fa_8wekyb3d8bbwe \"AppxMetadata\\Stub\\YourPhoneStub.Package_0.25061.51.0_language-fi.msix\": Microsoft.YourPhone_0.25061.51.0_neutral_split.language-fi_8wekyb3d8bbwe \"AppxMetadata\\Stub\\YourPhoneStub.Package_0.25061.51.0_language-fil-latn.msix\": Microsoft.YourPhone_0.25061.51.0_neutral_split.language-fil-latn_8wekyb3d8bbwe \"AppxMetadata\\Stub\\YourPhoneStub.Package_0.25061.51.0_language-fr.msix\": Microsoft.YourPhone_0.25061.51.0_neutral_split.language-fr_8wekyb3d8bbwe \"AppxMetadata\\Stub\\YourPhoneStub.Package_0.25061.51.0_language-ga.msix\": Microsoft.YourPhone_0.25061.51.0_neutral_split.language-ga_8wekyb3d8bbwe \"AppxMetadata\\Stub\\YourPhoneStub.Package_0.25061.51.0_language-gd-latn.msix\": Microsoft.YourPhone_0.25061.51.0_neutral_split.language-gd-latn_8wekyb3d8bbwe \"AppxMetadata\\Stub\\YourPhoneStub.Package_0.25061.51.0_language-gl.msix\": Microsoft.YourPhone_0.25061.51.0_neutral_split.language-gl_8wekyb3d8bbwe \"AppxMetadata\\Stub\\YourPhoneStub.Package_0.25061.51.0_language-gu.msix\": Microsoft.YourPhone_0.25061.51.0_neutral_split.language-gu_8wekyb3d8bbwe \"AppxMetadata\\Stub\\YourPhoneStub.Package_0.25061.51.0_language-he.msix\": Microsoft.YourPhone_0.25061.51.0_neutral_split.language-he_8wekyb3d8bbwe \"AppxMetadata\\Stub\\YourPhoneStub.Package_0.25061.51.0_language-hi.msix\": Microsoft.YourPhone_0.25061.51.0_neutral_split.language-hi_8wekyb3d8bbwe \"AppxMetadata\\Stub\\YourPhoneStub.Package_0.25061.51.0_language-hr.msix\": Microsoft.YourPhone_0.25061.51.0_neutral_split.language-hr_8wekyb3d8bbwe \"AppxMetadata\\Stub\\YourPhoneStub.Package_0.25061.51.0_language-hu.msix\": Microsoft.YourPhone_0.25061.51.0_neutral_split.language-hu_8wekyb3d8bbwe \"AppxMetadata\\Stub\\YourPhoneStub.Package_0.25061.51.0_language-hy.msix\": Microsoft.YourPhone_0.25061.51.0_neutral_split.language-hy_8wekyb3d8bbwe \"AppxMetadata\\Stub\\YourPhoneStub.Package_0.25061.51.0_language-id.msix\": Microsoft.YourPhone_0.25061.51.0_neutral_split.language-id_8wekyb3d8bbwe \"AppxMetadata\\Stub\\YourPhoneStub.Package_0.25061.51.0_language-is.msix\": Microsoft.YourPhone_0.25061.51.0_neutral_split.language-is_8wekyb3d8bbwe \"AppxMetadata\\Stub\\YourPhoneStub.Package_0.25061.51.0_language-it.msix\": Microsoft.YourPhone_0.25061.51.0_neutral_split.language-it_8wekyb3d8bbwe \"AppxMetadata\\Stub\\YourPhoneStub.Package_0.25061.51.0_language-ja.msix\": Microsoft.YourPhone_0.25061.51.0_neutral_split.language-ja_8wekyb3d8bbwe \"AppxMetadata\\Stub\\YourPhoneStub.Package_0.25061.51.0_language-ka.msix\": Microsoft.YourPhone_0.25061.51.0_neutral_split.language-ka_8wekyb3d8bbwe \"AppxMetadata\\Stub\\YourPhoneStub.Package_0.25061.51.0_language-kk.msix\": Microsoft.YourPhone_0.25061.51.0_neutral_split.language-kk_8wekyb3d8bbwe \"AppxMetadata\\Stub\\YourPhoneStub.Package_0.25061.51.0_language-km.msix\": Microsoft.YourPhone_0.25061.51.0_neutral_split.language-km_8wekyb3d8bbwe \"AppxMetadata\\Stub\\YourPhoneStub.Package_0.25061.51.0_language-kn.msix\": Microsoft.YourPhone_0.25061.51.0_neutral_split.language-kn_8wekyb3d8bbwe \"AppxMetadata\\Stub\\YourPhoneStub.Package_0.25061.51.0_language-ko.msix\": Microsoft.YourPhone_0.25061.51.0_neutral_split.language-ko_8wekyb3d8bbwe \"AppxMetadata\\Stub\\YourPhoneStub.Package_0.25061.51.0_language-kok.msix\": Microsoft.YourPhone_0.25061.51.0_neutral_split.language-kok_8wekyb3d8bbwe \"AppxMetadata\\Stub\\YourPhoneStub.Package_0.25061.51.0_language-lb.msix\": Microsoft.YourPhone_0.25061.51.0_neutral_split.language-lb_8wekyb3d8bbwe \"AppxMetadata\\Stub\\YourPhoneStub.Package_0.25061.51.0_language-lo.msix\": Microsoft.YourPhone_0.25061.51.0_neutral_split.language-lo_8wekyb3d8bbwe \"AppxMetadata\\Stub\\YourPhoneStub.Package_0.25061.51.0_language-lt.msix\": Microsoft.YourPhone_0.25061.51.0_neutral_split.language-lt_8wekyb3d8bbwe \"AppxMetadata\\Stub\\YourPhoneStub.Package_0.25061.51.0_language-lv.msix\": Microsoft.YourPhone_0.25061.51.0_neutral_split.language-lv_8wekyb3d8bbwe \"AppxMetadata\\Stub\\YourPhoneStub.Package_0.25061.51.0_language-mi-latn.msix\": Microsoft.YourPhone_0.25061.51.0_neutral_split.language-mi-latn_8wekyb3d8bbwe \"AppxMetadata\\Stub\\YourPhoneStub.Package_0.25061.51.0_language-mk.msix\": Microsoft.YourPhone_0.25061.51.0_neutral_split.language-mk_8wekyb3d8bbwe \"AppxMetadata\\Stub\\YourPhoneStub.Package_0.25061.51.0_language-ml.msix\": Microsoft.YourPhone_0.25061.51.0_neutral_split.language-ml_8wekyb3d8bbwe \"AppxMetadata\\Stub\\YourPhoneStub.Package_0.25061.51.0_language-mr.msix\": Microsoft.YourPhone_0.25061.51.0_neutral_split.language-mr_8wekyb3d8bbwe \"AppxMetadata\\Stub\\YourPhoneStub.Package_0.25061.51.0_language-ms.msix\": Microsoft.YourPhone_0.25061.51.0_neutral_split.language-ms_8wekyb3d8bbwe \"AppxMetadata\\Stub\\YourPhoneStub.Package_0.25061.51.0_language-mt.msix\": Microsoft.YourPhone_0.25061.51.0_neutral_split.language-mt_8wekyb3d8bbwe \"AppxMetadata\\Stub\\YourPhoneStub.Package_0.25061.51.0_language-nb.msix\": Microsoft.YourPhone_0.25061.51.0_neutral_split.language-nb_8wekyb3d8bbwe \"AppxMetadata\\Stub\\YourPhoneStub.Package_0.25061.51.0_language-ne.msix\": Microsoft.YourPhone_0.25061.51.0_neutral_split.language-ne_8wekyb3d8bbwe \"AppxMetadata\\Stub\\YourPhoneStub.Package_0.25061.51.0_language-nl.msix\": Microsoft.YourPhone_0.25061.51.0_neutral_split.language-nl_8wekyb3d8bbwe \"AppxMetadata\\Stub\\YourPhoneStub.Package_0.25061.51.0_language-nn.msix\": Microsoft.YourPhone_0.25061.51.0_neutral_split.language-nn_8wekyb3d8bbwe \"AppxMetadata\\Stub\\YourPhoneStub.Package_0.25061.51.0_language-or.msix\": Microsoft.YourPhone_0.25061.51.0_neutral_split.language-or_8wekyb3d8bbwe \"AppxMetadata\\Stub\\YourPhoneStub.Package_0.25061.51.0_language-pa.msix\": Microsoft.YourPhone_0.25061.51.0_neutral_split.language-pa_8wekyb3d8bbwe \"AppxMetadata\\Stub\\YourPhoneStub.Package_0.25061.51.0_language-pl.msix\": Microsoft.YourPhone_0.25061.51.0_neutral_split.language-pl_8wekyb3d8bbwe \"AppxMetadata\\Stub\\YourPhoneStub.Package_0.25061.51.0_language-pt.msix\": Microsoft.YourPhone_0.25061.51.0_neutral_split.language-pt_8wekyb3d8bbwe \"AppxMetadata\\Stub\\YourPhoneStub.Package_0.25061.51.0_language-qps-ploc.msix\": Microsoft.YourPhone_0.25061.51.0_neutral_split.language-qps-ploc_8wekyb3d8bbwe \"AppxMetadata\\Stub\\YourPhoneStub.Package_0.25061.51.0_language-qps-ploca.msix\": Microsoft.YourPhone_0.25061.51.0_neutral_split.language-qps-ploca_8wekyb3d8bbwe \"AppxMetadata\\Stub\\YourPhoneStub.Package_0.25061.51.0_language-qps-plocm.msix\": Microsoft.YourPhone_0.25061.51.0_neutral_split.language-qps-plocm_8wekyb3d8bbwe \"AppxMetadata\\Stub\\YourPhoneStub.Package_0.25061.51.0_language-quz-latn.msix\": Microsoft.YourPhone_0.25061.51.0_neutral_split.language-quz-latn_8wekyb3d8bbwe \"AppxMetadata\\Stub\\YourPhoneStub.Package_0.25061.51.0_language-ro.msix\": Microsoft.YourPhone_0.25061.51.0_neutral_split.language-ro_8wekyb3d8bbwe \"AppxMetadata\\Stub\\YourPhoneStub.Package_0.25061.51.0_language-ru.msix\": Microsoft.YourPhone_0.25061.51.0_neutral_split.language-ru_8wekyb3d8bbwe \"AppxMetadata\\Stub\\YourPhoneStub.Package_0.25061.51.0_language-sk.msix\": Microsoft.YourPhone_0.25061.51.0_neutral_split.language-sk_8wekyb3d8bbwe \"AppxMetadata\\Stub\\YourPhoneStub.Package_0.25061.51.0_language-sl.msix\": Microsoft.YourPhone_0.25061.51.0_neutral_split.language-sl_8wekyb3d8bbwe \"AppxMetadata\\Stub\\YourPhoneStub.Package_0.25061.51.0_language-sq.msix\": Microsoft.YourPhone_0.25061.51.0_neutral_split.language-sq_8wekyb3d8bbwe \"AppxMetadata\\Stub\\YourPhoneStub.Package_0.25061.51.0_language-sr-cyrl.msix\": Microsoft.YourPhone_0.25061.51.0_neutral_split.language-sr-cyrl_8wekyb3d8bbwe \"AppxMetadata\\Stub\\YourPhoneStub.Package_0.25061.51.0_language-sr-latn.msix\": Microsoft.YourPhone_0.25061.51.0_neutral_split.language-sr-latn_8wekyb3d8bbwe \"AppxMetadata\\Stub\\YourPhoneStub.Package_0.25061.51.0_language-sv.msix\": Microsoft.YourPhone_0.25061.51.0_neutral_split.language-sv_8wekyb3d8bbwe \"AppxMetadata\\Stub\\YourPhoneStub.Package_0.25061.51.0_language-ta.msix\": Microsoft.YourPhone_0.25061.51.0_neutral_split.language-ta_8wekyb3d8bbwe \"AppxMetadata\\Stub\\YourPhoneStub.Package_0.25061.51.0_language-te.msix\": Microsoft.YourPhone_0.25061.51.0_neutral_split.language-te_8wekyb3d8bbwe \"AppxMetadata\\Stub\\YourPhoneStub.Package_0.25061.51.0_language-th.msix\": Microsoft.YourPhone_0.25061.51.0_neutral_split.language-th_8wekyb3d8bbwe \"AppxMetadata\\Stub\\YourPhoneStub.Package_0.25061.51.0_language-tr.msix\": Microsoft.YourPhone_0.25061.51.0_neutral_split.language-tr_8wekyb3d8bbwe \"AppxMetadata\\Stub\\YourPhoneStub.Package_0.25061.51.0_language-tt-cyrl.msix\": Microsoft.YourPhone_0.25061.51.0_neutral_split.language-tt-cyrl_8wekyb3d8bbwe \"AppxMetadata\\Stub\\YourPhoneStub.Package_0.25061.51.0_language-ug-arab.msix\": Microsoft.YourPhone_0.25061.51.0_neutral_split.language-ug-arab_8wekyb3d8bbwe \"AppxMetadata\\Stub\\YourPhoneStub.Package_0.25061.51.0_language-uk.msix\": Microsoft.YourPhone_0.25061.51.0_neutral_split.language-uk_8wekyb3d8bbwe \"AppxMetadata\\Stub\\YourPhoneStub.Package_0.25061.51.0_language-ur.msix\": Microsoft.YourPhone_0.25061.51.0_neutral_split.language-ur_8wekyb3d8bbwe \"AppxMetadata\\Stub\\YourPhoneStub.Package_0.25061.51.0_language-uz-latn.msix\": Microsoft.YourPhone_0.25061.51.0_neutral_split.language-uz-latn_8wekyb3d8bbwe \"AppxMetadata\\Stub\\YourPhoneStub.Package_0.25061.51.0_language-vi.msix\": Microsoft.YourPhone_0.25061.51.0_neutral_split.language-vi_8wekyb3d8bbwe \"AppxMetadata\\Stub\\YourPhoneStub.Package_0.25061.51.0_language-zh-hans.msix\": Microsoft.YourPhone_0.25061.51.0_neutral_split.language-zh-hans_8wekyb3d8bbwe \"AppxMetadata\\Stub\\YourPhoneStub.Package_0.25061.51.0_language-zh-hant.msix\": Microsoft.YourPhone_0.25061.51.0_neutral_split.language-zh-hant_8wekyb3d8bbwe \"AppxMetadata\\Stub\\YourPhoneStub.Package_0.25061.51.0_scale-100.msix\": Microsoft.YourPhone_0.25061.51.0_neutral_split.scale-100_8wekyb3d8bbwe \"AppxMetadata\\Stub\\YourPhoneStub.Package_0.25061.51.0_scale-125.msix\": Microsoft.YourPhone_0.25061.51.0_neutral_split.scale-125_8wekyb3d8bbwe \"AppxMetadata\\Stub\\YourPhoneStub.Package_0.25061.51.0_scale-150.msix\": Microsoft.YourPhone_0.25061.51.0_neutral_split.scale-150_8wekyb3d8bbwe \"AppxMetadata\\Stub\\YourPhoneStub.Package_0.25061.51.0_scale-400.msix\": Microsoft.YourPhone_0.25061.51.0_neutral_split.scale-400_8wekyb3d8bbwe \"AppxMetadata\\Stub\\YourPhoneStub.Package_0.25061.51.0_x64.msix\": Microsoft.YourPhone_0.25061.51.0_x64__8wekyb3d8bbwe \"AppxMetadata\\Stub\\YourPhoneStub.Package_0.25061.51.0_x86.msix\": Microsoft.YourPhone_0.25061.51.0_x86__8wekyb3d8bbwe \"YourPhone.Package_1.25061.51.0_arm64.msix\": Microsoft.YourPhone_1.25061.51.0_arm64__8wekyb3d8bbwe \"YourPhone.Package_1.25061.51.0_x64.msix\": Microsoft.YourPhone_1.25061.51.0_x64__8wekyb3d8bbwe \"YourPhone.Package_1.25061.51.0_x86.msix\": Microsoft.YourPhone_1.25061.51.0_x86__8wekyb3d8bbwe \"YourPhone.Package_1.25061.51.0_language-bs.msix\": Microsoft.YourPhone_1.25061.51.0_neutral_split.language-bs_8wekyb3d8bbwe \"YourPhone.Package_1.25061.51.0_language-uz-latn.msix\": Microsoft.YourPhone_1.25061.51.0_neutral_split.language-uz-latn_8wekyb3d8bbwe \"YourPhone.Package_1.25061.51.0_language-es.msix\": Microsoft.YourPhone_1.25061.51.0_neutral_split.language-es_8wekyb3d8bbwe \"YourPhone.Package_1.25061.51.0_language-pa.msix\": Microsoft.YourPhone_1.25061.51.0_neutral_split.language-pa_8wekyb3d8bbwe \"YourPhone.Package_1.25061.51.0_language-ka.msix\": Microsoft.YourPhone_1.25061.51.0_neutral_split.language-ka_8wekyb3d8bbwe \"YourPhone.Package_1.25061.51.0_language-zh-hans.msix\": Microsoft.YourPhone_1.25061.51.0_neutral_split.language-zh-hans_8wekyb3d8bbwe \"YourPhone.Package_1.25061.51.0_language-nn.msix\": Microsoft.YourPhone_1.25061.51.0_neutral_split.language-nn_8wekyb3d8bbwe \"YourPhone.Package_1.25061.51.0_language-am.msix\": Microsoft.YourPhone_1.25061.51.0_neutral_split.language-am_8wekyb3d8bbwe \"YourPhone.Package_1.25061.51.0_language-kk.msix\": Microsoft.YourPhone_1.25061.51.0_neutral_split.language-kk_8wekyb3d8bbwe \"YourPhone.Package_1.25061.51.0_language-ga.msix\": Microsoft.YourPhone_1.25061.51.0_neutral_split.language-ga_8wekyb3d8bbwe \"YourPhone.Package_1.25061.51.0_language-ml.msix\": Microsoft.YourPhone_1.25061.51.0_neutral_split.language-ml_8wekyb3d8bbwe \"YourPhone.Package_1.25061.51.0_language-af.msix\": Microsoft.YourPhone_1.25061.51.0_neutral_split.language-af_8wekyb3d8bbwe \"YourPhone.Package_1.25061.51.0_language-qps-ploca.msix\": Microsoft.YourPhone_1.25061.51.0_neutral_split.language-qps-ploca_8wekyb3d8bbwe \"YourPhone.Package_1.25061.51.0_language-be.msix\": Microsoft.YourPhone_1.25061.51.0_neutral_split.language-be_8wekyb3d8bbwe \"YourPhone.Package_1.25061.51.0_language-ta.msix\": Microsoft.YourPhone_1.25061.51.0_neutral_split.language-ta_8wekyb3d8bbwe \"YourPhone.Package_1.25061.51.0_language-te.msix\": Microsoft.YourPhone_1.25061.51.0_neutral_split.language-te_8wekyb3d8bbwe \"YourPhone.Package_1.25061.51.0_language-lt.msix\": Microsoft.YourPhone_1.25061.51.0_neutral_split.language-lt_8wekyb3d8bbwe \"YourPhone.Package_1.25061.51.0_language-ro.msix\": Microsoft.YourPhone_1.25061.51.0_neutral_split.language-ro_8wekyb3d8bbwe \"YourPhone.Package_1.25061.51.0_language-quz-latn.msix\": Microsoft.YourPhone_1.25061.51.0_neutral_split.language-quz-latn_8wekyb3d8bbwe \"YourPhone.Package_1.25061.51.0_scale-100.msix\": Microsoft.YourPhone_1.25061.51.0_neutral_split.scale-100_8wekyb3d8bbwe \"YourPhone.Package_1.25061.51.0_language-de.msix\": Microsoft.YourPhone_1.25061.51.0_neutral_split.language-de_8wekyb3d8bbwe \"YourPhone.Package_1.25061.51.0_language-hr.msix\": Microsoft.YourPhone_1.25061.51.0_neutral_split.language-hr_8wekyb3d8bbwe \"YourPhone.Package_1.25061.51.0_language-zh-hant.msix\": Microsoft.YourPhone_1.25061.51.0_neutral_split.language-zh-hant_8wekyb3d8bbwe \"YourPhone.Package_1.25061.51.0_language-tr.msix\": Microsoft.YourPhone_1.25061.51.0_neutral_split.language-tr_8wekyb3d8bbwe \"YourPhone.Package_1.25061.51.0_language-pt.msix\": Microsoft.YourPhone_1.25061.51.0_neutral_split.language-pt_8wekyb3d8bbwe \"YourPhone.Package_1.25061.51.0_scale-150.msix\": Microsoft.YourPhone_1.25061.51.0_neutral_split.scale-150_8wekyb3d8bbwe \"YourPhone.Package_1.25061.51.0_language-uk.msix\": Microsoft.YourPhone_1.25061.51.0_neutral_split.language-uk_8wekyb3d8bbwe \"YourPhone.Package_1.25061.51.0_language-tt-cyrl.msix\": Microsoft.YourPhone_1.25061.51.0_neutral_split.language-tt-cyrl_8wekyb3d8bbwe \"YourPhone.Package_1.25061.51.0_language-qps-plocm.msix\": Microsoft.YourPhone_1.25061.51.0_neutral_split.language-qps-plocm_8wekyb3d8bbwe \"YourPhone.Package_1.25061.51.0_language-ur.msix\": Microsoft.YourPhone_1.25061.51.0_neutral_split.language-ur_8wekyb3d8bbwe \"YourPhone.Package_1.25061.51.0_language-ug-arab.msix\": Microsoft.YourPhone_1.25061.51.0_neutral_split.language-ug-arab_8wekyb3d8bbwe \"YourPhone.Package_1.25061.51.0_language-mr.msix\": Microsoft.YourPhone_1.25061.51.0_neutral_split.language-mr_8wekyb3d8bbwe \"YourPhone.Package_1.25061.51.0_language-fr.msix\": Microsoft.YourPhone_1.25061.51.0_neutral_split.language-fr_8wekyb3d8bbwe \"YourPhone.Package_1.25061.51.0_language-sr-cyrl.msix\": Microsoft.YourPhone_1.25061.51.0_neutral_split.language-sr-cyrl_8wekyb3d8bbwe \"YourPhone.Package_1.25061.51.0_language-sk.msix\": Microsoft.YourPhone_1.25061.51.0_neutral_split.language-sk_8wekyb3d8bbwe \"YourPhone.Package_1.25061.51.0_language-sq.msix\": Microsoft.YourPhone_1.25061.51.0_neutral_split.language-sq_8wekyb3d8bbwe \"YourPhone.Package_1.25061.51.0_language-nl.msix\": Microsoft.YourPhone_1.25061.51.0_neutral_split.language-nl_8wekyb3d8bbwe \"YourPhone.Package_1.25061.51.0_language-lb.msix\": Microsoft.YourPhone_1.25061.51.0_neutral_split.language-lb_8wekyb3d8bbwe \"YourPhone.Package_1.25061.51.0_language-mk.msix\": Microsoft.YourPhone_1.25061.51.0_neutral_split.language-mk_8wekyb3d8bbwe \"YourPhone.Package_1.25061.51.0_language-hy.msix\": Microsoft.YourPhone_1.25061.51.0_neutral_split.language-hy_8wekyb3d8bbwe \"YourPhone.Package_1.25061.51.0_language-ca.msix\": Microsoft.YourPhone_1.25061.51.0_neutral_split.language-ca_8wekyb3d8bbwe \"YourPhone.Package_1.25061.51.0_language-km.msix\": Microsoft.YourPhone_1.25061.51.0_neutral_split.language-km_8wekyb3d8bbwe \"YourPhone.Package_1.25061.51.0_scale-125.msix\": Microsoft.YourPhone_1.25061.51.0_neutral_split.scale-125_8wekyb3d8bbwe \"YourPhone.Package_1.25061.51.0_language-ar.msix\": Microsoft.YourPhone_1.25061.51.0_neutral_split.language-ar_8wekyb3d8bbwe \"YourPhone.Package_1.25061.51.0_language-sl.msix\": Microsoft.YourPhone_1.25061.51.0_neutral_split.language-sl_8wekyb3d8bbwe \"YourPhone.Package_1.25061.51.0_language-sv.msix\": Microsoft.YourPhone_1.25061.51.0_neutral_split.language-sv_8wekyb3d8bbwe \"YourPhone.Package_1.25061.51.0_language-pl.msix\": Microsoft.YourPhone_1.25061.51.0_neutral_split.language-pl_8wekyb3d8bbwe \"YourPhone.Package_1.25061.51.0_scale-400.msix\": Microsoft.YourPhone_1.25061.51.0_neutral_split.scale-400_8wekyb3d8bbwe \"YourPhone.Package_1.25061.51.0_language-cy.msix\": Microsoft.YourPhone_1.25061.51.0_neutral_split.language-cy_8wekyb3d8bbwe \"YourPhone.Package_1.25061.51.0_language-gd-latn.msix\": Microsoft.YourPhone_1.25061.51.0_neutral_split.language-gd-latn_8wekyb3d8bbwe \"YourPhone.Package_1.25061.51.0_language-or.msix\": Microsoft.YourPhone_1.25061.51.0_neutral_split.language-or_8wekyb3d8bbwe \"YourPhone.Package_1.25061.51.0_language-bg.msix\": Microsoft.YourPhone_1.25061.51.0_neutral_split.language-bg_8wekyb3d8bbwe \"YourPhone.Package_1.25061.51.0_language-mi-latn.msix\": Microsoft.YourPhone_1.25061.51.0_neutral_split.language-mi-latn_8wekyb3d8bbwe \"YourPhone.Package_1.25061.51.0_language-ne.msix\": Microsoft.YourPhone_1.25061.51.0_neutral_split.language-ne_8wekyb3d8bbwe \"YourPhone.Package_1.25061.51.0_language-kn.msix\": Microsoft.YourPhone_1.25061.51.0_neutral_split.language-kn_8wekyb3d8bbwe \"YourPhone.Package_1.25061.51.0_language-vi.msix\": Microsoft.YourPhone_1.25061.51.0_neutral_split.language-vi_8wekyb3d8bbwe \"YourPhone.Package_1.25061.51.0_language-lo.msix\": Microsoft.YourPhone_1.25061.51.0_neutral_split.language-lo_8wekyb3d8bbwe \"YourPhone.Package_1.25061.51.0_language-ms.msix\": Microsoft.YourPhone_1.25061.51.0_neutral_split.language-ms_8wekyb3d8bbwe \"YourPhone.Package_1.25061.51.0_language-nb.msix\": Microsoft.YourPhone_1.25061.51.0_neutral_split.language-nb_8wekyb3d8bbwe \"YourPhone.Package_1.25061.51.0_language-he.msix\": Microsoft.YourPhone_1.25061.51.0_neutral_split.language-he_8wekyb3d8bbwe \"YourPhone.Package_1.25061.51.0_language-ja.msix\": Microsoft.YourPhone_1.25061.51.0_neutral_split.language-ja_8wekyb3d8bbwe \"YourPhone.Package_1.25061.51.0_language-el.msix\": Microsoft.YourPhone_1.25061.51.0_neutral_split.language-el_8wekyb3d8bbwe \"YourPhone.Package_1.25061.51.0_language-mt.msix\": Microsoft.YourPhone_1.25061.51.0_neutral_split.language-mt_8wekyb3d8bbwe \"YourPhone.Package_1.25061.51.0_language-hu.msix\": Microsoft.YourPhone_1.25061.51.0_neutral_split.language-hu_8wekyb3d8bbwe \"YourPhone.Package_1.25061.51.0_language-hi.msix\": Microsoft.YourPhone_1.25061.51.0_neutral_split.language-hi_8wekyb3d8bbwe \"YourPhone.Package_1.25061.51.0_language-lv.msix\": Microsoft.YourPhone_1.25061.51.0_neutral_split.language-lv_8wekyb3d8bbwe \"YourPhone.Package_1.25061.51.0_language-it.msix\": Microsoft.YourPhone_1.25061.51.0_neutral_split.language-it_8wekyb3d8bbwe \"YourPhone.Package_1.25061.51.0_language-gu.msix\": Microsoft.YourPhone_1.25061.51.0_neutral_split.language-gu_8wekyb3d8bbwe \"YourPhone.Package_1.25061.51.0_language-az-latn.msix\": Microsoft.YourPhone_1.25061.51.0_neutral_split.language-az-latn_8wekyb3d8bbwe \"YourPhone.Package_1.25061.51.0_language-qps-ploc.msix\": Microsoft.YourPhone_1.25061.51.0_neutral_split.language-qps-ploc_8wekyb3d8bbwe \"YourPhone.Package_1.25061.51.0_language-fil-latn.msix\": Microsoft.YourPhone_1.25061.51.0_neutral_split.language-fil-latn_8wekyb3d8bbwe \"YourPhone.Package_1.25061.51.0_language-fi.msix\": Microsoft.YourPhone_1.25061.51.0_neutral_split.language-fi_8wekyb3d8bbwe \"YourPhone.Package_1.25061.51.0_language-eu.msix\": Microsoft.YourPhone_1.25061.51.0_neutral_split.language-eu_8wekyb3d8bbwe \"YourPhone.Package_1.25061.51.0_language-th.msix\": Microsoft.YourPhone_1.25061.51.0_neutral_split.language-th_8wekyb3d8bbwe \"YourPhone.Package_1.25061.51.0_language-fa.msix\": Microsoft.YourPhone_1.25061.51.0_neutral_split.language-fa_8wekyb3d8bbwe \"YourPhone.Package_1.25061.51.0_language-cs.msix\": Microsoft.YourPhone_1.25061.51.0_neutral_split.language-cs_8wekyb3d8bbwe \"YourPhone.Package_1.25061.51.0_language-is.msix\": Microsoft.YourPhone_1.25061.51.0_neutral_split.language-is_8wekyb3d8bbwe \"YourPhone.Package_1.25061.51.0_language-as.msix\": Microsoft.YourPhone_1.25061.51.0_neutral_split.language-as_8wekyb3d8bbwe \"YourPhone.Package_1.25061.51.0_language-id.msix\": Microsoft.YourPhone_1.25061.51.0_neutral_split.language-id_8wekyb3d8bbwe \"YourPhone.Package_1.25061.51.0_language-et.msix\": Microsoft.YourPhone_1.25061.51.0_neutral_split.language-et_8wekyb3d8bbwe \"YourPhone.Package_1.25061.51.0_language-gl.msix\": Microsoft.YourPhone_1.25061.51.0_neutral_split.language-gl_8wekyb3d8bbwe \"YourPhone.Package_1.25061.51.0_language-bn.msix\": Microsoft.YourPhone_1.25061.51.0_neutral_split.language-bn_8wekyb3d8bbwe \"YourPhone.Package_1.25061.51.0_language-da.msix\": Microsoft.YourPhone_1.25061.51.0_neutral_split.language-da_8wekyb3d8bbwe \"YourPhone.Package_1.25061.51.0_language-ko.msix\": Microsoft.YourPhone_1.25061.51.0_neutral_split.language-ko_8wekyb3d8bbwe \"YourPhone.Package_1.25061.51.0_language-sr-latn.msix\": Microsoft.YourPhone_1.25061.51.0_neutral_split.language-sr-latn_8wekyb3d8bbwe \"YourPhone.Package_1.25061.51.0_language-ru.msix\": Microsoft.YourPhone_1.25061.51.0_neutral_split.language-ru_8wekyb3d8bbwe \"YourPhone.Package_1.25061.51.0_language-kok.msix\": Microsoft.YourPhone_1.25061.51.0_neutral_split.language-kok_8wekyb3d8bbwe"}
{"EventID": "854", "Channel": "Microsoft-Windows-AppXDeploymentServer/Operational", "Provider_Name": "Microsoft-Windows-AppXDeployment-Server", "Computer": "DESKTOP-OFJ6N53", "TimeCreated": "2025-07-27 20:26:42.034229+00:00", "RecordID": "114684", "Level": "4", "UserID": "S-1-5-21-963789628-1060504924-4285088085-1001", "EventData.Path": "C:\\Program Files\\WindowsApps\\Microsoft.YourPhone_1.25061.51.0_neutral_~_8wekyb3d8bbwe\\AppxMetadata\\AppxBundleManifest.xml C:\\Program Files\\WindowsApps\\Microsoft.YourPhone_1.25061.51.0_x64__8wekyb3d8bbwe\\AppxManifest.xml C:\\Program Files\\WindowsApps\\Microsoft.YourPhone_1.25061.51.0_neutral_split.scale-100_8wekyb3d8bbwe\\AppxManifest.xml C:\\Program Files\\WindowsApps\\Microsoft.YourPhone_1.25061.51.0_neutral_split.scale-125_8wekyb3d8bbwe\\AppxManifest.xml C:\\Program Files\\WindowsApps\\Microsoft.YourPhone_1.25061.51.0_neutral_split.language-ru_8wekyb3d8bbwe\\AppxManifest.xml"}
{"EventID": "855", "Channel": "Microsoft-Windows-AppXDeploymentServer/Operational", "Provider_Name": "Microsoft-Windows-AppXDeployment-Server", "Computer": "DESKTOP-OFJ6N53", "TimeCreated": "2025-07-27 20:26:42.117981+00:00", "RecordID": "114685", "Level": "4", "UserID": "S-1-5-21-963789628-1060504924-4285088085-1001", "EventData.PackageMoniker": "updateList: Microsoft.YourPhone_1.25061.45.0_neutral_~_8wekyb3d8bbwe is updating to Microsoft.YourPhone_1.25061.51.0_neutral_~_8wekyb3d8bbwe Microsoft.YourPhone_1.25061.45.0_x64__8wekyb3d8bbwe is updating to Microsoft.YourPhone_1.25061.51.0_x64__8wekyb3d8bbwe Microsoft.YourPhone_1.25061.45.0_neutral_split.scale-100_8wekyb3d8bbwe is updating to Microsoft.YourPhone_1.25061.51.0_neutral_split.scale-100_8wekyb3d8bbwe Microsoft.YourPhone_1.25061.45.0_neutral_split.scale-125_8wekyb3d8bbwe is updating to Microsoft.YourPhone_1.25061.51.0_neutral_split.scale-125_8wekyb3d8bbwe Microsoft.YourPhone_1.25061.45.0_neutral_split.language-ru_8wekyb3d8bbwe is updating to Microsoft.YourPhone_1.25061.51.0_neutral_split.language-ru_8wekyb3d8bbwe"}
{"EventID": "10000", "Channel": "Microsoft-Windows-AppXDeploymentServer/Operational", "Provider_Name": "Microsoft-Windows-AppXDeployment-Server", "Computer": "DESKTOP-OFJ6N53", "TimeCreated": "2025-07-27 20:26:42.373541+00:00", "RecordID": "114686", "Level": "5", "UserID": "S-1-5-18", "EventData.PackageFullName": "Microsoft.YourPhone_1.25061.45.0_x64__8wekyb3d8bbwe", "EventData.ErrorCode": "0x00000000"}
{"EventID": "10000", "Channel": "Microsoft-Windows-AppXDeploymentServer/Operational", "Provider_Name": "Microsoft-Windows-AppXDeployment-Server", "Computer": "DESKTOP-OFJ6N53", "TimeCreated": "2025-07-27 20:26:42.373806+00:00", "RecordID": "114687", "Level": "5", "UserID": "S-1-5-18", "EventData.PackageFullName": "Microsoft.YourPhone_1.25061.51.0_x64__8wekyb3d8bbwe", "EventData.ErrorCode": "0x00000000"}
{"EventID": "5506", "Channel": "Microsoft-Windows-AppXDeploymentServer/Operational", "Provider_Name": "Microsoft-Windows-AppXDeployment-Server", "Computer": "DESKTOP-OFJ6N53", "TimeCreated": "2025-07-27 20:26:42.786251+00:00", "RecordID": "114688", "Level": "5", "UserID": "S-1-5-18", "EventData.PackageName": "Microsoft.YourPhone_1.25061.51.0_x64__8wekyb3d8bbwe", "EventData.FilePath": "C:\\Program Files\\WindowsApps\\Microsoft.YourPhone_1.25061.51.0_x64__8wekyb3d8bbwe\\microsoft.system.package.metadata\\resources.996820e6.pri", "EventData.Message": "Created shared merged PRI file"}
{"EventID": "5505", "Channel": "Microsoft-Windows-AppXDeploymentServer/Operational", "Provider_Name": "Microsoft-Windows-AppXDeployment-Server", "Computer": "DESKTOP-OFJ6N53", "TimeCreated": "2025-07-27 20:26:42.786955+00:00", "RecordID": "114689", "Level": "5", "UserID": "S-1-5-18", "EventData.PackageName": "Microsoft.YourPhone_1.25061.51.0_x64__8wekyb3d8bbwe", "EventData.FilePath": "C:\\Program Files\\WindowsApps\\Microsoft.YourPhone_1.25061.51.0_x64__8wekyb3d8bbwe\\microsoft.system.package.metadata\\S-1-5-21-963789628-1060504924-4285088085-1001-MergedResources-87.pri", "EventData.Message": "Linked user-specific merged PRI file"}
{"EventID": "8100", "Channel": "Microsoft-Windows-AppXDeploymentServer/Operational", "Provider_Name": "Microsoft-Windows-AppXDeployment-Server", "Computer": "DESKTOP-OFJ6N53", "TimeCreated": "2025-07-27 20:26:42.815748+00:00", "RecordID": "114690", "Level": "5", "UserID": "S-1-5-18", "EventData.PackageFullName": "Microsoft.YourPhone_1.25061.51.0_x64__8wekyb3d8bbwe", "EventData.Flags": "0x00000009"}
{"EventID": "8106", "Channel": "Microsoft-Windows-AppXDeploymentServer/Operational", "Provider_Name": "Microsoft-Windows-AppXDeployment-Server", "Computer": "DESKTOP-OFJ6N53", "TimeCreated": "2025-07-27 20:26:42.818336+00:00", "RecordID": "114691", "Level": "5", "UserID": "S-1-5-18", "EventData.PackageFullName": "Microsoft.YourPhone_1.25061.51.0_x64__8wekyb3d8bbwe", "EventData.Flags": "0x00000009"}
{"EventID": "8101", "Channel": "Microsoft-Windows-AppXDeploymentServer/Operational", "Provider_Name": "Microsoft-Windows-AppXDeployment-Server", "Computer": "DESKTOP-OFJ6N53", "TimeCreated": "2025-07-27 20:26:42.818356+00:00", "RecordID": "114692", "Level": "5", "UserID": "S-1-5-18", "EventData.PackageFullName": "Microsoft.YourPhone_1.25061.51.0_x64__8wekyb3d8bbwe", "EventData.Flags": "0x00000009"}
{"EventID": "8100", "Channel": "Microsoft-Windows-AppXDeploymentServer/Operational", "Provider_Name": "Microsoft-Windows-AppXDeployment-Server", "Computer": "DESKTOP-OFJ6N53", "TimeCreated": "2025-07-27 20:26:42.818359+00:00", "RecordID": "114693", "Level": "5", "UserID": "S-1-5-18", "EventData.PackageFullName": "Microsoft.YourPhone_1.25061.51.0_neutral_split.scale-100_8wekyb3d8bbwe", "EventData.Flags": "0x00000009"}
{"EventID": "8106", "Channel": "Microsoft-Windows-AppXDeploymentServer/Operational", "Provider_Name": "Microsoft-Windows-AppXDeployment-Server", "Computer": "DESKTOP-OFJ6N53", "TimeCreated": "2025-07-27 20:26:42.820419+00:00", "RecordID": "114694", "Level": "5", "UserID": "S-1-5-18", "EventData.PackageFullName": "Microsoft.YourPhone_1.25061.51.0_neutral_split.scale-100_8wekyb3d8bbwe", "EventData.Flags": "0x00000009"}
{"EventID": "8101", "Channel": "Microsoft-Windows-AppXDeploymentServer/Operational", "Provider_Name": "Microsoft-Windows-AppXDeployment-Server", "Computer": "DESKTOP-OFJ6N53", "TimeCreated": "2025-07-27 20:26:42.820433+00:00", "RecordID": "114695", "Level": "5", "UserID": "S-1-5-18", "EventData.PackageFullName": "Microsoft.YourPhone_1.25061.51.0_neutral_split.scale-100_8wekyb3d8bbwe", "EventData.Flags": "0x00000009"}
{"EventID": "8100", "Channel": "Microsoft-Windows-AppXDeploymentServer/Operational", "Provider_Name": "Microsoft-Windows-AppXDeployment-Server", "Computer": "DESKTOP-OFJ6N53", "TimeCreated": "2025-07-27 20:26:42.820436+00:00", "RecordID": "114696", "Level": "5", "UserID": "S-1-5-18", "EventData.PackageFullName": "Microsoft.YourPhone_1.25061.51.0_neutral_split.scale-125_8wekyb3d8bbwe", "EventData.Flags": "0x00000009"}
{"EventID": "8106", "Channel": "Microsoft-Windows-AppXDeploymentServer/Operational", "Provider_Name": "Microsoft-Windows-AppXDeployment-Server", "Computer": "DESKTOP-OFJ6N53", "TimeCreated": "2025-07-27 20:26:42.822088+00:00", "RecordID": "114697", "Level": "5", "UserID": "S-1-5-18", "EventData.PackageFullName": "Microsoft.YourPhone_1.25061.51.0_neutral_split.scale-125_8wekyb3d8bbwe", "EventData.Flags": "0x00000009"}
{"EventID": "8101", "Channel": "Microsoft-Windows-AppXDeploymentServer/Operational", "Provider_Name": "Microsoft-Windows-AppXDeployment-Server", "Computer": "DESKTOP-OFJ6N53", "TimeCreated": "2025-07-27 20:26:42.822102+00:00", "RecordID": "114698", "Level": "5", "UserID": "S-1-5-18", "EventData.PackageFullName": "Microsoft.YourPhone_1.25061.51.0_neutral_split.scale-125_8wekyb3d8bbwe", "EventData.Flags": "0x00000009"}
{"EventID": "8100", "Channel": "Microsoft-Windows-AppXDeploymentServer/Operational", "Provider_Name": "Microsoft-Windows-AppXDeployment-Server", "Computer": "DESKTOP-OFJ6N53", "TimeCreated": "2025-07-27 20:26:42.822107+00:00", "RecordID": "114699", "Level": "5", "UserID": "S-1-5-18", "EventData.PackageFullName": "Microsoft.YourPhone_1.25061.51.0_neutral_split.language-ru_8wekyb3d8bbwe", "EventData.Flags": "0x00000009"}
{"EventID": "8106", "Channel": "Microsoft-Windows-AppXDeploymentServer/Operational", "Provider_Name": "Microsoft-Windows-AppXDeployment-Server", "Computer": "DESKTOP-OFJ6N53", "TimeCreated": "2025-07-27 20:26:42.823715+00:00", "RecordID": "114700", "Level": "5", "UserID": "S-1-5-18", "EventData.PackageFullName": "Microsoft.YourPhone_1.25061.51.0_neutral_split.language-ru_8wekyb3d8bbwe", "EventData.Flags": "0x00000009"}
{"EventID": "8101", "Channel": "Microsoft-Windows-AppXDeploymentServer/Operational", "Provider_Name": "Microsoft-Windows-AppXDeployment-Server", "Computer": "DESKTOP-OFJ6N53", "TimeCreated": "2025-07-27 20:26:42.823725+00:00", "RecordID": "114701", "Level": "5", "UserID": "S-1-5-18", "EventData.PackageFullName": "Microsoft.YourPhone_1.25061.51.0_neutral_split.language-ru_8wekyb3d8bbwe", "EventData.Flags": "0x00000009"}
{"EventID": "5507", "Channel": "Microsoft-Windows-AppXDeploymentServer/Operational", "Provider_Name": "Microsoft-Windows-AppXDeployment-Server", "Computer": "DESKTOP-OFJ6N53", "TimeCreated": "2025-07-27 20:26:43.048964+00:00", "RecordID": "114702", "Level": "5", "UserID": "S-1-5-21-963789628-1060504924-4285088085-1001", "EventData.PackageName": "Microsoft.YourPhone_1.25061.51.0_x64__8wekyb3d8bbwe", "EventData.FilePath": "S-1-5-21-963789628-1060504924-4285088085-1001-MergedResources-87.pri", "EventData.Message": "Current user-specific merged PRI file ignored"}
{"EventID": "5507", "Channel": "Microsoft-Windows-AppXDeploymentServer/Operational", "Provider_Name": "Microsoft-Windows-AppXDeployment-Server", "Computer": "DESKTOP-OFJ6N53", "TimeCreated": "2025-07-27 20:26:43.049139+00:00", "RecordID": "114703", "Level": "5", "UserID": "S-1-5-21-963789628-1060504924-4285088085-1001", "EventData.PackageName": "Microsoft.YourPhone_1.25061.51.0_x64__8wekyb3d8bbwe", "EventData.FilePath": "resources.996820e6.pri", "EventData.Message": "Current shared merged PRI file ignored"}
{"EventID": "5507", "Channel": "Microsoft-Windows-AppXDeploymentServer/Operational", "Provider_Name": "Microsoft-Windows-AppXDeployment-Server", "Computer": "DESKTOP-OFJ6N53", "TimeCreated": "2025-07-27 20:26:43.049276+00:00", "RecordID": "114704", "Level": "5", "UserID": "S-1-5-21-963789628-1060504924-4285088085-1001", "EventData.PackageName": "Microsoft.YourPhone_1.25061.51.0_x64__8wekyb3d8bbwe", "EventData.FilePath": "S-1-5-21-963789628-1060504924-4285088085-1001-MergedResources-87.pri", "EventData.Message": "Current user-specific merged PRI file ignored"}
{"EventID": "5507", "Channel": "Microsoft-Windows-AppXDeploymentServer/Operational", "Provider_Name": "Microsoft-Windows-AppXDeployment-Server", "Computer": "DESKTOP-OFJ6N53", "TimeCreated": "2025-07-27 20:26:43.049364+00:00", "RecordID": "114705", "Level": "5", "UserID": "S-1-5-21-963789628-1060504924-4285088085-1001", "EventData.PackageName": "Microsoft.YourPhone_1.25061.51.0_x64__8wekyb3d8bbwe", "EventData.FilePath": "resources.996820e6.pri", "EventData.Message": "Current shared merged PRI file ignored"}
{"EventID": "821", "Channel": "Microsoft-Windows-AppXDeploymentServer/Operational", "Provider_Name": "Microsoft-Windows-AppXDeployment-Server", "Computer": "DESKTOP-OFJ6N53", "TimeCreated": "2025-07-27 20:26:43.079939+00:00", "RecordID": "114706", "Level": "5", "UserID": "S-1-5-18", "EventData.UserSid": "S-1-5-18", "EventData.MainPackageFullName": "Microsoft.YourPhone_1.25061.51.0_neutral_~_8wekyb3d8bbwe", "EventData.ErrorCode": "0x00000000"}
{"EventID": "822", "Channel": "Microsoft-Windows-AppXDeploymentServer/Operational", "Provider_Name": "Microsoft-Windows-AppXDeployment-Server", "Computer": "DESKTOP-OFJ6N53", "TimeCreated": "2025-07-27 20:26:43.081976+00:00", "RecordID": "114707", "Level": "5", "UserID": "S-1-5-18", "EventData.Error": "0x00000000", "EventData.PackageMoniker": "Microsoft.YourPhone_1.25061.51.0_neutral_~_8wekyb3d8bbwe"}
{"EventID": "821", "Channel": "Microsoft-Windows-AppXDeploymentServer/Operational", "Provider_Name": "Microsoft-Windows-AppXDeployment-Server", "Computer": "DESKTOP-OFJ6N53", "TimeCreated": "2025-07-27 20:26:43.084944+00:00", "RecordID": "114708", "Level": "5", "UserID": "S-1-5-18", "EventData.UserSid": "S-1-5-21-963789628-1060504924-4285088085-1001", "EventData.MainPackageFullName": "Microsoft.YourPhone_1.25061.51.0_neutral_~_8wekyb3d8bbwe", "EventData.ErrorCode": "0x00000000"}
{"EventID": "822", "Channel": "Microsoft-Windows-AppXDeploymentServer/Operational", "Provider_Name": "Microsoft-Windows-AppXDeployment-Server", "Computer": "DESKTOP-OFJ6N53", "TimeCreated": "2025-07-27 20:26:43.087112+00:00", "RecordID": "114709", "Level": "5", "UserID": "S-1-5-18", "EventData.Error": "0x00000000", "EventData.PackageMoniker": "Microsoft.YourPhone_1.25061.51.0_neutral_~_8wekyb3d8bbwe"}
{"EventID": "813", "Channel": "Microsoft-Windows-AppXDeploymentServer/Operational", "Provider_Name": "Microsoft-Windows-AppXDeployment-Server", "Computer": "DESKTOP-OFJ6N53", "TimeCreated": "2025-07-27 20:26:43.087149+00:00", "RecordID": "114710", "Level": "5", "UserID": "S-1-5-18", "EventData.PackageMoniker": "Microsoft.YourPhone_1.25061.51.0_neutral_~_8wekyb3d8bbwe"}
{"EventID": "10001", "Channel": "Microsoft-Windows-AppXDeploymentServer/Operational", "Provider_Name": "Microsoft-Windows-AppXDeployment-Server", "Computer": "DESKTOP-OFJ6N53", "TimeCreated": "2025-07-27 20:26:43.930586+00:00", "RecordID": "114711", "Level": "5", "UserID": "S-1-5-18", "EventData.PackageFullName": "Microsoft.YourPhone_1.25061.45.0_x64__8wekyb3d8bbwe", "EventData.ErrorCode": "0x80070490"}
{"EventID": "10001", "Channel": "Microsoft-Windows-AppXDeploymentServer/Operational", "Provider_Name": "Microsoft-Windows-AppXDeployment-Server", "Computer": "DESKTOP-OFJ6N53", "TimeCreated": "2025-07-27 20:26:43.930748+00:00", "RecordID": "114712", "Level": "5", "UserID": "S-1-5-18", "EventData.PackageFullName": "Microsoft.YourPhone_1.25061.51.0_x64__8wekyb3d8bbwe", "EventData.ErrorCode": "0x00000000"}
{"EventID": "10001", "Channel": "Microsoft-Windows-AppXDeploymentServer/Operational", "Provider_Name": "Microsoft-Windows-AppXDeployment-Server", "Computer": "DESKTOP-OFJ6N53", "TimeCreated": "2025-07-27 20:26:43.931061+00:00", "RecordID": "114713", "Level": "5", "UserID": "S-1-5-18", "EventData.PackageFullName": "Microsoft.YourPhone_1.25061.51.0_x64__8wekyb3d8bbwe", "EventData.ErrorCode": "0x00000000"}
{"EventID": "10001", "Channel": "Microsoft-Windows-AppXDeploymentServer/Operational", "Provider_Name": "Microsoft-Windows-AppXDeployment-Server", "Computer": "DESKTOP-OFJ6N53", "TimeCreated": "2025-07-27 20:26:43.931152+00:00", "RecordID": "114714", "Level": "5", "UserID": "S-1-5-18", "EventData.PackageFullName": "Microsoft.YourPhone_1.25061.51.0_neutral_~_8wekyb3d8bbwe", "EventData.ErrorCode": "0x00000000"}
{"EventID": "10001", "Channel": "Microsoft-Windows-AppXDeploymentServer/Operational", "Provider_Name": "Microsoft-Windows-AppXDeployment-Server", "Computer": "DESKTOP-OFJ6N53", "TimeCreated": "2025-07-27 20:26:43.931229+00:00", "RecordID": "114715", "Level": "5", "UserID": "S-1-5-18", "EventData.PackageFullName": "Microsoft.YourPhone_1.25061.51.0_neutral_~_8wekyb3d8bbwe", "EventData.ErrorCode": "0x00000000"}
{"EventID": "10001", "Channel": "Microsoft-Windows-AppXDeploymentServer/Operational", "Provider_Name": "Microsoft-Windows-AppXDeployment-Server", "Computer": "DESKTOP-OFJ6N53", "TimeCreated": "2025-07-27 20:26:43.931288+00:00", "RecordID": "114716", "Level": "5", "UserID": "S-1-5-18", "EventData.PackageFullName": "Microsoft.YourPhone_1.25061.51.0_x64__8wekyb3d8bbwe", "EventData.ErrorCode": "0x00000000"}
{"EventID": "10001", "Channel": "Microsoft-Windows-AppXDeploymentServer/Operational", "Provider_Name": "Microsoft-Windows-AppXDeployment-Server", "Computer": "DESKTOP-OFJ6N53", "TimeCreated": "2025-07-27 20:26:43.931355+00:00", "RecordID": "114717", "Level": "5", "UserID": "S-1-5-18", "EventData.PackageFullName": "Microsoft.YourPhone_1.25061.51.0_x64__8wekyb3d8bbwe", "EventData.ErrorCode": "0x00000000"}
{"EventID": "10001", "Channel": "Microsoft-Windows-AppXDeploymentServer/Operational", "Provider_Name": "Microsoft-Windows-AppXDeployment-Server", "Computer": "DESKTOP-OFJ6N53", "TimeCreated": "2025-07-27 20:26:43.931438+00:00", "RecordID": "114718", "Level": "5", "UserID": "S-1-5-18", "EventData.PackageFullName": "Microsoft.YourPhone_1.25061.51.0_neutral_split.scale-100_8wekyb3d8bbwe", "EventData.ErrorCode": "0x00000000"}
{"EventID": "10001", "Channel": "Microsoft-Windows-AppXDeploymentServer/Operational", "Provider_Name": "Microsoft-Windows-AppXDeployment-Server", "Computer": "DESKTOP-OFJ6N53", "TimeCreated": "2025-07-27 20:26:43.931507+00:00", "RecordID": "114719", "Level": "5", "UserID": "S-1-5-18", "EventData.PackageFullName": "Microsoft.YourPhone_1.25061.51.0_neutral_split.scale-100_8wekyb3d8bbwe", "EventData.ErrorCode": "0x00000000"}
{"EventID": "10001", "Channel": "Microsoft-Windows-AppXDeploymentServer/Operational", "Provider_Name": "Microsoft-Windows-AppXDeployment-Server", "Computer": "DESKTOP-OFJ6N53", "TimeCreated": "2025-07-27 20:26:43.931576+00:00", "RecordID": "114720", "Level": "5", "UserID": "S-1-5-18", "EventData.PackageFullName": "Microsoft.YourPhone_1.25061.51.0_neutral_split.scale-125_8wekyb3d8bbwe", "EventData.ErrorCode": "0x00000000"}
{"EventID": "10001", "Channel": "Microsoft-Windows-AppXDeploymentServer/Operational", "Provider_Name": "Microsoft-Windows-AppXDeployment-Server", "Computer": "DESKTOP-OFJ6N53", "TimeCreated": "2025-07-27 20:26:43.931639+00:00", "RecordID": "114721", "Level": "5", "UserID": "S-1-5-18", "EventData.PackageFullName": "Microsoft.YourPhone_1.25061.51.0_neutral_split.scale-125_8wekyb3d8bbwe", "EventData.ErrorCode": "0x00000000"}
{"EventID": "10001", "Channel": "Microsoft-Windows-AppXDeploymentServer/Operational", "Provider_Name": "Microsoft-Windows-AppXDeployment-Server", "Computer": "DESKTOP-OFJ6N53", "TimeCreated": "2025-07-27 20:26:43.931696+00:00", "RecordID": "114722", "Level": "5", "UserID": "S-1-5-18", "EventData.PackageFullName": "Microsoft.YourPhone_1.25061.51.0_neutral_split.language-ru_8wekyb3d8bbwe", "EventData.ErrorCode": "0x00000000"}
{"EventID": "10001", "Channel": "Microsoft-Windows-AppXDeploymentServer/Operational", "Provider_Name": "Microsoft-Windows-AppXDeployment-Server", "Computer": "DESKTOP-OFJ6N53", "TimeCreated": "2025-07-27 20:26:43.931767+00:00", "RecordID": "114723", "Level": "5", "UserID": "S-1-5-18", "EventData.PackageFullName": "Microsoft.YourPhone_1.25061.51.0_neutral_split.language-ru_8wekyb3d8bbwe", "EventData.ErrorCode": "0x00000000"}
{"EventID": "400", "Channel": "Microsoft-Windows-AppXDeploymentServer/Operational", "Provider_Name": "Microsoft-Windows-AppXDeployment-Server", "Computer": "DESKTOP-OFJ6N53", "TimeCreated": "2025-07-27 20:26:44.011093+00:00", "RecordID": "114724", "Level": "4", "UserID": "S-1-5-21-963789628-1060504924-4285088085-1001", "EventData.DeploymentOperation": "6", "EventData.PackageFullName": "Microsoft.YourPhone_1.25061.51.0_neutral_~_8wekyb3d8bbwe", "EventData.Path": "(AppxBundleManifest.xml)", "EventData.MountPoint": "C:", "EventData.TargetPlatform": "0x00000003", "EventData.SystemVolume": "True", "EventData.StorageId": "\\\\?\\Volume{c33a8663-71a2-4031-8cec-c21914fe12ad}", "EventData.IsCentennial": "False", "EventData.PackageType": "0x00000008", "EventData.IsPackageEncrypted": "False", "EventData.DeploymentOptions": "0x0004000010040200", "EventData.IsStreamingPackage": "False", "EventData.IsInRelatedSet": "False", "EventData.IsPackageUsingBDC": "False", "EventData.MainPackageFamilyName": "NULL", "EventData.CallingProcess": "svchost.exe,BrokerInfrastructure,DcomLaunch,PlugPlay,Power,SystemEventsBroker", "EventData.IsOptional": "False", "EventData.PackageFlags": "0x00000400", "EventData.PackageFlags2": "0x00000800", "EventData.HasWin32alacarte": "False", "EventData.HasFullTrust": "False", "EventData.ExternalLocation": null, "EventData.PackageSourceUri": "x-windowsupdate://71FF77DA-A6D3-413E-AD63-D75FE50109AE/B99AEF9A-1685-4798-B4B1-3D94EE6D7184/5a80ed89573cd7c715eebad914cb48f07636dd64"}
{"EventID": "478", "Channel": "Microsoft-Windows-AppXDeploymentServer/Operational", "Provider_Name": "Microsoft-Windows-AppXDeployment-Server", "Computer": "DESKTOP-OFJ6N53", "TimeCreated": "2025-07-27 20:26:44.011211+00:00", "RecordID": "114725", "Level": "5", "UserID": "S-1-5-21-963789628-1060504924-4285088085-1001", "EventData.DeploymentOperation": "6", "EventData.PackageFullName": "Microsoft.YourPhone_1.25061.51.0_x64__8wekyb3d8bbwe", "EventData.Path": "(AppxBundleManifest.xml)", "EventData.MountPoint": "C:", "EventData.TargetPlatform": "0x00000003", "EventData.SystemVolume": "True", "EventData.StorageId": "\\\\?\\Volume{c33a8663-71a2-4031-8cec-c21914fe12ad}", "EventData.IsCentennial": "True", "EventData.PackageType": "0x00000001", "EventData.IsPackageEncrypted": "False", "EventData.DeploymentOptions": "0x0004000010040200", "EventData.IsStreamingPackage": "False", "EventData.IsInRelatedSet": "False", "EventData.IsPackageUsingBDC": "False", "EventData.MainPackageFamilyName": "NULL", "EventData.CallingProcess": "svchost.exe,BrokerInfrastructure,DcomLaunch,PlugPlay,Power,SystemEventsBroker", "EventData.IsOptional": "False", "EventData.PackageFlags": "0x0280804c", "EventData.PackageFlags2": "0x00000800", "EventData.HasWin32alacarte": "False", "EventData.HasFullTrust": "True", "EventData.ExternalLocation": null, "EventData.PackageSourceUri": "x-windowsupdate://71FF77DA-A6D3-413E-AD63-D75FE50109AE/B99AEF9A-1685-4798-B4B1-3D94EE6D7184/5a80ed89573cd7c715eebad914cb48f07636dd64"}
{"EventID": "472", "Channel": "Microsoft-Windows-AppXDeploymentServer/Operational", "Provider_Name": "Microsoft-Windows-AppXDeployment-Server", "Computer": "DESKTOP-OFJ6N53", "TimeCreated": "2025-07-27 20:26:44.028353+00:00", "RecordID": "114726", "Level": "5", "UserID": "S-1-5-18", "EventData.SourceFolderPath": "\\\\?\\C:\\Program Files\\WindowsApps\\Microsoft.YourPhone_1.25061.45.0_neutral_~_8wekyb3d8bbwe", "EventData.DestinationFolderPath": "\\\\?\\C:\\Program Files\\WindowsApps\\Deleted\\Microsoft.YourPhone_1.25061.45.0_neutral_~_8wekyb3d8bbwe645246ab-22c9-4289-8756-db912ca8832b", "EventData.ErrorCode": "0x00000000"}
{"EventID": "472", "Channel": "Microsoft-Windows-AppXDeploymentServer/Operational", "Provider_Name": "Microsoft-Windows-AppXDeployment-Server", "Computer": "DESKTOP-OFJ6N53", "TimeCreated": "2025-07-27 20:26:44.034178+00:00", "RecordID": "114727", "Level": "5", "UserID": "S-1-5-18", "EventData.SourceFolderPath": "\\\\?\\C:\\Program Files\\WindowsApps\\Microsoft.YourPhone_1.25061.45.0_x64__8wekyb3d8bbwe", "EventData.DestinationFolderPath": "\\\\?\\C:\\Program Files\\WindowsApps\\Deleted\\Microsoft.YourPhone_1.25061.45.0_x64__8wekyb3d8bbwe646057fa-aaca-4f13-97bf-bbc46f8aa530", "EventData.ErrorCode": "0x00000000"}
{"EventID": "472", "Channel": "Microsoft-Windows-AppXDeploymentServer/Operational", "Provider_Name": "Microsoft-Windows-AppXDeployment-Server", "Computer": "DESKTOP-OFJ6N53", "TimeCreated": "2025-07-27 20:26:44.040623+00:00", "RecordID": "114728", "Level": "5", "UserID": "S-1-5-18", "EventData.SourceFolderPath": "\\\\?\\C:\\Program Files\\WindowsApps\\Microsoft.YourPhone_1.25061.45.0_neutral_split.scale-100_8wekyb3d8bbwe", "EventData.DestinationFolderPath": "\\\\?\\C:\\Program Files\\WindowsApps\\Deleted\\Microsoft.YourPhone_1.25061.45.0_neutral_split.scale-100_8wekyb3d8bbwebd56aff6-417d-44da-b309-981184b89322", "EventData.ErrorCode": "0x00000000"}
{"EventID": "472", "Channel": "Microsoft-Windows-AppXDeploymentServer/Operational", "Provider_Name": "Microsoft-Windows-AppXDeployment-Server", "Computer": "DESKTOP-OFJ6N53", "TimeCreated": "2025-07-27 20:26:44.043957+00:00", "RecordID": "114729", "Level": "5", "UserID": "S-1-5-18", "EventData.SourceFolderPath": "\\\\?\\C:\\Program Files\\WindowsApps\\Microsoft.YourPhone_1.25061.45.0_neutral_split.scale-125_8wekyb3d8bbwe", "EventData.DestinationFolderPath": "\\\\?\\C:\\Program Files\\WindowsApps\\Deleted\\Microsoft.YourPhone_1.25061.45.0_neutral_split.scale-125_8wekyb3d8bbwe678c0f17-0217-4648-8ca0-856a0c1a9bea", "EventData.ErrorCode": "0x00000000"}
