{"EventID": "2097", "Channel": "Microsoft-Windows-Windows Firewall With Advanced Security/Firewall", "Provider_Name": "Microsoft-Windows-Windows Firewall With Advanced Security", "Computer": "DESKTOP-OFJ6N53", "TimeCreated": "2025-06-28 20:11:58.157488+00:00", "RecordID": "30638", "Level": "4", "UserID": "S-1-5-19", "EventData.RuleId": "{0C00E4E7-A87B-4386-B8D8-840B445A2845}", "EventData.RuleName": "@{Microsoft.DesktopAppInstaller_1.26.400.0_x64__8wekyb3d8bbwe?ms-resource://Microsoft.DesktopAppInstaller/Resources/appDisplayName}", "EventData.Origin": "1", "EventData.ApplicationPath": null, "EventData.ServiceName": null, "EventData.Direction": "2", "EventData.Protocol": "256", "EventData.LocalPorts": null, "EventData.RemotePorts": null, "EventData.Action": "2", "EventData.Profiles": "2147483647", "EventData.LocalAddresses": "*", "EventData.RemoteAddresses": "*", "EventData.RemoteMachineAuthorizationList": null, "EventData.RemoteUserAuthorizationList": null, "EventData.EmbeddedContext": "@{Microsoft.DesktopAppInstaller_1.26.400.0_x64__8wekyb3d8bbwe?ms-resource://Microsoft.DesktopAppInstaller/Resources/appDisplayName}", "EventData.Flags": "1", "EventData.Active": "1", "EventData.EdgeTraversal": "0", "EventData.LooseSourceMapped": "0", "EventData.SecurityOptions": "0", "EventData.ModifyingUser": "S-1-5-80-3088073201-1464728630-1879813800-1107566885-823218052", "EventData.ModifyingApplication": "C:\\Windows\\System32\\svchost.exe", "EventData.SchemaVersion": "542", "EventData.RuleStatus": "65536", "EventData.LocalOnlyMapped": "0", "EventData.PolicyAppId": null}
{"EventID": "2097", "Channel": "Microsoft-Windows-Windows Firewall With Advanced Security/Firewall", "Provider_Name": "Microsoft-Windows-Windows Firewall With Advanced Security", "Computer": "DESKTOP-OFJ6N53", "TimeCreated": "2025-06-28 20:11:58.160069+00:00", "RecordID": "30639", "Level": "4", "UserID": "S-1-5-19", "EventData.RuleId": "{402EC2F1-0393-40B4-AD4A-085E5C5A2A6B}", "EventData.RuleName": "@{Microsoft.DesktopAppInstaller_1.26.400.0_x64__8wekyb3d8bbwe?ms-resource://Microsoft.DesktopAppInstaller/Resources/appDisplayName}", "EventData.Origin": "1", "EventData.ApplicationPath": null, "EventData.ServiceName": null, "EventData.Direction": "1", "EventData.Protocol": "256", "EventData.LocalPorts": null, "EventData.RemotePorts": null, "EventData.Action": "3", "EventData.Profiles": "7", "EventData.LocalAddresses": "*", "EventData.RemoteAddresses": "*", "EventData.RemoteMachineAuthorizationList": null, "EventData.RemoteUserAuthorizationList": null, "EventData.EmbeddedContext": "@{Microsoft.DesktopAppInstaller_1.26.400.0_x64__8wekyb3d8bbwe?ms-resource://Microsoft.DesktopAppInstaller/Resources/appDisplayName}", "EventData.Flags": "1", "EventData.Active": "1", "EventData.EdgeTraversal": "0", "EventData.LooseSourceMapped": "0", "EventData.SecurityOptions": "0", "EventData.ModifyingUser": "S-1-5-80-3088073201-1464728630-1879813800-1107566885-823218052", "EventData.ModifyingApplication": "C:\\Windows\\System32\\svchost.exe", "EventData.SchemaVersion": "542", "EventData.RuleStatus": "65536", "EventData.LocalOnlyMapped": "0", "EventData.PolicyAppId": null}
{"EventID": "2097", "Channel": "Microsoft-Windows-Windows Firewall With Advanced Security/Firewall", "Provider_Name": "Microsoft-Windows-Windows Firewall With Advanced Security", "Computer": "DESKTOP-OFJ6N53", "TimeCreated": "2025-06-28 20:11:58.162228+00:00", "RecordID": "30640", "Level": "4", "UserID": "S-1-5-19", "EventData.RuleId": "{9E68CC98-547C-4482-8DC0-44A4235CFFFD}", "EventData.RuleName": "@{Microsoft.DesktopAppInstaller_1.26.400.0_x64__8wekyb3d8bbwe?ms-resource://Microsoft.DesktopAppInstaller/Resources/appDisplayName}", "EventData.Origin": "1", "EventData.ApplicationPath": null, "EventData.ServiceName": null, "EventData.Direction": "2", "EventData.Protocol": "256", "EventData.LocalPorts": null, "EventData.RemotePorts": null, "EventData.Action": "3", "EventData.Profiles": "7", "EventData.LocalAddresses": "*", "EventData.RemoteAddresses": "*", "EventData.RemoteMachineAuthorizationList": null, "EventData.RemoteUserAuthorizationList": null, "EventData.EmbeddedContext": "@{Microsoft.DesktopAppInstaller_1.26.400.0_x64__8wekyb3d8bbwe?ms-resource://Microsoft.DesktopAppInstaller/Resources/appDisplayName}", "EventData.Flags": "1", "EventData.Active": "1", "EventData.EdgeTraversal": "0", "EventData.LooseSourceMapped": "0", "EventData.SecurityOptions": "0", "EventData.ModifyingUser": "S-1-5-80-3088073201-1464728630-1879813800-1107566885-823218052", "EventData.ModifyingApplication": "C:\\Windows\\System32\\svchost.exe", "EventData.SchemaVersion": "542", "EventData.RuleStatus": "65536", "EventData.LocalOnlyMapped": "0", "EventData.PolicyAppId": null}
{"EventID": "2097", "Channel": "Microsoft-Windows-Windows Firewall With Advanced Security/Firewall", "Provider_Name": "Microsoft-Windows-Windows Firewall With Advanced Security", "Computer": "DESKTOP-OFJ6N53", "TimeCreated": "2025-06-28 20:11:58.164282+00:00", "RecordID": "30641", "Level": "4", "UserID": "S-1-5-19", "EventData.RuleId": "{C4D5380A-96E0-4FE4-824E-EFFAA75543EC}", "EventData.RuleName": "@{Microsoft.DesktopAppInstaller_1.26.400.0_x64__8wekyb3d8bbwe?ms-resource://Microsoft.DesktopAppInstaller/Resources/appDisplayName}", "EventData.Origin": "1", "EventData.ApplicationPath": null, "EventData.ServiceName": null, "EventData.Direction": "1", "EventData.Protocol": "256", "EventData.LocalPorts": null, "EventData.RemotePorts": null, "EventData.Action": "3", "EventData.Profiles": "6", "EventData.LocalAddresses": "*", "EventData.RemoteAddresses": "*", "EventData.RemoteMachineAuthorizationList": null, "EventData.RemoteUserAuthorizationList": null, "EventData.EmbeddedContext": "@{Microsoft.DesktopAppInstaller_1.26.400.0_x64__8wekyb3d8bbwe?ms-resource://Microsoft.DesktopAppInstaller/Resources/appDisplayName}", "EventData.Flags": "3", "EventData.Active": "1", "EventData.EdgeTraversal": "0", "EventData.LooseSourceMapped": "0", "EventData.SecurityOptions": "1", "EventData.ModifyingUser": "S-1-5-80-3088073201-1464728630-1879813800-1107566885-823218052", "EventData.ModifyingApplication": "C:\\Windows\\System32\\svchost.exe", "EventData.SchemaVersion": "542", "EventData.RuleStatus": "65536", "EventData.LocalOnlyMapped": "0", "EventData.PolicyAppId": null}
{"EventID": "2097", "Channel": "Microsoft-Windows-Windows Firewall With Advanced Security/Firewall", "Provider_Name": "Microsoft-Windows-Windows Firewall With Advanced Security", "Computer": "DESKTOP-OFJ6N53", "TimeCreated": "2025-06-28 20:11:58.166437+00:00", "RecordID": "30642", "Level": "4", "UserID": "S-1-5-19", "EventData.RuleId": "{976EB312-AF5F-44AA-8CE4-F86EA66F9EF9}", "EventData.RuleName": "@{Microsoft.DesktopAppInstaller_1.26.400.0_x64__8wekyb3d8bbwe?ms-resource://Microsoft.DesktopAppInstaller/Resources/appDisplayName}", "EventData.Origin": "1", "EventData.ApplicationPath": null, "EventData.ServiceName": null, "EventData.Direction": "2", "EventData.Protocol": "256", "EventData.LocalPorts": null, "EventData.RemotePorts": null, "EventData.Action": "3", "EventData.Profiles": "6", "EventData.LocalAddresses": "*", "EventData.RemoteAddresses": "*", "EventData.RemoteMachineAuthorizationList": null, "EventData.RemoteUserAuthorizationList": null, "EventData.EmbeddedContext": "@{Microsoft.DesktopAppInstaller_1.26.400.0_x64__8wekyb3d8bbwe?ms-resource://Microsoft.DesktopAppInstaller/Resources/appDisplayName}", "EventData.Flags": "3", "EventData.Active": "1", "EventData.EdgeTraversal": "0", "EventData.LooseSourceMapped": "0", "EventData.SecurityOptions": "1", "EventData.ModifyingUser": "S-1-5-80-3088073201-1464728630-1879813800-1107566885-823218052", "EventData.ModifyingApplication": "C:\\Windows\\System32\\svchost.exe", "EventData.SchemaVersion": "542", "EventData.RuleStatus": "65536", "EventData.LocalOnlyMapped": "0", "EventData.PolicyAppId": null}
{"EventID": "2097", "Channel": "Microsoft-Windows-Windows Firewall With Advanced Security/Firewall", "Provider_Name": "Microsoft-Windows-Windows Firewall With Advanced Security", "Computer": "DESKTOP-OFJ6N53", "TimeCreated": "2025-06-28 20:11:58.168333+00:00", "RecordID": "30643", "Level": "4", "UserID": "S-1-5-19", "EventData.RuleId": "{74F03AC3-1732-4D88-8636-9F17C6A538DE}", "EventData.RuleName": "@{Microsoft.DesktopAppInstaller_1.26.400.0_x64__8wekyb3d8bbwe?ms-resource://Microsoft.DesktopAppInstaller/Resources/appDisplayName}", "EventData.Origin": "1", "EventData.ApplicationPath": null, "EventData.ServiceName": null, "EventData.Direction": "2", "EventData.Protocol": "256", "EventData.LocalPorts": null, "EventData.RemotePorts": null, "EventData.Action": "3", "EventData.Profiles": "7", "EventData.LocalAddresses": "*", "EventData.RemoteAddresses": "*", "EventData.RemoteMachineAuthorizationList": null, "EventData.RemoteUserAuthorizationList": null, "EventData.EmbeddedContext": "@{Microsoft.DesktopAppInstaller_1.26.400.0_x64__8wekyb3d8bbwe?ms-resource://Microsoft.DesktopAppInstaller/Resources/appDisplayName}", "EventData.Flags": "1", "EventData.Active": "1", "EventData.EdgeTraversal": "0", "EventData.LooseSourceMapped": "0", "EventData.SecurityOptions": "0", "EventData.ModifyingUser": "S-1-5-80-3088073201-1464728630-1879813800-1107566885-823218052", "EventData.ModifyingApplication": "C:\\Windows\\System32\\svchost.exe", "EventData.SchemaVersion": "542", "EventData.RuleStatus": "65536", "EventData.LocalOnlyMapped": "0", "EventData.PolicyAppId": null}
{"EventID": "2097", "Channel": "Microsoft-Windows-Windows Firewall With Advanced Security/Firewall", "Provider_Name": "Microsoft-Windows-Windows Firewall With Advanced Security", "Computer": "DESKTOP-OFJ6N53", "TimeCreated": "2025-06-28 20:11:58.170677+00:00", "RecordID": "30644", "Level": "4", "UserID": "S-1-5-19", "EventData.RuleId": "{011BFC9D-32B7-4D6F-9893-3B27BCC67238}", "EventData.RuleName": "@{Microsoft.DesktopAppInstaller_1.26.400.0_x64__8wekyb3d8bbwe?ms-resource://Microsoft.DesktopAppInstaller/Resources/appDisplayName}", "EventData.Origin": "1", "EventData.ApplicationPath": null, "EventData.ServiceName": null, "EventData.Direction": "2", "EventData.Protocol": "256", "EventData.LocalPorts": null, "EventData.RemotePorts": null, "EventData.Action": "3", "EventData.Profiles": "7", "EventData.LocalAddresses": "*", "EventData.RemoteAddresses": "*", "EventData.RemoteMachineAuthorizationList": null, "EventData.RemoteUserAuthorizationList": null, "EventData.EmbeddedContext": "@{Microsoft.DesktopAppInstaller_1.26.400.0_x64__8wekyb3d8bbwe?ms-resource://Microsoft.DesktopAppInstaller/Resources/appDisplayName}", "EventData.Flags": "1", "EventData.Active": "1", "EventData.EdgeTraversal": "0", "EventData.LooseSourceMapped": "0", "EventData.SecurityOptions": "0", "EventData.ModifyingUser": "S-1-5-80-3088073201-1464728630-1879813800-1107566885-823218052", "EventData.ModifyingApplication": "C:\\Windows\\System32\\svchost.exe", "EventData.SchemaVersion": "542", "EventData.RuleStatus": "65536", "EventData.LocalOnlyMapped": "0", "EventData.PolicyAppId": null}
{"EventID": "2097", "Channel": "Microsoft-Windows-Windows Firewall With Advanced Security/Firewall", "Provider_Name": "Microsoft-Windows-Windows Firewall With Advanced Security", "Computer": "DESKTOP-OFJ6N53", "TimeCreated": "2025-06-28 20:11:58.172974+00:00", "RecordID": "30645", "Level": "4", "UserID": "S-1-5-19", "EventData.RuleId": "{B5591502-3EAA-44C9-8334-3BD1F9E2C2CD}", "EventData.RuleName": "@{Microsoft.DesktopAppInstaller_1.26.400.0_x64__8wekyb3d8bbwe?ms-resource://Microsoft.DesktopAppInstaller/Resources/appDisplayName}", "EventData.Origin": "1", "EventData.ApplicationPath": null, "EventData.ServiceName": null, "EventData.Direction": "1", "EventData.Protocol": "256", "EventData.LocalPorts": null, "EventData.RemotePorts": null, "EventData.Action": "3", "EventData.Profiles": "3", "EventData.LocalAddresses": "*", "EventData.RemoteAddresses": "*", "EventData.RemoteMachineAuthorizationList": null, "EventData.RemoteUserAuthorizationList": null, "EventData.EmbeddedContext": "@{Microsoft.DesktopAppInstaller_1.26.400.0_x64__8wekyb3d8bbwe?ms-resource://Microsoft.DesktopAppInstaller/Resources/appDisplayName}", "EventData.Flags": "1", "EventData.Active": "1", "EventData.EdgeTraversal": "0", "EventData.LooseSourceMapped": "0", "EventData.SecurityOptions": "0", "EventData.ModifyingUser": "S-1-5-80-3088073201-1464728630-1879813800-1107566885-823218052", "EventData.ModifyingApplication": "C:\\Windows\\System32\\svchost.exe", "EventData.SchemaVersion": "542", "EventData.RuleStatus": "65536", "EventData.LocalOnlyMapped": "0", "EventData.PolicyAppId": null}
{"EventID": "2006", "Channel": "Microsoft-Windows-Windows Firewall With Advanced Security/Firewall", "Provider_Name": "Microsoft-Windows-Windows Firewall With Advanced Security", "Computer": "DESKTOP-OFJ6N53", "TimeCreated": "2025-06-29 22:56:34.811739+00:00", "RecordID": "30646", "Level": "4", "UserID": "S-1-5-19", "EventData.RuleId": "{BAA003CB-E7B2-4535-A456-443231704D29}", "EventData.RuleName": "Microsoft 365 Copilot", "EventData.ModifyingUser": "S-1-5-80-3088073201-1464728630-1879813800-1107566885-823218052", "EventData.ModifyingApplication": "C:\\Windows\\System32\\svchost.exe"}
{"EventID": "2006", "Channel": "Microsoft-Windows-Windows Firewall With Advanced Security/Firewall", "Provider_Name": "Microsoft-Windows-Windows Firewall With Advanced Security", "Computer": "DESKTOP-OFJ6N53", "TimeCreated": "2025-06-29 22:56:34.812805+00:00", "RecordID": "30647", "Level": "4", "UserID": "S-1-5-19", "EventData.RuleId": "{B6FB3B0B-7028-4DD4-A89A-335BA03DB2C4}", "EventData.RuleName": "Microsoft 365 Copilot", "EventData.ModifyingUser": "S-1-5-80-3088073201-1464728630-1879813800-1107566885-823218052", "EventData.ModifyingApplication": "C:\\Windows\\System32\\svchost.exe"}
{"EventID": "2006", "Channel": "Microsoft-Windows-Windows Firewall With Advanced Security/Firewall", "Provider_Name": "Microsoft-Windows-Windows Firewall With Advanced Security", "Computer": "DESKTOP-OFJ6N53", "TimeCreated": "2025-06-29 22:56:34.813667+00:00", "RecordID": "30648", "Level": "4", "UserID": "S-1-5-19", "EventData.RuleId": "{41974523-FFC3-455B-B68D-BF931A66FC9C}", "EventData.RuleName": "Microsoft 365 Copilot", "EventData.ModifyingUser": "S-1-5-80-3088073201-1464728630-1879813800-1107566885-823218052", "EventData.ModifyingApplication": "C:\\Windows\\System32\\svchost.exe"}
{"EventID": "2006", "Channel": "Microsoft-Windows-Windows Firewall With Advanced Security/Firewall", "Provider_Name": "Microsoft-Windows-Windows Firewall With Advanced Security", "Computer": "DESKTOP-OFJ6N53", "TimeCreated": "2025-06-29 22:56:34.815248+00:00", "RecordID": "30649", "Level": "4", "UserID": "S-1-5-19", "EventData.RuleId": "{64BE1223-B10D-41F5-B71C-695A6C960418}", "EventData.RuleName": "Microsoft 365 Copilot", "EventData.ModifyingUser": "S-1-5-80-3088073201-1464728630-1879813800-1107566885-823218052", "EventData.ModifyingApplication": "C:\\Windows\\System32\\svchost.exe"}
{"EventID": "2097", "Channel": "Microsoft-Windows-Windows Firewall With Advanced Security/Firewall", "Provider_Name": "Microsoft-Windows-Windows Firewall With Advanced Security", "Computer": "DESKTOP-OFJ6N53", "TimeCreated": "2025-06-29 22:56:34.819252+00:00", "RecordID": "30650", "Level": "4", "UserID": "S-1-5-19", "EventData.RuleId": "{0EFC0DE3-AE97-4504-8489-347B055045E5}", "EventData.RuleName": "Microsoft 365 Copilot", "EventData.Origin": "1", "EventData.ApplicationPath": null, "EventData.ServiceName": null, "EventData.Direction": "1", "EventData.Protocol": "256", "EventData.LocalPorts": null, "EventData.RemotePorts": null, "EventData.Action": "2", "EventData.Profiles": "2147483647", "EventData.LocalAddresses": "*", "EventData.RemoteAddresses": "*", "EventData.RemoteMachineAuthorizationList": null, "EventData.RemoteUserAuthorizationList": null, "EventData.EmbeddedContext": "Microsoft 365 Copilot", "EventData.Flags": "1", "EventData.Active": "1", "EventData.EdgeTraversal": "0", "EventData.LooseSourceMapped": "0", "EventData.SecurityOptions": "0", "EventData.ModifyingUser": "S-1-5-80-3088073201-1464728630-1879813800-1107566885-823218052", "EventData.ModifyingApplication": "C:\\Windows\\System32\\svchost.exe", "EventData.SchemaVersion": "542", "EventData.RuleStatus": "65536", "EventData.LocalOnlyMapped": "0", "EventData.PolicyAppId": null}
{"EventID": "2097", "Channel": "Microsoft-Windows-Windows Firewall With Advanced Security/Firewall", "Provider_Name": "Microsoft-Windows-Windows Firewall With Advanced Security", "Computer": "DESKTOP-OFJ6N53", "TimeCreated": "2025-06-29 22:56:34.821041+00:00", "RecordID": "30651", "Level": "4", "UserID": "S-1-5-19", "EventData.RuleId": "{74CC2F6F-02FF-4043-B9A3-5FEDDA314D1D}", "EventData.RuleName": "Microsoft 365 Copilot", "EventData.Origin": "1", "EventData.ApplicationPath": null, "EventData.ServiceName": null, "EventData.Direction": "2", "EventData.Protocol": "256", "EventData.LocalPorts": null, "EventData.RemotePorts": null, "EventData.Action": "2", "EventData.Profiles": "2147483647", "EventData.LocalAddresses": "*", "EventData.RemoteAddresses": "*", "EventData.RemoteMachineAuthorizationList": null, "EventData.RemoteUserAuthorizationList": null, "EventData.EmbeddedContext": "Microsoft 365 Copilot", "EventData.Flags": "1", "EventData.Active": "1", "EventData.EdgeTraversal": "0", "EventData.LooseSourceMapped": "0", "EventData.SecurityOptions": "0", "EventData.ModifyingUser": "S-1-5-80-3088073201-1464728630-1879813800-1107566885-823218052", "EventData.ModifyingApplication": "C:\\Windows\\System32\\svchost.exe", "EventData.SchemaVersion": "542", "EventData.RuleStatus": "65536", "EventData.LocalOnlyMapped": "0", "EventData.PolicyAppId": null}
{"EventID": "2097", "Channel": "Microsoft-Windows-Windows Firewall With Advanced Security/Firewall", "Provider_Name": "Microsoft-Windows-Windows Firewall With Advanced Security", "Computer": "DESKTOP-OFJ6N53", "TimeCreated": "2025-06-29 22:56:34.822943+00:00", "RecordID": "30652", "Level": "4", "UserID": "S-1-5-19", "EventData.RuleId": "{3E0D091E-872A-40C3-BC44-B550AA4A345C}", "EventData.RuleName": "Microsoft 365 Copilot", "EventData.Origin": "1", "EventData.ApplicationPath": null, "EventData.ServiceName": null, "EventData.Direction": "2", "EventData.Protocol": "256", "EventData.LocalPorts": null, "EventData.RemotePorts": null, "EventData.Action": "3", "EventData.Profiles": "7", "EventData.LocalAddresses": "*", "EventData.RemoteAddresses": "*", "EventData.RemoteMachineAuthorizationList": null, "EventData.RemoteUserAuthorizationList": null, "EventData.EmbeddedContext": "Microsoft 365 Copilot", "EventData.Flags": "1", "EventData.Active": "1", "EventData.EdgeTraversal": "0", "EventData.LooseSourceMapped": "0", "EventData.SecurityOptions": "0", "EventData.ModifyingUser": "S-1-5-80-3088073201-1464728630-1879813800-1107566885-823218052", "EventData.ModifyingApplication": "C:\\Windows\\System32\\svchost.exe", "EventData.SchemaVersion": "542", "EventData.RuleStatus": "65536", "EventData.LocalOnlyMapped": "0", "EventData.PolicyAppId": null}
{"EventID": "2097", "Channel": "Microsoft-Windows-Windows Firewall With Advanced Security/Firewall", "Provider_Name": "Microsoft-Windows-Windows Firewall With Advanced Security", "Computer": "DESKTOP-OFJ6N53", "TimeCreated": "2025-06-29 22:56:34.825058+00:00", "RecordID": "30653", "Level": "4", "UserID": "S-1-5-19", "EventData.RuleId": "{D9A8F41D-ED8C-4C1A-AD1D-7907CD54D499}", "EventData.RuleName": "Microsoft 365 Copilot", "EventData.Origin": "1", "EventData.ApplicationPath": null, "EventData.ServiceName": null, "EventData.Direction": "2", "EventData.Protocol": "256", "EventData.LocalPorts": null, "EventData.RemotePorts": null, "EventData.Action": "3", "EventData.Profiles": "7", "EventData.LocalAddresses": "*", "EventData.RemoteAddresses": "*", "EventData.RemoteMachineAuthorizationList": null, "EventData.RemoteUserAuthorizationList": null, "EventData.EmbeddedContext": "Microsoft 365 Copilot", "EventData.Flags": "1", "EventData.Active": "1", "EventData.EdgeTraversal": "0", "EventData.LooseSourceMapped": "0", "EventData.SecurityOptions": "0", "EventData.ModifyingUser": "S-1-5-80-3088073201-1464728630-1879813800-1107566885-823218052", "EventData.ModifyingApplication": "C:\\Windows\\System32\\svchost.exe", "EventData.SchemaVersion": "542", "EventData.RuleStatus": "65536", "EventData.LocalOnlyMapped": "0", "EventData.PolicyAppId": null}
{"EventID": "2006", "Channel": "Microsoft-Windows-Windows Firewall With Advanced Security/Firewall", "Provider_Name": "Microsoft-Windows-Windows Firewall With Advanced Security", "Computer": "DESKTOP-OFJ6N53", "TimeCreated": "2025-07-01 08:08:54.011585+00:00", "RecordID": "30654", "Level": "4", "UserID": "S-1-5-19", "EventData.RuleId": "{E73B1D4A-8A14-479F-88C7-D784EDF276D5}", "EventData.RuleName": "Usermode Font Driver Host", "EventData.ModifyingUser": "S-1-5-80-3088073201-1464728630-1879813800-1107566885-823218052", "EventData.ModifyingApplication": "C:\\Windows\\System32\\svchost.exe"}
{"EventID": "2006", "Channel": "Microsoft-Windows-Windows Firewall With Advanced Security/Firewall", "Provider_Name": "Microsoft-Windows-Windows Firewall With Advanced Security", "Computer": "DESKTOP-OFJ6N53", "TimeCreated": "2025-07-01 08:08:54.015799+00:00", "RecordID": "30655", "Level": "4", "UserID": "S-1-5-19", "EventData.RuleId": "{294C25E6-6805-4B02-AF7D-E1BCF3EDD4F5}", "EventData.RuleName": "Usermode Font Driver Host", "EventData.ModifyingUser": "S-1-5-80-3088073201-1464728630-1879813800-1107566885-823218052", "EventData.ModifyingApplication": "C:\\Windows\\System32\\svchost.exe"}
{"EventID": "2097", "Channel": "Microsoft-Windows-Windows Firewall With Advanced Security/Firewall", "Provider_Name": "Microsoft-Windows-Windows Firewall With Advanced Security", "Computer": "DESKTOP-OFJ6N53", "TimeCreated": "2025-07-01 08:08:54.020531+00:00", "RecordID": "30656", "Level": "4", "UserID": "S-1-5-19", "EventData.RuleId": "{E152C8DE-271E-4334-AC4A-0A46640E4BD1}", "EventData.RuleName": "Usermode Font Driver Host", "EventData.Origin": "1", "EventData.ApplicationPath": null, "EventData.ServiceName": null, "EventData.Direction": "1", "EventData.Protocol": "256", "EventData.LocalPorts": null, "EventData.RemotePorts": null, "EventData.Action": "2", "EventData.Profiles": "2147483647", "EventData.LocalAddresses": "*", "EventData.RemoteAddresses": "*", "EventData.RemoteMachineAuthorizationList": null, "EventData.RemoteUserAuthorizationList": null, "EventData.EmbeddedContext": "Usermode Font Driver Host", "EventData.Flags": "1", "EventData.Active": "1", "EventData.EdgeTraversal": "0", "EventData.LooseSourceMapped": "0", "EventData.SecurityOptions": "0", "EventData.ModifyingUser": "S-1-5-80-3088073201-1464728630-1879813800-1107566885-823218052", "EventData.ModifyingApplication": "C:\\Windows\\System32\\svchost.exe", "EventData.SchemaVersion": "542", "EventData.RuleStatus": "65536", "EventData.LocalOnlyMapped": "0", "EventData.PolicyAppId": null}
{"EventID": "2097", "Channel": "Microsoft-Windows-Windows Firewall With Advanced Security/Firewall", "Provider_Name": "Microsoft-Windows-Windows Firewall With Advanced Security", "Computer": "DESKTOP-OFJ6N53", "TimeCreated": "2025-07-01 08:08:54.022230+00:00", "RecordID": "30657", "Level": "4", "UserID": "S-1-5-19", "EventData.RuleId": "{1CBCA7B3-DCB5-4DBD-B896-B2575DD4A5B3}", "EventData.RuleName": "Usermode Font Driver Host", "EventData.Origin": "1", "EventData.ApplicationPath": null, "EventData.ServiceName": null, "EventData.Direction": "2", "EventData.Protocol": "256", "EventData.LocalPorts": null, "EventData.RemotePorts": null, "EventData.Action": "2", "EventData.Profiles": "2147483647", "EventData.LocalAddresses": "*", "EventData.RemoteAddresses": "*", "EventData.RemoteMachineAuthorizationList": null, "EventData.RemoteUserAuthorizationList": null, "EventData.EmbeddedContext": "Usermode Font Driver Host", "EventData.Flags": "1", "EventData.Active": "1", "EventData.EdgeTraversal": "0", "EventData.LooseSourceMapped": "0", "EventData.SecurityOptions": "0", "EventData.ModifyingUser": "S-1-5-80-3088073201-1464728630-1879813800-1107566885-823218052", "EventData.ModifyingApplication": "C:\\Windows\\System32\\svchost.exe", "EventData.SchemaVersion": "542", "EventData.RuleStatus": "65536", "EventData.LocalOnlyMapped": "0", "EventData.PolicyAppId": null}
{"EventID": "2006", "Channel": "Microsoft-Windows-Windows Firewall With Advanced Security/Firewall", "Provider_Name": "Microsoft-Windows-Windows Firewall With Advanced Security", "Computer": "DESKTOP-OFJ6N53", "TimeCreated": "2025-07-02 14:32:35.891562+00:00", "RecordID": "30658", "Level": "4", "UserID": "S-1-5-19", "EventData.RuleId": "{3E0D091E-872A-40C3-BC44-B550AA4A345C}", "EventData.RuleName": "Microsoft 365 Copilot", "EventData.ModifyingUser": "S-1-5-80-3088073201-1464728630-1879813800-1107566885-823218052", "EventData.ModifyingApplication": "C:\\Windows\\System32\\svchost.exe"}
{"EventID": "2006", "Channel": "Microsoft-Windows-Windows Firewall With Advanced Security/Firewall", "Provider_Name": "Microsoft-Windows-Windows Firewall With Advanced Security", "Computer": "DESKTOP-OFJ6N53", "TimeCreated": "2025-07-02 14:32:35.892794+00:00", "RecordID": "30659", "Level": "4", "UserID": "S-1-5-19", "EventData.RuleId": "{74CC2F6F-02FF-4043-B9A3-5FEDDA314D1D}", "EventData.RuleName": "Microsoft 365 Copilot", "EventData.ModifyingUser": "S-1-5-80-3088073201-1464728630-1879813800-1107566885-823218052", "EventData.ModifyingApplication": "C:\\Windows\\System32\\svchost.exe"}
{"EventID": "2006", "Channel": "Microsoft-Windows-Windows Firewall With Advanced Security/Firewall", "Provider_Name": "Microsoft-Windows-Windows Firewall With Advanced Security", "Computer": "DESKTOP-OFJ6N53", "TimeCreated": "2025-07-02 14:32:35.893917+00:00", "RecordID": "30660", "Level": "4", "UserID": "S-1-5-19", "EventData.RuleId": "{0EFC0DE3-AE97-4504-8489-347B055045E5}", "EventData.RuleName": "Microsoft 365 Copilot", "EventData.ModifyingUser": "S-1-5-80-3088073201-1464728630-1879813800-1107566885-823218052", "EventData.ModifyingApplication": "C:\\Windows\\System32\\svchost.exe"}
{"EventID": "2006", "Channel": "Microsoft-Windows-Windows Firewall With Advanced Security/Firewall", "Provider_Name": "Microsoft-Windows-Windows Firewall With Advanced Security", "Computer": "DESKTOP-OFJ6N53", "TimeCreated": "2025-07-02 14:32:35.896439+00:00", "RecordID": "30661", "Level": "4", "UserID": "S-1-5-19", "EventData.RuleId": "{D9A8F41D-ED8C-4C1A-AD1D-7907CD54D499}", "EventData.RuleName": "Microsoft 365 Copilot", "EventData.ModifyingUser": "S-1-5-80-3088073201-1464728630-1879813800-1107566885-823218052", "EventData.ModifyingApplication": "C:\\Windows\\System32\\svchost.exe"}
{"EventID": "2097", "Channel": "Microsoft-Windows-Windows Firewall With Advanced Security/Firewall", "Provider_Name": "Microsoft-Windows-Windows Firewall With Advanced Security", "Computer": "DESKTOP-OFJ6N53", "TimeCreated": "2025-07-02 14:32:35.900728+00:00", "RecordID": "30662", "Level": "4", "UserID": "S-1-5-19", "EventData.RuleId": "{B260E1FA-27B9-4871-9011-ED6AE70BEE17}", "EventData.RuleName": "Microsoft 365 Copilot", "EventData.Origin": "1", "EventData.ApplicationPath": null, "EventData.ServiceName": null, "EventData.Direction": "1", "EventData.Protocol": "256", "EventData.LocalPorts": null, "EventData.RemotePorts": null, "EventData.Action": "2", "EventData.Profiles": "2147483647", "EventData.LocalAddresses": "*", "EventData.RemoteAddresses": "*", "EventData.RemoteMachineAuthorizationList": null, "EventData.RemoteUserAuthorizationList": null, "EventData.EmbeddedContext": "Microsoft 365 Copilot", "EventData.Flags": "1", "EventData.Active": "1", "EventData.EdgeTraversal": "0", "EventData.LooseSourceMapped": "0", "EventData.SecurityOptions": "0", "EventData.ModifyingUser": "S-1-5-80-3088073201-1464728630-1879813800-1107566885-823218052", "EventData.ModifyingApplication": "C:\\Windows\\System32\\svchost.exe", "EventData.SchemaVersion": "542", "EventData.RuleStatus": "65536", "EventData.LocalOnlyMapped": "0", "EventData.PolicyAppId": null}
{"EventID": "2097", "Channel": "Microsoft-Windows-Windows Firewall With Advanced Security/Firewall", "Provider_Name": "Microsoft-Windows-Windows Firewall With Advanced Security", "Computer": "DESKTOP-OFJ6N53", "TimeCreated": "2025-07-02 14:32:35.902515+00:00", "RecordID": "30663", "Level": "4", "UserID": "S-1-5-19", "EventData.RuleId": "{C1276E79-5A82-433A-8F96-31AF4BB6FCDF}", "EventData.RuleName": "Microsoft 365 Copilot", "EventData.Origin": "1", "EventData.ApplicationPath": null, "EventData.ServiceName": null, "EventData.Direction": "2", "EventData.Protocol": "256", "EventData.LocalPorts": null, "EventData.RemotePorts": null, "EventData.Action": "2", "EventData.Profiles": "2147483647", "EventData.LocalAddresses": "*", "EventData.RemoteAddresses": "*", "EventData.RemoteMachineAuthorizationList": null, "EventData.RemoteUserAuthorizationList": null, "EventData.EmbeddedContext": "Microsoft 365 Copilot", "EventData.Flags": "1", "EventData.Active": "1", "EventData.EdgeTraversal": "0", "EventData.LooseSourceMapped": "0", "EventData.SecurityOptions": "0", "EventData.ModifyingUser": "S-1-5-80-3088073201-1464728630-1879813800-1107566885-823218052", "EventData.ModifyingApplication": "C:\\Windows\\System32\\svchost.exe", "EventData.SchemaVersion": "542", "EventData.RuleStatus": "65536", "EventData.LocalOnlyMapped": "0", "EventData.PolicyAppId": null}
{"EventID": "2097", "Channel": "Microsoft-Windows-Windows Firewall With Advanced Security/Firewall", "Provider_Name": "Microsoft-Windows-Windows Firewall With Advanced Security", "Computer": "DESKTOP-OFJ6N53", "TimeCreated": "2025-07-02 14:32:35.904318+00:00", "RecordID": "30664", "Level": "4", "UserID": "S-1-5-19", "EventData.RuleId": "{C5386319-F2C6-47BB-8D6C-2330292265B7}", "EventData.RuleName": "Microsoft 365 Copilot", "EventData.Origin": "1", "EventData.ApplicationPath": null, "EventData.ServiceName": null, "EventData.Direction": "2", "EventData.Protocol": "256", "EventData.LocalPorts": null, "EventData.RemotePorts": null, "EventData.Action": "3", "EventData.Profiles": "7", "EventData.LocalAddresses": "*", "EventData.RemoteAddresses": "*", "EventData.RemoteMachineAuthorizationList": null, "EventData.RemoteUserAuthorizationList": null, "EventData.EmbeddedContext": "Microsoft 365 Copilot", "EventData.Flags": "1", "EventData.Active": "1", "EventData.EdgeTraversal": "0", "EventData.LooseSourceMapped": "0", "EventData.SecurityOptions": "0", "EventData.ModifyingUser": "S-1-5-80-3088073201-1464728630-1879813800-1107566885-823218052", "EventData.ModifyingApplication": "C:\\Windows\\System32\\svchost.exe", "EventData.SchemaVersion": "542", "EventData.RuleStatus": "65536", "EventData.LocalOnlyMapped": "0", "EventData.PolicyAppId": null}
{"EventID": "2097", "Channel": "Microsoft-Windows-Windows Firewall With Advanced Security/Firewall", "Provider_Name": "Microsoft-Windows-Windows Firewall With Advanced Security", "Computer": "DESKTOP-OFJ6N53", "TimeCreated": "2025-07-02 14:32:35.906145+00:00", "RecordID": "30665", "Level": "4", "UserID": "S-1-5-19", "EventData.RuleId": "{5FFBA3FF-D29B-4123-AD82-A74ACD418E91}", "EventData.RuleName": "Microsoft 365 Copilot", "EventData.Origin": "1", "EventData.ApplicationPath": null, "EventData.ServiceName": null, "EventData.Direction": "2", "EventData.Protocol": "256", "EventData.LocalPorts": null, "EventData.RemotePorts": null, "EventData.Action": "3", "EventData.Profiles": "7", "EventData.LocalAddresses": "*", "EventData.RemoteAddresses": "*", "EventData.RemoteMachineAuthorizationList": null, "EventData.RemoteUserAuthorizationList": null, "EventData.EmbeddedContext": "Microsoft 365 Copilot", "EventData.Flags": "1", "EventData.Active": "1", "EventData.EdgeTraversal": "0", "EventData.LooseSourceMapped": "0", "EventData.SecurityOptions": "0", "EventData.ModifyingUser": "S-1-5-80-3088073201-1464728630-1879813800-1107566885-823218052", "EventData.ModifyingApplication": "C:\\Windows\\System32\\svchost.exe", "EventData.SchemaVersion": "542", "EventData.RuleStatus": "65536", "EventData.LocalOnlyMapped": "0", "EventData.PolicyAppId": null}
{"EventID": "2099", "Channel": "Microsoft-Windows-Windows Firewall With Advanced Security/Firewall", "Provider_Name": "Microsoft-Windows-Windows Firewall With Advanced Security", "Computer": "DESKTOP-OFJ6N53", "TimeCreated": "2025-07-03 07:06:13.041767+00:00", "RecordID": "30666", "Level": "4", "UserID": "S-1-5-19", "EventData.RuleId": "{4A857B22-9C40-4A93-9F57-8AB77A2E794D}", "EventData.RuleName": "138b8764-d991-4199-a29a-85c71c48faae", "EventData.Origin": "1", "EventData.ApplicationPath": "C:\\Program Files (x86)\\Microsoft\\Edge\\Application\\msedge.exe", "EventData.ServiceName": null, "EventData.Direction": "1", "EventData.Protocol": "17", "EventData.LocalPorts": "5353", "EventData.RemotePorts": "*", "EventData.Action": "3", "EventData.Profiles": "2147483647", "EventData.LocalAddresses": "*", "EventData.RemoteAddresses": "*", "EventData.RemoteMachineAuthorizationList": null, "EventData.RemoteUserAuthorizationList": null, "EventData.EmbeddedContext": "Microsoft Edge", "EventData.Flags": "1", "EventData.Active": "1", "EventData.EdgeTraversal": "0", "EventData.LooseSourceMapped": "0", "EventData.SecurityOptions": "0", "EventData.ModifyingUser": "S-1-5-18", "EventData.ModifyingApplication": "C:\\Program Files (x86)\\Microsoft\\EdgeUpdate\\Install\\{EE5BB09D-226E-474A-8EE5-5BBBA525B302}\\EDGEMITMP_3BB42.tmp\\setup.exe", "EventData.SchemaVersion": "542", "EventData.RuleStatus": "65536", "EventData.LocalOnlyMapped": "0", "EventData.PolicyAppId": null}
{"EventID": "2006", "Channel": "Microsoft-Windows-Windows Firewall With Advanced Security/Firewall", "Provider_Name": "Microsoft-Windows-Windows Firewall With Advanced Security", "Computer": "DESKTOP-OFJ6N53", "TimeCreated": "2025-07-03 07:06:13.059875+00:00", "RecordID": "30667", "Level": "4", "UserID": "S-1-5-19", "EventData.RuleId": "{4A857B22-9C40-4A93-9F57-8AB77A2E794D}", "EventData.RuleName": "138b8764-d991-4199-a29a-85c71c48faae", "EventData.ModifyingUser": "S-1-5-18", "EventData.ModifyingApplication": "C:\\Program Files (x86)\\Microsoft\\EdgeUpdate\\Install\\{EE5BB09D-226E-474A-8EE5-5BBBA525B302}\\EDGEMITMP_3BB42.tmp\\setup.exe"}
{"EventID": "2097", "Channel": "Microsoft-Windows-Windows Firewall With Advanced Security/Firewall", "Provider_Name": "Microsoft-Windows-Windows Firewall With Advanced Security", "Computer": "DESKTOP-OFJ6N53", "TimeCreated": "2025-07-03 07:06:13.067898+00:00", "RecordID": "30668", "Level": "4", "UserID": "S-1-5-19", "EventData.RuleId": "{2935CDCA-1883-499B-AA5C-3C2F98E5658C}", "EventData.RuleName": "Microsoft Edge (mDNS-входящий)", "EventData.Origin": "1", "EventData.ApplicationPath": "C:\\Program Files (x86)\\Microsoft\\Edge\\Application\\msedge.exe", "EventData.ServiceName": null, "EventData.Direction": "1", "EventData.Protocol": "17", "EventData.LocalPorts": "5353", "EventData.RemotePorts": "*", "EventData.Action": "3", "EventData.Profiles": "2147483647", "EventData.LocalAddresses": "*", "EventData.RemoteAddresses": "*", "EventData.RemoteMachineAuthorizationList": null, "EventData.RemoteUserAuthorizationList": null, "EventData.EmbeddedContext": "Microsoft Edge", "EventData.Flags": "1", "EventData.Active": "1", "EventData.EdgeTraversal": "0", "EventData.LooseSourceMapped": "0", "EventData.SecurityOptions": "0", "EventData.ModifyingUser": "S-1-5-18", "EventData.ModifyingApplication": "C:\\Program Files (x86)\\Microsoft\\EdgeUpdate\\Install\\{EE5BB09D-226E-474A-8EE5-5BBBA525B302}\\EDGEMITMP_3BB42.tmp\\setup.exe", "EventData.SchemaVersion": "542", "EventData.RuleStatus": "65536", "EventData.LocalOnlyMapped": "0", "EventData.PolicyAppId": null}
{"EventID": "2099", "Channel": "Microsoft-Windows-Windows Firewall With Advanced Security/Firewall", "Provider_Name": "Microsoft-Windows-Windows Firewall With Advanced Security", "Computer": "DESKTOP-OFJ6N53", "TimeCreated": "2025-07-03 07:06:13.395277+00:00", "RecordID": "30669", "Level": "4", "UserID": "S-1-5-19", "EventData.RuleId": "{2935CDCA-1883-499B-AA5C-3C2F98E5658C}", "EventData.RuleName": "97aaa8a4-b23a-4e43-8804-2a13622c27bd", "EventData.Origin": "1", "EventData.ApplicationPath": "C:\\Program Files (x86)\\Microsoft\\Edge\\Application\\msedge.exe", "EventData.ServiceName": null, "EventData.Direction": "1", "EventData.Protocol": "17", "EventData.LocalPorts": "5353", "EventData.RemotePorts": "*", "EventData.Action": "3", "EventData.Profiles": "2147483647", "EventData.LocalAddresses": "*", "EventData.RemoteAddresses": "*", "EventData.RemoteMachineAuthorizationList": null, "EventData.RemoteUserAuthorizationList": null, "EventData.EmbeddedContext": "Microsoft Edge", "EventData.Flags": "1", "EventData.Active": "1", "EventData.EdgeTraversal": "0", "EventData.LooseSourceMapped": "0", "EventData.SecurityOptions": "0", "EventData.ModifyingUser": "S-1-5-18", "EventData.ModifyingApplication": "C:\\Program Files (x86)\\Microsoft\\EdgeUpdate\\Install\\{EE5BB09D-226E-474A-8EE5-5BBBA525B302}\\EDGEMITMP_3BB42.tmp\\setup.exe", "EventData.SchemaVersion": "542", "EventData.RuleStatus": "65536", "EventData.LocalOnlyMapped": "0", "EventData.PolicyAppId": null}
{"EventID": "2006", "Channel": "Microsoft-Windows-Windows Firewall With Advanced Security/Firewall", "Provider_Name": "Microsoft-Windows-Windows Firewall With Advanced Security", "Computer": "DESKTOP-OFJ6N53", "TimeCreated": "2025-07-03 07:06:13.410120+00:00", "RecordID": "30670", "Level": "4", "UserID": "S-1-5-19", "EventData.RuleId": "{2935CDCA-1883-499B-AA5C-3C2F98E5658C}", "EventData.RuleName": "97aaa8a4-b23a-4e43-8804-2a13622c27bd", "EventData.ModifyingUser": "S-1-5-18", "EventData.ModifyingApplication": "C:\\Program Files (x86)\\Microsoft\\EdgeUpdate\\Install\\{EE5BB09D-226E-474A-8EE5-5BBBA525B302}\\EDGEMITMP_3BB42.tmp\\setup.exe"}
{"EventID": "2097", "Channel": "Microsoft-Windows-Windows Firewall With Advanced Security/Firewall", "Provider_Name": "Microsoft-Windows-Windows Firewall With Advanced Security", "Computer": "DESKTOP-OFJ6N53", "TimeCreated": "2025-07-03 07:06:13.416014+00:00", "RecordID": "30671", "Level": "4", "UserID": "S-1-5-19", "EventData.RuleId": "{BB19214C-435D-4E1C-BDB5-27128FAF1A65}", "EventData.RuleName": "Microsoft Edge (mDNS-входящий)", "EventData.Origin": "1", "EventData.ApplicationPath": "C:\\Program Files (x86)\\Microsoft\\Edge\\Application\\msedge.exe", "EventData.ServiceName": null, "EventData.Direction": "1", "EventData.Protocol": "17", "EventData.LocalPorts": "5353", "EventData.RemotePorts": "*", "EventData.Action": "3", "EventData.Profiles": "2147483647", "EventData.LocalAddresses": "*", "EventData.RemoteAddresses": "*", "EventData.RemoteMachineAuthorizationList": null, "EventData.RemoteUserAuthorizationList": null, "EventData.EmbeddedContext": "Microsoft Edge", "EventData.Flags": "1", "EventData.Active": "1", "EventData.EdgeTraversal": "0", "EventData.LooseSourceMapped": "0", "EventData.SecurityOptions": "0", "EventData.ModifyingUser": "S-1-5-18", "EventData.ModifyingApplication": "C:\\Program Files (x86)\\Microsoft\\EdgeUpdate\\Install\\{EE5BB09D-226E-474A-8EE5-5BBBA525B302}\\EDGEMITMP_3BB42.tmp\\setup.exe", "EventData.SchemaVersion": "542", "EventData.RuleStatus": "65536", "EventData.LocalOnlyMapped": "0", "EventData.PolicyAppId": null}
{"EventID": "2006", "Channel": "Microsoft-Windows-Windows Firewall With Advanced Security/Firewall", "Provider_Name": "Microsoft-Windows-Windows Firewall With Advanced Security", "Computer": "DESKTOP-OFJ6N53", "TimeCreated": "2025-07-07 12:45:34.032721+00:00", "RecordID": "30672", "Level": "4", "UserID": "S-1-5-19", "EventData.RuleId": "{157AB6B4-24DF-41DA-95A2-62FC48B94B16}", "EventData.RuleName": "Chrome Sandbox", "EventData.ModifyingUser": "S-1-5-80-3088073201-1464728630-1879813800-1107566885-823218052", "EventData.ModifyingApplication": "C:\\Windows\\System32\\svchost.exe"}
{"EventID": "2006", "Channel": "Microsoft-Windows-Windows Firewall With Advanced Security/Firewall", "Provider_Name": "Microsoft-Windows-Windows Firewall With Advanced Security", "Computer": "DESKTOP-OFJ6N53", "TimeCreated": "2025-07-07 12:45:34.033548+00:00", "RecordID": "30673", "Level": "4", "UserID": "S-1-5-19", "EventData.RuleId": "{8E9E4103-69D8-4E87-85B5-4797B35D5950}", "EventData.RuleName": "Chrome Sandbox", "EventData.ModifyingUser": "S-1-5-80-3088073201-1464728630-1879813800-1107566885-823218052", "EventData.ModifyingApplication": "C:\\Windows\\System32\\svchost.exe"}
{"EventID": "2097", "Channel": "Microsoft-Windows-Windows Firewall With Advanced Security/Firewall", "Provider_Name": "Microsoft-Windows-Windows Firewall With Advanced Security", "Computer": "DESKTOP-OFJ6N53", "TimeCreated": "2025-07-07 12:45:34.036423+00:00", "RecordID": "30674", "Level": "4", "UserID": "S-1-5-19", "EventData.RuleId": "{04521D7D-B6B9-4044-A9C8-F50E5A46B128}", "EventData.RuleName": "Chrome Sandbox", "EventData.Origin": "1", "EventData.ApplicationPath": null, "EventData.ServiceName": null, "EventData.Direction": "1", "EventData.Protocol": "256", "EventData.LocalPorts": null, "EventData.RemotePorts": null, "EventData.Action": "2", "EventData.Profiles": "2147483647", "EventData.LocalAddresses": "*", "EventData.RemoteAddresses": "*", "EventData.RemoteMachineAuthorizationList": null, "EventData.RemoteUserAuthorizationList": null, "EventData.EmbeddedContext": "Chrome Sandbox", "EventData.Flags": "1", "EventData.Active": "1", "EventData.EdgeTraversal": "0", "EventData.LooseSourceMapped": "0", "EventData.SecurityOptions": "0", "EventData.ModifyingUser": "S-1-5-80-3088073201-1464728630-1879813800-1107566885-823218052", "EventData.ModifyingApplication": "C:\\Windows\\System32\\svchost.exe", "EventData.SchemaVersion": "542", "EventData.RuleStatus": "65536", "EventData.LocalOnlyMapped": "0", "EventData.PolicyAppId": null}
{"EventID": "2097", "Channel": "Microsoft-Windows-Windows Firewall With Advanced Security/Firewall", "Provider_Name": "Microsoft-Windows-Windows Firewall With Advanced Security", "Computer": "DESKTOP-OFJ6N53", "TimeCreated": "2025-07-07 12:45:34.037905+00:00", "RecordID": "30675", "Level": "4", "UserID": "S-1-5-19", "EventData.RuleId": "{67E97DD0-D0B8-41EA-B264-29F63A0F18A4}", "EventData.RuleName": "Chrome Sandbox", "EventData.Origin": "1", "EventData.ApplicationPath": null, "EventData.ServiceName": null, "EventData.Direction": "2", "EventData.Protocol": "256", "EventData.LocalPorts": null, "EventData.RemotePorts": null, "EventData.Action": "2", "EventData.Profiles": "2147483647", "EventData.LocalAddresses": "*", "EventData.RemoteAddresses": "*", "EventData.RemoteMachineAuthorizationList": null, "EventData.RemoteUserAuthorizationList": null, "EventData.EmbeddedContext": "Chrome Sandbox", "EventData.Flags": "1", "EventData.Active": "1", "EventData.EdgeTraversal": "0", "EventData.LooseSourceMapped": "0", "EventData.SecurityOptions": "0", "EventData.ModifyingUser": "S-1-5-80-3088073201-1464728630-1879813800-1107566885-823218052", "EventData.ModifyingApplication": "C:\\Windows\\System32\\svchost.exe", "EventData.SchemaVersion": "542", "EventData.RuleStatus": "65536", "EventData.LocalOnlyMapped": "0", "EventData.PolicyAppId": null}
{"EventID": "2033", "Channel": "Microsoft-Windows-Windows Firewall With Advanced Security/Firewall", "Provider_Name": "Microsoft-Windows-Windows Firewall With Advanced Security", "Computer": "DESKTOP-OFJ6N53", "TimeCreated": "2025-07-07 12:49:32.679239+00:00", "RecordID": "30676", "Level": "4", "UserID": "S-1-5-19", "EventData.Store Type": "12", "EventData.ModifyingUser": "S-1-5-80-3088073201-1464728630-1879813800-1107566885-823218052", "EventData.ModifyingApplication": "C:\\Windows\\System32\\svchost.exe"}
{"EventID": "2051", "Channel": "Microsoft-Windows-Windows Firewall With Advanced Security/Firewall", "Provider_Name": "Microsoft-Windows-Windows Firewall With Advanced Security", "Computer": "DESKTOP-OFJ6N53", "TimeCreated": "2025-07-07 12:49:32.679277+00:00", "RecordID": "30677", "Level": "4", "UserID": "S-1-5-19", "EventData.ErrorCode": "0", "EventData.PolicyChange": "0"}
{"EventID": "2010", "Channel": "Microsoft-Windows-Windows Firewall With Advanced Security/Firewall", "Provider_Name": "Microsoft-Windows-Windows Firewall With Advanced Security", "Computer": "DESKTOP-OFJ6N53", "TimeCreated": "2025-07-07 12:49:32.693403+00:00", "RecordID": "30678", "Level": "4", "UserID": "S-1-5-19", "EventData.InterfaceGuid": "{bed2c4be-ec11-4cc8-aafc-f0fd7a5e3a02}", "EventData.InterfaceName": "ethernet_32769", "EventData.OldProfile": "2147483649", "EventData.NewProfile": "2"}
{"EventID": "2002", "Channel": "Microsoft-Windows-Windows Firewall With Advanced Security/Firewall", "Provider_Name": "Microsoft-Windows-Windows Firewall With Advanced Security", "Computer": "DESKTOP-OFJ6N53", "TimeCreated": "2025-07-07 12:49:32.807037+00:00", "RecordID": "30679", "Level": "4", "UserID": "S-1-5-19", "EventData.SettingType": "2", "EventData.SettingValueSize": "4", "EventData.SettingValue": "AgAAAA==", "EventData.SettingValueDisplay": "Частный", "EventData.Origin": "1", "EventData.ModifyingUser": "S-1-5-80-3088073201-1464728630-1879813800-1107566885-823218052", "EventData.ModifyingApplication": null}
{"EventID": "2003", "Channel": "Microsoft-Windows-Windows Firewall With Advanced Security/Firewall", "Provider_Name": "Microsoft-Windows-Windows Firewall With Advanced Security", "Computer": "DESKTOP-OFJ6N53", "TimeCreated": "2025-07-07 12:51:50.204119+00:00", "RecordID": "30680", "Level": "4", "UserID": "S-1-5-19", "EventData.Profiles": "1", "EventData.SettingType": "1", "EventData.SettingValueSize": "4", "EventData.SettingValue": "AAAAAA==", "EventData.SettingValueString": "Нет", "EventData.Origin": "1", "EventData.ModifyingUser": "S-1-5-18", "EventData.ModifyingApplication": "C:\\Windows\\SysWOW64\\dllhost.exe"}
{"EventID": "2003", "Channel": "Microsoft-Windows-Windows Firewall With Advanced Security/Firewall", "Provider_Name": "Microsoft-Windows-Windows Firewall With Advanced Security", "Computer": "DESKTOP-OFJ6N53", "TimeCreated": "2025-07-07 12:51:50.317701+00:00", "RecordID": "30681", "Level": "4", "UserID": "S-1-5-19", "EventData.Profiles": "2", "EventData.SettingType": "1", "EventData.SettingValueSize": "4", "EventData.SettingValue": "AAAAAA==", "EventData.SettingValueString": "Нет", "EventData.Origin": "1", "EventData.ModifyingUser": "S-1-5-18", "EventData.ModifyingApplication": "C:\\Windows\\SysWOW64\\dllhost.exe"}
{"EventID": "2003", "Channel": "Microsoft-Windows-Windows Firewall With Advanced Security/Firewall", "Provider_Name": "Microsoft-Windows-Windows Firewall With Advanced Security", "Computer": "DESKTOP-OFJ6N53", "TimeCreated": "2025-07-07 12:51:50.320803+00:00", "RecordID": "30682", "Level": "4", "UserID": "S-1-5-19", "EventData.Profiles": "4", "EventData.SettingType": "1", "EventData.SettingValueSize": "4", "EventData.SettingValue": "AAAAAA==", "EventData.SettingValueString": "Нет", "EventData.Origin": "1", "EventData.ModifyingUser": "S-1-5-18", "EventData.ModifyingApplication": "C:\\Windows\\SysWOW64\\dllhost.exe"}
{"EventID": "2006", "Channel": "Microsoft-Windows-Windows Firewall With Advanced Security/Firewall", "Provider_Name": "Microsoft-Windows-Windows Firewall With Advanced Security", "Computer": "DESKTOP-OFJ6N53", "TimeCreated": "2025-07-07 13:11:57.227644+00:00", "RecordID": "30683", "Level": "4", "UserID": "S-1-5-19", "EventData.RuleId": "{1CBCA7B3-DCB5-4DBD-B896-B2575DD4A5B3}", "EventData.RuleName": "Usermode Font Driver Host", "EventData.ModifyingUser": "S-1-5-80-3088073201-1464728630-1879813800-1107566885-823218052", "EventData.ModifyingApplication": "C:\\Windows\\System32\\svchost.exe"}
{"EventID": "2006", "Channel": "Microsoft-Windows-Windows Firewall With Advanced Security/Firewall", "Provider_Name": "Microsoft-Windows-Windows Firewall With Advanced Security", "Computer": "DESKTOP-OFJ6N53", "TimeCreated": "2025-07-07 13:11:57.228231+00:00", "RecordID": "30684", "Level": "4", "UserID": "S-1-5-19", "EventData.RuleId": "{E152C8DE-271E-4334-AC4A-0A46640E4BD1}", "EventData.RuleName": "Usermode Font Driver Host", "EventData.ModifyingUser": "S-1-5-80-3088073201-1464728630-1879813800-1107566885-823218052", "EventData.ModifyingApplication": "C:\\Windows\\System32\\svchost.exe"}
{"EventID": "2097", "Channel": "Microsoft-Windows-Windows Firewall With Advanced Security/Firewall", "Provider_Name": "Microsoft-Windows-Windows Firewall With Advanced Security", "Computer": "DESKTOP-OFJ6N53", "TimeCreated": "2025-07-07 13:11:57.238281+00:00", "RecordID": "30685", "Level": "4", "UserID": "S-1-5-19", "EventData.RuleId": "{DEE5F282-FE4C-49EE-97C3-614327795FF3}", "EventData.RuleName": "Usermode Font Driver Host", "EventData.Origin": "1", "EventData.ApplicationPath": null, "EventData.ServiceName": null, "EventData.Direction": "1", "EventData.Protocol": "256", "EventData.LocalPorts": null, "EventData.RemotePorts": null, "EventData.Action": "2", "EventData.Profiles": "2147483647", "EventData.LocalAddresses": "*", "EventData.RemoteAddresses": "*", "EventData.RemoteMachineAuthorizationList": null, "EventData.RemoteUserAuthorizationList": null, "EventData.EmbeddedContext": "Usermode Font Driver Host", "EventData.Flags": "1", "EventData.Active": "1", "EventData.EdgeTraversal": "0", "EventData.LooseSourceMapped": "0", "EventData.SecurityOptions": "0", "EventData.ModifyingUser": "S-1-5-80-3088073201-1464728630-1879813800-1107566885-823218052", "EventData.ModifyingApplication": "C:\\Windows\\System32\\svchost.exe", "EventData.SchemaVersion": "542", "EventData.RuleStatus": "65536", "EventData.LocalOnlyMapped": "0", "EventData.PolicyAppId": null}
