{"EventID": "100", "Channel": "Microsoft-Windows-ModernDeployment-Diagnostics-Provider/Autopilot", "Provider_Name": "Microsoft-Windows-ModernDeployment-Diagnostics-Provider", "Computer": "DESKTOP-OFJ6N53", "TimeCreated": "2022-02-24 08:27:43.280300+00:00", "RecordID": "1", "Level": "3", "UserID": "S-1-5-18", "EventData.Message1": "CloudAssignedLanguage"}
{"EventID": "165", "Channel": "Microsoft-Windows-ModernDeployment-Diagnostics-Provider/Autopilot", "Provider_Name": "Microsoft-Windows-ModernDeployment-Diagnostics-Provider", "Computer": "DESKTOP-OFJ6N53", "TimeCreated": "2022-02-24 08:27:44.213383+00:00", "RecordID": "2", "Level": "3", "UserID": "S-1-5-18"}
{"EventID": "100", "Channel": "Microsoft-Windows-ModernDeployment-Diagnostics-Provider/Autopilot", "Provider_Name": "Microsoft-Windows-ModernDeployment-Diagnostics-Provider", "Computer": "DESKTOP-OFJ6N53", "TimeCreated": "2022-02-24 09:07:31.071844+00:00", "RecordID": "3", "Level": "3", "UserID": "S-1-5-18", "EventData.Message1": "CloudAssignedRegion"}
{"EventID": "165", "Channel": "Microsoft-Windows-ModernDeployment-Diagnostics-Provider/Autopilot", "Provider_Name": "Microsoft-Windows-ModernDeployment-Diagnostics-Provider", "Computer": "DESKTOP-OFJ6N53", "TimeCreated": "2022-02-24 09:07:34.048119+00:00", "RecordID": "4", "Level": "3", "UserID": "S-1-5-18"}
{"EventID": "314", "Channel": "Microsoft-Windows-ModernDeployment-Diagnostics-Provider/Autopilot", "Provider_Name": "Microsoft-Windows-ModernDeployment-Diagnostics-Provider", "Computer": "DESKTOP-OFJ6N53", "TimeCreated": "2022-02-24 09:07:53.521585+00:00", "RecordID": "5", "Level": "4", "UserID": "S-1-5-18"}
{"EventID": "100", "Channel": "Microsoft-Windows-ModernDeployment-Diagnostics-Provider/Autopilot", "Provider_Name": "Microsoft-Windows-ModernDeployment-Diagnostics-Provider", "Computer": "DESKTOP-OFJ6N53", "TimeCreated": "2022-02-24 09:07:54.204472+00:00", "RecordID": "6", "Level": "3", "UserID": "S-1-5-18", "EventData.Message1": "CloudAssignedDomainJoinMethod"}
{"EventID": "100", "Channel": "Microsoft-Windows-ModernDeployment-Diagnostics-Provider/Autopilot", "Provider_Name": "Microsoft-Windows-ModernDeployment-Diagnostics-Provider", "Computer": "DESKTOP-OFJ6N53", "TimeCreated": "2022-02-24 09:07:54.204744+00:00", "RecordID": "7", "Level": "3", "UserID": "S-1-5-18", "EventData.Message1": "CloudAssignedDomainJoinMethod"}
{"EventID": "100", "Channel": "Microsoft-Windows-ModernDeployment-Diagnostics-Provider/Autopilot", "Provider_Name": "Microsoft-Windows-ModernDeployment-Diagnostics-Provider", "Computer": "DESKTOP-OFJ6N53", "TimeCreated": "2022-02-24 09:07:54.217394+00:00", "RecordID": "8", "Level": "3", "UserID": "S-1-5-18", "EventData.Message1": "CloudAssignedTenantId"}
