{"EventID": "2", "Channel": "Microsoft-Windows-Containers-Wcifs/Operational", "Provider_Name": "Microsoft-Windows-Containers-Wcifs", "Computer": "WIN-E725EAE32MJ", "TimeCreated": "2022-02-24 08:24:33.713207+00:00", "RecordID": "1", "Level": "4", "UserID": "S-1-5-18"}
{"EventID": "2", "Channel": "Microsoft-Windows-Containers-Wcifs/Operational", "Provider_Name": "Microsoft-Windows-Containers-Wcifs", "Computer": "DESKTOP-OFJ6N53", "TimeCreated": "2022-02-24 08:27:17.688457+00:00", "RecordID": "2", "Level": "4", "UserID": "S-1-5-18"}
{"EventID": "2", "Channel": "Microsoft-Windows-Containers-Wcifs/Operational", "Provider_Name": "Microsoft-Windows-Containers-Wcifs", "Computer": "DESKTOP-OFJ6N53", "TimeCreated": "2022-02-24 12:38:10.077677+00:00", "RecordID": "3", "Level": "4", "UserID": "S-1-5-18"}
{"EventID": "2", "Channel": "Microsoft-Windows-Containers-Wcifs/Operational", "Provider_Name": "Microsoft-Windows-Containers-Wcifs", "Computer": "DESKTOP-OFJ6N53", "TimeCreated": "2022-02-24 12:52:08.240471+00:00", "RecordID": "4", "Level": "4", "UserID": "S-1-5-18"}
{"EventID": "2", "Channel": "Microsoft-Windows-Containers-Wcifs/Operational", "Provider_Name": "Microsoft-Windows-Containers-Wcifs", "Computer": "DESKTOP-OFJ6N53", "TimeCreated": "2022-02-24 21:41:21.779964+00:00", "RecordID": "5", "Level": "4", "UserID": "S-1-5-18"}
{"EventID": "2", "Channel": "Microsoft-Windows-Containers-Wcifs/Operational", "Provider_Name": "Microsoft-Windows-Containers-Wcifs", "Computer": "DESKTOP-OFJ6N53", "TimeCreated": "2022-03-03 17:18:29.164137+00:00", "RecordID": "6", "Level": "4", "UserID": "S-1-5-18"}
{"EventID": "2", "Channel": "Microsoft-Windows-Containers-Wcifs/Operational", "Provider_Name": "Microsoft-Windows-Containers-Wcifs", "Computer": "DESKTOP-OFJ6N53", "TimeCreated": "2022-03-09 07:31:45.507172+00:00", "RecordID": "7", "Level": "4", "UserID": "S-1-5-18"}
{"EventID": "2", "Channel": "Microsoft-Windows-Containers-Wcifs/Operational", "Provider_Name": "Microsoft-Windows-Containers-Wcifs", "Computer": "DESKTOP-OFJ6N53", "TimeCreated": "2022-03-09 10:16:43.473000+00:00", "RecordID": "8", "Level": "4", "UserID": "S-1-5-18"}
{"EventID": "2", "Channel": "Microsoft-Windows-Containers-Wcifs/Operational", "Provider_Name": "Microsoft-Windows-Containers-Wcifs", "Computer": "DESKTOP-OFJ6N53", "TimeCreated": "2022-03-09 11:07:50.108185+00:00", "RecordID": "9", "Level": "4", "UserID": "S-1-5-18"}
{"EventID": "2", "Channel": "Microsoft-Windows-Containers-Wcifs/Operational", "Provider_Name": "Microsoft-Windows-Containers-Wcifs", "Computer": "DESKTOP-OFJ6N53", "TimeCreated": "2022-03-10 14:20:15.409246+00:00", "RecordID": "10", "Level": "4", "UserID": "S-1-5-18"}
{"EventID": "2", "Channel": "Microsoft-Windows-Containers-Wcifs/Operational", "Provider_Name": "Microsoft-Windows-Containers-Wcifs", "Computer": "DESKTOP-OFJ6N53", "TimeCreated": "2022-03-10 16:25:10.625664+00:00", "RecordID": "11", "Level": "4", "UserID": "S-1-5-18"}
{"EventID": "2", "Channel": "Microsoft-Windows-Containers-Wcifs/Operational", "Provider_Name": "Microsoft-Windows-Containers-Wcifs", "Computer": "DESKTOP-OFJ6N53", "TimeCreated": "2022-03-15 16:44:52.470873+00:00", "RecordID": "12", "Level": "4", "UserID": "S-1-5-18"}
{"EventID": "2", "Channel": "Microsoft-Windows-Containers-Wcifs/Operational", "Provider_Name": "Microsoft-Windows-Containers-Wcifs", "Computer": "DESKTOP-OFJ6N53", "TimeCreated": "2022-04-13 14:34:26.383413+00:00", "RecordID": "13", "Level": "4", "UserID": "S-1-5-18"}
{"EventID": "2", "Channel": "Microsoft-Windows-Containers-Wcifs/Operational", "Provider_Name": "Microsoft-Windows-Containers-Wcifs", "Computer": "DESKTOP-OFJ6N53", "TimeCreated": "2022-04-28 21:43:01.150230+00:00", "RecordID": "14", "Level": "4", "UserID": "S-1-5-18"}
{"EventID": "2", "Channel": "Microsoft-Windows-Containers-Wcifs/Operational", "Provider_Name": "Microsoft-Windows-Containers-Wcifs", "Computer": "DESKTOP-OFJ6N53", "TimeCreated": "2022-05-05 10:00:47.733427+00:00", "RecordID": "15", "Level": "4", "UserID": "S-1-5-18"}
{"EventID": "2", "Channel": "Microsoft-Windows-Containers-Wcifs/Operational", "Provider_Name": "Microsoft-Windows-Containers-Wcifs", "Computer": "DESKTOP-OFJ6N53", "TimeCreated": "2022-05-10 23:33:04.659657+00:00", "RecordID": "16", "Level": "4", "UserID": "S-1-5-18"}
{"EventID": "2", "Channel": "Microsoft-Windows-Containers-Wcifs/Operational", "Provider_Name": "Microsoft-Windows-Containers-Wcifs", "Computer": "DESKTOP-OFJ6N53", "TimeCreated": "2022-06-06 07:34:12.970501+00:00", "RecordID": "17", "Level": "4", "UserID": "S-1-5-18"}
{"EventID": "2", "Channel": "Microsoft-Windows-Containers-Wcifs/Operational", "Provider_Name": "Microsoft-Windows-Containers-Wcifs", "Computer": "DESKTOP-OFJ6N53", "TimeCreated": "2022-06-06 07:37:19.147398+00:00", "RecordID": "18", "Level": "4", "UserID": "S-1-5-18"}
{"EventID": "2", "Channel": "Microsoft-Windows-Containers-Wcifs/Operational", "Provider_Name": "Microsoft-Windows-Containers-Wcifs", "Computer": "DESKTOP-OFJ6N53", "TimeCreated": "2022-06-14 18:01:33.889872+00:00", "RecordID": "19", "Level": "4", "UserID": "S-1-5-18"}
{"EventID": "2", "Channel": "Microsoft-Windows-Containers-Wcifs/Operational", "Provider_Name": "Microsoft-Windows-Containers-Wcifs", "Computer": "DESKTOP-OFJ6N53", "TimeCreated": "2022-07-13 14:42:24.318924+00:00", "RecordID": "20", "Level": "4", "UserID": "S-1-5-18"}
{"EventID": "2", "Channel": "Microsoft-Windows-Containers-Wcifs/Operational", "Provider_Name": "Microsoft-Windows-Containers-Wcifs", "Computer": "DESKTOP-OFJ6N53", "TimeCreated": "2022-08-04 17:04:42.620422+00:00", "RecordID": "21", "Level": "4", "UserID": "S-1-5-18"}
{"EventID": "2", "Channel": "Microsoft-Windows-Containers-Wcifs/Operational", "Provider_Name": "Microsoft-Windows-Containers-Wcifs", "Computer": "DESKTOP-OFJ6N53", "TimeCreated": "2022-08-09 19:08:40.483852+00:00", "RecordID": "22", "Level": "4", "UserID": "S-1-5-18"}
{"EventID": "2", "Channel": "Microsoft-Windows-Containers-Wcifs/Operational", "Provider_Name": "Microsoft-Windows-Containers-Wcifs", "Computer": "DESKTOP-OFJ6N53", "TimeCreated": "2022-09-06 09:01:46.788219+00:00", "RecordID": "23", "Level": "4", "UserID": "S-1-5-18"}
{"EventID": "2", "Channel": "Microsoft-Windows-Containers-Wcifs/Operational", "Provider_Name": "Microsoft-Windows-Containers-Wcifs", "Computer": "DESKTOP-OFJ6N53", "TimeCreated": "2022-09-06 13:01:44.178419+00:00", "RecordID": "24", "Level": "4", "UserID": "S-1-5-18"}
{"EventID": "2", "Channel": "Microsoft-Windows-Containers-Wcifs/Operational", "Provider_Name": "Microsoft-Windows-Containers-Wcifs", "Computer": "DESKTOP-OFJ6N53", "TimeCreated": "2022-09-13 14:05:38.256584+00:00", "RecordID": "25", "Level": "4", "UserID": "S-1-5-18"}
{"EventID": "2", "Channel": "Microsoft-Windows-Containers-Wcifs/Operational", "Provider_Name": "Microsoft-Windows-Containers-Wcifs", "Computer": "DESKTOP-OFJ6N53", "TimeCreated": "2022-09-14 17:17:22.572950+00:00", "RecordID": "26", "Level": "4", "UserID": "S-1-5-18"}
{"EventID": "2", "Channel": "Microsoft-Windows-Containers-Wcifs/Operational", "Provider_Name": "Microsoft-Windows-Containers-Wcifs", "Computer": "DESKTOP-OFJ6N53", "TimeCreated": "2022-09-22 12:40:30.450266+00:00", "RecordID": "27", "Level": "4", "UserID": "S-1-5-18"}
{"EventID": "2", "Channel": "Microsoft-Windows-Containers-Wcifs/Operational", "Provider_Name": "Microsoft-Windows-Containers-Wcifs", "Computer": "DESKTOP-OFJ6N53", "TimeCreated": "2022-09-29 11:32:43.129229+00:00", "RecordID": "28", "Level": "4", "UserID": "S-1-5-18"}
{"EventID": "2", "Channel": "Microsoft-Windows-Containers-Wcifs/Operational", "Provider_Name": "Microsoft-Windows-Containers-Wcifs", "Computer": "DESKTOP-OFJ6N53", "TimeCreated": "2022-10-04 08:34:52.513163+00:00", "RecordID": "29", "Level": "4", "UserID": "S-1-5-18"}
{"EventID": "2", "Channel": "Microsoft-Windows-Containers-Wcifs/Operational", "Provider_Name": "Microsoft-Windows-Containers-Wcifs", "Computer": "DESKTOP-OFJ6N53", "TimeCreated": "2022-10-05 14:37:04.116215+00:00", "RecordID": "30", "Level": "4", "UserID": "S-1-5-18"}
{"EventID": "2", "Channel": "Microsoft-Windows-Containers-Wcifs/Operational", "Provider_Name": "Microsoft-Windows-Containers-Wcifs", "Computer": "DESKTOP-OFJ6N53", "TimeCreated": "2022-10-06 08:21:01.686502+00:00", "RecordID": "31", "Level": "4", "UserID": "S-1-5-18"}
{"EventID": "2", "Channel": "Microsoft-Windows-Containers-Wcifs/Operational", "Provider_Name": "Microsoft-Windows-Containers-Wcifs", "Computer": "DESKTOP-OFJ6N53", "TimeCreated": "2022-10-06 09:16:00.906010+00:00", "RecordID": "32", "Level": "4", "UserID": "S-1-5-18"}
{"EventID": "2", "Channel": "Microsoft-Windows-Containers-Wcifs/Operational", "Provider_Name": "Microsoft-Windows-Containers-Wcifs", "Computer": "DESKTOP-OFJ6N53", "TimeCreated": "2022-10-11 22:43:05.320343+00:00", "RecordID": "33", "Level": "4", "UserID": "S-1-5-18"}
{"EventID": "2", "Channel": "Microsoft-Windows-Containers-Wcifs/Operational", "Provider_Name": "Microsoft-Windows-Containers-Wcifs", "Computer": "DESKTOP-OFJ6N53", "TimeCreated": "2022-10-17 12:09:25.804689+00:00", "RecordID": "34", "Level": "4", "UserID": "S-1-5-18"}
{"EventID": "2", "Channel": "Microsoft-Windows-Containers-Wcifs/Operational", "Provider_Name": "Microsoft-Windows-Containers-Wcifs", "Computer": "DESKTOP-OFJ6N53", "TimeCreated": "2022-10-19 13:48:06.325050+00:00", "RecordID": "35", "Level": "4", "UserID": "S-1-5-18"}
{"EventID": "2", "Channel": "Microsoft-Windows-Containers-Wcifs/Operational", "Provider_Name": "Microsoft-Windows-Containers-Wcifs", "Computer": "DESKTOP-OFJ6N53", "TimeCreated": "2022-10-27 11:48:24.772535+00:00", "RecordID": "36", "Level": "4", "UserID": "S-1-5-18"}
{"EventID": "2", "Channel": "Microsoft-Windows-Containers-Wcifs/Operational", "Provider_Name": "Microsoft-Windows-Containers-Wcifs", "Computer": "DESKTOP-OFJ6N53", "TimeCreated": "2022-11-09 14:41:37.021225+00:00", "RecordID": "37", "Level": "4", "UserID": "S-1-5-18"}
{"EventID": "2", "Channel": "Microsoft-Windows-Containers-Wcifs/Operational", "Provider_Name": "Microsoft-Windows-Containers-Wcifs", "Computer": "DESKTOP-OFJ6N53", "TimeCreated": "2022-11-10 09:28:32.879927+00:00", "RecordID": "38", "Level": "4", "UserID": "S-1-5-18"}
{"EventID": "2", "Channel": "Microsoft-Windows-Containers-Wcifs/Operational", "Provider_Name": "Microsoft-Windows-Containers-Wcifs", "Computer": "DESKTOP-OFJ6N53", "TimeCreated": "2022-11-17 17:39:29.089361+00:00", "RecordID": "39", "Level": "4", "UserID": "S-1-5-18"}
{"EventID": "2", "Channel": "Microsoft-Windows-Containers-Wcifs/Operational", "Provider_Name": "Microsoft-Windows-Containers-Wcifs", "Computer": "DESKTOP-OFJ6N53", "TimeCreated": "2022-11-18 00:57:04.504917+00:00", "RecordID": "40", "Level": "4", "UserID": "S-1-5-18"}
{"EventID": "2", "Channel": "Microsoft-Windows-Containers-Wcifs/Operational", "Provider_Name": "Microsoft-Windows-Containers-Wcifs", "Computer": "DESKTOP-OFJ6N53", "TimeCreated": "2022-11-19 20:56:14.526487+00:00", "RecordID": "41", "Level": "4", "UserID": "S-1-5-18"}
{"EventID": "2", "Channel": "Microsoft-Windows-Containers-Wcifs/Operational", "Provider_Name": "Microsoft-Windows-Containers-Wcifs", "Computer": "DESKTOP-OFJ6N53", "TimeCreated": "2022-11-21 07:56:25.416721+00:00", "RecordID": "42", "Level": "4", "UserID": "S-1-5-18"}
{"EventID": "2", "Channel": "Microsoft-Windows-Containers-Wcifs/Operational", "Provider_Name": "Microsoft-Windows-Containers-Wcifs", "Computer": "DESKTOP-OFJ6N53", "TimeCreated": "2022-11-22 07:19:51.336237+00:00", "RecordID": "43", "Level": "4", "UserID": "S-1-5-18"}
{"EventID": "2", "Channel": "Microsoft-Windows-Containers-Wcifs/Operational", "Provider_Name": "Microsoft-Windows-Containers-Wcifs", "Computer": "DESKTOP-OFJ6N53", "TimeCreated": "2022-11-22 11:57:08.633364+00:00", "RecordID": "44", "Level": "4", "UserID": "S-1-5-18"}
{"EventID": "2", "Channel": "Microsoft-Windows-Containers-Wcifs/Operational", "Provider_Name": "Microsoft-Windows-Containers-Wcifs", "Computer": "DESKTOP-OFJ6N53", "TimeCreated": "2022-11-24 10:52:05.775225+00:00", "RecordID": "45", "Level": "4", "UserID": "S-1-5-18"}
{"EventID": "2", "Channel": "Microsoft-Windows-Containers-Wcifs/Operational", "Provider_Name": "Microsoft-Windows-Containers-Wcifs", "Computer": "DESKTOP-OFJ6N53", "TimeCreated": "2022-11-28 11:06:57.080875+00:00", "RecordID": "46", "Level": "4", "UserID": "S-1-5-18"}
{"EventID": "2", "Channel": "Microsoft-Windows-Containers-Wcifs/Operational", "Provider_Name": "Microsoft-Windows-Containers-Wcifs", "Computer": "DESKTOP-OFJ6N53", "TimeCreated": "2022-11-30 10:05:52.283503+00:00", "RecordID": "47", "Level": "4", "UserID": "S-1-5-18"}
{"EventID": "2", "Channel": "Microsoft-Windows-Containers-Wcifs/Operational", "Provider_Name": "Microsoft-Windows-Containers-Wcifs", "Computer": "DESKTOP-OFJ6N53", "TimeCreated": "2022-12-06 11:57:13.867601+00:00", "RecordID": "48", "Level": "4", "UserID": "S-1-5-18"}
{"EventID": "2", "Channel": "Microsoft-Windows-Containers-Wcifs/Operational", "Provider_Name": "Microsoft-Windows-Containers-Wcifs", "Computer": "DESKTOP-OFJ6N53", "TimeCreated": "2022-12-09 11:51:48.875937+00:00", "RecordID": "49", "Level": "4", "UserID": "S-1-5-18"}
{"EventID": "2", "Channel": "Microsoft-Windows-Containers-Wcifs/Operational", "Provider_Name": "Microsoft-Windows-Containers-Wcifs", "Computer": "DESKTOP-OFJ6N53", "TimeCreated": "2022-12-12 15:20:37.783207+00:00", "RecordID": "50", "Level": "4", "UserID": "S-1-5-18"}
{"EventID": "2", "Channel": "Microsoft-Windows-Containers-Wcifs/Operational", "Provider_Name": "Microsoft-Windows-Containers-Wcifs", "Computer": "DESKTOP-OFJ6N53", "TimeCreated": "2022-12-14 12:46:37.726061+00:00", "RecordID": "51", "Level": "4", "UserID": "S-1-5-18"}
{"EventID": "2", "Channel": "Microsoft-Windows-Containers-Wcifs/Operational", "Provider_Name": "Microsoft-Windows-Containers-Wcifs", "Computer": "DESKTOP-OFJ6N53", "TimeCreated": "2022-12-15 08:28:53.524403+00:00", "RecordID": "52", "Level": "4", "UserID": "S-1-5-18"}
{"EventID": "2", "Channel": "Microsoft-Windows-Containers-Wcifs/Operational", "Provider_Name": "Microsoft-Windows-Containers-Wcifs", "Computer": "DESKTOP-OFJ6N53", "TimeCreated": "2022-12-21 09:55:22.486576+00:00", "RecordID": "53", "Level": "4", "UserID": "S-1-5-18"}
{"EventID": "2", "Channel": "Microsoft-Windows-Containers-Wcifs/Operational", "Provider_Name": "Microsoft-Windows-Containers-Wcifs", "Computer": "DESKTOP-OFJ6N53", "TimeCreated": "2022-12-27 09:34:43.602379+00:00", "RecordID": "54", "Level": "4", "UserID": "S-1-5-18"}
{"EventID": "2", "Channel": "Microsoft-Windows-Containers-Wcifs/Operational", "Provider_Name": "Microsoft-Windows-Containers-Wcifs", "Computer": "DESKTOP-OFJ6N53", "TimeCreated": "2022-12-29 12:41:37.361958+00:00", "RecordID": "55", "Level": "4", "UserID": "S-1-5-18"}
{"EventID": "2", "Channel": "Microsoft-Windows-Containers-Wcifs/Operational", "Provider_Name": "Microsoft-Windows-Containers-Wcifs", "Computer": "DESKTOP-OFJ6N53", "TimeCreated": "2023-01-10 07:49:22.706890+00:00", "RecordID": "56", "Level": "4", "UserID": "S-1-5-18"}
{"EventID": "2", "Channel": "Microsoft-Windows-Containers-Wcifs/Operational", "Provider_Name": "Microsoft-Windows-Containers-Wcifs", "Computer": "DESKTOP-OFJ6N53", "TimeCreated": "2023-01-11 14:45:47.938051+00:00", "RecordID": "57", "Level": "4", "UserID": "S-1-5-18"}
{"EventID": "2", "Channel": "Microsoft-Windows-Containers-Wcifs/Operational", "Provider_Name": "Microsoft-Windows-Containers-Wcifs", "Computer": "DESKTOP-OFJ6N53", "TimeCreated": "2023-01-13 13:31:32.434137+00:00", "RecordID": "58", "Level": "4", "UserID": "S-1-5-18"}
{"EventID": "2", "Channel": "Microsoft-Windows-Containers-Wcifs/Operational", "Provider_Name": "Microsoft-Windows-Containers-Wcifs", "Computer": "DESKTOP-OFJ6N53", "TimeCreated": "2023-01-16 08:14:29.498608+00:00", "RecordID": "59", "Level": "4", "UserID": "S-1-5-18"}
{"EventID": "2", "Channel": "Microsoft-Windows-Containers-Wcifs/Operational", "Provider_Name": "Microsoft-Windows-Containers-Wcifs", "Computer": "DESKTOP-OFJ6N53", "TimeCreated": "2023-01-17 12:30:20.804623+00:00", "RecordID": "60", "Level": "4", "UserID": "S-1-5-18"}
{"EventID": "2", "Channel": "Microsoft-Windows-Containers-Wcifs/Operational", "Provider_Name": "Microsoft-Windows-Containers-Wcifs", "Computer": "DESKTOP-OFJ6N53", "TimeCreated": "2023-01-19 08:00:15.175362+00:00", "RecordID": "61", "Level": "4", "UserID": "S-1-5-18"}
{"EventID": "2", "Channel": "Microsoft-Windows-Containers-Wcifs/Operational", "Provider_Name": "Microsoft-Windows-Containers-Wcifs", "Computer": "DESKTOP-OFJ6N53", "TimeCreated": "2023-01-19 11:55:01.020170+00:00", "RecordID": "62", "Level": "4", "UserID": "S-1-5-18"}
{"EventID": "2", "Channel": "Microsoft-Windows-Containers-Wcifs/Operational", "Provider_Name": "Microsoft-Windows-Containers-Wcifs", "Computer": "DESKTOP-OFJ6N53", "TimeCreated": "2023-01-20 14:31:02.177534+00:00", "RecordID": "63", "Level": "4", "UserID": "S-1-5-18"}
{"EventID": "2", "Channel": "Microsoft-Windows-Containers-Wcifs/Operational", "Provider_Name": "Microsoft-Windows-Containers-Wcifs", "Computer": "DESKTOP-OFJ6N53", "TimeCreated": "2023-01-23 10:19:23.991571+00:00", "RecordID": "64", "Level": "4", "UserID": "S-1-5-18"}
{"EventID": "2", "Channel": "Microsoft-Windows-Containers-Wcifs/Operational", "Provider_Name": "Microsoft-Windows-Containers-Wcifs", "Computer": "DESKTOP-OFJ6N53", "TimeCreated": "2023-01-23 12:41:05.267220+00:00", "RecordID": "65", "Level": "4", "UserID": "S-1-5-18"}
{"EventID": "2", "Channel": "Microsoft-Windows-Containers-Wcifs/Operational", "Provider_Name": "Microsoft-Windows-Containers-Wcifs", "Computer": "DESKTOP-OFJ6N53", "TimeCreated": "2023-01-25 08:57:14.103827+00:00", "RecordID": "66", "Level": "4", "UserID": "S-1-5-18"}
{"EventID": "2", "Channel": "Microsoft-Windows-Containers-Wcifs/Operational", "Provider_Name": "Microsoft-Windows-Containers-Wcifs", "Computer": "DESKTOP-OFJ6N53", "TimeCreated": "2023-01-27 15:04:05.723993+00:00", "RecordID": "67", "Level": "4", "UserID": "S-1-5-18"}
{"EventID": "2", "Channel": "Microsoft-Windows-Containers-Wcifs/Operational", "Provider_Name": "Microsoft-Windows-Containers-Wcifs", "Computer": "DESKTOP-OFJ6N53", "TimeCreated": "2023-01-30 08:02:50.120960+00:00", "RecordID": "68", "Level": "4", "UserID": "S-1-5-18"}
{"EventID": "2", "Channel": "Microsoft-Windows-Containers-Wcifs/Operational", "Provider_Name": "Microsoft-Windows-Containers-Wcifs", "Computer": "DESKTOP-OFJ6N53", "TimeCreated": "2023-02-09 10:50:09.494089+00:00", "RecordID": "69", "Level": "4", "UserID": "S-1-5-18"}
{"EventID": "2", "Channel": "Microsoft-Windows-Containers-Wcifs/Operational", "Provider_Name": "Microsoft-Windows-Containers-Wcifs", "Computer": "DESKTOP-OFJ6N53", "TimeCreated": "2023-02-14 14:07:51.044081+00:00", "RecordID": "70", "Level": "4", "UserID": "S-1-5-18"}
{"EventID": "2", "Channel": "Microsoft-Windows-Containers-Wcifs/Operational", "Provider_Name": "Microsoft-Windows-Containers-Wcifs", "Computer": "DESKTOP-OFJ6N53", "TimeCreated": "2023-02-15 12:30:32.741236+00:00", "RecordID": "71", "Level": "4", "UserID": "S-1-5-18"}
{"EventID": "2", "Channel": "Microsoft-Windows-Containers-Wcifs/Operational", "Provider_Name": "Microsoft-Windows-Containers-Wcifs", "Computer": "DESKTOP-OFJ6N53", "TimeCreated": "2023-02-15 19:09:55.951231+00:00", "RecordID": "72", "Level": "4", "UserID": "S-1-5-18"}
{"EventID": "2", "Channel": "Microsoft-Windows-Containers-Wcifs/Operational", "Provider_Name": "Microsoft-Windows-Containers-Wcifs", "Computer": "DESKTOP-OFJ6N53", "TimeCreated": "2023-02-16 01:24:21.137314+00:00", "RecordID": "73", "Level": "4", "UserID": "S-1-5-18"}
{"EventID": "2", "Channel": "Microsoft-Windows-Containers-Wcifs/Operational", "Provider_Name": "Microsoft-Windows-Containers-Wcifs", "Computer": "DESKTOP-OFJ6N53", "TimeCreated": "2023-02-27 19:06:33.531055+00:00", "RecordID": "74", "Level": "4", "UserID": "S-1-5-18"}
{"EventID": "2", "Channel": "Microsoft-Windows-Containers-Wcifs/Operational", "Provider_Name": "Microsoft-Windows-Containers-Wcifs", "Computer": "DESKTOP-OFJ6N53", "TimeCreated": "2023-03-06 08:59:34.900599+00:00", "RecordID": "75", "Level": "4", "UserID": "S-1-5-18"}
{"EventID": "2", "Channel": "Microsoft-Windows-Containers-Wcifs/Operational", "Provider_Name": "Microsoft-Windows-Containers-Wcifs", "Computer": "DESKTOP-OFJ6N53", "TimeCreated": "2023-03-10 12:03:40.836046+00:00", "RecordID": "76", "Level": "4", "UserID": "S-1-5-18"}
{"EventID": "2", "Channel": "Microsoft-Windows-Containers-Wcifs/Operational", "Provider_Name": "Microsoft-Windows-Containers-Wcifs", "Computer": "DESKTOP-OFJ6N53", "TimeCreated": "2023-03-13 11:08:41.257948+00:00", "RecordID": "77", "Level": "4", "UserID": "S-1-5-18"}
{"EventID": "2", "Channel": "Microsoft-Windows-Containers-Wcifs/Operational", "Provider_Name": "Microsoft-Windows-Containers-Wcifs", "Computer": "DESKTOP-OFJ6N53", "TimeCreated": "2023-03-15 22:03:14.013372+00:00", "RecordID": "78", "Level": "4", "UserID": "S-1-5-18"}
{"EventID": "2", "Channel": "Microsoft-Windows-Containers-Wcifs/Operational", "Provider_Name": "Microsoft-Windows-Containers-Wcifs", "Computer": "DESKTOP-OFJ6N53", "TimeCreated": "2023-03-19 01:07:27.070196+00:00", "RecordID": "79", "Level": "4", "UserID": "S-1-5-18"}
{"EventID": "2", "Channel": "Microsoft-Windows-Containers-Wcifs/Operational", "Provider_Name": "Microsoft-Windows-Containers-Wcifs", "Computer": "DESKTOP-OFJ6N53", "TimeCreated": "2023-03-20 08:30:09.580099+00:00", "RecordID": "80", "Level": "4", "UserID": "S-1-5-18"}
{"EventID": "2", "Channel": "Microsoft-Windows-Containers-Wcifs/Operational", "Provider_Name": "Microsoft-Windows-Containers-Wcifs", "Computer": "DESKTOP-OFJ6N53", "TimeCreated": "2023-03-23 10:00:53.745989+00:00", "RecordID": "81", "Level": "4", "UserID": "S-1-5-18"}
{"EventID": "2", "Channel": "Microsoft-Windows-Containers-Wcifs/Operational", "Provider_Name": "Microsoft-Windows-Containers-Wcifs", "Computer": "DESKTOP-OFJ6N53", "TimeCreated": "2023-03-29 11:08:17.103210+00:00", "RecordID": "82", "Level": "4", "UserID": "S-1-5-18"}
{"EventID": "2", "Channel": "Microsoft-Windows-Containers-Wcifs/Operational", "Provider_Name": "Microsoft-Windows-Containers-Wcifs", "Computer": "DESKTOP-OFJ6N53", "TimeCreated": "2023-04-03 12:06:45.970135+00:00", "RecordID": "83", "Level": "4", "UserID": "S-1-5-18"}
{"EventID": "2", "Channel": "Microsoft-Windows-Containers-Wcifs/Operational", "Provider_Name": "Microsoft-Windows-Containers-Wcifs", "Computer": "DESKTOP-OFJ6N53", "TimeCreated": "2023-04-03 14:21:02.452261+00:00", "RecordID": "84", "Level": "4", "UserID": "S-1-5-18"}
{"EventID": "2", "Channel": "Microsoft-Windows-Containers-Wcifs/Operational", "Provider_Name": "Microsoft-Windows-Containers-Wcifs", "Computer": "DESKTOP-OFJ6N53", "TimeCreated": "2023-04-04 06:30:36.699999+00:00", "RecordID": "85", "Level": "4", "UserID": "S-1-5-18"}
{"EventID": "2", "Channel": "Microsoft-Windows-Containers-Wcifs/Operational", "Provider_Name": "Microsoft-Windows-Containers-Wcifs", "Computer": "DESKTOP-OFJ6N53", "TimeCreated": "2023-04-05 07:28:09.458117+00:00", "RecordID": "86", "Level": "4", "UserID": "S-1-5-18"}
{"EventID": "2", "Channel": "Microsoft-Windows-Containers-Wcifs/Operational", "Provider_Name": "Microsoft-Windows-Containers-Wcifs", "Computer": "DESKTOP-OFJ6N53", "TimeCreated": "2023-04-05 15:18:18.731142+00:00", "RecordID": "87", "Level": "4", "UserID": "S-1-5-18"}
{"EventID": "2", "Channel": "Microsoft-Windows-Containers-Wcifs/Operational", "Provider_Name": "Microsoft-Windows-Containers-Wcifs", "Computer": "DESKTOP-OFJ6N53", "TimeCreated": "2023-04-11 19:41:23.238600+00:00", "RecordID": "88", "Level": "4", "UserID": "S-1-5-18"}
{"EventID": "2", "Channel": "Microsoft-Windows-Containers-Wcifs/Operational", "Provider_Name": "Microsoft-Windows-Containers-Wcifs", "Computer": "DESKTOP-OFJ6N53", "TimeCreated": "2023-04-12 17:27:13.528688+00:00", "RecordID": "89", "Level": "4", "UserID": "S-1-5-18"}
{"EventID": "2", "Channel": "Microsoft-Windows-Containers-Wcifs/Operational", "Provider_Name": "Microsoft-Windows-Containers-Wcifs", "Computer": "DESKTOP-OFJ6N53", "TimeCreated": "2023-04-22 12:24:27.323410+00:00", "RecordID": "90", "Level": "4", "UserID": "S-1-5-18"}
{"EventID": "2", "Channel": "Microsoft-Windows-Containers-Wcifs/Operational", "Provider_Name": "Microsoft-Windows-Containers-Wcifs", "Computer": "DESKTOP-OFJ6N53", "TimeCreated": "2023-04-26 10:05:09.377562+00:00", "RecordID": "91", "Level": "4", "UserID": "S-1-5-18"}
{"EventID": "2", "Channel": "Microsoft-Windows-Containers-Wcifs/Operational", "Provider_Name": "Microsoft-Windows-Containers-Wcifs", "Computer": "DESKTOP-OFJ6N53", "TimeCreated": "2023-05-02 20:27:59.463808+00:00", "RecordID": "92", "Level": "4", "UserID": "S-1-5-18"}
{"EventID": "2", "Channel": "Microsoft-Windows-Containers-Wcifs/Operational", "Provider_Name": "Microsoft-Windows-Containers-Wcifs", "Computer": "DESKTOP-OFJ6N53", "TimeCreated": "2023-05-03 08:16:35.982059+00:00", "RecordID": "93", "Level": "4", "UserID": "S-1-5-18"}
{"EventID": "2", "Channel": "Microsoft-Windows-Containers-Wcifs/Operational", "Provider_Name": "Microsoft-Windows-Containers-Wcifs", "Computer": "DESKTOP-OFJ6N53", "TimeCreated": "2023-05-10 00:45:58.206894+00:00", "RecordID": "94", "Level": "4", "UserID": "S-1-5-18"}
{"EventID": "2", "Channel": "Microsoft-Windows-Containers-Wcifs/Operational", "Provider_Name": "Microsoft-Windows-Containers-Wcifs", "Computer": "DESKTOP-OFJ6N53", "TimeCreated": "2023-05-15 12:19:44.763021+00:00", "RecordID": "95", "Level": "4", "UserID": "S-1-5-18"}
{"EventID": "2", "Channel": "Microsoft-Windows-Containers-Wcifs/Operational", "Provider_Name": "Microsoft-Windows-Containers-Wcifs", "Computer": "DESKTOP-OFJ6N53", "TimeCreated": "2023-05-16 14:55:25.647430+00:00", "RecordID": "96", "Level": "4", "UserID": "S-1-5-18"}
{"EventID": "2", "Channel": "Microsoft-Windows-Containers-Wcifs/Operational", "Provider_Name": "Microsoft-Windows-Containers-Wcifs", "Computer": "DESKTOP-OFJ6N53", "TimeCreated": "2023-06-09 08:40:11.586720+00:00", "RecordID": "97", "Level": "4", "UserID": "S-1-5-18"}
{"EventID": "2", "Channel": "Microsoft-Windows-Containers-Wcifs/Operational", "Provider_Name": "Microsoft-Windows-Containers-Wcifs", "Computer": "DESKTOP-OFJ6N53", "TimeCreated": "2023-06-11 21:00:48.350872+00:00", "RecordID": "98", "Level": "4", "UserID": "S-1-5-18"}
{"EventID": "2", "Channel": "Microsoft-Windows-Containers-Wcifs/Operational", "Provider_Name": "Microsoft-Windows-Containers-Wcifs", "Computer": "DESKTOP-OFJ6N53", "TimeCreated": "2023-06-13 19:24:51.579510+00:00", "RecordID": "99", "Level": "4", "UserID": "S-1-5-18"}
{"EventID": "2", "Channel": "Microsoft-Windows-Containers-Wcifs/Operational", "Provider_Name": "Microsoft-Windows-Containers-Wcifs", "Computer": "DESKTOP-OFJ6N53", "TimeCreated": "2023-06-27 09:47:48.747591+00:00", "RecordID": "100", "Level": "4", "UserID": "S-1-5-18"}
{"EventID": "2", "Channel": "Microsoft-Windows-Containers-Wcifs/Operational", "Provider_Name": "Microsoft-Windows-Containers-Wcifs", "Computer": "DESKTOP-OFJ6N53", "TimeCreated": "2023-07-03 07:37:58.675419+00:00", "RecordID": "101", "Level": "4", "UserID": "S-1-5-18"}
{"EventID": "2", "Channel": "Microsoft-Windows-Containers-Wcifs/Operational", "Provider_Name": "Microsoft-Windows-Containers-Wcifs", "Computer": "DESKTOP-OFJ6N53", "TimeCreated": "2023-07-06 12:44:51.631992+00:00", "RecordID": "102", "Level": "4", "UserID": "S-1-5-18"}
{"EventID": "2", "Channel": "Microsoft-Windows-Containers-Wcifs/Operational", "Provider_Name": "Microsoft-Windows-Containers-Wcifs", "Computer": "DESKTOP-OFJ6N53", "TimeCreated": "2023-07-12 14:40:52.190077+00:00", "RecordID": "103", "Level": "4", "UserID": "S-1-5-18"}
{"EventID": "2", "Channel": "Microsoft-Windows-Containers-Wcifs/Operational", "Provider_Name": "Microsoft-Windows-Containers-Wcifs", "Computer": "DESKTOP-OFJ6N53", "TimeCreated": "2023-07-18 14:52:46.320793+00:00", "RecordID": "104", "Level": "4", "UserID": "S-1-5-18"}
{"EventID": "2", "Channel": "Microsoft-Windows-Containers-Wcifs/Operational", "Provider_Name": "Microsoft-Windows-Containers-Wcifs", "Computer": "DESKTOP-OFJ6N53", "TimeCreated": "2023-07-25 08:59:22.741175+00:00", "RecordID": "105", "Level": "4", "UserID": "S-1-5-18"}
{"EventID": "2", "Channel": "Microsoft-Windows-Containers-Wcifs/Operational", "Provider_Name": "Microsoft-Windows-Containers-Wcifs", "Computer": "DESKTOP-OFJ6N53", "TimeCreated": "2023-07-26 16:05:12.805338+00:00", "RecordID": "106", "Level": "4", "UserID": "S-1-5-18"}
{"EventID": "2", "Channel": "Microsoft-Windows-Containers-Wcifs/Operational", "Provider_Name": "Microsoft-Windows-Containers-Wcifs", "Computer": "DESKTOP-OFJ6N53", "TimeCreated": "2023-07-31 13:01:34.062834+00:00", "RecordID": "107", "Level": "4", "UserID": "S-1-5-18"}
{"EventID": "2", "Channel": "Microsoft-Windows-Containers-Wcifs/Operational", "Provider_Name": "Microsoft-Windows-Containers-Wcifs", "Computer": "DESKTOP-OFJ6N53", "TimeCreated": "2023-08-02 10:03:12.640354+00:00", "RecordID": "108", "Level": "4", "UserID": "S-1-5-18"}
{"EventID": "2", "Channel": "Microsoft-Windows-Containers-Wcifs/Operational", "Provider_Name": "Microsoft-Windows-Containers-Wcifs", "Computer": "DESKTOP-OFJ6N53", "TimeCreated": "2023-08-10 07:39:06.859785+00:00", "RecordID": "109", "Level": "4", "UserID": "S-1-5-18"}
{"EventID": "2", "Channel": "Microsoft-Windows-Containers-Wcifs/Operational", "Provider_Name": "Microsoft-Windows-Containers-Wcifs", "Computer": "DESKTOP-OFJ6N53", "TimeCreated": "2023-08-16 10:00:19.821478+00:00", "RecordID": "110", "Level": "4", "UserID": "S-1-5-18"}
{"EventID": "2", "Channel": "Microsoft-Windows-Containers-Wcifs/Operational", "Provider_Name": "Microsoft-Windows-Containers-Wcifs", "Computer": "DESKTOP-OFJ6N53", "TimeCreated": "2023-08-29 22:45:13.269934+00:00", "RecordID": "111", "Level": "4", "UserID": "S-1-5-18"}
{"EventID": "2", "Channel": "Microsoft-Windows-Containers-Wcifs/Operational", "Provider_Name": "Microsoft-Windows-Containers-Wcifs", "Computer": "DESKTOP-OFJ6N53", "TimeCreated": "2023-09-04 14:37:00.553398+00:00", "RecordID": "112", "Level": "4", "UserID": "S-1-5-18"}
{"EventID": "2", "Channel": "Microsoft-Windows-Containers-Wcifs/Operational", "Provider_Name": "Microsoft-Windows-Containers-Wcifs", "Computer": "DESKTOP-OFJ6N53", "TimeCreated": "2023-09-13 14:36:37.193169+00:00", "RecordID": "113", "Level": "4", "UserID": "S-1-5-18"}
{"EventID": "2", "Channel": "Microsoft-Windows-Containers-Wcifs/Operational", "Provider_Name": "Microsoft-Windows-Containers-Wcifs", "Computer": "DESKTOP-OFJ6N53", "TimeCreated": "2023-09-29 16:10:42.243238+00:00", "RecordID": "114", "Level": "4", "UserID": "S-1-5-18"}
{"EventID": "2", "Channel": "Microsoft-Windows-Containers-Wcifs/Operational", "Provider_Name": "Microsoft-Windows-Containers-Wcifs", "Computer": "DESKTOP-OFJ6N53", "TimeCreated": "2023-10-12 16:55:29.653419+00:00", "RecordID": "115", "Level": "4", "UserID": "S-1-5-18"}
{"EventID": "2", "Channel": "Microsoft-Windows-Containers-Wcifs/Operational", "Provider_Name": "Microsoft-Windows-Containers-Wcifs", "Computer": "DESKTOP-OFJ6N53", "TimeCreated": "2023-10-27 14:40:40.116196+00:00", "RecordID": "116", "Level": "4", "UserID": "S-1-5-18"}
{"EventID": "2", "Channel": "Microsoft-Windows-Containers-Wcifs/Operational", "Provider_Name": "Microsoft-Windows-Containers-Wcifs", "Computer": "DESKTOP-OFJ6N53", "TimeCreated": "2023-11-20 15:05:37.534138+00:00", "RecordID": "117", "Level": "4", "UserID": "S-1-5-18"}
{"EventID": "2", "Channel": "Microsoft-Windows-Containers-Wcifs/Operational", "Provider_Name": "Microsoft-Windows-Containers-Wcifs", "Computer": "DESKTOP-OFJ6N53", "TimeCreated": "2023-12-12 07:25:22.711699+00:00", "RecordID": "118", "Level": "4", "UserID": "S-1-5-18"}
{"EventID": "2", "Channel": "Microsoft-Windows-Containers-Wcifs/Operational", "Provider_Name": "Microsoft-Windows-Containers-Wcifs", "Computer": "DESKTOP-OFJ6N53", "TimeCreated": "2023-12-13 14:34:14.278824+00:00", "RecordID": "119", "Level": "4", "UserID": "S-1-5-18"}
{"EventID": "2", "Channel": "Microsoft-Windows-Containers-Wcifs/Operational", "Provider_Name": "Microsoft-Windows-Containers-Wcifs", "Computer": "DESKTOP-OFJ6N53", "TimeCreated": "2023-12-29 14:44:37.098526+00:00", "RecordID": "120", "Level": "4", "UserID": "S-1-5-18"}
{"EventID": "2", "Channel": "Microsoft-Windows-Containers-Wcifs/Operational", "Provider_Name": "Microsoft-Windows-Containers-Wcifs", "Computer": "DESKTOP-OFJ6N53", "TimeCreated": "2024-01-10 14:58:22.169188+00:00", "RecordID": "121", "Level": "4", "UserID": "S-1-5-18"}
{"EventID": "2", "Channel": "Microsoft-Windows-Containers-Wcifs/Operational", "Provider_Name": "Microsoft-Windows-Containers-Wcifs", "Computer": "DESKTOP-OFJ6N53", "TimeCreated": "2024-02-15 15:26:51.444254+00:00", "RecordID": "122", "Level": "4", "UserID": "S-1-5-18"}
{"EventID": "2", "Channel": "Microsoft-Windows-Containers-Wcifs/Operational", "Provider_Name": "Microsoft-Windows-Containers-Wcifs", "Computer": "DESKTOP-OFJ6N53", "TimeCreated": "2024-03-12 11:04:41.828762+00:00", "RecordID": "123", "Level": "4", "UserID": "S-1-5-18"}
{"EventID": "2", "Channel": "Microsoft-Windows-Containers-Wcifs/Operational", "Provider_Name": "Microsoft-Windows-Containers-Wcifs", "Computer": "DESKTOP-OFJ6N53", "TimeCreated": "2024-04-12 02:53:00.905447+00:00", "RecordID": "124", "Level": "4", "UserID": "S-1-5-18"}
{"EventID": "2", "Channel": "Microsoft-Windows-Containers-Wcifs/Operational", "Provider_Name": "Microsoft-Windows-Containers-Wcifs", "Computer": "DESKTOP-OFJ6N53", "TimeCreated": "2024-04-23 15:39:47.608076+00:00", "RecordID": "125", "Level": "4", "UserID": "S-1-5-18"}
{"EventID": "2", "Channel": "Microsoft-Windows-Containers-Wcifs/Operational", "Provider_Name": "Microsoft-Windows-Containers-Wcifs", "Computer": "DESKTOP-OFJ6N53", "TimeCreated": "2024-04-29 15:10:18.525118+00:00", "RecordID": "126", "Level": "4", "UserID": "S-1-5-18"}
{"EventID": "2", "Channel": "Microsoft-Windows-Containers-Wcifs/Operational", "Provider_Name": "Microsoft-Windows-Containers-Wcifs", "Computer": "DESKTOP-OFJ6N53", "TimeCreated": "2024-05-14 09:13:25.932625+00:00", "RecordID": "127", "Level": "4", "UserID": "S-1-5-18"}
{"EventID": "2", "Channel": "Microsoft-Windows-Containers-Wcifs/Operational", "Provider_Name": "Microsoft-Windows-Containers-Wcifs", "Computer": "DESKTOP-OFJ6N53", "TimeCreated": "2024-05-15 13:36:38.633083+00:00", "RecordID": "128", "Level": "4", "UserID": "S-1-5-18"}
{"EventID": "2", "Channel": "Microsoft-Windows-Containers-Wcifs/Operational", "Provider_Name": "Microsoft-Windows-Containers-Wcifs", "Computer": "DESKTOP-OFJ6N53", "TimeCreated": "2024-05-31 10:41:00.331285+00:00", "RecordID": "129", "Level": "4", "UserID": "S-1-5-18"}
{"EventID": "2", "Channel": "Microsoft-Windows-Containers-Wcifs/Operational", "Provider_Name": "Microsoft-Windows-Containers-Wcifs", "Computer": "DESKTOP-OFJ6N53", "TimeCreated": "2024-06-06 12:16:25.270237+00:00", "RecordID": "130", "Level": "4", "UserID": "S-1-5-18"}
{"EventID": "2", "Channel": "Microsoft-Windows-Containers-Wcifs/Operational", "Provider_Name": "Microsoft-Windows-Containers-Wcifs", "Computer": "DESKTOP-OFJ6N53", "TimeCreated": "2024-06-11 17:56:43.453512+00:00", "RecordID": "131", "Level": "4", "UserID": "S-1-5-18"}
{"EventID": "2", "Channel": "Microsoft-Windows-Containers-Wcifs/Operational", "Provider_Name": "Microsoft-Windows-Containers-Wcifs", "Computer": "DESKTOP-OFJ6N53", "TimeCreated": "2024-06-13 10:18:53.682457+00:00", "RecordID": "132", "Level": "4", "UserID": "S-1-5-18"}
{"EventID": "2", "Channel": "Microsoft-Windows-Containers-Wcifs/Operational", "Provider_Name": "Microsoft-Windows-Containers-Wcifs", "Computer": "DESKTOP-OFJ6N53", "TimeCreated": "2024-07-03 13:21:54.390560+00:00", "RecordID": "133", "Level": "4", "UserID": "S-1-5-18"}
{"EventID": "2", "Channel": "Microsoft-Windows-Containers-Wcifs/Operational", "Provider_Name": "Microsoft-Windows-Containers-Wcifs", "Computer": "DESKTOP-OFJ6N53", "TimeCreated": "2024-07-10 14:33:46.601734+00:00", "RecordID": "134", "Level": "4", "UserID": "S-1-5-18"}
{"EventID": "2", "Channel": "Microsoft-Windows-Containers-Wcifs/Operational", "Provider_Name": "Microsoft-Windows-Containers-Wcifs", "Computer": "DESKTOP-OFJ6N53", "TimeCreated": "2024-07-22 07:26:32.401264+00:00", "RecordID": "135", "Level": "4", "UserID": "S-1-5-18"}
{"EventID": "2", "Channel": "Microsoft-Windows-Containers-Wcifs/Operational", "Provider_Name": "Microsoft-Windows-Containers-Wcifs", "Computer": "DESKTOP-OFJ6N53", "TimeCreated": "2024-08-14 00:10:13.120190+00:00", "RecordID": "136", "Level": "4", "UserID": "S-1-5-18"}
{"EventID": "2", "Channel": "Microsoft-Windows-Containers-Wcifs/Operational", "Provider_Name": "Microsoft-Windows-Containers-Wcifs", "Computer": "DESKTOP-OFJ6N53", "TimeCreated": "2024-09-06 13:40:15.019735+00:00", "RecordID": "137", "Level": "4", "UserID": "S-1-5-18"}
{"EventID": "2", "Channel": "Microsoft-Windows-Containers-Wcifs/Operational", "Provider_Name": "Microsoft-Windows-Containers-Wcifs", "Computer": "DESKTOP-OFJ6N53", "TimeCreated": "2024-09-11 14:51:03.966040+00:00", "RecordID": "138", "Level": "4", "UserID": "S-1-5-18"}
{"EventID": "2", "Channel": "Microsoft-Windows-Containers-Wcifs/Operational", "Provider_Name": "Microsoft-Windows-Containers-Wcifs", "Computer": "DESKTOP-OFJ6N53", "TimeCreated": "2024-09-19 17:25:26.727789+00:00", "RecordID": "139", "Level": "4", "UserID": "S-1-5-18"}
{"EventID": "2", "Channel": "Microsoft-Windows-Containers-Wcifs/Operational", "Provider_Name": "Microsoft-Windows-Containers-Wcifs", "Computer": "DESKTOP-OFJ6N53", "TimeCreated": "2024-09-24 10:57:32.426407+00:00", "RecordID": "140", "Level": "4", "UserID": "S-1-5-18"}
{"EventID": "2", "Channel": "Microsoft-Windows-Containers-Wcifs/Operational", "Provider_Name": "Microsoft-Windows-Containers-Wcifs", "Computer": "DESKTOP-OFJ6N53", "TimeCreated": "2024-09-25 13:38:57.718435+00:00", "RecordID": "141", "Level": "4", "UserID": "S-1-5-18"}
{"EventID": "2", "Channel": "Microsoft-Windows-Containers-Wcifs/Operational", "Provider_Name": "Microsoft-Windows-Containers-Wcifs", "Computer": "DESKTOP-OFJ6N53", "TimeCreated": "2024-09-28 12:29:07.709103+00:00", "RecordID": "142", "Level": "4", "UserID": "S-1-5-18"}
{"EventID": "2", "Channel": "Microsoft-Windows-Containers-Wcifs/Operational", "Provider_Name": "Microsoft-Windows-Containers-Wcifs", "Computer": "DESKTOP-OFJ6N53", "TimeCreated": "2024-10-04 11:16:54.955307+00:00", "RecordID": "143", "Level": "4", "UserID": "S-1-5-18"}
{"EventID": "2", "Channel": "Microsoft-Windows-Containers-Wcifs/Operational", "Provider_Name": "Microsoft-Windows-Containers-Wcifs", "Computer": "DESKTOP-OFJ6N53", "TimeCreated": "2024-10-04 22:02:51.911665+00:00", "RecordID": "144", "Level": "4", "UserID": "S-1-5-18"}
{"EventID": "2", "Channel": "Microsoft-Windows-Containers-Wcifs/Operational", "Provider_Name": "Microsoft-Windows-Containers-Wcifs", "Computer": "DESKTOP-OFJ6N53", "TimeCreated": "2024-10-08 20:25:29.905022+00:00", "RecordID": "145", "Level": "4", "UserID": "S-1-5-18"}
{"EventID": "2", "Channel": "Microsoft-Windows-Containers-Wcifs/Operational", "Provider_Name": "Microsoft-Windows-Containers-Wcifs", "Computer": "DESKTOP-OFJ6N53", "TimeCreated": "2024-11-13 14:45:13.344872+00:00", "RecordID": "146", "Level": "4", "UserID": "S-1-5-18"}
{"EventID": "2", "Channel": "Microsoft-Windows-Containers-Wcifs/Operational", "Provider_Name": "Microsoft-Windows-Containers-Wcifs", "Computer": "DESKTOP-OFJ6N53", "TimeCreated": "2024-12-03 10:23:58.135456+00:00", "RecordID": "147", "Level": "4", "UserID": "S-1-5-18"}
{"EventID": "2", "Channel": "Microsoft-Windows-Containers-Wcifs/Operational", "Provider_Name": "Microsoft-Windows-Containers-Wcifs", "Computer": "DESKTOP-OFJ6N53", "TimeCreated": "2024-12-08 16:52:22.006664+00:00", "RecordID": "148", "Level": "4", "UserID": "S-1-5-18"}
{"EventID": "2", "Channel": "Microsoft-Windows-Containers-Wcifs/Operational", "Provider_Name": "Microsoft-Windows-Containers-Wcifs", "Computer": "DESKTOP-OFJ6N53", "TimeCreated": "2024-12-11 15:06:14.800047+00:00", "RecordID": "149", "Level": "4", "UserID": "S-1-5-18"}
{"EventID": "2", "Channel": "Microsoft-Windows-Containers-Wcifs/Operational", "Provider_Name": "Microsoft-Windows-Containers-Wcifs", "Computer": "DESKTOP-OFJ6N53", "TimeCreated": "2024-12-23 14:10:01.958357+00:00", "RecordID": "150", "Level": "4", "UserID": "S-1-5-18"}
{"EventID": "2", "Channel": "Microsoft-Windows-Containers-Wcifs/Operational", "Provider_Name": "Microsoft-Windows-Containers-Wcifs", "Computer": "DESKTOP-OFJ6N53", "TimeCreated": "2025-01-09 14:55:17.842419+00:00", "RecordID": "151", "Level": "4", "UserID": "S-1-5-18"}
{"EventID": "2", "Channel": "Microsoft-Windows-Containers-Wcifs/Operational", "Provider_Name": "Microsoft-Windows-Containers-Wcifs", "Computer": "DESKTOP-OFJ6N53", "TimeCreated": "2025-01-14 23:22:36.816502+00:00", "RecordID": "152", "Level": "4", "UserID": "S-1-5-18"}
{"EventID": "2", "Channel": "Microsoft-Windows-Containers-Wcifs/Operational", "Provider_Name": "Microsoft-Windows-Containers-Wcifs", "Computer": "DESKTOP-OFJ6N53", "TimeCreated": "2025-01-24 12:03:22.316505+00:00", "RecordID": "153", "Level": "4", "UserID": "S-1-5-18"}
{"EventID": "2", "Channel": "Microsoft-Windows-Containers-Wcifs/Operational", "Provider_Name": "Microsoft-Windows-Containers-Wcifs", "Computer": "DESKTOP-OFJ6N53", "TimeCreated": "2025-02-05 14:02:01.521635+00:00", "RecordID": "154", "Level": "4", "UserID": "S-1-5-18"}
{"EventID": "2", "Channel": "Microsoft-Windows-Containers-Wcifs/Operational", "Provider_Name": "Microsoft-Windows-Containers-Wcifs", "Computer": "DESKTOP-OFJ6N53", "TimeCreated": "2025-02-12 14:54:30.575706+00:00", "RecordID": "155", "Level": "4", "UserID": "S-1-5-18"}
{"EventID": "2", "Channel": "Microsoft-Windows-Containers-Wcifs/Operational", "Provider_Name": "Microsoft-Windows-Containers-Wcifs", "Computer": "DESKTOP-OFJ6N53", "TimeCreated": "2025-03-07 15:04:04.484045+00:00", "RecordID": "156", "Level": "4", "UserID": "S-1-5-18"}
{"EventID": "2", "Channel": "Microsoft-Windows-Containers-Wcifs/Operational", "Provider_Name": "Microsoft-Windows-Containers-Wcifs", "Computer": "DESKTOP-OFJ6N53", "TimeCreated": "2025-03-11 20:17:05.828165+00:00", "RecordID": "157", "Level": "4", "UserID": "S-1-5-18"}
{"EventID": "2", "Channel": "Microsoft-Windows-Containers-Wcifs/Operational", "Provider_Name": "Microsoft-Windows-Containers-Wcifs", "Computer": "DESKTOP-OFJ6N53", "TimeCreated": "2025-04-01 16:03:30.669367+00:00", "RecordID": "158", "Level": "4", "UserID": "S-1-5-18"}
{"EventID": "2", "Channel": "Microsoft-Windows-Containers-Wcifs/Operational", "Provider_Name": "Microsoft-Windows-Containers-Wcifs", "Computer": "DESKTOP-OFJ6N53", "TimeCreated": "2025-04-02 09:18:21.270527+00:00", "RecordID": "159", "Level": "4", "UserID": "S-1-5-18"}
{"EventID": "2", "Channel": "Microsoft-Windows-Containers-Wcifs/Operational", "Provider_Name": "Microsoft-Windows-Containers-Wcifs", "Computer": "DESKTOP-OFJ6N53", "TimeCreated": "2025-04-02 09:31:32.909681+00:00", "RecordID": "160", "Level": "4", "UserID": "S-1-5-18"}
{"EventID": "2", "Channel": "Microsoft-Windows-Containers-Wcifs/Operational", "Provider_Name": "Microsoft-Windows-Containers-Wcifs", "Computer": "DESKTOP-OFJ6N53", "TimeCreated": "2025-04-02 09:57:41.009539+00:00", "RecordID": "161", "Level": "4", "UserID": "S-1-5-18"}
{"EventID": "2", "Channel": "Microsoft-Windows-Containers-Wcifs/Operational", "Provider_Name": "Microsoft-Windows-Containers-Wcifs", "Computer": "DESKTOP-OFJ6N53", "TimeCreated": "2025-04-02 10:08:25.549093+00:00", "RecordID": "162", "Level": "4", "UserID": "S-1-5-18"}
{"EventID": "2", "Channel": "Microsoft-Windows-Containers-Wcifs/Operational", "Provider_Name": "Microsoft-Windows-Containers-Wcifs", "Computer": "DESKTOP-OFJ6N53", "TimeCreated": "2025-04-02 10:11:53.017771+00:00", "RecordID": "163", "Level": "4", "UserID": "S-1-5-18"}
{"EventID": "2", "Channel": "Microsoft-Windows-Containers-Wcifs/Operational", "Provider_Name": "Microsoft-Windows-Containers-Wcifs", "Computer": "DESKTOP-OFJ6N53", "TimeCreated": "2025-04-02 10:16:17.885498+00:00", "RecordID": "164", "Level": "4", "UserID": "S-1-5-18"}
{"EventID": "2", "Channel": "Microsoft-Windows-Containers-Wcifs/Operational", "Provider_Name": "Microsoft-Windows-Containers-Wcifs", "Computer": "DESKTOP-OFJ6N53", "TimeCreated": "2025-04-02 10:34:05.655851+00:00", "RecordID": "165", "Level": "4", "UserID": "S-1-5-18"}
{"EventID": "2", "Channel": "Microsoft-Windows-Containers-Wcifs/Operational", "Provider_Name": "Microsoft-Windows-Containers-Wcifs", "Computer": "DESKTOP-OFJ6N53", "TimeCreated": "2025-04-09 14:35:39.489275+00:00", "RecordID": "166", "Level": "4", "UserID": "S-1-5-18"}
{"EventID": "2", "Channel": "Microsoft-Windows-Containers-Wcifs/Operational", "Provider_Name": "Microsoft-Windows-Containers-Wcifs", "Computer": "DESKTOP-OFJ6N53", "TimeCreated": "2025-04-23 00:40:21.672970+00:00", "RecordID": "167", "Level": "4", "UserID": "S-1-5-18"}
{"EventID": "2", "Channel": "Microsoft-Windows-Containers-Wcifs/Operational", "Provider_Name": "Microsoft-Windows-Containers-Wcifs", "Computer": "DESKTOP-OFJ6N53", "TimeCreated": "2025-05-14 14:42:07.327431+00:00", "RecordID": "168", "Level": "4", "UserID": "S-1-5-18"}
{"EventID": "2", "Channel": "Microsoft-Windows-Containers-Wcifs/Operational", "Provider_Name": "Microsoft-Windows-Containers-Wcifs", "Computer": "DESKTOP-OFJ6N53", "TimeCreated": "2025-06-11 14:45:40.740580+00:00", "RecordID": "169", "Level": "4", "UserID": "S-1-5-18"}
{"EventID": "2", "Channel": "Microsoft-Windows-Containers-Wcifs/Operational", "Provider_Name": "Microsoft-Windows-Containers-Wcifs", "Computer": "DESKTOP-OFJ6N53", "TimeCreated": "2025-07-07 12:49:25.766718+00:00", "RecordID": "170", "Level": "4", "UserID": "S-1-5-18"}
{"EventID": "2", "Channel": "Microsoft-Windows-Containers-Wcifs/Operational", "Provider_Name": "Microsoft-Windows-Containers-Wcifs", "Computer": "DESKTOP-OFJ6N53", "TimeCreated": "2025-07-09 14:39:50.501600+00:00", "RecordID": "171", "Level": "4", "UserID": "S-1-5-18"}
{"EventID": "2", "Channel": "Microsoft-Windows-Containers-Wcifs/Operational", "Provider_Name": "Microsoft-Windows-Containers-Wcifs", "Computer": "DESKTOP-OFJ6N53", "TimeCreated": "2025-07-24 21:29:44.745384+00:00", "RecordID": "172", "Level": "4", "UserID": "S-1-5-18"}
{"EventID": "2", "Channel": "Microsoft-Windows-Containers-Wcifs/Operational", "Provider_Name": "Microsoft-Windows-Containers-Wcifs", "Computer": "DESKTOP-OFJ6N53", "TimeCreated": "2025-07-31 08:03:33.484173+00:00", "RecordID": "173", "Level": "4", "UserID": "S-1-5-18"}
{"EventID": "2", "Channel": "Microsoft-Windows-Containers-Wcifs/Operational", "Provider_Name": "Microsoft-Windows-Containers-Wcifs", "Computer": "DESKTOP-OFJ6N53", "TimeCreated": "2025-08-12 12:17:37.137255+00:00", "RecordID": "174", "Level": "4", "UserID": "S-1-5-18"}
{"EventID": "2", "Channel": "Microsoft-Windows-Containers-Wcifs/Operational", "Provider_Name": "Microsoft-Windows-Containers-Wcifs", "Computer": "DESKTOP-OFJ6N53", "TimeCreated": "2025-08-13 14:39:57.534128+00:00", "RecordID": "175", "Level": "4", "UserID": "S-1-5-18"}
{"EventID": "2", "Channel": "Microsoft-Windows-Containers-Wcifs/Operational", "Provider_Name": "Microsoft-Windows-Containers-Wcifs", "Computer": "DESKTOP-OFJ6N53", "TimeCreated": "2025-08-19 07:18:53.311592+00:00", "RecordID": "176", "Level": "4", "UserID": "S-1-5-18"}
{"EventID": "2", "Channel": "Microsoft-Windows-Containers-Wcifs/Operational", "Provider_Name": "Microsoft-Windows-Containers-Wcifs", "Computer": "DESKTOP-OFJ6N53", "TimeCreated": "2025-08-19 07:44:20.199104+00:00", "RecordID": "177", "Level": "4", "UserID": "S-1-5-18"}
{"EventID": "2", "Channel": "Microsoft-Windows-Containers-Wcifs/Operational", "Provider_Name": "Microsoft-Windows-Containers-Wcifs", "Computer": "DESKTOP-OFJ6N53", "TimeCreated": "2025-08-22 12:58:28.162474+00:00", "RecordID": "178", "Level": "4", "UserID": "S-1-5-18"}
{"EventID": "2", "Channel": "Microsoft-Windows-Containers-Wcifs/Operational", "Provider_Name": "Microsoft-Windows-Containers-Wcifs", "Computer": "DESKTOP-OFJ6N53", "TimeCreated": "2025-08-23 20:33:20.740414+00:00", "RecordID": "179", "Level": "4", "UserID": "S-1-5-18"}
