{"EventID": "1", "Channel": "Setup", "Provider_Name": "Microsoft-Windows-Servicing", "Computer": "DESKTOP-OFJ6N53", "TimeCreated": "2024-01-10 14:39:43.250240+00:00", "RecordID": "226", "Level": "0", "UserID": "S-1-5-18"}
{"EventID": "1", "Channel": "Setup", "Provider_Name": "Microsoft-Windows-Servicing", "Computer": "DESKTOP-OFJ6N53", "TimeCreated": "2024-01-10 14:39:48.891788+00:00", "RecordID": "227", "Level": "0", "UserID": "S-1-5-18"}
{"EventID": "1", "Channel": "Setup", "Provider_Name": "Microsoft-Windows-Servicing", "Computer": "DESKTOP-OFJ6N53", "TimeCreated": "2024-01-10 14:44:12.493467+00:00", "RecordID": "228", "Level": "0", "UserID": "S-1-5-18"}
{"EventID": "1", "Channel": "Setup", "Provider_Name": "Microsoft-Windows-Servicing", "Computer": "DESKTOP-OFJ6N53", "TimeCreated": "2024-01-10 14:46:54.308941+00:00", "RecordID": "229", "Level": "0", "UserID": "S-1-5-18"}
{"EventID": "4", "Channel": "Setup", "Provider_Name": "Microsoft-Windows-Servicing", "Computer": "DESKTOP-OFJ6N53", "TimeCreated": "2024-01-10 14:55:57.671848+00:00", "RecordID": "230", "Level": "0", "UserID": "S-1-5-18"}
{"EventID": "4", "Channel": "Setup", "Provider_Name": "Microsoft-Windows-Servicing", "Computer": "DESKTOP-OFJ6N53", "TimeCreated": "2024-01-10 14:56:18.868641+00:00", "RecordID": "231", "Level": "0", "UserID": "S-1-5-18"}
{"EventID": "2", "Channel": "Setup", "Provider_Name": "Microsoft-Windows-Servicing", "Computer": "DESKTOP-OFJ6N53", "TimeCreated": "2024-01-10 14:59:11.146420+00:00", "RecordID": "232", "Level": "0", "UserID": "S-1-5-18"}
{"EventID": "2", "Channel": "Setup", "Provider_Name": "Microsoft-Windows-Servicing", "Computer": "DESKTOP-OFJ6N53", "TimeCreated": "2024-01-10 14:59:13.811911+00:00", "RecordID": "233", "Level": "0", "UserID": "S-1-5-18"}
{"EventID": "1", "Channel": "Setup", "Provider_Name": "Microsoft-Windows-Servicing", "Computer": "DESKTOP-OFJ6N53", "TimeCreated": "2024-01-17 09:01:14.103754+00:00", "RecordID": "234", "Level": "0", "UserID": "S-1-5-18"}
{"EventID": "1", "Channel": "Setup", "Provider_Name": "Microsoft-Windows-Servicing", "Computer": "DESKTOP-OFJ6N53", "TimeCreated": "2024-01-17 09:02:22.498344+00:00", "RecordID": "235", "Level": "0", "UserID": "S-1-5-18"}
{"EventID": "1", "Channel": "Setup", "Provider_Name": "Microsoft-Windows-Servicing", "Computer": "DESKTOP-OFJ6N53", "TimeCreated": "2024-02-15 10:08:49.724075+00:00", "RecordID": "236", "Level": "0", "UserID": "S-1-5-18"}
{"EventID": "1", "Channel": "Setup", "Provider_Name": "Microsoft-Windows-Servicing", "Computer": "DESKTOP-OFJ6N53", "TimeCreated": "2024-02-15 10:09:32.566696+00:00", "RecordID": "237", "Level": "0", "UserID": "S-1-5-18"}
{"EventID": "1", "Channel": "Setup", "Provider_Name": "Microsoft-Windows-Servicing", "Computer": "DESKTOP-OFJ6N53", "TimeCreated": "2024-02-15 10:11:30.505005+00:00", "RecordID": "238", "Level": "0", "UserID": "S-1-5-18"}
{"EventID": "1", "Channel": "Setup", "Provider_Name": "Microsoft-Windows-Servicing", "Computer": "DESKTOP-OFJ6N53", "TimeCreated": "2024-02-15 10:12:29.110792+00:00", "RecordID": "239", "Level": "0", "UserID": "S-1-5-18"}
{"EventID": "2", "Channel": "Setup", "Provider_Name": "Microsoft-Windows-Servicing", "Computer": "DESKTOP-OFJ6N53", "TimeCreated": "2024-02-15 10:12:34.889061+00:00", "RecordID": "240", "Level": "0", "UserID": "S-1-5-18"}
{"EventID": "1", "Channel": "Setup", "Provider_Name": "Microsoft-Windows-Servicing", "Computer": "DESKTOP-OFJ6N53", "TimeCreated": "2024-02-15 10:12:46.480049+00:00", "RecordID": "241", "Level": "0", "UserID": "S-1-5-18"}
{"EventID": "4", "Channel": "Setup", "Provider_Name": "Microsoft-Windows-Servicing", "Computer": "DESKTOP-OFJ6N53", "TimeCreated": "2024-02-15 10:23:13.109810+00:00", "RecordID": "242", "Level": "0", "UserID": "S-1-5-18"}
{"EventID": "4", "Channel": "Setup", "Provider_Name": "Microsoft-Windows-Servicing", "Computer": "DESKTOP-OFJ6N53", "TimeCreated": "2024-02-15 15:25:29.470242+00:00", "RecordID": "243", "Level": "0", "UserID": "S-1-5-18"}
{"EventID": "2", "Channel": "Setup", "Provider_Name": "Microsoft-Windows-Servicing", "Computer": "DESKTOP-OFJ6N53", "TimeCreated": "2024-02-15 15:27:45.933315+00:00", "RecordID": "244", "Level": "0", "UserID": "S-1-5-18"}
{"EventID": "2", "Channel": "Setup", "Provider_Name": "Microsoft-Windows-Servicing", "Computer": "DESKTOP-OFJ6N53", "TimeCreated": "2024-02-15 15:27:46.248161+00:00", "RecordID": "245", "Level": "0", "UserID": "S-1-5-18"}
{"EventID": "1", "Channel": "Setup", "Provider_Name": "Microsoft-Windows-Servicing", "Computer": "DESKTOP-OFJ6N53", "TimeCreated": "2024-03-13 11:47:34.892210+00:00", "RecordID": "246", "Level": "0", "UserID": "S-1-5-18"}
{"EventID": "2", "Channel": "Setup", "Provider_Name": "Microsoft-Windows-Servicing", "Computer": "DESKTOP-OFJ6N53", "TimeCreated": "2024-03-13 11:47:44.919802+00:00", "RecordID": "247", "Level": "0", "UserID": "S-1-5-18"}
{"EventID": "1", "Channel": "Setup", "Provider_Name": "Microsoft-Windows-Servicing", "Computer": "DESKTOP-OFJ6N53", "TimeCreated": "2024-03-13 11:50:31.762871+00:00", "RecordID": "248", "Level": "0", "UserID": "S-1-5-18"}
{"EventID": "4", "Channel": "Setup", "Provider_Name": "Microsoft-Windows-Servicing", "Computer": "DESKTOP-OFJ6N53", "TimeCreated": "2024-03-13 12:04:24.507891+00:00", "RecordID": "249", "Level": "0", "UserID": "S-1-5-18"}
{"EventID": "1", "Channel": "Setup", "Provider_Name": "Microsoft-Windows-Servicing", "Computer": "DESKTOP-OFJ6N53", "TimeCreated": "2024-04-10 10:27:28.291597+00:00", "RecordID": "250", "Level": "0", "UserID": "S-1-5-18"}
{"EventID": "4", "Channel": "Setup", "Provider_Name": "Microsoft-Windows-Servicing", "Computer": "DESKTOP-OFJ6N53", "TimeCreated": "2024-04-10 10:29:14.496195+00:00", "RecordID": "251", "Level": "0", "UserID": "S-1-5-18"}
{"EventID": "2", "Channel": "Setup", "Provider_Name": "Microsoft-Windows-Servicing", "Computer": "DESKTOP-OFJ6N53", "TimeCreated": "2024-04-12 02:54:33.320726+00:00", "RecordID": "252", "Level": "0", "UserID": "S-1-5-18"}
{"EventID": "2", "Channel": "Setup", "Provider_Name": "Microsoft-Windows-Servicing", "Computer": "DESKTOP-OFJ6N53", "TimeCreated": "2024-04-12 02:54:37.011499+00:00", "RecordID": "253", "Level": "0", "UserID": "S-1-5-18"}
{"EventID": "1", "Channel": "Setup", "Provider_Name": "Microsoft-Windows-Servicing", "Computer": "DESKTOP-OFJ6N53", "TimeCreated": "2024-04-12 05:02:12.454868+00:00", "RecordID": "254", "Level": "0", "UserID": "S-1-5-18"}
{"EventID": "1", "Channel": "Setup", "Provider_Name": "Microsoft-Windows-Servicing", "Computer": "DESKTOP-OFJ6N53", "TimeCreated": "2024-04-12 05:09:27.801355+00:00", "RecordID": "255", "Level": "0", "UserID": "S-1-5-18"}
{"EventID": "2", "Channel": "Setup", "Provider_Name": "Microsoft-Windows-Servicing", "Computer": "DESKTOP-OFJ6N53", "TimeCreated": "2024-04-12 05:09:32.748409+00:00", "RecordID": "256", "Level": "0", "UserID": "S-1-5-18"}
{"EventID": "1", "Channel": "Setup", "Provider_Name": "Microsoft-Windows-Servicing", "Computer": "DESKTOP-OFJ6N53", "TimeCreated": "2024-04-12 05:11:32.899042+00:00", "RecordID": "257", "Level": "0", "UserID": "S-1-5-18"}
{"EventID": "4", "Channel": "Setup", "Provider_Name": "Microsoft-Windows-Servicing", "Computer": "DESKTOP-OFJ6N53", "TimeCreated": "2024-04-12 05:25:00.609201+00:00", "RecordID": "258", "Level": "0", "UserID": "S-1-5-18"}
{"EventID": "2", "Channel": "Setup", "Provider_Name": "Microsoft-Windows-Servicing", "Computer": "DESKTOP-OFJ6N53", "TimeCreated": "2024-04-23 15:44:14.105915+00:00", "RecordID": "259", "Level": "0", "UserID": "S-1-5-18"}
{"EventID": "1", "Channel": "Setup", "Provider_Name": "Microsoft-Windows-Servicing", "Computer": "DESKTOP-OFJ6N53", "TimeCreated": "2024-04-29 14:45:52.023483+00:00", "RecordID": "260", "Level": "0", "UserID": "S-1-5-18"}
{"EventID": "4", "Channel": "Setup", "Provider_Name": "Microsoft-Windows-Servicing", "Computer": "DESKTOP-OFJ6N53", "TimeCreated": "2024-04-29 15:09:24.450811+00:00", "RecordID": "261", "Level": "0", "UserID": "S-1-5-18"}
{"EventID": "2", "Channel": "Setup", "Provider_Name": "Microsoft-Windows-Servicing", "Computer": "DESKTOP-OFJ6N53", "TimeCreated": "2024-04-29 15:10:27.521646+00:00", "RecordID": "262", "Level": "0", "UserID": "S-1-5-18"}
{"EventID": "1", "Channel": "Setup", "Provider_Name": "Microsoft-Windows-Servicing", "Computer": "DESKTOP-OFJ6N53", "TimeCreated": "2024-04-29 15:22:40.795971+00:00", "RecordID": "263", "Level": "0", "UserID": "S-1-5-18"}
{"EventID": "1", "Channel": "Setup", "Provider_Name": "Microsoft-Windows-Servicing", "Computer": "DESKTOP-OFJ6N53", "TimeCreated": "2024-05-15 06:51:51.017851+00:00", "RecordID": "264", "Level": "0", "UserID": "S-1-5-18"}
{"EventID": "2", "Channel": "Setup", "Provider_Name": "Microsoft-Windows-Servicing", "Computer": "DESKTOP-OFJ6N53", "TimeCreated": "2024-05-15 06:52:17.602100+00:00", "RecordID": "265", "Level": "0", "UserID": "S-1-5-18"}
{"EventID": "1", "Channel": "Setup", "Provider_Name": "Microsoft-Windows-Servicing", "Computer": "DESKTOP-OFJ6N53", "TimeCreated": "2024-05-15 07:06:54.953003+00:00", "RecordID": "266", "Level": "0", "UserID": "S-1-5-18"}
{"EventID": "4", "Channel": "Setup", "Provider_Name": "Microsoft-Windows-Servicing", "Computer": "DESKTOP-OFJ6N53", "TimeCreated": "2024-05-15 08:32:03.020226+00:00", "RecordID": "267", "Level": "0", "UserID": "S-1-5-18"}
{"EventID": "2", "Channel": "Setup", "Provider_Name": "Microsoft-Windows-Servicing", "Computer": "DESKTOP-OFJ6N53", "TimeCreated": "2024-05-15 13:39:30.196741+00:00", "RecordID": "268", "Level": "0", "UserID": "S-1-5-18"}
{"EventID": "1", "Channel": "Setup", "Provider_Name": "Microsoft-Windows-Servicing", "Computer": "DESKTOP-OFJ6N53", "TimeCreated": "2024-05-22 09:45:26.522491+00:00", "RecordID": "269", "Level": "0", "UserID": "S-1-5-18"}
{"EventID": "1", "Channel": "Setup", "Provider_Name": "Microsoft-Windows-Servicing", "Computer": "DESKTOP-OFJ6N53", "TimeCreated": "2024-06-11 17:24:37.858852+00:00", "RecordID": "270", "Level": "0", "UserID": "S-1-5-18"}
{"EventID": "1", "Channel": "Setup", "Provider_Name": "Microsoft-Windows-Servicing", "Computer": "DESKTOP-OFJ6N53", "TimeCreated": "2024-06-11 17:24:44.933691+00:00", "RecordID": "271", "Level": "0", "UserID": "S-1-5-18"}
{"EventID": "1", "Channel": "Setup", "Provider_Name": "Microsoft-Windows-Servicing", "Computer": "DESKTOP-OFJ6N53", "TimeCreated": "2024-06-11 17:24:48.541161+00:00", "RecordID": "272", "Level": "0", "UserID": "S-1-5-18"}
{"EventID": "1", "Channel": "Setup", "Provider_Name": "Microsoft-Windows-Servicing", "Computer": "DESKTOP-OFJ6N53", "TimeCreated": "2024-06-11 17:28:41.874743+00:00", "RecordID": "273", "Level": "0", "UserID": "S-1-5-18"}
{"EventID": "2", "Channel": "Setup", "Provider_Name": "Microsoft-Windows-Servicing", "Computer": "DESKTOP-OFJ6N53", "TimeCreated": "2024-06-11 17:28:49.184357+00:00", "RecordID": "274", "Level": "0", "UserID": "S-1-5-18"}
{"EventID": "1", "Channel": "Setup", "Provider_Name": "Microsoft-Windows-Servicing", "Computer": "DESKTOP-OFJ6N53", "TimeCreated": "2024-06-11 17:31:02.499121+00:00", "RecordID": "275", "Level": "0", "UserID": "S-1-5-18"}
{"EventID": "4", "Channel": "Setup", "Provider_Name": "Microsoft-Windows-Servicing", "Computer": "DESKTOP-OFJ6N53", "TimeCreated": "2024-06-11 17:44:28.745396+00:00", "RecordID": "276", "Level": "0", "UserID": "S-1-5-18"}
{"EventID": "2", "Channel": "Setup", "Provider_Name": "Microsoft-Windows-Servicing", "Computer": "DESKTOP-OFJ6N53", "TimeCreated": "2024-06-11 17:57:28.963951+00:00", "RecordID": "277", "Level": "0", "UserID": "S-1-5-18"}
{"EventID": "1", "Channel": "Setup", "Provider_Name": "Microsoft-Windows-Servicing", "Computer": "DESKTOP-OFJ6N53", "TimeCreated": "2024-06-12 09:58:36.252216+00:00", "RecordID": "278", "Level": "0", "UserID": "S-1-5-18"}
{"EventID": "1", "Channel": "Setup", "Provider_Name": "Microsoft-Windows-Servicing", "Computer": "DESKTOP-OFJ6N53", "TimeCreated": "2024-07-10 02:05:12.980602+00:00", "RecordID": "279", "Level": "0", "UserID": "S-1-5-18"}
{"EventID": "1", "Channel": "Setup", "Provider_Name": "Microsoft-Windows-Servicing", "Computer": "DESKTOP-OFJ6N53", "TimeCreated": "2024-07-10 02:05:53.622847+00:00", "RecordID": "280", "Level": "0", "UserID": "S-1-5-18"}
{"EventID": "2", "Channel": "Setup", "Provider_Name": "Microsoft-Windows-Servicing", "Computer": "DESKTOP-OFJ6N53", "TimeCreated": "2024-07-10 02:05:58.772392+00:00", "RecordID": "281", "Level": "0", "UserID": "S-1-5-18"}
{"EventID": "1", "Channel": "Setup", "Provider_Name": "Microsoft-Windows-Servicing", "Computer": "DESKTOP-OFJ6N53", "TimeCreated": "2024-07-10 02:06:21.773870+00:00", "RecordID": "282", "Level": "0", "UserID": "S-1-5-18"}
{"EventID": "4", "Channel": "Setup", "Provider_Name": "Microsoft-Windows-Servicing", "Computer": "DESKTOP-OFJ6N53", "TimeCreated": "2024-07-10 02:18:43.460686+00:00", "RecordID": "283", "Level": "0", "UserID": "S-1-5-18"}
{"EventID": "4", "Channel": "Setup", "Provider_Name": "Microsoft-Windows-Servicing", "Computer": "DESKTOP-OFJ6N53", "TimeCreated": "2024-07-10 14:31:45.785519+00:00", "RecordID": "284", "Level": "0", "UserID": "S-1-5-18"}
{"EventID": "2", "Channel": "Setup", "Provider_Name": "Microsoft-Windows-Servicing", "Computer": "DESKTOP-OFJ6N53", "TimeCreated": "2024-07-10 14:34:42.162285+00:00", "RecordID": "285", "Level": "0", "UserID": "S-1-5-18"}
{"EventID": "2", "Channel": "Setup", "Provider_Name": "Microsoft-Windows-Servicing", "Computer": "DESKTOP-OFJ6N53", "TimeCreated": "2024-07-10 14:34:42.604383+00:00", "RecordID": "286", "Level": "0", "UserID": "S-1-5-18"}
{"EventID": "1", "Channel": "Setup", "Provider_Name": "Microsoft-Windows-Servicing", "Computer": "DESKTOP-OFJ6N53", "TimeCreated": "2024-07-17 08:35:10.714428+00:00", "RecordID": "287", "Level": "0", "UserID": "S-1-5-18"}
{"EventID": "1", "Channel": "Setup", "Provider_Name": "Microsoft-Windows-Servicing", "Computer": "DESKTOP-OFJ6N53", "TimeCreated": "2024-08-13 23:30:04.750101+00:00", "RecordID": "288", "Level": "0", "UserID": "S-1-5-18"}
{"EventID": "1", "Channel": "Setup", "Provider_Name": "Microsoft-Windows-Servicing", "Computer": "DESKTOP-OFJ6N53", "TimeCreated": "2024-08-13 23:31:54.950525+00:00", "RecordID": "289", "Level": "0", "UserID": "S-1-5-18"}
{"EventID": "1", "Channel": "Setup", "Provider_Name": "Microsoft-Windows-Servicing", "Computer": "DESKTOP-OFJ6N53", "TimeCreated": "2024-08-13 23:31:55.244043+00:00", "RecordID": "290", "Level": "0", "UserID": "S-1-5-18"}
{"EventID": "1", "Channel": "Setup", "Provider_Name": "Microsoft-Windows-Servicing", "Computer": "DESKTOP-OFJ6N53", "TimeCreated": "2024-08-13 23:33:57.695765+00:00", "RecordID": "291", "Level": "0", "UserID": "S-1-5-18"}
{"EventID": "1", "Channel": "Setup", "Provider_Name": "Microsoft-Windows-Servicing", "Computer": "DESKTOP-OFJ6N53", "TimeCreated": "2024-08-13 23:38:20.295321+00:00", "RecordID": "292", "Level": "0", "UserID": "S-1-5-18"}
{"EventID": "2", "Channel": "Setup", "Provider_Name": "Microsoft-Windows-Servicing", "Computer": "DESKTOP-OFJ6N53", "TimeCreated": "2024-08-13 23:38:34.732929+00:00", "RecordID": "293", "Level": "0", "UserID": "S-1-5-18"}
{"EventID": "1", "Channel": "Setup", "Provider_Name": "Microsoft-Windows-Servicing", "Computer": "DESKTOP-OFJ6N53", "TimeCreated": "2024-08-13 23:38:49.727171+00:00", "RecordID": "294", "Level": "0", "UserID": "S-1-5-18"}
{"EventID": "4", "Channel": "Setup", "Provider_Name": "Microsoft-Windows-Servicing", "Computer": "DESKTOP-OFJ6N53", "TimeCreated": "2024-08-13 23:50:19.163218+00:00", "RecordID": "295", "Level": "0", "UserID": "S-1-5-18"}
{"EventID": "4", "Channel": "Setup", "Provider_Name": "Microsoft-Windows-Servicing", "Computer": "DESKTOP-OFJ6N53", "TimeCreated": "2024-08-14 00:08:41.677887+00:00", "RecordID": "296", "Level": "0", "UserID": "S-1-5-18"}
{"EventID": "2", "Channel": "Setup", "Provider_Name": "Microsoft-Windows-Servicing", "Computer": "DESKTOP-OFJ6N53", "TimeCreated": "2024-08-14 00:10:59.492395+00:00", "RecordID": "297", "Level": "0", "UserID": "S-1-5-18"}
{"EventID": "2", "Channel": "Setup", "Provider_Name": "Microsoft-Windows-Servicing", "Computer": "DESKTOP-OFJ6N53", "TimeCreated": "2024-08-14 00:11:00.206095+00:00", "RecordID": "298", "Level": "0", "UserID": "S-1-5-18"}
{"EventID": "1", "Channel": "Setup", "Provider_Name": "Microsoft-Windows-Servicing", "Computer": "DESKTOP-OFJ6N53", "TimeCreated": "2024-09-11 09:32:06.543779+00:00", "RecordID": "299", "Level": "0", "UserID": "S-1-5-18"}
{"EventID": "2", "Channel": "Setup", "Provider_Name": "Microsoft-Windows-Servicing", "Computer": "DESKTOP-OFJ6N53", "TimeCreated": "2024-09-11 09:32:11.158611+00:00", "RecordID": "300", "Level": "0", "UserID": "S-1-5-18"}
{"EventID": "1", "Channel": "Setup", "Provider_Name": "Microsoft-Windows-Servicing", "Computer": "DESKTOP-OFJ6N53", "TimeCreated": "2024-09-11 09:34:08.699587+00:00", "RecordID": "301", "Level": "0", "UserID": "S-1-5-18"}
{"EventID": "4", "Channel": "Setup", "Provider_Name": "Microsoft-Windows-Servicing", "Computer": "DESKTOP-OFJ6N53", "TimeCreated": "2024-09-11 09:43:43.361917+00:00", "RecordID": "302", "Level": "0", "UserID": "S-1-5-18"}
{"EventID": "2", "Channel": "Setup", "Provider_Name": "Microsoft-Windows-Servicing", "Computer": "DESKTOP-OFJ6N53", "TimeCreated": "2024-09-11 14:51:35.298000+00:00", "RecordID": "303", "Level": "0", "UserID": "S-1-5-18"}
{"EventID": "1", "Channel": "Setup", "Provider_Name": "Microsoft-Windows-Servicing", "Computer": "DESKTOP-OFJ6N53", "TimeCreated": "2024-09-18 08:52:33.695230+00:00", "RecordID": "304", "Level": "0", "UserID": "S-1-5-18"}
{"EventID": "1", "Channel": "Setup", "Provider_Name": "Microsoft-Windows-Servicing", "Computer": "DESKTOP-OFJ6N53", "TimeCreated": "2024-09-18 08:53:36.910620+00:00", "RecordID": "305", "Level": "0", "UserID": "S-1-5-18"}
{"EventID": "1", "Channel": "Setup", "Provider_Name": "Microsoft-Windows-Servicing", "Computer": "DESKTOP-OFJ6N53", "TimeCreated": "2024-10-08 19:36:44.376738+00:00", "RecordID": "306", "Level": "0", "UserID": "S-1-5-18"}
{"EventID": "1", "Channel": "Setup", "Provider_Name": "Microsoft-Windows-Servicing", "Computer": "DESKTOP-OFJ6N53", "TimeCreated": "2024-10-08 19:37:13.455976+00:00", "RecordID": "307", "Level": "0", "UserID": "S-1-5-18"}
{"EventID": "2", "Channel": "Setup", "Provider_Name": "Microsoft-Windows-Servicing", "Computer": "DESKTOP-OFJ6N53", "TimeCreated": "2024-10-08 19:37:17.506809+00:00", "RecordID": "308", "Level": "0", "UserID": "S-1-5-18"}
{"EventID": "1", "Channel": "Setup", "Provider_Name": "Microsoft-Windows-Servicing", "Computer": "DESKTOP-OFJ6N53", "TimeCreated": "2024-10-08 19:37:38.684774+00:00", "RecordID": "309", "Level": "0", "UserID": "S-1-5-18"}
{"EventID": "4", "Channel": "Setup", "Provider_Name": "Microsoft-Windows-Servicing", "Computer": "DESKTOP-OFJ6N53", "TimeCreated": "2024-10-08 19:46:55.108086+00:00", "RecordID": "310", "Level": "0", "UserID": "S-1-5-18"}
{"EventID": "4", "Channel": "Setup", "Provider_Name": "Microsoft-Windows-Servicing", "Computer": "DESKTOP-OFJ6N53", "TimeCreated": "2024-10-08 20:24:23.963285+00:00", "RecordID": "311", "Level": "0", "UserID": "S-1-5-18"}
{"EventID": "2", "Channel": "Setup", "Provider_Name": "Microsoft-Windows-Servicing", "Computer": "DESKTOP-OFJ6N53", "TimeCreated": "2024-10-08 20:26:06.212593+00:00", "RecordID": "312", "Level": "0", "UserID": "S-1-5-18"}
{"EventID": "2", "Channel": "Setup", "Provider_Name": "Microsoft-Windows-Servicing", "Computer": "DESKTOP-OFJ6N53", "TimeCreated": "2024-10-08 20:26:06.636152+00:00", "RecordID": "313", "Level": "0", "UserID": "S-1-5-18"}
{"EventID": "1", "Channel": "Setup", "Provider_Name": "Microsoft-Windows-Servicing", "Computer": "DESKTOP-OFJ6N53", "TimeCreated": "2024-10-09 08:26:20.261879+00:00", "RecordID": "314", "Level": "0", "UserID": "S-1-5-18"}
{"EventID": "1", "Channel": "Setup", "Provider_Name": "Microsoft-Windows-Servicing", "Computer": "DESKTOP-OFJ6N53", "TimeCreated": "2024-11-13 13:16:26.344955+00:00", "RecordID": "315", "Level": "0", "UserID": "S-1-5-18"}
{"EventID": "1", "Channel": "Setup", "Provider_Name": "Microsoft-Windows-Servicing", "Computer": "DESKTOP-OFJ6N53", "TimeCreated": "2024-11-13 13:17:40.257240+00:00", "RecordID": "316", "Level": "0", "UserID": "S-1-5-18"}
{"EventID": "1", "Channel": "Setup", "Provider_Name": "Microsoft-Windows-Servicing", "Computer": "DESKTOP-OFJ6N53", "TimeCreated": "2024-11-13 13:19:28.558483+00:00", "RecordID": "317", "Level": "0", "UserID": "S-1-5-18"}
{"EventID": "1", "Channel": "Setup", "Provider_Name": "Microsoft-Windows-Servicing", "Computer": "DESKTOP-OFJ6N53", "TimeCreated": "2024-11-13 13:21:50.395834+00:00", "RecordID": "318", "Level": "0", "UserID": "S-1-5-18"}
{"EventID": "2", "Channel": "Setup", "Provider_Name": "Microsoft-Windows-Servicing", "Computer": "DESKTOP-OFJ6N53", "TimeCreated": "2024-11-13 13:21:59.514999+00:00", "RecordID": "319", "Level": "0", "UserID": "S-1-5-18"}
{"EventID": "1", "Channel": "Setup", "Provider_Name": "Microsoft-Windows-Servicing", "Computer": "DESKTOP-OFJ6N53", "TimeCreated": "2024-11-13 13:22:13.695858+00:00", "RecordID": "320", "Level": "0", "UserID": "S-1-5-18"}
{"EventID": "4", "Channel": "Setup", "Provider_Name": "Microsoft-Windows-Servicing", "Computer": "DESKTOP-OFJ6N53", "TimeCreated": "2024-11-13 13:31:21.409069+00:00", "RecordID": "321", "Level": "0", "UserID": "S-1-5-18"}
{"EventID": "4", "Channel": "Setup", "Provider_Name": "Microsoft-Windows-Servicing", "Computer": "DESKTOP-OFJ6N53", "TimeCreated": "2024-11-13 14:43:36.453341+00:00", "RecordID": "322", "Level": "0", "UserID": "S-1-5-18"}
{"EventID": "2", "Channel": "Setup", "Provider_Name": "Microsoft-Windows-Servicing", "Computer": "DESKTOP-OFJ6N53", "TimeCreated": "2024-11-13 14:46:05.078070+00:00", "RecordID": "323", "Level": "0", "UserID": "S-1-5-18"}
{"EventID": "2", "Channel": "Setup", "Provider_Name": "Microsoft-Windows-Servicing", "Computer": "DESKTOP-OFJ6N53", "TimeCreated": "2024-11-13 14:46:06.323553+00:00", "RecordID": "324", "Level": "0", "UserID": "S-1-5-18"}
{"EventID": "1", "Channel": "Setup", "Provider_Name": "Microsoft-Windows-Servicing", "Computer": "DESKTOP-OFJ6N53", "TimeCreated": "2024-12-11 03:26:35.520262+00:00", "RecordID": "325", "Level": "0", "UserID": "S-1-5-18"}
{"EventID": "4", "Channel": "Setup", "Provider_Name": "Microsoft-Windows-Servicing", "Computer": "DESKTOP-OFJ6N53", "TimeCreated": "2024-12-11 03:35:29.433514+00:00", "RecordID": "326", "Level": "0", "UserID": "S-1-5-18"}
{"EventID": "2", "Channel": "Setup", "Provider_Name": "Microsoft-Windows-Servicing", "Computer": "DESKTOP-OFJ6N53", "TimeCreated": "2024-12-11 15:06:48.944901+00:00", "RecordID": "327", "Level": "0", "UserID": "S-1-5-18"}
{"EventID": "1", "Channel": "Setup", "Provider_Name": "Microsoft-Windows-Servicing", "Computer": "DESKTOP-OFJ6N53", "TimeCreated": "2024-12-18 09:07:40.962923+00:00", "RecordID": "328", "Level": "0", "UserID": "S-1-5-18"}
{"EventID": "1", "Channel": "Setup", "Provider_Name": "Microsoft-Windows-Servicing", "Computer": "DESKTOP-OFJ6N53", "TimeCreated": "2024-12-18 09:08:40.776426+00:00", "RecordID": "329", "Level": "0", "UserID": "S-1-5-18"}
{"EventID": "1", "Channel": "Setup", "Provider_Name": "Microsoft-Windows-Servicing", "Computer": "DESKTOP-OFJ6N53", "TimeCreated": "2025-01-14 22:32:53.752489+00:00", "RecordID": "330", "Level": "0", "UserID": "S-1-5-18"}
{"EventID": "1", "Channel": "Setup", "Provider_Name": "Microsoft-Windows-Servicing", "Computer": "DESKTOP-OFJ6N53", "TimeCreated": "2025-01-14 22:35:03.683880+00:00", "RecordID": "331", "Level": "0", "UserID": "S-1-5-18"}
{"EventID": "1", "Channel": "Setup", "Provider_Name": "Microsoft-Windows-Servicing", "Computer": "DESKTOP-OFJ6N53", "TimeCreated": "2025-01-14 22:37:14.908527+00:00", "RecordID": "332", "Level": "0", "UserID": "S-1-5-18"}
{"EventID": "2", "Channel": "Setup", "Provider_Name": "Microsoft-Windows-Servicing", "Computer": "DESKTOP-OFJ6N53", "TimeCreated": "2025-01-14 22:37:23.683594+00:00", "RecordID": "333", "Level": "0", "UserID": "S-1-5-18"}
{"EventID": "1", "Channel": "Setup", "Provider_Name": "Microsoft-Windows-Servicing", "Computer": "DESKTOP-OFJ6N53", "TimeCreated": "2025-01-14 22:37:35.223524+00:00", "RecordID": "334", "Level": "0", "UserID": "S-1-5-18"}
{"EventID": "4", "Channel": "Setup", "Provider_Name": "Microsoft-Windows-Servicing", "Computer": "DESKTOP-OFJ6N53", "TimeCreated": "2025-01-14 22:45:02.653191+00:00", "RecordID": "335", "Level": "0", "UserID": "S-1-5-18"}
{"EventID": "4", "Channel": "Setup", "Provider_Name": "Microsoft-Windows-Servicing", "Computer": "DESKTOP-OFJ6N53", "TimeCreated": "2025-01-14 23:20:43.333530+00:00", "RecordID": "336", "Level": "0", "UserID": "S-1-5-18"}
{"EventID": "2", "Channel": "Setup", "Provider_Name": "Microsoft-Windows-Servicing", "Computer": "DESKTOP-OFJ6N53", "TimeCreated": "2025-01-14 23:23:26.778658+00:00", "RecordID": "337", "Level": "0", "UserID": "S-1-5-18"}
{"EventID": "2", "Channel": "Setup", "Provider_Name": "Microsoft-Windows-Servicing", "Computer": "DESKTOP-OFJ6N53", "TimeCreated": "2025-01-14 23:23:27.966600+00:00", "RecordID": "338", "Level": "0", "UserID": "S-1-5-18"}
{"EventID": "1", "Channel": "Setup", "Provider_Name": "Microsoft-Windows-Servicing", "Computer": "DESKTOP-OFJ6N53", "TimeCreated": "2025-02-12 08:43:38.646402+00:00", "RecordID": "339", "Level": "0", "UserID": "S-1-5-18"}
{"EventID": "2", "Channel": "Setup", "Provider_Name": "Microsoft-Windows-Servicing", "Computer": "DESKTOP-OFJ6N53", "TimeCreated": "2025-02-12 08:43:45.393606+00:00", "RecordID": "340", "Level": "0", "UserID": "S-1-5-18"}
{"EventID": "1", "Channel": "Setup", "Provider_Name": "Microsoft-Windows-Servicing", "Computer": "DESKTOP-OFJ6N53", "TimeCreated": "2025-02-12 08:45:56.861385+00:00", "RecordID": "341", "Level": "0", "UserID": "S-1-5-18"}
{"EventID": "4", "Channel": "Setup", "Provider_Name": "Microsoft-Windows-Servicing", "Computer": "DESKTOP-OFJ6N53", "TimeCreated": "2025-02-12 08:56:22.442778+00:00", "RecordID": "342", "Level": "0", "UserID": "S-1-5-18"}
{"EventID": "2", "Channel": "Setup", "Provider_Name": "Microsoft-Windows-Servicing", "Computer": "DESKTOP-OFJ6N53", "TimeCreated": "2025-02-12 14:55:12.065218+00:00", "RecordID": "343", "Level": "0", "UserID": "S-1-5-18"}
{"EventID": "1", "Channel": "Setup", "Provider_Name": "Microsoft-Windows-Servicing", "Computer": "DESKTOP-OFJ6N53", "TimeCreated": "2025-02-19 08:57:02.872375+00:00", "RecordID": "344", "Level": "0", "UserID": "S-1-5-18"}
{"EventID": "1", "Channel": "Setup", "Provider_Name": "Microsoft-Windows-Servicing", "Computer": "DESKTOP-OFJ6N53", "TimeCreated": "2025-02-19 08:58:15.506327+00:00", "RecordID": "345", "Level": "0", "UserID": "S-1-5-18"}
{"EventID": "1", "Channel": "Setup", "Provider_Name": "Microsoft-Windows-Servicing", "Computer": "DESKTOP-OFJ6N53", "TimeCreated": "2025-03-11 19:36:02.426710+00:00", "RecordID": "346", "Level": "0", "UserID": "S-1-5-18"}
{"EventID": "2", "Channel": "Setup", "Provider_Name": "Microsoft-Windows-Servicing", "Computer": "DESKTOP-OFJ6N53", "TimeCreated": "2025-03-11 19:36:08.854200+00:00", "RecordID": "347", "Level": "0", "UserID": "S-1-5-18"}
{"EventID": "1", "Channel": "Setup", "Provider_Name": "Microsoft-Windows-Servicing", "Computer": "DESKTOP-OFJ6N53", "TimeCreated": "2025-03-11 19:38:51.645348+00:00", "RecordID": "348", "Level": "0", "UserID": "S-1-5-18"}
{"EventID": "4", "Channel": "Setup", "Provider_Name": "Microsoft-Windows-Servicing", "Computer": "DESKTOP-OFJ6N53", "TimeCreated": "2025-03-11 19:52:34.149416+00:00", "RecordID": "349", "Level": "0", "UserID": "S-1-5-18"}
{"EventID": "2", "Channel": "Setup", "Provider_Name": "Microsoft-Windows-Servicing", "Computer": "DESKTOP-OFJ6N53", "TimeCreated": "2025-03-11 20:19:18.154213+00:00", "RecordID": "350", "Level": "0", "UserID": "S-1-5-18"}
{"EventID": "1", "Channel": "Setup", "Provider_Name": "Microsoft-Windows-Servicing", "Computer": "DESKTOP-OFJ6N53", "TimeCreated": "2025-03-12 08:41:22.334139+00:00", "RecordID": "351", "Level": "0", "UserID": "S-1-5-18"}
{"EventID": "1", "Channel": "Setup", "Provider_Name": "Microsoft-Windows-Servicing", "Computer": "DESKTOP-OFJ6N53", "TimeCreated": "2025-04-09 05:28:11.767139+00:00", "RecordID": "352", "Level": "0", "UserID": "S-1-5-18"}
{"EventID": "1", "Channel": "Setup", "Provider_Name": "Microsoft-Windows-Servicing", "Computer": "DESKTOP-OFJ6N53", "TimeCreated": "2025-04-09 05:30:58.349373+00:00", "RecordID": "353", "Level": "0", "UserID": "S-1-5-18"}
{"EventID": "2", "Channel": "Setup", "Provider_Name": "Microsoft-Windows-Servicing", "Computer": "DESKTOP-OFJ6N53", "TimeCreated": "2025-04-09 05:31:07.340162+00:00", "RecordID": "354", "Level": "0", "UserID": "S-1-5-18"}
{"EventID": "1", "Channel": "Setup", "Provider_Name": "Microsoft-Windows-Servicing", "Computer": "DESKTOP-OFJ6N53", "TimeCreated": "2025-04-09 05:31:50.211979+00:00", "RecordID": "355", "Level": "0", "UserID": "S-1-5-18"}
{"EventID": "4", "Channel": "Setup", "Provider_Name": "Microsoft-Windows-Servicing", "Computer": "DESKTOP-OFJ6N53", "TimeCreated": "2025-04-09 05:52:37.257597+00:00", "RecordID": "356", "Level": "0", "UserID": "S-1-5-18"}
{"EventID": "4", "Channel": "Setup", "Provider_Name": "Microsoft-Windows-Servicing", "Computer": "DESKTOP-OFJ6N53", "TimeCreated": "2025-04-09 14:33:36.518707+00:00", "RecordID": "357", "Level": "0", "UserID": "S-1-5-18"}
{"EventID": "2", "Channel": "Setup", "Provider_Name": "Microsoft-Windows-Servicing", "Computer": "DESKTOP-OFJ6N53", "TimeCreated": "2025-04-09 14:36:52.630480+00:00", "RecordID": "358", "Level": "0", "UserID": "S-1-5-18"}
{"EventID": "2", "Channel": "Setup", "Provider_Name": "Microsoft-Windows-Servicing", "Computer": "DESKTOP-OFJ6N53", "TimeCreated": "2025-04-09 14:36:53.822733+00:00", "RecordID": "359", "Level": "0", "UserID": "S-1-5-18"}
{"EventID": "1", "Channel": "Setup", "Provider_Name": "Microsoft-Windows-Servicing", "Computer": "DESKTOP-OFJ6N53", "TimeCreated": "2025-04-16 08:37:09.965977+00:00", "RecordID": "360", "Level": "0", "UserID": "S-1-5-18"}
{"EventID": "1", "Channel": "Setup", "Provider_Name": "Microsoft-Windows-Servicing", "Computer": "DESKTOP-OFJ6N53", "TimeCreated": "2025-04-23 00:17:44.120825+00:00", "RecordID": "361", "Level": "0", "UserID": "S-1-5-18"}
{"EventID": "4", "Channel": "Setup", "Provider_Name": "Microsoft-Windows-Servicing", "Computer": "DESKTOP-OFJ6N53", "TimeCreated": "2025-04-23 00:39:12.113245+00:00", "RecordID": "362", "Level": "0", "UserID": "S-1-5-18"}
{"EventID": "2", "Channel": "Setup", "Provider_Name": "Microsoft-Windows-Servicing", "Computer": "DESKTOP-OFJ6N53", "TimeCreated": "2025-04-23 00:40:35.099104+00:00", "RecordID": "363", "Level": "0", "UserID": "S-1-5-18"}
{"EventID": "1", "Channel": "Setup", "Provider_Name": "Microsoft-Windows-Servicing", "Computer": "DESKTOP-OFJ6N53", "TimeCreated": "2025-05-14 02:39:49.202026+00:00", "RecordID": "364", "Level": "0", "UserID": "S-1-5-18"}
{"EventID": "1", "Channel": "Setup", "Provider_Name": "Microsoft-Windows-Servicing", "Computer": "DESKTOP-OFJ6N53", "TimeCreated": "2025-05-14 02:44:39.612993+00:00", "RecordID": "365", "Level": "0", "UserID": "S-1-5-18"}
{"EventID": "2", "Channel": "Setup", "Provider_Name": "Microsoft-Windows-Servicing", "Computer": "DESKTOP-OFJ6N53", "TimeCreated": "2025-05-14 02:44:58.104914+00:00", "RecordID": "366", "Level": "0", "UserID": "S-1-5-18"}
{"EventID": "1", "Channel": "Setup", "Provider_Name": "Microsoft-Windows-Servicing", "Computer": "DESKTOP-OFJ6N53", "TimeCreated": "2025-05-14 02:46:46.352549+00:00", "RecordID": "367", "Level": "0", "UserID": "S-1-5-18"}
{"EventID": "4", "Channel": "Setup", "Provider_Name": "Microsoft-Windows-Servicing", "Computer": "DESKTOP-OFJ6N53", "TimeCreated": "2025-05-14 03:00:57.213587+00:00", "RecordID": "368", "Level": "0", "UserID": "S-1-5-18"}
{"EventID": "2", "Channel": "Setup", "Provider_Name": "Microsoft-Windows-Servicing", "Computer": "DESKTOP-OFJ6N53", "TimeCreated": "2025-05-14 14:43:32.017200+00:00", "RecordID": "369", "Level": "0", "UserID": "S-1-5-18"}
{"EventID": "1", "Channel": "Setup", "Provider_Name": "Microsoft-Windows-Servicing", "Computer": "DESKTOP-OFJ6N53", "TimeCreated": "2025-06-11 10:05:22.466976+00:00", "RecordID": "370", "Level": "0", "UserID": "S-1-5-18"}
{"EventID": "1", "Channel": "Setup", "Provider_Name": "Microsoft-Windows-Servicing", "Computer": "DESKTOP-OFJ6N53", "TimeCreated": "2025-06-11 10:05:30.535717+00:00", "RecordID": "371", "Level": "0", "UserID": "S-1-5-18"}
{"EventID": "1", "Channel": "Setup", "Provider_Name": "Microsoft-Windows-Servicing", "Computer": "DESKTOP-OFJ6N53", "TimeCreated": "2025-06-11 10:09:35.830179+00:00", "RecordID": "372", "Level": "0", "UserID": "S-1-5-18"}
{"EventID": "2", "Channel": "Setup", "Provider_Name": "Microsoft-Windows-Servicing", "Computer": "DESKTOP-OFJ6N53", "TimeCreated": "2025-06-11 10:09:40.385414+00:00", "RecordID": "373", "Level": "0", "UserID": "S-1-5-18"}
{"EventID": "1", "Channel": "Setup", "Provider_Name": "Microsoft-Windows-Servicing", "Computer": "DESKTOP-OFJ6N53", "TimeCreated": "2025-06-11 10:11:28.935381+00:00", "RecordID": "374", "Level": "0", "UserID": "S-1-5-18"}
{"EventID": "4", "Channel": "Setup", "Provider_Name": "Microsoft-Windows-Servicing", "Computer": "DESKTOP-OFJ6N53", "TimeCreated": "2025-06-11 10:21:36.683445+00:00", "RecordID": "375", "Level": "0", "UserID": "S-1-5-18"}
{"EventID": "2", "Channel": "Setup", "Provider_Name": "Microsoft-Windows-Servicing", "Computer": "DESKTOP-OFJ6N53", "TimeCreated": "2025-06-11 14:46:45.730532+00:00", "RecordID": "376", "Level": "0", "UserID": "S-1-5-18"}
{"EventID": "1", "Channel": "Setup", "Provider_Name": "Microsoft-Windows-Servicing", "Computer": "DESKTOP-OFJ6N53", "TimeCreated": "2025-06-18 08:47:22.383499+00:00", "RecordID": "377", "Level": "0", "UserID": "S-1-5-18"}
{"EventID": "1", "Channel": "Setup", "Provider_Name": "Microsoft-Windows-Servicing", "Computer": "DESKTOP-OFJ6N53", "TimeCreated": "2025-07-09 11:33:14.829439+00:00", "RecordID": "378", "Level": "0", "UserID": "S-1-5-18"}
{"EventID": "2", "Channel": "Setup", "Provider_Name": "Microsoft-Windows-Servicing", "Computer": "DESKTOP-OFJ6N53", "TimeCreated": "2025-07-09 11:33:21.780453+00:00", "RecordID": "379", "Level": "0", "UserID": "S-1-5-18"}
{"EventID": "1", "Channel": "Setup", "Provider_Name": "Microsoft-Windows-Servicing", "Computer": "DESKTOP-OFJ6N53", "TimeCreated": "2025-07-09 11:36:25.639349+00:00", "RecordID": "380", "Level": "0", "UserID": "S-1-5-18"}
{"EventID": "4", "Channel": "Setup", "Provider_Name": "Microsoft-Windows-Servicing", "Computer": "DESKTOP-OFJ6N53", "TimeCreated": "2025-07-09 11:50:07.744381+00:00", "RecordID": "381", "Level": "0", "UserID": "S-1-5-18"}
{"EventID": "2", "Channel": "Setup", "Provider_Name": "Microsoft-Windows-Servicing", "Computer": "DESKTOP-OFJ6N53", "TimeCreated": "2025-07-09 14:41:01.492842+00:00", "RecordID": "382", "Level": "0", "UserID": "S-1-5-18"}
{"EventID": "1", "Channel": "Setup", "Provider_Name": "Microsoft-Windows-Servicing", "Computer": "DESKTOP-OFJ6N53", "TimeCreated": "2025-07-16 08:42:25.332739+00:00", "RecordID": "383", "Level": "0", "UserID": "S-1-5-18"}
{"EventID": "1", "Channel": "Setup", "Provider_Name": "Microsoft-Windows-Servicing", "Computer": "DESKTOP-OFJ6N53", "TimeCreated": "2025-08-13 12:47:38.089373+00:00", "RecordID": "384", "Level": "0", "UserID": "S-1-5-18"}
{"EventID": "1", "Channel": "Setup", "Provider_Name": "Microsoft-Windows-Servicing", "Computer": "DESKTOP-OFJ6N53", "TimeCreated": "2025-08-13 13:11:09.457138+00:00", "RecordID": "385", "Level": "0", "UserID": "S-1-5-18"}
{"EventID": "2", "Channel": "Setup", "Provider_Name": "Microsoft-Windows-Servicing", "Computer": "DESKTOP-OFJ6N53", "TimeCreated": "2025-08-13 13:11:25.156897+00:00", "RecordID": "386", "Level": "0", "UserID": "S-1-5-18"}
{"EventID": "1", "Channel": "Setup", "Provider_Name": "Microsoft-Windows-Servicing", "Computer": "DESKTOP-OFJ6N53", "TimeCreated": "2025-08-13 13:15:38.469389+00:00", "RecordID": "387", "Level": "0", "UserID": "S-1-5-18"}
{"EventID": "4", "Channel": "Setup", "Provider_Name": "Microsoft-Windows-Servicing", "Computer": "DESKTOP-OFJ6N53", "TimeCreated": "2025-08-13 13:35:26.316681+00:00", "RecordID": "388", "Level": "0", "UserID": "S-1-5-18"}
{"EventID": "2", "Channel": "Setup", "Provider_Name": "Microsoft-Windows-Servicing", "Computer": "DESKTOP-OFJ6N53", "TimeCreated": "2025-08-13 14:41:51.391136+00:00", "RecordID": "389", "Level": "0", "UserID": "S-1-5-18"}
