{"EventID": "1", "Channel": "Setup", "Provider_Name": "Microsoft-Windows-Servicing", "Computer": "DESKTOP-OFJ6N53", "TimeCreated": "2022-02-24 15:08:07.309387+00:00", "RecordID": "1", "Level": "0", "UserID": "S-1-5-18"}
{"EventID": "1", "Channel": "Setup", "Provider_Name": "Microsoft-Windows-Servicing", "Computer": "DESKTOP-OFJ6N53", "TimeCreated": "2022-02-24 15:11:15.476843+00:00", "RecordID": "2", "Level": "0", "UserID": "S-1-5-18"}
{"EventID": "2", "Channel": "Setup", "Provider_Name": "Microsoft-Windows-Servicing", "Computer": "DESKTOP-OFJ6N53", "TimeCreated": "2022-02-24 15:11:25.949911+00:00", "RecordID": "3", "Level": "0", "UserID": "S-1-5-18"}
{"EventID": "1", "Channel": "Setup", "Provider_Name": "Microsoft-Windows-Servicing", "Computer": "DESKTOP-OFJ6N53", "TimeCreated": "2022-02-24 15:11:50.811941+00:00", "RecordID": "4", "Level": "0", "UserID": "S-1-5-18"}
{"EventID": "4", "Channel": "Setup", "Provider_Name": "Microsoft-Windows-Servicing", "Computer": "DESKTOP-OFJ6N53", "TimeCreated": "2022-02-24 15:26:30.958933+00:00", "RecordID": "5", "Level": "0", "UserID": "S-1-5-18"}
{"EventID": "4", "Channel": "Setup", "Provider_Name": "Microsoft-Windows-Servicing", "Computer": "DESKTOP-OFJ6N53", "TimeCreated": "2022-02-24 21:27:34.146299+00:00", "RecordID": "6", "Level": "0", "UserID": "S-1-5-18"}
{"EventID": "2", "Channel": "Setup", "Provider_Name": "Microsoft-Windows-Servicing", "Computer": "DESKTOP-OFJ6N53", "TimeCreated": "2022-02-24 21:43:36.421139+00:00", "RecordID": "7", "Level": "0", "UserID": "S-1-5-18"}
{"EventID": "2", "Channel": "Setup", "Provider_Name": "Microsoft-Windows-Servicing", "Computer": "DESKTOP-OFJ6N53", "TimeCreated": "2022-02-24 21:43:36.571127+00:00", "RecordID": "8", "Level": "0", "UserID": "S-1-5-18"}
{"EventID": "8", "Channel": "Setup", "Provider_Name": "Microsoft-Windows-Servicing", "Computer": "DESKTOP-OFJ6N53", "TimeCreated": "2022-02-25 09:56:43.657093+00:00", "RecordID": "9", "Level": "0", "UserID": "S-1-5-18"}
{"EventID": "10", "Channel": "Setup", "Provider_Name": "Microsoft-Windows-Servicing", "Computer": "DESKTOP-OFJ6N53", "TimeCreated": "2022-02-25 09:57:01.843323+00:00", "RecordID": "10", "Level": "0", "UserID": "S-1-5-18"}
{"EventID": "1", "Channel": "Setup", "Provider_Name": "Microsoft-Windows-Servicing", "Computer": "DESKTOP-OFJ6N53", "TimeCreated": "2022-03-03 16:12:04.650175+00:00", "RecordID": "11", "Level": "0", "UserID": "S-1-5-18"}
{"EventID": "2", "Channel": "Setup", "Provider_Name": "Microsoft-Windows-Servicing", "Computer": "DESKTOP-OFJ6N53", "TimeCreated": "2022-03-03 16:12:35.364862+00:00", "RecordID": "12", "Level": "0", "UserID": "S-1-5-18"}
{"EventID": "7", "Channel": "Setup", "Provider_Name": "Microsoft-Windows-Servicing", "Computer": "DESKTOP-OFJ6N53", "TimeCreated": "2022-03-09 10:40:49.213087+00:00", "RecordID": "13", "Level": "0", "UserID": "S-1-5-18"}
{"EventID": "9", "Channel": "Setup", "Provider_Name": "Microsoft-Windows-Servicing", "Computer": "DESKTOP-OFJ6N53", "TimeCreated": "2022-03-09 10:40:52.129856+00:00", "RecordID": "14", "Level": "0", "UserID": "S-1-5-18"}
{"EventID": "1", "Channel": "Setup", "Provider_Name": "Microsoft-Windows-Servicing", "Computer": "DESKTOP-OFJ6N53", "TimeCreated": "2022-03-10 15:54:34.890806+00:00", "RecordID": "15", "Level": "0", "UserID": "S-1-5-18"}
{"EventID": "4", "Channel": "Setup", "Provider_Name": "Microsoft-Windows-Servicing", "Computer": "DESKTOP-OFJ6N53", "TimeCreated": "2022-03-10 16:02:54.851618+00:00", "RecordID": "16", "Level": "0", "UserID": "S-1-5-18"}
{"EventID": "2", "Channel": "Setup", "Provider_Name": "Microsoft-Windows-Servicing", "Computer": "DESKTOP-OFJ6N53", "TimeCreated": "2022-03-10 16:25:24.638521+00:00", "RecordID": "17", "Level": "0", "UserID": "S-1-5-18"}
{"EventID": "1", "Channel": "Setup", "Provider_Name": "Microsoft-Windows-Servicing", "Computer": "DESKTOP-OFJ6N53", "TimeCreated": "2022-04-13 11:51:39.937239+00:00", "RecordID": "18", "Level": "0", "UserID": "S-1-5-18"}
{"EventID": "1", "Channel": "Setup", "Provider_Name": "Microsoft-Windows-Servicing", "Computer": "DESKTOP-OFJ6N53", "TimeCreated": "2022-04-13 11:55:26.871058+00:00", "RecordID": "19", "Level": "0", "UserID": "S-1-5-18"}
{"EventID": "1", "Channel": "Setup", "Provider_Name": "Microsoft-Windows-Servicing", "Computer": "DESKTOP-OFJ6N53", "TimeCreated": "2022-04-13 11:56:16.655067+00:00", "RecordID": "20", "Level": "0", "UserID": "S-1-5-18"}
{"EventID": "1", "Channel": "Setup", "Provider_Name": "Microsoft-Windows-Servicing", "Computer": "DESKTOP-OFJ6N53", "TimeCreated": "2022-04-13 11:56:16.929193+00:00", "RecordID": "21", "Level": "0", "UserID": "S-1-5-18"}
{"EventID": "1", "Channel": "Setup", "Provider_Name": "Microsoft-Windows-Servicing", "Computer": "DESKTOP-OFJ6N53", "TimeCreated": "2022-04-13 11:57:32.296700+00:00", "RecordID": "22", "Level": "0", "UserID": "S-1-5-18"}
{"EventID": "2", "Channel": "Setup", "Provider_Name": "Microsoft-Windows-Servicing", "Computer": "DESKTOP-OFJ6N53", "TimeCreated": "2022-04-13 12:06:13.099974+00:00", "RecordID": "23", "Level": "0", "UserID": "S-1-5-18"}
{"EventID": "1", "Channel": "Setup", "Provider_Name": "Microsoft-Windows-Servicing", "Computer": "DESKTOP-OFJ6N53", "TimeCreated": "2022-04-13 12:11:44.893778+00:00", "RecordID": "24", "Level": "0", "UserID": "S-1-5-18"}
{"EventID": "2", "Channel": "Setup", "Provider_Name": "Microsoft-Windows-Servicing", "Computer": "DESKTOP-OFJ6N53", "TimeCreated": "2022-04-13 12:11:55.365301+00:00", "RecordID": "25", "Level": "0", "UserID": "S-1-5-18"}
{"EventID": "1", "Channel": "Setup", "Provider_Name": "Microsoft-Windows-Servicing", "Computer": "DESKTOP-OFJ6N53", "TimeCreated": "2022-04-13 12:13:26.532400+00:00", "RecordID": "26", "Level": "0", "UserID": "S-1-5-18"}
{"EventID": "4", "Channel": "Setup", "Provider_Name": "Microsoft-Windows-Servicing", "Computer": "DESKTOP-OFJ6N53", "TimeCreated": "2022-04-13 12:26:58.621321+00:00", "RecordID": "27", "Level": "0", "UserID": "S-1-5-18"}
{"EventID": "2", "Channel": "Setup", "Provider_Name": "Microsoft-Windows-Servicing", "Computer": "DESKTOP-OFJ6N53", "TimeCreated": "2022-04-13 14:34:51.993013+00:00", "RecordID": "28", "Level": "0", "UserID": "S-1-5-18"}
{"EventID": "1", "Channel": "Setup", "Provider_Name": "Microsoft-Windows-Servicing", "Computer": "DESKTOP-OFJ6N53", "TimeCreated": "2022-04-28 20:16:25.852478+00:00", "RecordID": "29", "Level": "0", "UserID": "S-1-5-18"}
{"EventID": "2", "Channel": "Setup", "Provider_Name": "Microsoft-Windows-Servicing", "Computer": "DESKTOP-OFJ6N53", "TimeCreated": "2022-04-28 21:42:19.059765+00:00", "RecordID": "30", "Level": "0", "UserID": "S-1-5-18"}
{"EventID": "1", "Channel": "Setup", "Provider_Name": "Microsoft-Windows-Servicing", "Computer": "DESKTOP-OFJ6N53", "TimeCreated": "2022-05-10 23:07:35.430382+00:00", "RecordID": "31", "Level": "0", "UserID": "S-1-5-18"}
{"EventID": "1", "Channel": "Setup", "Provider_Name": "Microsoft-Windows-Servicing", "Computer": "DESKTOP-OFJ6N53", "TimeCreated": "2022-05-10 23:08:04.276356+00:00", "RecordID": "32", "Level": "0", "UserID": "S-1-5-18"}
{"EventID": "2", "Channel": "Setup", "Provider_Name": "Microsoft-Windows-Servicing", "Computer": "DESKTOP-OFJ6N53", "TimeCreated": "2022-05-10 23:08:13.244194+00:00", "RecordID": "33", "Level": "0", "UserID": "S-1-5-18"}
{"EventID": "1", "Channel": "Setup", "Provider_Name": "Microsoft-Windows-Servicing", "Computer": "DESKTOP-OFJ6N53", "TimeCreated": "2022-05-10 23:08:35.939096+00:00", "RecordID": "34", "Level": "0", "UserID": "S-1-5-18"}
{"EventID": "4", "Channel": "Setup", "Provider_Name": "Microsoft-Windows-Servicing", "Computer": "DESKTOP-OFJ6N53", "TimeCreated": "2022-05-10 23:19:57.148506+00:00", "RecordID": "35", "Level": "0", "UserID": "S-1-5-18"}
{"EventID": "4", "Channel": "Setup", "Provider_Name": "Microsoft-Windows-Servicing", "Computer": "DESKTOP-OFJ6N53", "TimeCreated": "2022-05-10 23:31:31.806116+00:00", "RecordID": "36", "Level": "0", "UserID": "S-1-5-18"}
{"EventID": "2", "Channel": "Setup", "Provider_Name": "Microsoft-Windows-Servicing", "Computer": "DESKTOP-OFJ6N53", "TimeCreated": "2022-05-10 23:33:39.315472+00:00", "RecordID": "37", "Level": "0", "UserID": "S-1-5-18"}
{"EventID": "2", "Channel": "Setup", "Provider_Name": "Microsoft-Windows-Servicing", "Computer": "DESKTOP-OFJ6N53", "TimeCreated": "2022-05-10 23:33:39.483871+00:00", "RecordID": "38", "Level": "0", "UserID": "S-1-5-18"}
{"EventID": "1", "Channel": "Setup", "Provider_Name": "Microsoft-Windows-Servicing", "Computer": "DESKTOP-OFJ6N53", "TimeCreated": "2022-06-14 17:40:43.298607+00:00", "RecordID": "39", "Level": "0", "UserID": "S-1-5-18"}
{"EventID": "1", "Channel": "Setup", "Provider_Name": "Microsoft-Windows-Servicing", "Computer": "DESKTOP-OFJ6N53", "TimeCreated": "2022-06-14 17:42:30.564232+00:00", "RecordID": "40", "Level": "0", "UserID": "S-1-5-18"}
{"EventID": "1", "Channel": "Setup", "Provider_Name": "Microsoft-Windows-Servicing", "Computer": "DESKTOP-OFJ6N53", "TimeCreated": "2022-06-14 17:43:12.034426+00:00", "RecordID": "41", "Level": "0", "UserID": "S-1-5-18"}
{"EventID": "1", "Channel": "Setup", "Provider_Name": "Microsoft-Windows-Servicing", "Computer": "DESKTOP-OFJ6N53", "TimeCreated": "2022-06-14 17:43:13.556063+00:00", "RecordID": "42", "Level": "0", "UserID": "S-1-5-18"}
{"EventID": "1", "Channel": "Setup", "Provider_Name": "Microsoft-Windows-Servicing", "Computer": "DESKTOP-OFJ6N53", "TimeCreated": "2022-06-14 17:43:14.757313+00:00", "RecordID": "43", "Level": "0", "UserID": "S-1-5-18"}
{"EventID": "1", "Channel": "Setup", "Provider_Name": "Microsoft-Windows-Servicing", "Computer": "DESKTOP-OFJ6N53", "TimeCreated": "2022-06-14 17:44:13.248447+00:00", "RecordID": "44", "Level": "0", "UserID": "S-1-5-18"}
{"EventID": "1", "Channel": "Setup", "Provider_Name": "Microsoft-Windows-Servicing", "Computer": "DESKTOP-OFJ6N53", "TimeCreated": "2022-06-14 17:47:39.895491+00:00", "RecordID": "45", "Level": "0", "UserID": "S-1-5-18"}
{"EventID": "2", "Channel": "Setup", "Provider_Name": "Microsoft-Windows-Servicing", "Computer": "DESKTOP-OFJ6N53", "TimeCreated": "2022-06-14 17:49:06.422371+00:00", "RecordID": "46", "Level": "0", "UserID": "S-1-5-18"}
{"EventID": "1", "Channel": "Setup", "Provider_Name": "Microsoft-Windows-Servicing", "Computer": "DESKTOP-OFJ6N53", "TimeCreated": "2022-06-14 17:49:18.246782+00:00", "RecordID": "47", "Level": "0", "UserID": "S-1-5-18"}
{"EventID": "4", "Channel": "Setup", "Provider_Name": "Microsoft-Windows-Servicing", "Computer": "DESKTOP-OFJ6N53", "TimeCreated": "2022-06-14 17:59:50.739136+00:00", "RecordID": "48", "Level": "0", "UserID": "S-1-5-18"}
{"EventID": "4", "Channel": "Setup", "Provider_Name": "Microsoft-Windows-Servicing", "Computer": "DESKTOP-OFJ6N53", "TimeCreated": "2022-06-14 18:00:13.450354+00:00", "RecordID": "49", "Level": "0", "UserID": "S-1-5-18"}
{"EventID": "2", "Channel": "Setup", "Provider_Name": "Microsoft-Windows-Servicing", "Computer": "DESKTOP-OFJ6N53", "TimeCreated": "2022-06-14 18:01:57.598715+00:00", "RecordID": "50", "Level": "0", "UserID": "S-1-5-18"}
{"EventID": "2", "Channel": "Setup", "Provider_Name": "Microsoft-Windows-Servicing", "Computer": "DESKTOP-OFJ6N53", "TimeCreated": "2022-06-14 18:01:57.816753+00:00", "RecordID": "51", "Level": "0", "UserID": "S-1-5-18"}
{"EventID": "1", "Channel": "Setup", "Provider_Name": "Microsoft-Windows-Servicing", "Computer": "DESKTOP-OFJ6N53", "TimeCreated": "2022-07-13 06:03:34.082497+00:00", "RecordID": "52", "Level": "0", "UserID": "S-1-5-18"}
{"EventID": "2", "Channel": "Setup", "Provider_Name": "Microsoft-Windows-Servicing", "Computer": "DESKTOP-OFJ6N53", "TimeCreated": "2022-07-13 06:03:49.826374+00:00", "RecordID": "53", "Level": "0", "UserID": "S-1-5-18"}
{"EventID": "1", "Channel": "Setup", "Provider_Name": "Microsoft-Windows-Servicing", "Computer": "DESKTOP-OFJ6N53", "TimeCreated": "2022-07-13 06:05:54.517881+00:00", "RecordID": "54", "Level": "0", "UserID": "S-1-5-18"}
{"EventID": "4", "Channel": "Setup", "Provider_Name": "Microsoft-Windows-Servicing", "Computer": "DESKTOP-OFJ6N53", "TimeCreated": "2022-07-13 06:18:42.138460+00:00", "RecordID": "55", "Level": "0", "UserID": "S-1-5-18"}
{"EventID": "2", "Channel": "Setup", "Provider_Name": "Microsoft-Windows-Servicing", "Computer": "DESKTOP-OFJ6N53", "TimeCreated": "2022-07-13 14:42:46.252369+00:00", "RecordID": "56", "Level": "0", "UserID": "S-1-5-18"}
{"EventID": "1", "Channel": "Setup", "Provider_Name": "Microsoft-Windows-Servicing", "Computer": "DESKTOP-OFJ6N53", "TimeCreated": "2022-07-20 08:51:12.204010+00:00", "RecordID": "57", "Level": "0", "UserID": "S-1-5-18"}
{"EventID": "1", "Channel": "Setup", "Provider_Name": "Microsoft-Windows-Servicing", "Computer": "DESKTOP-OFJ6N53", "TimeCreated": "2022-07-20 08:52:36.202787+00:00", "RecordID": "58", "Level": "0", "UserID": "S-1-5-18"}
{"EventID": "1", "Channel": "Setup", "Provider_Name": "Microsoft-Windows-Servicing", "Computer": "DESKTOP-OFJ6N53", "TimeCreated": "2022-07-20 08:52:45.255400+00:00", "RecordID": "59", "Level": "0", "UserID": "S-1-5-18"}
{"EventID": "1", "Channel": "Setup", "Provider_Name": "Microsoft-Windows-Servicing", "Computer": "DESKTOP-OFJ6N53", "TimeCreated": "2022-08-04 04:18:43.526615+00:00", "RecordID": "60", "Level": "0", "UserID": "S-1-5-18"}
{"EventID": "2", "Channel": "Setup", "Provider_Name": "Microsoft-Windows-Servicing", "Computer": "DESKTOP-OFJ6N53", "TimeCreated": "2022-08-04 17:03:34.641628+00:00", "RecordID": "61", "Level": "0", "UserID": "S-1-5-18"}
{"EventID": "1", "Channel": "Setup", "Provider_Name": "Microsoft-Windows-Servicing", "Computer": "DESKTOP-OFJ6N53", "TimeCreated": "2022-08-09 18:03:29.423973+00:00", "RecordID": "62", "Level": "0", "UserID": "S-1-5-18"}
{"EventID": "2", "Channel": "Setup", "Provider_Name": "Microsoft-Windows-Servicing", "Computer": "DESKTOP-OFJ6N53", "TimeCreated": "2022-08-09 18:03:42.791634+00:00", "RecordID": "63", "Level": "0", "UserID": "S-1-5-18"}
{"EventID": "1", "Channel": "Setup", "Provider_Name": "Microsoft-Windows-Servicing", "Computer": "DESKTOP-OFJ6N53", "TimeCreated": "2022-08-09 18:10:35.419870+00:00", "RecordID": "64", "Level": "0", "UserID": "S-1-5-18"}
{"EventID": "2", "Channel": "Setup", "Provider_Name": "Microsoft-Windows-Servicing", "Computer": "DESKTOP-OFJ6N53", "TimeCreated": "2022-08-09 18:10:46.318045+00:00", "RecordID": "65", "Level": "0", "UserID": "S-1-5-18"}
{"EventID": "1", "Channel": "Setup", "Provider_Name": "Microsoft-Windows-Servicing", "Computer": "DESKTOP-OFJ6N53", "TimeCreated": "2022-08-09 18:12:12.727638+00:00", "RecordID": "66", "Level": "0", "UserID": "S-1-5-18"}
{"EventID": "4", "Channel": "Setup", "Provider_Name": "Microsoft-Windows-Servicing", "Computer": "DESKTOP-OFJ6N53", "TimeCreated": "2022-08-09 18:24:20.501173+00:00", "RecordID": "67", "Level": "0", "UserID": "S-1-5-18"}
{"EventID": "2", "Channel": "Setup", "Provider_Name": "Microsoft-Windows-Servicing", "Computer": "DESKTOP-OFJ6N53", "TimeCreated": "2022-08-09 19:09:02.155703+00:00", "RecordID": "68", "Level": "0", "UserID": "S-1-5-18"}
{"EventID": "1", "Channel": "Setup", "Provider_Name": "Microsoft-Windows-Servicing", "Computer": "DESKTOP-OFJ6N53", "TimeCreated": "2022-09-14 11:26:03.496878+00:00", "RecordID": "69", "Level": "0", "UserID": "S-1-5-18"}
{"EventID": "1", "Channel": "Setup", "Provider_Name": "Microsoft-Windows-Servicing", "Computer": "DESKTOP-OFJ6N53", "TimeCreated": "2022-09-14 11:34:34.226534+00:00", "RecordID": "70", "Level": "0", "UserID": "S-1-5-18"}
{"EventID": "2", "Channel": "Setup", "Provider_Name": "Microsoft-Windows-Servicing", "Computer": "DESKTOP-OFJ6N53", "TimeCreated": "2022-09-14 11:35:38.208691+00:00", "RecordID": "71", "Level": "0", "UserID": "S-1-5-18"}
{"EventID": "1", "Channel": "Setup", "Provider_Name": "Microsoft-Windows-Servicing", "Computer": "DESKTOP-OFJ6N53", "TimeCreated": "2022-09-14 11:36:13.463820+00:00", "RecordID": "72", "Level": "0", "UserID": "S-1-5-18"}
{"EventID": "4", "Channel": "Setup", "Provider_Name": "Microsoft-Windows-Servicing", "Computer": "DESKTOP-OFJ6N53", "TimeCreated": "2022-09-14 11:47:58.892614+00:00", "RecordID": "73", "Level": "0", "UserID": "S-1-5-18"}
{"EventID": "4", "Channel": "Setup", "Provider_Name": "Microsoft-Windows-Servicing", "Computer": "DESKTOP-OFJ6N53", "TimeCreated": "2022-09-14 17:12:44.790766+00:00", "RecordID": "74", "Level": "0", "UserID": "S-1-5-18"}
{"EventID": "2", "Channel": "Setup", "Provider_Name": "Microsoft-Windows-Servicing", "Computer": "DESKTOP-OFJ6N53", "TimeCreated": "2022-09-14 17:17:50.933537+00:00", "RecordID": "75", "Level": "0", "UserID": "S-1-5-18"}
{"EventID": "2", "Channel": "Setup", "Provider_Name": "Microsoft-Windows-Servicing", "Computer": "DESKTOP-OFJ6N53", "TimeCreated": "2022-09-14 17:17:51.072336+00:00", "RecordID": "76", "Level": "0", "UserID": "S-1-5-18"}
{"EventID": "1", "Channel": "Setup", "Provider_Name": "Microsoft-Windows-Servicing", "Computer": "DESKTOP-OFJ6N53", "TimeCreated": "2022-09-21 09:19:16.135101+00:00", "RecordID": "77", "Level": "0", "UserID": "S-1-5-18"}
{"EventID": "1", "Channel": "Setup", "Provider_Name": "Microsoft-Windows-Servicing", "Computer": "DESKTOP-OFJ6N53", "TimeCreated": "2022-09-21 09:22:15.015720+00:00", "RecordID": "78", "Level": "0", "UserID": "S-1-5-18"}
{"EventID": "1", "Channel": "Setup", "Provider_Name": "Microsoft-Windows-Servicing", "Computer": "DESKTOP-OFJ6N53", "TimeCreated": "2022-10-11 22:19:46.013489+00:00", "RecordID": "79", "Level": "0", "UserID": "S-1-5-18"}
{"EventID": "1", "Channel": "Setup", "Provider_Name": "Microsoft-Windows-Servicing", "Computer": "DESKTOP-OFJ6N53", "TimeCreated": "2022-10-11 22:20:21.168839+00:00", "RecordID": "80", "Level": "0", "UserID": "S-1-5-18"}
{"EventID": "4", "Channel": "Setup", "Provider_Name": "Microsoft-Windows-Servicing", "Computer": "DESKTOP-OFJ6N53", "TimeCreated": "2022-10-11 22:31:10.158485+00:00", "RecordID": "81", "Level": "0", "UserID": "S-1-5-18"}
{"EventID": "4", "Channel": "Setup", "Provider_Name": "Microsoft-Windows-Servicing", "Computer": "DESKTOP-OFJ6N53", "TimeCreated": "2022-10-11 22:41:37.868122+00:00", "RecordID": "82", "Level": "0", "UserID": "S-1-5-18"}
{"EventID": "2", "Channel": "Setup", "Provider_Name": "Microsoft-Windows-Servicing", "Computer": "DESKTOP-OFJ6N53", "TimeCreated": "2022-10-11 22:43:29.452629+00:00", "RecordID": "83", "Level": "0", "UserID": "S-1-5-18"}
{"EventID": "2", "Channel": "Setup", "Provider_Name": "Microsoft-Windows-Servicing", "Computer": "DESKTOP-OFJ6N53", "TimeCreated": "2022-10-11 22:43:29.626299+00:00", "RecordID": "84", "Level": "0", "UserID": "S-1-5-18"}
{"EventID": "1", "Channel": "Setup", "Provider_Name": "Microsoft-Windows-Servicing", "Computer": "DESKTOP-OFJ6N53", "TimeCreated": "2022-11-09 09:50:32.619011+00:00", "RecordID": "85", "Level": "0", "UserID": "S-1-5-18"}
{"EventID": "1", "Channel": "Setup", "Provider_Name": "Microsoft-Windows-Servicing", "Computer": "DESKTOP-OFJ6N53", "TimeCreated": "2022-11-09 10:49:20.705399+00:00", "RecordID": "86", "Level": "0", "UserID": "S-1-5-18"}
{"EventID": "1", "Channel": "Setup", "Provider_Name": "Microsoft-Windows-Servicing", "Computer": "DESKTOP-OFJ6N53", "TimeCreated": "2022-11-09 10:50:09.183144+00:00", "RecordID": "87", "Level": "0", "UserID": "S-1-5-18"}
{"EventID": "2", "Channel": "Setup", "Provider_Name": "Microsoft-Windows-Servicing", "Computer": "DESKTOP-OFJ6N53", "TimeCreated": "2022-11-09 10:50:25.492863+00:00", "RecordID": "88", "Level": "0", "UserID": "S-1-5-18"}
{"EventID": "1", "Channel": "Setup", "Provider_Name": "Microsoft-Windows-Servicing", "Computer": "DESKTOP-OFJ6N53", "TimeCreated": "2022-11-09 10:50:45.960321+00:00", "RecordID": "89", "Level": "0", "UserID": "S-1-5-18"}
{"EventID": "4", "Channel": "Setup", "Provider_Name": "Microsoft-Windows-Servicing", "Computer": "DESKTOP-OFJ6N53", "TimeCreated": "2022-11-09 11:10:47.567625+00:00", "RecordID": "90", "Level": "0", "UserID": "S-1-5-18"}
{"EventID": "4", "Channel": "Setup", "Provider_Name": "Microsoft-Windows-Servicing", "Computer": "DESKTOP-OFJ6N53", "TimeCreated": "2022-11-09 14:36:37.480595+00:00", "RecordID": "91", "Level": "0", "UserID": "S-1-5-18"}
{"EventID": "2", "Channel": "Setup", "Provider_Name": "Microsoft-Windows-Servicing", "Computer": "DESKTOP-OFJ6N53", "TimeCreated": "2022-11-09 14:42:32.975584+00:00", "RecordID": "92", "Level": "0", "UserID": "S-1-5-18"}
{"EventID": "2", "Channel": "Setup", "Provider_Name": "Microsoft-Windows-Servicing", "Computer": "DESKTOP-OFJ6N53", "TimeCreated": "2022-11-09 14:42:33.737312+00:00", "RecordID": "93", "Level": "0", "UserID": "S-1-5-18"}
{"EventID": "1", "Channel": "Setup", "Provider_Name": "Microsoft-Windows-Servicing", "Computer": "DESKTOP-OFJ6N53", "TimeCreated": "2022-11-16 09:30:38.513016+00:00", "RecordID": "94", "Level": "0", "UserID": "S-1-5-18"}
{"EventID": "1", "Channel": "Setup", "Provider_Name": "Microsoft-Windows-Servicing", "Computer": "DESKTOP-OFJ6N53", "TimeCreated": "2022-11-17 19:48:06.616739+00:00", "RecordID": "95", "Level": "0", "UserID": "S-1-5-18"}
{"EventID": "4", "Channel": "Setup", "Provider_Name": "Microsoft-Windows-Servicing", "Computer": "DESKTOP-OFJ6N53", "TimeCreated": "2022-11-18 00:55:34.669209+00:00", "RecordID": "96", "Level": "0", "UserID": "S-1-5-18"}
{"EventID": "2", "Channel": "Setup", "Provider_Name": "Microsoft-Windows-Servicing", "Computer": "DESKTOP-OFJ6N53", "TimeCreated": "2022-11-18 00:57:33.893105+00:00", "RecordID": "97", "Level": "0", "UserID": "S-1-5-18"}
{"EventID": "1", "Channel": "Setup", "Provider_Name": "Microsoft-Windows-Servicing", "Computer": "DESKTOP-OFJ6N53", "TimeCreated": "2022-12-14 06:45:01.941807+00:00", "RecordID": "98", "Level": "0", "UserID": "S-1-5-18"}
{"EventID": "1", "Channel": "Setup", "Provider_Name": "Microsoft-Windows-Servicing", "Computer": "DESKTOP-OFJ6N53", "TimeCreated": "2022-12-14 06:46:15.872969+00:00", "RecordID": "99", "Level": "0", "UserID": "S-1-5-18"}
{"EventID": "1", "Channel": "Setup", "Provider_Name": "Microsoft-Windows-Servicing", "Computer": "DESKTOP-OFJ6N53", "TimeCreated": "2022-12-14 06:46:18.289030+00:00", "RecordID": "100", "Level": "0", "UserID": "S-1-5-18"}
{"EventID": "1", "Channel": "Setup", "Provider_Name": "Microsoft-Windows-Servicing", "Computer": "DESKTOP-OFJ6N53", "TimeCreated": "2022-12-14 06:46:19.940651+00:00", "RecordID": "101", "Level": "0", "UserID": "S-1-5-18"}
{"EventID": "1", "Channel": "Setup", "Provider_Name": "Microsoft-Windows-Servicing", "Computer": "DESKTOP-OFJ6N53", "TimeCreated": "2022-12-14 06:46:21.334623+00:00", "RecordID": "102", "Level": "0", "UserID": "S-1-5-18"}
{"EventID": "1", "Channel": "Setup", "Provider_Name": "Microsoft-Windows-Servicing", "Computer": "DESKTOP-OFJ6N53", "TimeCreated": "2022-12-14 06:47:10.668190+00:00", "RecordID": "103", "Level": "0", "UserID": "S-1-5-18"}
{"EventID": "1", "Channel": "Setup", "Provider_Name": "Microsoft-Windows-Servicing", "Computer": "DESKTOP-OFJ6N53", "TimeCreated": "2022-12-14 06:49:25.395985+00:00", "RecordID": "104", "Level": "0", "UserID": "S-1-5-18"}
{"EventID": "2", "Channel": "Setup", "Provider_Name": "Microsoft-Windows-Servicing", "Computer": "DESKTOP-OFJ6N53", "TimeCreated": "2022-12-14 06:50:22.656832+00:00", "RecordID": "105", "Level": "0", "UserID": "S-1-5-18"}
{"EventID": "1", "Channel": "Setup", "Provider_Name": "Microsoft-Windows-Servicing", "Computer": "DESKTOP-OFJ6N53", "TimeCreated": "2022-12-14 06:50:34.375778+00:00", "RecordID": "106", "Level": "0", "UserID": "S-1-5-18"}
{"EventID": "4", "Channel": "Setup", "Provider_Name": "Microsoft-Windows-Servicing", "Computer": "DESKTOP-OFJ6N53", "TimeCreated": "2022-12-14 07:02:07.472189+00:00", "RecordID": "107", "Level": "0", "UserID": "S-1-5-18"}
{"EventID": "4", "Channel": "Setup", "Provider_Name": "Microsoft-Windows-Servicing", "Computer": "DESKTOP-OFJ6N53", "TimeCreated": "2022-12-14 12:41:38.616144+00:00", "RecordID": "108", "Level": "0", "UserID": "S-1-5-18"}
{"EventID": "2", "Channel": "Setup", "Provider_Name": "Microsoft-Windows-Servicing", "Computer": "DESKTOP-OFJ6N53", "TimeCreated": "2022-12-14 12:47:08.190456+00:00", "RecordID": "109", "Level": "0", "UserID": "S-1-5-18"}
{"EventID": "2", "Channel": "Setup", "Provider_Name": "Microsoft-Windows-Servicing", "Computer": "DESKTOP-OFJ6N53", "TimeCreated": "2022-12-14 12:47:08.382450+00:00", "RecordID": "110", "Level": "0", "UserID": "S-1-5-18"}
{"EventID": "1", "Channel": "Setup", "Provider_Name": "Microsoft-Windows-Servicing", "Computer": "DESKTOP-OFJ6N53", "TimeCreated": "2023-01-11 06:34:12.989893+00:00", "RecordID": "111", "Level": "0", "UserID": "S-1-5-18"}
{"EventID": "4", "Channel": "Setup", "Provider_Name": "Microsoft-Windows-Servicing", "Computer": "DESKTOP-OFJ6N53", "TimeCreated": "2023-01-11 06:51:31.814255+00:00", "RecordID": "112", "Level": "0", "UserID": "S-1-5-18"}
{"EventID": "2", "Channel": "Setup", "Provider_Name": "Microsoft-Windows-Servicing", "Computer": "DESKTOP-OFJ6N53", "TimeCreated": "2023-01-11 14:46:21.939163+00:00", "RecordID": "113", "Level": "0", "UserID": "S-1-5-18"}
{"EventID": "1", "Channel": "Setup", "Provider_Name": "Microsoft-Windows-Servicing", "Computer": "DESKTOP-OFJ6N53", "TimeCreated": "2023-01-18 08:33:27.257126+00:00", "RecordID": "114", "Level": "0", "UserID": "S-1-5-18"}
{"EventID": "1", "Channel": "Setup", "Provider_Name": "Microsoft-Windows-Servicing", "Computer": "DESKTOP-OFJ6N53", "TimeCreated": "2023-01-18 08:34:42.855122+00:00", "RecordID": "115", "Level": "0", "UserID": "S-1-5-18"}
{"EventID": "1", "Channel": "Setup", "Provider_Name": "Microsoft-Windows-Servicing", "Computer": "DESKTOP-OFJ6N53", "TimeCreated": "2023-02-15 12:35:11.414167+00:00", "RecordID": "116", "Level": "0", "UserID": "S-1-5-18"}
{"EventID": "4", "Channel": "Setup", "Provider_Name": "Microsoft-Windows-Servicing", "Computer": "DESKTOP-OFJ6N53", "TimeCreated": "2023-02-15 19:08:44.608072+00:00", "RecordID": "117", "Level": "0", "UserID": "S-1-5-18"}
{"EventID": "2", "Channel": "Setup", "Provider_Name": "Microsoft-Windows-Servicing", "Computer": "DESKTOP-OFJ6N53", "TimeCreated": "2023-02-15 19:10:16.487259+00:00", "RecordID": "118", "Level": "0", "UserID": "S-1-5-18"}
{"EventID": "1", "Channel": "Setup", "Provider_Name": "Microsoft-Windows-Servicing", "Computer": "DESKTOP-OFJ6N53", "TimeCreated": "2023-02-16 00:46:28.305676+00:00", "RecordID": "119", "Level": "0", "UserID": "S-1-5-18"}
{"EventID": "4", "Channel": "Setup", "Provider_Name": "Microsoft-Windows-Servicing", "Computer": "DESKTOP-OFJ6N53", "TimeCreated": "2023-02-16 01:04:26.978821+00:00", "RecordID": "120", "Level": "0", "UserID": "S-1-5-18"}
{"EventID": "2", "Channel": "Setup", "Provider_Name": "Microsoft-Windows-Servicing", "Computer": "DESKTOP-OFJ6N53", "TimeCreated": "2023-02-16 01:25:21.605946+00:00", "RecordID": "121", "Level": "0", "UserID": "S-1-5-18"}
{"EventID": "1", "Channel": "Setup", "Provider_Name": "Microsoft-Windows-Servicing", "Computer": "DESKTOP-OFJ6N53", "TimeCreated": "2023-02-22 09:25:16.884321+00:00", "RecordID": "122", "Level": "0", "UserID": "S-1-5-18"}
{"EventID": "7", "Channel": "Setup", "Provider_Name": "Microsoft-Windows-Servicing", "Computer": "DESKTOP-OFJ6N53", "TimeCreated": "2023-02-27 19:04:05.333418+00:00", "RecordID": "123", "Level": "0", "UserID": "S-1-5-18"}
{"EventID": "13", "Channel": "Setup", "Provider_Name": "Microsoft-Windows-Servicing", "Computer": "DESKTOP-OFJ6N53", "TimeCreated": "2023-02-27 19:04:23.634642+00:00", "RecordID": "124", "Level": "0", "UserID": "S-1-5-18"}
{"EventID": "7", "Channel": "Setup", "Provider_Name": "Microsoft-Windows-Servicing", "Computer": "DESKTOP-OFJ6N53", "TimeCreated": "2023-02-27 19:04:26.476883+00:00", "RecordID": "125", "Level": "0", "UserID": "S-1-5-18"}
{"EventID": "13", "Channel": "Setup", "Provider_Name": "Microsoft-Windows-Servicing", "Computer": "DESKTOP-OFJ6N53", "TimeCreated": "2023-02-27 19:04:29.757792+00:00", "RecordID": "126", "Level": "0", "UserID": "S-1-5-18"}
{"EventID": "9", "Channel": "Setup", "Provider_Name": "Microsoft-Windows-Servicing", "Computer": "DESKTOP-OFJ6N53", "TimeCreated": "2023-02-27 19:06:45.187149+00:00", "RecordID": "127", "Level": "0", "UserID": "S-1-5-18"}
{"EventID": "9", "Channel": "Setup", "Provider_Name": "Microsoft-Windows-Servicing", "Computer": "DESKTOP-OFJ6N53", "TimeCreated": "2023-02-27 19:06:45.447199+00:00", "RecordID": "128", "Level": "0", "UserID": "S-1-5-18"}
{"EventID": "1", "Channel": "Setup", "Provider_Name": "Microsoft-Windows-Servicing", "Computer": "DESKTOP-OFJ6N53", "TimeCreated": "2023-03-15 02:27:08.411047+00:00", "RecordID": "129", "Level": "0", "UserID": "S-1-5-18"}
{"EventID": "2", "Channel": "Setup", "Provider_Name": "Microsoft-Windows-Servicing", "Computer": "DESKTOP-OFJ6N53", "TimeCreated": "2023-03-15 02:27:22.818195+00:00", "RecordID": "130", "Level": "0", "UserID": "S-1-5-18"}
{"EventID": "1", "Channel": "Setup", "Provider_Name": "Microsoft-Windows-Servicing", "Computer": "DESKTOP-OFJ6N53", "TimeCreated": "2023-03-15 02:29:21.462227+00:00", "RecordID": "131", "Level": "0", "UserID": "S-1-5-18"}
{"EventID": "4", "Channel": "Setup", "Provider_Name": "Microsoft-Windows-Servicing", "Computer": "DESKTOP-OFJ6N53", "TimeCreated": "2023-03-15 02:51:56.889969+00:00", "RecordID": "132", "Level": "0", "UserID": "S-1-5-18"}
{"EventID": "2", "Channel": "Setup", "Provider_Name": "Microsoft-Windows-Servicing", "Computer": "DESKTOP-OFJ6N53", "TimeCreated": "2023-03-15 22:04:42.207815+00:00", "RecordID": "133", "Level": "0", "UserID": "S-1-5-18"}
{"EventID": "1", "Channel": "Setup", "Provider_Name": "Microsoft-Windows-Servicing", "Computer": "DESKTOP-OFJ6N53", "TimeCreated": "2023-03-22 08:34:51.736868+00:00", "RecordID": "134", "Level": "0", "UserID": "S-1-5-18"}
{"EventID": "1", "Channel": "Setup", "Provider_Name": "Microsoft-Windows-Servicing", "Computer": "DESKTOP-OFJ6N53", "TimeCreated": "2023-03-22 08:36:33.365013+00:00", "RecordID": "135", "Level": "0", "UserID": "S-1-5-18"}
{"EventID": "1", "Channel": "Setup", "Provider_Name": "Microsoft-Windows-Servicing", "Computer": "DESKTOP-OFJ6N53", "TimeCreated": "2023-04-12 11:18:54.106047+00:00", "RecordID": "136", "Level": "0", "UserID": "S-1-5-18"}
{"EventID": "2", "Channel": "Setup", "Provider_Name": "Microsoft-Windows-Servicing", "Computer": "DESKTOP-OFJ6N53", "TimeCreated": "2023-04-12 11:19:09.813433+00:00", "RecordID": "137", "Level": "0", "UserID": "S-1-5-18"}
{"EventID": "1", "Channel": "Setup", "Provider_Name": "Microsoft-Windows-Servicing", "Computer": "DESKTOP-OFJ6N53", "TimeCreated": "2023-04-12 11:21:26.948389+00:00", "RecordID": "138", "Level": "0", "UserID": "S-1-5-18"}
{"EventID": "4", "Channel": "Setup", "Provider_Name": "Microsoft-Windows-Servicing", "Computer": "DESKTOP-OFJ6N53", "TimeCreated": "2023-04-12 11:49:07.340557+00:00", "RecordID": "139", "Level": "0", "UserID": "S-1-5-18"}
{"EventID": "2", "Channel": "Setup", "Provider_Name": "Microsoft-Windows-Servicing", "Computer": "DESKTOP-OFJ6N53", "TimeCreated": "2023-04-12 17:29:03.782280+00:00", "RecordID": "140", "Level": "0", "UserID": "S-1-5-18"}
{"EventID": "1", "Channel": "Setup", "Provider_Name": "Microsoft-Windows-Servicing", "Computer": "DESKTOP-OFJ6N53", "TimeCreated": "2023-04-19 08:37:47.394518+00:00", "RecordID": "141", "Level": "0", "UserID": "S-1-5-18"}
{"EventID": "1", "Channel": "Setup", "Provider_Name": "Microsoft-Windows-Servicing", "Computer": "DESKTOP-OFJ6N53", "TimeCreated": "2023-05-02 20:04:09.089413+00:00", "RecordID": "142", "Level": "0", "UserID": "S-1-5-18"}
{"EventID": "2", "Channel": "Setup", "Provider_Name": "Microsoft-Windows-Servicing", "Computer": "DESKTOP-OFJ6N53", "TimeCreated": "2023-05-02 20:26:50.677536+00:00", "RecordID": "143", "Level": "0", "UserID": "S-1-5-18"}
{"EventID": "1", "Channel": "Setup", "Provider_Name": "Microsoft-Windows-Servicing", "Computer": "DESKTOP-OFJ6N53", "TimeCreated": "2023-05-10 00:11:04.938421+00:00", "RecordID": "144", "Level": "0", "UserID": "S-1-5-18"}
{"EventID": "2", "Channel": "Setup", "Provider_Name": "Microsoft-Windows-Servicing", "Computer": "DESKTOP-OFJ6N53", "TimeCreated": "2023-05-10 00:11:15.228022+00:00", "RecordID": "145", "Level": "0", "UserID": "S-1-5-18"}
{"EventID": "1", "Channel": "Setup", "Provider_Name": "Microsoft-Windows-Servicing", "Computer": "DESKTOP-OFJ6N53", "TimeCreated": "2023-05-10 00:13:11.850754+00:00", "RecordID": "146", "Level": "0", "UserID": "S-1-5-18"}
{"EventID": "4", "Channel": "Setup", "Provider_Name": "Microsoft-Windows-Servicing", "Computer": "DESKTOP-OFJ6N53", "TimeCreated": "2023-05-10 00:23:48.945663+00:00", "RecordID": "147", "Level": "0", "UserID": "S-1-5-18"}
{"EventID": "2", "Channel": "Setup", "Provider_Name": "Microsoft-Windows-Servicing", "Computer": "DESKTOP-OFJ6N53", "TimeCreated": "2023-05-10 00:46:27.658875+00:00", "RecordID": "148", "Level": "0", "UserID": "S-1-5-18"}
{"EventID": "1", "Channel": "Setup", "Provider_Name": "Microsoft-Windows-Servicing", "Computer": "DESKTOP-OFJ6N53", "TimeCreated": "2023-06-13 17:38:03.308113+00:00", "RecordID": "149", "Level": "0", "UserID": "S-1-5-18"}
{"EventID": "1", "Channel": "Setup", "Provider_Name": "Microsoft-Windows-Servicing", "Computer": "DESKTOP-OFJ6N53", "TimeCreated": "2023-06-13 17:40:42.355120+00:00", "RecordID": "150", "Level": "0", "UserID": "S-1-5-18"}
{"EventID": "1", "Channel": "Setup", "Provider_Name": "Microsoft-Windows-Servicing", "Computer": "DESKTOP-OFJ6N53", "TimeCreated": "2023-06-13 17:41:33.471474+00:00", "RecordID": "151", "Level": "0", "UserID": "S-1-5-18"}
{"EventID": "1", "Channel": "Setup", "Provider_Name": "Microsoft-Windows-Servicing", "Computer": "DESKTOP-OFJ6N53", "TimeCreated": "2023-06-13 17:42:39.682882+00:00", "RecordID": "152", "Level": "0", "UserID": "S-1-5-18"}
{"EventID": "1", "Channel": "Setup", "Provider_Name": "Microsoft-Windows-Servicing", "Computer": "DESKTOP-OFJ6N53", "TimeCreated": "2023-06-13 17:46:38.713959+00:00", "RecordID": "153", "Level": "0", "UserID": "S-1-5-18"}
{"EventID": "2", "Channel": "Setup", "Provider_Name": "Microsoft-Windows-Servicing", "Computer": "DESKTOP-OFJ6N53", "TimeCreated": "2023-06-13 17:46:56.771921+00:00", "RecordID": "154", "Level": "0", "UserID": "S-1-5-18"}
{"EventID": "1", "Channel": "Setup", "Provider_Name": "Microsoft-Windows-Servicing", "Computer": "DESKTOP-OFJ6N53", "TimeCreated": "2023-06-13 17:47:17.720135+00:00", "RecordID": "155", "Level": "0", "UserID": "S-1-5-18"}
{"EventID": "4", "Channel": "Setup", "Provider_Name": "Microsoft-Windows-Servicing", "Computer": "DESKTOP-OFJ6N53", "TimeCreated": "2023-06-13 17:57:58.302256+00:00", "RecordID": "156", "Level": "0", "UserID": "S-1-5-18"}
{"EventID": "4", "Channel": "Setup", "Provider_Name": "Microsoft-Windows-Servicing", "Computer": "DESKTOP-OFJ6N53", "TimeCreated": "2023-06-13 19:21:09.456734+00:00", "RecordID": "157", "Level": "0", "UserID": "S-1-5-18"}
{"EventID": "2", "Channel": "Setup", "Provider_Name": "Microsoft-Windows-Servicing", "Computer": "DESKTOP-OFJ6N53", "TimeCreated": "2023-06-13 19:25:57.201677+00:00", "RecordID": "158", "Level": "0", "UserID": "S-1-5-18"}
{"EventID": "2", "Channel": "Setup", "Provider_Name": "Microsoft-Windows-Servicing", "Computer": "DESKTOP-OFJ6N53", "TimeCreated": "2023-06-13 19:25:59.821390+00:00", "RecordID": "159", "Level": "0", "UserID": "S-1-5-18"}
{"EventID": "1", "Channel": "Setup", "Provider_Name": "Microsoft-Windows-Servicing", "Computer": "DESKTOP-OFJ6N53", "TimeCreated": "2023-07-12 04:25:08.431049+00:00", "RecordID": "160", "Level": "0", "UserID": "S-1-5-18"}
{"EventID": "1", "Channel": "Setup", "Provider_Name": "Microsoft-Windows-Servicing", "Computer": "DESKTOP-OFJ6N53", "TimeCreated": "2023-07-12 04:25:38.101183+00:00", "RecordID": "161", "Level": "0", "UserID": "S-1-5-18"}
{"EventID": "2", "Channel": "Setup", "Provider_Name": "Microsoft-Windows-Servicing", "Computer": "DESKTOP-OFJ6N53", "TimeCreated": "2023-07-12 04:25:46.835297+00:00", "RecordID": "162", "Level": "0", "UserID": "S-1-5-18"}
{"EventID": "1", "Channel": "Setup", "Provider_Name": "Microsoft-Windows-Servicing", "Computer": "DESKTOP-OFJ6N53", "TimeCreated": "2023-07-12 04:25:58.983480+00:00", "RecordID": "163", "Level": "0", "UserID": "S-1-5-18"}
{"EventID": "4", "Channel": "Setup", "Provider_Name": "Microsoft-Windows-Servicing", "Computer": "DESKTOP-OFJ6N53", "TimeCreated": "2023-07-12 04:36:15.657429+00:00", "RecordID": "164", "Level": "0", "UserID": "S-1-5-18"}
{"EventID": "4", "Channel": "Setup", "Provider_Name": "Microsoft-Windows-Servicing", "Computer": "DESKTOP-OFJ6N53", "TimeCreated": "2023-07-12 14:36:12.038082+00:00", "RecordID": "165", "Level": "0", "UserID": "S-1-5-18"}
{"EventID": "2", "Channel": "Setup", "Provider_Name": "Microsoft-Windows-Servicing", "Computer": "DESKTOP-OFJ6N53", "TimeCreated": "2023-07-12 14:41:40.784883+00:00", "RecordID": "166", "Level": "0", "UserID": "S-1-5-18"}
{"EventID": "2", "Channel": "Setup", "Provider_Name": "Microsoft-Windows-Servicing", "Computer": "DESKTOP-OFJ6N53", "TimeCreated": "2023-07-12 14:41:46.681456+00:00", "RecordID": "167", "Level": "0", "UserID": "S-1-5-18"}
{"EventID": "1", "Channel": "Setup", "Provider_Name": "Microsoft-Windows-Servicing", "Computer": "DESKTOP-OFJ6N53", "TimeCreated": "2023-07-19 08:54:01.148687+00:00", "RecordID": "168", "Level": "0", "UserID": "S-1-5-18"}
{"EventID": "1", "Channel": "Setup", "Provider_Name": "Microsoft-Windows-Servicing", "Computer": "DESKTOP-OFJ6N53", "TimeCreated": "2023-08-09 13:15:23.729248+00:00", "RecordID": "169", "Level": "0", "UserID": "S-1-5-18"}
{"EventID": "1", "Channel": "Setup", "Provider_Name": "Microsoft-Windows-Servicing", "Computer": "DESKTOP-OFJ6N53", "TimeCreated": "2023-08-09 13:15:49.165535+00:00", "RecordID": "170", "Level": "0", "UserID": "S-1-5-18"}
{"EventID": "2", "Channel": "Setup", "Provider_Name": "Microsoft-Windows-Servicing", "Computer": "DESKTOP-OFJ6N53", "TimeCreated": "2023-08-09 13:15:56.353737+00:00", "RecordID": "171", "Level": "0", "UserID": "S-1-5-18"}
{"EventID": "1", "Channel": "Setup", "Provider_Name": "Microsoft-Windows-Servicing", "Computer": "DESKTOP-OFJ6N53", "TimeCreated": "2023-08-09 13:16:14.596226+00:00", "RecordID": "172", "Level": "0", "UserID": "S-1-5-18"}
{"EventID": "4", "Channel": "Setup", "Provider_Name": "Microsoft-Windows-Servicing", "Computer": "DESKTOP-OFJ6N53", "TimeCreated": "2023-08-09 13:25:54.398167+00:00", "RecordID": "173", "Level": "0", "UserID": "S-1-5-18"}
{"EventID": "4", "Channel": "Setup", "Provider_Name": "Microsoft-Windows-Servicing", "Computer": "DESKTOP-OFJ6N53", "TimeCreated": "2023-08-10 07:37:53.937693+00:00", "RecordID": "174", "Level": "0", "UserID": "S-1-5-18"}
{"EventID": "2", "Channel": "Setup", "Provider_Name": "Microsoft-Windows-Servicing", "Computer": "DESKTOP-OFJ6N53", "TimeCreated": "2023-08-10 07:39:20.325373+00:00", "RecordID": "175", "Level": "0", "UserID": "S-1-5-18"}
{"EventID": "2", "Channel": "Setup", "Provider_Name": "Microsoft-Windows-Servicing", "Computer": "DESKTOP-OFJ6N53", "TimeCreated": "2023-08-10 07:39:20.572903+00:00", "RecordID": "176", "Level": "0", "UserID": "S-1-5-18"}
{"EventID": "1", "Channel": "Setup", "Provider_Name": "Microsoft-Windows-Servicing", "Computer": "DESKTOP-OFJ6N53", "TimeCreated": "2023-08-16 09:40:38.789835+00:00", "RecordID": "177", "Level": "0", "UserID": "S-1-5-18"}
{"EventID": "1", "Channel": "Setup", "Provider_Name": "Microsoft-Windows-Servicing", "Computer": "DESKTOP-OFJ6N53", "TimeCreated": "2023-08-29 15:56:45.132454+00:00", "RecordID": "178", "Level": "0", "UserID": "S-1-5-18"}
{"EventID": "4", "Channel": "Setup", "Provider_Name": "Microsoft-Windows-Servicing", "Computer": "DESKTOP-OFJ6N53", "TimeCreated": "2023-08-29 22:44:32.316996+00:00", "RecordID": "179", "Level": "0", "UserID": "S-1-5-18"}
{"EventID": "2", "Channel": "Setup", "Provider_Name": "Microsoft-Windows-Servicing", "Computer": "DESKTOP-OFJ6N53", "TimeCreated": "2023-08-29 22:45:18.776226+00:00", "RecordID": "180", "Level": "0", "UserID": "S-1-5-18"}
{"EventID": "1", "Channel": "Setup", "Provider_Name": "Microsoft-Windows-Servicing", "Computer": "DESKTOP-OFJ6N53", "TimeCreated": "2023-08-30 16:45:07.721292+00:00", "RecordID": "181", "Level": "0", "UserID": "S-1-5-18"}
{"EventID": "1", "Channel": "Setup", "Provider_Name": "Microsoft-Windows-Servicing", "Computer": "DESKTOP-OFJ6N53", "TimeCreated": "2023-08-30 16:45:26.085279+00:00", "RecordID": "182", "Level": "0", "UserID": "S-1-5-18"}
{"EventID": "4", "Channel": "Setup", "Provider_Name": "Microsoft-Windows-Servicing", "Computer": "DESKTOP-OFJ6N53", "TimeCreated": "2023-09-04 14:36:16.001492+00:00", "RecordID": "183", "Level": "0", "UserID": "S-1-5-18"}
{"EventID": "4", "Channel": "Setup", "Provider_Name": "Microsoft-Windows-Servicing", "Computer": "DESKTOP-OFJ6N53", "TimeCreated": "2023-09-04 14:36:27.102213+00:00", "RecordID": "184", "Level": "0", "UserID": "S-1-5-18"}
{"EventID": "2", "Channel": "Setup", "Provider_Name": "Microsoft-Windows-Servicing", "Computer": "DESKTOP-OFJ6N53", "TimeCreated": "2023-09-04 14:37:04.453218+00:00", "RecordID": "185", "Level": "0", "UserID": "S-1-5-18"}
{"EventID": "2", "Channel": "Setup", "Provider_Name": "Microsoft-Windows-Servicing", "Computer": "DESKTOP-OFJ6N53", "TimeCreated": "2023-09-04 14:37:04.927168+00:00", "RecordID": "186", "Level": "0", "UserID": "S-1-5-18"}
{"EventID": "1", "Channel": "Setup", "Provider_Name": "Microsoft-Windows-Servicing", "Computer": "DESKTOP-OFJ6N53", "TimeCreated": "2023-09-13 09:15:26.717222+00:00", "RecordID": "187", "Level": "0", "UserID": "S-1-5-18"}
{"EventID": "1", "Channel": "Setup", "Provider_Name": "Microsoft-Windows-Servicing", "Computer": "DESKTOP-OFJ6N53", "TimeCreated": "2023-09-13 09:17:09.399275+00:00", "RecordID": "188", "Level": "0", "UserID": "S-1-5-18"}
{"EventID": "1", "Channel": "Setup", "Provider_Name": "Microsoft-Windows-Servicing", "Computer": "DESKTOP-OFJ6N53", "TimeCreated": "2023-09-13 09:17:13.527491+00:00", "RecordID": "189", "Level": "0", "UserID": "S-1-5-18"}
{"EventID": "1", "Channel": "Setup", "Provider_Name": "Microsoft-Windows-Servicing", "Computer": "DESKTOP-OFJ6N53", "TimeCreated": "2023-09-13 09:17:16.666340+00:00", "RecordID": "190", "Level": "0", "UserID": "S-1-5-18"}
{"EventID": "1", "Channel": "Setup", "Provider_Name": "Microsoft-Windows-Servicing", "Computer": "DESKTOP-OFJ6N53", "TimeCreated": "2023-09-13 09:18:05.380821+00:00", "RecordID": "191", "Level": "0", "UserID": "S-1-5-18"}
{"EventID": "1", "Channel": "Setup", "Provider_Name": "Microsoft-Windows-Servicing", "Computer": "DESKTOP-OFJ6N53", "TimeCreated": "2023-09-13 09:21:38.497149+00:00", "RecordID": "192", "Level": "0", "UserID": "S-1-5-18"}
{"EventID": "2", "Channel": "Setup", "Provider_Name": "Microsoft-Windows-Servicing", "Computer": "DESKTOP-OFJ6N53", "TimeCreated": "2023-09-13 09:21:55.578220+00:00", "RecordID": "193", "Level": "0", "UserID": "S-1-5-18"}
{"EventID": "1", "Channel": "Setup", "Provider_Name": "Microsoft-Windows-Servicing", "Computer": "DESKTOP-OFJ6N53", "TimeCreated": "2023-09-13 09:22:08.346001+00:00", "RecordID": "194", "Level": "0", "UserID": "S-1-5-18"}
{"EventID": "4", "Channel": "Setup", "Provider_Name": "Microsoft-Windows-Servicing", "Computer": "DESKTOP-OFJ6N53", "TimeCreated": "2023-09-13 09:39:35.975037+00:00", "RecordID": "195", "Level": "0", "UserID": "S-1-5-18"}
{"EventID": "4", "Channel": "Setup", "Provider_Name": "Microsoft-Windows-Servicing", "Computer": "DESKTOP-OFJ6N53", "TimeCreated": "2023-09-13 14:34:47.368151+00:00", "RecordID": "196", "Level": "0", "UserID": "S-1-5-18"}
{"EventID": "2", "Channel": "Setup", "Provider_Name": "Microsoft-Windows-Servicing", "Computer": "DESKTOP-OFJ6N53", "TimeCreated": "2023-09-13 14:37:21.612391+00:00", "RecordID": "197", "Level": "0", "UserID": "S-1-5-18"}
{"EventID": "2", "Channel": "Setup", "Provider_Name": "Microsoft-Windows-Servicing", "Computer": "DESKTOP-OFJ6N53", "TimeCreated": "2023-09-13 14:37:22.567272+00:00", "RecordID": "198", "Level": "0", "UserID": "S-1-5-18"}
{"EventID": "1", "Channel": "Setup", "Provider_Name": "Microsoft-Windows-Servicing", "Computer": "DESKTOP-OFJ6N53", "TimeCreated": "2023-09-29 14:23:14.522808+00:00", "RecordID": "199", "Level": "0", "UserID": "S-1-5-18"}
{"EventID": "2", "Channel": "Setup", "Provider_Name": "Microsoft-Windows-Servicing", "Computer": "DESKTOP-OFJ6N53", "TimeCreated": "2023-09-29 16:10:09.818851+00:00", "RecordID": "200", "Level": "0", "UserID": "S-1-5-18"}
{"EventID": "1", "Channel": "Setup", "Provider_Name": "Microsoft-Windows-Servicing", "Computer": "DESKTOP-OFJ6N53", "TimeCreated": "2023-10-10 21:19:53.926582+00:00", "RecordID": "201", "Level": "0", "UserID": "S-1-5-18"}
{"EventID": "2", "Channel": "Setup", "Provider_Name": "Microsoft-Windows-Servicing", "Computer": "DESKTOP-OFJ6N53", "TimeCreated": "2023-10-10 21:20:03.705427+00:00", "RecordID": "202", "Level": "0", "UserID": "S-1-5-18"}
{"EventID": "1", "Channel": "Setup", "Provider_Name": "Microsoft-Windows-Servicing", "Computer": "DESKTOP-OFJ6N53", "TimeCreated": "2023-10-10 21:21:32.502291+00:00", "RecordID": "203", "Level": "0", "UserID": "S-1-5-18"}
{"EventID": "4", "Channel": "Setup", "Provider_Name": "Microsoft-Windows-Servicing", "Computer": "DESKTOP-OFJ6N53", "TimeCreated": "2023-10-10 21:39:36.984381+00:00", "RecordID": "204", "Level": "0", "UserID": "S-1-5-18"}
{"EventID": "2", "Channel": "Setup", "Provider_Name": "Microsoft-Windows-Servicing", "Computer": "DESKTOP-OFJ6N53", "TimeCreated": "2023-10-12 16:57:52.440895+00:00", "RecordID": "205", "Level": "0", "UserID": "S-1-5-18"}
{"EventID": "1", "Channel": "Setup", "Provider_Name": "Microsoft-Windows-Servicing", "Computer": "DESKTOP-OFJ6N53", "TimeCreated": "2023-10-18 08:57:07.020216+00:00", "RecordID": "206", "Level": "0", "UserID": "S-1-5-18"}
{"EventID": "1", "Channel": "Setup", "Provider_Name": "Microsoft-Windows-Servicing", "Computer": "DESKTOP-OFJ6N53", "TimeCreated": "2023-10-27 11:32:47.435274+00:00", "RecordID": "207", "Level": "0", "UserID": "S-1-5-18"}
{"EventID": "2", "Channel": "Setup", "Provider_Name": "Microsoft-Windows-Servicing", "Computer": "DESKTOP-OFJ6N53", "TimeCreated": "2023-10-27 14:40:10.521372+00:00", "RecordID": "208", "Level": "0", "UserID": "S-1-5-18"}
{"EventID": "1", "Channel": "Setup", "Provider_Name": "Microsoft-Windows-Servicing", "Computer": "DESKTOP-OFJ6N53", "TimeCreated": "2023-11-14 20:50:04.346889+00:00", "RecordID": "209", "Level": "0", "UserID": "S-1-5-18"}
{"EventID": "1", "Channel": "Setup", "Provider_Name": "Microsoft-Windows-Servicing", "Computer": "DESKTOP-OFJ6N53", "TimeCreated": "2023-11-14 20:58:55.652227+00:00", "RecordID": "210", "Level": "0", "UserID": "S-1-5-18"}
{"EventID": "1", "Channel": "Setup", "Provider_Name": "Microsoft-Windows-Servicing", "Computer": "DESKTOP-OFJ6N53", "TimeCreated": "2023-11-14 21:19:25.564135+00:00", "RecordID": "211", "Level": "0", "UserID": "S-1-5-18"}
{"EventID": "2", "Channel": "Setup", "Provider_Name": "Microsoft-Windows-Servicing", "Computer": "DESKTOP-OFJ6N53", "TimeCreated": "2023-11-14 21:20:30.992027+00:00", "RecordID": "212", "Level": "0", "UserID": "S-1-5-18"}
{"EventID": "1", "Channel": "Setup", "Provider_Name": "Microsoft-Windows-Servicing", "Computer": "DESKTOP-OFJ6N53", "TimeCreated": "2023-11-14 21:20:48.218168+00:00", "RecordID": "213", "Level": "0", "UserID": "S-1-5-18"}
{"EventID": "4", "Channel": "Setup", "Provider_Name": "Microsoft-Windows-Servicing", "Computer": "DESKTOP-OFJ6N53", "TimeCreated": "2023-11-14 21:39:28.195211+00:00", "RecordID": "214", "Level": "0", "UserID": "S-1-5-18"}
{"EventID": "4", "Channel": "Setup", "Provider_Name": "Microsoft-Windows-Servicing", "Computer": "DESKTOP-OFJ6N53", "TimeCreated": "2023-11-20 15:01:36.594807+00:00", "RecordID": "215", "Level": "0", "UserID": "S-1-5-18"}
{"EventID": "2", "Channel": "Setup", "Provider_Name": "Microsoft-Windows-Servicing", "Computer": "DESKTOP-OFJ6N53", "TimeCreated": "2023-11-20 15:08:43.392868+00:00", "RecordID": "216", "Level": "0", "UserID": "S-1-5-18"}
{"EventID": "2", "Channel": "Setup", "Provider_Name": "Microsoft-Windows-Servicing", "Computer": "DESKTOP-OFJ6N53", "TimeCreated": "2023-11-20 15:08:43.812632+00:00", "RecordID": "217", "Level": "0", "UserID": "S-1-5-18"}
{"EventID": "1", "Channel": "Setup", "Provider_Name": "Microsoft-Windows-Servicing", "Computer": "DESKTOP-OFJ6N53", "TimeCreated": "2023-12-13 03:38:42.738348+00:00", "RecordID": "218", "Level": "0", "UserID": "S-1-5-18"}
{"EventID": "2", "Channel": "Setup", "Provider_Name": "Microsoft-Windows-Servicing", "Computer": "DESKTOP-OFJ6N53", "TimeCreated": "2023-12-13 03:38:47.709549+00:00", "RecordID": "219", "Level": "0", "UserID": "S-1-5-18"}
{"EventID": "1", "Channel": "Setup", "Provider_Name": "Microsoft-Windows-Servicing", "Computer": "DESKTOP-OFJ6N53", "TimeCreated": "2023-12-13 03:40:46.425880+00:00", "RecordID": "220", "Level": "0", "UserID": "S-1-5-18"}
{"EventID": "4", "Channel": "Setup", "Provider_Name": "Microsoft-Windows-Servicing", "Computer": "DESKTOP-OFJ6N53", "TimeCreated": "2023-12-13 03:49:36.852774+00:00", "RecordID": "221", "Level": "0", "UserID": "S-1-5-18"}
{"EventID": "2", "Channel": "Setup", "Provider_Name": "Microsoft-Windows-Servicing", "Computer": "DESKTOP-OFJ6N53", "TimeCreated": "2023-12-13 14:34:58.010700+00:00", "RecordID": "222", "Level": "0", "UserID": "S-1-5-18"}
{"EventID": "1", "Channel": "Setup", "Provider_Name": "Microsoft-Windows-Servicing", "Computer": "DESKTOP-OFJ6N53", "TimeCreated": "2023-12-20 08:36:17.970081+00:00", "RecordID": "223", "Level": "0", "UserID": "S-1-5-18"}
{"EventID": "1", "Channel": "Setup", "Provider_Name": "Microsoft-Windows-Servicing", "Computer": "DESKTOP-OFJ6N53", "TimeCreated": "2024-01-10 14:39:26.063002+00:00", "RecordID": "224", "Level": "0", "UserID": "S-1-5-18"}
{"EventID": "1", "Channel": "Setup", "Provider_Name": "Microsoft-Windows-Servicing", "Computer": "DESKTOP-OFJ6N53", "TimeCreated": "2024-01-10 14:39:37.437437+00:00", "RecordID": "225", "Level": "0", "UserID": "S-1-5-18"}
