{"EventID": "400", "Channel": "Windows PowerShell", "Provider_Name": "PowerShell", "Computer": "DESKTOP-OFJ6N53", "TimeCreated": "2025-04-13 00:55:24.376926+00:00", "RecordID": "18093", "Level": "4", "UserID": ""}
{"EventID": "403", "Channel": "Windows PowerShell", "Provider_Name": "PowerShell", "Computer": "DESKTOP-OFJ6N53", "TimeCreated": "2025-04-13 00:55:33.647783+00:00", "RecordID": "18094", "Level": "4", "UserID": ""}
{"EventID": "600", "Channel": "Windows PowerShell", "Provider_Name": "PowerShell", "Computer": "DESKTOP-OFJ6N53", "TimeCreated": "2025-04-14 01:17:55.495146+00:00", "RecordID": "18095", "Level": "4", "UserID": ""}
{"EventID": "600", "Channel": "Windows PowerShell", "Provider_Name": "PowerShell", "Computer": "DESKTOP-OFJ6N53", "TimeCreated": "2025-04-14 01:17:55.496147+00:00", "RecordID": "18096", "Level": "4", "UserID": ""}
{"EventID": "600", "Channel": "Windows PowerShell", "Provider_Name": "PowerShell", "Computer": "DESKTOP-OFJ6N53", "TimeCreated": "2025-04-14 01:17:55.496147+00:00", "RecordID": "18097", "Level": "4", "UserID": ""}
{"EventID": "600", "Channel": "Windows PowerShell", "Provider_Name": "PowerShell", "Computer": "DESKTOP-OFJ6N53", "TimeCreated": "2025-04-14 01:17:55.497145+00:00", "RecordID": "18098", "Level": "4", "UserID": ""}
{"EventID": "600", "Channel": "Windows PowerShell", "Provider_Name": "PowerShell", "Computer": "DESKTOP-OFJ6N53", "TimeCreated": "2025-04-14 01:17:55.498142+00:00", "RecordID": "18099", "Level": "4", "UserID": ""}
{"EventID": "600", "Channel": "Windows PowerShell", "Provider_Name": "PowerShell", "Computer": "DESKTOP-OFJ6N53", "TimeCreated": "2025-04-14 01:17:55.498142+00:00", "RecordID": "18100", "Level": "4", "UserID": ""}
{"EventID": "400", "Channel": "Windows PowerShell", "Provider_Name": "PowerShell", "Computer": "DESKTOP-OFJ6N53", "TimeCreated": "2025-04-14 01:17:55.516945+00:00", "RecordID": "18101", "Level": "4", "UserID": ""}
{"EventID": "600", "Channel": "Windows PowerShell", "Provider_Name": "PowerShell", "Computer": "DESKTOP-OFJ6N53", "TimeCreated": "2025-04-14 01:17:59.498611+00:00", "RecordID": "18102", "Level": "4", "UserID": ""}
{"EventID": "600", "Channel": "Windows PowerShell", "Provider_Name": "PowerShell", "Computer": "DESKTOP-OFJ6N53", "TimeCreated": "2025-04-14 01:17:59.498611+00:00", "RecordID": "18103", "Level": "4", "UserID": ""}
{"EventID": "600", "Channel": "Windows PowerShell", "Provider_Name": "PowerShell", "Computer": "DESKTOP-OFJ6N53", "TimeCreated": "2025-04-14 01:17:59.498611+00:00", "RecordID": "18104", "Level": "4", "UserID": ""}
{"EventID": "600", "Channel": "Windows PowerShell", "Provider_Name": "PowerShell", "Computer": "DESKTOP-OFJ6N53", "TimeCreated": "2025-04-14 01:17:59.498611+00:00", "RecordID": "18105", "Level": "4", "UserID": ""}
{"EventID": "600", "Channel": "Windows PowerShell", "Provider_Name": "PowerShell", "Computer": "DESKTOP-OFJ6N53", "TimeCreated": "2025-04-14 01:17:59.514248+00:00", "RecordID": "18106", "Level": "4", "UserID": ""}
{"EventID": "600", "Channel": "Windows PowerShell", "Provider_Name": "PowerShell", "Computer": "DESKTOP-OFJ6N53", "TimeCreated": "2025-04-14 01:17:59.514248+00:00", "RecordID": "18107", "Level": "4", "UserID": ""}
{"EventID": "400", "Channel": "Windows PowerShell", "Provider_Name": "PowerShell", "Computer": "DESKTOP-OFJ6N53", "TimeCreated": "2025-04-14 01:17:59.514248+00:00", "RecordID": "18108", "Level": "4", "UserID": ""}
{"EventID": "403", "Channel": "Windows PowerShell", "Provider_Name": "PowerShell", "Computer": "DESKTOP-OFJ6N53", "TimeCreated": "2025-04-14 01:18:03.028776+00:00", "RecordID": "18109", "Level": "4", "UserID": ""}
{"EventID": "403", "Channel": "Windows PowerShell", "Provider_Name": "PowerShell", "Computer": "DESKTOP-OFJ6N53", "TimeCreated": "2025-04-14 01:18:03.028776+00:00", "RecordID": "18110", "Level": "4", "UserID": ""}
{"EventID": "600", "Channel": "Windows PowerShell", "Provider_Name": "PowerShell", "Computer": "DESKTOP-OFJ6N53", "TimeCreated": "2025-04-14 01:18:03.535168+00:00", "RecordID": "18111", "Level": "4", "UserID": ""}
{"EventID": "600", "Channel": "Windows PowerShell", "Provider_Name": "PowerShell", "Computer": "DESKTOP-OFJ6N53", "TimeCreated": "2025-04-14 01:18:03.535168+00:00", "RecordID": "18112", "Level": "4", "UserID": ""}
{"EventID": "600", "Channel": "Windows PowerShell", "Provider_Name": "PowerShell", "Computer": "DESKTOP-OFJ6N53", "TimeCreated": "2025-04-14 01:18:03.535168+00:00", "RecordID": "18113", "Level": "4", "UserID": ""}
{"EventID": "600", "Channel": "Windows PowerShell", "Provider_Name": "PowerShell", "Computer": "DESKTOP-OFJ6N53", "TimeCreated": "2025-04-14 01:18:03.535168+00:00", "RecordID": "18114", "Level": "4", "UserID": ""}
{"EventID": "600", "Channel": "Windows PowerShell", "Provider_Name": "PowerShell", "Computer": "DESKTOP-OFJ6N53", "TimeCreated": "2025-04-14 01:18:03.535168+00:00", "RecordID": "18115", "Level": "4", "UserID": ""}
{"EventID": "600", "Channel": "Windows PowerShell", "Provider_Name": "PowerShell", "Computer": "DESKTOP-OFJ6N53", "TimeCreated": "2025-04-14 01:18:03.535168+00:00", "RecordID": "18116", "Level": "4", "UserID": ""}
{"EventID": "400", "Channel": "Windows PowerShell", "Provider_Name": "PowerShell", "Computer": "DESKTOP-OFJ6N53", "TimeCreated": "2025-04-14 01:18:03.556032+00:00", "RecordID": "18117", "Level": "4", "UserID": ""}
{"EventID": "403", "Channel": "Windows PowerShell", "Provider_Name": "PowerShell", "Computer": "DESKTOP-OFJ6N53", "TimeCreated": "2025-04-14 01:18:03.748053+00:00", "RecordID": "18118", "Level": "4", "UserID": ""}
{"EventID": "600", "Channel": "Windows PowerShell", "Provider_Name": "PowerShell", "Computer": "DESKTOP-OFJ6N53", "TimeCreated": "2025-04-14 01:18:04.082020+00:00", "RecordID": "18119", "Level": "4", "UserID": ""}
{"EventID": "600", "Channel": "Windows PowerShell", "Provider_Name": "PowerShell", "Computer": "DESKTOP-OFJ6N53", "TimeCreated": "2025-04-14 01:18:04.082020+00:00", "RecordID": "18120", "Level": "4", "UserID": ""}
{"EventID": "600", "Channel": "Windows PowerShell", "Provider_Name": "PowerShell", "Computer": "DESKTOP-OFJ6N53", "TimeCreated": "2025-04-14 01:18:04.082020+00:00", "RecordID": "18121", "Level": "4", "UserID": ""}
{"EventID": "600", "Channel": "Windows PowerShell", "Provider_Name": "PowerShell", "Computer": "DESKTOP-OFJ6N53", "TimeCreated": "2025-04-14 01:18:04.082020+00:00", "RecordID": "18122", "Level": "4", "UserID": ""}
{"EventID": "600", "Channel": "Windows PowerShell", "Provider_Name": "PowerShell", "Computer": "DESKTOP-OFJ6N53", "TimeCreated": "2025-04-14 01:18:04.082020+00:00", "RecordID": "18123", "Level": "4", "UserID": ""}
{"EventID": "600", "Channel": "Windows PowerShell", "Provider_Name": "PowerShell", "Computer": "DESKTOP-OFJ6N53", "TimeCreated": "2025-04-14 01:18:04.082020+00:00", "RecordID": "18124", "Level": "4", "UserID": ""}
{"EventID": "400", "Channel": "Windows PowerShell", "Provider_Name": "PowerShell", "Computer": "DESKTOP-OFJ6N53", "TimeCreated": "2025-04-14 01:18:04.100874+00:00", "RecordID": "18125", "Level": "4", "UserID": ""}
{"EventID": "403", "Channel": "Windows PowerShell", "Provider_Name": "PowerShell", "Computer": "DESKTOP-OFJ6N53", "TimeCreated": "2025-04-14 01:18:14.268291+00:00", "RecordID": "18126", "Level": "4", "UserID": ""}
{"EventID": "600", "Channel": "Windows PowerShell", "Provider_Name": "PowerShell", "Computer": "DESKTOP-OFJ6N53", "TimeCreated": "2025-04-14 11:39:31.611567+00:00", "RecordID": "18127", "Level": "4", "UserID": ""}
{"EventID": "600", "Channel": "Windows PowerShell", "Provider_Name": "PowerShell", "Computer": "DESKTOP-OFJ6N53", "TimeCreated": "2025-04-14 11:39:31.611567+00:00", "RecordID": "18128", "Level": "4", "UserID": ""}
{"EventID": "600", "Channel": "Windows PowerShell", "Provider_Name": "PowerShell", "Computer": "DESKTOP-OFJ6N53", "TimeCreated": "2025-04-14 11:39:31.611567+00:00", "RecordID": "18129", "Level": "4", "UserID": ""}
{"EventID": "600", "Channel": "Windows PowerShell", "Provider_Name": "PowerShell", "Computer": "DESKTOP-OFJ6N53", "TimeCreated": "2025-04-14 11:39:31.611567+00:00", "RecordID": "18130", "Level": "4", "UserID": ""}
{"EventID": "600", "Channel": "Windows PowerShell", "Provider_Name": "PowerShell", "Computer": "DESKTOP-OFJ6N53", "TimeCreated": "2025-04-14 11:39:31.611567+00:00", "RecordID": "18131", "Level": "4", "UserID": ""}
{"EventID": "600", "Channel": "Windows PowerShell", "Provider_Name": "PowerShell", "Computer": "DESKTOP-OFJ6N53", "TimeCreated": "2025-04-14 11:39:31.611567+00:00", "RecordID": "18132", "Level": "4", "UserID": ""}
{"EventID": "400", "Channel": "Windows PowerShell", "Provider_Name": "PowerShell", "Computer": "DESKTOP-OFJ6N53", "TimeCreated": "2025-04-14 11:39:31.611567+00:00", "RecordID": "18133", "Level": "4", "UserID": ""}
{"EventID": "600", "Channel": "Windows PowerShell", "Provider_Name": "PowerShell", "Computer": "DESKTOP-OFJ6N53", "TimeCreated": "2025-04-15 00:49:54.764874+00:00", "RecordID": "18134", "Level": "4", "UserID": ""}
{"EventID": "600", "Channel": "Windows PowerShell", "Provider_Name": "PowerShell", "Computer": "DESKTOP-OFJ6N53", "TimeCreated": "2025-04-15 00:49:54.764874+00:00", "RecordID": "18135", "Level": "4", "UserID": ""}
{"EventID": "600", "Channel": "Windows PowerShell", "Provider_Name": "PowerShell", "Computer": "DESKTOP-OFJ6N53", "TimeCreated": "2025-04-15 00:49:54.764874+00:00", "RecordID": "18136", "Level": "4", "UserID": ""}
{"EventID": "600", "Channel": "Windows PowerShell", "Provider_Name": "PowerShell", "Computer": "DESKTOP-OFJ6N53", "TimeCreated": "2025-04-15 00:49:54.764874+00:00", "RecordID": "18137", "Level": "4", "UserID": ""}
{"EventID": "600", "Channel": "Windows PowerShell", "Provider_Name": "PowerShell", "Computer": "DESKTOP-OFJ6N53", "TimeCreated": "2025-04-15 00:49:54.764874+00:00", "RecordID": "18138", "Level": "4", "UserID": ""}
{"EventID": "600", "Channel": "Windows PowerShell", "Provider_Name": "PowerShell", "Computer": "DESKTOP-OFJ6N53", "TimeCreated": "2025-04-15 00:49:54.764874+00:00", "RecordID": "18139", "Level": "4", "UserID": ""}
{"EventID": "400", "Channel": "Windows PowerShell", "Provider_Name": "PowerShell", "Computer": "DESKTOP-OFJ6N53", "TimeCreated": "2025-04-15 00:49:54.781288+00:00", "RecordID": "18140", "Level": "4", "UserID": ""}
{"EventID": "600", "Channel": "Windows PowerShell", "Provider_Name": "PowerShell", "Computer": "DESKTOP-OFJ6N53", "TimeCreated": "2025-04-15 00:49:59.635075+00:00", "RecordID": "18141", "Level": "4", "UserID": ""}
{"EventID": "600", "Channel": "Windows PowerShell", "Provider_Name": "PowerShell", "Computer": "DESKTOP-OFJ6N53", "TimeCreated": "2025-04-15 00:49:59.635075+00:00", "RecordID": "18142", "Level": "4", "UserID": ""}
{"EventID": "600", "Channel": "Windows PowerShell", "Provider_Name": "PowerShell", "Computer": "DESKTOP-OFJ6N53", "TimeCreated": "2025-04-15 00:49:59.635075+00:00", "RecordID": "18143", "Level": "4", "UserID": ""}
{"EventID": "600", "Channel": "Windows PowerShell", "Provider_Name": "PowerShell", "Computer": "DESKTOP-OFJ6N53", "TimeCreated": "2025-04-15 00:49:59.636074+00:00", "RecordID": "18144", "Level": "4", "UserID": ""}
{"EventID": "600", "Channel": "Windows PowerShell", "Provider_Name": "PowerShell", "Computer": "DESKTOP-OFJ6N53", "TimeCreated": "2025-04-15 00:49:59.637249+00:00", "RecordID": "18145", "Level": "4", "UserID": ""}
{"EventID": "600", "Channel": "Windows PowerShell", "Provider_Name": "PowerShell", "Computer": "DESKTOP-OFJ6N53", "TimeCreated": "2025-04-15 00:49:59.637249+00:00", "RecordID": "18146", "Level": "4", "UserID": ""}
{"EventID": "400", "Channel": "Windows PowerShell", "Provider_Name": "PowerShell", "Computer": "DESKTOP-OFJ6N53", "TimeCreated": "2025-04-15 00:49:59.637249+00:00", "RecordID": "18147", "Level": "4", "UserID": ""}
{"EventID": "403", "Channel": "Windows PowerShell", "Provider_Name": "PowerShell", "Computer": "DESKTOP-OFJ6N53", "TimeCreated": "2025-04-15 00:50:01.613705+00:00", "RecordID": "18148", "Level": "4", "UserID": ""}
{"EventID": "403", "Channel": "Windows PowerShell", "Provider_Name": "PowerShell", "Computer": "DESKTOP-OFJ6N53", "TimeCreated": "2025-04-15 00:50:02.238312+00:00", "RecordID": "18149", "Level": "4", "UserID": ""}
{"EventID": "600", "Channel": "Windows PowerShell", "Provider_Name": "PowerShell", "Computer": "DESKTOP-OFJ6N53", "TimeCreated": "2025-04-15 00:50:02.967648+00:00", "RecordID": "18150", "Level": "4", "UserID": ""}
{"EventID": "600", "Channel": "Windows PowerShell", "Provider_Name": "PowerShell", "Computer": "DESKTOP-OFJ6N53", "TimeCreated": "2025-04-15 00:50:02.967648+00:00", "RecordID": "18151", "Level": "4", "UserID": ""}
{"EventID": "600", "Channel": "Windows PowerShell", "Provider_Name": "PowerShell", "Computer": "DESKTOP-OFJ6N53", "TimeCreated": "2025-04-15 00:50:02.967648+00:00", "RecordID": "18152", "Level": "4", "UserID": ""}
{"EventID": "600", "Channel": "Windows PowerShell", "Provider_Name": "PowerShell", "Computer": "DESKTOP-OFJ6N53", "TimeCreated": "2025-04-15 00:50:02.967648+00:00", "RecordID": "18153", "Level": "4", "UserID": ""}
{"EventID": "600", "Channel": "Windows PowerShell", "Provider_Name": "PowerShell", "Computer": "DESKTOP-OFJ6N53", "TimeCreated": "2025-04-15 00:50:02.967648+00:00", "RecordID": "18154", "Level": "4", "UserID": ""}
{"EventID": "600", "Channel": "Windows PowerShell", "Provider_Name": "PowerShell", "Computer": "DESKTOP-OFJ6N53", "TimeCreated": "2025-04-15 00:50:02.967648+00:00", "RecordID": "18155", "Level": "4", "UserID": ""}
{"EventID": "400", "Channel": "Windows PowerShell", "Provider_Name": "PowerShell", "Computer": "DESKTOP-OFJ6N53", "TimeCreated": "2025-04-15 00:50:02.983475+00:00", "RecordID": "18156", "Level": "4", "UserID": ""}
{"EventID": "403", "Channel": "Windows PowerShell", "Provider_Name": "PowerShell", "Computer": "DESKTOP-OFJ6N53", "TimeCreated": "2025-04-15 00:50:03.120277+00:00", "RecordID": "18157", "Level": "4", "UserID": ""}
{"EventID": "600", "Channel": "Windows PowerShell", "Provider_Name": "PowerShell", "Computer": "DESKTOP-OFJ6N53", "TimeCreated": "2025-04-15 00:50:03.512531+00:00", "RecordID": "18158", "Level": "4", "UserID": ""}
{"EventID": "600", "Channel": "Windows PowerShell", "Provider_Name": "PowerShell", "Computer": "DESKTOP-OFJ6N53", "TimeCreated": "2025-04-15 00:50:03.512531+00:00", "RecordID": "18159", "Level": "4", "UserID": ""}
{"EventID": "600", "Channel": "Windows PowerShell", "Provider_Name": "PowerShell", "Computer": "DESKTOP-OFJ6N53", "TimeCreated": "2025-04-15 00:50:03.512531+00:00", "RecordID": "18160", "Level": "4", "UserID": ""}
{"EventID": "600", "Channel": "Windows PowerShell", "Provider_Name": "PowerShell", "Computer": "DESKTOP-OFJ6N53", "TimeCreated": "2025-04-15 00:50:03.513535+00:00", "RecordID": "18161", "Level": "4", "UserID": ""}
{"EventID": "600", "Channel": "Windows PowerShell", "Provider_Name": "PowerShell", "Computer": "DESKTOP-OFJ6N53", "TimeCreated": "2025-04-15 00:50:03.514534+00:00", "RecordID": "18162", "Level": "4", "UserID": ""}
{"EventID": "600", "Channel": "Windows PowerShell", "Provider_Name": "PowerShell", "Computer": "DESKTOP-OFJ6N53", "TimeCreated": "2025-04-15 00:50:03.514534+00:00", "RecordID": "18163", "Level": "4", "UserID": ""}
{"EventID": "400", "Channel": "Windows PowerShell", "Provider_Name": "PowerShell", "Computer": "DESKTOP-OFJ6N53", "TimeCreated": "2025-04-15 00:50:03.517706+00:00", "RecordID": "18164", "Level": "4", "UserID": ""}
{"EventID": "403", "Channel": "Windows PowerShell", "Provider_Name": "PowerShell", "Computer": "DESKTOP-OFJ6N53", "TimeCreated": "2025-04-15 00:50:14.552322+00:00", "RecordID": "18165", "Level": "4", "UserID": ""}
{"EventID": "600", "Channel": "Windows PowerShell", "Provider_Name": "PowerShell", "Computer": "DESKTOP-OFJ6N53", "TimeCreated": "2025-04-16 00:32:37.763674+00:00", "RecordID": "18166", "Level": "4", "UserID": ""}
{"EventID": "600", "Channel": "Windows PowerShell", "Provider_Name": "PowerShell", "Computer": "DESKTOP-OFJ6N53", "TimeCreated": "2025-04-16 00:32:37.763674+00:00", "RecordID": "18167", "Level": "4", "UserID": ""}
{"EventID": "600", "Channel": "Windows PowerShell", "Provider_Name": "PowerShell", "Computer": "DESKTOP-OFJ6N53", "TimeCreated": "2025-04-16 00:32:37.763674+00:00", "RecordID": "18168", "Level": "4", "UserID": ""}
{"EventID": "600", "Channel": "Windows PowerShell", "Provider_Name": "PowerShell", "Computer": "DESKTOP-OFJ6N53", "TimeCreated": "2025-04-16 00:32:37.763674+00:00", "RecordID": "18169", "Level": "4", "UserID": ""}
{"EventID": "600", "Channel": "Windows PowerShell", "Provider_Name": "PowerShell", "Computer": "DESKTOP-OFJ6N53", "TimeCreated": "2025-04-16 00:32:37.763674+00:00", "RecordID": "18170", "Level": "4", "UserID": ""}
{"EventID": "600", "Channel": "Windows PowerShell", "Provider_Name": "PowerShell", "Computer": "DESKTOP-OFJ6N53", "TimeCreated": "2025-04-16 00:32:37.763674+00:00", "RecordID": "18171", "Level": "4", "UserID": ""}
{"EventID": "400", "Channel": "Windows PowerShell", "Provider_Name": "PowerShell", "Computer": "DESKTOP-OFJ6N53", "TimeCreated": "2025-04-16 00:32:37.763674+00:00", "RecordID": "18172", "Level": "4", "UserID": ""}
{"EventID": "600", "Channel": "Windows PowerShell", "Provider_Name": "PowerShell", "Computer": "DESKTOP-OFJ6N53", "TimeCreated": "2025-04-16 00:32:43.122194+00:00", "RecordID": "18173", "Level": "4", "UserID": ""}
{"EventID": "600", "Channel": "Windows PowerShell", "Provider_Name": "PowerShell", "Computer": "DESKTOP-OFJ6N53", "TimeCreated": "2025-04-16 00:32:43.122194+00:00", "RecordID": "18174", "Level": "4", "UserID": ""}
{"EventID": "600", "Channel": "Windows PowerShell", "Provider_Name": "PowerShell", "Computer": "DESKTOP-OFJ6N53", "TimeCreated": "2025-04-16 00:32:43.122194+00:00", "RecordID": "18175", "Level": "4", "UserID": ""}
{"EventID": "600", "Channel": "Windows PowerShell", "Provider_Name": "PowerShell", "Computer": "DESKTOP-OFJ6N53", "TimeCreated": "2025-04-16 00:32:43.122194+00:00", "RecordID": "18176", "Level": "4", "UserID": ""}
{"EventID": "600", "Channel": "Windows PowerShell", "Provider_Name": "PowerShell", "Computer": "DESKTOP-OFJ6N53", "TimeCreated": "2025-04-16 00:32:43.122194+00:00", "RecordID": "18177", "Level": "4", "UserID": ""}
{"EventID": "600", "Channel": "Windows PowerShell", "Provider_Name": "PowerShell", "Computer": "DESKTOP-OFJ6N53", "TimeCreated": "2025-04-16 00:32:43.122194+00:00", "RecordID": "18178", "Level": "4", "UserID": ""}
{"EventID": "400", "Channel": "Windows PowerShell", "Provider_Name": "PowerShell", "Computer": "DESKTOP-OFJ6N53", "TimeCreated": "2025-04-16 00:32:43.148111+00:00", "RecordID": "18179", "Level": "4", "UserID": ""}
{"EventID": "403", "Channel": "Windows PowerShell", "Provider_Name": "PowerShell", "Computer": "DESKTOP-OFJ6N53", "TimeCreated": "2025-04-16 00:32:47.077023+00:00", "RecordID": "18180", "Level": "4", "UserID": ""}
{"EventID": "403", "Channel": "Windows PowerShell", "Provider_Name": "PowerShell", "Computer": "DESKTOP-OFJ6N53", "TimeCreated": "2025-04-16 00:32:47.077023+00:00", "RecordID": "18181", "Level": "4", "UserID": ""}
{"EventID": "600", "Channel": "Windows PowerShell", "Provider_Name": "PowerShell", "Computer": "DESKTOP-OFJ6N53", "TimeCreated": "2025-04-16 00:32:47.839737+00:00", "RecordID": "18182", "Level": "4", "UserID": ""}
{"EventID": "600", "Channel": "Windows PowerShell", "Provider_Name": "PowerShell", "Computer": "DESKTOP-OFJ6N53", "TimeCreated": "2025-04-16 00:32:47.839737+00:00", "RecordID": "18183", "Level": "4", "UserID": ""}
{"EventID": "600", "Channel": "Windows PowerShell", "Provider_Name": "PowerShell", "Computer": "DESKTOP-OFJ6N53", "TimeCreated": "2025-04-16 00:32:47.839737+00:00", "RecordID": "18184", "Level": "4", "UserID": ""}
{"EventID": "600", "Channel": "Windows PowerShell", "Provider_Name": "PowerShell", "Computer": "DESKTOP-OFJ6N53", "TimeCreated": "2025-04-16 00:32:47.839737+00:00", "RecordID": "18185", "Level": "4", "UserID": ""}
{"EventID": "600", "Channel": "Windows PowerShell", "Provider_Name": "PowerShell", "Computer": "DESKTOP-OFJ6N53", "TimeCreated": "2025-04-16 00:32:47.839737+00:00", "RecordID": "18186", "Level": "4", "UserID": ""}
{"EventID": "600", "Channel": "Windows PowerShell", "Provider_Name": "PowerShell", "Computer": "DESKTOP-OFJ6N53", "TimeCreated": "2025-04-16 00:32:47.839737+00:00", "RecordID": "18187", "Level": "4", "UserID": ""}
{"EventID": "400", "Channel": "Windows PowerShell", "Provider_Name": "PowerShell", "Computer": "DESKTOP-OFJ6N53", "TimeCreated": "2025-04-16 00:32:47.839737+00:00", "RecordID": "18188", "Level": "4", "UserID": ""}
{"EventID": "403", "Channel": "Windows PowerShell", "Provider_Name": "PowerShell", "Computer": "DESKTOP-OFJ6N53", "TimeCreated": "2025-04-16 00:32:48.087458+00:00", "RecordID": "18189", "Level": "4", "UserID": ""}
{"EventID": "600", "Channel": "Windows PowerShell", "Provider_Name": "PowerShell", "Computer": "DESKTOP-OFJ6N53", "TimeCreated": "2025-04-16 00:32:48.607714+00:00", "RecordID": "18190", "Level": "4", "UserID": ""}
{"EventID": "600", "Channel": "Windows PowerShell", "Provider_Name": "PowerShell", "Computer": "DESKTOP-OFJ6N53", "TimeCreated": "2025-04-16 00:32:48.607714+00:00", "RecordID": "18191", "Level": "4", "UserID": ""}
{"EventID": "600", "Channel": "Windows PowerShell", "Provider_Name": "PowerShell", "Computer": "DESKTOP-OFJ6N53", "TimeCreated": "2025-04-16 00:32:48.607714+00:00", "RecordID": "18192", "Level": "4", "UserID": ""}
{"EventID": "600", "Channel": "Windows PowerShell", "Provider_Name": "PowerShell", "Computer": "DESKTOP-OFJ6N53", "TimeCreated": "2025-04-16 00:32:48.607714+00:00", "RecordID": "18193", "Level": "4", "UserID": ""}
{"EventID": "600", "Channel": "Windows PowerShell", "Provider_Name": "PowerShell", "Computer": "DESKTOP-OFJ6N53", "TimeCreated": "2025-04-16 00:32:48.607714+00:00", "RecordID": "18194", "Level": "4", "UserID": ""}
{"EventID": "600", "Channel": "Windows PowerShell", "Provider_Name": "PowerShell", "Computer": "DESKTOP-OFJ6N53", "TimeCreated": "2025-04-16 00:32:48.607714+00:00", "RecordID": "18195", "Level": "4", "UserID": ""}
{"EventID": "400", "Channel": "Windows PowerShell", "Provider_Name": "PowerShell", "Computer": "DESKTOP-OFJ6N53", "TimeCreated": "2025-04-16 00:32:48.619295+00:00", "RecordID": "18196", "Level": "4", "UserID": ""}
{"EventID": "403", "Channel": "Windows PowerShell", "Provider_Name": "PowerShell", "Computer": "DESKTOP-OFJ6N53", "TimeCreated": "2025-04-16 00:32:57.642546+00:00", "RecordID": "18197", "Level": "4", "UserID": ""}
{"EventID": "600", "Channel": "Windows PowerShell", "Provider_Name": "PowerShell", "Computer": "DESKTOP-OFJ6N53", "TimeCreated": "2025-04-17 01:32:41.714157+00:00", "RecordID": "18198", "Level": "4", "UserID": ""}
{"EventID": "600", "Channel": "Windows PowerShell", "Provider_Name": "PowerShell", "Computer": "DESKTOP-OFJ6N53", "TimeCreated": "2025-04-17 01:32:41.714157+00:00", "RecordID": "18199", "Level": "4", "UserID": ""}
{"EventID": "600", "Channel": "Windows PowerShell", "Provider_Name": "PowerShell", "Computer": "DESKTOP-OFJ6N53", "TimeCreated": "2025-04-17 01:32:41.714157+00:00", "RecordID": "18200", "Level": "4", "UserID": ""}
{"EventID": "600", "Channel": "Windows PowerShell", "Provider_Name": "PowerShell", "Computer": "DESKTOP-OFJ6N53", "TimeCreated": "2025-04-17 01:32:41.730415+00:00", "RecordID": "18201", "Level": "4", "UserID": ""}
{"EventID": "600", "Channel": "Windows PowerShell", "Provider_Name": "PowerShell", "Computer": "DESKTOP-OFJ6N53", "TimeCreated": "2025-04-17 01:32:41.730415+00:00", "RecordID": "18202", "Level": "4", "UserID": ""}
{"EventID": "600", "Channel": "Windows PowerShell", "Provider_Name": "PowerShell", "Computer": "DESKTOP-OFJ6N53", "TimeCreated": "2025-04-17 01:32:41.730415+00:00", "RecordID": "18203", "Level": "4", "UserID": ""}
{"EventID": "400", "Channel": "Windows PowerShell", "Provider_Name": "PowerShell", "Computer": "DESKTOP-OFJ6N53", "TimeCreated": "2025-04-17 01:32:41.730415+00:00", "RecordID": "18204", "Level": "4", "UserID": ""}
{"EventID": "600", "Channel": "Windows PowerShell", "Provider_Name": "PowerShell", "Computer": "DESKTOP-OFJ6N53", "TimeCreated": "2025-04-17 01:32:46.071976+00:00", "RecordID": "18205", "Level": "4", "UserID": ""}
{"EventID": "600", "Channel": "Windows PowerShell", "Provider_Name": "PowerShell", "Computer": "DESKTOP-OFJ6N53", "TimeCreated": "2025-04-17 01:32:46.071976+00:00", "RecordID": "18206", "Level": "4", "UserID": ""}
{"EventID": "600", "Channel": "Windows PowerShell", "Provider_Name": "PowerShell", "Computer": "DESKTOP-OFJ6N53", "TimeCreated": "2025-04-17 01:32:46.072975+00:00", "RecordID": "18207", "Level": "4", "UserID": ""}
{"EventID": "600", "Channel": "Windows PowerShell", "Provider_Name": "PowerShell", "Computer": "DESKTOP-OFJ6N53", "TimeCreated": "2025-04-17 01:32:46.073975+00:00", "RecordID": "18208", "Level": "4", "UserID": ""}
{"EventID": "600", "Channel": "Windows PowerShell", "Provider_Name": "PowerShell", "Computer": "DESKTOP-OFJ6N53", "TimeCreated": "2025-04-17 01:32:46.074118+00:00", "RecordID": "18209", "Level": "4", "UserID": ""}
{"EventID": "600", "Channel": "Windows PowerShell", "Provider_Name": "PowerShell", "Computer": "DESKTOP-OFJ6N53", "TimeCreated": "2025-04-17 01:32:46.074118+00:00", "RecordID": "18210", "Level": "4", "UserID": ""}
{"EventID": "400", "Channel": "Windows PowerShell", "Provider_Name": "PowerShell", "Computer": "DESKTOP-OFJ6N53", "TimeCreated": "2025-04-17 01:32:46.074118+00:00", "RecordID": "18211", "Level": "4", "UserID": ""}
{"EventID": "403", "Channel": "Windows PowerShell", "Provider_Name": "PowerShell", "Computer": "DESKTOP-OFJ6N53", "TimeCreated": "2025-04-17 01:32:48.654034+00:00", "RecordID": "18212", "Level": "4", "UserID": ""}
{"EventID": "403", "Channel": "Windows PowerShell", "Provider_Name": "PowerShell", "Computer": "DESKTOP-OFJ6N53", "TimeCreated": "2025-04-17 01:32:48.654034+00:00", "RecordID": "18213", "Level": "4", "UserID": ""}
{"EventID": "600", "Channel": "Windows PowerShell", "Provider_Name": "PowerShell", "Computer": "DESKTOP-OFJ6N53", "TimeCreated": "2025-04-17 01:32:49.132727+00:00", "RecordID": "18214", "Level": "4", "UserID": ""}
{"EventID": "600", "Channel": "Windows PowerShell", "Provider_Name": "PowerShell", "Computer": "DESKTOP-OFJ6N53", "TimeCreated": "2025-04-17 01:32:49.132727+00:00", "RecordID": "18215", "Level": "4", "UserID": ""}
{"EventID": "600", "Channel": "Windows PowerShell", "Provider_Name": "PowerShell", "Computer": "DESKTOP-OFJ6N53", "TimeCreated": "2025-04-17 01:32:49.132727+00:00", "RecordID": "18216", "Level": "4", "UserID": ""}
{"EventID": "600", "Channel": "Windows PowerShell", "Provider_Name": "PowerShell", "Computer": "DESKTOP-OFJ6N53", "TimeCreated": "2025-04-17 01:32:49.132727+00:00", "RecordID": "18217", "Level": "4", "UserID": ""}
{"EventID": "600", "Channel": "Windows PowerShell", "Provider_Name": "PowerShell", "Computer": "DESKTOP-OFJ6N53", "TimeCreated": "2025-04-17 01:32:49.132727+00:00", "RecordID": "18218", "Level": "4", "UserID": ""}
{"EventID": "600", "Channel": "Windows PowerShell", "Provider_Name": "PowerShell", "Computer": "DESKTOP-OFJ6N53", "TimeCreated": "2025-04-17 01:32:49.132727+00:00", "RecordID": "18219", "Level": "4", "UserID": ""}
{"EventID": "400", "Channel": "Windows PowerShell", "Provider_Name": "PowerShell", "Computer": "DESKTOP-OFJ6N53", "TimeCreated": "2025-04-17 01:32:49.132727+00:00", "RecordID": "18220", "Level": "4", "UserID": ""}
{"EventID": "403", "Channel": "Windows PowerShell", "Provider_Name": "PowerShell", "Computer": "DESKTOP-OFJ6N53", "TimeCreated": "2025-04-17 01:32:49.297779+00:00", "RecordID": "18221", "Level": "4", "UserID": ""}
{"EventID": "600", "Channel": "Windows PowerShell", "Provider_Name": "PowerShell", "Computer": "DESKTOP-OFJ6N53", "TimeCreated": "2025-04-17 01:32:49.658810+00:00", "RecordID": "18222", "Level": "4", "UserID": ""}
{"EventID": "600", "Channel": "Windows PowerShell", "Provider_Name": "PowerShell", "Computer": "DESKTOP-OFJ6N53", "TimeCreated": "2025-04-17 01:32:49.659805+00:00", "RecordID": "18223", "Level": "4", "UserID": ""}
{"EventID": "600", "Channel": "Windows PowerShell", "Provider_Name": "PowerShell", "Computer": "DESKTOP-OFJ6N53", "TimeCreated": "2025-04-17 01:32:49.659805+00:00", "RecordID": "18224", "Level": "4", "UserID": ""}
{"EventID": "600", "Channel": "Windows PowerShell", "Provider_Name": "PowerShell", "Computer": "DESKTOP-OFJ6N53", "TimeCreated": "2025-04-17 01:32:49.660803+00:00", "RecordID": "18225", "Level": "4", "UserID": ""}
{"EventID": "600", "Channel": "Windows PowerShell", "Provider_Name": "PowerShell", "Computer": "DESKTOP-OFJ6N53", "TimeCreated": "2025-04-17 01:32:49.660803+00:00", "RecordID": "18226", "Level": "4", "UserID": ""}
{"EventID": "600", "Channel": "Windows PowerShell", "Provider_Name": "PowerShell", "Computer": "DESKTOP-OFJ6N53", "TimeCreated": "2025-04-17 01:32:49.660803+00:00", "RecordID": "18227", "Level": "4", "UserID": ""}
{"EventID": "400", "Channel": "Windows PowerShell", "Provider_Name": "PowerShell", "Computer": "DESKTOP-OFJ6N53", "TimeCreated": "2025-04-17 01:32:49.663967+00:00", "RecordID": "18228", "Level": "4", "UserID": ""}
{"EventID": "403", "Channel": "Windows PowerShell", "Provider_Name": "PowerShell", "Computer": "DESKTOP-OFJ6N53", "TimeCreated": "2025-04-17 01:32:58.300282+00:00", "RecordID": "18229", "Level": "4", "UserID": ""}
{"EventID": "600", "Channel": "Windows PowerShell", "Provider_Name": "PowerShell", "Computer": "DESKTOP-OFJ6N53", "TimeCreated": "2025-04-18 01:56:21.235586+00:00", "RecordID": "18230", "Level": "4", "UserID": ""}
{"EventID": "600", "Channel": "Windows PowerShell", "Provider_Name": "PowerShell", "Computer": "DESKTOP-OFJ6N53", "TimeCreated": "2025-04-18 01:56:21.235586+00:00", "RecordID": "18231", "Level": "4", "UserID": ""}
{"EventID": "600", "Channel": "Windows PowerShell", "Provider_Name": "PowerShell", "Computer": "DESKTOP-OFJ6N53", "TimeCreated": "2025-04-18 01:56:21.235586+00:00", "RecordID": "18232", "Level": "4", "UserID": ""}
{"EventID": "600", "Channel": "Windows PowerShell", "Provider_Name": "PowerShell", "Computer": "DESKTOP-OFJ6N53", "TimeCreated": "2025-04-18 01:56:21.235586+00:00", "RecordID": "18233", "Level": "4", "UserID": ""}
{"EventID": "600", "Channel": "Windows PowerShell", "Provider_Name": "PowerShell", "Computer": "DESKTOP-OFJ6N53", "TimeCreated": "2025-04-18 01:56:21.235586+00:00", "RecordID": "18234", "Level": "4", "UserID": ""}
{"EventID": "600", "Channel": "Windows PowerShell", "Provider_Name": "PowerShell", "Computer": "DESKTOP-OFJ6N53", "TimeCreated": "2025-04-18 01:56:21.250019+00:00", "RecordID": "18235", "Level": "4", "UserID": ""}
{"EventID": "400", "Channel": "Windows PowerShell", "Provider_Name": "PowerShell", "Computer": "DESKTOP-OFJ6N53", "TimeCreated": "2025-04-18 01:56:21.250019+00:00", "RecordID": "18236", "Level": "4", "UserID": ""}
{"EventID": "600", "Channel": "Windows PowerShell", "Provider_Name": "PowerShell", "Computer": "DESKTOP-OFJ6N53", "TimeCreated": "2025-04-18 01:56:25.876431+00:00", "RecordID": "18237", "Level": "4", "UserID": ""}
{"EventID": "600", "Channel": "Windows PowerShell", "Provider_Name": "PowerShell", "Computer": "DESKTOP-OFJ6N53", "TimeCreated": "2025-04-18 01:56:25.876431+00:00", "RecordID": "18238", "Level": "4", "UserID": ""}
{"EventID": "600", "Channel": "Windows PowerShell", "Provider_Name": "PowerShell", "Computer": "DESKTOP-OFJ6N53", "TimeCreated": "2025-04-18 01:56:25.876431+00:00", "RecordID": "18239", "Level": "4", "UserID": ""}
{"EventID": "600", "Channel": "Windows PowerShell", "Provider_Name": "PowerShell", "Computer": "DESKTOP-OFJ6N53", "TimeCreated": "2025-04-18 01:56:25.876431+00:00", "RecordID": "18240", "Level": "4", "UserID": ""}
{"EventID": "600", "Channel": "Windows PowerShell", "Provider_Name": "PowerShell", "Computer": "DESKTOP-OFJ6N53", "TimeCreated": "2025-04-18 01:56:25.876431+00:00", "RecordID": "18241", "Level": "4", "UserID": ""}
{"EventID": "600", "Channel": "Windows PowerShell", "Provider_Name": "PowerShell", "Computer": "DESKTOP-OFJ6N53", "TimeCreated": "2025-04-18 01:56:25.876431+00:00", "RecordID": "18242", "Level": "4", "UserID": ""}
{"EventID": "400", "Channel": "Windows PowerShell", "Provider_Name": "PowerShell", "Computer": "DESKTOP-OFJ6N53", "TimeCreated": "2025-04-18 01:56:25.905964+00:00", "RecordID": "18243", "Level": "4", "UserID": ""}
{"EventID": "403", "Channel": "Windows PowerShell", "Provider_Name": "PowerShell", "Computer": "DESKTOP-OFJ6N53", "TimeCreated": "2025-04-18 01:56:32.075417+00:00", "RecordID": "18244", "Level": "4", "UserID": ""}
{"EventID": "403", "Channel": "Windows PowerShell", "Provider_Name": "PowerShell", "Computer": "DESKTOP-OFJ6N53", "TimeCreated": "2025-04-18 01:56:32.075417+00:00", "RecordID": "18245", "Level": "4", "UserID": ""}
{"EventID": "600", "Channel": "Windows PowerShell", "Provider_Name": "PowerShell", "Computer": "DESKTOP-OFJ6N53", "TimeCreated": "2025-04-18 01:56:32.463146+00:00", "RecordID": "18246", "Level": "4", "UserID": ""}
{"EventID": "600", "Channel": "Windows PowerShell", "Provider_Name": "PowerShell", "Computer": "DESKTOP-OFJ6N53", "TimeCreated": "2025-04-18 01:56:32.463146+00:00", "RecordID": "18247", "Level": "4", "UserID": ""}
{"EventID": "600", "Channel": "Windows PowerShell", "Provider_Name": "PowerShell", "Computer": "DESKTOP-OFJ6N53", "TimeCreated": "2025-04-18 01:56:32.463146+00:00", "RecordID": "18248", "Level": "4", "UserID": ""}
{"EventID": "600", "Channel": "Windows PowerShell", "Provider_Name": "PowerShell", "Computer": "DESKTOP-OFJ6N53", "TimeCreated": "2025-04-18 01:56:32.463146+00:00", "RecordID": "18249", "Level": "4", "UserID": ""}
{"EventID": "600", "Channel": "Windows PowerShell", "Provider_Name": "PowerShell", "Computer": "DESKTOP-OFJ6N53", "TimeCreated": "2025-04-18 01:56:32.463146+00:00", "RecordID": "18250", "Level": "4", "UserID": ""}
{"EventID": "600", "Channel": "Windows PowerShell", "Provider_Name": "PowerShell", "Computer": "DESKTOP-OFJ6N53", "TimeCreated": "2025-04-18 01:56:32.463146+00:00", "RecordID": "18251", "Level": "4", "UserID": ""}
{"EventID": "400", "Channel": "Windows PowerShell", "Provider_Name": "PowerShell", "Computer": "DESKTOP-OFJ6N53", "TimeCreated": "2025-04-18 01:56:32.475798+00:00", "RecordID": "18252", "Level": "4", "UserID": ""}
{"EventID": "403", "Channel": "Windows PowerShell", "Provider_Name": "PowerShell", "Computer": "DESKTOP-OFJ6N53", "TimeCreated": "2025-04-18 01:56:32.706064+00:00", "RecordID": "18253", "Level": "4", "UserID": ""}
{"EventID": "600", "Channel": "Windows PowerShell", "Provider_Name": "PowerShell", "Computer": "DESKTOP-OFJ6N53", "TimeCreated": "2025-04-18 01:56:33.163944+00:00", "RecordID": "18254", "Level": "4", "UserID": ""}
{"EventID": "600", "Channel": "Windows PowerShell", "Provider_Name": "PowerShell", "Computer": "DESKTOP-OFJ6N53", "TimeCreated": "2025-04-18 01:56:33.163944+00:00", "RecordID": "18255", "Level": "4", "UserID": ""}
{"EventID": "600", "Channel": "Windows PowerShell", "Provider_Name": "PowerShell", "Computer": "DESKTOP-OFJ6N53", "TimeCreated": "2025-04-18 01:56:33.163944+00:00", "RecordID": "18256", "Level": "4", "UserID": ""}
{"EventID": "600", "Channel": "Windows PowerShell", "Provider_Name": "PowerShell", "Computer": "DESKTOP-OFJ6N53", "TimeCreated": "2025-04-18 01:56:33.163944+00:00", "RecordID": "18257", "Level": "4", "UserID": ""}
{"EventID": "600", "Channel": "Windows PowerShell", "Provider_Name": "PowerShell", "Computer": "DESKTOP-OFJ6N53", "TimeCreated": "2025-04-18 01:56:33.163944+00:00", "RecordID": "18258", "Level": "4", "UserID": ""}
{"EventID": "600", "Channel": "Windows PowerShell", "Provider_Name": "PowerShell", "Computer": "DESKTOP-OFJ6N53", "TimeCreated": "2025-04-18 01:56:33.163944+00:00", "RecordID": "18259", "Level": "4", "UserID": ""}
{"EventID": "400", "Channel": "Windows PowerShell", "Provider_Name": "PowerShell", "Computer": "DESKTOP-OFJ6N53", "TimeCreated": "2025-04-18 01:56:33.163944+00:00", "RecordID": "18260", "Level": "4", "UserID": ""}
{"EventID": "403", "Channel": "Windows PowerShell", "Provider_Name": "PowerShell", "Computer": "DESKTOP-OFJ6N53", "TimeCreated": "2025-04-18 01:56:41.832876+00:00", "RecordID": "18261", "Level": "4", "UserID": ""}
{"EventID": "600", "Channel": "Windows PowerShell", "Provider_Name": "PowerShell", "Computer": "DESKTOP-OFJ6N53", "TimeCreated": "2025-04-19 00:04:07.767527+00:00", "RecordID": "18262", "Level": "4", "UserID": ""}
{"EventID": "600", "Channel": "Windows PowerShell", "Provider_Name": "PowerShell", "Computer": "DESKTOP-OFJ6N53", "TimeCreated": "2025-04-19 00:04:07.767527+00:00", "RecordID": "18263", "Level": "4", "UserID": ""}
{"EventID": "600", "Channel": "Windows PowerShell", "Provider_Name": "PowerShell", "Computer": "DESKTOP-OFJ6N53", "TimeCreated": "2025-04-19 00:04:07.767527+00:00", "RecordID": "18264", "Level": "4", "UserID": ""}
{"EventID": "600", "Channel": "Windows PowerShell", "Provider_Name": "PowerShell", "Computer": "DESKTOP-OFJ6N53", "TimeCreated": "2025-04-19 00:04:07.767527+00:00", "RecordID": "18265", "Level": "4", "UserID": ""}
{"EventID": "600", "Channel": "Windows PowerShell", "Provider_Name": "PowerShell", "Computer": "DESKTOP-OFJ6N53", "TimeCreated": "2025-04-19 00:04:07.767527+00:00", "RecordID": "18266", "Level": "4", "UserID": ""}
{"EventID": "600", "Channel": "Windows PowerShell", "Provider_Name": "PowerShell", "Computer": "DESKTOP-OFJ6N53", "TimeCreated": "2025-04-19 00:04:07.767527+00:00", "RecordID": "18267", "Level": "4", "UserID": ""}
{"EventID": "400", "Channel": "Windows PowerShell", "Provider_Name": "PowerShell", "Computer": "DESKTOP-OFJ6N53", "TimeCreated": "2025-04-19 00:04:07.783213+00:00", "RecordID": "18268", "Level": "4", "UserID": ""}
{"EventID": "600", "Channel": "Windows PowerShell", "Provider_Name": "PowerShell", "Computer": "DESKTOP-OFJ6N53", "TimeCreated": "2025-04-19 00:04:13.052717+00:00", "RecordID": "18269", "Level": "4", "UserID": ""}
{"EventID": "600", "Channel": "Windows PowerShell", "Provider_Name": "PowerShell", "Computer": "DESKTOP-OFJ6N53", "TimeCreated": "2025-04-19 00:04:13.052717+00:00", "RecordID": "18270", "Level": "4", "UserID": ""}
{"EventID": "600", "Channel": "Windows PowerShell", "Provider_Name": "PowerShell", "Computer": "DESKTOP-OFJ6N53", "TimeCreated": "2025-04-19 00:04:13.052717+00:00", "RecordID": "18271", "Level": "4", "UserID": ""}
{"EventID": "600", "Channel": "Windows PowerShell", "Provider_Name": "PowerShell", "Computer": "DESKTOP-OFJ6N53", "TimeCreated": "2025-04-19 00:04:13.052717+00:00", "RecordID": "18272", "Level": "4", "UserID": ""}
{"EventID": "600", "Channel": "Windows PowerShell", "Provider_Name": "PowerShell", "Computer": "DESKTOP-OFJ6N53", "TimeCreated": "2025-04-19 00:04:13.052717+00:00", "RecordID": "18273", "Level": "4", "UserID": ""}
{"EventID": "600", "Channel": "Windows PowerShell", "Provider_Name": "PowerShell", "Computer": "DESKTOP-OFJ6N53", "TimeCreated": "2025-04-19 00:04:13.052717+00:00", "RecordID": "18274", "Level": "4", "UserID": ""}
{"EventID": "400", "Channel": "Windows PowerShell", "Provider_Name": "PowerShell", "Computer": "DESKTOP-OFJ6N53", "TimeCreated": "2025-04-19 00:04:13.052717+00:00", "RecordID": "18275", "Level": "4", "UserID": ""}
{"EventID": "403", "Channel": "Windows PowerShell", "Provider_Name": "PowerShell", "Computer": "DESKTOP-OFJ6N53", "TimeCreated": "2025-04-19 00:04:17.559498+00:00", "RecordID": "18276", "Level": "4", "UserID": ""}
{"EventID": "403", "Channel": "Windows PowerShell", "Provider_Name": "PowerShell", "Computer": "DESKTOP-OFJ6N53", "TimeCreated": "2025-04-19 00:04:17.559498+00:00", "RecordID": "18277", "Level": "4", "UserID": ""}
{"EventID": "600", "Channel": "Windows PowerShell", "Provider_Name": "PowerShell", "Computer": "DESKTOP-OFJ6N53", "TimeCreated": "2025-04-19 00:04:18.384228+00:00", "RecordID": "18278", "Level": "4", "UserID": ""}
{"EventID": "600", "Channel": "Windows PowerShell", "Provider_Name": "PowerShell", "Computer": "DESKTOP-OFJ6N53", "TimeCreated": "2025-04-19 00:04:18.384228+00:00", "RecordID": "18279", "Level": "4", "UserID": ""}
{"EventID": "600", "Channel": "Windows PowerShell", "Provider_Name": "PowerShell", "Computer": "DESKTOP-OFJ6N53", "TimeCreated": "2025-04-19 00:04:18.384228+00:00", "RecordID": "18280", "Level": "4", "UserID": ""}
{"EventID": "600", "Channel": "Windows PowerShell", "Provider_Name": "PowerShell", "Computer": "DESKTOP-OFJ6N53", "TimeCreated": "2025-04-19 00:04:18.384228+00:00", "RecordID": "18281", "Level": "4", "UserID": ""}
{"EventID": "600", "Channel": "Windows PowerShell", "Provider_Name": "PowerShell", "Computer": "DESKTOP-OFJ6N53", "TimeCreated": "2025-04-19 00:04:18.384228+00:00", "RecordID": "18282", "Level": "4", "UserID": ""}
{"EventID": "600", "Channel": "Windows PowerShell", "Provider_Name": "PowerShell", "Computer": "DESKTOP-OFJ6N53", "TimeCreated": "2025-04-19 00:04:18.384228+00:00", "RecordID": "18283", "Level": "4", "UserID": ""}
{"EventID": "400", "Channel": "Windows PowerShell", "Provider_Name": "PowerShell", "Computer": "DESKTOP-OFJ6N53", "TimeCreated": "2025-04-19 00:04:18.400608+00:00", "RecordID": "18284", "Level": "4", "UserID": ""}
{"EventID": "403", "Channel": "Windows PowerShell", "Provider_Name": "PowerShell", "Computer": "DESKTOP-OFJ6N53", "TimeCreated": "2025-04-19 00:04:18.653318+00:00", "RecordID": "18285", "Level": "4", "UserID": ""}
{"EventID": "600", "Channel": "Windows PowerShell", "Provider_Name": "PowerShell", "Computer": "DESKTOP-OFJ6N53", "TimeCreated": "2025-04-19 00:04:19.121162+00:00", "RecordID": "18286", "Level": "4", "UserID": ""}
{"EventID": "600", "Channel": "Windows PowerShell", "Provider_Name": "PowerShell", "Computer": "DESKTOP-OFJ6N53", "TimeCreated": "2025-04-19 00:04:19.121162+00:00", "RecordID": "18287", "Level": "4", "UserID": ""}
{"EventID": "600", "Channel": "Windows PowerShell", "Provider_Name": "PowerShell", "Computer": "DESKTOP-OFJ6N53", "TimeCreated": "2025-04-19 00:04:19.121162+00:00", "RecordID": "18288", "Level": "4", "UserID": ""}
{"EventID": "600", "Channel": "Windows PowerShell", "Provider_Name": "PowerShell", "Computer": "DESKTOP-OFJ6N53", "TimeCreated": "2025-04-19 00:04:19.121162+00:00", "RecordID": "18289", "Level": "4", "UserID": ""}
{"EventID": "600", "Channel": "Windows PowerShell", "Provider_Name": "PowerShell", "Computer": "DESKTOP-OFJ6N53", "TimeCreated": "2025-04-19 00:04:19.121162+00:00", "RecordID": "18290", "Level": "4", "UserID": ""}
{"EventID": "600", "Channel": "Windows PowerShell", "Provider_Name": "PowerShell", "Computer": "DESKTOP-OFJ6N53", "TimeCreated": "2025-04-19 00:04:19.121162+00:00", "RecordID": "18291", "Level": "4", "UserID": ""}
{"EventID": "400", "Channel": "Windows PowerShell", "Provider_Name": "PowerShell", "Computer": "DESKTOP-OFJ6N53", "TimeCreated": "2025-04-19 00:04:19.136831+00:00", "RecordID": "18292", "Level": "4", "UserID": ""}
{"EventID": "403", "Channel": "Windows PowerShell", "Provider_Name": "PowerShell", "Computer": "DESKTOP-OFJ6N53", "TimeCreated": "2025-04-19 00:04:28.773010+00:00", "RecordID": "18293", "Level": "4", "UserID": ""}
{"EventID": "600", "Channel": "Windows PowerShell", "Provider_Name": "PowerShell", "Computer": "DESKTOP-OFJ6N53", "TimeCreated": "2025-04-20 01:46:38.421515+00:00", "RecordID": "18294", "Level": "4", "UserID": ""}
{"EventID": "600", "Channel": "Windows PowerShell", "Provider_Name": "PowerShell", "Computer": "DESKTOP-OFJ6N53", "TimeCreated": "2025-04-20 01:46:38.422630+00:00", "RecordID": "18295", "Level": "4", "UserID": ""}
{"EventID": "600", "Channel": "Windows PowerShell", "Provider_Name": "PowerShell", "Computer": "DESKTOP-OFJ6N53", "TimeCreated": "2025-04-20 01:46:38.422630+00:00", "RecordID": "18296", "Level": "4", "UserID": ""}
{"EventID": "600", "Channel": "Windows PowerShell", "Provider_Name": "PowerShell", "Computer": "DESKTOP-OFJ6N53", "TimeCreated": "2025-04-20 01:46:38.422630+00:00", "RecordID": "18297", "Level": "4", "UserID": ""}
{"EventID": "600", "Channel": "Windows PowerShell", "Provider_Name": "PowerShell", "Computer": "DESKTOP-OFJ6N53", "TimeCreated": "2025-04-20 01:46:38.422630+00:00", "RecordID": "18298", "Level": "4", "UserID": ""}
{"EventID": "600", "Channel": "Windows PowerShell", "Provider_Name": "PowerShell", "Computer": "DESKTOP-OFJ6N53", "TimeCreated": "2025-04-20 01:46:38.422630+00:00", "RecordID": "18299", "Level": "4", "UserID": ""}
{"EventID": "400", "Channel": "Windows PowerShell", "Provider_Name": "PowerShell", "Computer": "DESKTOP-OFJ6N53", "TimeCreated": "2025-04-20 01:46:38.438927+00:00", "RecordID": "18300", "Level": "4", "UserID": ""}
{"EventID": "600", "Channel": "Windows PowerShell", "Provider_Name": "PowerShell", "Computer": "DESKTOP-OFJ6N53", "TimeCreated": "2025-04-20 01:46:46.379459+00:00", "RecordID": "18301", "Level": "4", "UserID": ""}
{"EventID": "600", "Channel": "Windows PowerShell", "Provider_Name": "PowerShell", "Computer": "DESKTOP-OFJ6N53", "TimeCreated": "2025-04-20 01:46:46.379459+00:00", "RecordID": "18302", "Level": "4", "UserID": ""}
{"EventID": "600", "Channel": "Windows PowerShell", "Provider_Name": "PowerShell", "Computer": "DESKTOP-OFJ6N53", "TimeCreated": "2025-04-20 01:46:46.379459+00:00", "RecordID": "18303", "Level": "4", "UserID": ""}
{"EventID": "600", "Channel": "Windows PowerShell", "Provider_Name": "PowerShell", "Computer": "DESKTOP-OFJ6N53", "TimeCreated": "2025-04-20 01:46:46.379459+00:00", "RecordID": "18304", "Level": "4", "UserID": ""}
{"EventID": "600", "Channel": "Windows PowerShell", "Provider_Name": "PowerShell", "Computer": "DESKTOP-OFJ6N53", "TimeCreated": "2025-04-20 01:46:46.379459+00:00", "RecordID": "18305", "Level": "4", "UserID": ""}
{"EventID": "600", "Channel": "Windows PowerShell", "Provider_Name": "PowerShell", "Computer": "DESKTOP-OFJ6N53", "TimeCreated": "2025-04-20 01:46:46.379459+00:00", "RecordID": "18306", "Level": "4", "UserID": ""}
{"EventID": "400", "Channel": "Windows PowerShell", "Provider_Name": "PowerShell", "Computer": "DESKTOP-OFJ6N53", "TimeCreated": "2025-04-20 01:46:46.419720+00:00", "RecordID": "18307", "Level": "4", "UserID": ""}
{"EventID": "403", "Channel": "Windows PowerShell", "Provider_Name": "PowerShell", "Computer": "DESKTOP-OFJ6N53", "TimeCreated": "2025-04-20 01:46:49.212240+00:00", "RecordID": "18308", "Level": "4", "UserID": ""}
{"EventID": "403", "Channel": "Windows PowerShell", "Provider_Name": "PowerShell", "Computer": "DESKTOP-OFJ6N53", "TimeCreated": "2025-04-20 01:46:51.091761+00:00", "RecordID": "18309", "Level": "4", "UserID": ""}
{"EventID": "600", "Channel": "Windows PowerShell", "Provider_Name": "PowerShell", "Computer": "DESKTOP-OFJ6N53", "TimeCreated": "2025-04-20 01:46:52.435076+00:00", "RecordID": "18310", "Level": "4", "UserID": ""}
{"EventID": "600", "Channel": "Windows PowerShell", "Provider_Name": "PowerShell", "Computer": "DESKTOP-OFJ6N53", "TimeCreated": "2025-04-20 01:46:52.435076+00:00", "RecordID": "18311", "Level": "4", "UserID": ""}
{"EventID": "600", "Channel": "Windows PowerShell", "Provider_Name": "PowerShell", "Computer": "DESKTOP-OFJ6N53", "TimeCreated": "2025-04-20 01:46:52.436077+00:00", "RecordID": "18312", "Level": "4", "UserID": ""}
{"EventID": "600", "Channel": "Windows PowerShell", "Provider_Name": "PowerShell", "Computer": "DESKTOP-OFJ6N53", "TimeCreated": "2025-04-20 01:46:52.437077+00:00", "RecordID": "18313", "Level": "4", "UserID": ""}
{"EventID": "600", "Channel": "Windows PowerShell", "Provider_Name": "PowerShell", "Computer": "DESKTOP-OFJ6N53", "TimeCreated": "2025-04-20 01:46:52.437077+00:00", "RecordID": "18314", "Level": "4", "UserID": ""}
{"EventID": "600", "Channel": "Windows PowerShell", "Provider_Name": "PowerShell", "Computer": "DESKTOP-OFJ6N53", "TimeCreated": "2025-04-20 01:46:52.437077+00:00", "RecordID": "18315", "Level": "4", "UserID": ""}
{"EventID": "400", "Channel": "Windows PowerShell", "Provider_Name": "PowerShell", "Computer": "DESKTOP-OFJ6N53", "TimeCreated": "2025-04-20 01:46:52.439772+00:00", "RecordID": "18316", "Level": "4", "UserID": ""}
{"EventID": "403", "Channel": "Windows PowerShell", "Provider_Name": "PowerShell", "Computer": "DESKTOP-OFJ6N53", "TimeCreated": "2025-04-20 01:46:52.639503+00:00", "RecordID": "18317", "Level": "4", "UserID": ""}
{"EventID": "600", "Channel": "Windows PowerShell", "Provider_Name": "PowerShell", "Computer": "DESKTOP-OFJ6N53", "TimeCreated": "2025-04-20 01:46:53.078749+00:00", "RecordID": "18318", "Level": "4", "UserID": ""}
{"EventID": "600", "Channel": "Windows PowerShell", "Provider_Name": "PowerShell", "Computer": "DESKTOP-OFJ6N53", "TimeCreated": "2025-04-20 01:46:53.078749+00:00", "RecordID": "18319", "Level": "4", "UserID": ""}
{"EventID": "600", "Channel": "Windows PowerShell", "Provider_Name": "PowerShell", "Computer": "DESKTOP-OFJ6N53", "TimeCreated": "2025-04-20 01:46:53.078749+00:00", "RecordID": "18320", "Level": "4", "UserID": ""}
{"EventID": "600", "Channel": "Windows PowerShell", "Provider_Name": "PowerShell", "Computer": "DESKTOP-OFJ6N53", "TimeCreated": "2025-04-20 01:46:53.078749+00:00", "RecordID": "18321", "Level": "4", "UserID": ""}
{"EventID": "600", "Channel": "Windows PowerShell", "Provider_Name": "PowerShell", "Computer": "DESKTOP-OFJ6N53", "TimeCreated": "2025-04-20 01:46:53.078749+00:00", "RecordID": "18322", "Level": "4", "UserID": ""}
{"EventID": "600", "Channel": "Windows PowerShell", "Provider_Name": "PowerShell", "Computer": "DESKTOP-OFJ6N53", "TimeCreated": "2025-04-20 01:46:53.078749+00:00", "RecordID": "18323", "Level": "4", "UserID": ""}
{"EventID": "400", "Channel": "Windows PowerShell", "Provider_Name": "PowerShell", "Computer": "DESKTOP-OFJ6N53", "TimeCreated": "2025-04-20 01:46:53.078749+00:00", "RecordID": "18324", "Level": "4", "UserID": ""}
{"EventID": "403", "Channel": "Windows PowerShell", "Provider_Name": "PowerShell", "Computer": "DESKTOP-OFJ6N53", "TimeCreated": "2025-04-20 01:47:02.267506+00:00", "RecordID": "18325", "Level": "4", "UserID": ""}
