{"EventID": "403", "Channel": "Windows PowerShell", "Provider_Name": "PowerShell", "Computer": "DESKTOP-OFJ6N53", "TimeCreated": "2024-09-29 01:36:44.328909+00:00", "RecordID": "13200", "Level": "4", "UserID": ""}
{"EventID": "600", "Channel": "Windows PowerShell", "Provider_Name": "PowerShell", "Computer": "DESKTOP-OFJ6N53", "TimeCreated": "2024-09-29 01:36:44.625597+00:00", "RecordID": "13201", "Level": "4", "UserID": ""}
{"EventID": "600", "Channel": "Windows PowerShell", "Provider_Name": "PowerShell", "Computer": "DESKTOP-OFJ6N53", "TimeCreated": "2024-09-29 01:36:44.626595+00:00", "RecordID": "13202", "Level": "4", "UserID": ""}
{"EventID": "600", "Channel": "Windows PowerShell", "Provider_Name": "PowerShell", "Computer": "DESKTOP-OFJ6N53", "TimeCreated": "2024-09-29 01:36:44.626595+00:00", "RecordID": "13203", "Level": "4", "UserID": ""}
{"EventID": "600", "Channel": "Windows PowerShell", "Provider_Name": "PowerShell", "Computer": "DESKTOP-OFJ6N53", "TimeCreated": "2024-09-29 01:36:44.627594+00:00", "RecordID": "13204", "Level": "4", "UserID": ""}
{"EventID": "600", "Channel": "Windows PowerShell", "Provider_Name": "PowerShell", "Computer": "DESKTOP-OFJ6N53", "TimeCreated": "2024-09-29 01:36:44.627594+00:00", "RecordID": "13205", "Level": "4", "UserID": ""}
{"EventID": "600", "Channel": "Windows PowerShell", "Provider_Name": "PowerShell", "Computer": "DESKTOP-OFJ6N53", "TimeCreated": "2024-09-29 01:36:44.627594+00:00", "RecordID": "13206", "Level": "4", "UserID": ""}
{"EventID": "400", "Channel": "Windows PowerShell", "Provider_Name": "PowerShell", "Computer": "DESKTOP-OFJ6N53", "TimeCreated": "2024-09-29 01:36:44.638594+00:00", "RecordID": "13207", "Level": "4", "UserID": ""}
{"EventID": "403", "Channel": "Windows PowerShell", "Provider_Name": "PowerShell", "Computer": "DESKTOP-OFJ6N53", "TimeCreated": "2024-09-29 01:36:52.225286+00:00", "RecordID": "13208", "Level": "4", "UserID": ""}
{"EventID": "600", "Channel": "Windows PowerShell", "Provider_Name": "PowerShell", "Computer": "DESKTOP-OFJ6N53", "TimeCreated": "2024-09-30 00:17:09.193113+00:00", "RecordID": "13209", "Level": "4", "UserID": ""}
{"EventID": "600", "Channel": "Windows PowerShell", "Provider_Name": "PowerShell", "Computer": "DESKTOP-OFJ6N53", "TimeCreated": "2024-09-30 00:17:09.194111+00:00", "RecordID": "13210", "Level": "4", "UserID": ""}
{"EventID": "600", "Channel": "Windows PowerShell", "Provider_Name": "PowerShell", "Computer": "DESKTOP-OFJ6N53", "TimeCreated": "2024-09-30 00:17:09.194111+00:00", "RecordID": "13211", "Level": "4", "UserID": ""}
{"EventID": "600", "Channel": "Windows PowerShell", "Provider_Name": "PowerShell", "Computer": "DESKTOP-OFJ6N53", "TimeCreated": "2024-09-30 00:17:09.195122+00:00", "RecordID": "13212", "Level": "4", "UserID": ""}
{"EventID": "600", "Channel": "Windows PowerShell", "Provider_Name": "PowerShell", "Computer": "DESKTOP-OFJ6N53", "TimeCreated": "2024-09-30 00:17:09.195122+00:00", "RecordID": "13213", "Level": "4", "UserID": ""}
{"EventID": "600", "Channel": "Windows PowerShell", "Provider_Name": "PowerShell", "Computer": "DESKTOP-OFJ6N53", "TimeCreated": "2024-09-30 00:17:09.195122+00:00", "RecordID": "13214", "Level": "4", "UserID": ""}
{"EventID": "400", "Channel": "Windows PowerShell", "Provider_Name": "PowerShell", "Computer": "DESKTOP-OFJ6N53", "TimeCreated": "2024-09-30 00:17:09.203115+00:00", "RecordID": "13215", "Level": "4", "UserID": ""}
{"EventID": "403", "Channel": "Windows PowerShell", "Provider_Name": "PowerShell", "Computer": "DESKTOP-OFJ6N53", "TimeCreated": "2024-09-30 00:17:10.028908+00:00", "RecordID": "13216", "Level": "4", "UserID": ""}
{"EventID": "600", "Channel": "Windows PowerShell", "Provider_Name": "PowerShell", "Computer": "DESKTOP-OFJ6N53", "TimeCreated": "2024-09-30 00:17:10.466908+00:00", "RecordID": "13217", "Level": "4", "UserID": ""}
{"EventID": "600", "Channel": "Windows PowerShell", "Provider_Name": "PowerShell", "Computer": "DESKTOP-OFJ6N53", "TimeCreated": "2024-09-30 00:17:10.466908+00:00", "RecordID": "13218", "Level": "4", "UserID": ""}
{"EventID": "600", "Channel": "Windows PowerShell", "Provider_Name": "PowerShell", "Computer": "DESKTOP-OFJ6N53", "TimeCreated": "2024-09-30 00:17:10.467909+00:00", "RecordID": "13219", "Level": "4", "UserID": ""}
{"EventID": "600", "Channel": "Windows PowerShell", "Provider_Name": "PowerShell", "Computer": "DESKTOP-OFJ6N53", "TimeCreated": "2024-09-30 00:17:10.467909+00:00", "RecordID": "13220", "Level": "4", "UserID": ""}
{"EventID": "600", "Channel": "Windows PowerShell", "Provider_Name": "PowerShell", "Computer": "DESKTOP-OFJ6N53", "TimeCreated": "2024-09-30 00:17:10.468908+00:00", "RecordID": "13221", "Level": "4", "UserID": ""}
{"EventID": "600", "Channel": "Windows PowerShell", "Provider_Name": "PowerShell", "Computer": "DESKTOP-OFJ6N53", "TimeCreated": "2024-09-30 00:17:10.468908+00:00", "RecordID": "13222", "Level": "4", "UserID": ""}
{"EventID": "400", "Channel": "Windows PowerShell", "Provider_Name": "PowerShell", "Computer": "DESKTOP-OFJ6N53", "TimeCreated": "2024-09-30 00:17:10.478909+00:00", "RecordID": "13223", "Level": "4", "UserID": ""}
{"EventID": "403", "Channel": "Windows PowerShell", "Provider_Name": "PowerShell", "Computer": "DESKTOP-OFJ6N53", "TimeCreated": "2024-09-30 00:17:18.350780+00:00", "RecordID": "13224", "Level": "4", "UserID": ""}
{"EventID": "600", "Channel": "Windows PowerShell", "Provider_Name": "PowerShell", "Computer": "DESKTOP-OFJ6N53", "TimeCreated": "2024-10-01 00:41:12.437725+00:00", "RecordID": "13225", "Level": "4", "UserID": ""}
{"EventID": "600", "Channel": "Windows PowerShell", "Provider_Name": "PowerShell", "Computer": "DESKTOP-OFJ6N53", "TimeCreated": "2024-10-01 00:41:12.437725+00:00", "RecordID": "13226", "Level": "4", "UserID": ""}
{"EventID": "600", "Channel": "Windows PowerShell", "Provider_Name": "PowerShell", "Computer": "DESKTOP-OFJ6N53", "TimeCreated": "2024-10-01 00:41:12.437725+00:00", "RecordID": "13227", "Level": "4", "UserID": ""}
{"EventID": "600", "Channel": "Windows PowerShell", "Provider_Name": "PowerShell", "Computer": "DESKTOP-OFJ6N53", "TimeCreated": "2024-10-01 00:41:12.443726+00:00", "RecordID": "13228", "Level": "4", "UserID": ""}
{"EventID": "600", "Channel": "Windows PowerShell", "Provider_Name": "PowerShell", "Computer": "DESKTOP-OFJ6N53", "TimeCreated": "2024-10-01 00:41:12.444725+00:00", "RecordID": "13229", "Level": "4", "UserID": ""}
{"EventID": "600", "Channel": "Windows PowerShell", "Provider_Name": "PowerShell", "Computer": "DESKTOP-OFJ6N53", "TimeCreated": "2024-10-01 00:41:12.444725+00:00", "RecordID": "13230", "Level": "4", "UserID": ""}
{"EventID": "400", "Channel": "Windows PowerShell", "Provider_Name": "PowerShell", "Computer": "DESKTOP-OFJ6N53", "TimeCreated": "2024-10-01 00:41:12.476727+00:00", "RecordID": "13231", "Level": "4", "UserID": ""}
{"EventID": "403", "Channel": "Windows PowerShell", "Provider_Name": "PowerShell", "Computer": "DESKTOP-OFJ6N53", "TimeCreated": "2024-10-01 00:41:13.312002+00:00", "RecordID": "13232", "Level": "4", "UserID": ""}
{"EventID": "600", "Channel": "Windows PowerShell", "Provider_Name": "PowerShell", "Computer": "DESKTOP-OFJ6N53", "TimeCreated": "2024-10-01 00:41:13.783541+00:00", "RecordID": "13233", "Level": "4", "UserID": ""}
{"EventID": "600", "Channel": "Windows PowerShell", "Provider_Name": "PowerShell", "Computer": "DESKTOP-OFJ6N53", "TimeCreated": "2024-10-01 00:41:13.784544+00:00", "RecordID": "13234", "Level": "4", "UserID": ""}
{"EventID": "600", "Channel": "Windows PowerShell", "Provider_Name": "PowerShell", "Computer": "DESKTOP-OFJ6N53", "TimeCreated": "2024-10-01 00:41:13.784544+00:00", "RecordID": "13235", "Level": "4", "UserID": ""}
{"EventID": "600", "Channel": "Windows PowerShell", "Provider_Name": "PowerShell", "Computer": "DESKTOP-OFJ6N53", "TimeCreated": "2024-10-01 00:41:13.785542+00:00", "RecordID": "13236", "Level": "4", "UserID": ""}
{"EventID": "600", "Channel": "Windows PowerShell", "Provider_Name": "PowerShell", "Computer": "DESKTOP-OFJ6N53", "TimeCreated": "2024-10-01 00:41:13.785542+00:00", "RecordID": "13237", "Level": "4", "UserID": ""}
{"EventID": "600", "Channel": "Windows PowerShell", "Provider_Name": "PowerShell", "Computer": "DESKTOP-OFJ6N53", "TimeCreated": "2024-10-01 00:41:13.785542+00:00", "RecordID": "13238", "Level": "4", "UserID": ""}
{"EventID": "400", "Channel": "Windows PowerShell", "Provider_Name": "PowerShell", "Computer": "DESKTOP-OFJ6N53", "TimeCreated": "2024-10-01 00:41:13.796543+00:00", "RecordID": "13239", "Level": "4", "UserID": ""}
{"EventID": "403", "Channel": "Windows PowerShell", "Provider_Name": "PowerShell", "Computer": "DESKTOP-OFJ6N53", "TimeCreated": "2024-10-01 00:41:21.673708+00:00", "RecordID": "13240", "Level": "4", "UserID": ""}
{"EventID": "600", "Channel": "Windows PowerShell", "Provider_Name": "PowerShell", "Computer": "DESKTOP-OFJ6N53", "TimeCreated": "2024-10-02 00:40:12.182898+00:00", "RecordID": "13241", "Level": "4", "UserID": ""}
{"EventID": "600", "Channel": "Windows PowerShell", "Provider_Name": "PowerShell", "Computer": "DESKTOP-OFJ6N53", "TimeCreated": "2024-10-02 00:40:12.182898+00:00", "RecordID": "13242", "Level": "4", "UserID": ""}
{"EventID": "600", "Channel": "Windows PowerShell", "Provider_Name": "PowerShell", "Computer": "DESKTOP-OFJ6N53", "TimeCreated": "2024-10-02 00:40:12.182898+00:00", "RecordID": "13243", "Level": "4", "UserID": ""}
{"EventID": "600", "Channel": "Windows PowerShell", "Provider_Name": "PowerShell", "Computer": "DESKTOP-OFJ6N53", "TimeCreated": "2024-10-02 00:40:12.182898+00:00", "RecordID": "13244", "Level": "4", "UserID": ""}
{"EventID": "600", "Channel": "Windows PowerShell", "Provider_Name": "PowerShell", "Computer": "DESKTOP-OFJ6N53", "TimeCreated": "2024-10-02 00:40:12.182898+00:00", "RecordID": "13245", "Level": "4", "UserID": ""}
{"EventID": "600", "Channel": "Windows PowerShell", "Provider_Name": "PowerShell", "Computer": "DESKTOP-OFJ6N53", "TimeCreated": "2024-10-02 00:40:12.182898+00:00", "RecordID": "13246", "Level": "4", "UserID": ""}
{"EventID": "400", "Channel": "Windows PowerShell", "Provider_Name": "PowerShell", "Computer": "DESKTOP-OFJ6N53", "TimeCreated": "2024-10-02 00:40:12.214149+00:00", "RecordID": "13247", "Level": "4", "UserID": ""}
{"EventID": "403", "Channel": "Windows PowerShell", "Provider_Name": "PowerShell", "Computer": "DESKTOP-OFJ6N53", "TimeCreated": "2024-10-02 00:40:12.964163+00:00", "RecordID": "13248", "Level": "4", "UserID": ""}
{"EventID": "600", "Channel": "Windows PowerShell", "Provider_Name": "PowerShell", "Computer": "DESKTOP-OFJ6N53", "TimeCreated": "2024-10-02 00:40:13.245390+00:00", "RecordID": "13249", "Level": "4", "UserID": ""}
{"EventID": "600", "Channel": "Windows PowerShell", "Provider_Name": "PowerShell", "Computer": "DESKTOP-OFJ6N53", "TimeCreated": "2024-10-02 00:40:13.245390+00:00", "RecordID": "13250", "Level": "4", "UserID": ""}
{"EventID": "600", "Channel": "Windows PowerShell", "Provider_Name": "PowerShell", "Computer": "DESKTOP-OFJ6N53", "TimeCreated": "2024-10-02 00:40:13.245390+00:00", "RecordID": "13251", "Level": "4", "UserID": ""}
{"EventID": "600", "Channel": "Windows PowerShell", "Provider_Name": "PowerShell", "Computer": "DESKTOP-OFJ6N53", "TimeCreated": "2024-10-02 00:40:13.245390+00:00", "RecordID": "13252", "Level": "4", "UserID": ""}
{"EventID": "600", "Channel": "Windows PowerShell", "Provider_Name": "PowerShell", "Computer": "DESKTOP-OFJ6N53", "TimeCreated": "2024-10-02 00:40:13.245390+00:00", "RecordID": "13253", "Level": "4", "UserID": ""}
{"EventID": "600", "Channel": "Windows PowerShell", "Provider_Name": "PowerShell", "Computer": "DESKTOP-OFJ6N53", "TimeCreated": "2024-10-02 00:40:13.245390+00:00", "RecordID": "13254", "Level": "4", "UserID": ""}
{"EventID": "400", "Channel": "Windows PowerShell", "Provider_Name": "PowerShell", "Computer": "DESKTOP-OFJ6N53", "TimeCreated": "2024-10-02 00:40:13.261034+00:00", "RecordID": "13255", "Level": "4", "UserID": ""}
{"EventID": "403", "Channel": "Windows PowerShell", "Provider_Name": "PowerShell", "Computer": "DESKTOP-OFJ6N53", "TimeCreated": "2024-10-02 00:40:21.620401+00:00", "RecordID": "13256", "Level": "4", "UserID": ""}
{"EventID": "600", "Channel": "Windows PowerShell", "Provider_Name": "PowerShell", "Computer": "DESKTOP-OFJ6N53", "TimeCreated": "2024-10-03 01:35:15.008324+00:00", "RecordID": "13257", "Level": "4", "UserID": ""}
{"EventID": "600", "Channel": "Windows PowerShell", "Provider_Name": "PowerShell", "Computer": "DESKTOP-OFJ6N53", "TimeCreated": "2024-10-03 01:35:15.008324+00:00", "RecordID": "13258", "Level": "4", "UserID": ""}
{"EventID": "600", "Channel": "Windows PowerShell", "Provider_Name": "PowerShell", "Computer": "DESKTOP-OFJ6N53", "TimeCreated": "2024-10-03 01:35:15.008324+00:00", "RecordID": "13259", "Level": "4", "UserID": ""}
{"EventID": "600", "Channel": "Windows PowerShell", "Provider_Name": "PowerShell", "Computer": "DESKTOP-OFJ6N53", "TimeCreated": "2024-10-03 01:35:15.039572+00:00", "RecordID": "13260", "Level": "4", "UserID": ""}
{"EventID": "600", "Channel": "Windows PowerShell", "Provider_Name": "PowerShell", "Computer": "DESKTOP-OFJ6N53", "TimeCreated": "2024-10-03 01:35:15.039572+00:00", "RecordID": "13261", "Level": "4", "UserID": ""}
{"EventID": "600", "Channel": "Windows PowerShell", "Provider_Name": "PowerShell", "Computer": "DESKTOP-OFJ6N53", "TimeCreated": "2024-10-03 01:35:15.039572+00:00", "RecordID": "13262", "Level": "4", "UserID": ""}
{"EventID": "400", "Channel": "Windows PowerShell", "Provider_Name": "PowerShell", "Computer": "DESKTOP-OFJ6N53", "TimeCreated": "2024-10-03 01:35:15.195835+00:00", "RecordID": "13263", "Level": "4", "UserID": ""}
{"EventID": "403", "Channel": "Windows PowerShell", "Provider_Name": "PowerShell", "Computer": "DESKTOP-OFJ6N53", "TimeCreated": "2024-10-03 01:35:16.305202+00:00", "RecordID": "13264", "Level": "4", "UserID": ""}
{"EventID": "600", "Channel": "Windows PowerShell", "Provider_Name": "PowerShell", "Computer": "DESKTOP-OFJ6N53", "TimeCreated": "2024-10-03 01:35:16.805199+00:00", "RecordID": "13265", "Level": "4", "UserID": ""}
{"EventID": "600", "Channel": "Windows PowerShell", "Provider_Name": "PowerShell", "Computer": "DESKTOP-OFJ6N53", "TimeCreated": "2024-10-03 01:35:16.805199+00:00", "RecordID": "13266", "Level": "4", "UserID": ""}
{"EventID": "600", "Channel": "Windows PowerShell", "Provider_Name": "PowerShell", "Computer": "DESKTOP-OFJ6N53", "TimeCreated": "2024-10-03 01:35:16.805199+00:00", "RecordID": "13267", "Level": "4", "UserID": ""}
{"EventID": "600", "Channel": "Windows PowerShell", "Provider_Name": "PowerShell", "Computer": "DESKTOP-OFJ6N53", "TimeCreated": "2024-10-03 01:35:16.805199+00:00", "RecordID": "13268", "Level": "4", "UserID": ""}
{"EventID": "600", "Channel": "Windows PowerShell", "Provider_Name": "PowerShell", "Computer": "DESKTOP-OFJ6N53", "TimeCreated": "2024-10-03 01:35:16.805199+00:00", "RecordID": "13269", "Level": "4", "UserID": ""}
{"EventID": "600", "Channel": "Windows PowerShell", "Provider_Name": "PowerShell", "Computer": "DESKTOP-OFJ6N53", "TimeCreated": "2024-10-03 01:35:16.805199+00:00", "RecordID": "13270", "Level": "4", "UserID": ""}
{"EventID": "400", "Channel": "Windows PowerShell", "Provider_Name": "PowerShell", "Computer": "DESKTOP-OFJ6N53", "TimeCreated": "2024-10-03 01:35:16.820826+00:00", "RecordID": "13271", "Level": "4", "UserID": ""}
{"EventID": "403", "Channel": "Windows PowerShell", "Provider_Name": "PowerShell", "Computer": "DESKTOP-OFJ6N53", "TimeCreated": "2024-10-03 01:35:24.883327+00:00", "RecordID": "13272", "Level": "4", "UserID": ""}
{"EventID": "600", "Channel": "Windows PowerShell", "Provider_Name": "PowerShell", "Computer": "DESKTOP-OFJ6N53", "TimeCreated": "2024-10-04 01:34:53.509733+00:00", "RecordID": "13273", "Level": "4", "UserID": ""}
{"EventID": "600", "Channel": "Windows PowerShell", "Provider_Name": "PowerShell", "Computer": "DESKTOP-OFJ6N53", "TimeCreated": "2024-10-04 01:34:53.509733+00:00", "RecordID": "13274", "Level": "4", "UserID": ""}
{"EventID": "600", "Channel": "Windows PowerShell", "Provider_Name": "PowerShell", "Computer": "DESKTOP-OFJ6N53", "TimeCreated": "2024-10-04 01:34:53.509733+00:00", "RecordID": "13275", "Level": "4", "UserID": ""}
{"EventID": "600", "Channel": "Windows PowerShell", "Provider_Name": "PowerShell", "Computer": "DESKTOP-OFJ6N53", "TimeCreated": "2024-10-04 01:34:53.509733+00:00", "RecordID": "13276", "Level": "4", "UserID": ""}
{"EventID": "600", "Channel": "Windows PowerShell", "Provider_Name": "PowerShell", "Computer": "DESKTOP-OFJ6N53", "TimeCreated": "2024-10-04 01:34:53.509733+00:00", "RecordID": "13277", "Level": "4", "UserID": ""}
{"EventID": "600", "Channel": "Windows PowerShell", "Provider_Name": "PowerShell", "Computer": "DESKTOP-OFJ6N53", "TimeCreated": "2024-10-04 01:34:53.509733+00:00", "RecordID": "13278", "Level": "4", "UserID": ""}
{"EventID": "400", "Channel": "Windows PowerShell", "Provider_Name": "PowerShell", "Computer": "DESKTOP-OFJ6N53", "TimeCreated": "2024-10-04 01:34:53.540989+00:00", "RecordID": "13279", "Level": "4", "UserID": ""}
{"EventID": "403", "Channel": "Windows PowerShell", "Provider_Name": "PowerShell", "Computer": "DESKTOP-OFJ6N53", "TimeCreated": "2024-10-04 01:34:54.056618+00:00", "RecordID": "13280", "Level": "4", "UserID": ""}
{"EventID": "600", "Channel": "Windows PowerShell", "Provider_Name": "PowerShell", "Computer": "DESKTOP-OFJ6N53", "TimeCreated": "2024-10-04 01:34:54.337862+00:00", "RecordID": "13281", "Level": "4", "UserID": ""}
{"EventID": "600", "Channel": "Windows PowerShell", "Provider_Name": "PowerShell", "Computer": "DESKTOP-OFJ6N53", "TimeCreated": "2024-10-04 01:34:54.337862+00:00", "RecordID": "13282", "Level": "4", "UserID": ""}
{"EventID": "600", "Channel": "Windows PowerShell", "Provider_Name": "PowerShell", "Computer": "DESKTOP-OFJ6N53", "TimeCreated": "2024-10-04 01:34:54.337862+00:00", "RecordID": "13283", "Level": "4", "UserID": ""}
{"EventID": "600", "Channel": "Windows PowerShell", "Provider_Name": "PowerShell", "Computer": "DESKTOP-OFJ6N53", "TimeCreated": "2024-10-04 01:34:54.337862+00:00", "RecordID": "13284", "Level": "4", "UserID": ""}
{"EventID": "600", "Channel": "Windows PowerShell", "Provider_Name": "PowerShell", "Computer": "DESKTOP-OFJ6N53", "TimeCreated": "2024-10-04 01:34:54.337862+00:00", "RecordID": "13285", "Level": "4", "UserID": ""}
{"EventID": "600", "Channel": "Windows PowerShell", "Provider_Name": "PowerShell", "Computer": "DESKTOP-OFJ6N53", "TimeCreated": "2024-10-04 01:34:54.337862+00:00", "RecordID": "13286", "Level": "4", "UserID": ""}
{"EventID": "400", "Channel": "Windows PowerShell", "Provider_Name": "PowerShell", "Computer": "DESKTOP-OFJ6N53", "TimeCreated": "2024-10-04 01:34:54.337862+00:00", "RecordID": "13287", "Level": "4", "UserID": ""}
{"EventID": "403", "Channel": "Windows PowerShell", "Provider_Name": "PowerShell", "Computer": "DESKTOP-OFJ6N53", "TimeCreated": "2024-10-04 01:35:01.979437+00:00", "RecordID": "13288", "Level": "4", "UserID": ""}
{"EventID": "600", "Channel": "Windows PowerShell", "Provider_Name": "PowerShell", "Computer": "DESKTOP-OFJ6N53", "TimeCreated": "2024-10-05 01:21:20.650732+00:00", "RecordID": "13289", "Level": "4", "UserID": ""}
{"EventID": "600", "Channel": "Windows PowerShell", "Provider_Name": "PowerShell", "Computer": "DESKTOP-OFJ6N53", "TimeCreated": "2024-10-05 01:21:20.681997+00:00", "RecordID": "13290", "Level": "4", "UserID": ""}
{"EventID": "600", "Channel": "Windows PowerShell", "Provider_Name": "PowerShell", "Computer": "DESKTOP-OFJ6N53", "TimeCreated": "2024-10-05 01:21:20.681997+00:00", "RecordID": "13291", "Level": "4", "UserID": ""}
{"EventID": "600", "Channel": "Windows PowerShell", "Provider_Name": "PowerShell", "Computer": "DESKTOP-OFJ6N53", "TimeCreated": "2024-10-05 01:21:20.681997+00:00", "RecordID": "13292", "Level": "4", "UserID": ""}
{"EventID": "600", "Channel": "Windows PowerShell", "Provider_Name": "PowerShell", "Computer": "DESKTOP-OFJ6N53", "TimeCreated": "2024-10-05 01:21:20.681997+00:00", "RecordID": "13293", "Level": "4", "UserID": ""}
{"EventID": "600", "Channel": "Windows PowerShell", "Provider_Name": "PowerShell", "Computer": "DESKTOP-OFJ6N53", "TimeCreated": "2024-10-05 01:21:20.681997+00:00", "RecordID": "13294", "Level": "4", "UserID": ""}
{"EventID": "400", "Channel": "Windows PowerShell", "Provider_Name": "PowerShell", "Computer": "DESKTOP-OFJ6N53", "TimeCreated": "2024-10-05 01:21:20.728872+00:00", "RecordID": "13295", "Level": "4", "UserID": ""}
{"EventID": "403", "Channel": "Windows PowerShell", "Provider_Name": "PowerShell", "Computer": "DESKTOP-OFJ6N53", "TimeCreated": "2024-10-05 01:21:21.400747+00:00", "RecordID": "13296", "Level": "4", "UserID": ""}
{"EventID": "600", "Channel": "Windows PowerShell", "Provider_Name": "PowerShell", "Computer": "DESKTOP-OFJ6N53", "TimeCreated": "2024-10-05 01:21:21.885113+00:00", "RecordID": "13297", "Level": "4", "UserID": ""}
{"EventID": "600", "Channel": "Windows PowerShell", "Provider_Name": "PowerShell", "Computer": "DESKTOP-OFJ6N53", "TimeCreated": "2024-10-05 01:21:21.885113+00:00", "RecordID": "13298", "Level": "4", "UserID": ""}
{"EventID": "600", "Channel": "Windows PowerShell", "Provider_Name": "PowerShell", "Computer": "DESKTOP-OFJ6N53", "TimeCreated": "2024-10-05 01:21:21.885113+00:00", "RecordID": "13299", "Level": "4", "UserID": ""}
{"EventID": "600", "Channel": "Windows PowerShell", "Provider_Name": "PowerShell", "Computer": "DESKTOP-OFJ6N53", "TimeCreated": "2024-10-05 01:21:21.885113+00:00", "RecordID": "13300", "Level": "4", "UserID": ""}
{"EventID": "600", "Channel": "Windows PowerShell", "Provider_Name": "PowerShell", "Computer": "DESKTOP-OFJ6N53", "TimeCreated": "2024-10-05 01:21:21.885113+00:00", "RecordID": "13301", "Level": "4", "UserID": ""}
{"EventID": "600", "Channel": "Windows PowerShell", "Provider_Name": "PowerShell", "Computer": "DESKTOP-OFJ6N53", "TimeCreated": "2024-10-05 01:21:21.885113+00:00", "RecordID": "13302", "Level": "4", "UserID": ""}
{"EventID": "400", "Channel": "Windows PowerShell", "Provider_Name": "PowerShell", "Computer": "DESKTOP-OFJ6N53", "TimeCreated": "2024-10-05 01:21:21.900734+00:00", "RecordID": "13303", "Level": "4", "UserID": ""}
{"EventID": "403", "Channel": "Windows PowerShell", "Provider_Name": "PowerShell", "Computer": "DESKTOP-OFJ6N53", "TimeCreated": "2024-10-05 01:21:29.588243+00:00", "RecordID": "13304", "Level": "4", "UserID": ""}
{"EventID": "600", "Channel": "Windows PowerShell", "Provider_Name": "PowerShell", "Computer": "DESKTOP-OFJ6N53", "TimeCreated": "2024-10-06 01:55:14.063274+00:00", "RecordID": "13305", "Level": "4", "UserID": ""}
{"EventID": "600", "Channel": "Windows PowerShell", "Provider_Name": "PowerShell", "Computer": "DESKTOP-OFJ6N53", "TimeCreated": "2024-10-06 01:55:14.063274+00:00", "RecordID": "13306", "Level": "4", "UserID": ""}
{"EventID": "600", "Channel": "Windows PowerShell", "Provider_Name": "PowerShell", "Computer": "DESKTOP-OFJ6N53", "TimeCreated": "2024-10-06 01:55:14.063274+00:00", "RecordID": "13307", "Level": "4", "UserID": ""}
{"EventID": "600", "Channel": "Windows PowerShell", "Provider_Name": "PowerShell", "Computer": "DESKTOP-OFJ6N53", "TimeCreated": "2024-10-06 01:55:14.063274+00:00", "RecordID": "13308", "Level": "4", "UserID": ""}
{"EventID": "600", "Channel": "Windows PowerShell", "Provider_Name": "PowerShell", "Computer": "DESKTOP-OFJ6N53", "TimeCreated": "2024-10-06 01:55:14.063274+00:00", "RecordID": "13309", "Level": "4", "UserID": ""}
{"EventID": "600", "Channel": "Windows PowerShell", "Provider_Name": "PowerShell", "Computer": "DESKTOP-OFJ6N53", "TimeCreated": "2024-10-06 01:55:14.063274+00:00", "RecordID": "13310", "Level": "4", "UserID": ""}
{"EventID": "400", "Channel": "Windows PowerShell", "Provider_Name": "PowerShell", "Computer": "DESKTOP-OFJ6N53", "TimeCreated": "2024-10-06 01:55:14.094530+00:00", "RecordID": "13311", "Level": "4", "UserID": ""}
{"EventID": "403", "Channel": "Windows PowerShell", "Provider_Name": "PowerShell", "Computer": "DESKTOP-OFJ6N53", "TimeCreated": "2024-10-06 01:55:14.735165+00:00", "RecordID": "13312", "Level": "4", "UserID": ""}
{"EventID": "600", "Channel": "Windows PowerShell", "Provider_Name": "PowerShell", "Computer": "DESKTOP-OFJ6N53", "TimeCreated": "2024-10-06 01:55:15.016397+00:00", "RecordID": "13313", "Level": "4", "UserID": ""}
{"EventID": "600", "Channel": "Windows PowerShell", "Provider_Name": "PowerShell", "Computer": "DESKTOP-OFJ6N53", "TimeCreated": "2024-10-06 01:55:15.016397+00:00", "RecordID": "13314", "Level": "4", "UserID": ""}
{"EventID": "600", "Channel": "Windows PowerShell", "Provider_Name": "PowerShell", "Computer": "DESKTOP-OFJ6N53", "TimeCreated": "2024-10-06 01:55:15.016397+00:00", "RecordID": "13315", "Level": "4", "UserID": ""}
{"EventID": "600", "Channel": "Windows PowerShell", "Provider_Name": "PowerShell", "Computer": "DESKTOP-OFJ6N53", "TimeCreated": "2024-10-06 01:55:15.016397+00:00", "RecordID": "13316", "Level": "4", "UserID": ""}
{"EventID": "600", "Channel": "Windows PowerShell", "Provider_Name": "PowerShell", "Computer": "DESKTOP-OFJ6N53", "TimeCreated": "2024-10-06 01:55:15.016397+00:00", "RecordID": "13317", "Level": "4", "UserID": ""}
{"EventID": "600", "Channel": "Windows PowerShell", "Provider_Name": "PowerShell", "Computer": "DESKTOP-OFJ6N53", "TimeCreated": "2024-10-06 01:55:15.016397+00:00", "RecordID": "13318", "Level": "4", "UserID": ""}
{"EventID": "400", "Channel": "Windows PowerShell", "Provider_Name": "PowerShell", "Computer": "DESKTOP-OFJ6N53", "TimeCreated": "2024-10-06 01:55:15.032032+00:00", "RecordID": "13319", "Level": "4", "UserID": ""}
{"EventID": "403", "Channel": "Windows PowerShell", "Provider_Name": "PowerShell", "Computer": "DESKTOP-OFJ6N53", "TimeCreated": "2024-10-06 01:55:23.016401+00:00", "RecordID": "13320", "Level": "4", "UserID": ""}
{"EventID": "600", "Channel": "Windows PowerShell", "Provider_Name": "PowerShell", "Computer": "DESKTOP-OFJ6N53", "TimeCreated": "2024-10-07 00:34:08.338799+00:00", "RecordID": "13321", "Level": "4", "UserID": ""}
{"EventID": "600", "Channel": "Windows PowerShell", "Provider_Name": "PowerShell", "Computer": "DESKTOP-OFJ6N53", "TimeCreated": "2024-10-07 00:34:08.354425+00:00", "RecordID": "13322", "Level": "4", "UserID": ""}
{"EventID": "600", "Channel": "Windows PowerShell", "Provider_Name": "PowerShell", "Computer": "DESKTOP-OFJ6N53", "TimeCreated": "2024-10-07 00:34:08.354425+00:00", "RecordID": "13323", "Level": "4", "UserID": ""}
{"EventID": "600", "Channel": "Windows PowerShell", "Provider_Name": "PowerShell", "Computer": "DESKTOP-OFJ6N53", "TimeCreated": "2024-10-07 00:34:08.354425+00:00", "RecordID": "13324", "Level": "4", "UserID": ""}
{"EventID": "600", "Channel": "Windows PowerShell", "Provider_Name": "PowerShell", "Computer": "DESKTOP-OFJ6N53", "TimeCreated": "2024-10-07 00:34:08.354425+00:00", "RecordID": "13325", "Level": "4", "UserID": ""}
{"EventID": "600", "Channel": "Windows PowerShell", "Provider_Name": "PowerShell", "Computer": "DESKTOP-OFJ6N53", "TimeCreated": "2024-10-07 00:34:08.354425+00:00", "RecordID": "13326", "Level": "4", "UserID": ""}
{"EventID": "400", "Channel": "Windows PowerShell", "Provider_Name": "PowerShell", "Computer": "DESKTOP-OFJ6N53", "TimeCreated": "2024-10-07 00:34:08.370056+00:00", "RecordID": "13327", "Level": "4", "UserID": ""}
{"EventID": "403", "Channel": "Windows PowerShell", "Provider_Name": "PowerShell", "Computer": "DESKTOP-OFJ6N53", "TimeCreated": "2024-10-07 00:34:08.963799+00:00", "RecordID": "13328", "Level": "4", "UserID": ""}
{"EventID": "600", "Channel": "Windows PowerShell", "Provider_Name": "PowerShell", "Computer": "DESKTOP-OFJ6N53", "TimeCreated": "2024-10-07 00:34:09.260675+00:00", "RecordID": "13329", "Level": "4", "UserID": ""}
{"EventID": "600", "Channel": "Windows PowerShell", "Provider_Name": "PowerShell", "Computer": "DESKTOP-OFJ6N53", "TimeCreated": "2024-10-07 00:34:09.260675+00:00", "RecordID": "13330", "Level": "4", "UserID": ""}
{"EventID": "600", "Channel": "Windows PowerShell", "Provider_Name": "PowerShell", "Computer": "DESKTOP-OFJ6N53", "TimeCreated": "2024-10-07 00:34:09.260675+00:00", "RecordID": "13331", "Level": "4", "UserID": ""}
{"EventID": "600", "Channel": "Windows PowerShell", "Provider_Name": "PowerShell", "Computer": "DESKTOP-OFJ6N53", "TimeCreated": "2024-10-07 00:34:09.260675+00:00", "RecordID": "13332", "Level": "4", "UserID": ""}
{"EventID": "600", "Channel": "Windows PowerShell", "Provider_Name": "PowerShell", "Computer": "DESKTOP-OFJ6N53", "TimeCreated": "2024-10-07 00:34:09.260675+00:00", "RecordID": "13333", "Level": "4", "UserID": ""}
{"EventID": "600", "Channel": "Windows PowerShell", "Provider_Name": "PowerShell", "Computer": "DESKTOP-OFJ6N53", "TimeCreated": "2024-10-07 00:34:09.260675+00:00", "RecordID": "13334", "Level": "4", "UserID": ""}
{"EventID": "400", "Channel": "Windows PowerShell", "Provider_Name": "PowerShell", "Computer": "DESKTOP-OFJ6N53", "TimeCreated": "2024-10-07 00:34:09.276310+00:00", "RecordID": "13335", "Level": "4", "UserID": ""}
{"EventID": "403", "Channel": "Windows PowerShell", "Provider_Name": "PowerShell", "Computer": "DESKTOP-OFJ6N53", "TimeCreated": "2024-10-07 00:34:16.948177+00:00", "RecordID": "13336", "Level": "4", "UserID": ""}
{"EventID": "600", "Channel": "Windows PowerShell", "Provider_Name": "PowerShell", "Computer": "DESKTOP-OFJ6N53", "TimeCreated": "2024-10-08 01:24:31.617697+00:00", "RecordID": "13337", "Level": "4", "UserID": ""}
{"EventID": "600", "Channel": "Windows PowerShell", "Provider_Name": "PowerShell", "Computer": "DESKTOP-OFJ6N53", "TimeCreated": "2024-10-08 01:24:31.617697+00:00", "RecordID": "13338", "Level": "4", "UserID": ""}
{"EventID": "600", "Channel": "Windows PowerShell", "Provider_Name": "PowerShell", "Computer": "DESKTOP-OFJ6N53", "TimeCreated": "2024-10-08 01:24:31.617697+00:00", "RecordID": "13339", "Level": "4", "UserID": ""}
{"EventID": "600", "Channel": "Windows PowerShell", "Provider_Name": "PowerShell", "Computer": "DESKTOP-OFJ6N53", "TimeCreated": "2024-10-08 01:24:31.617697+00:00", "RecordID": "13340", "Level": "4", "UserID": ""}
{"EventID": "600", "Channel": "Windows PowerShell", "Provider_Name": "PowerShell", "Computer": "DESKTOP-OFJ6N53", "TimeCreated": "2024-10-08 01:24:31.617697+00:00", "RecordID": "13341", "Level": "4", "UserID": ""}
{"EventID": "600", "Channel": "Windows PowerShell", "Provider_Name": "PowerShell", "Computer": "DESKTOP-OFJ6N53", "TimeCreated": "2024-10-08 01:24:31.617697+00:00", "RecordID": "13342", "Level": "4", "UserID": ""}
{"EventID": "400", "Channel": "Windows PowerShell", "Provider_Name": "PowerShell", "Computer": "DESKTOP-OFJ6N53", "TimeCreated": "2024-10-08 01:24:31.648943+00:00", "RecordID": "13343", "Level": "4", "UserID": ""}
{"EventID": "403", "Channel": "Windows PowerShell", "Provider_Name": "PowerShell", "Computer": "DESKTOP-OFJ6N53", "TimeCreated": "2024-10-08 01:24:32.414591+00:00", "RecordID": "13344", "Level": "4", "UserID": ""}
{"EventID": "600", "Channel": "Windows PowerShell", "Provider_Name": "PowerShell", "Computer": "DESKTOP-OFJ6N53", "TimeCreated": "2024-10-08 01:24:32.789579+00:00", "RecordID": "13345", "Level": "4", "UserID": ""}
{"EventID": "600", "Channel": "Windows PowerShell", "Provider_Name": "PowerShell", "Computer": "DESKTOP-OFJ6N53", "TimeCreated": "2024-10-08 01:24:32.789579+00:00", "RecordID": "13346", "Level": "4", "UserID": ""}
{"EventID": "600", "Channel": "Windows PowerShell", "Provider_Name": "PowerShell", "Computer": "DESKTOP-OFJ6N53", "TimeCreated": "2024-10-08 01:24:32.789579+00:00", "RecordID": "13347", "Level": "4", "UserID": ""}
{"EventID": "600", "Channel": "Windows PowerShell", "Provider_Name": "PowerShell", "Computer": "DESKTOP-OFJ6N53", "TimeCreated": "2024-10-08 01:24:32.789579+00:00", "RecordID": "13348", "Level": "4", "UserID": ""}
{"EventID": "600", "Channel": "Windows PowerShell", "Provider_Name": "PowerShell", "Computer": "DESKTOP-OFJ6N53", "TimeCreated": "2024-10-08 01:24:32.789579+00:00", "RecordID": "13349", "Level": "4", "UserID": ""}
{"EventID": "600", "Channel": "Windows PowerShell", "Provider_Name": "PowerShell", "Computer": "DESKTOP-OFJ6N53", "TimeCreated": "2024-10-08 01:24:32.789579+00:00", "RecordID": "13350", "Level": "4", "UserID": ""}
{"EventID": "400", "Channel": "Windows PowerShell", "Provider_Name": "PowerShell", "Computer": "DESKTOP-OFJ6N53", "TimeCreated": "2024-10-08 01:24:32.805208+00:00", "RecordID": "13351", "Level": "4", "UserID": ""}
{"EventID": "403", "Channel": "Windows PowerShell", "Provider_Name": "PowerShell", "Computer": "DESKTOP-OFJ6N53", "TimeCreated": "2024-10-08 01:24:40.305197+00:00", "RecordID": "13352", "Level": "4", "UserID": ""}
{"EventID": "600", "Channel": "Windows PowerShell", "Provider_Name": "PowerShell", "Computer": "DESKTOP-OFJ6N53", "TimeCreated": "2024-10-09 01:47:05.802546+00:00", "RecordID": "13353", "Level": "4", "UserID": ""}
{"EventID": "600", "Channel": "Windows PowerShell", "Provider_Name": "PowerShell", "Computer": "DESKTOP-OFJ6N53", "TimeCreated": "2024-10-09 01:47:05.818169+00:00", "RecordID": "13354", "Level": "4", "UserID": ""}
{"EventID": "600", "Channel": "Windows PowerShell", "Provider_Name": "PowerShell", "Computer": "DESKTOP-OFJ6N53", "TimeCreated": "2024-10-09 01:47:05.818169+00:00", "RecordID": "13355", "Level": "4", "UserID": ""}
{"EventID": "600", "Channel": "Windows PowerShell", "Provider_Name": "PowerShell", "Computer": "DESKTOP-OFJ6N53", "TimeCreated": "2024-10-09 01:47:05.818169+00:00", "RecordID": "13356", "Level": "4", "UserID": ""}
{"EventID": "600", "Channel": "Windows PowerShell", "Provider_Name": "PowerShell", "Computer": "DESKTOP-OFJ6N53", "TimeCreated": "2024-10-09 01:47:05.818169+00:00", "RecordID": "13357", "Level": "4", "UserID": ""}
{"EventID": "600", "Channel": "Windows PowerShell", "Provider_Name": "PowerShell", "Computer": "DESKTOP-OFJ6N53", "TimeCreated": "2024-10-09 01:47:05.818169+00:00", "RecordID": "13358", "Level": "4", "UserID": ""}
{"EventID": "400", "Channel": "Windows PowerShell", "Provider_Name": "PowerShell", "Computer": "DESKTOP-OFJ6N53", "TimeCreated": "2024-10-09 01:47:06.115051+00:00", "RecordID": "13359", "Level": "4", "UserID": ""}
{"EventID": "403", "Channel": "Windows PowerShell", "Provider_Name": "PowerShell", "Computer": "DESKTOP-OFJ6N53", "TimeCreated": "2024-10-09 01:47:07.583797+00:00", "RecordID": "13360", "Level": "4", "UserID": ""}
{"EventID": "600", "Channel": "Windows PowerShell", "Provider_Name": "PowerShell", "Computer": "DESKTOP-OFJ6N53", "TimeCreated": "2024-10-09 01:47:08.193178+00:00", "RecordID": "13361", "Level": "4", "UserID": ""}
{"EventID": "600", "Channel": "Windows PowerShell", "Provider_Name": "PowerShell", "Computer": "DESKTOP-OFJ6N53", "TimeCreated": "2024-10-09 01:47:08.193178+00:00", "RecordID": "13362", "Level": "4", "UserID": ""}
{"EventID": "600", "Channel": "Windows PowerShell", "Provider_Name": "PowerShell", "Computer": "DESKTOP-OFJ6N53", "TimeCreated": "2024-10-09 01:47:08.193178+00:00", "RecordID": "13363", "Level": "4", "UserID": ""}
{"EventID": "600", "Channel": "Windows PowerShell", "Provider_Name": "PowerShell", "Computer": "DESKTOP-OFJ6N53", "TimeCreated": "2024-10-09 01:47:08.193178+00:00", "RecordID": "13364", "Level": "4", "UserID": ""}
{"EventID": "600", "Channel": "Windows PowerShell", "Provider_Name": "PowerShell", "Computer": "DESKTOP-OFJ6N53", "TimeCreated": "2024-10-09 01:47:08.208805+00:00", "RecordID": "13365", "Level": "4", "UserID": ""}
{"EventID": "600", "Channel": "Windows PowerShell", "Provider_Name": "PowerShell", "Computer": "DESKTOP-OFJ6N53", "TimeCreated": "2024-10-09 01:47:08.208805+00:00", "RecordID": "13366", "Level": "4", "UserID": ""}
{"EventID": "400", "Channel": "Windows PowerShell", "Provider_Name": "PowerShell", "Computer": "DESKTOP-OFJ6N53", "TimeCreated": "2024-10-09 01:47:08.396305+00:00", "RecordID": "13367", "Level": "4", "UserID": ""}
{"EventID": "403", "Channel": "Windows PowerShell", "Provider_Name": "PowerShell", "Computer": "DESKTOP-OFJ6N53", "TimeCreated": "2024-10-09 01:47:16.458797+00:00", "RecordID": "13368", "Level": "4", "UserID": ""}
{"EventID": "600", "Channel": "Windows PowerShell", "Provider_Name": "PowerShell", "Computer": "DESKTOP-OFJ6N53", "TimeCreated": "2024-10-10 01:18:37.866947+00:00", "RecordID": "13369", "Level": "4", "UserID": ""}
{"EventID": "600", "Channel": "Windows PowerShell", "Provider_Name": "PowerShell", "Computer": "DESKTOP-OFJ6N53", "TimeCreated": "2024-10-10 01:18:37.866947+00:00", "RecordID": "13370", "Level": "4", "UserID": ""}
{"EventID": "600", "Channel": "Windows PowerShell", "Provider_Name": "PowerShell", "Computer": "DESKTOP-OFJ6N53", "TimeCreated": "2024-10-10 01:18:37.866947+00:00", "RecordID": "13371", "Level": "4", "UserID": ""}
{"EventID": "600", "Channel": "Windows PowerShell", "Provider_Name": "PowerShell", "Computer": "DESKTOP-OFJ6N53", "TimeCreated": "2024-10-10 01:18:37.866947+00:00", "RecordID": "13372", "Level": "4", "UserID": ""}
{"EventID": "600", "Channel": "Windows PowerShell", "Provider_Name": "PowerShell", "Computer": "DESKTOP-OFJ6N53", "TimeCreated": "2024-10-10 01:18:37.866947+00:00", "RecordID": "13373", "Level": "4", "UserID": ""}
{"EventID": "600", "Channel": "Windows PowerShell", "Provider_Name": "PowerShell", "Computer": "DESKTOP-OFJ6N53", "TimeCreated": "2024-10-10 01:18:37.866947+00:00", "RecordID": "13374", "Level": "4", "UserID": ""}
{"EventID": "400", "Channel": "Windows PowerShell", "Provider_Name": "PowerShell", "Computer": "DESKTOP-OFJ6N53", "TimeCreated": "2024-10-10 01:18:37.929453+00:00", "RecordID": "13375", "Level": "4", "UserID": ""}
{"EventID": "403", "Channel": "Windows PowerShell", "Provider_Name": "PowerShell", "Computer": "DESKTOP-OFJ6N53", "TimeCreated": "2024-10-10 01:18:38.507574+00:00", "RecordID": "13376", "Level": "4", "UserID": ""}
{"EventID": "600", "Channel": "Windows PowerShell", "Provider_Name": "PowerShell", "Computer": "DESKTOP-OFJ6N53", "TimeCreated": "2024-10-10 01:18:38.757597+00:00", "RecordID": "13377", "Level": "4", "UserID": ""}
{"EventID": "600", "Channel": "Windows PowerShell", "Provider_Name": "PowerShell", "Computer": "DESKTOP-OFJ6N53", "TimeCreated": "2024-10-10 01:18:38.757597+00:00", "RecordID": "13378", "Level": "4", "UserID": ""}
{"EventID": "600", "Channel": "Windows PowerShell", "Provider_Name": "PowerShell", "Computer": "DESKTOP-OFJ6N53", "TimeCreated": "2024-10-10 01:18:38.757597+00:00", "RecordID": "13379", "Level": "4", "UserID": ""}
{"EventID": "600", "Channel": "Windows PowerShell", "Provider_Name": "PowerShell", "Computer": "DESKTOP-OFJ6N53", "TimeCreated": "2024-10-10 01:18:38.773228+00:00", "RecordID": "13380", "Level": "4", "UserID": ""}
{"EventID": "600", "Channel": "Windows PowerShell", "Provider_Name": "PowerShell", "Computer": "DESKTOP-OFJ6N53", "TimeCreated": "2024-10-10 01:18:38.773228+00:00", "RecordID": "13381", "Level": "4", "UserID": ""}
{"EventID": "600", "Channel": "Windows PowerShell", "Provider_Name": "PowerShell", "Computer": "DESKTOP-OFJ6N53", "TimeCreated": "2024-10-10 01:18:38.773228+00:00", "RecordID": "13382", "Level": "4", "UserID": ""}
{"EventID": "400", "Channel": "Windows PowerShell", "Provider_Name": "PowerShell", "Computer": "DESKTOP-OFJ6N53", "TimeCreated": "2024-10-10 01:18:38.773228+00:00", "RecordID": "13383", "Level": "4", "UserID": ""}
{"EventID": "403", "Channel": "Windows PowerShell", "Provider_Name": "PowerShell", "Computer": "DESKTOP-OFJ6N53", "TimeCreated": "2024-10-10 01:18:46.351326+00:00", "RecordID": "13384", "Level": "4", "UserID": ""}
{"EventID": "600", "Channel": "Windows PowerShell", "Provider_Name": "PowerShell", "Computer": "DESKTOP-OFJ6N53", "TimeCreated": "2024-10-11 01:40:53.633410+00:00", "RecordID": "13385", "Level": "4", "UserID": ""}
{"EventID": "600", "Channel": "Windows PowerShell", "Provider_Name": "PowerShell", "Computer": "DESKTOP-OFJ6N53", "TimeCreated": "2024-10-11 01:40:53.633410+00:00", "RecordID": "13386", "Level": "4", "UserID": ""}
{"EventID": "600", "Channel": "Windows PowerShell", "Provider_Name": "PowerShell", "Computer": "DESKTOP-OFJ6N53", "TimeCreated": "2024-10-11 01:40:53.633410+00:00", "RecordID": "13387", "Level": "4", "UserID": ""}
{"EventID": "600", "Channel": "Windows PowerShell", "Provider_Name": "PowerShell", "Computer": "DESKTOP-OFJ6N53", "TimeCreated": "2024-10-11 01:40:53.633410+00:00", "RecordID": "13388", "Level": "4", "UserID": ""}
{"EventID": "600", "Channel": "Windows PowerShell", "Provider_Name": "PowerShell", "Computer": "DESKTOP-OFJ6N53", "TimeCreated": "2024-10-11 01:40:53.633410+00:00", "RecordID": "13389", "Level": "4", "UserID": ""}
{"EventID": "600", "Channel": "Windows PowerShell", "Provider_Name": "PowerShell", "Computer": "DESKTOP-OFJ6N53", "TimeCreated": "2024-10-11 01:40:53.649035+00:00", "RecordID": "13390", "Level": "4", "UserID": ""}
{"EventID": "400", "Channel": "Windows PowerShell", "Provider_Name": "PowerShell", "Computer": "DESKTOP-OFJ6N53", "TimeCreated": "2024-10-11 01:40:53.742781+00:00", "RecordID": "13391", "Level": "4", "UserID": ""}
{"EventID": "403", "Channel": "Windows PowerShell", "Provider_Name": "PowerShell", "Computer": "DESKTOP-OFJ6N53", "TimeCreated": "2024-10-11 01:40:54.352161+00:00", "RecordID": "13392", "Level": "4", "UserID": ""}
{"EventID": "600", "Channel": "Windows PowerShell", "Provider_Name": "PowerShell", "Computer": "DESKTOP-OFJ6N53", "TimeCreated": "2024-10-11 01:40:54.649027+00:00", "RecordID": "13393", "Level": "4", "UserID": ""}
{"EventID": "600", "Channel": "Windows PowerShell", "Provider_Name": "PowerShell", "Computer": "DESKTOP-OFJ6N53", "TimeCreated": "2024-10-11 01:40:54.649027+00:00", "RecordID": "13394", "Level": "4", "UserID": ""}
{"EventID": "600", "Channel": "Windows PowerShell", "Provider_Name": "PowerShell", "Computer": "DESKTOP-OFJ6N53", "TimeCreated": "2024-10-11 01:40:54.649027+00:00", "RecordID": "13395", "Level": "4", "UserID": ""}
{"EventID": "600", "Channel": "Windows PowerShell", "Provider_Name": "PowerShell", "Computer": "DESKTOP-OFJ6N53", "TimeCreated": "2024-10-11 01:40:54.649027+00:00", "RecordID": "13396", "Level": "4", "UserID": ""}
{"EventID": "600", "Channel": "Windows PowerShell", "Provider_Name": "PowerShell", "Computer": "DESKTOP-OFJ6N53", "TimeCreated": "2024-10-11 01:40:54.649027+00:00", "RecordID": "13397", "Level": "4", "UserID": ""}
{"EventID": "600", "Channel": "Windows PowerShell", "Provider_Name": "PowerShell", "Computer": "DESKTOP-OFJ6N53", "TimeCreated": "2024-10-11 01:40:54.649027+00:00", "RecordID": "13398", "Level": "4", "UserID": ""}
{"EventID": "400", "Channel": "Windows PowerShell", "Provider_Name": "PowerShell", "Computer": "DESKTOP-OFJ6N53", "TimeCreated": "2024-10-11 01:40:54.664658+00:00", "RecordID": "13399", "Level": "4", "UserID": ""}
{"EventID": "403", "Channel": "Windows PowerShell", "Provider_Name": "PowerShell", "Computer": "DESKTOP-OFJ6N53", "TimeCreated": "2024-10-11 01:41:01.789650+00:00", "RecordID": "13400", "Level": "4", "UserID": ""}
{"EventID": "600", "Channel": "Windows PowerShell", "Provider_Name": "PowerShell", "Computer": "DESKTOP-OFJ6N53", "TimeCreated": "2024-10-12 01:08:34.711216+00:00", "RecordID": "13401", "Level": "4", "UserID": ""}
{"EventID": "600", "Channel": "Windows PowerShell", "Provider_Name": "PowerShell", "Computer": "DESKTOP-OFJ6N53", "TimeCreated": "2024-10-12 01:08:34.711216+00:00", "RecordID": "13402", "Level": "4", "UserID": ""}
{"EventID": "600", "Channel": "Windows PowerShell", "Provider_Name": "PowerShell", "Computer": "DESKTOP-OFJ6N53", "TimeCreated": "2024-10-12 01:08:34.711216+00:00", "RecordID": "13403", "Level": "4", "UserID": ""}
{"EventID": "600", "Channel": "Windows PowerShell", "Provider_Name": "PowerShell", "Computer": "DESKTOP-OFJ6N53", "TimeCreated": "2024-10-12 01:08:34.711216+00:00", "RecordID": "13404", "Level": "4", "UserID": ""}
{"EventID": "600", "Channel": "Windows PowerShell", "Provider_Name": "PowerShell", "Computer": "DESKTOP-OFJ6N53", "TimeCreated": "2024-10-12 01:08:34.711216+00:00", "RecordID": "13405", "Level": "4", "UserID": ""}
{"EventID": "600", "Channel": "Windows PowerShell", "Provider_Name": "PowerShell", "Computer": "DESKTOP-OFJ6N53", "TimeCreated": "2024-10-12 01:08:34.711216+00:00", "RecordID": "13406", "Level": "4", "UserID": ""}
{"EventID": "400", "Channel": "Windows PowerShell", "Provider_Name": "PowerShell", "Computer": "DESKTOP-OFJ6N53", "TimeCreated": "2024-10-12 01:08:34.804960+00:00", "RecordID": "13407", "Level": "4", "UserID": ""}
{"EventID": "403", "Channel": "Windows PowerShell", "Provider_Name": "PowerShell", "Computer": "DESKTOP-OFJ6N53", "TimeCreated": "2024-10-12 01:08:35.492455+00:00", "RecordID": "13408", "Level": "4", "UserID": ""}
{"EventID": "600", "Channel": "Windows PowerShell", "Provider_Name": "PowerShell", "Computer": "DESKTOP-OFJ6N53", "TimeCreated": "2024-10-12 01:08:35.758076+00:00", "RecordID": "13409", "Level": "4", "UserID": ""}
{"EventID": "600", "Channel": "Windows PowerShell", "Provider_Name": "PowerShell", "Computer": "DESKTOP-OFJ6N53", "TimeCreated": "2024-10-12 01:08:35.758076+00:00", "RecordID": "13410", "Level": "4", "UserID": ""}
{"EventID": "600", "Channel": "Windows PowerShell", "Provider_Name": "PowerShell", "Computer": "DESKTOP-OFJ6N53", "TimeCreated": "2024-10-12 01:08:35.758076+00:00", "RecordID": "13411", "Level": "4", "UserID": ""}
{"EventID": "600", "Channel": "Windows PowerShell", "Provider_Name": "PowerShell", "Computer": "DESKTOP-OFJ6N53", "TimeCreated": "2024-10-12 01:08:35.758076+00:00", "RecordID": "13412", "Level": "4", "UserID": ""}
{"EventID": "600", "Channel": "Windows PowerShell", "Provider_Name": "PowerShell", "Computer": "DESKTOP-OFJ6N53", "TimeCreated": "2024-10-12 01:08:35.758076+00:00", "RecordID": "13413", "Level": "4", "UserID": ""}
{"EventID": "600", "Channel": "Windows PowerShell", "Provider_Name": "PowerShell", "Computer": "DESKTOP-OFJ6N53", "TimeCreated": "2024-10-12 01:08:35.758076+00:00", "RecordID": "13414", "Level": "4", "UserID": ""}
{"EventID": "400", "Channel": "Windows PowerShell", "Provider_Name": "PowerShell", "Computer": "DESKTOP-OFJ6N53", "TimeCreated": "2024-10-12 01:08:35.773714+00:00", "RecordID": "13415", "Level": "4", "UserID": ""}
{"EventID": "403", "Channel": "Windows PowerShell", "Provider_Name": "PowerShell", "Computer": "DESKTOP-OFJ6N53", "TimeCreated": "2024-10-12 01:08:44.383093+00:00", "RecordID": "13416", "Level": "4", "UserID": ""}
{"EventID": "600", "Channel": "Windows PowerShell", "Provider_Name": "PowerShell", "Computer": "DESKTOP-OFJ6N53", "TimeCreated": "2024-10-13 01:49:37.007504+00:00", "RecordID": "13417", "Level": "4", "UserID": ""}
{"EventID": "600", "Channel": "Windows PowerShell", "Provider_Name": "PowerShell", "Computer": "DESKTOP-OFJ6N53", "TimeCreated": "2024-10-13 01:49:37.007504+00:00", "RecordID": "13418", "Level": "4", "UserID": ""}
{"EventID": "600", "Channel": "Windows PowerShell", "Provider_Name": "PowerShell", "Computer": "DESKTOP-OFJ6N53", "TimeCreated": "2024-10-13 01:49:37.007504+00:00", "RecordID": "13419", "Level": "4", "UserID": ""}
{"EventID": "600", "Channel": "Windows PowerShell", "Provider_Name": "PowerShell", "Computer": "DESKTOP-OFJ6N53", "TimeCreated": "2024-10-13 01:49:37.007504+00:00", "RecordID": "13420", "Level": "4", "UserID": ""}
{"EventID": "600", "Channel": "Windows PowerShell", "Provider_Name": "PowerShell", "Computer": "DESKTOP-OFJ6N53", "TimeCreated": "2024-10-13 01:49:37.007504+00:00", "RecordID": "13421", "Level": "4", "UserID": ""}
{"EventID": "600", "Channel": "Windows PowerShell", "Provider_Name": "PowerShell", "Computer": "DESKTOP-OFJ6N53", "TimeCreated": "2024-10-13 01:49:37.007504+00:00", "RecordID": "13422", "Level": "4", "UserID": ""}
{"EventID": "400", "Channel": "Windows PowerShell", "Provider_Name": "PowerShell", "Computer": "DESKTOP-OFJ6N53", "TimeCreated": "2024-10-13 01:49:37.023132+00:00", "RecordID": "13423", "Level": "4", "UserID": ""}
{"EventID": "403", "Channel": "Windows PowerShell", "Provider_Name": "PowerShell", "Computer": "DESKTOP-OFJ6N53", "TimeCreated": "2024-10-13 01:49:37.585627+00:00", "RecordID": "13424", "Level": "4", "UserID": ""}
{"EventID": "600", "Channel": "Windows PowerShell", "Provider_Name": "PowerShell", "Computer": "DESKTOP-OFJ6N53", "TimeCreated": "2024-10-13 01:49:37.882498+00:00", "RecordID": "13425", "Level": "4", "UserID": ""}
{"EventID": "600", "Channel": "Windows PowerShell", "Provider_Name": "PowerShell", "Computer": "DESKTOP-OFJ6N53", "TimeCreated": "2024-10-13 01:49:37.882498+00:00", "RecordID": "13426", "Level": "4", "UserID": ""}
{"EventID": "600", "Channel": "Windows PowerShell", "Provider_Name": "PowerShell", "Computer": "DESKTOP-OFJ6N53", "TimeCreated": "2024-10-13 01:49:37.882498+00:00", "RecordID": "13427", "Level": "4", "UserID": ""}
{"EventID": "600", "Channel": "Windows PowerShell", "Provider_Name": "PowerShell", "Computer": "DESKTOP-OFJ6N53", "TimeCreated": "2024-10-13 01:49:37.882498+00:00", "RecordID": "13428", "Level": "4", "UserID": ""}
{"EventID": "600", "Channel": "Windows PowerShell", "Provider_Name": "PowerShell", "Computer": "DESKTOP-OFJ6N53", "TimeCreated": "2024-10-13 01:49:37.882498+00:00", "RecordID": "13429", "Level": "4", "UserID": ""}
{"EventID": "600", "Channel": "Windows PowerShell", "Provider_Name": "PowerShell", "Computer": "DESKTOP-OFJ6N53", "TimeCreated": "2024-10-13 01:49:37.882498+00:00", "RecordID": "13430", "Level": "4", "UserID": ""}
{"EventID": "400", "Channel": "Windows PowerShell", "Provider_Name": "PowerShell", "Computer": "DESKTOP-OFJ6N53", "TimeCreated": "2024-10-13 01:49:37.898134+00:00", "RecordID": "13431", "Level": "4", "UserID": ""}
{"EventID": "403", "Channel": "Windows PowerShell", "Provider_Name": "PowerShell", "Computer": "DESKTOP-OFJ6N53", "TimeCreated": "2024-10-13 01:49:45.226255+00:00", "RecordID": "13432", "Level": "4", "UserID": ""}
