{"EventID": "600", "Channel": "Windows PowerShell", "Provider_Name": "PowerShell", "Computer": "DESKTOP-OFJ6N53", "TimeCreated": "2024-08-02 01:55:49.037220+00:00", "RecordID": "12266", "Level": "4", "UserID": ""}
{"EventID": "600", "Channel": "Windows PowerShell", "Provider_Name": "PowerShell", "Computer": "DESKTOP-OFJ6N53", "TimeCreated": "2024-08-02 01:55:49.037220+00:00", "RecordID": "12267", "Level": "4", "UserID": ""}
{"EventID": "600", "Channel": "Windows PowerShell", "Provider_Name": "PowerShell", "Computer": "DESKTOP-OFJ6N53", "TimeCreated": "2024-08-02 01:55:49.052853+00:00", "RecordID": "12268", "Level": "4", "UserID": ""}
{"EventID": "600", "Channel": "Windows PowerShell", "Provider_Name": "PowerShell", "Computer": "DESKTOP-OFJ6N53", "TimeCreated": "2024-08-02 01:55:49.052853+00:00", "RecordID": "12269", "Level": "4", "UserID": ""}
{"EventID": "600", "Channel": "Windows PowerShell", "Provider_Name": "PowerShell", "Computer": "DESKTOP-OFJ6N53", "TimeCreated": "2024-08-02 01:55:49.052853+00:00", "RecordID": "12270", "Level": "4", "UserID": ""}
{"EventID": "400", "Channel": "Windows PowerShell", "Provider_Name": "PowerShell", "Computer": "DESKTOP-OFJ6N53", "TimeCreated": "2024-08-02 01:55:49.224743+00:00", "RecordID": "12271", "Level": "4", "UserID": ""}
{"EventID": "600", "Channel": "Windows PowerShell", "Provider_Name": "PowerShell", "Computer": "DESKTOP-OFJ6N53", "TimeCreated": "2024-08-02 01:55:49.599731+00:00", "RecordID": "12272", "Level": "4", "UserID": ""}
{"EventID": "600", "Channel": "Windows PowerShell", "Provider_Name": "PowerShell", "Computer": "DESKTOP-OFJ6N53", "TimeCreated": "2024-08-02 01:55:49.599731+00:00", "RecordID": "12273", "Level": "4", "UserID": ""}
{"EventID": "600", "Channel": "Windows PowerShell", "Provider_Name": "PowerShell", "Computer": "DESKTOP-OFJ6N53", "TimeCreated": "2024-08-02 01:55:49.599731+00:00", "RecordID": "12274", "Level": "4", "UserID": ""}
{"EventID": "600", "Channel": "Windows PowerShell", "Provider_Name": "PowerShell", "Computer": "DESKTOP-OFJ6N53", "TimeCreated": "2024-08-02 01:55:49.599731+00:00", "RecordID": "12275", "Level": "4", "UserID": ""}
{"EventID": "600", "Channel": "Windows PowerShell", "Provider_Name": "PowerShell", "Computer": "DESKTOP-OFJ6N53", "TimeCreated": "2024-08-02 01:55:49.599731+00:00", "RecordID": "12276", "Level": "4", "UserID": ""}
{"EventID": "600", "Channel": "Windows PowerShell", "Provider_Name": "PowerShell", "Computer": "DESKTOP-OFJ6N53", "TimeCreated": "2024-08-02 01:55:49.599731+00:00", "RecordID": "12277", "Level": "4", "UserID": ""}
{"EventID": "400", "Channel": "Windows PowerShell", "Provider_Name": "PowerShell", "Computer": "DESKTOP-OFJ6N53", "TimeCreated": "2024-08-02 01:55:49.599731+00:00", "RecordID": "12278", "Level": "4", "UserID": ""}
{"EventID": "403", "Channel": "Windows PowerShell", "Provider_Name": "PowerShell", "Computer": "DESKTOP-OFJ6N53", "TimeCreated": "2024-08-02 01:55:50.537226+00:00", "RecordID": "12279", "Level": "4", "UserID": ""}
{"EventID": "403", "Channel": "Windows PowerShell", "Provider_Name": "PowerShell", "Computer": "DESKTOP-OFJ6N53", "TimeCreated": "2024-08-02 01:56:01.318495+00:00", "RecordID": "12280", "Level": "4", "UserID": ""}
{"EventID": "600", "Channel": "Windows PowerShell", "Provider_Name": "PowerShell", "Computer": "DESKTOP-OFJ6N53", "TimeCreated": "2024-08-03 00:01:44.156963+00:00", "RecordID": "12281", "Level": "4", "UserID": ""}
{"EventID": "600", "Channel": "Windows PowerShell", "Provider_Name": "PowerShell", "Computer": "DESKTOP-OFJ6N53", "TimeCreated": "2024-08-03 00:01:44.156963+00:00", "RecordID": "12282", "Level": "4", "UserID": ""}
{"EventID": "600", "Channel": "Windows PowerShell", "Provider_Name": "PowerShell", "Computer": "DESKTOP-OFJ6N53", "TimeCreated": "2024-08-03 00:01:44.156963+00:00", "RecordID": "12283", "Level": "4", "UserID": ""}
{"EventID": "600", "Channel": "Windows PowerShell", "Provider_Name": "PowerShell", "Computer": "DESKTOP-OFJ6N53", "TimeCreated": "2024-08-03 00:01:44.156963+00:00", "RecordID": "12284", "Level": "4", "UserID": ""}
{"EventID": "600", "Channel": "Windows PowerShell", "Provider_Name": "PowerShell", "Computer": "DESKTOP-OFJ6N53", "TimeCreated": "2024-08-03 00:01:44.156963+00:00", "RecordID": "12285", "Level": "4", "UserID": ""}
{"EventID": "600", "Channel": "Windows PowerShell", "Provider_Name": "PowerShell", "Computer": "DESKTOP-OFJ6N53", "TimeCreated": "2024-08-03 00:01:44.156963+00:00", "RecordID": "12286", "Level": "4", "UserID": ""}
{"EventID": "600", "Channel": "Windows PowerShell", "Provider_Name": "PowerShell", "Computer": "DESKTOP-OFJ6N53", "TimeCreated": "2024-08-03 00:01:44.272854+00:00", "RecordID": "12287", "Level": "4", "UserID": ""}
{"EventID": "600", "Channel": "Windows PowerShell", "Provider_Name": "PowerShell", "Computer": "DESKTOP-OFJ6N53", "TimeCreated": "2024-08-03 00:01:44.272854+00:00", "RecordID": "12288", "Level": "4", "UserID": ""}
{"EventID": "600", "Channel": "Windows PowerShell", "Provider_Name": "PowerShell", "Computer": "DESKTOP-OFJ6N53", "TimeCreated": "2024-08-03 00:01:44.272854+00:00", "RecordID": "12289", "Level": "4", "UserID": ""}
{"EventID": "600", "Channel": "Windows PowerShell", "Provider_Name": "PowerShell", "Computer": "DESKTOP-OFJ6N53", "TimeCreated": "2024-08-03 00:01:44.272854+00:00", "RecordID": "12290", "Level": "4", "UserID": ""}
{"EventID": "600", "Channel": "Windows PowerShell", "Provider_Name": "PowerShell", "Computer": "DESKTOP-OFJ6N53", "TimeCreated": "2024-08-03 00:01:44.272854+00:00", "RecordID": "12291", "Level": "4", "UserID": ""}
{"EventID": "600", "Channel": "Windows PowerShell", "Provider_Name": "PowerShell", "Computer": "DESKTOP-OFJ6N53", "TimeCreated": "2024-08-03 00:01:44.272854+00:00", "RecordID": "12292", "Level": "4", "UserID": ""}
{"EventID": "400", "Channel": "Windows PowerShell", "Provider_Name": "PowerShell", "Computer": "DESKTOP-OFJ6N53", "TimeCreated": "2024-08-03 00:01:44.297598+00:00", "RecordID": "12293", "Level": "4", "UserID": ""}
{"EventID": "400", "Channel": "Windows PowerShell", "Provider_Name": "PowerShell", "Computer": "DESKTOP-OFJ6N53", "TimeCreated": "2024-08-03 00:01:44.297598+00:00", "RecordID": "12294", "Level": "4", "UserID": ""}
{"EventID": "403", "Channel": "Windows PowerShell", "Provider_Name": "PowerShell", "Computer": "DESKTOP-OFJ6N53", "TimeCreated": "2024-08-03 00:01:45.125734+00:00", "RecordID": "12295", "Level": "4", "UserID": ""}
{"EventID": "403", "Channel": "Windows PowerShell", "Provider_Name": "PowerShell", "Computer": "DESKTOP-OFJ6N53", "TimeCreated": "2024-08-03 00:01:55.250746+00:00", "RecordID": "12296", "Level": "4", "UserID": ""}
{"EventID": "600", "Channel": "Windows PowerShell", "Provider_Name": "PowerShell", "Computer": "DESKTOP-OFJ6N53", "TimeCreated": "2024-08-04 01:16:49.780434+00:00", "RecordID": "12297", "Level": "4", "UserID": ""}
{"EventID": "600", "Channel": "Windows PowerShell", "Provider_Name": "PowerShell", "Computer": "DESKTOP-OFJ6N53", "TimeCreated": "2024-08-04 01:16:49.780434+00:00", "RecordID": "12298", "Level": "4", "UserID": ""}
{"EventID": "600", "Channel": "Windows PowerShell", "Provider_Name": "PowerShell", "Computer": "DESKTOP-OFJ6N53", "TimeCreated": "2024-08-04 01:16:49.874186+00:00", "RecordID": "12299", "Level": "4", "UserID": ""}
{"EventID": "600", "Channel": "Windows PowerShell", "Provider_Name": "PowerShell", "Computer": "DESKTOP-OFJ6N53", "TimeCreated": "2024-08-04 01:16:49.874186+00:00", "RecordID": "12300", "Level": "4", "UserID": ""}
{"EventID": "600", "Channel": "Windows PowerShell", "Provider_Name": "PowerShell", "Computer": "DESKTOP-OFJ6N53", "TimeCreated": "2024-08-04 01:16:49.874186+00:00", "RecordID": "12301", "Level": "4", "UserID": ""}
{"EventID": "600", "Channel": "Windows PowerShell", "Provider_Name": "PowerShell", "Computer": "DESKTOP-OFJ6N53", "TimeCreated": "2024-08-04 01:16:49.874186+00:00", "RecordID": "12302", "Level": "4", "UserID": ""}
{"EventID": "600", "Channel": "Windows PowerShell", "Provider_Name": "PowerShell", "Computer": "DESKTOP-OFJ6N53", "TimeCreated": "2024-08-04 01:16:49.889803+00:00", "RecordID": "12303", "Level": "4", "UserID": ""}
{"EventID": "600", "Channel": "Windows PowerShell", "Provider_Name": "PowerShell", "Computer": "DESKTOP-OFJ6N53", "TimeCreated": "2024-08-04 01:16:49.889803+00:00", "RecordID": "12304", "Level": "4", "UserID": ""}
{"EventID": "600", "Channel": "Windows PowerShell", "Provider_Name": "PowerShell", "Computer": "DESKTOP-OFJ6N53", "TimeCreated": "2024-08-04 01:16:49.889803+00:00", "RecordID": "12305", "Level": "4", "UserID": ""}
{"EventID": "600", "Channel": "Windows PowerShell", "Provider_Name": "PowerShell", "Computer": "DESKTOP-OFJ6N53", "TimeCreated": "2024-08-04 01:16:49.889803+00:00", "RecordID": "12306", "Level": "4", "UserID": ""}
{"EventID": "600", "Channel": "Windows PowerShell", "Provider_Name": "PowerShell", "Computer": "DESKTOP-OFJ6N53", "TimeCreated": "2024-08-04 01:16:49.889803+00:00", "RecordID": "12307", "Level": "4", "UserID": ""}
{"EventID": "600", "Channel": "Windows PowerShell", "Provider_Name": "PowerShell", "Computer": "DESKTOP-OFJ6N53", "TimeCreated": "2024-08-04 01:16:49.889803+00:00", "RecordID": "12308", "Level": "4", "UserID": ""}
{"EventID": "400", "Channel": "Windows PowerShell", "Provider_Name": "PowerShell", "Computer": "DESKTOP-OFJ6N53", "TimeCreated": "2024-08-04 01:16:50.280422+00:00", "RecordID": "12309", "Level": "4", "UserID": ""}
{"EventID": "400", "Channel": "Windows PowerShell", "Provider_Name": "PowerShell", "Computer": "DESKTOP-OFJ6N53", "TimeCreated": "2024-08-04 01:16:50.280422+00:00", "RecordID": "12310", "Level": "4", "UserID": ""}
{"EventID": "403", "Channel": "Windows PowerShell", "Provider_Name": "PowerShell", "Computer": "DESKTOP-OFJ6N53", "TimeCreated": "2024-08-04 01:16:52.108541+00:00", "RecordID": "12311", "Level": "4", "UserID": ""}
{"EventID": "403", "Channel": "Windows PowerShell", "Provider_Name": "PowerShell", "Computer": "DESKTOP-OFJ6N53", "TimeCreated": "2024-08-04 01:17:05.046053+00:00", "RecordID": "12312", "Level": "4", "UserID": ""}
{"EventID": "600", "Channel": "Windows PowerShell", "Provider_Name": "PowerShell", "Computer": "DESKTOP-OFJ6N53", "TimeCreated": "2024-08-05 01:05:46.632442+00:00", "RecordID": "12313", "Level": "4", "UserID": ""}
{"EventID": "600", "Channel": "Windows PowerShell", "Provider_Name": "PowerShell", "Computer": "DESKTOP-OFJ6N53", "TimeCreated": "2024-08-05 01:05:46.632442+00:00", "RecordID": "12314", "Level": "4", "UserID": ""}
{"EventID": "600", "Channel": "Windows PowerShell", "Provider_Name": "PowerShell", "Computer": "DESKTOP-OFJ6N53", "TimeCreated": "2024-08-05 01:05:46.648067+00:00", "RecordID": "12315", "Level": "4", "UserID": ""}
{"EventID": "600", "Channel": "Windows PowerShell", "Provider_Name": "PowerShell", "Computer": "DESKTOP-OFJ6N53", "TimeCreated": "2024-08-05 01:05:46.648067+00:00", "RecordID": "12316", "Level": "4", "UserID": ""}
{"EventID": "600", "Channel": "Windows PowerShell", "Provider_Name": "PowerShell", "Computer": "DESKTOP-OFJ6N53", "TimeCreated": "2024-08-05 01:05:46.648067+00:00", "RecordID": "12317", "Level": "4", "UserID": ""}
{"EventID": "600", "Channel": "Windows PowerShell", "Provider_Name": "PowerShell", "Computer": "DESKTOP-OFJ6N53", "TimeCreated": "2024-08-05 01:05:46.648067+00:00", "RecordID": "12318", "Level": "4", "UserID": ""}
{"EventID": "400", "Channel": "Windows PowerShell", "Provider_Name": "PowerShell", "Computer": "DESKTOP-OFJ6N53", "TimeCreated": "2024-08-05 01:05:46.976208+00:00", "RecordID": "12319", "Level": "4", "UserID": ""}
{"EventID": "600", "Channel": "Windows PowerShell", "Provider_Name": "PowerShell", "Computer": "DESKTOP-OFJ6N53", "TimeCreated": "2024-08-05 01:05:47.804308+00:00", "RecordID": "12320", "Level": "4", "UserID": ""}
{"EventID": "600", "Channel": "Windows PowerShell", "Provider_Name": "PowerShell", "Computer": "DESKTOP-OFJ6N53", "TimeCreated": "2024-08-05 01:05:47.804308+00:00", "RecordID": "12321", "Level": "4", "UserID": ""}
{"EventID": "600", "Channel": "Windows PowerShell", "Provider_Name": "PowerShell", "Computer": "DESKTOP-OFJ6N53", "TimeCreated": "2024-08-05 01:05:47.804308+00:00", "RecordID": "12322", "Level": "4", "UserID": ""}
{"EventID": "600", "Channel": "Windows PowerShell", "Provider_Name": "PowerShell", "Computer": "DESKTOP-OFJ6N53", "TimeCreated": "2024-08-05 01:05:47.819939+00:00", "RecordID": "12323", "Level": "4", "UserID": ""}
{"EventID": "600", "Channel": "Windows PowerShell", "Provider_Name": "PowerShell", "Computer": "DESKTOP-OFJ6N53", "TimeCreated": "2024-08-05 01:05:47.819939+00:00", "RecordID": "12324", "Level": "4", "UserID": ""}
{"EventID": "600", "Channel": "Windows PowerShell", "Provider_Name": "PowerShell", "Computer": "DESKTOP-OFJ6N53", "TimeCreated": "2024-08-05 01:05:47.819939+00:00", "RecordID": "12325", "Level": "4", "UserID": ""}
{"EventID": "400", "Channel": "Windows PowerShell", "Provider_Name": "PowerShell", "Computer": "DESKTOP-OFJ6N53", "TimeCreated": "2024-08-05 01:05:47.851185+00:00", "RecordID": "12326", "Level": "4", "UserID": ""}
{"EventID": "403", "Channel": "Windows PowerShell", "Provider_Name": "PowerShell", "Computer": "DESKTOP-OFJ6N53", "TimeCreated": "2024-08-05 01:05:48.819960+00:00", "RecordID": "12327", "Level": "4", "UserID": ""}
{"EventID": "403", "Channel": "Windows PowerShell", "Provider_Name": "PowerShell", "Computer": "DESKTOP-OFJ6N53", "TimeCreated": "2024-08-05 01:05:59.929314+00:00", "RecordID": "12328", "Level": "4", "UserID": ""}
{"EventID": "600", "Channel": "Windows PowerShell", "Provider_Name": "PowerShell", "Computer": "DESKTOP-OFJ6N53", "TimeCreated": "2024-08-06 01:34:00.652042+00:00", "RecordID": "12329", "Level": "4", "UserID": ""}
{"EventID": "600", "Channel": "Windows PowerShell", "Provider_Name": "PowerShell", "Computer": "DESKTOP-OFJ6N53", "TimeCreated": "2024-08-06 01:34:00.652042+00:00", "RecordID": "12330", "Level": "4", "UserID": ""}
{"EventID": "600", "Channel": "Windows PowerShell", "Provider_Name": "PowerShell", "Computer": "DESKTOP-OFJ6N53", "TimeCreated": "2024-08-06 01:34:00.663500+00:00", "RecordID": "12331", "Level": "4", "UserID": ""}
{"EventID": "600", "Channel": "Windows PowerShell", "Provider_Name": "PowerShell", "Computer": "DESKTOP-OFJ6N53", "TimeCreated": "2024-08-06 01:34:00.679134+00:00", "RecordID": "12332", "Level": "4", "UserID": ""}
{"EventID": "600", "Channel": "Windows PowerShell", "Provider_Name": "PowerShell", "Computer": "DESKTOP-OFJ6N53", "TimeCreated": "2024-08-06 01:34:00.711571+00:00", "RecordID": "12333", "Level": "4", "UserID": ""}
{"EventID": "600", "Channel": "Windows PowerShell", "Provider_Name": "PowerShell", "Computer": "DESKTOP-OFJ6N53", "TimeCreated": "2024-08-06 01:34:00.781691+00:00", "RecordID": "12334", "Level": "4", "UserID": ""}
{"EventID": "400", "Channel": "Windows PowerShell", "Provider_Name": "PowerShell", "Computer": "DESKTOP-OFJ6N53", "TimeCreated": "2024-08-06 01:34:01.210369+00:00", "RecordID": "12335", "Level": "4", "UserID": ""}
{"EventID": "600", "Channel": "Windows PowerShell", "Provider_Name": "PowerShell", "Computer": "DESKTOP-OFJ6N53", "TimeCreated": "2024-08-06 01:34:01.288576+00:00", "RecordID": "12336", "Level": "4", "UserID": ""}
{"EventID": "600", "Channel": "Windows PowerShell", "Provider_Name": "PowerShell", "Computer": "DESKTOP-OFJ6N53", "TimeCreated": "2024-08-06 01:34:01.288576+00:00", "RecordID": "12337", "Level": "4", "UserID": ""}
{"EventID": "600", "Channel": "Windows PowerShell", "Provider_Name": "PowerShell", "Computer": "DESKTOP-OFJ6N53", "TimeCreated": "2024-08-06 01:34:01.288576+00:00", "RecordID": "12338", "Level": "4", "UserID": ""}
{"EventID": "600", "Channel": "Windows PowerShell", "Provider_Name": "PowerShell", "Computer": "DESKTOP-OFJ6N53", "TimeCreated": "2024-08-06 01:34:01.288576+00:00", "RecordID": "12339", "Level": "4", "UserID": ""}
{"EventID": "600", "Channel": "Windows PowerShell", "Provider_Name": "PowerShell", "Computer": "DESKTOP-OFJ6N53", "TimeCreated": "2024-08-06 01:34:01.288576+00:00", "RecordID": "12340", "Level": "4", "UserID": ""}
{"EventID": "600", "Channel": "Windows PowerShell", "Provider_Name": "PowerShell", "Computer": "DESKTOP-OFJ6N53", "TimeCreated": "2024-08-06 01:34:01.424442+00:00", "RecordID": "12341", "Level": "4", "UserID": ""}
{"EventID": "400", "Channel": "Windows PowerShell", "Provider_Name": "PowerShell", "Computer": "DESKTOP-OFJ6N53", "TimeCreated": "2024-08-06 01:34:01.476011+00:00", "RecordID": "12342", "Level": "4", "UserID": ""}
{"EventID": "403", "Channel": "Windows PowerShell", "Provider_Name": "PowerShell", "Computer": "DESKTOP-OFJ6N53", "TimeCreated": "2024-08-06 01:34:02.976004+00:00", "RecordID": "12343", "Level": "4", "UserID": ""}
{"EventID": "403", "Channel": "Windows PowerShell", "Provider_Name": "PowerShell", "Computer": "DESKTOP-OFJ6N53", "TimeCreated": "2024-08-06 01:34:14.591877+00:00", "RecordID": "12344", "Level": "4", "UserID": ""}
{"EventID": "600", "Channel": "Windows PowerShell", "Provider_Name": "PowerShell", "Computer": "DESKTOP-OFJ6N53", "TimeCreated": "2024-08-07 01:10:38.167507+00:00", "RecordID": "12345", "Level": "4", "UserID": ""}
{"EventID": "600", "Channel": "Windows PowerShell", "Provider_Name": "PowerShell", "Computer": "DESKTOP-OFJ6N53", "TimeCreated": "2024-08-07 01:10:38.167507+00:00", "RecordID": "12346", "Level": "4", "UserID": ""}
{"EventID": "600", "Channel": "Windows PowerShell", "Provider_Name": "PowerShell", "Computer": "DESKTOP-OFJ6N53", "TimeCreated": "2024-08-07 01:10:38.167507+00:00", "RecordID": "12347", "Level": "4", "UserID": ""}
{"EventID": "600", "Channel": "Windows PowerShell", "Provider_Name": "PowerShell", "Computer": "DESKTOP-OFJ6N53", "TimeCreated": "2024-08-07 01:10:38.229994+00:00", "RecordID": "12348", "Level": "4", "UserID": ""}
{"EventID": "600", "Channel": "Windows PowerShell", "Provider_Name": "PowerShell", "Computer": "DESKTOP-OFJ6N53", "TimeCreated": "2024-08-07 01:10:38.229994+00:00", "RecordID": "12349", "Level": "4", "UserID": ""}
{"EventID": "600", "Channel": "Windows PowerShell", "Provider_Name": "PowerShell", "Computer": "DESKTOP-OFJ6N53", "TimeCreated": "2024-08-07 01:10:38.229994+00:00", "RecordID": "12350", "Level": "4", "UserID": ""}
{"EventID": "400", "Channel": "Windows PowerShell", "Provider_Name": "PowerShell", "Computer": "DESKTOP-OFJ6N53", "TimeCreated": "2024-08-07 01:10:38.512199+00:00", "RecordID": "12351", "Level": "4", "UserID": ""}
{"EventID": "600", "Channel": "Windows PowerShell", "Provider_Name": "PowerShell", "Computer": "DESKTOP-OFJ6N53", "TimeCreated": "2024-08-07 01:10:39.417496+00:00", "RecordID": "12352", "Level": "4", "UserID": ""}
{"EventID": "600", "Channel": "Windows PowerShell", "Provider_Name": "PowerShell", "Computer": "DESKTOP-OFJ6N53", "TimeCreated": "2024-08-07 01:10:39.417496+00:00", "RecordID": "12353", "Level": "4", "UserID": ""}
{"EventID": "600", "Channel": "Windows PowerShell", "Provider_Name": "PowerShell", "Computer": "DESKTOP-OFJ6N53", "TimeCreated": "2024-08-07 01:10:39.417496+00:00", "RecordID": "12354", "Level": "4", "UserID": ""}
{"EventID": "600", "Channel": "Windows PowerShell", "Provider_Name": "PowerShell", "Computer": "DESKTOP-OFJ6N53", "TimeCreated": "2024-08-07 01:10:39.417496+00:00", "RecordID": "12355", "Level": "4", "UserID": ""}
{"EventID": "600", "Channel": "Windows PowerShell", "Provider_Name": "PowerShell", "Computer": "DESKTOP-OFJ6N53", "TimeCreated": "2024-08-07 01:10:39.417496+00:00", "RecordID": "12356", "Level": "4", "UserID": ""}
{"EventID": "600", "Channel": "Windows PowerShell", "Provider_Name": "PowerShell", "Computer": "DESKTOP-OFJ6N53", "TimeCreated": "2024-08-07 01:10:39.417496+00:00", "RecordID": "12357", "Level": "4", "UserID": ""}
{"EventID": "400", "Channel": "Windows PowerShell", "Provider_Name": "PowerShell", "Computer": "DESKTOP-OFJ6N53", "TimeCreated": "2024-08-07 01:10:39.495613+00:00", "RecordID": "12358", "Level": "4", "UserID": ""}
{"EventID": "403", "Channel": "Windows PowerShell", "Provider_Name": "PowerShell", "Computer": "DESKTOP-OFJ6N53", "TimeCreated": "2024-08-07 01:10:40.120625+00:00", "RecordID": "12359", "Level": "4", "UserID": ""}
{"EventID": "403", "Channel": "Windows PowerShell", "Provider_Name": "PowerShell", "Computer": "DESKTOP-OFJ6N53", "TimeCreated": "2024-08-07 01:10:53.761242+00:00", "RecordID": "12360", "Level": "4", "UserID": ""}
{"EventID": "600", "Channel": "Windows PowerShell", "Provider_Name": "PowerShell", "Computer": "DESKTOP-OFJ6N53", "TimeCreated": "2024-08-08 00:07:03.343239+00:00", "RecordID": "12361", "Level": "4", "UserID": ""}
{"EventID": "600", "Channel": "Windows PowerShell", "Provider_Name": "PowerShell", "Computer": "DESKTOP-OFJ6N53", "TimeCreated": "2024-08-08 00:07:03.343239+00:00", "RecordID": "12362", "Level": "4", "UserID": ""}
{"EventID": "600", "Channel": "Windows PowerShell", "Provider_Name": "PowerShell", "Computer": "DESKTOP-OFJ6N53", "TimeCreated": "2024-08-08 00:07:03.343239+00:00", "RecordID": "12363", "Level": "4", "UserID": ""}
{"EventID": "600", "Channel": "Windows PowerShell", "Provider_Name": "PowerShell", "Computer": "DESKTOP-OFJ6N53", "TimeCreated": "2024-08-08 00:07:03.343239+00:00", "RecordID": "12364", "Level": "4", "UserID": ""}
{"EventID": "600", "Channel": "Windows PowerShell", "Provider_Name": "PowerShell", "Computer": "DESKTOP-OFJ6N53", "TimeCreated": "2024-08-08 00:07:03.343239+00:00", "RecordID": "12365", "Level": "4", "UserID": ""}
{"EventID": "600", "Channel": "Windows PowerShell", "Provider_Name": "PowerShell", "Computer": "DESKTOP-OFJ6N53", "TimeCreated": "2024-08-08 00:07:03.343239+00:00", "RecordID": "12366", "Level": "4", "UserID": ""}
{"EventID": "600", "Channel": "Windows PowerShell", "Provider_Name": "PowerShell", "Computer": "DESKTOP-OFJ6N53", "TimeCreated": "2024-08-08 00:07:03.358854+00:00", "RecordID": "12367", "Level": "4", "UserID": ""}
{"EventID": "600", "Channel": "Windows PowerShell", "Provider_Name": "PowerShell", "Computer": "DESKTOP-OFJ6N53", "TimeCreated": "2024-08-08 00:07:03.358854+00:00", "RecordID": "12368", "Level": "4", "UserID": ""}
{"EventID": "600", "Channel": "Windows PowerShell", "Provider_Name": "PowerShell", "Computer": "DESKTOP-OFJ6N53", "TimeCreated": "2024-08-08 00:07:03.358854+00:00", "RecordID": "12369", "Level": "4", "UserID": ""}
{"EventID": "600", "Channel": "Windows PowerShell", "Provider_Name": "PowerShell", "Computer": "DESKTOP-OFJ6N53", "TimeCreated": "2024-08-08 00:07:03.358854+00:00", "RecordID": "12370", "Level": "4", "UserID": ""}
{"EventID": "600", "Channel": "Windows PowerShell", "Provider_Name": "PowerShell", "Computer": "DESKTOP-OFJ6N53", "TimeCreated": "2024-08-08 00:07:03.358854+00:00", "RecordID": "12371", "Level": "4", "UserID": ""}
{"EventID": "600", "Channel": "Windows PowerShell", "Provider_Name": "PowerShell", "Computer": "DESKTOP-OFJ6N53", "TimeCreated": "2024-08-08 00:07:03.358854+00:00", "RecordID": "12372", "Level": "4", "UserID": ""}
{"EventID": "400", "Channel": "Windows PowerShell", "Provider_Name": "PowerShell", "Computer": "DESKTOP-OFJ6N53", "TimeCreated": "2024-08-08 00:07:03.577614+00:00", "RecordID": "12373", "Level": "4", "UserID": ""}
{"EventID": "400", "Channel": "Windows PowerShell", "Provider_Name": "PowerShell", "Computer": "DESKTOP-OFJ6N53", "TimeCreated": "2024-08-08 00:07:03.577614+00:00", "RecordID": "12374", "Level": "4", "UserID": ""}
{"EventID": "403", "Channel": "Windows PowerShell", "Provider_Name": "PowerShell", "Computer": "DESKTOP-OFJ6N53", "TimeCreated": "2024-08-08 00:07:04.718235+00:00", "RecordID": "12375", "Level": "4", "UserID": ""}
{"EventID": "403", "Channel": "Windows PowerShell", "Provider_Name": "PowerShell", "Computer": "DESKTOP-OFJ6N53", "TimeCreated": "2024-08-08 00:07:17.030741+00:00", "RecordID": "12376", "Level": "4", "UserID": ""}
{"EventID": "600", "Channel": "Windows PowerShell", "Provider_Name": "PowerShell", "Computer": "DESKTOP-OFJ6N53", "TimeCreated": "2024-08-09 01:14:11.467859+00:00", "RecordID": "12377", "Level": "4", "UserID": ""}
{"EventID": "600", "Channel": "Windows PowerShell", "Provider_Name": "PowerShell", "Computer": "DESKTOP-OFJ6N53", "TimeCreated": "2024-08-09 01:14:11.467859+00:00", "RecordID": "12378", "Level": "4", "UserID": ""}
{"EventID": "600", "Channel": "Windows PowerShell", "Provider_Name": "PowerShell", "Computer": "DESKTOP-OFJ6N53", "TimeCreated": "2024-08-09 01:14:11.467859+00:00", "RecordID": "12379", "Level": "4", "UserID": ""}
{"EventID": "600", "Channel": "Windows PowerShell", "Provider_Name": "PowerShell", "Computer": "DESKTOP-OFJ6N53", "TimeCreated": "2024-08-09 01:14:11.483479+00:00", "RecordID": "12380", "Level": "4", "UserID": ""}
{"EventID": "600", "Channel": "Windows PowerShell", "Provider_Name": "PowerShell", "Computer": "DESKTOP-OFJ6N53", "TimeCreated": "2024-08-09 01:14:11.483479+00:00", "RecordID": "12381", "Level": "4", "UserID": ""}
{"EventID": "600", "Channel": "Windows PowerShell", "Provider_Name": "PowerShell", "Computer": "DESKTOP-OFJ6N53", "TimeCreated": "2024-08-09 01:14:11.483479+00:00", "RecordID": "12382", "Level": "4", "UserID": ""}
{"EventID": "400", "Channel": "Windows PowerShell", "Provider_Name": "PowerShell", "Computer": "DESKTOP-OFJ6N53", "TimeCreated": "2024-08-09 01:14:11.967859+00:00", "RecordID": "12383", "Level": "4", "UserID": ""}
{"EventID": "600", "Channel": "Windows PowerShell", "Provider_Name": "PowerShell", "Computer": "DESKTOP-OFJ6N53", "TimeCreated": "2024-08-09 01:14:14.014736+00:00", "RecordID": "12384", "Level": "4", "UserID": ""}
{"EventID": "600", "Channel": "Windows PowerShell", "Provider_Name": "PowerShell", "Computer": "DESKTOP-OFJ6N53", "TimeCreated": "2024-08-09 01:14:14.014736+00:00", "RecordID": "12385", "Level": "4", "UserID": ""}
{"EventID": "600", "Channel": "Windows PowerShell", "Provider_Name": "PowerShell", "Computer": "DESKTOP-OFJ6N53", "TimeCreated": "2024-08-09 01:14:14.014736+00:00", "RecordID": "12386", "Level": "4", "UserID": ""}
{"EventID": "600", "Channel": "Windows PowerShell", "Provider_Name": "PowerShell", "Computer": "DESKTOP-OFJ6N53", "TimeCreated": "2024-08-09 01:14:14.014736+00:00", "RecordID": "12387", "Level": "4", "UserID": ""}
{"EventID": "600", "Channel": "Windows PowerShell", "Provider_Name": "PowerShell", "Computer": "DESKTOP-OFJ6N53", "TimeCreated": "2024-08-09 01:14:14.014736+00:00", "RecordID": "12388", "Level": "4", "UserID": ""}
{"EventID": "600", "Channel": "Windows PowerShell", "Provider_Name": "PowerShell", "Computer": "DESKTOP-OFJ6N53", "TimeCreated": "2024-08-09 01:14:14.014736+00:00", "RecordID": "12389", "Level": "4", "UserID": ""}
{"EventID": "403", "Channel": "Windows PowerShell", "Provider_Name": "PowerShell", "Computer": "DESKTOP-OFJ6N53", "TimeCreated": "2024-08-09 01:14:14.014736+00:00", "RecordID": "12390", "Level": "4", "UserID": ""}
{"EventID": "400", "Channel": "Windows PowerShell", "Provider_Name": "PowerShell", "Computer": "DESKTOP-OFJ6N53", "TimeCreated": "2024-08-09 01:14:14.014736+00:00", "RecordID": "12391", "Level": "4", "UserID": ""}
{"EventID": "403", "Channel": "Windows PowerShell", "Provider_Name": "PowerShell", "Computer": "DESKTOP-OFJ6N53", "TimeCreated": "2024-08-09 01:14:26.202229+00:00", "RecordID": "12392", "Level": "4", "UserID": ""}
{"EventID": "600", "Channel": "Windows PowerShell", "Provider_Name": "PowerShell", "Computer": "DESKTOP-OFJ6N53", "TimeCreated": "2024-08-10 00:02:56.672459+00:00", "RecordID": "12393", "Level": "4", "UserID": ""}
{"EventID": "600", "Channel": "Windows PowerShell", "Provider_Name": "PowerShell", "Computer": "DESKTOP-OFJ6N53", "TimeCreated": "2024-08-10 00:02:56.688101+00:00", "RecordID": "12394", "Level": "4", "UserID": ""}
{"EventID": "600", "Channel": "Windows PowerShell", "Provider_Name": "PowerShell", "Computer": "DESKTOP-OFJ6N53", "TimeCreated": "2024-08-10 00:02:56.688101+00:00", "RecordID": "12395", "Level": "4", "UserID": ""}
{"EventID": "600", "Channel": "Windows PowerShell", "Provider_Name": "PowerShell", "Computer": "DESKTOP-OFJ6N53", "TimeCreated": "2024-08-10 00:02:56.688101+00:00", "RecordID": "12396", "Level": "4", "UserID": ""}
{"EventID": "600", "Channel": "Windows PowerShell", "Provider_Name": "PowerShell", "Computer": "DESKTOP-OFJ6N53", "TimeCreated": "2024-08-10 00:02:56.688101+00:00", "RecordID": "12397", "Level": "4", "UserID": ""}
{"EventID": "600", "Channel": "Windows PowerShell", "Provider_Name": "PowerShell", "Computer": "DESKTOP-OFJ6N53", "TimeCreated": "2024-08-10 00:02:56.688101+00:00", "RecordID": "12398", "Level": "4", "UserID": ""}
{"EventID": "400", "Channel": "Windows PowerShell", "Provider_Name": "PowerShell", "Computer": "DESKTOP-OFJ6N53", "TimeCreated": "2024-08-10 00:02:56.766220+00:00", "RecordID": "12399", "Level": "4", "UserID": ""}
{"EventID": "403", "Channel": "Windows PowerShell", "Provider_Name": "PowerShell", "Computer": "DESKTOP-OFJ6N53", "TimeCreated": "2024-08-10 00:02:57.531834+00:00", "RecordID": "12400", "Level": "4", "UserID": ""}
{"EventID": "600", "Channel": "Windows PowerShell", "Provider_Name": "PowerShell", "Computer": "DESKTOP-OFJ6N53", "TimeCreated": "2024-08-10 00:02:57.875587+00:00", "RecordID": "12401", "Level": "4", "UserID": ""}
{"EventID": "600", "Channel": "Windows PowerShell", "Provider_Name": "PowerShell", "Computer": "DESKTOP-OFJ6N53", "TimeCreated": "2024-08-10 00:02:57.875587+00:00", "RecordID": "12402", "Level": "4", "UserID": ""}
{"EventID": "600", "Channel": "Windows PowerShell", "Provider_Name": "PowerShell", "Computer": "DESKTOP-OFJ6N53", "TimeCreated": "2024-08-10 00:02:57.875587+00:00", "RecordID": "12403", "Level": "4", "UserID": ""}
{"EventID": "600", "Channel": "Windows PowerShell", "Provider_Name": "PowerShell", "Computer": "DESKTOP-OFJ6N53", "TimeCreated": "2024-08-10 00:02:57.875587+00:00", "RecordID": "12404", "Level": "4", "UserID": ""}
{"EventID": "600", "Channel": "Windows PowerShell", "Provider_Name": "PowerShell", "Computer": "DESKTOP-OFJ6N53", "TimeCreated": "2024-08-10 00:02:57.875587+00:00", "RecordID": "12405", "Level": "4", "UserID": ""}
{"EventID": "600", "Channel": "Windows PowerShell", "Provider_Name": "PowerShell", "Computer": "DESKTOP-OFJ6N53", "TimeCreated": "2024-08-10 00:02:57.875587+00:00", "RecordID": "12406", "Level": "4", "UserID": ""}
{"EventID": "400", "Channel": "Windows PowerShell", "Provider_Name": "PowerShell", "Computer": "DESKTOP-OFJ6N53", "TimeCreated": "2024-08-10 00:02:57.891228+00:00", "RecordID": "12407", "Level": "4", "UserID": ""}
{"EventID": "403", "Channel": "Windows PowerShell", "Provider_Name": "PowerShell", "Computer": "DESKTOP-OFJ6N53", "TimeCreated": "2024-08-10 00:03:06.625586+00:00", "RecordID": "12408", "Level": "4", "UserID": ""}
{"EventID": "600", "Channel": "Windows PowerShell", "Provider_Name": "PowerShell", "Computer": "DESKTOP-OFJ6N53", "TimeCreated": "2024-08-11 01:38:33.573696+00:00", "RecordID": "12409", "Level": "4", "UserID": ""}
{"EventID": "600", "Channel": "Windows PowerShell", "Provider_Name": "PowerShell", "Computer": "DESKTOP-OFJ6N53", "TimeCreated": "2024-08-11 01:38:33.573696+00:00", "RecordID": "12410", "Level": "4", "UserID": ""}
{"EventID": "600", "Channel": "Windows PowerShell", "Provider_Name": "PowerShell", "Computer": "DESKTOP-OFJ6N53", "TimeCreated": "2024-08-11 01:38:33.573696+00:00", "RecordID": "12411", "Level": "4", "UserID": ""}
{"EventID": "600", "Channel": "Windows PowerShell", "Provider_Name": "PowerShell", "Computer": "DESKTOP-OFJ6N53", "TimeCreated": "2024-08-11 01:38:33.573696+00:00", "RecordID": "12412", "Level": "4", "UserID": ""}
{"EventID": "600", "Channel": "Windows PowerShell", "Provider_Name": "PowerShell", "Computer": "DESKTOP-OFJ6N53", "TimeCreated": "2024-08-11 01:38:33.573696+00:00", "RecordID": "12413", "Level": "4", "UserID": ""}
{"EventID": "600", "Channel": "Windows PowerShell", "Provider_Name": "PowerShell", "Computer": "DESKTOP-OFJ6N53", "TimeCreated": "2024-08-11 01:38:33.573696+00:00", "RecordID": "12414", "Level": "4", "UserID": ""}
{"EventID": "400", "Channel": "Windows PowerShell", "Provider_Name": "PowerShell", "Computer": "DESKTOP-OFJ6N53", "TimeCreated": "2024-08-11 01:38:33.620565+00:00", "RecordID": "12415", "Level": "4", "UserID": ""}
{"EventID": "403", "Channel": "Windows PowerShell", "Provider_Name": "PowerShell", "Computer": "DESKTOP-OFJ6N53", "TimeCreated": "2024-08-11 01:38:34.495573+00:00", "RecordID": "12416", "Level": "4", "UserID": ""}
{"EventID": "600", "Channel": "Windows PowerShell", "Provider_Name": "PowerShell", "Computer": "DESKTOP-OFJ6N53", "TimeCreated": "2024-08-11 01:38:35.136185+00:00", "RecordID": "12417", "Level": "4", "UserID": ""}
{"EventID": "600", "Channel": "Windows PowerShell", "Provider_Name": "PowerShell", "Computer": "DESKTOP-OFJ6N53", "TimeCreated": "2024-08-11 01:38:35.136185+00:00", "RecordID": "12418", "Level": "4", "UserID": ""}
{"EventID": "600", "Channel": "Windows PowerShell", "Provider_Name": "PowerShell", "Computer": "DESKTOP-OFJ6N53", "TimeCreated": "2024-08-11 01:38:35.136185+00:00", "RecordID": "12419", "Level": "4", "UserID": ""}
{"EventID": "600", "Channel": "Windows PowerShell", "Provider_Name": "PowerShell", "Computer": "DESKTOP-OFJ6N53", "TimeCreated": "2024-08-11 01:38:35.136185+00:00", "RecordID": "12420", "Level": "4", "UserID": ""}
{"EventID": "600", "Channel": "Windows PowerShell", "Provider_Name": "PowerShell", "Computer": "DESKTOP-OFJ6N53", "TimeCreated": "2024-08-11 01:38:35.136185+00:00", "RecordID": "12421", "Level": "4", "UserID": ""}
{"EventID": "600", "Channel": "Windows PowerShell", "Provider_Name": "PowerShell", "Computer": "DESKTOP-OFJ6N53", "TimeCreated": "2024-08-11 01:38:35.136185+00:00", "RecordID": "12422", "Level": "4", "UserID": ""}
{"EventID": "400", "Channel": "Windows PowerShell", "Provider_Name": "PowerShell", "Computer": "DESKTOP-OFJ6N53", "TimeCreated": "2024-08-11 01:38:35.151815+00:00", "RecordID": "12423", "Level": "4", "UserID": ""}
{"EventID": "403", "Channel": "Windows PowerShell", "Provider_Name": "PowerShell", "Computer": "DESKTOP-OFJ6N53", "TimeCreated": "2024-08-11 01:38:44.687634+00:00", "RecordID": "12424", "Level": "4", "UserID": ""}
{"EventID": "600", "Channel": "Windows PowerShell", "Provider_Name": "PowerShell", "Computer": "DESKTOP-OFJ6N53", "TimeCreated": "2024-08-12 01:31:19.545740+00:00", "RecordID": "12425", "Level": "4", "UserID": ""}
{"EventID": "600", "Channel": "Windows PowerShell", "Provider_Name": "PowerShell", "Computer": "DESKTOP-OFJ6N53", "TimeCreated": "2024-08-12 01:31:19.545740+00:00", "RecordID": "12426", "Level": "4", "UserID": ""}
{"EventID": "600", "Channel": "Windows PowerShell", "Provider_Name": "PowerShell", "Computer": "DESKTOP-OFJ6N53", "TimeCreated": "2024-08-12 01:31:19.545740+00:00", "RecordID": "12427", "Level": "4", "UserID": ""}
{"EventID": "600", "Channel": "Windows PowerShell", "Provider_Name": "PowerShell", "Computer": "DESKTOP-OFJ6N53", "TimeCreated": "2024-08-12 01:31:19.545740+00:00", "RecordID": "12428", "Level": "4", "UserID": ""}
{"EventID": "600", "Channel": "Windows PowerShell", "Provider_Name": "PowerShell", "Computer": "DESKTOP-OFJ6N53", "TimeCreated": "2024-08-12 01:31:19.545740+00:00", "RecordID": "12429", "Level": "4", "UserID": ""}
{"EventID": "600", "Channel": "Windows PowerShell", "Provider_Name": "PowerShell", "Computer": "DESKTOP-OFJ6N53", "TimeCreated": "2024-08-12 01:31:19.545740+00:00", "RecordID": "12430", "Level": "4", "UserID": ""}
{"EventID": "400", "Channel": "Windows PowerShell", "Provider_Name": "PowerShell", "Computer": "DESKTOP-OFJ6N53", "TimeCreated": "2024-08-12 01:31:19.558064+00:00", "RecordID": "12431", "Level": "4", "UserID": ""}
{"EventID": "403", "Channel": "Windows PowerShell", "Provider_Name": "PowerShell", "Computer": "DESKTOP-OFJ6N53", "TimeCreated": "2024-08-12 01:31:20.870541+00:00", "RecordID": "12432", "Level": "4", "UserID": ""}
{"EventID": "600", "Channel": "Windows PowerShell", "Provider_Name": "PowerShell", "Computer": "DESKTOP-OFJ6N53", "TimeCreated": "2024-08-12 01:31:21.933043+00:00", "RecordID": "12433", "Level": "4", "UserID": ""}
{"EventID": "600", "Channel": "Windows PowerShell", "Provider_Name": "PowerShell", "Computer": "DESKTOP-OFJ6N53", "TimeCreated": "2024-08-12 01:31:21.933043+00:00", "RecordID": "12434", "Level": "4", "UserID": ""}
{"EventID": "600", "Channel": "Windows PowerShell", "Provider_Name": "PowerShell", "Computer": "DESKTOP-OFJ6N53", "TimeCreated": "2024-08-12 01:31:21.933043+00:00", "RecordID": "12435", "Level": "4", "UserID": ""}
{"EventID": "600", "Channel": "Windows PowerShell", "Provider_Name": "PowerShell", "Computer": "DESKTOP-OFJ6N53", "TimeCreated": "2024-08-12 01:31:21.933043+00:00", "RecordID": "12436", "Level": "4", "UserID": ""}
{"EventID": "600", "Channel": "Windows PowerShell", "Provider_Name": "PowerShell", "Computer": "DESKTOP-OFJ6N53", "TimeCreated": "2024-08-12 01:31:21.933043+00:00", "RecordID": "12437", "Level": "4", "UserID": ""}
{"EventID": "600", "Channel": "Windows PowerShell", "Provider_Name": "PowerShell", "Computer": "DESKTOP-OFJ6N53", "TimeCreated": "2024-08-12 01:31:21.933043+00:00", "RecordID": "12438", "Level": "4", "UserID": ""}
{"EventID": "400", "Channel": "Windows PowerShell", "Provider_Name": "PowerShell", "Computer": "DESKTOP-OFJ6N53", "TimeCreated": "2024-08-12 01:31:21.995871+00:00", "RecordID": "12439", "Level": "4", "UserID": ""}
{"EventID": "403", "Channel": "Windows PowerShell", "Provider_Name": "PowerShell", "Computer": "DESKTOP-OFJ6N53", "TimeCreated": "2024-08-12 01:31:33.761171+00:00", "RecordID": "12440", "Level": "4", "UserID": ""}
{"EventID": "600", "Channel": "Windows PowerShell", "Provider_Name": "PowerShell", "Computer": "DESKTOP-OFJ6N53", "TimeCreated": "2024-08-13 00:42:09.295498+00:00", "RecordID": "12441", "Level": "4", "UserID": ""}
{"EventID": "600", "Channel": "Windows PowerShell", "Provider_Name": "PowerShell", "Computer": "DESKTOP-OFJ6N53", "TimeCreated": "2024-08-13 00:42:09.295498+00:00", "RecordID": "12442", "Level": "4", "UserID": ""}
{"EventID": "600", "Channel": "Windows PowerShell", "Provider_Name": "PowerShell", "Computer": "DESKTOP-OFJ6N53", "TimeCreated": "2024-08-13 00:42:09.295498+00:00", "RecordID": "12443", "Level": "4", "UserID": ""}
{"EventID": "600", "Channel": "Windows PowerShell", "Provider_Name": "PowerShell", "Computer": "DESKTOP-OFJ6N53", "TimeCreated": "2024-08-13 00:42:09.311155+00:00", "RecordID": "12444", "Level": "4", "UserID": ""}
{"EventID": "600", "Channel": "Windows PowerShell", "Provider_Name": "PowerShell", "Computer": "DESKTOP-OFJ6N53", "TimeCreated": "2024-08-13 00:42:09.311155+00:00", "RecordID": "12445", "Level": "4", "UserID": ""}
{"EventID": "600", "Channel": "Windows PowerShell", "Provider_Name": "PowerShell", "Computer": "DESKTOP-OFJ6N53", "TimeCreated": "2024-08-13 00:42:09.311155+00:00", "RecordID": "12446", "Level": "4", "UserID": ""}
{"EventID": "400", "Channel": "Windows PowerShell", "Provider_Name": "PowerShell", "Computer": "DESKTOP-OFJ6N53", "TimeCreated": "2024-08-13 00:42:09.358011+00:00", "RecordID": "12447", "Level": "4", "UserID": ""}
{"EventID": "403", "Channel": "Windows PowerShell", "Provider_Name": "PowerShell", "Computer": "DESKTOP-OFJ6N53", "TimeCreated": "2024-08-13 00:42:09.998636+00:00", "RecordID": "12448", "Level": "4", "UserID": ""}
{"EventID": "600", "Channel": "Windows PowerShell", "Provider_Name": "PowerShell", "Computer": "DESKTOP-OFJ6N53", "TimeCreated": "2024-08-13 00:42:10.264318+00:00", "RecordID": "12449", "Level": "4", "UserID": ""}
{"EventID": "600", "Channel": "Windows PowerShell", "Provider_Name": "PowerShell", "Computer": "DESKTOP-OFJ6N53", "TimeCreated": "2024-08-13 00:42:10.264318+00:00", "RecordID": "12450", "Level": "4", "UserID": ""}
{"EventID": "600", "Channel": "Windows PowerShell", "Provider_Name": "PowerShell", "Computer": "DESKTOP-OFJ6N53", "TimeCreated": "2024-08-13 00:42:10.264318+00:00", "RecordID": "12451", "Level": "4", "UserID": ""}
{"EventID": "600", "Channel": "Windows PowerShell", "Provider_Name": "PowerShell", "Computer": "DESKTOP-OFJ6N53", "TimeCreated": "2024-08-13 00:42:10.264318+00:00", "RecordID": "12452", "Level": "4", "UserID": ""}
{"EventID": "600", "Channel": "Windows PowerShell", "Provider_Name": "PowerShell", "Computer": "DESKTOP-OFJ6N53", "TimeCreated": "2024-08-13 00:42:10.264318+00:00", "RecordID": "12453", "Level": "4", "UserID": ""}
{"EventID": "600", "Channel": "Windows PowerShell", "Provider_Name": "PowerShell", "Computer": "DESKTOP-OFJ6N53", "TimeCreated": "2024-08-13 00:42:10.264318+00:00", "RecordID": "12454", "Level": "4", "UserID": ""}
{"EventID": "400", "Channel": "Windows PowerShell", "Provider_Name": "PowerShell", "Computer": "DESKTOP-OFJ6N53", "TimeCreated": "2024-08-13 00:42:10.279903+00:00", "RecordID": "12455", "Level": "4", "UserID": ""}
{"EventID": "403", "Channel": "Windows PowerShell", "Provider_Name": "PowerShell", "Computer": "DESKTOP-OFJ6N53", "TimeCreated": "2024-08-13 00:42:22.701752+00:00", "RecordID": "12456", "Level": "4", "UserID": ""}
{"EventID": "600", "Channel": "Windows PowerShell", "Provider_Name": "PowerShell", "Computer": "DESKTOP-OFJ6N53", "TimeCreated": "2024-08-14 00:13:55.149878+00:00", "RecordID": "12457", "Level": "4", "UserID": ""}
{"EventID": "600", "Channel": "Windows PowerShell", "Provider_Name": "PowerShell", "Computer": "DESKTOP-OFJ6N53", "TimeCreated": "2024-08-14 00:13:55.306128+00:00", "RecordID": "12458", "Level": "4", "UserID": ""}
{"EventID": "600", "Channel": "Windows PowerShell", "Provider_Name": "PowerShell", "Computer": "DESKTOP-OFJ6N53", "TimeCreated": "2024-08-14 00:13:55.306128+00:00", "RecordID": "12459", "Level": "4", "UserID": ""}
{"EventID": "600", "Channel": "Windows PowerShell", "Provider_Name": "PowerShell", "Computer": "DESKTOP-OFJ6N53", "TimeCreated": "2024-08-14 00:13:55.306128+00:00", "RecordID": "12460", "Level": "4", "UserID": ""}
{"EventID": "600", "Channel": "Windows PowerShell", "Provider_Name": "PowerShell", "Computer": "DESKTOP-OFJ6N53", "TimeCreated": "2024-08-14 00:13:55.306128+00:00", "RecordID": "12461", "Level": "4", "UserID": ""}
{"EventID": "600", "Channel": "Windows PowerShell", "Provider_Name": "PowerShell", "Computer": "DESKTOP-OFJ6N53", "TimeCreated": "2024-08-14 00:13:55.306128+00:00", "RecordID": "12462", "Level": "4", "UserID": ""}
{"EventID": "400", "Channel": "Windows PowerShell", "Provider_Name": "PowerShell", "Computer": "DESKTOP-OFJ6N53", "TimeCreated": "2024-08-14 00:13:55.931189+00:00", "RecordID": "12463", "Level": "4", "UserID": ""}
{"EventID": "403", "Channel": "Windows PowerShell", "Provider_Name": "PowerShell", "Computer": "DESKTOP-OFJ6N53", "TimeCreated": "2024-08-14 00:13:58.337389+00:00", "RecordID": "12464", "Level": "4", "UserID": ""}
{"EventID": "600", "Channel": "Windows PowerShell", "Provider_Name": "PowerShell", "Computer": "DESKTOP-OFJ6N53", "TimeCreated": "2024-08-14 00:13:59.618628+00:00", "RecordID": "12465", "Level": "4", "UserID": ""}
{"EventID": "600", "Channel": "Windows PowerShell", "Provider_Name": "PowerShell", "Computer": "DESKTOP-OFJ6N53", "TimeCreated": "2024-08-14 00:13:59.618628+00:00", "RecordID": "12466", "Level": "4", "UserID": ""}
{"EventID": "600", "Channel": "Windows PowerShell", "Provider_Name": "PowerShell", "Computer": "DESKTOP-OFJ6N53", "TimeCreated": "2024-08-14 00:13:59.618628+00:00", "RecordID": "12467", "Level": "4", "UserID": ""}
{"EventID": "600", "Channel": "Windows PowerShell", "Provider_Name": "PowerShell", "Computer": "DESKTOP-OFJ6N53", "TimeCreated": "2024-08-14 00:13:59.618628+00:00", "RecordID": "12468", "Level": "4", "UserID": ""}
{"EventID": "600", "Channel": "Windows PowerShell", "Provider_Name": "PowerShell", "Computer": "DESKTOP-OFJ6N53", "TimeCreated": "2024-08-14 00:13:59.618628+00:00", "RecordID": "12469", "Level": "4", "UserID": ""}
{"EventID": "600", "Channel": "Windows PowerShell", "Provider_Name": "PowerShell", "Computer": "DESKTOP-OFJ6N53", "TimeCreated": "2024-08-14 00:13:59.618628+00:00", "RecordID": "12470", "Level": "4", "UserID": ""}
{"EventID": "400", "Channel": "Windows PowerShell", "Provider_Name": "PowerShell", "Computer": "DESKTOP-OFJ6N53", "TimeCreated": "2024-08-14 00:13:59.978041+00:00", "RecordID": "12471", "Level": "4", "UserID": ""}
{"EventID": "403", "Channel": "Windows PowerShell", "Provider_Name": "PowerShell", "Computer": "DESKTOP-OFJ6N53", "TimeCreated": "2024-08-14 00:14:12.946754+00:00", "RecordID": "12472", "Level": "4", "UserID": ""}
{"EventID": "600", "Channel": "Windows PowerShell", "Provider_Name": "PowerShell", "Computer": "DESKTOP-OFJ6N53", "TimeCreated": "2024-08-15 00:08:17.462364+00:00", "RecordID": "12473", "Level": "4", "UserID": ""}
{"EventID": "600", "Channel": "Windows PowerShell", "Provider_Name": "PowerShell", "Computer": "DESKTOP-OFJ6N53", "TimeCreated": "2024-08-15 00:08:17.462364+00:00", "RecordID": "12474", "Level": "4", "UserID": ""}
{"EventID": "600", "Channel": "Windows PowerShell", "Provider_Name": "PowerShell", "Computer": "DESKTOP-OFJ6N53", "TimeCreated": "2024-08-15 00:08:17.462364+00:00", "RecordID": "12475", "Level": "4", "UserID": ""}
{"EventID": "600", "Channel": "Windows PowerShell", "Provider_Name": "PowerShell", "Computer": "DESKTOP-OFJ6N53", "TimeCreated": "2024-08-15 00:08:17.462364+00:00", "RecordID": "12476", "Level": "4", "UserID": ""}
{"EventID": "600", "Channel": "Windows PowerShell", "Provider_Name": "PowerShell", "Computer": "DESKTOP-OFJ6N53", "TimeCreated": "2024-08-15 00:08:17.462364+00:00", "RecordID": "12477", "Level": "4", "UserID": ""}
{"EventID": "600", "Channel": "Windows PowerShell", "Provider_Name": "PowerShell", "Computer": "DESKTOP-OFJ6N53", "TimeCreated": "2024-08-15 00:08:17.462364+00:00", "RecordID": "12478", "Level": "4", "UserID": ""}
{"EventID": "400", "Channel": "Windows PowerShell", "Provider_Name": "PowerShell", "Computer": "DESKTOP-OFJ6N53", "TimeCreated": "2024-08-15 00:08:17.602968+00:00", "RecordID": "12479", "Level": "4", "UserID": ""}
{"EventID": "403", "Channel": "Windows PowerShell", "Provider_Name": "PowerShell", "Computer": "DESKTOP-OFJ6N53", "TimeCreated": "2024-08-15 00:08:19.056105+00:00", "RecordID": "12480", "Level": "4", "UserID": ""}
{"EventID": "600", "Channel": "Windows PowerShell", "Provider_Name": "PowerShell", "Computer": "DESKTOP-OFJ6N53", "TimeCreated": "2024-08-15 00:08:19.274855+00:00", "RecordID": "12481", "Level": "4", "UserID": ""}
{"EventID": "600", "Channel": "Windows PowerShell", "Provider_Name": "PowerShell", "Computer": "DESKTOP-OFJ6N53", "TimeCreated": "2024-08-15 00:08:19.274855+00:00", "RecordID": "12482", "Level": "4", "UserID": ""}
{"EventID": "600", "Channel": "Windows PowerShell", "Provider_Name": "PowerShell", "Computer": "DESKTOP-OFJ6N53", "TimeCreated": "2024-08-15 00:08:19.274855+00:00", "RecordID": "12483", "Level": "4", "UserID": ""}
{"EventID": "600", "Channel": "Windows PowerShell", "Provider_Name": "PowerShell", "Computer": "DESKTOP-OFJ6N53", "TimeCreated": "2024-08-15 00:08:19.274855+00:00", "RecordID": "12484", "Level": "4", "UserID": ""}
{"EventID": "600", "Channel": "Windows PowerShell", "Provider_Name": "PowerShell", "Computer": "DESKTOP-OFJ6N53", "TimeCreated": "2024-08-15 00:08:19.274855+00:00", "RecordID": "12485", "Level": "4", "UserID": ""}
{"EventID": "600", "Channel": "Windows PowerShell", "Provider_Name": "PowerShell", "Computer": "DESKTOP-OFJ6N53", "TimeCreated": "2024-08-15 00:08:19.274855+00:00", "RecordID": "12486", "Level": "4", "UserID": ""}
{"EventID": "400", "Channel": "Windows PowerShell", "Provider_Name": "PowerShell", "Computer": "DESKTOP-OFJ6N53", "TimeCreated": "2024-08-15 00:08:19.290480+00:00", "RecordID": "12487", "Level": "4", "UserID": ""}
{"EventID": "403", "Channel": "Windows PowerShell", "Provider_Name": "PowerShell", "Computer": "DESKTOP-OFJ6N53", "TimeCreated": "2024-08-15 00:08:35.540482+00:00", "RecordID": "12488", "Level": "4", "UserID": ""}
{"EventID": "600", "Channel": "Windows PowerShell", "Provider_Name": "PowerShell", "Computer": "DESKTOP-OFJ6N53", "TimeCreated": "2024-08-16 00:36:39.415451+00:00", "RecordID": "12489", "Level": "4", "UserID": ""}
{"EventID": "600", "Channel": "Windows PowerShell", "Provider_Name": "PowerShell", "Computer": "DESKTOP-OFJ6N53", "TimeCreated": "2024-08-16 00:36:39.415451+00:00", "RecordID": "12490", "Level": "4", "UserID": ""}
{"EventID": "600", "Channel": "Windows PowerShell", "Provider_Name": "PowerShell", "Computer": "DESKTOP-OFJ6N53", "TimeCreated": "2024-08-16 00:36:39.415451+00:00", "RecordID": "12491", "Level": "4", "UserID": ""}
{"EventID": "600", "Channel": "Windows PowerShell", "Provider_Name": "PowerShell", "Computer": "DESKTOP-OFJ6N53", "TimeCreated": "2024-08-16 00:36:39.415451+00:00", "RecordID": "12492", "Level": "4", "UserID": ""}
{"EventID": "600", "Channel": "Windows PowerShell", "Provider_Name": "PowerShell", "Computer": "DESKTOP-OFJ6N53", "TimeCreated": "2024-08-16 00:36:39.415451+00:00", "RecordID": "12493", "Level": "4", "UserID": ""}
{"EventID": "600", "Channel": "Windows PowerShell", "Provider_Name": "PowerShell", "Computer": "DESKTOP-OFJ6N53", "TimeCreated": "2024-08-16 00:36:39.415451+00:00", "RecordID": "12494", "Level": "4", "UserID": ""}
{"EventID": "400", "Channel": "Windows PowerShell", "Provider_Name": "PowerShell", "Computer": "DESKTOP-OFJ6N53", "TimeCreated": "2024-08-16 00:36:39.431080+00:00", "RecordID": "12495", "Level": "4", "UserID": ""}
{"EventID": "403", "Channel": "Windows PowerShell", "Provider_Name": "PowerShell", "Computer": "DESKTOP-OFJ6N53", "TimeCreated": "2024-08-16 00:36:39.981140+00:00", "RecordID": "12496", "Level": "4", "UserID": ""}
{"EventID": "600", "Channel": "Windows PowerShell", "Provider_Name": "PowerShell", "Computer": "DESKTOP-OFJ6N53", "TimeCreated": "2024-08-16 00:36:40.274815+00:00", "RecordID": "12497", "Level": "4", "UserID": ""}
{"EventID": "600", "Channel": "Windows PowerShell", "Provider_Name": "PowerShell", "Computer": "DESKTOP-OFJ6N53", "TimeCreated": "2024-08-16 00:36:40.274815+00:00", "RecordID": "12498", "Level": "4", "UserID": ""}
