{"EventID": "600", "Channel": "Windows PowerShell", "Provider_Name": "PowerShell", "Computer": "DESKTOP-OFJ6N53", "TimeCreated": "2024-12-16 00:52:26.778835+00:00", "RecordID": "14831", "Level": "4", "UserID": ""}
{"EventID": "400", "Channel": "Windows PowerShell", "Provider_Name": "PowerShell", "Computer": "DESKTOP-OFJ6N53", "TimeCreated": "2024-12-16 00:52:26.778835+00:00", "RecordID": "14832", "Level": "4", "UserID": ""}
{"EventID": "403", "Channel": "Windows PowerShell", "Provider_Name": "PowerShell", "Computer": "DESKTOP-OFJ6N53", "TimeCreated": "2024-12-16 00:52:35.653831+00:00", "RecordID": "14833", "Level": "4", "UserID": ""}
{"EventID": "600", "Channel": "Windows PowerShell", "Provider_Name": "PowerShell", "Computer": "DESKTOP-OFJ6N53", "TimeCreated": "2024-12-17 00:49:56.040960+00:00", "RecordID": "14834", "Level": "4", "UserID": ""}
{"EventID": "600", "Channel": "Windows PowerShell", "Provider_Name": "PowerShell", "Computer": "DESKTOP-OFJ6N53", "TimeCreated": "2024-12-17 00:49:56.072208+00:00", "RecordID": "14835", "Level": "4", "UserID": ""}
{"EventID": "600", "Channel": "Windows PowerShell", "Provider_Name": "PowerShell", "Computer": "DESKTOP-OFJ6N53", "TimeCreated": "2024-12-17 00:49:56.072208+00:00", "RecordID": "14836", "Level": "4", "UserID": ""}
{"EventID": "600", "Channel": "Windows PowerShell", "Provider_Name": "PowerShell", "Computer": "DESKTOP-OFJ6N53", "TimeCreated": "2024-12-17 00:49:56.103470+00:00", "RecordID": "14837", "Level": "4", "UserID": ""}
{"EventID": "600", "Channel": "Windows PowerShell", "Provider_Name": "PowerShell", "Computer": "DESKTOP-OFJ6N53", "TimeCreated": "2024-12-17 00:49:56.103470+00:00", "RecordID": "14838", "Level": "4", "UserID": ""}
{"EventID": "600", "Channel": "Windows PowerShell", "Provider_Name": "PowerShell", "Computer": "DESKTOP-OFJ6N53", "TimeCreated": "2024-12-17 00:49:56.119087+00:00", "RecordID": "14839", "Level": "4", "UserID": ""}
{"EventID": "400", "Channel": "Windows PowerShell", "Provider_Name": "PowerShell", "Computer": "DESKTOP-OFJ6N53", "TimeCreated": "2024-12-17 00:49:56.415966+00:00", "RecordID": "14840", "Level": "4", "UserID": ""}
{"EventID": "403", "Channel": "Windows PowerShell", "Provider_Name": "PowerShell", "Computer": "DESKTOP-OFJ6N53", "TimeCreated": "2024-12-17 00:49:57.650331+00:00", "RecordID": "14841", "Level": "4", "UserID": ""}
{"EventID": "600", "Channel": "Windows PowerShell", "Provider_Name": "PowerShell", "Computer": "DESKTOP-OFJ6N53", "TimeCreated": "2024-12-17 00:49:57.790955+00:00", "RecordID": "14842", "Level": "4", "UserID": ""}
{"EventID": "600", "Channel": "Windows PowerShell", "Provider_Name": "PowerShell", "Computer": "DESKTOP-OFJ6N53", "TimeCreated": "2024-12-17 00:49:57.790955+00:00", "RecordID": "14843", "Level": "4", "UserID": ""}
{"EventID": "600", "Channel": "Windows PowerShell", "Provider_Name": "PowerShell", "Computer": "DESKTOP-OFJ6N53", "TimeCreated": "2024-12-17 00:49:57.790955+00:00", "RecordID": "14844", "Level": "4", "UserID": ""}
{"EventID": "600", "Channel": "Windows PowerShell", "Provider_Name": "PowerShell", "Computer": "DESKTOP-OFJ6N53", "TimeCreated": "2024-12-17 00:49:57.790955+00:00", "RecordID": "14845", "Level": "4", "UserID": ""}
{"EventID": "600", "Channel": "Windows PowerShell", "Provider_Name": "PowerShell", "Computer": "DESKTOP-OFJ6N53", "TimeCreated": "2024-12-17 00:49:57.790955+00:00", "RecordID": "14846", "Level": "4", "UserID": ""}
{"EventID": "600", "Channel": "Windows PowerShell", "Provider_Name": "PowerShell", "Computer": "DESKTOP-OFJ6N53", "TimeCreated": "2024-12-17 00:49:57.790955+00:00", "RecordID": "14847", "Level": "4", "UserID": ""}
{"EventID": "400", "Channel": "Windows PowerShell", "Provider_Name": "PowerShell", "Computer": "DESKTOP-OFJ6N53", "TimeCreated": "2024-12-17 00:49:57.806585+00:00", "RecordID": "14848", "Level": "4", "UserID": ""}
{"EventID": "403", "Channel": "Windows PowerShell", "Provider_Name": "PowerShell", "Computer": "DESKTOP-OFJ6N53", "TimeCreated": "2024-12-17 00:50:06.748335+00:00", "RecordID": "14849", "Level": "4", "UserID": ""}
{"EventID": "600", "Channel": "Windows PowerShell", "Provider_Name": "PowerShell", "Computer": "DESKTOP-OFJ6N53", "TimeCreated": "2024-12-18 00:32:13.562065+00:00", "RecordID": "14850", "Level": "4", "UserID": ""}
{"EventID": "600", "Channel": "Windows PowerShell", "Provider_Name": "PowerShell", "Computer": "DESKTOP-OFJ6N53", "TimeCreated": "2024-12-18 00:32:13.562065+00:00", "RecordID": "14851", "Level": "4", "UserID": ""}
{"EventID": "600", "Channel": "Windows PowerShell", "Provider_Name": "PowerShell", "Computer": "DESKTOP-OFJ6N53", "TimeCreated": "2024-12-18 00:32:13.562065+00:00", "RecordID": "14852", "Level": "4", "UserID": ""}
{"EventID": "600", "Channel": "Windows PowerShell", "Provider_Name": "PowerShell", "Computer": "DESKTOP-OFJ6N53", "TimeCreated": "2024-12-18 00:32:13.577688+00:00", "RecordID": "14853", "Level": "4", "UserID": ""}
{"EventID": "600", "Channel": "Windows PowerShell", "Provider_Name": "PowerShell", "Computer": "DESKTOP-OFJ6N53", "TimeCreated": "2024-12-18 00:32:13.577688+00:00", "RecordID": "14854", "Level": "4", "UserID": ""}
{"EventID": "600", "Channel": "Windows PowerShell", "Provider_Name": "PowerShell", "Computer": "DESKTOP-OFJ6N53", "TimeCreated": "2024-12-18 00:32:13.577688+00:00", "RecordID": "14855", "Level": "4", "UserID": ""}
{"EventID": "400", "Channel": "Windows PowerShell", "Provider_Name": "PowerShell", "Computer": "DESKTOP-OFJ6N53", "TimeCreated": "2024-12-18 00:32:13.624561+00:00", "RecordID": "14856", "Level": "4", "UserID": ""}
{"EventID": "403", "Channel": "Windows PowerShell", "Provider_Name": "PowerShell", "Computer": "DESKTOP-OFJ6N53", "TimeCreated": "2024-12-18 00:32:14.343321+00:00", "RecordID": "14857", "Level": "4", "UserID": ""}
{"EventID": "600", "Channel": "Windows PowerShell", "Provider_Name": "PowerShell", "Computer": "DESKTOP-OFJ6N53", "TimeCreated": "2024-12-18 00:32:14.624557+00:00", "RecordID": "14858", "Level": "4", "UserID": ""}
{"EventID": "600", "Channel": "Windows PowerShell", "Provider_Name": "PowerShell", "Computer": "DESKTOP-OFJ6N53", "TimeCreated": "2024-12-18 00:32:14.624557+00:00", "RecordID": "14859", "Level": "4", "UserID": ""}
{"EventID": "600", "Channel": "Windows PowerShell", "Provider_Name": "PowerShell", "Computer": "DESKTOP-OFJ6N53", "TimeCreated": "2024-12-18 00:32:14.624557+00:00", "RecordID": "14860", "Level": "4", "UserID": ""}
{"EventID": "600", "Channel": "Windows PowerShell", "Provider_Name": "PowerShell", "Computer": "DESKTOP-OFJ6N53", "TimeCreated": "2024-12-18 00:32:14.624557+00:00", "RecordID": "14861", "Level": "4", "UserID": ""}
{"EventID": "600", "Channel": "Windows PowerShell", "Provider_Name": "PowerShell", "Computer": "DESKTOP-OFJ6N53", "TimeCreated": "2024-12-18 00:32:14.624557+00:00", "RecordID": "14862", "Level": "4", "UserID": ""}
{"EventID": "600", "Channel": "Windows PowerShell", "Provider_Name": "PowerShell", "Computer": "DESKTOP-OFJ6N53", "TimeCreated": "2024-12-18 00:32:14.624557+00:00", "RecordID": "14863", "Level": "4", "UserID": ""}
{"EventID": "400", "Channel": "Windows PowerShell", "Provider_Name": "PowerShell", "Computer": "DESKTOP-OFJ6N53", "TimeCreated": "2024-12-18 00:32:14.640194+00:00", "RecordID": "14864", "Level": "4", "UserID": ""}
{"EventID": "403", "Channel": "Windows PowerShell", "Provider_Name": "PowerShell", "Computer": "DESKTOP-OFJ6N53", "TimeCreated": "2024-12-18 00:32:23.327688+00:00", "RecordID": "14865", "Level": "4", "UserID": ""}
{"EventID": "600", "Channel": "Windows PowerShell", "Provider_Name": "PowerShell", "Computer": "DESKTOP-OFJ6N53", "TimeCreated": "2024-12-19 01:20:53.936691+00:00", "RecordID": "14866", "Level": "4", "UserID": ""}
{"EventID": "600", "Channel": "Windows PowerShell", "Provider_Name": "PowerShell", "Computer": "DESKTOP-OFJ6N53", "TimeCreated": "2024-12-19 01:20:53.952320+00:00", "RecordID": "14867", "Level": "4", "UserID": ""}
{"EventID": "600", "Channel": "Windows PowerShell", "Provider_Name": "PowerShell", "Computer": "DESKTOP-OFJ6N53", "TimeCreated": "2024-12-19 01:20:53.952320+00:00", "RecordID": "14868", "Level": "4", "UserID": ""}
{"EventID": "600", "Channel": "Windows PowerShell", "Provider_Name": "PowerShell", "Computer": "DESKTOP-OFJ6N53", "TimeCreated": "2024-12-19 01:20:53.967958+00:00", "RecordID": "14869", "Level": "4", "UserID": ""}
{"EventID": "600", "Channel": "Windows PowerShell", "Provider_Name": "PowerShell", "Computer": "DESKTOP-OFJ6N53", "TimeCreated": "2024-12-19 01:20:53.967958+00:00", "RecordID": "14870", "Level": "4", "UserID": ""}
{"EventID": "600", "Channel": "Windows PowerShell", "Provider_Name": "PowerShell", "Computer": "DESKTOP-OFJ6N53", "TimeCreated": "2024-12-19 01:20:53.967958+00:00", "RecordID": "14871", "Level": "4", "UserID": ""}
{"EventID": "400", "Channel": "Windows PowerShell", "Provider_Name": "PowerShell", "Computer": "DESKTOP-OFJ6N53", "TimeCreated": "2024-12-19 01:20:54.108583+00:00", "RecordID": "14872", "Level": "4", "UserID": ""}
{"EventID": "403", "Channel": "Windows PowerShell", "Provider_Name": "PowerShell", "Computer": "DESKTOP-OFJ6N53", "TimeCreated": "2024-12-19 01:20:55.061699+00:00", "RecordID": "14873", "Level": "4", "UserID": ""}
{"EventID": "600", "Channel": "Windows PowerShell", "Provider_Name": "PowerShell", "Computer": "DESKTOP-OFJ6N53", "TimeCreated": "2024-12-19 01:20:55.624201+00:00", "RecordID": "14874", "Level": "4", "UserID": ""}
{"EventID": "600", "Channel": "Windows PowerShell", "Provider_Name": "PowerShell", "Computer": "DESKTOP-OFJ6N53", "TimeCreated": "2024-12-19 01:20:55.624201+00:00", "RecordID": "14875", "Level": "4", "UserID": ""}
{"EventID": "600", "Channel": "Windows PowerShell", "Provider_Name": "PowerShell", "Computer": "DESKTOP-OFJ6N53", "TimeCreated": "2024-12-19 01:20:55.624201+00:00", "RecordID": "14876", "Level": "4", "UserID": ""}
{"EventID": "600", "Channel": "Windows PowerShell", "Provider_Name": "PowerShell", "Computer": "DESKTOP-OFJ6N53", "TimeCreated": "2024-12-19 01:20:55.624201+00:00", "RecordID": "14877", "Level": "4", "UserID": ""}
{"EventID": "600", "Channel": "Windows PowerShell", "Provider_Name": "PowerShell", "Computer": "DESKTOP-OFJ6N53", "TimeCreated": "2024-12-19 01:20:55.624201+00:00", "RecordID": "14878", "Level": "4", "UserID": ""}
{"EventID": "600", "Channel": "Windows PowerShell", "Provider_Name": "PowerShell", "Computer": "DESKTOP-OFJ6N53", "TimeCreated": "2024-12-19 01:20:55.624201+00:00", "RecordID": "14879", "Level": "4", "UserID": ""}
{"EventID": "400", "Channel": "Windows PowerShell", "Provider_Name": "PowerShell", "Computer": "DESKTOP-OFJ6N53", "TimeCreated": "2024-12-19 01:20:55.639847+00:00", "RecordID": "14880", "Level": "4", "UserID": ""}
{"EventID": "403", "Channel": "Windows PowerShell", "Provider_Name": "PowerShell", "Computer": "DESKTOP-OFJ6N53", "TimeCreated": "2024-12-19 01:21:05.014832+00:00", "RecordID": "14881", "Level": "4", "UserID": ""}
{"EventID": "600", "Channel": "Windows PowerShell", "Provider_Name": "PowerShell", "Computer": "DESKTOP-OFJ6N53", "TimeCreated": "2024-12-20 00:10:04.000845+00:00", "RecordID": "14882", "Level": "4", "UserID": ""}
{"EventID": "600", "Channel": "Windows PowerShell", "Provider_Name": "PowerShell", "Computer": "DESKTOP-OFJ6N53", "TimeCreated": "2024-12-20 00:10:04.000845+00:00", "RecordID": "14883", "Level": "4", "UserID": ""}
{"EventID": "600", "Channel": "Windows PowerShell", "Provider_Name": "PowerShell", "Computer": "DESKTOP-OFJ6N53", "TimeCreated": "2024-12-20 00:10:04.000845+00:00", "RecordID": "14884", "Level": "4", "UserID": ""}
{"EventID": "600", "Channel": "Windows PowerShell", "Provider_Name": "PowerShell", "Computer": "DESKTOP-OFJ6N53", "TimeCreated": "2024-12-20 00:10:04.016468+00:00", "RecordID": "14885", "Level": "4", "UserID": ""}
{"EventID": "600", "Channel": "Windows PowerShell", "Provider_Name": "PowerShell", "Computer": "DESKTOP-OFJ6N53", "TimeCreated": "2024-12-20 00:10:04.016468+00:00", "RecordID": "14886", "Level": "4", "UserID": ""}
{"EventID": "600", "Channel": "Windows PowerShell", "Provider_Name": "PowerShell", "Computer": "DESKTOP-OFJ6N53", "TimeCreated": "2024-12-20 00:10:04.016468+00:00", "RecordID": "14887", "Level": "4", "UserID": ""}
{"EventID": "400", "Channel": "Windows PowerShell", "Provider_Name": "PowerShell", "Computer": "DESKTOP-OFJ6N53", "TimeCreated": "2024-12-20 00:10:04.141460+00:00", "RecordID": "14888", "Level": "4", "UserID": ""}
{"EventID": "403", "Channel": "Windows PowerShell", "Provider_Name": "PowerShell", "Computer": "DESKTOP-OFJ6N53", "TimeCreated": "2024-12-20 00:10:05.094595+00:00", "RecordID": "14889", "Level": "4", "UserID": ""}
{"EventID": "600", "Channel": "Windows PowerShell", "Provider_Name": "PowerShell", "Computer": "DESKTOP-OFJ6N53", "TimeCreated": "2024-12-20 00:10:05.438337+00:00", "RecordID": "14890", "Level": "4", "UserID": ""}
{"EventID": "600", "Channel": "Windows PowerShell", "Provider_Name": "PowerShell", "Computer": "DESKTOP-OFJ6N53", "TimeCreated": "2024-12-20 00:10:05.438337+00:00", "RecordID": "14891", "Level": "4", "UserID": ""}
{"EventID": "600", "Channel": "Windows PowerShell", "Provider_Name": "PowerShell", "Computer": "DESKTOP-OFJ6N53", "TimeCreated": "2024-12-20 00:10:05.438337+00:00", "RecordID": "14892", "Level": "4", "UserID": ""}
{"EventID": "600", "Channel": "Windows PowerShell", "Provider_Name": "PowerShell", "Computer": "DESKTOP-OFJ6N53", "TimeCreated": "2024-12-20 00:10:05.438337+00:00", "RecordID": "14893", "Level": "4", "UserID": ""}
{"EventID": "600", "Channel": "Windows PowerShell", "Provider_Name": "PowerShell", "Computer": "DESKTOP-OFJ6N53", "TimeCreated": "2024-12-20 00:10:05.438337+00:00", "RecordID": "14894", "Level": "4", "UserID": ""}
{"EventID": "600", "Channel": "Windows PowerShell", "Provider_Name": "PowerShell", "Computer": "DESKTOP-OFJ6N53", "TimeCreated": "2024-12-20 00:10:05.438337+00:00", "RecordID": "14895", "Level": "4", "UserID": ""}
{"EventID": "400", "Channel": "Windows PowerShell", "Provider_Name": "PowerShell", "Computer": "DESKTOP-OFJ6N53", "TimeCreated": "2024-12-20 00:10:05.453970+00:00", "RecordID": "14896", "Level": "4", "UserID": ""}
{"EventID": "403", "Channel": "Windows PowerShell", "Provider_Name": "PowerShell", "Computer": "DESKTOP-OFJ6N53", "TimeCreated": "2024-12-20 00:10:16.282085+00:00", "RecordID": "14897", "Level": "4", "UserID": ""}
{"EventID": "600", "Channel": "Windows PowerShell", "Provider_Name": "PowerShell", "Computer": "DESKTOP-OFJ6N53", "TimeCreated": "2024-12-21 01:37:17.352797+00:00", "RecordID": "14898", "Level": "4", "UserID": ""}
{"EventID": "600", "Channel": "Windows PowerShell", "Provider_Name": "PowerShell", "Computer": "DESKTOP-OFJ6N53", "TimeCreated": "2024-12-21 01:37:17.352797+00:00", "RecordID": "14899", "Level": "4", "UserID": ""}
{"EventID": "600", "Channel": "Windows PowerShell", "Provider_Name": "PowerShell", "Computer": "DESKTOP-OFJ6N53", "TimeCreated": "2024-12-21 01:37:17.482964+00:00", "RecordID": "14900", "Level": "4", "UserID": ""}
{"EventID": "600", "Channel": "Windows PowerShell", "Provider_Name": "PowerShell", "Computer": "DESKTOP-OFJ6N53", "TimeCreated": "2024-12-21 01:37:17.493425+00:00", "RecordID": "14901", "Level": "4", "UserID": ""}
{"EventID": "600", "Channel": "Windows PowerShell", "Provider_Name": "PowerShell", "Computer": "DESKTOP-OFJ6N53", "TimeCreated": "2024-12-21 01:37:17.493425+00:00", "RecordID": "14902", "Level": "4", "UserID": ""}
{"EventID": "600", "Channel": "Windows PowerShell", "Provider_Name": "PowerShell", "Computer": "DESKTOP-OFJ6N53", "TimeCreated": "2024-12-21 01:37:17.493425+00:00", "RecordID": "14903", "Level": "4", "UserID": ""}
{"EventID": "400", "Channel": "Windows PowerShell", "Provider_Name": "PowerShell", "Computer": "DESKTOP-OFJ6N53", "TimeCreated": "2024-12-21 01:37:18.415304+00:00", "RecordID": "14904", "Level": "4", "UserID": ""}
{"EventID": "600", "Channel": "Windows PowerShell", "Provider_Name": "PowerShell", "Computer": "DESKTOP-OFJ6N53", "TimeCreated": "2024-12-21 01:37:18.962179+00:00", "RecordID": "14905", "Level": "4", "UserID": ""}
{"EventID": "600", "Channel": "Windows PowerShell", "Provider_Name": "PowerShell", "Computer": "DESKTOP-OFJ6N53", "TimeCreated": "2024-12-21 01:37:18.962179+00:00", "RecordID": "14906", "Level": "4", "UserID": ""}
{"EventID": "600", "Channel": "Windows PowerShell", "Provider_Name": "PowerShell", "Computer": "DESKTOP-OFJ6N53", "TimeCreated": "2024-12-21 01:37:18.962179+00:00", "RecordID": "14907", "Level": "4", "UserID": ""}
{"EventID": "600", "Channel": "Windows PowerShell", "Provider_Name": "PowerShell", "Computer": "DESKTOP-OFJ6N53", "TimeCreated": "2024-12-21 01:37:19.034536+00:00", "RecordID": "14908", "Level": "4", "UserID": ""}
{"EventID": "600", "Channel": "Windows PowerShell", "Provider_Name": "PowerShell", "Computer": "DESKTOP-OFJ6N53", "TimeCreated": "2024-12-21 01:37:19.034536+00:00", "RecordID": "14909", "Level": "4", "UserID": ""}
{"EventID": "600", "Channel": "Windows PowerShell", "Provider_Name": "PowerShell", "Computer": "DESKTOP-OFJ6N53", "TimeCreated": "2024-12-21 01:37:19.040295+00:00", "RecordID": "14910", "Level": "4", "UserID": ""}
{"EventID": "400", "Channel": "Windows PowerShell", "Provider_Name": "PowerShell", "Computer": "DESKTOP-OFJ6N53", "TimeCreated": "2024-12-21 01:37:19.259056+00:00", "RecordID": "14911", "Level": "4", "UserID": ""}
{"EventID": "403", "Channel": "Windows PowerShell", "Provider_Name": "PowerShell", "Computer": "DESKTOP-OFJ6N53", "TimeCreated": "2024-12-21 01:37:21.087173+00:00", "RecordID": "14912", "Level": "4", "UserID": ""}
{"EventID": "403", "Channel": "Windows PowerShell", "Provider_Name": "PowerShell", "Computer": "DESKTOP-OFJ6N53", "TimeCreated": "2024-12-21 01:37:29.071556+00:00", "RecordID": "14913", "Level": "4", "UserID": ""}
{"EventID": "600", "Channel": "Windows PowerShell", "Provider_Name": "PowerShell", "Computer": "DESKTOP-OFJ6N53", "TimeCreated": "2024-12-22 00:42:49.088690+00:00", "RecordID": "14914", "Level": "4", "UserID": ""}
{"EventID": "600", "Channel": "Windows PowerShell", "Provider_Name": "PowerShell", "Computer": "DESKTOP-OFJ6N53", "TimeCreated": "2024-12-22 00:42:49.088690+00:00", "RecordID": "14915", "Level": "4", "UserID": ""}
{"EventID": "600", "Channel": "Windows PowerShell", "Provider_Name": "PowerShell", "Computer": "DESKTOP-OFJ6N53", "TimeCreated": "2024-12-22 00:42:49.088690+00:00", "RecordID": "14916", "Level": "4", "UserID": ""}
{"EventID": "600", "Channel": "Windows PowerShell", "Provider_Name": "PowerShell", "Computer": "DESKTOP-OFJ6N53", "TimeCreated": "2024-12-22 00:42:49.135574+00:00", "RecordID": "14917", "Level": "4", "UserID": ""}
{"EventID": "600", "Channel": "Windows PowerShell", "Provider_Name": "PowerShell", "Computer": "DESKTOP-OFJ6N53", "TimeCreated": "2024-12-22 00:42:49.135574+00:00", "RecordID": "14918", "Level": "4", "UserID": ""}
{"EventID": "600", "Channel": "Windows PowerShell", "Provider_Name": "PowerShell", "Computer": "DESKTOP-OFJ6N53", "TimeCreated": "2024-12-22 00:42:49.135574+00:00", "RecordID": "14919", "Level": "4", "UserID": ""}
{"EventID": "400", "Channel": "Windows PowerShell", "Provider_Name": "PowerShell", "Computer": "DESKTOP-OFJ6N53", "TimeCreated": "2024-12-22 00:42:49.354322+00:00", "RecordID": "14920", "Level": "4", "UserID": ""}
{"EventID": "403", "Channel": "Windows PowerShell", "Provider_Name": "PowerShell", "Computer": "DESKTOP-OFJ6N53", "TimeCreated": "2024-12-22 00:42:50.338699+00:00", "RecordID": "14921", "Level": "4", "UserID": ""}
{"EventID": "600", "Channel": "Windows PowerShell", "Provider_Name": "PowerShell", "Computer": "DESKTOP-OFJ6N53", "TimeCreated": "2024-12-22 00:42:50.776203+00:00", "RecordID": "14922", "Level": "4", "UserID": ""}
{"EventID": "600", "Channel": "Windows PowerShell", "Provider_Name": "PowerShell", "Computer": "DESKTOP-OFJ6N53", "TimeCreated": "2024-12-22 00:42:50.776203+00:00", "RecordID": "14923", "Level": "4", "UserID": ""}
{"EventID": "600", "Channel": "Windows PowerShell", "Provider_Name": "PowerShell", "Computer": "DESKTOP-OFJ6N53", "TimeCreated": "2024-12-22 00:42:50.776203+00:00", "RecordID": "14924", "Level": "4", "UserID": ""}
{"EventID": "600", "Channel": "Windows PowerShell", "Provider_Name": "PowerShell", "Computer": "DESKTOP-OFJ6N53", "TimeCreated": "2024-12-22 00:42:50.776203+00:00", "RecordID": "14925", "Level": "4", "UserID": ""}
{"EventID": "600", "Channel": "Windows PowerShell", "Provider_Name": "PowerShell", "Computer": "DESKTOP-OFJ6N53", "TimeCreated": "2024-12-22 00:42:50.776203+00:00", "RecordID": "14926", "Level": "4", "UserID": ""}
{"EventID": "600", "Channel": "Windows PowerShell", "Provider_Name": "PowerShell", "Computer": "DESKTOP-OFJ6N53", "TimeCreated": "2024-12-22 00:42:50.776203+00:00", "RecordID": "14927", "Level": "4", "UserID": ""}
{"EventID": "400", "Channel": "Windows PowerShell", "Provider_Name": "PowerShell", "Computer": "DESKTOP-OFJ6N53", "TimeCreated": "2024-12-22 00:42:50.791826+00:00", "RecordID": "14928", "Level": "4", "UserID": ""}
{"EventID": "403", "Channel": "Windows PowerShell", "Provider_Name": "PowerShell", "Computer": "DESKTOP-OFJ6N53", "TimeCreated": "2024-12-22 00:42:59.948080+00:00", "RecordID": "14929", "Level": "4", "UserID": ""}
{"EventID": "600", "Channel": "Windows PowerShell", "Provider_Name": "PowerShell", "Computer": "DESKTOP-OFJ6N53", "TimeCreated": "2024-12-23 01:38:09.404358+00:00", "RecordID": "14930", "Level": "4", "UserID": ""}
{"EventID": "600", "Channel": "Windows PowerShell", "Provider_Name": "PowerShell", "Computer": "DESKTOP-OFJ6N53", "TimeCreated": "2024-12-23 01:38:09.404358+00:00", "RecordID": "14931", "Level": "4", "UserID": ""}
{"EventID": "600", "Channel": "Windows PowerShell", "Provider_Name": "PowerShell", "Computer": "DESKTOP-OFJ6N53", "TimeCreated": "2024-12-23 01:38:09.404358+00:00", "RecordID": "14932", "Level": "4", "UserID": ""}
{"EventID": "600", "Channel": "Windows PowerShell", "Provider_Name": "PowerShell", "Computer": "DESKTOP-OFJ6N53", "TimeCreated": "2024-12-23 01:38:09.404358+00:00", "RecordID": "14933", "Level": "4", "UserID": ""}
{"EventID": "600", "Channel": "Windows PowerShell", "Provider_Name": "PowerShell", "Computer": "DESKTOP-OFJ6N53", "TimeCreated": "2024-12-23 01:38:09.404358+00:00", "RecordID": "14934", "Level": "4", "UserID": ""}
{"EventID": "600", "Channel": "Windows PowerShell", "Provider_Name": "PowerShell", "Computer": "DESKTOP-OFJ6N53", "TimeCreated": "2024-12-23 01:38:09.419827+00:00", "RecordID": "14935", "Level": "4", "UserID": ""}
{"EventID": "400", "Channel": "Windows PowerShell", "Provider_Name": "PowerShell", "Computer": "DESKTOP-OFJ6N53", "TimeCreated": "2024-12-23 01:38:09.466711+00:00", "RecordID": "14936", "Level": "4", "UserID": ""}
{"EventID": "600", "Channel": "Windows PowerShell", "Provider_Name": "PowerShell", "Computer": "DESKTOP-OFJ6N53", "TimeCreated": "2024-12-23 01:38:09.904203+00:00", "RecordID": "14937", "Level": "4", "UserID": ""}
{"EventID": "600", "Channel": "Windows PowerShell", "Provider_Name": "PowerShell", "Computer": "DESKTOP-OFJ6N53", "TimeCreated": "2024-12-23 01:38:09.904203+00:00", "RecordID": "14938", "Level": "4", "UserID": ""}
{"EventID": "600", "Channel": "Windows PowerShell", "Provider_Name": "PowerShell", "Computer": "DESKTOP-OFJ6N53", "TimeCreated": "2024-12-23 01:38:09.904203+00:00", "RecordID": "14939", "Level": "4", "UserID": ""}
{"EventID": "600", "Channel": "Windows PowerShell", "Provider_Name": "PowerShell", "Computer": "DESKTOP-OFJ6N53", "TimeCreated": "2024-12-23 01:38:09.904203+00:00", "RecordID": "14940", "Level": "4", "UserID": ""}
{"EventID": "600", "Channel": "Windows PowerShell", "Provider_Name": "PowerShell", "Computer": "DESKTOP-OFJ6N53", "TimeCreated": "2024-12-23 01:38:09.904203+00:00", "RecordID": "14941", "Level": "4", "UserID": ""}
{"EventID": "600", "Channel": "Windows PowerShell", "Provider_Name": "PowerShell", "Computer": "DESKTOP-OFJ6N53", "TimeCreated": "2024-12-23 01:38:09.904203+00:00", "RecordID": "14942", "Level": "4", "UserID": ""}
{"EventID": "400", "Channel": "Windows PowerShell", "Provider_Name": "PowerShell", "Computer": "DESKTOP-OFJ6N53", "TimeCreated": "2024-12-23 01:38:09.919827+00:00", "RecordID": "14943", "Level": "4", "UserID": ""}
{"EventID": "403", "Channel": "Windows PowerShell", "Provider_Name": "PowerShell", "Computer": "DESKTOP-OFJ6N53", "TimeCreated": "2024-12-23 01:38:10.779203+00:00", "RecordID": "14944", "Level": "4", "UserID": ""}
{"EventID": "403", "Channel": "Windows PowerShell", "Provider_Name": "PowerShell", "Computer": "DESKTOP-OFJ6N53", "TimeCreated": "2024-12-23 01:38:20.107340+00:00", "RecordID": "14945", "Level": "4", "UserID": ""}
{"EventID": "600", "Channel": "Windows PowerShell", "Provider_Name": "PowerShell", "Computer": "DESKTOP-OFJ6N53", "TimeCreated": "2024-12-23 16:07:22.616344+00:00", "RecordID": "14946", "Level": "4", "UserID": ""}
{"EventID": "600", "Channel": "Windows PowerShell", "Provider_Name": "PowerShell", "Computer": "DESKTOP-OFJ6N53", "TimeCreated": "2024-12-23 16:07:22.616344+00:00", "RecordID": "14947", "Level": "4", "UserID": ""}
{"EventID": "600", "Channel": "Windows PowerShell", "Provider_Name": "PowerShell", "Computer": "DESKTOP-OFJ6N53", "TimeCreated": "2024-12-23 16:07:22.616344+00:00", "RecordID": "14948", "Level": "4", "UserID": ""}
{"EventID": "600", "Channel": "Windows PowerShell", "Provider_Name": "PowerShell", "Computer": "DESKTOP-OFJ6N53", "TimeCreated": "2024-12-23 16:07:22.616344+00:00", "RecordID": "14949", "Level": "4", "UserID": ""}
{"EventID": "600", "Channel": "Windows PowerShell", "Provider_Name": "PowerShell", "Computer": "DESKTOP-OFJ6N53", "TimeCreated": "2024-12-23 16:07:22.616344+00:00", "RecordID": "14950", "Level": "4", "UserID": ""}
{"EventID": "600", "Channel": "Windows PowerShell", "Provider_Name": "PowerShell", "Computer": "DESKTOP-OFJ6N53", "TimeCreated": "2024-12-23 16:07:22.616344+00:00", "RecordID": "14951", "Level": "4", "UserID": ""}
{"EventID": "400", "Channel": "Windows PowerShell", "Provider_Name": "PowerShell", "Computer": "DESKTOP-OFJ6N53", "TimeCreated": "2024-12-23 16:07:22.647600+00:00", "RecordID": "14952", "Level": "4", "UserID": ""}
{"EventID": "600", "Channel": "Windows PowerShell", "Provider_Name": "PowerShell", "Computer": "DESKTOP-OFJ6N53", "TimeCreated": "2024-12-24 01:30:57.051022+00:00", "RecordID": "14953", "Level": "4", "UserID": ""}
{"EventID": "600", "Channel": "Windows PowerShell", "Provider_Name": "PowerShell", "Computer": "DESKTOP-OFJ6N53", "TimeCreated": "2024-12-24 01:30:57.051022+00:00", "RecordID": "14954", "Level": "4", "UserID": ""}
{"EventID": "600", "Channel": "Windows PowerShell", "Provider_Name": "PowerShell", "Computer": "DESKTOP-OFJ6N53", "TimeCreated": "2024-12-24 01:30:57.052021+00:00", "RecordID": "14955", "Level": "4", "UserID": ""}
{"EventID": "600", "Channel": "Windows PowerShell", "Provider_Name": "PowerShell", "Computer": "DESKTOP-OFJ6N53", "TimeCreated": "2024-12-24 01:30:57.052021+00:00", "RecordID": "14956", "Level": "4", "UserID": ""}
{"EventID": "600", "Channel": "Windows PowerShell", "Provider_Name": "PowerShell", "Computer": "DESKTOP-OFJ6N53", "TimeCreated": "2024-12-24 01:30:57.053024+00:00", "RecordID": "14957", "Level": "4", "UserID": ""}
{"EventID": "600", "Channel": "Windows PowerShell", "Provider_Name": "PowerShell", "Computer": "DESKTOP-OFJ6N53", "TimeCreated": "2024-12-24 01:30:57.053024+00:00", "RecordID": "14958", "Level": "4", "UserID": ""}
{"EventID": "400", "Channel": "Windows PowerShell", "Provider_Name": "PowerShell", "Computer": "DESKTOP-OFJ6N53", "TimeCreated": "2024-12-24 01:30:57.213999+00:00", "RecordID": "14959", "Level": "4", "UserID": ""}
{"EventID": "403", "Channel": "Windows PowerShell", "Provider_Name": "PowerShell", "Computer": "DESKTOP-OFJ6N53", "TimeCreated": "2024-12-24 01:30:58.320118+00:00", "RecordID": "14960", "Level": "4", "UserID": ""}
{"EventID": "600", "Channel": "Windows PowerShell", "Provider_Name": "PowerShell", "Computer": "DESKTOP-OFJ6N53", "TimeCreated": "2024-12-24 01:30:58.923695+00:00", "RecordID": "14961", "Level": "4", "UserID": ""}
{"EventID": "600", "Channel": "Windows PowerShell", "Provider_Name": "PowerShell", "Computer": "DESKTOP-OFJ6N53", "TimeCreated": "2024-12-24 01:30:58.924698+00:00", "RecordID": "14962", "Level": "4", "UserID": ""}
{"EventID": "600", "Channel": "Windows PowerShell", "Provider_Name": "PowerShell", "Computer": "DESKTOP-OFJ6N53", "TimeCreated": "2024-12-24 01:30:58.924698+00:00", "RecordID": "14963", "Level": "4", "UserID": ""}
{"EventID": "600", "Channel": "Windows PowerShell", "Provider_Name": "PowerShell", "Computer": "DESKTOP-OFJ6N53", "TimeCreated": "2024-12-24 01:30:58.925695+00:00", "RecordID": "14964", "Level": "4", "UserID": ""}
{"EventID": "600", "Channel": "Windows PowerShell", "Provider_Name": "PowerShell", "Computer": "DESKTOP-OFJ6N53", "TimeCreated": "2024-12-24 01:30:58.925695+00:00", "RecordID": "14965", "Level": "4", "UserID": ""}
{"EventID": "600", "Channel": "Windows PowerShell", "Provider_Name": "PowerShell", "Computer": "DESKTOP-OFJ6N53", "TimeCreated": "2024-12-24 01:30:58.925695+00:00", "RecordID": "14966", "Level": "4", "UserID": ""}
{"EventID": "400", "Channel": "Windows PowerShell", "Provider_Name": "PowerShell", "Computer": "DESKTOP-OFJ6N53", "TimeCreated": "2024-12-24 01:30:58.933947+00:00", "RecordID": "14967", "Level": "4", "UserID": ""}
{"EventID": "403", "Channel": "Windows PowerShell", "Provider_Name": "PowerShell", "Computer": "DESKTOP-OFJ6N53", "TimeCreated": "2024-12-24 01:31:08.393116+00:00", "RecordID": "14968", "Level": "4", "UserID": ""}
{"EventID": "600", "Channel": "Windows PowerShell", "Provider_Name": "PowerShell", "Computer": "DESKTOP-OFJ6N53", "TimeCreated": "2024-12-25 01:16:33.923120+00:00", "RecordID": "14969", "Level": "4", "UserID": ""}
{"EventID": "600", "Channel": "Windows PowerShell", "Provider_Name": "PowerShell", "Computer": "DESKTOP-OFJ6N53", "TimeCreated": "2024-12-25 01:16:33.923120+00:00", "RecordID": "14970", "Level": "4", "UserID": ""}
{"EventID": "600", "Channel": "Windows PowerShell", "Provider_Name": "PowerShell", "Computer": "DESKTOP-OFJ6N53", "TimeCreated": "2024-12-25 01:16:33.923120+00:00", "RecordID": "14971", "Level": "4", "UserID": ""}
{"EventID": "600", "Channel": "Windows PowerShell", "Provider_Name": "PowerShell", "Computer": "DESKTOP-OFJ6N53", "TimeCreated": "2024-12-25 01:16:33.923120+00:00", "RecordID": "14972", "Level": "4", "UserID": ""}
{"EventID": "600", "Channel": "Windows PowerShell", "Provider_Name": "PowerShell", "Computer": "DESKTOP-OFJ6N53", "TimeCreated": "2024-12-25 01:16:33.923120+00:00", "RecordID": "14973", "Level": "4", "UserID": ""}
{"EventID": "600", "Channel": "Windows PowerShell", "Provider_Name": "PowerShell", "Computer": "DESKTOP-OFJ6N53", "TimeCreated": "2024-12-25 01:16:33.923120+00:00", "RecordID": "14974", "Level": "4", "UserID": ""}
{"EventID": "400", "Channel": "Windows PowerShell", "Provider_Name": "PowerShell", "Computer": "DESKTOP-OFJ6N53", "TimeCreated": "2024-12-25 01:16:33.938740+00:00", "RecordID": "14975", "Level": "4", "UserID": ""}
{"EventID": "403", "Channel": "Windows PowerShell", "Provider_Name": "PowerShell", "Computer": "DESKTOP-OFJ6N53", "TimeCreated": "2024-12-25 01:16:35.813744+00:00", "RecordID": "14976", "Level": "4", "UserID": ""}
{"EventID": "600", "Channel": "Windows PowerShell", "Provider_Name": "PowerShell", "Computer": "DESKTOP-OFJ6N53", "TimeCreated": "2024-12-25 01:16:36.376242+00:00", "RecordID": "14977", "Level": "4", "UserID": ""}
{"EventID": "600", "Channel": "Windows PowerShell", "Provider_Name": "PowerShell", "Computer": "DESKTOP-OFJ6N53", "TimeCreated": "2024-12-25 01:16:36.376242+00:00", "RecordID": "14978", "Level": "4", "UserID": ""}
{"EventID": "600", "Channel": "Windows PowerShell", "Provider_Name": "PowerShell", "Computer": "DESKTOP-OFJ6N53", "TimeCreated": "2024-12-25 01:16:36.376242+00:00", "RecordID": "14979", "Level": "4", "UserID": ""}
{"EventID": "600", "Channel": "Windows PowerShell", "Provider_Name": "PowerShell", "Computer": "DESKTOP-OFJ6N53", "TimeCreated": "2024-12-25 01:16:36.376242+00:00", "RecordID": "14980", "Level": "4", "UserID": ""}
{"EventID": "600", "Channel": "Windows PowerShell", "Provider_Name": "PowerShell", "Computer": "DESKTOP-OFJ6N53", "TimeCreated": "2024-12-25 01:16:36.376242+00:00", "RecordID": "14981", "Level": "4", "UserID": ""}
{"EventID": "600", "Channel": "Windows PowerShell", "Provider_Name": "PowerShell", "Computer": "DESKTOP-OFJ6N53", "TimeCreated": "2024-12-25 01:16:36.376242+00:00", "RecordID": "14982", "Level": "4", "UserID": ""}
{"EventID": "400", "Channel": "Windows PowerShell", "Provider_Name": "PowerShell", "Computer": "DESKTOP-OFJ6N53", "TimeCreated": "2024-12-25 01:16:36.391870+00:00", "RecordID": "14983", "Level": "4", "UserID": ""}
{"EventID": "403", "Channel": "Windows PowerShell", "Provider_Name": "PowerShell", "Computer": "DESKTOP-OFJ6N53", "TimeCreated": "2024-12-25 01:16:46.079365+00:00", "RecordID": "14984", "Level": "4", "UserID": ""}
{"EventID": "600", "Channel": "Windows PowerShell", "Provider_Name": "PowerShell", "Computer": "DESKTOP-OFJ6N53", "TimeCreated": "2024-12-26 00:23:54.912041+00:00", "RecordID": "14985", "Level": "4", "UserID": ""}
{"EventID": "600", "Channel": "Windows PowerShell", "Provider_Name": "PowerShell", "Computer": "DESKTOP-OFJ6N53", "TimeCreated": "2024-12-26 00:23:54.912041+00:00", "RecordID": "14986", "Level": "4", "UserID": ""}
{"EventID": "600", "Channel": "Windows PowerShell", "Provider_Name": "PowerShell", "Computer": "DESKTOP-OFJ6N53", "TimeCreated": "2024-12-26 00:23:54.913057+00:00", "RecordID": "14987", "Level": "4", "UserID": ""}
{"EventID": "600", "Channel": "Windows PowerShell", "Provider_Name": "PowerShell", "Computer": "DESKTOP-OFJ6N53", "TimeCreated": "2024-12-26 00:23:54.913057+00:00", "RecordID": "14988", "Level": "4", "UserID": ""}
{"EventID": "600", "Channel": "Windows PowerShell", "Provider_Name": "PowerShell", "Computer": "DESKTOP-OFJ6N53", "TimeCreated": "2024-12-26 00:23:54.914053+00:00", "RecordID": "14989", "Level": "4", "UserID": ""}
{"EventID": "600", "Channel": "Windows PowerShell", "Provider_Name": "PowerShell", "Computer": "DESKTOP-OFJ6N53", "TimeCreated": "2024-12-26 00:23:54.914053+00:00", "RecordID": "14990", "Level": "4", "UserID": ""}
{"EventID": "400", "Channel": "Windows PowerShell", "Provider_Name": "PowerShell", "Computer": "DESKTOP-OFJ6N53", "TimeCreated": "2024-12-26 00:23:54.924055+00:00", "RecordID": "14991", "Level": "4", "UserID": ""}
{"EventID": "403", "Channel": "Windows PowerShell", "Provider_Name": "PowerShell", "Computer": "DESKTOP-OFJ6N53", "TimeCreated": "2024-12-26 00:23:55.978676+00:00", "RecordID": "14992", "Level": "4", "UserID": ""}
{"EventID": "600", "Channel": "Windows PowerShell", "Provider_Name": "PowerShell", "Computer": "DESKTOP-OFJ6N53", "TimeCreated": "2024-12-26 00:23:57.222677+00:00", "RecordID": "14993", "Level": "4", "UserID": ""}
{"EventID": "600", "Channel": "Windows PowerShell", "Provider_Name": "PowerShell", "Computer": "DESKTOP-OFJ6N53", "TimeCreated": "2024-12-26 00:23:57.222677+00:00", "RecordID": "14994", "Level": "4", "UserID": ""}
{"EventID": "600", "Channel": "Windows PowerShell", "Provider_Name": "PowerShell", "Computer": "DESKTOP-OFJ6N53", "TimeCreated": "2024-12-26 00:23:57.223679+00:00", "RecordID": "14995", "Level": "4", "UserID": ""}
{"EventID": "600", "Channel": "Windows PowerShell", "Provider_Name": "PowerShell", "Computer": "DESKTOP-OFJ6N53", "TimeCreated": "2024-12-26 00:23:57.223679+00:00", "RecordID": "14996", "Level": "4", "UserID": ""}
{"EventID": "600", "Channel": "Windows PowerShell", "Provider_Name": "PowerShell", "Computer": "DESKTOP-OFJ6N53", "TimeCreated": "2024-12-26 00:23:57.224674+00:00", "RecordID": "14997", "Level": "4", "UserID": ""}
{"EventID": "600", "Channel": "Windows PowerShell", "Provider_Name": "PowerShell", "Computer": "DESKTOP-OFJ6N53", "TimeCreated": "2024-12-26 00:23:57.224674+00:00", "RecordID": "14998", "Level": "4", "UserID": ""}
{"EventID": "400", "Channel": "Windows PowerShell", "Provider_Name": "PowerShell", "Computer": "DESKTOP-OFJ6N53", "TimeCreated": "2024-12-26 00:23:57.343678+00:00", "RecordID": "14999", "Level": "4", "UserID": ""}
{"EventID": "403", "Channel": "Windows PowerShell", "Provider_Name": "PowerShell", "Computer": "DESKTOP-OFJ6N53", "TimeCreated": "2024-12-26 00:24:07.367668+00:00", "RecordID": "15000", "Level": "4", "UserID": ""}
{"EventID": "600", "Channel": "Windows PowerShell", "Provider_Name": "PowerShell", "Computer": "DESKTOP-OFJ6N53", "TimeCreated": "2024-12-27 01:15:37.899811+00:00", "RecordID": "15001", "Level": "4", "UserID": ""}
{"EventID": "600", "Channel": "Windows PowerShell", "Provider_Name": "PowerShell", "Computer": "DESKTOP-OFJ6N53", "TimeCreated": "2024-12-27 01:15:37.899811+00:00", "RecordID": "15002", "Level": "4", "UserID": ""}
{"EventID": "600", "Channel": "Windows PowerShell", "Provider_Name": "PowerShell", "Computer": "DESKTOP-OFJ6N53", "TimeCreated": "2024-12-27 01:15:37.899811+00:00", "RecordID": "15003", "Level": "4", "UserID": ""}
{"EventID": "600", "Channel": "Windows PowerShell", "Provider_Name": "PowerShell", "Computer": "DESKTOP-OFJ6N53", "TimeCreated": "2024-12-27 01:15:37.915424+00:00", "RecordID": "15004", "Level": "4", "UserID": ""}
{"EventID": "600", "Channel": "Windows PowerShell", "Provider_Name": "PowerShell", "Computer": "DESKTOP-OFJ6N53", "TimeCreated": "2024-12-27 01:15:37.915424+00:00", "RecordID": "15005", "Level": "4", "UserID": ""}
{"EventID": "600", "Channel": "Windows PowerShell", "Provider_Name": "PowerShell", "Computer": "DESKTOP-OFJ6N53", "TimeCreated": "2024-12-27 01:15:37.915424+00:00", "RecordID": "15006", "Level": "4", "UserID": ""}
{"EventID": "400", "Channel": "Windows PowerShell", "Provider_Name": "PowerShell", "Computer": "DESKTOP-OFJ6N53", "TimeCreated": "2024-12-27 01:15:37.931067+00:00", "RecordID": "15007", "Level": "4", "UserID": ""}
{"EventID": "403", "Channel": "Windows PowerShell", "Provider_Name": "PowerShell", "Computer": "DESKTOP-OFJ6N53", "TimeCreated": "2024-12-27 01:15:39.852907+00:00", "RecordID": "15008", "Level": "4", "UserID": ""}
{"EventID": "600", "Channel": "Windows PowerShell", "Provider_Name": "PowerShell", "Computer": "DESKTOP-OFJ6N53", "TimeCreated": "2024-12-27 01:15:41.227917+00:00", "RecordID": "15009", "Level": "4", "UserID": ""}
{"EventID": "600", "Channel": "Windows PowerShell", "Provider_Name": "PowerShell", "Computer": "DESKTOP-OFJ6N53", "TimeCreated": "2024-12-27 01:15:41.227917+00:00", "RecordID": "15010", "Level": "4", "UserID": ""}
{"EventID": "600", "Channel": "Windows PowerShell", "Provider_Name": "PowerShell", "Computer": "DESKTOP-OFJ6N53", "TimeCreated": "2024-12-27 01:15:41.227917+00:00", "RecordID": "15011", "Level": "4", "UserID": ""}
{"EventID": "600", "Channel": "Windows PowerShell", "Provider_Name": "PowerShell", "Computer": "DESKTOP-OFJ6N53", "TimeCreated": "2024-12-27 01:15:41.227917+00:00", "RecordID": "15012", "Level": "4", "UserID": ""}
{"EventID": "600", "Channel": "Windows PowerShell", "Provider_Name": "PowerShell", "Computer": "DESKTOP-OFJ6N53", "TimeCreated": "2024-12-27 01:15:41.243536+00:00", "RecordID": "15013", "Level": "4", "UserID": ""}
{"EventID": "600", "Channel": "Windows PowerShell", "Provider_Name": "PowerShell", "Computer": "DESKTOP-OFJ6N53", "TimeCreated": "2024-12-27 01:15:41.243536+00:00", "RecordID": "15014", "Level": "4", "UserID": ""}
{"EventID": "400", "Channel": "Windows PowerShell", "Provider_Name": "PowerShell", "Computer": "DESKTOP-OFJ6N53", "TimeCreated": "2024-12-27 01:15:41.243536+00:00", "RecordID": "15015", "Level": "4", "UserID": ""}
{"EventID": "403", "Channel": "Windows PowerShell", "Provider_Name": "PowerShell", "Computer": "DESKTOP-OFJ6N53", "TimeCreated": "2024-12-27 01:15:56.837309+00:00", "RecordID": "15016", "Level": "4", "UserID": ""}
{"EventID": "600", "Channel": "Windows PowerShell", "Provider_Name": "PowerShell", "Computer": "DESKTOP-OFJ6N53", "TimeCreated": "2024-12-28 00:27:28.913898+00:00", "RecordID": "15017", "Level": "4", "UserID": ""}
{"EventID": "600", "Channel": "Windows PowerShell", "Provider_Name": "PowerShell", "Computer": "DESKTOP-OFJ6N53", "TimeCreated": "2024-12-28 00:27:28.913898+00:00", "RecordID": "15018", "Level": "4", "UserID": ""}
{"EventID": "600", "Channel": "Windows PowerShell", "Provider_Name": "PowerShell", "Computer": "DESKTOP-OFJ6N53", "TimeCreated": "2024-12-28 00:27:28.913898+00:00", "RecordID": "15019", "Level": "4", "UserID": ""}
{"EventID": "600", "Channel": "Windows PowerShell", "Provider_Name": "PowerShell", "Computer": "DESKTOP-OFJ6N53", "TimeCreated": "2024-12-28 00:27:28.929529+00:00", "RecordID": "15020", "Level": "4", "UserID": ""}
{"EventID": "600", "Channel": "Windows PowerShell", "Provider_Name": "PowerShell", "Computer": "DESKTOP-OFJ6N53", "TimeCreated": "2024-12-28 00:27:28.929529+00:00", "RecordID": "15021", "Level": "4", "UserID": ""}
{"EventID": "600", "Channel": "Windows PowerShell", "Provider_Name": "PowerShell", "Computer": "DESKTOP-OFJ6N53", "TimeCreated": "2024-12-28 00:27:28.929529+00:00", "RecordID": "15022", "Level": "4", "UserID": ""}
{"EventID": "400", "Channel": "Windows PowerShell", "Provider_Name": "PowerShell", "Computer": "DESKTOP-OFJ6N53", "TimeCreated": "2024-12-28 00:27:28.960781+00:00", "RecordID": "15023", "Level": "4", "UserID": ""}
{"EventID": "403", "Channel": "Windows PowerShell", "Provider_Name": "PowerShell", "Computer": "DESKTOP-OFJ6N53", "TimeCreated": "2024-12-28 00:27:30.663944+00:00", "RecordID": "15024", "Level": "4", "UserID": ""}
{"EventID": "600", "Channel": "Windows PowerShell", "Provider_Name": "PowerShell", "Computer": "DESKTOP-OFJ6N53", "TimeCreated": "2024-12-28 00:27:32.335775+00:00", "RecordID": "15025", "Level": "4", "UserID": ""}
{"EventID": "600", "Channel": "Windows PowerShell", "Provider_Name": "PowerShell", "Computer": "DESKTOP-OFJ6N53", "TimeCreated": "2024-12-28 00:27:32.335775+00:00", "RecordID": "15026", "Level": "4", "UserID": ""}
{"EventID": "600", "Channel": "Windows PowerShell", "Provider_Name": "PowerShell", "Computer": "DESKTOP-OFJ6N53", "TimeCreated": "2024-12-28 00:27:32.335775+00:00", "RecordID": "15027", "Level": "4", "UserID": ""}
{"EventID": "600", "Channel": "Windows PowerShell", "Provider_Name": "PowerShell", "Computer": "DESKTOP-OFJ6N53", "TimeCreated": "2024-12-28 00:27:32.335775+00:00", "RecordID": "15028", "Level": "4", "UserID": ""}
{"EventID": "600", "Channel": "Windows PowerShell", "Provider_Name": "PowerShell", "Computer": "DESKTOP-OFJ6N53", "TimeCreated": "2024-12-28 00:27:32.335775+00:00", "RecordID": "15029", "Level": "4", "UserID": ""}
{"EventID": "600", "Channel": "Windows PowerShell", "Provider_Name": "PowerShell", "Computer": "DESKTOP-OFJ6N53", "TimeCreated": "2024-12-28 00:27:32.335775+00:00", "RecordID": "15030", "Level": "4", "UserID": ""}
{"EventID": "400", "Channel": "Windows PowerShell", "Provider_Name": "PowerShell", "Computer": "DESKTOP-OFJ6N53", "TimeCreated": "2024-12-28 00:27:32.367033+00:00", "RecordID": "15031", "Level": "4", "UserID": ""}
{"EventID": "403", "Channel": "Windows PowerShell", "Provider_Name": "PowerShell", "Computer": "DESKTOP-OFJ6N53", "TimeCreated": "2024-12-28 00:27:50.867039+00:00", "RecordID": "15032", "Level": "4", "UserID": ""}
{"EventID": "600", "Channel": "Windows PowerShell", "Provider_Name": "PowerShell", "Computer": "DESKTOP-OFJ6N53", "TimeCreated": "2024-12-29 01:24:25.482355+00:00", "RecordID": "15033", "Level": "4", "UserID": ""}
{"EventID": "600", "Channel": "Windows PowerShell", "Provider_Name": "PowerShell", "Computer": "DESKTOP-OFJ6N53", "TimeCreated": "2024-12-29 01:24:25.482355+00:00", "RecordID": "15034", "Level": "4", "UserID": ""}
{"EventID": "600", "Channel": "Windows PowerShell", "Provider_Name": "PowerShell", "Computer": "DESKTOP-OFJ6N53", "TimeCreated": "2024-12-29 01:24:25.482355+00:00", "RecordID": "15035", "Level": "4", "UserID": ""}
{"EventID": "600", "Channel": "Windows PowerShell", "Provider_Name": "PowerShell", "Computer": "DESKTOP-OFJ6N53", "TimeCreated": "2024-12-29 01:24:25.497990+00:00", "RecordID": "15036", "Level": "4", "UserID": ""}
{"EventID": "600", "Channel": "Windows PowerShell", "Provider_Name": "PowerShell", "Computer": "DESKTOP-OFJ6N53", "TimeCreated": "2024-12-29 01:24:25.497990+00:00", "RecordID": "15037", "Level": "4", "UserID": ""}
{"EventID": "600", "Channel": "Windows PowerShell", "Provider_Name": "PowerShell", "Computer": "DESKTOP-OFJ6N53", "TimeCreated": "2024-12-29 01:24:25.497990+00:00", "RecordID": "15038", "Level": "4", "UserID": ""}
{"EventID": "600", "Channel": "Windows PowerShell", "Provider_Name": "PowerShell", "Computer": "DESKTOP-OFJ6N53", "TimeCreated": "2024-12-29 01:24:25.638601+00:00", "RecordID": "15039", "Level": "4", "UserID": ""}
{"EventID": "600", "Channel": "Windows PowerShell", "Provider_Name": "PowerShell", "Computer": "DESKTOP-OFJ6N53", "TimeCreated": "2024-12-29 01:24:25.638601+00:00", "RecordID": "15040", "Level": "4", "UserID": ""}
{"EventID": "600", "Channel": "Windows PowerShell", "Provider_Name": "PowerShell", "Computer": "DESKTOP-OFJ6N53", "TimeCreated": "2024-12-29 01:24:25.638601+00:00", "RecordID": "15041", "Level": "4", "UserID": ""}
{"EventID": "600", "Channel": "Windows PowerShell", "Provider_Name": "PowerShell", "Computer": "DESKTOP-OFJ6N53", "TimeCreated": "2024-12-29 01:24:25.638601+00:00", "RecordID": "15042", "Level": "4", "UserID": ""}
{"EventID": "600", "Channel": "Windows PowerShell", "Provider_Name": "PowerShell", "Computer": "DESKTOP-OFJ6N53", "TimeCreated": "2024-12-29 01:24:25.638601+00:00", "RecordID": "15043", "Level": "4", "UserID": ""}
{"EventID": "600", "Channel": "Windows PowerShell", "Provider_Name": "PowerShell", "Computer": "DESKTOP-OFJ6N53", "TimeCreated": "2024-12-29 01:24:25.638601+00:00", "RecordID": "15044", "Level": "4", "UserID": ""}
{"EventID": "400", "Channel": "Windows PowerShell", "Provider_Name": "PowerShell", "Computer": "DESKTOP-OFJ6N53", "TimeCreated": "2024-12-29 01:24:26.138655+00:00", "RecordID": "15045", "Level": "4", "UserID": ""}
{"EventID": "400", "Channel": "Windows PowerShell", "Provider_Name": "PowerShell", "Computer": "DESKTOP-OFJ6N53", "TimeCreated": "2024-12-29 01:24:26.138655+00:00", "RecordID": "15046", "Level": "4", "UserID": ""}
{"EventID": "403", "Channel": "Windows PowerShell", "Provider_Name": "PowerShell", "Computer": "DESKTOP-OFJ6N53", "TimeCreated": "2024-12-29 01:24:29.341742+00:00", "RecordID": "15047", "Level": "4", "UserID": ""}
{"EventID": "403", "Channel": "Windows PowerShell", "Provider_Name": "PowerShell", "Computer": "DESKTOP-OFJ6N53", "TimeCreated": "2024-12-29 01:24:58.622984+00:00", "RecordID": "15048", "Level": "4", "UserID": ""}
{"EventID": "600", "Channel": "Windows PowerShell", "Provider_Name": "PowerShell", "Computer": "DESKTOP-OFJ6N53", "TimeCreated": "2024-12-30 00:19:49.651543+00:00", "RecordID": "15049", "Level": "4", "UserID": ""}
{"EventID": "600", "Channel": "Windows PowerShell", "Provider_Name": "PowerShell", "Computer": "DESKTOP-OFJ6N53", "TimeCreated": "2024-12-30 00:19:49.651543+00:00", "RecordID": "15050", "Level": "4", "UserID": ""}
{"EventID": "600", "Channel": "Windows PowerShell", "Provider_Name": "PowerShell", "Computer": "DESKTOP-OFJ6N53", "TimeCreated": "2024-12-30 00:19:49.667175+00:00", "RecordID": "15051", "Level": "4", "UserID": ""}
{"EventID": "600", "Channel": "Windows PowerShell", "Provider_Name": "PowerShell", "Computer": "DESKTOP-OFJ6N53", "TimeCreated": "2024-12-30 00:19:49.682808+00:00", "RecordID": "15052", "Level": "4", "UserID": ""}
{"EventID": "600", "Channel": "Windows PowerShell", "Provider_Name": "PowerShell", "Computer": "DESKTOP-OFJ6N53", "TimeCreated": "2024-12-30 00:19:49.682808+00:00", "RecordID": "15053", "Level": "4", "UserID": ""}
{"EventID": "600", "Channel": "Windows PowerShell", "Provider_Name": "PowerShell", "Computer": "DESKTOP-OFJ6N53", "TimeCreated": "2024-12-30 00:19:49.682808+00:00", "RecordID": "15054", "Level": "4", "UserID": ""}
{"EventID": "400", "Channel": "Windows PowerShell", "Provider_Name": "PowerShell", "Computer": "DESKTOP-OFJ6N53", "TimeCreated": "2024-12-30 00:19:50.229679+00:00", "RecordID": "15055", "Level": "4", "UserID": ""}
{"EventID": "600", "Channel": "Windows PowerShell", "Provider_Name": "PowerShell", "Computer": "DESKTOP-OFJ6N53", "TimeCreated": "2024-12-30 00:19:51.260921+00:00", "RecordID": "15056", "Level": "4", "UserID": ""}
{"EventID": "600", "Channel": "Windows PowerShell", "Provider_Name": "PowerShell", "Computer": "DESKTOP-OFJ6N53", "TimeCreated": "2024-12-30 00:19:51.260921+00:00", "RecordID": "15057", "Level": "4", "UserID": ""}
{"EventID": "600", "Channel": "Windows PowerShell", "Provider_Name": "PowerShell", "Computer": "DESKTOP-OFJ6N53", "TimeCreated": "2024-12-30 00:19:51.260921+00:00", "RecordID": "15058", "Level": "4", "UserID": ""}
{"EventID": "600", "Channel": "Windows PowerShell", "Provider_Name": "PowerShell", "Computer": "DESKTOP-OFJ6N53", "TimeCreated": "2024-12-30 00:19:51.316797+00:00", "RecordID": "15059", "Level": "4", "UserID": ""}
{"EventID": "600", "Channel": "Windows PowerShell", "Provider_Name": "PowerShell", "Computer": "DESKTOP-OFJ6N53", "TimeCreated": "2024-12-30 00:19:51.316797+00:00", "RecordID": "15060", "Level": "4", "UserID": ""}
{"EventID": "600", "Channel": "Windows PowerShell", "Provider_Name": "PowerShell", "Computer": "DESKTOP-OFJ6N53", "TimeCreated": "2024-12-30 00:19:51.316797+00:00", "RecordID": "15061", "Level": "4", "UserID": ""}
{"EventID": "400", "Channel": "Windows PowerShell", "Provider_Name": "PowerShell", "Computer": "DESKTOP-OFJ6N53", "TimeCreated": "2024-12-30 00:19:51.432911+00:00", "RecordID": "15062", "Level": "4", "UserID": ""}
{"EventID": "403", "Channel": "Windows PowerShell", "Provider_Name": "PowerShell", "Computer": "DESKTOP-OFJ6N53", "TimeCreated": "2024-12-30 00:19:52.307796+00:00", "RecordID": "15063", "Level": "4", "UserID": ""}
