{"EventID": "403", "Channel": "Windows PowerShell", "Provider_Name": "PowerShell", "Computer": "DESKTOP-OFJ6N53", "TimeCreated": "2025-08-17 01:37:24.793610+00:00", "RecordID": "21122", "Level": "4", "UserID": ""}
{"EventID": "600", "Channel": "Windows PowerShell", "Provider_Name": "PowerShell", "Computer": "DESKTOP-OFJ6N53", "TimeCreated": "2025-08-17 01:37:28.903002+00:00", "RecordID": "21123", "Level": "4", "UserID": ""}
{"EventID": "600", "Channel": "Windows PowerShell", "Provider_Name": "PowerShell", "Computer": "DESKTOP-OFJ6N53", "TimeCreated": "2025-08-17 01:37:28.903002+00:00", "RecordID": "21124", "Level": "4", "UserID": ""}
{"EventID": "600", "Channel": "Windows PowerShell", "Provider_Name": "PowerShell", "Computer": "DESKTOP-OFJ6N53", "TimeCreated": "2025-08-17 01:37:28.903002+00:00", "RecordID": "21125", "Level": "4", "UserID": ""}
{"EventID": "600", "Channel": "Windows PowerShell", "Provider_Name": "PowerShell", "Computer": "DESKTOP-OFJ6N53", "TimeCreated": "2025-08-17 01:37:28.903002+00:00", "RecordID": "21126", "Level": "4", "UserID": ""}
{"EventID": "600", "Channel": "Windows PowerShell", "Provider_Name": "PowerShell", "Computer": "DESKTOP-OFJ6N53", "TimeCreated": "2025-08-17 01:37:28.903002+00:00", "RecordID": "21127", "Level": "4", "UserID": ""}
{"EventID": "600", "Channel": "Windows PowerShell", "Provider_Name": "PowerShell", "Computer": "DESKTOP-OFJ6N53", "TimeCreated": "2025-08-17 01:37:28.903002+00:00", "RecordID": "21128", "Level": "4", "UserID": ""}
{"EventID": "400", "Channel": "Windows PowerShell", "Provider_Name": "PowerShell", "Computer": "DESKTOP-OFJ6N53", "TimeCreated": "2025-08-17 01:37:28.903002+00:00", "RecordID": "21129", "Level": "4", "UserID": ""}
{"EventID": "403", "Channel": "Windows PowerShell", "Provider_Name": "PowerShell", "Computer": "DESKTOP-OFJ6N53", "TimeCreated": "2025-08-17 01:37:29.106117+00:00", "RecordID": "21130", "Level": "4", "UserID": ""}
{"EventID": "600", "Channel": "Windows PowerShell", "Provider_Name": "PowerShell", "Computer": "DESKTOP-OFJ6N53", "TimeCreated": "2025-08-18 00:05:10.456015+00:00", "RecordID": "21131", "Level": "4", "UserID": ""}
{"EventID": "600", "Channel": "Windows PowerShell", "Provider_Name": "PowerShell", "Computer": "DESKTOP-OFJ6N53", "TimeCreated": "2025-08-18 00:05:10.456015+00:00", "RecordID": "21132", "Level": "4", "UserID": ""}
{"EventID": "600", "Channel": "Windows PowerShell", "Provider_Name": "PowerShell", "Computer": "DESKTOP-OFJ6N53", "TimeCreated": "2025-08-18 00:05:10.456015+00:00", "RecordID": "21133", "Level": "4", "UserID": ""}
{"EventID": "600", "Channel": "Windows PowerShell", "Provider_Name": "PowerShell", "Computer": "DESKTOP-OFJ6N53", "TimeCreated": "2025-08-18 00:05:10.456015+00:00", "RecordID": "21134", "Level": "4", "UserID": ""}
{"EventID": "600", "Channel": "Windows PowerShell", "Provider_Name": "PowerShell", "Computer": "DESKTOP-OFJ6N53", "TimeCreated": "2025-08-18 00:05:10.456015+00:00", "RecordID": "21135", "Level": "4", "UserID": ""}
{"EventID": "600", "Channel": "Windows PowerShell", "Provider_Name": "PowerShell", "Computer": "DESKTOP-OFJ6N53", "TimeCreated": "2025-08-18 00:05:10.456015+00:00", "RecordID": "21136", "Level": "4", "UserID": ""}
{"EventID": "400", "Channel": "Windows PowerShell", "Provider_Name": "PowerShell", "Computer": "DESKTOP-OFJ6N53", "TimeCreated": "2025-08-18 00:05:10.487249+00:00", "RecordID": "21137", "Level": "4", "UserID": ""}
{"EventID": "403", "Channel": "Windows PowerShell", "Provider_Name": "PowerShell", "Computer": "DESKTOP-OFJ6N53", "TimeCreated": "2025-08-18 00:05:13.752884+00:00", "RecordID": "21138", "Level": "4", "UserID": ""}
{"EventID": "600", "Channel": "Windows PowerShell", "Provider_Name": "PowerShell", "Computer": "DESKTOP-OFJ6N53", "TimeCreated": "2025-08-18 00:05:18.252890+00:00", "RecordID": "21139", "Level": "4", "UserID": ""}
{"EventID": "600", "Channel": "Windows PowerShell", "Provider_Name": "PowerShell", "Computer": "DESKTOP-OFJ6N53", "TimeCreated": "2025-08-18 00:05:18.252890+00:00", "RecordID": "21140", "Level": "4", "UserID": ""}
{"EventID": "600", "Channel": "Windows PowerShell", "Provider_Name": "PowerShell", "Computer": "DESKTOP-OFJ6N53", "TimeCreated": "2025-08-18 00:05:18.252890+00:00", "RecordID": "21141", "Level": "4", "UserID": ""}
{"EventID": "600", "Channel": "Windows PowerShell", "Provider_Name": "PowerShell", "Computer": "DESKTOP-OFJ6N53", "TimeCreated": "2025-08-18 00:05:18.252890+00:00", "RecordID": "21142", "Level": "4", "UserID": ""}
{"EventID": "600", "Channel": "Windows PowerShell", "Provider_Name": "PowerShell", "Computer": "DESKTOP-OFJ6N53", "TimeCreated": "2025-08-18 00:05:18.252890+00:00", "RecordID": "21143", "Level": "4", "UserID": ""}
{"EventID": "600", "Channel": "Windows PowerShell", "Provider_Name": "PowerShell", "Computer": "DESKTOP-OFJ6N53", "TimeCreated": "2025-08-18 00:05:18.252890+00:00", "RecordID": "21144", "Level": "4", "UserID": ""}
{"EventID": "400", "Channel": "Windows PowerShell", "Provider_Name": "PowerShell", "Computer": "DESKTOP-OFJ6N53", "TimeCreated": "2025-08-18 00:05:18.268509+00:00", "RecordID": "21145", "Level": "4", "UserID": ""}
{"EventID": "403", "Channel": "Windows PowerShell", "Provider_Name": "PowerShell", "Computer": "DESKTOP-OFJ6N53", "TimeCreated": "2025-08-18 00:05:18.565393+00:00", "RecordID": "21146", "Level": "4", "UserID": ""}
{"EventID": "600", "Channel": "Windows PowerShell", "Provider_Name": "PowerShell", "Computer": "DESKTOP-OFJ6N53", "TimeCreated": "2025-08-18 08:03:50.944908+00:00", "RecordID": "21147", "Level": "4", "UserID": ""}
{"EventID": "600", "Channel": "Windows PowerShell", "Provider_Name": "PowerShell", "Computer": "DESKTOP-OFJ6N53", "TimeCreated": "2025-08-18 08:03:50.944908+00:00", "RecordID": "21148", "Level": "4", "UserID": ""}
{"EventID": "600", "Channel": "Windows PowerShell", "Provider_Name": "PowerShell", "Computer": "DESKTOP-OFJ6N53", "TimeCreated": "2025-08-18 08:03:50.944908+00:00", "RecordID": "21149", "Level": "4", "UserID": ""}
{"EventID": "600", "Channel": "Windows PowerShell", "Provider_Name": "PowerShell", "Computer": "DESKTOP-OFJ6N53", "TimeCreated": "2025-08-18 08:03:50.944908+00:00", "RecordID": "21150", "Level": "4", "UserID": ""}
{"EventID": "600", "Channel": "Windows PowerShell", "Provider_Name": "PowerShell", "Computer": "DESKTOP-OFJ6N53", "TimeCreated": "2025-08-18 08:03:50.944908+00:00", "RecordID": "21151", "Level": "4", "UserID": ""}
{"EventID": "600", "Channel": "Windows PowerShell", "Provider_Name": "PowerShell", "Computer": "DESKTOP-OFJ6N53", "TimeCreated": "2025-08-18 08:03:50.944908+00:00", "RecordID": "21152", "Level": "4", "UserID": ""}
{"EventID": "400", "Channel": "Windows PowerShell", "Provider_Name": "PowerShell", "Computer": "DESKTOP-OFJ6N53", "TimeCreated": "2025-08-18 08:03:51.274694+00:00", "RecordID": "21153", "Level": "4", "UserID": ""}
{"EventID": "403", "Channel": "Windows PowerShell", "Provider_Name": "PowerShell", "Computer": "DESKTOP-OFJ6N53", "TimeCreated": "2025-08-18 08:03:53.974504+00:00", "RecordID": "21154", "Level": "4", "UserID": ""}
{"EventID": "600", "Channel": "Windows PowerShell", "Provider_Name": "PowerShell", "Computer": "DESKTOP-OFJ6N53", "TimeCreated": "2025-08-18 08:21:59.486086+00:00", "RecordID": "21155", "Level": "4", "UserID": ""}
{"EventID": "600", "Channel": "Windows PowerShell", "Provider_Name": "PowerShell", "Computer": "DESKTOP-OFJ6N53", "TimeCreated": "2025-08-18 08:21:59.501087+00:00", "RecordID": "21156", "Level": "4", "UserID": ""}
{"EventID": "600", "Channel": "Windows PowerShell", "Provider_Name": "PowerShell", "Computer": "DESKTOP-OFJ6N53", "TimeCreated": "2025-08-18 08:21:59.513254+00:00", "RecordID": "21157", "Level": "4", "UserID": ""}
{"EventID": "600", "Channel": "Windows PowerShell", "Provider_Name": "PowerShell", "Computer": "DESKTOP-OFJ6N53", "TimeCreated": "2025-08-18 08:21:59.609816+00:00", "RecordID": "21158", "Level": "4", "UserID": ""}
{"EventID": "600", "Channel": "Windows PowerShell", "Provider_Name": "PowerShell", "Computer": "DESKTOP-OFJ6N53", "TimeCreated": "2025-08-18 08:21:59.609816+00:00", "RecordID": "21159", "Level": "4", "UserID": ""}
{"EventID": "600", "Channel": "Windows PowerShell", "Provider_Name": "PowerShell", "Computer": "DESKTOP-OFJ6N53", "TimeCreated": "2025-08-18 08:21:59.609816+00:00", "RecordID": "21160", "Level": "4", "UserID": ""}
{"EventID": "400", "Channel": "Windows PowerShell", "Provider_Name": "PowerShell", "Computer": "DESKTOP-OFJ6N53", "TimeCreated": "2025-08-18 08:21:59.614819+00:00", "RecordID": "21161", "Level": "4", "UserID": ""}
{"EventID": "600", "Channel": "Windows PowerShell", "Provider_Name": "PowerShell", "Computer": "DESKTOP-OFJ6N53", "TimeCreated": "2025-08-18 08:22:04.224730+00:00", "RecordID": "21162", "Level": "4", "UserID": ""}
{"EventID": "600", "Channel": "Windows PowerShell", "Provider_Name": "PowerShell", "Computer": "DESKTOP-OFJ6N53", "TimeCreated": "2025-08-18 08:22:04.224730+00:00", "RecordID": "21163", "Level": "4", "UserID": ""}
{"EventID": "600", "Channel": "Windows PowerShell", "Provider_Name": "PowerShell", "Computer": "DESKTOP-OFJ6N53", "TimeCreated": "2025-08-18 08:22:04.224730+00:00", "RecordID": "21164", "Level": "4", "UserID": ""}
{"EventID": "600", "Channel": "Windows PowerShell", "Provider_Name": "PowerShell", "Computer": "DESKTOP-OFJ6N53", "TimeCreated": "2025-08-18 08:22:04.224730+00:00", "RecordID": "21165", "Level": "4", "UserID": ""}
{"EventID": "600", "Channel": "Windows PowerShell", "Provider_Name": "PowerShell", "Computer": "DESKTOP-OFJ6N53", "TimeCreated": "2025-08-18 08:22:04.224730+00:00", "RecordID": "21166", "Level": "4", "UserID": ""}
{"EventID": "600", "Channel": "Windows PowerShell", "Provider_Name": "PowerShell", "Computer": "DESKTOP-OFJ6N53", "TimeCreated": "2025-08-18 08:22:04.224730+00:00", "RecordID": "21167", "Level": "4", "UserID": ""}
{"EventID": "400", "Channel": "Windows PowerShell", "Provider_Name": "PowerShell", "Computer": "DESKTOP-OFJ6N53", "TimeCreated": "2025-08-18 08:22:04.240406+00:00", "RecordID": "21168", "Level": "4", "UserID": ""}
{"EventID": "600", "Channel": "Windows PowerShell", "Provider_Name": "PowerShell", "Computer": "DESKTOP-OFJ6N53", "TimeCreated": "2025-08-19 01:26:55.096235+00:00", "RecordID": "21169", "Level": "4", "UserID": ""}
{"EventID": "600", "Channel": "Windows PowerShell", "Provider_Name": "PowerShell", "Computer": "DESKTOP-OFJ6N53", "TimeCreated": "2025-08-19 01:26:55.097256+00:00", "RecordID": "21170", "Level": "4", "UserID": ""}
{"EventID": "600", "Channel": "Windows PowerShell", "Provider_Name": "PowerShell", "Computer": "DESKTOP-OFJ6N53", "TimeCreated": "2025-08-19 01:26:55.098240+00:00", "RecordID": "21171", "Level": "4", "UserID": ""}
{"EventID": "600", "Channel": "Windows PowerShell", "Provider_Name": "PowerShell", "Computer": "DESKTOP-OFJ6N53", "TimeCreated": "2025-08-19 01:26:55.101238+00:00", "RecordID": "21172", "Level": "4", "UserID": ""}
{"EventID": "600", "Channel": "Windows PowerShell", "Provider_Name": "PowerShell", "Computer": "DESKTOP-OFJ6N53", "TimeCreated": "2025-08-19 01:26:55.101238+00:00", "RecordID": "21173", "Level": "4", "UserID": ""}
{"EventID": "600", "Channel": "Windows PowerShell", "Provider_Name": "PowerShell", "Computer": "DESKTOP-OFJ6N53", "TimeCreated": "2025-08-19 01:26:55.102240+00:00", "RecordID": "21174", "Level": "4", "UserID": ""}
{"EventID": "400", "Channel": "Windows PowerShell", "Provider_Name": "PowerShell", "Computer": "DESKTOP-OFJ6N53", "TimeCreated": "2025-08-19 01:26:55.206875+00:00", "RecordID": "21175", "Level": "4", "UserID": ""}
{"EventID": "403", "Channel": "Windows PowerShell", "Provider_Name": "PowerShell", "Computer": "DESKTOP-OFJ6N53", "TimeCreated": "2025-08-19 01:26:58.528141+00:00", "RecordID": "21176", "Level": "4", "UserID": ""}
{"EventID": "600", "Channel": "Windows PowerShell", "Provider_Name": "PowerShell", "Computer": "DESKTOP-OFJ6N53", "TimeCreated": "2025-08-19 01:27:02.896305+00:00", "RecordID": "21177", "Level": "4", "UserID": ""}
{"EventID": "600", "Channel": "Windows PowerShell", "Provider_Name": "PowerShell", "Computer": "DESKTOP-OFJ6N53", "TimeCreated": "2025-08-19 01:27:02.896305+00:00", "RecordID": "21178", "Level": "4", "UserID": ""}
{"EventID": "600", "Channel": "Windows PowerShell", "Provider_Name": "PowerShell", "Computer": "DESKTOP-OFJ6N53", "TimeCreated": "2025-08-19 01:27:02.897306+00:00", "RecordID": "21179", "Level": "4", "UserID": ""}
{"EventID": "600", "Channel": "Windows PowerShell", "Provider_Name": "PowerShell", "Computer": "DESKTOP-OFJ6N53", "TimeCreated": "2025-08-19 01:27:02.898312+00:00", "RecordID": "21180", "Level": "4", "UserID": ""}
{"EventID": "600", "Channel": "Windows PowerShell", "Provider_Name": "PowerShell", "Computer": "DESKTOP-OFJ6N53", "TimeCreated": "2025-08-19 01:27:02.898312+00:00", "RecordID": "21181", "Level": "4", "UserID": ""}
{"EventID": "600", "Channel": "Windows PowerShell", "Provider_Name": "PowerShell", "Computer": "DESKTOP-OFJ6N53", "TimeCreated": "2025-08-19 01:27:02.898312+00:00", "RecordID": "21182", "Level": "4", "UserID": ""}
{"EventID": "400", "Channel": "Windows PowerShell", "Provider_Name": "PowerShell", "Computer": "DESKTOP-OFJ6N53", "TimeCreated": "2025-08-19 01:27:02.923759+00:00", "RecordID": "21183", "Level": "4", "UserID": ""}
{"EventID": "403", "Channel": "Windows PowerShell", "Provider_Name": "PowerShell", "Computer": "DESKTOP-OFJ6N53", "TimeCreated": "2025-08-19 01:27:03.282284+00:00", "RecordID": "21184", "Level": "4", "UserID": ""}
{"EventID": "600", "Channel": "Windows PowerShell", "Provider_Name": "PowerShell", "Computer": "DESKTOP-OFJ6N53", "TimeCreated": "2025-08-19 07:20:58.720314+00:00", "RecordID": "21185", "Level": "4", "UserID": ""}
{"EventID": "600", "Channel": "Windows PowerShell", "Provider_Name": "PowerShell", "Computer": "DESKTOP-OFJ6N53", "TimeCreated": "2025-08-19 07:20:58.735943+00:00", "RecordID": "21186", "Level": "4", "UserID": ""}
{"EventID": "600", "Channel": "Windows PowerShell", "Provider_Name": "PowerShell", "Computer": "DESKTOP-OFJ6N53", "TimeCreated": "2025-08-19 07:20:58.735943+00:00", "RecordID": "21187", "Level": "4", "UserID": ""}
{"EventID": "600", "Channel": "Windows PowerShell", "Provider_Name": "PowerShell", "Computer": "DESKTOP-OFJ6N53", "TimeCreated": "2025-08-19 07:20:58.735943+00:00", "RecordID": "21188", "Level": "4", "UserID": ""}
{"EventID": "600", "Channel": "Windows PowerShell", "Provider_Name": "PowerShell", "Computer": "DESKTOP-OFJ6N53", "TimeCreated": "2025-08-19 07:20:58.735943+00:00", "RecordID": "21189", "Level": "4", "UserID": ""}
{"EventID": "600", "Channel": "Windows PowerShell", "Provider_Name": "PowerShell", "Computer": "DESKTOP-OFJ6N53", "TimeCreated": "2025-08-19 07:20:58.735943+00:00", "RecordID": "21190", "Level": "4", "UserID": ""}
{"EventID": "400", "Channel": "Windows PowerShell", "Provider_Name": "PowerShell", "Computer": "DESKTOP-OFJ6N53", "TimeCreated": "2025-08-19 07:20:59.032810+00:00", "RecordID": "21191", "Level": "4", "UserID": ""}
{"EventID": "403", "Channel": "Windows PowerShell", "Provider_Name": "PowerShell", "Computer": "DESKTOP-OFJ6N53", "TimeCreated": "2025-08-19 07:21:05.279839+00:00", "RecordID": "21192", "Level": "4", "UserID": ""}
{"EventID": "600", "Channel": "Windows PowerShell", "Provider_Name": "PowerShell", "Computer": "DESKTOP-OFJ6N53", "TimeCreated": "2025-08-19 07:21:15.860964+00:00", "RecordID": "21193", "Level": "4", "UserID": ""}
{"EventID": "600", "Channel": "Windows PowerShell", "Provider_Name": "PowerShell", "Computer": "DESKTOP-OFJ6N53", "TimeCreated": "2025-08-19 07:21:15.860964+00:00", "RecordID": "21194", "Level": "4", "UserID": ""}
{"EventID": "600", "Channel": "Windows PowerShell", "Provider_Name": "PowerShell", "Computer": "DESKTOP-OFJ6N53", "TimeCreated": "2025-08-19 07:21:15.876579+00:00", "RecordID": "21195", "Level": "4", "UserID": ""}
{"EventID": "600", "Channel": "Windows PowerShell", "Provider_Name": "PowerShell", "Computer": "DESKTOP-OFJ6N53", "TimeCreated": "2025-08-19 07:21:15.876579+00:00", "RecordID": "21196", "Level": "4", "UserID": ""}
{"EventID": "600", "Channel": "Windows PowerShell", "Provider_Name": "PowerShell", "Computer": "DESKTOP-OFJ6N53", "TimeCreated": "2025-08-19 07:21:15.876579+00:00", "RecordID": "21197", "Level": "4", "UserID": ""}
{"EventID": "600", "Channel": "Windows PowerShell", "Provider_Name": "PowerShell", "Computer": "DESKTOP-OFJ6N53", "TimeCreated": "2025-08-19 07:21:15.876579+00:00", "RecordID": "21198", "Level": "4", "UserID": ""}
{"EventID": "400", "Channel": "Windows PowerShell", "Provider_Name": "PowerShell", "Computer": "DESKTOP-OFJ6N53", "TimeCreated": "2025-08-19 07:21:16.329704+00:00", "RecordID": "21199", "Level": "4", "UserID": ""}
{"EventID": "403", "Channel": "Windows PowerShell", "Provider_Name": "PowerShell", "Computer": "DESKTOP-OFJ6N53", "TimeCreated": "2025-08-19 07:21:18.454697+00:00", "RecordID": "21200", "Level": "4", "UserID": ""}
{"EventID": "600", "Channel": "Windows PowerShell", "Provider_Name": "PowerShell", "Computer": "DESKTOP-OFJ6N53", "TimeCreated": "2025-08-19 07:21:26.189093+00:00", "RecordID": "21201", "Level": "4", "UserID": ""}
{"EventID": "600", "Channel": "Windows PowerShell", "Provider_Name": "PowerShell", "Computer": "DESKTOP-OFJ6N53", "TimeCreated": "2025-08-19 07:21:26.189093+00:00", "RecordID": "21202", "Level": "4", "UserID": ""}
{"EventID": "600", "Channel": "Windows PowerShell", "Provider_Name": "PowerShell", "Computer": "DESKTOP-OFJ6N53", "TimeCreated": "2025-08-19 07:21:26.189093+00:00", "RecordID": "21203", "Level": "4", "UserID": ""}
{"EventID": "600", "Channel": "Windows PowerShell", "Provider_Name": "PowerShell", "Computer": "DESKTOP-OFJ6N53", "TimeCreated": "2025-08-19 07:21:26.204714+00:00", "RecordID": "21204", "Level": "4", "UserID": ""}
{"EventID": "600", "Channel": "Windows PowerShell", "Provider_Name": "PowerShell", "Computer": "DESKTOP-OFJ6N53", "TimeCreated": "2025-08-19 07:21:26.204714+00:00", "RecordID": "21205", "Level": "4", "UserID": ""}
{"EventID": "600", "Channel": "Windows PowerShell", "Provider_Name": "PowerShell", "Computer": "DESKTOP-OFJ6N53", "TimeCreated": "2025-08-19 07:21:26.204714+00:00", "RecordID": "21206", "Level": "4", "UserID": ""}
{"EventID": "400", "Channel": "Windows PowerShell", "Provider_Name": "PowerShell", "Computer": "DESKTOP-OFJ6N53", "TimeCreated": "2025-08-19 07:21:26.360901+00:00", "RecordID": "21207", "Level": "4", "UserID": ""}
{"EventID": "403", "Channel": "Windows PowerShell", "Provider_Name": "PowerShell", "Computer": "DESKTOP-OFJ6N53", "TimeCreated": "2025-08-19 07:21:27.907808+00:00", "RecordID": "21208", "Level": "4", "UserID": ""}
{"EventID": "600", "Channel": "Windows PowerShell", "Provider_Name": "PowerShell", "Computer": "DESKTOP-OFJ6N53", "TimeCreated": "2025-08-19 07:43:19.814056+00:00", "RecordID": "21209", "Level": "4", "UserID": ""}
{"EventID": "600", "Channel": "Windows PowerShell", "Provider_Name": "PowerShell", "Computer": "DESKTOP-OFJ6N53", "TimeCreated": "2025-08-19 07:43:19.814056+00:00", "RecordID": "21210", "Level": "4", "UserID": ""}
{"EventID": "600", "Channel": "Windows PowerShell", "Provider_Name": "PowerShell", "Computer": "DESKTOP-OFJ6N53", "TimeCreated": "2025-08-19 07:43:19.814056+00:00", "RecordID": "21211", "Level": "4", "UserID": ""}
{"EventID": "600", "Channel": "Windows PowerShell", "Provider_Name": "PowerShell", "Computer": "DESKTOP-OFJ6N53", "TimeCreated": "2025-08-19 07:43:19.829674+00:00", "RecordID": "21212", "Level": "4", "UserID": ""}
{"EventID": "600", "Channel": "Windows PowerShell", "Provider_Name": "PowerShell", "Computer": "DESKTOP-OFJ6N53", "TimeCreated": "2025-08-19 07:43:19.845303+00:00", "RecordID": "21213", "Level": "4", "UserID": ""}
{"EventID": "600", "Channel": "Windows PowerShell", "Provider_Name": "PowerShell", "Computer": "DESKTOP-OFJ6N53", "TimeCreated": "2025-08-19 07:43:19.845303+00:00", "RecordID": "21214", "Level": "4", "UserID": ""}
{"EventID": "400", "Channel": "Windows PowerShell", "Provider_Name": "PowerShell", "Computer": "DESKTOP-OFJ6N53", "TimeCreated": "2025-08-19 07:43:20.017179+00:00", "RecordID": "21215", "Level": "4", "UserID": ""}
{"EventID": "403", "Channel": "Windows PowerShell", "Provider_Name": "PowerShell", "Computer": "DESKTOP-OFJ6N53", "TimeCreated": "2025-08-19 07:43:22.642174+00:00", "RecordID": "21216", "Level": "4", "UserID": ""}
{"EventID": "600", "Channel": "Windows PowerShell", "Provider_Name": "PowerShell", "Computer": "DESKTOP-OFJ6N53", "TimeCreated": "2025-08-19 09:15:38.176367+00:00", "RecordID": "21217", "Level": "4", "UserID": ""}
{"EventID": "600", "Channel": "Windows PowerShell", "Provider_Name": "PowerShell", "Computer": "DESKTOP-OFJ6N53", "TimeCreated": "2025-08-19 09:15:38.242649+00:00", "RecordID": "21218", "Level": "4", "UserID": ""}
{"EventID": "600", "Channel": "Windows PowerShell", "Provider_Name": "PowerShell", "Computer": "DESKTOP-OFJ6N53", "TimeCreated": "2025-08-19 09:15:38.242649+00:00", "RecordID": "21219", "Level": "4", "UserID": ""}
{"EventID": "600", "Channel": "Windows PowerShell", "Provider_Name": "PowerShell", "Computer": "DESKTOP-OFJ6N53", "TimeCreated": "2025-08-19 09:15:38.251291+00:00", "RecordID": "21220", "Level": "4", "UserID": ""}
{"EventID": "600", "Channel": "Windows PowerShell", "Provider_Name": "PowerShell", "Computer": "DESKTOP-OFJ6N53", "TimeCreated": "2025-08-19 09:15:38.251291+00:00", "RecordID": "21221", "Level": "4", "UserID": ""}
{"EventID": "600", "Channel": "Windows PowerShell", "Provider_Name": "PowerShell", "Computer": "DESKTOP-OFJ6N53", "TimeCreated": "2025-08-19 09:15:38.251291+00:00", "RecordID": "21222", "Level": "4", "UserID": ""}
{"EventID": "400", "Channel": "Windows PowerShell", "Provider_Name": "PowerShell", "Computer": "DESKTOP-OFJ6N53", "TimeCreated": "2025-08-19 09:15:38.333223+00:00", "RecordID": "21223", "Level": "4", "UserID": ""}
{"EventID": "600", "Channel": "Windows PowerShell", "Provider_Name": "PowerShell", "Computer": "DESKTOP-OFJ6N53", "TimeCreated": "2025-08-19 09:16:23.642447+00:00", "RecordID": "21224", "Level": "4", "UserID": ""}
{"EventID": "600", "Channel": "Windows PowerShell", "Provider_Name": "PowerShell", "Computer": "DESKTOP-OFJ6N53", "TimeCreated": "2025-08-19 09:16:23.643446+00:00", "RecordID": "21225", "Level": "4", "UserID": ""}
{"EventID": "600", "Channel": "Windows PowerShell", "Provider_Name": "PowerShell", "Computer": "DESKTOP-OFJ6N53", "TimeCreated": "2025-08-19 09:16:23.643446+00:00", "RecordID": "21226", "Level": "4", "UserID": ""}
{"EventID": "600", "Channel": "Windows PowerShell", "Provider_Name": "PowerShell", "Computer": "DESKTOP-OFJ6N53", "TimeCreated": "2025-08-19 09:16:23.644445+00:00", "RecordID": "21227", "Level": "4", "UserID": ""}
{"EventID": "600", "Channel": "Windows PowerShell", "Provider_Name": "PowerShell", "Computer": "DESKTOP-OFJ6N53", "TimeCreated": "2025-08-19 09:16:23.644445+00:00", "RecordID": "21228", "Level": "4", "UserID": ""}
{"EventID": "600", "Channel": "Windows PowerShell", "Provider_Name": "PowerShell", "Computer": "DESKTOP-OFJ6N53", "TimeCreated": "2025-08-19 09:16:23.644445+00:00", "RecordID": "21229", "Level": "4", "UserID": ""}
{"EventID": "400", "Channel": "Windows PowerShell", "Provider_Name": "PowerShell", "Computer": "DESKTOP-OFJ6N53", "TimeCreated": "2025-08-19 09:16:23.660006+00:00", "RecordID": "21230", "Level": "4", "UserID": ""}
{"EventID": "600", "Channel": "Windows PowerShell", "Provider_Name": "PowerShell", "Computer": "DESKTOP-OFJ6N53", "TimeCreated": "2025-08-20 01:58:27.871305+00:00", "RecordID": "21231", "Level": "4", "UserID": ""}
{"EventID": "600", "Channel": "Windows PowerShell", "Provider_Name": "PowerShell", "Computer": "DESKTOP-OFJ6N53", "TimeCreated": "2025-08-20 01:58:27.871305+00:00", "RecordID": "21232", "Level": "4", "UserID": ""}
{"EventID": "600", "Channel": "Windows PowerShell", "Provider_Name": "PowerShell", "Computer": "DESKTOP-OFJ6N53", "TimeCreated": "2025-08-20 01:58:27.871305+00:00", "RecordID": "21233", "Level": "4", "UserID": ""}
{"EventID": "600", "Channel": "Windows PowerShell", "Provider_Name": "PowerShell", "Computer": "DESKTOP-OFJ6N53", "TimeCreated": "2025-08-20 01:58:27.871305+00:00", "RecordID": "21234", "Level": "4", "UserID": ""}
{"EventID": "600", "Channel": "Windows PowerShell", "Provider_Name": "PowerShell", "Computer": "DESKTOP-OFJ6N53", "TimeCreated": "2025-08-20 01:58:27.871305+00:00", "RecordID": "21235", "Level": "4", "UserID": ""}
{"EventID": "600", "Channel": "Windows PowerShell", "Provider_Name": "PowerShell", "Computer": "DESKTOP-OFJ6N53", "TimeCreated": "2025-08-20 01:58:27.871305+00:00", "RecordID": "21236", "Level": "4", "UserID": ""}
{"EventID": "400", "Channel": "Windows PowerShell", "Provider_Name": "PowerShell", "Computer": "DESKTOP-OFJ6N53", "TimeCreated": "2025-08-20 01:58:27.918139+00:00", "RecordID": "21237", "Level": "4", "UserID": ""}
{"EventID": "403", "Channel": "Windows PowerShell", "Provider_Name": "PowerShell", "Computer": "DESKTOP-OFJ6N53", "TimeCreated": "2025-08-20 01:58:29.871265+00:00", "RecordID": "21238", "Level": "4", "UserID": ""}
{"EventID": "600", "Channel": "Windows PowerShell", "Provider_Name": "PowerShell", "Computer": "DESKTOP-OFJ6N53", "TimeCreated": "2025-08-20 01:58:34.340021+00:00", "RecordID": "21239", "Level": "4", "UserID": ""}
{"EventID": "600", "Channel": "Windows PowerShell", "Provider_Name": "PowerShell", "Computer": "DESKTOP-OFJ6N53", "TimeCreated": "2025-08-20 01:58:34.340021+00:00", "RecordID": "21240", "Level": "4", "UserID": ""}
{"EventID": "600", "Channel": "Windows PowerShell", "Provider_Name": "PowerShell", "Computer": "DESKTOP-OFJ6N53", "TimeCreated": "2025-08-20 01:58:34.340021+00:00", "RecordID": "21241", "Level": "4", "UserID": ""}
{"EventID": "600", "Channel": "Windows PowerShell", "Provider_Name": "PowerShell", "Computer": "DESKTOP-OFJ6N53", "TimeCreated": "2025-08-20 01:58:34.340021+00:00", "RecordID": "21242", "Level": "4", "UserID": ""}
{"EventID": "600", "Channel": "Windows PowerShell", "Provider_Name": "PowerShell", "Computer": "DESKTOP-OFJ6N53", "TimeCreated": "2025-08-20 01:58:34.340021+00:00", "RecordID": "21243", "Level": "4", "UserID": ""}
{"EventID": "600", "Channel": "Windows PowerShell", "Provider_Name": "PowerShell", "Computer": "DESKTOP-OFJ6N53", "TimeCreated": "2025-08-20 01:58:34.340021+00:00", "RecordID": "21244", "Level": "4", "UserID": ""}
{"EventID": "400", "Channel": "Windows PowerShell", "Provider_Name": "PowerShell", "Computer": "DESKTOP-OFJ6N53", "TimeCreated": "2025-08-20 01:58:34.355679+00:00", "RecordID": "21245", "Level": "4", "UserID": ""}
{"EventID": "403", "Channel": "Windows PowerShell", "Provider_Name": "PowerShell", "Computer": "DESKTOP-OFJ6N53", "TimeCreated": "2025-08-20 01:58:34.558786+00:00", "RecordID": "21246", "Level": "4", "UserID": ""}
{"EventID": "600", "Channel": "Windows PowerShell", "Provider_Name": "PowerShell", "Computer": "DESKTOP-OFJ6N53", "TimeCreated": "2025-08-21 00:37:22.183840+00:00", "RecordID": "21247", "Level": "4", "UserID": ""}
{"EventID": "600", "Channel": "Windows PowerShell", "Provider_Name": "PowerShell", "Computer": "DESKTOP-OFJ6N53", "TimeCreated": "2025-08-21 00:37:22.183840+00:00", "RecordID": "21248", "Level": "4", "UserID": ""}
{"EventID": "600", "Channel": "Windows PowerShell", "Provider_Name": "PowerShell", "Computer": "DESKTOP-OFJ6N53", "TimeCreated": "2025-08-21 00:37:22.183840+00:00", "RecordID": "21249", "Level": "4", "UserID": ""}
{"EventID": "600", "Channel": "Windows PowerShell", "Provider_Name": "PowerShell", "Computer": "DESKTOP-OFJ6N53", "TimeCreated": "2025-08-21 00:37:22.410469+00:00", "RecordID": "21250", "Level": "4", "UserID": ""}
{"EventID": "600", "Channel": "Windows PowerShell", "Provider_Name": "PowerShell", "Computer": "DESKTOP-OFJ6N53", "TimeCreated": "2025-08-21 00:37:22.410469+00:00", "RecordID": "21251", "Level": "4", "UserID": ""}
{"EventID": "600", "Channel": "Windows PowerShell", "Provider_Name": "PowerShell", "Computer": "DESKTOP-OFJ6N53", "TimeCreated": "2025-08-21 00:37:22.411465+00:00", "RecordID": "21252", "Level": "4", "UserID": ""}
{"EventID": "400", "Channel": "Windows PowerShell", "Provider_Name": "PowerShell", "Computer": "DESKTOP-OFJ6N53", "TimeCreated": "2025-08-21 00:37:22.445448+00:00", "RecordID": "21253", "Level": "4", "UserID": ""}
{"EventID": "403", "Channel": "Windows PowerShell", "Provider_Name": "PowerShell", "Computer": "DESKTOP-OFJ6N53", "TimeCreated": "2025-08-21 00:37:24.597332+00:00", "RecordID": "21254", "Level": "4", "UserID": ""}
{"EventID": "600", "Channel": "Windows PowerShell", "Provider_Name": "PowerShell", "Computer": "DESKTOP-OFJ6N53", "TimeCreated": "2025-08-21 00:37:28.892418+00:00", "RecordID": "21255", "Level": "4", "UserID": ""}
{"EventID": "600", "Channel": "Windows PowerShell", "Provider_Name": "PowerShell", "Computer": "DESKTOP-OFJ6N53", "TimeCreated": "2025-08-21 00:37:28.893419+00:00", "RecordID": "21256", "Level": "4", "UserID": ""}
{"EventID": "600", "Channel": "Windows PowerShell", "Provider_Name": "PowerShell", "Computer": "DESKTOP-OFJ6N53", "TimeCreated": "2025-08-21 00:37:28.893419+00:00", "RecordID": "21257", "Level": "4", "UserID": ""}
{"EventID": "600", "Channel": "Windows PowerShell", "Provider_Name": "PowerShell", "Computer": "DESKTOP-OFJ6N53", "TimeCreated": "2025-08-21 00:37:28.895418+00:00", "RecordID": "21258", "Level": "4", "UserID": ""}
{"EventID": "600", "Channel": "Windows PowerShell", "Provider_Name": "PowerShell", "Computer": "DESKTOP-OFJ6N53", "TimeCreated": "2025-08-21 00:37:28.895418+00:00", "RecordID": "21259", "Level": "4", "UserID": ""}
{"EventID": "600", "Channel": "Windows PowerShell", "Provider_Name": "PowerShell", "Computer": "DESKTOP-OFJ6N53", "TimeCreated": "2025-08-21 00:37:28.895418+00:00", "RecordID": "21260", "Level": "4", "UserID": ""}
{"EventID": "400", "Channel": "Windows PowerShell", "Provider_Name": "PowerShell", "Computer": "DESKTOP-OFJ6N53", "TimeCreated": "2025-08-21 00:37:28.934595+00:00", "RecordID": "21261", "Level": "4", "UserID": ""}
{"EventID": "403", "Channel": "Windows PowerShell", "Provider_Name": "PowerShell", "Computer": "DESKTOP-OFJ6N53", "TimeCreated": "2025-08-21 00:37:29.282648+00:00", "RecordID": "21262", "Level": "4", "UserID": ""}
{"EventID": "600", "Channel": "Windows PowerShell", "Provider_Name": "PowerShell", "Computer": "DESKTOP-OFJ6N53", "TimeCreated": "2025-08-22 00:05:21.089890+00:00", "RecordID": "21263", "Level": "4", "UserID": ""}
{"EventID": "600", "Channel": "Windows PowerShell", "Provider_Name": "PowerShell", "Computer": "DESKTOP-OFJ6N53", "TimeCreated": "2025-08-22 00:05:21.090889+00:00", "RecordID": "21264", "Level": "4", "UserID": ""}
{"EventID": "600", "Channel": "Windows PowerShell", "Provider_Name": "PowerShell", "Computer": "DESKTOP-OFJ6N53", "TimeCreated": "2025-08-22 00:05:21.090889+00:00", "RecordID": "21265", "Level": "4", "UserID": ""}
{"EventID": "600", "Channel": "Windows PowerShell", "Provider_Name": "PowerShell", "Computer": "DESKTOP-OFJ6N53", "TimeCreated": "2025-08-22 00:05:21.096893+00:00", "RecordID": "21266", "Level": "4", "UserID": ""}
{"EventID": "600", "Channel": "Windows PowerShell", "Provider_Name": "PowerShell", "Computer": "DESKTOP-OFJ6N53", "TimeCreated": "2025-08-22 00:05:21.097893+00:00", "RecordID": "21267", "Level": "4", "UserID": ""}
{"EventID": "600", "Channel": "Windows PowerShell", "Provider_Name": "PowerShell", "Computer": "DESKTOP-OFJ6N53", "TimeCreated": "2025-08-22 00:05:21.097893+00:00", "RecordID": "21268", "Level": "4", "UserID": ""}
{"EventID": "400", "Channel": "Windows PowerShell", "Provider_Name": "PowerShell", "Computer": "DESKTOP-OFJ6N53", "TimeCreated": "2025-08-22 00:05:21.505922+00:00", "RecordID": "21269", "Level": "4", "UserID": ""}
{"EventID": "600", "Channel": "Windows PowerShell", "Provider_Name": "PowerShell", "Computer": "DESKTOP-OFJ6N53", "TimeCreated": "2025-08-22 00:05:23.356062+00:00", "RecordID": "21270", "Level": "4", "UserID": ""}
{"EventID": "600", "Channel": "Windows PowerShell", "Provider_Name": "PowerShell", "Computer": "DESKTOP-OFJ6N53", "TimeCreated": "2025-08-22 00:05:23.356062+00:00", "RecordID": "21271", "Level": "4", "UserID": ""}
{"EventID": "600", "Channel": "Windows PowerShell", "Provider_Name": "PowerShell", "Computer": "DESKTOP-OFJ6N53", "TimeCreated": "2025-08-22 00:05:23.356062+00:00", "RecordID": "21272", "Level": "4", "UserID": ""}
{"EventID": "600", "Channel": "Windows PowerShell", "Provider_Name": "PowerShell", "Computer": "DESKTOP-OFJ6N53", "TimeCreated": "2025-08-22 00:05:23.357059+00:00", "RecordID": "21273", "Level": "4", "UserID": ""}
{"EventID": "600", "Channel": "Windows PowerShell", "Provider_Name": "PowerShell", "Computer": "DESKTOP-OFJ6N53", "TimeCreated": "2025-08-22 00:05:23.357059+00:00", "RecordID": "21274", "Level": "4", "UserID": ""}
{"EventID": "600", "Channel": "Windows PowerShell", "Provider_Name": "PowerShell", "Computer": "DESKTOP-OFJ6N53", "TimeCreated": "2025-08-22 00:05:23.357059+00:00", "RecordID": "21275", "Level": "4", "UserID": ""}
{"EventID": "400", "Channel": "Windows PowerShell", "Provider_Name": "PowerShell", "Computer": "DESKTOP-OFJ6N53", "TimeCreated": "2025-08-22 00:05:23.368067+00:00", "RecordID": "21276", "Level": "4", "UserID": ""}
{"EventID": "403", "Channel": "Windows PowerShell", "Provider_Name": "PowerShell", "Computer": "DESKTOP-OFJ6N53", "TimeCreated": "2025-08-22 00:05:26.310362+00:00", "RecordID": "21277", "Level": "4", "UserID": ""}
{"EventID": "403", "Channel": "Windows PowerShell", "Provider_Name": "PowerShell", "Computer": "DESKTOP-OFJ6N53", "TimeCreated": "2025-08-22 00:05:27.549252+00:00", "RecordID": "21278", "Level": "4", "UserID": ""}
{"EventID": "600", "Channel": "Windows PowerShell", "Provider_Name": "PowerShell", "Computer": "DESKTOP-OFJ6N53", "TimeCreated": "2025-08-22 13:00:55.634392+00:00", "RecordID": "21279", "Level": "4", "UserID": ""}
{"EventID": "600", "Channel": "Windows PowerShell", "Provider_Name": "PowerShell", "Computer": "DESKTOP-OFJ6N53", "TimeCreated": "2025-08-22 13:00:55.636393+00:00", "RecordID": "21280", "Level": "4", "UserID": ""}
{"EventID": "600", "Channel": "Windows PowerShell", "Provider_Name": "PowerShell", "Computer": "DESKTOP-OFJ6N53", "TimeCreated": "2025-08-22 13:00:55.638391+00:00", "RecordID": "21281", "Level": "4", "UserID": ""}
{"EventID": "600", "Channel": "Windows PowerShell", "Provider_Name": "PowerShell", "Computer": "DESKTOP-OFJ6N53", "TimeCreated": "2025-08-22 13:00:55.641392+00:00", "RecordID": "21282", "Level": "4", "UserID": ""}
{"EventID": "600", "Channel": "Windows PowerShell", "Provider_Name": "PowerShell", "Computer": "DESKTOP-OFJ6N53", "TimeCreated": "2025-08-22 13:00:55.642391+00:00", "RecordID": "21283", "Level": "4", "UserID": ""}
{"EventID": "600", "Channel": "Windows PowerShell", "Provider_Name": "PowerShell", "Computer": "DESKTOP-OFJ6N53", "TimeCreated": "2025-08-22 13:00:55.643391+00:00", "RecordID": "21284", "Level": "4", "UserID": ""}
{"EventID": "400", "Channel": "Windows PowerShell", "Provider_Name": "PowerShell", "Computer": "DESKTOP-OFJ6N53", "TimeCreated": "2025-08-22 13:00:56.555393+00:00", "RecordID": "21285", "Level": "4", "UserID": ""}
{"EventID": "403", "Channel": "Windows PowerShell", "Provider_Name": "PowerShell", "Computer": "DESKTOP-OFJ6N53", "TimeCreated": "2025-08-22 13:01:23.012440+00:00", "RecordID": "21286", "Level": "4", "UserID": ""}
{"EventID": "600", "Channel": "Windows PowerShell", "Provider_Name": "PowerShell", "Computer": "DESKTOP-OFJ6N53", "TimeCreated": "2025-08-22 13:01:38.044436+00:00", "RecordID": "21287", "Level": "4", "UserID": ""}
{"EventID": "600", "Channel": "Windows PowerShell", "Provider_Name": "PowerShell", "Computer": "DESKTOP-OFJ6N53", "TimeCreated": "2025-08-22 13:01:38.046440+00:00", "RecordID": "21288", "Level": "4", "UserID": ""}
{"EventID": "600", "Channel": "Windows PowerShell", "Provider_Name": "PowerShell", "Computer": "DESKTOP-OFJ6N53", "TimeCreated": "2025-08-22 13:01:38.046440+00:00", "RecordID": "21289", "Level": "4", "UserID": ""}
{"EventID": "600", "Channel": "Windows PowerShell", "Provider_Name": "PowerShell", "Computer": "DESKTOP-OFJ6N53", "TimeCreated": "2025-08-22 13:01:38.050434+00:00", "RecordID": "21290", "Level": "4", "UserID": ""}
{"EventID": "600", "Channel": "Windows PowerShell", "Provider_Name": "PowerShell", "Computer": "DESKTOP-OFJ6N53", "TimeCreated": "2025-08-22 13:01:38.235504+00:00", "RecordID": "21291", "Level": "4", "UserID": ""}
{"EventID": "600", "Channel": "Windows PowerShell", "Provider_Name": "PowerShell", "Computer": "DESKTOP-OFJ6N53", "TimeCreated": "2025-08-22 13:01:38.235504+00:00", "RecordID": "21292", "Level": "4", "UserID": ""}
{"EventID": "400", "Channel": "Windows PowerShell", "Provider_Name": "PowerShell", "Computer": "DESKTOP-OFJ6N53", "TimeCreated": "2025-08-22 13:01:38.636433+00:00", "RecordID": "21293", "Level": "4", "UserID": ""}
{"EventID": "403", "Channel": "Windows PowerShell", "Provider_Name": "PowerShell", "Computer": "DESKTOP-OFJ6N53", "TimeCreated": "2025-08-22 13:01:41.690435+00:00", "RecordID": "21294", "Level": "4", "UserID": ""}
{"EventID": "600", "Channel": "Windows PowerShell", "Provider_Name": "PowerShell", "Computer": "DESKTOP-OFJ6N53", "TimeCreated": "2025-08-22 13:13:31.379450+00:00", "RecordID": "21295", "Level": "4", "UserID": ""}
{"EventID": "600", "Channel": "Windows PowerShell", "Provider_Name": "PowerShell", "Computer": "DESKTOP-OFJ6N53", "TimeCreated": "2025-08-22 13:13:31.379450+00:00", "RecordID": "21296", "Level": "4", "UserID": ""}
{"EventID": "600", "Channel": "Windows PowerShell", "Provider_Name": "PowerShell", "Computer": "DESKTOP-OFJ6N53", "TimeCreated": "2025-08-22 13:13:31.379450+00:00", "RecordID": "21297", "Level": "4", "UserID": ""}
{"EventID": "600", "Channel": "Windows PowerShell", "Provider_Name": "PowerShell", "Computer": "DESKTOP-OFJ6N53", "TimeCreated": "2025-08-22 13:13:31.379450+00:00", "RecordID": "21298", "Level": "4", "UserID": ""}
{"EventID": "600", "Channel": "Windows PowerShell", "Provider_Name": "PowerShell", "Computer": "DESKTOP-OFJ6N53", "TimeCreated": "2025-08-22 13:13:31.379450+00:00", "RecordID": "21299", "Level": "4", "UserID": ""}
{"EventID": "600", "Channel": "Windows PowerShell", "Provider_Name": "PowerShell", "Computer": "DESKTOP-OFJ6N53", "TimeCreated": "2025-08-22 13:13:31.379450+00:00", "RecordID": "21300", "Level": "4", "UserID": ""}
{"EventID": "400", "Channel": "Windows PowerShell", "Provider_Name": "PowerShell", "Computer": "DESKTOP-OFJ6N53", "TimeCreated": "2025-08-22 13:13:31.910627+00:00", "RecordID": "21301", "Level": "4", "UserID": ""}
{"EventID": "403", "Channel": "Windows PowerShell", "Provider_Name": "PowerShell", "Computer": "DESKTOP-OFJ6N53", "TimeCreated": "2025-08-22 13:13:37.160608+00:00", "RecordID": "21302", "Level": "4", "UserID": ""}
{"EventID": "600", "Channel": "Windows PowerShell", "Provider_Name": "PowerShell", "Computer": "DESKTOP-OFJ6N53", "TimeCreated": "2025-08-23 00:07:59.723570+00:00", "RecordID": "21303", "Level": "4", "UserID": ""}
{"EventID": "600", "Channel": "Windows PowerShell", "Provider_Name": "PowerShell", "Computer": "DESKTOP-OFJ6N53", "TimeCreated": "2025-08-23 00:07:59.723570+00:00", "RecordID": "21304", "Level": "4", "UserID": ""}
{"EventID": "600", "Channel": "Windows PowerShell", "Provider_Name": "PowerShell", "Computer": "DESKTOP-OFJ6N53", "TimeCreated": "2025-08-23 00:07:59.723570+00:00", "RecordID": "21305", "Level": "4", "UserID": ""}
{"EventID": "600", "Channel": "Windows PowerShell", "Provider_Name": "PowerShell", "Computer": "DESKTOP-OFJ6N53", "TimeCreated": "2025-08-23 00:07:59.879820+00:00", "RecordID": "21306", "Level": "4", "UserID": ""}
{"EventID": "600", "Channel": "Windows PowerShell", "Provider_Name": "PowerShell", "Computer": "DESKTOP-OFJ6N53", "TimeCreated": "2025-08-23 00:07:59.879820+00:00", "RecordID": "21307", "Level": "4", "UserID": ""}
{"EventID": "600", "Channel": "Windows PowerShell", "Provider_Name": "PowerShell", "Computer": "DESKTOP-OFJ6N53", "TimeCreated": "2025-08-23 00:07:59.879820+00:00", "RecordID": "21308", "Level": "4", "UserID": ""}
{"EventID": "400", "Channel": "Windows PowerShell", "Provider_Name": "PowerShell", "Computer": "DESKTOP-OFJ6N53", "TimeCreated": "2025-08-23 00:08:01.129818+00:00", "RecordID": "21309", "Level": "4", "UserID": ""}
{"EventID": "600", "Channel": "Windows PowerShell", "Provider_Name": "PowerShell", "Computer": "DESKTOP-OFJ6N53", "TimeCreated": "2025-08-23 00:08:05.504818+00:00", "RecordID": "21310", "Level": "4", "UserID": ""}
{"EventID": "600", "Channel": "Windows PowerShell", "Provider_Name": "PowerShell", "Computer": "DESKTOP-OFJ6N53", "TimeCreated": "2025-08-23 00:08:05.504818+00:00", "RecordID": "21311", "Level": "4", "UserID": ""}
{"EventID": "600", "Channel": "Windows PowerShell", "Provider_Name": "PowerShell", "Computer": "DESKTOP-OFJ6N53", "TimeCreated": "2025-08-23 00:08:05.504818+00:00", "RecordID": "21312", "Level": "4", "UserID": ""}
{"EventID": "600", "Channel": "Windows PowerShell", "Provider_Name": "PowerShell", "Computer": "DESKTOP-OFJ6N53", "TimeCreated": "2025-08-23 00:08:05.504818+00:00", "RecordID": "21313", "Level": "4", "UserID": ""}
{"EventID": "600", "Channel": "Windows PowerShell", "Provider_Name": "PowerShell", "Computer": "DESKTOP-OFJ6N53", "TimeCreated": "2025-08-23 00:08:05.504818+00:00", "RecordID": "21314", "Level": "4", "UserID": ""}
{"EventID": "600", "Channel": "Windows PowerShell", "Provider_Name": "PowerShell", "Computer": "DESKTOP-OFJ6N53", "TimeCreated": "2025-08-23 00:08:05.504818+00:00", "RecordID": "21315", "Level": "4", "UserID": ""}
{"EventID": "400", "Channel": "Windows PowerShell", "Provider_Name": "PowerShell", "Computer": "DESKTOP-OFJ6N53", "TimeCreated": "2025-08-23 00:08:05.520445+00:00", "RecordID": "21316", "Level": "4", "UserID": ""}
{"EventID": "403", "Channel": "Windows PowerShell", "Provider_Name": "PowerShell", "Computer": "DESKTOP-OFJ6N53", "TimeCreated": "2025-08-23 00:08:06.379827+00:00", "RecordID": "21317", "Level": "4", "UserID": ""}
{"EventID": "403", "Channel": "Windows PowerShell", "Provider_Name": "PowerShell", "Computer": "DESKTOP-OFJ6N53", "TimeCreated": "2025-08-23 00:08:06.739197+00:00", "RecordID": "21318", "Level": "4", "UserID": ""}
{"EventID": "600", "Channel": "Windows PowerShell", "Provider_Name": "PowerShell", "Computer": "DESKTOP-OFJ6N53", "TimeCreated": "2025-08-23 19:01:41.172031+00:00", "RecordID": "21319", "Level": "4", "UserID": ""}
{"EventID": "600", "Channel": "Windows PowerShell", "Provider_Name": "PowerShell", "Computer": "DESKTOP-OFJ6N53", "TimeCreated": "2025-08-23 19:01:41.290873+00:00", "RecordID": "21320", "Level": "4", "UserID": ""}
{"EventID": "600", "Channel": "Windows PowerShell", "Provider_Name": "PowerShell", "Computer": "DESKTOP-OFJ6N53", "TimeCreated": "2025-08-23 19:01:41.290873+00:00", "RecordID": "21321", "Level": "4", "UserID": ""}
{"EventID": "600", "Channel": "Windows PowerShell", "Provider_Name": "PowerShell", "Computer": "DESKTOP-OFJ6N53", "TimeCreated": "2025-08-23 19:01:41.303671+00:00", "RecordID": "21322", "Level": "4", "UserID": ""}
{"EventID": "600", "Channel": "Windows PowerShell", "Provider_Name": "PowerShell", "Computer": "DESKTOP-OFJ6N53", "TimeCreated": "2025-08-23 19:01:41.308676+00:00", "RecordID": "21323", "Level": "4", "UserID": ""}
{"EventID": "600", "Channel": "Windows PowerShell", "Provider_Name": "PowerShell", "Computer": "DESKTOP-OFJ6N53", "TimeCreated": "2025-08-23 19:01:41.308676+00:00", "RecordID": "21324", "Level": "4", "UserID": ""}
{"EventID": "400", "Channel": "Windows PowerShell", "Provider_Name": "PowerShell", "Computer": "DESKTOP-OFJ6N53", "TimeCreated": "2025-08-23 19:01:41.605610+00:00", "RecordID": "21325", "Level": "4", "UserID": ""}
{"EventID": "600", "Channel": "Windows PowerShell", "Provider_Name": "PowerShell", "Computer": "DESKTOP-OFJ6N53", "TimeCreated": "2025-08-23 19:01:50.478069+00:00", "RecordID": "21326", "Level": "4", "UserID": ""}
{"EventID": "600", "Channel": "Windows PowerShell", "Provider_Name": "PowerShell", "Computer": "DESKTOP-OFJ6N53", "TimeCreated": "2025-08-23 19:01:50.479071+00:00", "RecordID": "21327", "Level": "4", "UserID": ""}
{"EventID": "600", "Channel": "Windows PowerShell", "Provider_Name": "PowerShell", "Computer": "DESKTOP-OFJ6N53", "TimeCreated": "2025-08-23 19:01:50.479071+00:00", "RecordID": "21328", "Level": "4", "UserID": ""}
{"EventID": "600", "Channel": "Windows PowerShell", "Provider_Name": "PowerShell", "Computer": "DESKTOP-OFJ6N53", "TimeCreated": "2025-08-23 19:01:50.480080+00:00", "RecordID": "21329", "Level": "4", "UserID": ""}
{"EventID": "600", "Channel": "Windows PowerShell", "Provider_Name": "PowerShell", "Computer": "DESKTOP-OFJ6N53", "TimeCreated": "2025-08-23 19:01:50.480080+00:00", "RecordID": "21330", "Level": "4", "UserID": ""}
{"EventID": "600", "Channel": "Windows PowerShell", "Provider_Name": "PowerShell", "Computer": "DESKTOP-OFJ6N53", "TimeCreated": "2025-08-23 19:01:50.480080+00:00", "RecordID": "21331", "Level": "4", "UserID": ""}
{"EventID": "400", "Channel": "Windows PowerShell", "Provider_Name": "PowerShell", "Computer": "DESKTOP-OFJ6N53", "TimeCreated": "2025-08-23 19:01:50.494892+00:00", "RecordID": "21332", "Level": "4", "UserID": ""}
{"EventID": "600", "Channel": "Windows PowerShell", "Provider_Name": "PowerShell", "Computer": "DESKTOP-OFJ6N53", "TimeCreated": "2025-08-23 19:05:47.066895+00:00", "RecordID": "21333", "Level": "4", "UserID": ""}
{"EventID": "600", "Channel": "Windows PowerShell", "Provider_Name": "PowerShell", "Computer": "DESKTOP-OFJ6N53", "TimeCreated": "2025-08-23 19:05:47.082424+00:00", "RecordID": "21334", "Level": "4", "UserID": ""}
{"EventID": "600", "Channel": "Windows PowerShell", "Provider_Name": "PowerShell", "Computer": "DESKTOP-OFJ6N53", "TimeCreated": "2025-08-23 19:05:47.104343+00:00", "RecordID": "21335", "Level": "4", "UserID": ""}
{"EventID": "600", "Channel": "Windows PowerShell", "Provider_Name": "PowerShell", "Computer": "DESKTOP-OFJ6N53", "TimeCreated": "2025-08-23 19:05:47.104343+00:00", "RecordID": "21336", "Level": "4", "UserID": ""}
{"EventID": "600", "Channel": "Windows PowerShell", "Provider_Name": "PowerShell", "Computer": "DESKTOP-OFJ6N53", "TimeCreated": "2025-08-23 19:05:47.104343+00:00", "RecordID": "21337", "Level": "4", "UserID": ""}
{"EventID": "600", "Channel": "Windows PowerShell", "Provider_Name": "PowerShell", "Computer": "DESKTOP-OFJ6N53", "TimeCreated": "2025-08-23 19:05:47.104343+00:00", "RecordID": "21338", "Level": "4", "UserID": ""}
{"EventID": "400", "Channel": "Windows PowerShell", "Provider_Name": "PowerShell", "Computer": "DESKTOP-OFJ6N53", "TimeCreated": "2025-08-23 19:05:47.104343+00:00", "RecordID": "21339", "Level": "4", "UserID": ""}
{"EventID": "600", "Channel": "Windows PowerShell", "Provider_Name": "PowerShell", "Computer": "DESKTOP-OFJ6N53", "TimeCreated": "2025-08-23 20:41:11.466747+00:00", "RecordID": "21340", "Level": "4", "UserID": ""}
{"EventID": "600", "Channel": "Windows PowerShell", "Provider_Name": "PowerShell", "Computer": "DESKTOP-OFJ6N53", "TimeCreated": "2025-08-23 20:41:11.466747+00:00", "RecordID": "21341", "Level": "4", "UserID": ""}
{"EventID": "600", "Channel": "Windows PowerShell", "Provider_Name": "PowerShell", "Computer": "DESKTOP-OFJ6N53", "TimeCreated": "2025-08-23 20:41:11.466747+00:00", "RecordID": "21342", "Level": "4", "UserID": ""}
{"EventID": "600", "Channel": "Windows PowerShell", "Provider_Name": "PowerShell", "Computer": "DESKTOP-OFJ6N53", "TimeCreated": "2025-08-23 20:41:11.482199+00:00", "RecordID": "21343", "Level": "4", "UserID": ""}
{"EventID": "600", "Channel": "Windows PowerShell", "Provider_Name": "PowerShell", "Computer": "DESKTOP-OFJ6N53", "TimeCreated": "2025-08-23 20:41:11.482199+00:00", "RecordID": "21344", "Level": "4", "UserID": ""}
{"EventID": "600", "Channel": "Windows PowerShell", "Provider_Name": "PowerShell", "Computer": "DESKTOP-OFJ6N53", "TimeCreated": "2025-08-23 20:41:11.482199+00:00", "RecordID": "21345", "Level": "4", "UserID": ""}
{"EventID": "400", "Channel": "Windows PowerShell", "Provider_Name": "PowerShell", "Computer": "DESKTOP-OFJ6N53", "TimeCreated": "2025-08-23 20:41:11.571831+00:00", "RecordID": "21346", "Level": "4", "UserID": ""}
{"EventID": "600", "Channel": "Windows PowerShell", "Provider_Name": "PowerShell", "Computer": "DESKTOP-OFJ6N53", "TimeCreated": "2025-08-24 01:50:24.878424+00:00", "RecordID": "21347", "Level": "4", "UserID": ""}
{"EventID": "600", "Channel": "Windows PowerShell", "Provider_Name": "PowerShell", "Computer": "DESKTOP-OFJ6N53", "TimeCreated": "2025-08-24 01:50:24.879423+00:00", "RecordID": "21348", "Level": "4", "UserID": ""}
{"EventID": "600", "Channel": "Windows PowerShell", "Provider_Name": "PowerShell", "Computer": "DESKTOP-OFJ6N53", "TimeCreated": "2025-08-24 01:50:24.879423+00:00", "RecordID": "21349", "Level": "4", "UserID": ""}
{"EventID": "600", "Channel": "Windows PowerShell", "Provider_Name": "PowerShell", "Computer": "DESKTOP-OFJ6N53", "TimeCreated": "2025-08-24 01:50:24.896109+00:00", "RecordID": "21350", "Level": "4", "UserID": ""}
{"EventID": "600", "Channel": "Windows PowerShell", "Provider_Name": "PowerShell", "Computer": "DESKTOP-OFJ6N53", "TimeCreated": "2025-08-24 01:50:24.897114+00:00", "RecordID": "21351", "Level": "4", "UserID": ""}
{"EventID": "600", "Channel": "Windows PowerShell", "Provider_Name": "PowerShell", "Computer": "DESKTOP-OFJ6N53", "TimeCreated": "2025-08-24 01:50:24.897114+00:00", "RecordID": "21352", "Level": "4", "UserID": ""}
{"EventID": "400", "Channel": "Windows PowerShell", "Provider_Name": "PowerShell", "Computer": "DESKTOP-OFJ6N53", "TimeCreated": "2025-08-24 01:50:24.916763+00:00", "RecordID": "21353", "Level": "4", "UserID": ""}
{"EventID": "403", "Channel": "Windows PowerShell", "Provider_Name": "PowerShell", "Computer": "DESKTOP-OFJ6N53", "TimeCreated": "2025-08-24 01:50:29.557034+00:00", "RecordID": "21354", "Level": "4", "UserID": ""}
