    {
      "rule_title": "Unknown",
      "rule_id": "13cfeb75-9e33-4d04-b0f7-ab8faaa95a59",
      "level": "info",
      "file": "sigma",
      "event": {
        "group": "Sigma",
        "kind": "individual",
        "document": {
          "kind": "evtx",
          "path": "C:\\Users\\SKA580~1.BAT\\AppData\\Local\\Temp\\tmp1hg5atjf\\evtx\\System.evtx",
          "data": {
            "Event": {
              "EventData": {
                "updateRevisionNumber": 1,
                "errorCode": "0x80073d02",
                "updateTitle": "9NMPJ99VJBWV-Microsoft.YourPhone",
                "updateGuid": "BFCA4DD0-0B35-4819-B751-C80466E94766",
                "serviceGuid": "855E8A7C-ECB4-4CA3-B045-1DFA50104289"
              },
              "System": {
                "EventID": 20,
                "Level": 2,
                "Provider_attributes": {
                  "Name": "Microsoft-Windows-WindowsUpdateClient",
                  "Guid": "945A8954-C147-4ACD-923F-40C45405A658"
                },
                "Version": 1,
                "Task": 1,
                "Opcode": 13,
                "TimeCreated_attributes": {
                  "SystemTime": "2025-03-25T10:18:19.728243Z"
                },
                "Execution_attributes": {
                  "ProcessID": 14104,
                  "ThreadID": 5592
                },
                "Security_attributes": {
                  "UserID": "S-1-5-18"
                },
                "Keywords": "0x8000000000000028",
                "Correlation_attributes": {
                  "ActivityID": "87DD9807-92C2-0003-EB1E-E887C292DB01"
                },
                "EventRecordID": 2061173,
                "Channel": "System",
                "Computer": "DESKTOP-OFJ6N53"
              }
            },
            "Event_attributes": {
              "xmlns": "http://schemas.microsoft.com/win/2004/08/events/event"
            }
          }
        },
        "name": "Windows Update Error",
        "timestamp": "2025-03-25T10:18:19.728243+00:00",
        "authors": [
          "frack113"
        ],
        "level": "info",
        "source": "sigma",
        "status": "stable",
        "falsepositives": [
          "Unknown"
        ],
        "id": "13cfeb75-9e33-4d04-b0f7-ab8faaa95a59",
        "logsource": {
          "product": "windows",
          "service": "system"
        },
        "references": [
          "https://github.com/nasbench/EVTX-ETW-Resources/blob/f1b010ce0ee1b71e3024180de1a3e67f99701fe4/ETWProvidersManifests/Windows10/1903/W10_1903_Pro_20200714_18362.959/WEPExplorer/Microsoft-Windows-WindowsUpdateClient.xml"
        ],
        "tags": [
          "attack.impact",
          "attack.resource-development",
          "attack.t1584"
        ]
      },
      "matched_conditions": [],
      "time": null
    },
    {
      "rule_title": "Unknown",
      "rule_id": "2afe6582-e149-11ea-87d0-0242ac130003",
      "level": "info",
      "file": "sigma",
      "event": {
        "group": "Sigma",
        "kind": "individual",
        "document": {
          "kind": "evtx",
          "path": "C:\\Users\\SKA580~1.BAT\\AppData\\Local\\Temp\\tmp1hg5atjf\\evtx\\Microsoft-Windows-Windows Defender_Operational.evtx",
          "data": {
            "Event": {
              "EventData": {
                "Unused4": "",
                "Unused3": "",
                "SID": "S-1-5-18",
                "Unused2": "",
                "Domain": "NT AUTHORITY",
                "Unused": "",
                "User": "СИСТЕМА",
                "Product Version": "4.18.25010.11",
                "Timestamp": "2025-03-12T08:17:51Z",
                "Product Name": "Microsoft Defender Antivirus"
              },
              "System": {
                "EventID": 1013,
                "Level": 4,
                "Provider_attributes": {
                  "Name": "Microsoft-Windows-Windows Defender",
                  "Guid": "11CD958A-C507-4EF3-B3F2-5FD9DFBD2C78"
                },
                "Version": 0,
                "Task": 0,
                "Opcode": 0,
                "TimeCreated_attributes": {
                  "SystemTime": "2025-03-27T08:17:51.578272Z"
                },
                "Execution_attributes": {
                  "ProcessID": 5372,
                  "ThreadID": 308
                },
                "Correlation": null,
                "Keywords": "0x8000000000000000",
                "Security_attributes": {
                  "UserID": "S-1-5-18"
                },
                "EventRecordID": 44986,
                "Channel": "Microsoft-Windows-Windows Defender/Operational",
                "Computer": "DESKTOP-OFJ6N53"
              }
            },
            "Event_attributes": {
              "xmlns": "http://schemas.microsoft.com/win/2004/08/events/event"
            }
          }
        },
        "name": "Windows Defender Malware Detection History Deletion",
        "timestamp": "2025-03-27T08:17:51.578272+00:00",
        "authors": [
          "Cian Heasley"
        ],
        "level": "info",
        "source": "sigma",
        "status": "experimental",
        "falsepositives": [
          "Deletion of Defender malware detections history for legitimate reasons"
        ],
        "id": "2afe6582-e149-11ea-87d0-0242ac130003",
        "logsource": {
          "product": "windows",
          "service": "windefend"
        },
        "references": [
          "https://learn.microsoft.com/en-us/defender-endpoint/troubleshoot-microsoft-defender-antivirus",
          "https://web.archive.org/web/20160727113019/https://answers.microsoft.com/en-us/protect/forum/mse-protect_scanning/microsoft-antimalware-has-removed-history-of/f15af6c9-01a9-4065-8c6c-3f2bdc7de45e"
        ],
        "tags": [
          "attack.defense-evasion"
        ]
      },
      "matched_conditions": [],
      "time": null
    },
    {
      "rule_title": "Unknown",
      "rule_id": "acfa2210-0d71-4eeb-b477-afab494d596c",
      "level": "low",
      "file": "sigma",
      "event": {
        "group": "Sigma",
        "kind": "individual",
        "document": {
          "kind": "evtx",
          "path": "C:\\Users\\SKA580~1.BAT\\AppData\\Local\\Temp\\tmp1hg5atjf\\evtx\\System.evtx",
          "data": {
            "Event": {
              "EventData": {
                "Binary": "5300670072006D00420072006F006B00650072000000",
                "param1": "Брокер мониторинга среды выполнения System Guard",
                "param2": "%%3489660935"
              },
              "System": {
                "Opcode": 0,
                "Provider_attributes": {
                  "Name": "Service Control Manager",
                  "Guid": "{555908d1-a6d7-4695-8e1e-26931d2012f4}",
                  "EventSourceName": "Service Control Manager"
                },
                "EventID_attributes": {
                  "Qualifiers": 49152
                },
                "Execution_attributes": {
                  "ProcessID": 776,
                  "ThreadID": 7528
                },
                "Correlation": null,
                "Keywords": "0x8080000000000000",
                "EventRecordID": 2083673,
                "Security": null,
                "EventID": 7023,
                "Level": 2,
                "Version": 0,
                "Task": 0,
                "TimeCreated_attributes": {
                  "SystemTime": "2025-04-01T16:05:43.832596Z"
                },
                "Channel": "System",
                "Computer": "DESKTOP-OFJ6N53"
              }
            },
            "Event_attributes": {
              "xmlns": "http://schemas.microsoft.com/win/2004/08/events/event"
            }
          }
        },
        "name": "Windows Service Terminated With Error",
        "timestamp": "2025-04-01T16:05:43.832596+00:00",
        "authors": [
          "Nasreddine Bencherchali (Nextron Systems)"
        ],
        "level": "low",
        "source": "sigma",
        "status": "experimental",
        "falsepositives": [
          "False positives could occur since service termination could happen due to multiple reasons"
        ],
        "id": "acfa2210-0d71-4eeb-b477-afab494d596c",
        "logsource": {
          "product": "windows",
          "service": "system"
        },
        "references": [
          "https://www.microsoft.com/en-us/security/blog/2023/04/11/guidance-for-investigating-attacks-using-cve-2022-21894-the-blacklotus-campaign/"
        ],
        "tags": [
          "attack.defense-evasion"
        ]
      },
      "matched_conditions": [],
      "time": null
    },
    {
      "rule_title": "Unknown",
      "rule_id": "acfa2210-0d71-4eeb-b477-afab494d596c",
      "level": "low",
      "file": "sigma",
      "event": {
        "group": "Sigma",
        "kind": "individual",
        "document": {
          "kind": "evtx",
          "path": "C:\\Users\\SKA580~1.BAT\\AppData\\Local\\Temp\\tmp1hg5atjf\\evtx\\System.evtx",
          "data": {
            "Event": {
              "EventData": {
                "Binary": "5300670072006D00420072006F006B00650072000000",
                "param1": "Брокер мониторинга среды выполнения System Guard",
                "param2": "%%3489660935"
              },
              "System": {
                "Opcode": 0,
                "Provider_attributes": {
                  "Name": "Service Control Manager",
                  "Guid": "{555908d1-a6d7-4695-8e1e-26931d2012f4}",
                  "EventSourceName": "Service Control Manager"
                },
                "EventID_attributes": {
                  "Qualifiers": 49152
                },
                "Execution_attributes": {
                  "ProcessID": 764,
                  "ThreadID": 3016
                },
                "Correlation": null,
                "Keywords": "0x8080000000000000",
                "EventRecordID": 2086238,
                "Security": null,
                "EventID": 7023,
                "Level": 2,
                "Version": 0,
                "Task": 0,
                "TimeCreated_attributes": {
                  "SystemTime": "2025-04-02T09:20:33.579269Z"
                },
                "Channel": "System",
                "Computer": "DESKTOP-OFJ6N53"
              }
            },
            "Event_attributes": {
              "xmlns": "http://schemas.microsoft.com/win/2004/08/events/event"
            }
          }
        },
        "name": "Windows Service Terminated With Error",
        "timestamp": "2025-04-02T09:20:33.579269+00:00",
        "authors": [
          "Nasreddine Bencherchali (Nextron Systems)"
        ],
        "level": "low",
        "source": "sigma",
        "status": "experimental",
        "falsepositives": [
          "False positives could occur since service termination could happen due to multiple reasons"
        ],
        "id": "acfa2210-0d71-4eeb-b477-afab494d596c",
        "logsource": {
          "product": "windows",
          "service": "system"
        },
        "references": [
          "https://www.microsoft.com/en-us/security/blog/2023/04/11/guidance-for-investigating-attacks-using-cve-2022-21894-the-blacklotus-campaign/"
        ],
        "tags": [
          "attack.defense-evasion"
        ]
      },
      "matched_conditions": [],
      "time": null
    },
    {
      "rule_title": "Unknown",
      "rule_id": "570ae5ec-33dc-427c-b815-db86228ad43e",
      "level": "low",
      "file": "sigma",
      "event": {
        "group": "Sigma",
        "kind": "individual",
        "document": {
          "kind": "evtx",
          "path": "C:\\Users\\SKA580~1.BAT\\AppData\\Local\\Temp\\tmp1hg5atjf\\evtx\\Application.evtx",
          "data": {
            "Event": {
              "EventData": {
                "Binary": "7B38313743423336382D454538432D343433362D423332452D4641333643423143324431427D",
                "Data": [
                  "Продукт: Континент-АП -- Удаление завершено успешно.",
                  "(NULL)",
                  "(NULL)",
                  "(NULL)",
                  "(NULL)",
                  "(NULL)",
                  ""
                ]
              },
              "System": {
                "Opcode": 0,
                "Provider_attributes": {
                  "Name": "MsiInstaller"
                },
                "EventID_attributes": {
                  "Qualifiers": 0
                },
                "Security_attributes": {
                  "UserID": "S-1-5-21-963789628-1060504924-4285088085-1001"
                },
                "Execution_attributes": {
                  "ProcessID": 0,
                  "ThreadID": 0
                },
                "Correlation": null,
                "Keywords": "0x80000000000000",
                "EventRecordID": 105438,
                "EventID": 11724,
                "Level": 4,
                "Version": 0,
                "Task": 0,
                "TimeCreated_attributes": {
                  "SystemTime": "2025-04-02T09:30:27.829275Z"
                },
                "Channel": "Application",
                "Computer": "DESKTOP-OFJ6N53"
              }
            },
            "Event_attributes": {
              "xmlns": "http://schemas.microsoft.com/win/2004/08/events/event"
            }
          }
        },
        "name": "Application Uninstalled",
        "timestamp": "2025-04-02T09:30:27.829275+00:00",
        "authors": [
          "frack113"
        ],
        "level": "low",
        "source": "sigma",
        "status": "experimental",
        "falsepositives": [
          "Unknown"
        ],
        "id": "570ae5ec-33dc-427c-b815-db86228ad43e",
        "logsource": {
          "product": "windows",
          "service": "application"
        },
        "references": [
          "https://github.com/nasbench/EVTX-ETW-Resources/blob/f1b010ce0ee1b71e3024180de1a3e67f99701fe4/ETWProvidersManifests/Windows11/22H2/W11_22H2_Pro_20221220_22621.963/WEPExplorer/Microsoft-Windows-MsiServer.xml",
          "https://learn.microsoft.com/en-us/windows/win32/msi/event-logging"
        ],
        "tags": [
          "attack.impact",
          "attack.t1489"
        ]
      },
      "matched_conditions": [],
      "time": null
    },
    {
      "rule_title": "Unknown",
      "rule_id": "570ae5ec-33dc-427c-b815-db86228ad43e",
      "level": "low",
      "file": "sigma",
      "event": {
        "group": "Sigma",
        "kind": "individual",
        "document": {
          "kind": "evtx",
          "path": "C:\\Users\\SKA580~1.BAT\\AppData\\Local\\Temp\\tmp1hg5atjf\\evtx\\Application.evtx",
          "data": {
            "Event": {
              "EventData": {
                "Binary": "7B38313743423336382D454538432D343433362D423332452D4641333643423143324431427D3030303066373262393238336630353531656536303238623566313565373238383635613030303031393034",
                "Data": [
                  "Континент-АП",
                  "4.1.680.0",
                  "1049",
                  "0",
                  "ООО \"Код Безопасности\"",
                  "(NULL)",
                  ""
                ]
              },
              "System": {
                "Opcode": 0,
                "Provider_attributes": {
                  "Name": "MsiInstaller"
                },
                "EventID_attributes": {
                  "Qualifiers": 0
                },
                "Security_attributes": {
                  "UserID": "S-1-5-21-963789628-1060504924-4285088085-1001"
                },
                "Execution_attributes": {
                  "ProcessID": 0,
                  "ThreadID": 0
                },
                "Correlation": null,
                "Keywords": "0x80000000000000",
                "EventRecordID": 105439,
                "EventID": 1034,
                "Level": 4,
                "Version": 0,
                "Task": 0,
                "TimeCreated_attributes": {
                  "SystemTime": "2025-04-02T09:30:27.845275Z"
                },
                "Channel": "Application",
                "Computer": "DESKTOP-OFJ6N53"
              }
            },
            "Event_attributes": {
              "xmlns": "http://schemas.microsoft.com/win/2004/08/events/event"
            }
          }
        },
        "name": "Application Uninstalled",
        "timestamp": "2025-04-02T09:30:27.845275+00:00",
        "authors": [
          "frack113"
        ],
        "level": "low",
        "source": "sigma",
        "status": "experimental",
        "falsepositives": [
          "Unknown"
        ],
        "id": "570ae5ec-33dc-427c-b815-db86228ad43e",
        "logsource": {
          "product": "windows",
          "service": "application"
        },
        "references": [
          "https://github.com/nasbench/EVTX-ETW-Resources/blob/f1b010ce0ee1b71e3024180de1a3e67f99701fe4/ETWProvidersManifests/Windows11/22H2/W11_22H2_Pro_20221220_22621.963/WEPExplorer/Microsoft-Windows-MsiServer.xml",
          "https://learn.microsoft.com/en-us/windows/win32/msi/event-logging"
        ],
        "tags": [
          "attack.impact",
          "attack.t1489"
        ]
      },
      "matched_conditions": [],
      "time": null
    },
    {
      "rule_title": "Unknown",
      "rule_id": "acfa2210-0d71-4eeb-b477-afab494d596c",
      "level": "low",
      "file": "sigma",
      "event": {
        "group": "Sigma",
        "kind": "individual",
        "document": {
          "kind": "evtx",
          "path": "C:\\Users\\SKA580~1.BAT\\AppData\\Local\\Temp\\tmp1hg5atjf\\evtx\\System.evtx",
          "data": {
            "Event": {
              "EventData": {
                "Binary": "5300670072006D00420072006F006B00650072000000",
                "param1": "Брокер мониторинга среды выполнения System Guard",
                "param2": "%%3489660935"
              },
              "System": {
                "Opcode": 0,
                "Provider_attributes": {
                  "Name": "Service Control Manager",
                  "Guid": "{555908d1-a6d7-4695-8e1e-26931d2012f4}",
                  "EventSourceName": "Service Control Manager"
                },
                "EventID_attributes": {
                  "Qualifiers": 49152
                },
                "Execution_attributes": {
                  "ProcessID": 744,
                  "ThreadID": 840
                },
                "Correlation": null,
                "Keywords": "0x8080000000000000",
                "EventRecordID": 2086734,
                "Security": null,
                "EventID": 7023,
                "Level": 2,
                "Version": 0,
                "Task": 0,
                "TimeCreated_attributes": {
                  "SystemTime": "2025-04-02T09:33:45.071646Z"
                },
                "Channel": "System",
                "Computer": "DESKTOP-OFJ6N53"
              }
            },
            "Event_attributes": {
              "xmlns": "http://schemas.microsoft.com/win/2004/08/events/event"
            }
          }
        },
        "name": "Windows Service Terminated With Error",
        "timestamp": "2025-04-02T09:33:45.071646+00:00",
        "authors": [
          "Nasreddine Bencherchali (Nextron Systems)"
        ],
        "level": "low",
        "source": "sigma",
        "status": "experimental",
        "falsepositives": [
          "False positives could occur since service termination could happen due to multiple reasons"
        ],
        "id": "acfa2210-0d71-4eeb-b477-afab494d596c",
        "logsource": {
          "product": "windows",
          "service": "system"
        },
        "references": [
          "https://www.microsoft.com/en-us/security/blog/2023/04/11/guidance-for-investigating-attacks-using-cve-2022-21894-the-blacklotus-campaign/"
        ],
        "tags": [
          "attack.defense-evasion"
        ]
      },
      "matched_conditions": [],
      "time": null
    },
    {
      "rule_title": "Unknown",
      "rule_id": "acfa2210-0d71-4eeb-b477-afab494d596c",
      "level": "low",
      "file": "sigma",
      "event": {
        "group": "Sigma",
        "kind": "individual",
        "document": {
          "kind": "evtx",
          "path": "C:\\Users\\SKA580~1.BAT\\AppData\\Local\\Temp\\tmp1hg5atjf\\evtx\\System.evtx",
          "data": {
            "Event": {
              "EventData": {
                "Binary": "5300670072006D00420072006F006B00650072000000",
                "param1": "Брокер мониторинга среды выполнения System Guard",
                "param2": "%%3489660935"
              },
              "System": {
                "Opcode": 0,
                "Provider_attributes": {
                  "Name": "Service Control Manager",
                  "Guid": "{555908d1-a6d7-4695-8e1e-26931d2012f4}",
                  "EventSourceName": "Service Control Manager"
                },
                "EventID_attributes": {
                  "Qualifiers": 49152
                },
                "Execution_attributes": {
                  "ProcessID": 740,
                  "ThreadID": 1220
                },
                "Correlation": null,
                "Keywords": "0x8080000000000000",
                "EventRecordID": 2087418,
                "Security": null,
                "EventID": 7023,
                "Level": 2,
                "Version": 0,
                "Task": 0,
                "TimeCreated_attributes": {
                  "SystemTime": "2025-04-02T09:59:52.921157Z"
                },
                "Channel": "System",
                "Computer": "DESKTOP-OFJ6N53"
              }
            },
            "Event_attributes": {
              "xmlns": "http://schemas.microsoft.com/win/2004/08/events/event"
            }
          }
        },
        "name": "Windows Service Terminated With Error",
        "timestamp": "2025-04-02T09:59:52.921157+00:00",
        "authors": [
          "Nasreddine Bencherchali (Nextron Systems)"
        ],
        "level": "low",
        "source": "sigma",
        "status": "experimental",
        "falsepositives": [
          "False positives could occur since service termination could happen due to multiple reasons"
        ],
        "id": "acfa2210-0d71-4eeb-b477-afab494d596c",
        "logsource": {
          "product": "windows",
          "service": "system"
        },
        "references": [
          "https://www.microsoft.com/en-us/security/blog/2023/04/11/guidance-for-investigating-attacks-using-cve-2022-21894-the-blacklotus-campaign/"
        ],
        "tags": [
          "attack.defense-evasion"
        ]
      },
      "matched_conditions": [],
      "time": null
    },
    {
      "rule_title": "Unknown",
      "rule_id": "570ae5ec-33dc-427c-b815-db86228ad43e",
      "level": "low",
      "file": "sigma",
      "event": {
        "group": "Sigma",
        "kind": "individual",
        "document": {
          "kind": "evtx",
          "path": "C:\\Users\\SKA580~1.BAT\\AppData\\Local\\Temp\\tmp1hg5atjf\\evtx\\Application.evtx",
          "data": {
            "Event": {
              "EventData": {
                "Binary": "7B35304639314638302D443339372D343337432D423043382D3632313238444533423535457D3030303033323765343933323861306138666432353332663538613663646330636662663030303031393034",
                "Data": [
                  "КриптоПро CSP",
                  "5.0.11455",
                  "1049",
                  "0",
                  "Компания КриптоПро",
                  "(NULL)",
                  ""
                ]
              },
              "System": {
                "Opcode": 0,
                "Provider_attributes": {
                  "Name": "MsiInstaller"
                },
                "EventID_attributes": {
                  "Qualifiers": 0
                },
                "Security_attributes": {
                  "UserID": "S-1-5-21-963789628-1060504924-4285088085-1001"
                },
                "Execution_attributes": {
                  "ProcessID": 0,
                  "ThreadID": 0
                },
                "Correlation": null,
                "Keywords": "0x80000000000000",
                "EventRecordID": 105963,
                "EventID": 1034,
                "Level": 4,
                "Version": 0,
                "Task": 0,
                "TimeCreated_attributes": {
                  "SystemTime": "2025-04-02T10:07:20.229058Z"
                },
                "Channel": "Application",
                "Computer": "DESKTOP-OFJ6N53"
              }
            },
            "Event_attributes": {
              "xmlns": "http://schemas.microsoft.com/win/2004/08/events/event"
            }
          }
        },
        "name": "Application Uninstalled",
        "timestamp": "2025-04-02T10:07:20.229058+00:00",
        "authors": [
          "frack113"
        ],
        "level": "low",
        "source": "sigma",
        "status": "experimental",
        "falsepositives": [
          "Unknown"
        ],
        "id": "570ae5ec-33dc-427c-b815-db86228ad43e",
        "logsource": {
          "product": "windows",
          "service": "application"
        },
        "references": [
          "https://github.com/nasbench/EVTX-ETW-Resources/blob/f1b010ce0ee1b71e3024180de1a3e67f99701fe4/ETWProvidersManifests/Windows11/22H2/W11_22H2_Pro_20221220_22621.963/WEPExplorer/Microsoft-Windows-MsiServer.xml",
          "https://learn.microsoft.com/en-us/windows/win32/msi/event-logging"
        ],
        "tags": [
          "attack.impact",
          "attack.t1489"
        ]
      },
      "matched_conditions": [],
      "time": null
    },
    {
      "rule_title": "Unknown",
      "rule_id": "570ae5ec-33dc-427c-b815-db86228ad43e",
      "level": "low",
      "file": "sigma",
      "event": {
        "group": "Sigma",
        "kind": "individual",
        "document": {
          "kind": "evtx",
          "path": "C:\\Users\\SKA580~1.BAT\\AppData\\Local\\Temp\\tmp1hg5atjf\\evtx\\Application.evtx",
          "data": {
            "Event": {
              "EventData": {
                "Binary": "7B35304639314638302D443339372D343337432D423043382D3632313238444533423535457D",
                "Data": [
                  "Продукт: КриптоПро CSP -- Removal completed successfully.",
                  "(NULL)",
                  "(NULL)",
                  "(NULL)",
                  "(NULL)",
                  "(NULL)",
                  ""
                ]
              },
              "System": {
                "Opcode": 0,
                "Provider_attributes": {
                  "Name": "MsiInstaller"
                },
                "EventID_attributes": {
                  "Qualifiers": 0
                },
                "Security_attributes": {
                  "UserID": "S-1-5-21-963789628-1060504924-4285088085-1001"
                },
                "Execution_attributes": {
                  "ProcessID": 0,
                  "ThreadID": 0
                },
                "Correlation": null,
                "Keywords": "0x80000000000000",
                "EventRecordID": 105962,
                "EventID": 11724,
                "Level": 4,
                "Version": 0,
                "Task": 0,
                "TimeCreated_attributes": {
                  "SystemTime": "2025-04-02T10:07:20.229058Z"
                },
                "Channel": "Application",
                "Computer": "DESKTOP-OFJ6N53"
              }
            },
            "Event_attributes": {
              "xmlns": "http://schemas.microsoft.com/win/2004/08/events/event"
            }
          }
        },
        "name": "Application Uninstalled",
        "timestamp": "2025-04-02T10:07:20.229058+00:00",
        "authors": [
          "frack113"
        ],
        "level": "low",
        "source": "sigma",
        "status": "experimental",
        "falsepositives": [
          "Unknown"
        ],
        "id": "570ae5ec-33dc-427c-b815-db86228ad43e",
        "logsource": {
          "product": "windows",
          "service": "application"
        },
        "references": [
          "https://github.com/nasbench/EVTX-ETW-Resources/blob/f1b010ce0ee1b71e3024180de1a3e67f99701fe4/ETWProvidersManifests/Windows11/22H2/W11_22H2_Pro_20221220_22621.963/WEPExplorer/Microsoft-Windows-MsiServer.xml",
          "https://learn.microsoft.com/en-us/windows/win32/msi/event-logging"
        ],
        "tags": [
          "attack.impact",
          "attack.t1489"
        ]
      },
      "matched_conditions": [],
      "time": null
    },
    {
      "rule_title": "Unknown",
      "rule_id": "570ae5ec-33dc-427c-b815-db86228ad43e",
      "level": "low",
      "file": "sigma",
      "event": {
        "group": "Sigma",
        "kind": "individual",
        "document": {
          "kind": "evtx",
          "path": "C:\\Users\\SKA580~1.BAT\\AppData\\Local\\Temp\\tmp1hg5atjf\\evtx\\Application.evtx",
          "data": {
            "Event": {
              "EventData": {
                "Binary": "7B43354335304633422D394637382D344632342D394244412D3245334534413934424433387D",
                "Data": [
                  "Продукт: Континент ZTN Клиент -- Удаление завершено успешно.",
                  "(NULL)",
                  "(NULL)",
                  "(NULL)",
                  "(NULL)",
                  "(NULL)",
                  ""
                ]
              },
              "System": {
                "Opcode": 0,
                "Provider_attributes": {
                  "Name": "MsiInstaller"
                },
                "EventID_attributes": {
                  "Qualifiers": 0
                },
                "Security_attributes": {
                  "UserID": "S-1-5-21-963789628-1060504924-4285088085-1001"
                },
                "Execution_attributes": {
                  "ProcessID": 0,
                  "ThreadID": 0
                },
                "Correlation": null,
                "Keywords": "0x80000000000000",
                "EventRecordID": 106087,
                "EventID": 11724,
                "Level": 4,
                "Version": 0,
                "Task": 0,
                "TimeCreated_attributes": {
                  "SystemTime": "2025-04-02T10:10:38.374764Z"
                },
                "Channel": "Application",
                "Computer": "DESKTOP-OFJ6N53"
              }
            },
            "Event_attributes": {
              "xmlns": "http://schemas.microsoft.com/win/2004/08/events/event"
            }
          }
        },
        "name": "Application Uninstalled",
        "timestamp": "2025-04-02T10:10:38.374764+00:00",
        "authors": [
          "frack113"
        ],
        "level": "low",
        "source": "sigma",
        "status": "experimental",
        "falsepositives": [
          "Unknown"
        ],
        "id": "570ae5ec-33dc-427c-b815-db86228ad43e",
        "logsource": {
          "product": "windows",
          "service": "application"
        },
        "references": [
          "https://github.com/nasbench/EVTX-ETW-Resources/blob/f1b010ce0ee1b71e3024180de1a3e67f99701fe4/ETWProvidersManifests/Windows11/22H2/W11_22H2_Pro_20221220_22621.963/WEPExplorer/Microsoft-Windows-MsiServer.xml",
          "https://learn.microsoft.com/en-us/windows/win32/msi/event-logging"
        ],
        "tags": [
          "attack.impact",
          "attack.t1489"
        ]
      },
      "matched_conditions": [],
      "time": null
    },
    {
      "rule_title": "Unknown",
      "rule_id": "570ae5ec-33dc-427c-b815-db86228ad43e",
      "level": "low",
      "file": "sigma",
      "event": {
        "group": "Sigma",
        "kind": "individual",
        "document": {
          "kind": "evtx",
          "path": "C:\\Users\\SKA580~1.BAT\\AppData\\Local\\Temp\\tmp1hg5atjf\\evtx\\Application.evtx",
          "data": {
            "Event": {
              "EventData": {
                "Binary": "7B43354335304633422D394637382D344632342D394244412D3245334534413934424433387D3030303066313065336664363861363434353965323734663335376139386339633838323030303031393034",
                "Data": [
                  "Континент ZTN Клиент",
                  "4.5.0.997",
                  "1049",
                  "0",
                  "ООО \"Код Безопасности\"",
                  "(NULL)",
                  ""
                ]
              },
              "System": {
                "Opcode": 0,
                "Provider_attributes": {
                  "Name": "MsiInstaller"
                },
                "EventID_attributes": {
                  "Qualifiers": 0
                },
                "Security_attributes": {
                  "UserID": "S-1-5-21-963789628-1060504924-4285088085-1001"
                },
                "Execution_attributes": {
                  "ProcessID": 0,
                  "ThreadID": 0
                },
                "Correlation": null,
                "Keywords": "0x80000000000000",
                "EventRecordID": 106088,
                "EventID": 1034,
                "Level": 4,
                "Version": 0,
                "Task": 0,
                "TimeCreated_attributes": {
                  "SystemTime": "2025-04-02T10:10:38.374764Z"
                },
                "Channel": "Application",
                "Computer": "DESKTOP-OFJ6N53"
              }
            },
            "Event_attributes": {
              "xmlns": "http://schemas.microsoft.com/win/2004/08/events/event"
            }
          }
        },
        "name": "Application Uninstalled",
        "timestamp": "2025-04-02T10:10:38.374764+00:00",
        "authors": [
          "frack113"
        ],
        "level": "low",
        "source": "sigma",
        "status": "experimental",
        "falsepositives": [
          "Unknown"
        ],
        "id": "570ae5ec-33dc-427c-b815-db86228ad43e",
        "logsource": {
          "product": "windows",
          "service": "application"
        },
        "references": [
          "https://github.com/nasbench/EVTX-ETW-Resources/blob/f1b010ce0ee1b71e3024180de1a3e67f99701fe4/ETWProvidersManifests/Windows11/22H2/W11_22H2_Pro_20221220_22621.963/WEPExplorer/Microsoft-Windows-MsiServer.xml",
          "https://learn.microsoft.com/en-us/windows/win32/msi/event-logging"
        ],
        "tags": [
          "attack.impact",
          "attack.t1489"
        ]
      },
      "matched_conditions": [],
      "time": null
    },
    {
      "rule_title": "Unknown",
      "rule_id": "acfa2210-0d71-4eeb-b477-afab494d596c",
      "level": "low",
      "file": "sigma",
      "event": {
        "group": "Sigma",
        "kind": "individual",
        "document": {
          "kind": "evtx",
          "path": "C:\\Users\\SKA580~1.BAT\\AppData\\Local\\Temp\\tmp1hg5atjf\\evtx\\System.evtx",
          "data": {
            "Event": {
              "EventData": {
                "Binary": "5300670072006D00420072006F006B00650072000000",
                "param1": "Брокер мониторинга среды выполнения System Guard",
                "param2": "%%3489660935"
              },
              "System": {
                "Opcode": 0,
                "Provider_attributes": {
                  "Name": "Service Control Manager",
                  "Guid": "{555908d1-a6d7-4695-8e1e-26931d2012f4}",
                  "EventSourceName": "Service Control Manager"
                },
                "EventID_attributes": {
                  "Qualifiers": 49152
                },
                "Execution_attributes": {
                  "ProcessID": 748,
                  "ThreadID": 5320
                },
                "Correlation": null,
                "Keywords": "0x8080000000000000",
                "EventRecordID": 2087805,
                "Security": null,
                "EventID": 7023,
                "Level": 2,
                "Version": 0,
                "Task": 0,
                "TimeCreated_attributes": {
                  "SystemTime": "2025-04-02T10:10:44.827908Z"
                },
                "Channel": "System",
                "Computer": "DESKTOP-OFJ6N53"
              }
            },
            "Event_attributes": {
              "xmlns": "http://schemas.microsoft.com/win/2004/08/events/event"
            }
          }
        },
        "name": "Windows Service Terminated With Error",
        "timestamp": "2025-04-02T10:10:44.827908+00:00",
        "authors": [
          "Nasreddine Bencherchali (Nextron Systems)"
        ],
        "level": "low",
        "source": "sigma",
        "status": "experimental",
        "falsepositives": [
          "False positives could occur since service termination could happen due to multiple reasons"
        ],
        "id": "acfa2210-0d71-4eeb-b477-afab494d596c",
        "logsource": {
          "product": "windows",
          "service": "system"
        },
        "references": [
          "https://www.microsoft.com/en-us/security/blog/2023/04/11/guidance-for-investigating-attacks-using-cve-2022-21894-the-blacklotus-campaign/"
        ],
        "tags": [
          "attack.defense-evasion"
        ]
      },
      "matched_conditions": [],
      "time": null
    },
    {
      "rule_title": "Unknown",
      "rule_id": "acfa2210-0d71-4eeb-b477-afab494d596c",
      "level": "low",
      "file": "sigma",
      "event": {
        "group": "Sigma",
        "kind": "individual",
        "document": {
          "kind": "evtx",
          "path": "C:\\Users\\SKA580~1.BAT\\AppData\\Local\\Temp\\tmp1hg5atjf\\evtx\\System.evtx",
          "data": {
            "Event": {
              "EventData": {
                "Binary": "5300670072006D00420072006F006B00650072000000",
                "param1": "Брокер мониторинга среды выполнения System Guard",
                "param2": "%%3489660935"
              },
              "System": {
                "Opcode": 0,
                "Provider_attributes": {
                  "Name": "Service Control Manager",
                  "Guid": "{555908d1-a6d7-4695-8e1e-26931d2012f4}",
                  "EventSourceName": "Service Control Manager"
                },
                "EventID_attributes": {
                  "Qualifiers": 49152
                },
                "Execution_attributes": {
                  "ProcessID": 740,
                  "ThreadID": 11180
                },
                "Correlation": null,
                "Keywords": "0x8080000000000000",
                "EventRecordID": 2087887,
                "Security": null,
                "EventID": 7023,
                "Level": 2,
                "Version": 0,
                "Task": 0,
                "TimeCreated_attributes": {
                  "SystemTime": "2025-04-02T10:14:02.386616Z"
                },
                "Channel": "System",
                "Computer": "DESKTOP-OFJ6N53"
              }
            },
            "Event_attributes": {
              "xmlns": "http://schemas.microsoft.com/win/2004/08/events/event"
            }
          }
        },
        "name": "Windows Service Terminated With Error",
        "timestamp": "2025-04-02T10:14:02.386616+00:00",
        "authors": [
          "Nasreddine Bencherchali (Nextron Systems)"
        ],
        "level": "low",
        "source": "sigma",
        "status": "experimental",
        "falsepositives": [
          "False positives could occur since service termination could happen due to multiple reasons"
        ],
        "id": "acfa2210-0d71-4eeb-b477-afab494d596c",
        "logsource": {
          "product": "windows",
          "service": "system"
        },
        "references": [
          "https://www.microsoft.com/en-us/security/blog/2023/04/11/guidance-for-investigating-attacks-using-cve-2022-21894-the-blacklotus-campaign/"
        ],
        "tags": [
          "attack.defense-evasion"
        ]
      },
      "matched_conditions": [],
      "time": null
    },
    {
      "rule_title": "Unknown",
      "rule_id": "acfa2210-0d71-4eeb-b477-afab494d596c",
      "level": "low",
      "file": "sigma",
      "event": {
        "group": "Sigma",
        "kind": "individual",
        "document": {
          "kind": "evtx",
          "path": "C:\\Users\\SKA580~1.BAT\\AppData\\Local\\Temp\\tmp1hg5atjf\\evtx\\System.evtx",
          "data": {
            "Event": {
              "EventData": {
                "Binary": "5300670072006D00420072006F006B00650072000000",
                "param1": "Брокер мониторинга среды выполнения System Guard",
                "param2": "%%3489660935"
              },
              "System": {
                "Opcode": 0,
                "Provider_attributes": {
                  "Name": "Service Control Manager",
                  "Guid": "{555908d1-a6d7-4695-8e1e-26931d2012f4}",
                  "EventSourceName": "Service Control Manager"
                },
                "EventID_attributes": {
                  "Qualifiers": 49152
                },
                "Execution_attributes": {
                  "ProcessID": 756,
                  "ThreadID": 2524
                },
                "Correlation": null,
                "Keywords": "0x8080000000000000",
                "EventRecordID": 2087973,
                "Security": null,
                "EventID": 7023,
                "Level": 2,
                "Version": 0,
                "Task": 0,
                "TimeCreated_attributes": {
                  "SystemTime": "2025-04-02T10:18:29.804741Z"
                },
                "Channel": "System",
                "Computer": "DESKTOP-OFJ6N53"
              }
            },
            "Event_attributes": {
              "xmlns": "http://schemas.microsoft.com/win/2004/08/events/event"
            }
          }
        },
        "name": "Windows Service Terminated With Error",
        "timestamp": "2025-04-02T10:18:29.804741+00:00",
        "authors": [
          "Nasreddine Bencherchali (Nextron Systems)"
        ],
        "level": "low",
        "source": "sigma",
        "status": "experimental",
        "falsepositives": [
          "False positives could occur since service termination could happen due to multiple reasons"
        ],
        "id": "acfa2210-0d71-4eeb-b477-afab494d596c",
        "logsource": {
          "product": "windows",
          "service": "system"
        },
        "references": [
          "https://www.microsoft.com/en-us/security/blog/2023/04/11/guidance-for-investigating-attacks-using-cve-2022-21894-the-blacklotus-campaign/"
        ],
        "tags": [
          "attack.defense-evasion"
        ]
      },
      "matched_conditions": [],
      "time": null
    },
    {
      "rule_title": "Unknown",
      "rule_id": "acfa2210-0d71-4eeb-b477-afab494d596c",
      "level": "low",
      "file": "sigma",
      "event": {
        "group": "Sigma",
        "kind": "individual",
        "document": {
          "kind": "evtx",
          "path": "C:\\Users\\SKA580~1.BAT\\AppData\\Local\\Temp\\tmp1hg5atjf\\evtx\\System.evtx",
          "data": {
            "Event": {
              "EventData": {
                "Binary": "5300670072006D00420072006F006B00650072000000",
                "param1": "Брокер мониторинга среды выполнения System Guard",
                "param2": "%%3489660935"
              },
              "System": {
                "Opcode": 0,
                "Provider_attributes": {
                  "Name": "Service Control Manager",
                  "Guid": "{555908d1-a6d7-4695-8e1e-26931d2012f4}",
                  "EventSourceName": "Service Control Manager"
                },
                "EventID_attributes": {
                  "Qualifiers": 49152
                },
                "Execution_attributes": {
                  "ProcessID": 732,
                  "ThreadID": 5948
                },
                "Correlation": null,
                "Keywords": "0x8080000000000000",
                "EventRecordID": 2088054,
                "Security": null,
                "EventID": 7023,
                "Level": 2,
                "Version": 0,
                "Task": 0,
                "TimeCreated_attributes": {
                  "SystemTime": "2025-04-02T10:36:16.409827Z"
                },
                "Channel": "System",
                "Computer": "DESKTOP-OFJ6N53"
              }
            },
            "Event_attributes": {
              "xmlns": "http://schemas.microsoft.com/win/2004/08/events/event"
            }
          }
        },
        "name": "Windows Service Terminated With Error",
        "timestamp": "2025-04-02T10:36:16.409827+00:00",
        "authors": [
          "Nasreddine Bencherchali (Nextron Systems)"
        ],
        "level": "low",
        "source": "sigma",
        "status": "experimental",
        "falsepositives": [
          "False positives could occur since service termination could happen due to multiple reasons"
        ],
        "id": "acfa2210-0d71-4eeb-b477-afab494d596c",
        "logsource": {
          "product": "windows",
          "service": "system"
        },
        "references": [
          "https://www.microsoft.com/en-us/security/blog/2023/04/11/guidance-for-investigating-attacks-using-cve-2022-21894-the-blacklotus-campaign/"
        ],
        "tags": [
          "attack.defense-evasion"
        ]
      },
      "matched_conditions": [],
      "time": null
    },
    {
      "rule_title": "Unknown",
      "rule_id": "2afe6582-e149-11ea-87d0-0242ac130003",
      "level": "info",
      "file": "sigma",
      "event": {
        "group": "Sigma",
        "kind": "individual",
        "document": {
          "kind": "evtx",
          "path": "C:\\Users\\SKA580~1.BAT\\AppData\\Local\\Temp\\tmp1hg5atjf\\evtx\\Microsoft-Windows-Windows Defender_Operational.evtx",
          "data": {
            "Event": {
              "EventData": {
                "Unused4": "",
                "Unused3": "",
                "SID": "S-1-5-18",
                "Unused2": "",
                "Domain": "NT AUTHORITY",
                "Unused": "",
                "User": "СИСТЕМА",
                "Product Version": "4.18.25020.1009",
                "Timestamp": "2025-03-20T02:34:10Z",
                "Product Name": "Microsoft Defender Antivirus"
              },
              "System": {
                "EventID": 1013,
                "Level": 4,
                "Provider_attributes": {
                  "Name": "Microsoft-Windows-Windows Defender",
                  "Guid": "11CD958A-C507-4EF3-B3F2-5FD9DFBD2C78"
                },
                "Version": 0,
                "Task": 0,
                "Opcode": 0,
                "TimeCreated_attributes": {
                  "SystemTime": "2025-04-04T02:34:10.721620Z"
                },
                "Execution_attributes": {
                  "ProcessID": 5456,
                  "ThreadID": 11404
                },
                "Correlation": null,
                "Keywords": "0x8000000000000000",
                "Security_attributes": {
                  "UserID": "S-1-5-18"
                },
                "EventRecordID": 45665,
                "Channel": "Microsoft-Windows-Windows Defender/Operational",
                "Computer": "DESKTOP-OFJ6N53"
              }
            },
            "Event_attributes": {
              "xmlns": "http://schemas.microsoft.com/win/2004/08/events/event"
            }
          }
        },
        "name": "Windows Defender Malware Detection History Deletion",
        "timestamp": "2025-04-04T02:34:10.721620+00:00",
        "authors": [
          "Cian Heasley"
        ],
        "level": "info",
        "source": "sigma",
        "status": "experimental",
        "falsepositives": [
          "Deletion of Defender malware detections history for legitimate reasons"
        ],
        "id": "2afe6582-e149-11ea-87d0-0242ac130003",
        "logsource": {
          "product": "windows",
          "service": "windefend"
        },
        "references": [
          "https://learn.microsoft.com/en-us/defender-endpoint/troubleshoot-microsoft-defender-antivirus",
          "https://web.archive.org/web/20160727113019/https://answers.microsoft.com/en-us/protect/forum/mse-protect_scanning/microsoft-antimalware-has-removed-history-of/f15af6c9-01a9-4065-8c6c-3f2bdc7de45e"
        ],
        "tags": [
          "attack.defense-evasion"
        ]
      },
      "matched_conditions": [],
      "time": null
    },
