    {
      "rule_title": "Unknown",
      "rule_id": "0badd08f-c6a3-4630-90d3-6875cca440be",
      "level": "info",
      "file": "sigma",
      "event": {
        "group": "Sigma",
        "kind": "individual",
        "document": {
          "kind": "evtx",
          "path": "C:\\Users\\SKA580~1.BAT\\AppData\\Local\\Temp\\tmp1hg5atjf\\evtx\\Security.evtx",
          "data": {
            "Event": {
              "EventData": {
                "TargetUserName": "sk.batsiev",
                "LogonType": 3,
                "TargetUserSid": "S-1-5-21-963789628-1060504924-4285088085-1001",
                "TargetDomainName": "DESKTOP-OFJ6N53",
                "TargetLogonId": "0xb8744a"
              },
              "System": {
                "EventID": 4634,
                "Level": 0,
                "Provider_attributes": {
                  "Name": "Microsoft-Windows-Security-Auditing",
                  "Guid": "54849625-5478-4994-A5BA-3E3B0328C30D"
                },
                "Version": 0,
                "Task": 12545,
                "Opcode": 0,
                "TimeCreated_attributes": {
                  "SystemTime": "2025-08-14T02:45:09.028400Z"
                },
                "Execution_attributes": {
                  "ProcessID": 772,
                  "ThreadID": 468
                },
                "Correlation": null,
                "Keywords": "0x8020000000000000",
                "EventRecordID": 1083471,
                "Channel": "Security",
                "Computer": "DESKTOP-OFJ6N53",
                "Security": null
              }
            },
            "Event_attributes": {
              "xmlns": "http://schemas.microsoft.com/win/2004/08/events/event"
            }
          }
        },
        "name": "User Logoff Event",
        "timestamp": "2025-08-14T02:45:09.028400+00:00",
        "authors": [
          "frack113"
        ],
        "level": "info",
        "source": "sigma",
        "status": "experimental",
        "falsepositives": [
          "Unknown"
        ],
        "id": "0badd08f-c6a3-4630-90d3-6875cca440be",
        "logsource": {
          "product": "windows",
          "service": "security"
        },
        "references": [
          "https://github.com/Yamato-Security/EnableWindowsLogSettings/blob/7f6d755d45ac7cc9fc35b0cbf498e6aa4ef19def/ConfiguringSecurityLogAuditPolicies.md",
          "https://learn.microsoft.com/en-us/previous-versions/windows/it-pro/windows-10/security/threat-protection/auditing/event-4634",
          "https://learn.microsoft.com/en-us/previous-versions/windows/it-pro/windows-10/security/threat-protection/auditing/event-4647"
        ],
        "tags": [
          "attack.impact",
          "attack.t1531"
        ]
      },
      "matched_conditions": [],
      "time": null
    },
    {
      "rule_title": "Unknown",
      "rule_id": "0badd08f-c6a3-4630-90d3-6875cca440be",
      "level": "info",
      "file": "sigma",
      "event": {
        "group": "Sigma",
        "kind": "individual",
        "document": {
          "kind": "evtx",
          "path": "C:\\Users\\SKA580~1.BAT\\AppData\\Local\\Temp\\tmp1hg5atjf\\evtx\\Security.evtx",
          "data": {
            "Event": {
              "EventData": {
                "TargetUserName": "АНОНИМНЫЙ ВХОД",
                "LogonType": 3,
                "TargetUserSid": "S-1-5-7",
                "TargetDomainName": "NT AUTHORITY",
                "TargetLogonId": "0xa15fb50"
              },
              "System": {
                "EventID": 4634,
                "Level": 0,
                "Provider_attributes": {
                  "Name": "Microsoft-Windows-Security-Auditing",
                  "Guid": "54849625-5478-4994-A5BA-3E3B0328C30D"
                },
                "Version": 0,
                "Task": 12545,
                "Opcode": 0,
                "TimeCreated_attributes": {
                  "SystemTime": "2025-08-14T06:53:15.678866Z"
                },
                "Execution_attributes": {
                  "ProcessID": 772,
                  "ThreadID": 468
                },
                "Correlation": null,
                "Keywords": "0x8020000000000000",
                "EventRecordID": 1083499,
                "Channel": "Security",
                "Computer": "DESKTOP-OFJ6N53",
                "Security": null
              }
            },
            "Event_attributes": {
              "xmlns": "http://schemas.microsoft.com/win/2004/08/events/event"
            }
          }
        },
        "name": "User Logoff Event",
        "timestamp": "2025-08-14T06:53:15.678866+00:00",
        "authors": [
          "frack113"
        ],
        "level": "info",
        "source": "sigma",
        "status": "experimental",
        "falsepositives": [
          "Unknown"
        ],
        "id": "0badd08f-c6a3-4630-90d3-6875cca440be",
        "logsource": {
          "product": "windows",
          "service": "security"
        },
        "references": [
          "https://github.com/Yamato-Security/EnableWindowsLogSettings/blob/7f6d755d45ac7cc9fc35b0cbf498e6aa4ef19def/ConfiguringSecurityLogAuditPolicies.md",
          "https://learn.microsoft.com/en-us/previous-versions/windows/it-pro/windows-10/security/threat-protection/auditing/event-4634",
          "https://learn.microsoft.com/en-us/previous-versions/windows/it-pro/windows-10/security/threat-protection/auditing/event-4647"
        ],
        "tags": [
          "attack.impact",
          "attack.t1531"
        ]
      },
      "matched_conditions": [],
      "time": null
    },
    {
      "rule_title": "Unknown",
      "rule_id": "0badd08f-c6a3-4630-90d3-6875cca440be",
      "level": "info",
      "file": "sigma",
      "event": {
        "group": "Sigma",
        "kind": "individual",
        "document": {
          "kind": "evtx",
          "path": "C:\\Users\\SKA580~1.BAT\\AppData\\Local\\Temp\\tmp1hg5atjf\\evtx\\Security.evtx",
          "data": {
            "Event": {
              "EventData": {
                "TargetUserName": "sk.batsiev",
                "LogonType": 7,
                "TargetUserSid": "S-1-5-21-963789628-1060504924-4285088085-1001",
                "TargetDomainName": "DESKTOP-OFJ6N53",
                "TargetLogonId": "0xaf7f0ff"
              },
              "System": {
                "EventID": 4634,
                "Level": 0,
                "Provider_attributes": {
                  "Name": "Microsoft-Windows-Security-Auditing",
                  "Guid": "54849625-5478-4994-A5BA-3E3B0328C30D"
                },
                "Version": 0,
                "Task": 12545,
                "Opcode": 0,
                "TimeCreated_attributes": {
                  "SystemTime": "2025-08-14T08:38:53.692549Z"
                },
                "Execution_attributes": {
                  "ProcessID": 772,
                  "ThreadID": 10076
                },
                "Correlation": null,
                "Keywords": "0x8020000000000000",
                "EventRecordID": 1083532,
                "Channel": "Security",
                "Computer": "DESKTOP-OFJ6N53",
                "Security": null
              }
            },
            "Event_attributes": {
              "xmlns": "http://schemas.microsoft.com/win/2004/08/events/event"
            }
          }
        },
        "name": "User Logoff Event",
        "timestamp": "2025-08-14T08:38:53.692549+00:00",
        "authors": [
          "frack113"
        ],
        "level": "info",
        "source": "sigma",
        "status": "experimental",
        "falsepositives": [
          "Unknown"
        ],
        "id": "0badd08f-c6a3-4630-90d3-6875cca440be",
        "logsource": {
          "product": "windows",
          "service": "security"
        },
        "references": [
          "https://github.com/Yamato-Security/EnableWindowsLogSettings/blob/7f6d755d45ac7cc9fc35b0cbf498e6aa4ef19def/ConfiguringSecurityLogAuditPolicies.md",
          "https://learn.microsoft.com/en-us/previous-versions/windows/it-pro/windows-10/security/threat-protection/auditing/event-4634",
          "https://learn.microsoft.com/en-us/previous-versions/windows/it-pro/windows-10/security/threat-protection/auditing/event-4647"
        ],
        "tags": [
          "attack.impact",
          "attack.t1531"
        ]
      },
      "matched_conditions": [],
      "time": null
    },
    {
      "rule_title": "Unknown",
      "rule_id": "0badd08f-c6a3-4630-90d3-6875cca440be",
      "level": "info",
      "file": "sigma",
      "event": {
        "group": "Sigma",
        "kind": "individual",
        "document": {
          "kind": "evtx",
          "path": "C:\\Users\\SKA580~1.BAT\\AppData\\Local\\Temp\\tmp1hg5atjf\\evtx\\Security.evtx",
          "data": {
            "Event": {
              "EventData": {
                "TargetUserName": "sk.batsiev",
                "LogonType": 7,
                "TargetUserSid": "S-1-5-21-963789628-1060504924-4285088085-1001",
                "TargetDomainName": "DESKTOP-OFJ6N53",
                "TargetLogonId": "0xaf7eae6"
              },
              "System": {
                "EventID": 4634,
                "Level": 0,
                "Provider_attributes": {
                  "Name": "Microsoft-Windows-Security-Auditing",
                  "Guid": "54849625-5478-4994-A5BA-3E3B0328C30D"
                },
                "Version": 0,
                "Task": 12545,
                "Opcode": 0,
                "TimeCreated_attributes": {
                  "SystemTime": "2025-08-14T08:38:53.692600Z"
                },
                "Execution_attributes": {
                  "ProcessID": 772,
                  "ThreadID": 10076
                },
                "Correlation": null,
                "Keywords": "0x8020000000000000",
                "EventRecordID": 1083533,
                "Channel": "Security",
                "Computer": "DESKTOP-OFJ6N53",
                "Security": null
              }
            },
            "Event_attributes": {
              "xmlns": "http://schemas.microsoft.com/win/2004/08/events/event"
            }
          }
        },
        "name": "User Logoff Event",
        "timestamp": "2025-08-14T08:38:53.692600+00:00",
        "authors": [
          "frack113"
        ],
        "level": "info",
        "source": "sigma",
        "status": "experimental",
        "falsepositives": [
          "Unknown"
        ],
        "id": "0badd08f-c6a3-4630-90d3-6875cca440be",
        "logsource": {
          "product": "windows",
          "service": "security"
        },
        "references": [
          "https://github.com/Yamato-Security/EnableWindowsLogSettings/blob/7f6d755d45ac7cc9fc35b0cbf498e6aa4ef19def/ConfiguringSecurityLogAuditPolicies.md",
          "https://learn.microsoft.com/en-us/previous-versions/windows/it-pro/windows-10/security/threat-protection/auditing/event-4634",
          "https://learn.microsoft.com/en-us/previous-versions/windows/it-pro/windows-10/security/threat-protection/auditing/event-4647"
        ],
        "tags": [
          "attack.impact",
          "attack.t1531"
        ]
      },
      "matched_conditions": [],
      "time": null
    },
    {
      "rule_title": "Unknown",
      "rule_id": "0badd08f-c6a3-4630-90d3-6875cca440be",
      "level": "info",
      "file": "sigma",
      "event": {
        "group": "Sigma",
        "kind": "individual",
        "document": {
          "kind": "evtx",
          "path": "C:\\Users\\SKA580~1.BAT\\AppData\\Local\\Temp\\tmp1hg5atjf\\evtx\\Security.evtx",
          "data": {
            "Event": {
              "EventData": {
                "TargetUserName": "sk.batsiev",
                "LogonType": 3,
                "TargetUserSid": "S-1-5-21-963789628-1060504924-4285088085-1001",
                "TargetDomainName": "DESKTOP-OFJ6N53",
                "TargetLogonId": "0xaf6b779"
              },
              "System": {
                "EventID": 4634,
                "Level": 0,
                "Provider_attributes": {
                  "Name": "Microsoft-Windows-Security-Auditing",
                  "Guid": "54849625-5478-4994-A5BA-3E3B0328C30D"
                },
                "Version": 0,
                "Task": 12545,
                "Opcode": 0,
                "TimeCreated_attributes": {
                  "SystemTime": "2025-08-14T09:48:53.359918Z"
                },
                "Execution_attributes": {
                  "ProcessID": 772,
                  "ThreadID": 7424
                },
                "Correlation": null,
                "Keywords": "0x8020000000000000",
                "EventRecordID": 1083603,
                "Channel": "Security",
                "Computer": "DESKTOP-OFJ6N53",
                "Security": null
              }
            },
            "Event_attributes": {
              "xmlns": "http://schemas.microsoft.com/win/2004/08/events/event"
            }
          }
        },
        "name": "User Logoff Event",
        "timestamp": "2025-08-14T09:48:53.359918+00:00",
        "authors": [
          "frack113"
        ],
        "level": "info",
        "source": "sigma",
        "status": "experimental",
        "falsepositives": [
          "Unknown"
        ],
        "id": "0badd08f-c6a3-4630-90d3-6875cca440be",
        "logsource": {
          "product": "windows",
          "service": "security"
        },
        "references": [
          "https://github.com/Yamato-Security/EnableWindowsLogSettings/blob/7f6d755d45ac7cc9fc35b0cbf498e6aa4ef19def/ConfiguringSecurityLogAuditPolicies.md",
          "https://learn.microsoft.com/en-us/previous-versions/windows/it-pro/windows-10/security/threat-protection/auditing/event-4634",
          "https://learn.microsoft.com/en-us/previous-versions/windows/it-pro/windows-10/security/threat-protection/auditing/event-4647"
        ],
        "tags": [
          "attack.impact",
          "attack.t1531"
        ]
      },
      "matched_conditions": [],
      "time": null
    },
    {
      "rule_title": "Unknown",
      "rule_id": "0badd08f-c6a3-4630-90d3-6875cca440be",
      "level": "info",
      "file": "sigma",
      "event": {
        "group": "Sigma",
        "kind": "individual",
        "document": {
          "kind": "evtx",
          "path": "C:\\Users\\SKA580~1.BAT\\AppData\\Local\\Temp\\tmp1hg5atjf\\evtx\\Security.evtx",
          "data": {
            "Event": {
              "EventData": {
                "TargetUserName": "sk.batsiev",
                "LogonType": 7,
                "TargetUserSid": "S-1-5-21-963789628-1060504924-4285088085-1001",
                "TargetDomainName": "DESKTOP-OFJ6N53",
                "TargetLogonId": "0xc3d1f5c"
              },
              "System": {
                "EventID": 4634,
                "Level": 0,
                "Provider_attributes": {
                  "Name": "Microsoft-Windows-Security-Auditing",
                  "Guid": "54849625-5478-4994-A5BA-3E3B0328C30D"
                },
                "Version": 0,
                "Task": 12545,
                "Opcode": 0,
                "TimeCreated_attributes": {
                  "SystemTime": "2025-08-14T10:21:54.109213Z"
                },
                "Execution_attributes": {
                  "ProcessID": 772,
                  "ThreadID": 468
                },
                "Correlation": null,
                "Keywords": "0x8020000000000000",
                "EventRecordID": 1083658,
                "Channel": "Security",
                "Computer": "DESKTOP-OFJ6N53",
                "Security": null
              }
            },
            "Event_attributes": {
              "xmlns": "http://schemas.microsoft.com/win/2004/08/events/event"
            }
          }
        },
        "name": "User Logoff Event",
        "timestamp": "2025-08-14T10:21:54.109213+00:00",
        "authors": [
          "frack113"
        ],
        "level": "info",
        "source": "sigma",
        "status": "experimental",
        "falsepositives": [
          "Unknown"
        ],
        "id": "0badd08f-c6a3-4630-90d3-6875cca440be",
        "logsource": {
          "product": "windows",
          "service": "security"
        },
        "references": [
          "https://github.com/Yamato-Security/EnableWindowsLogSettings/blob/7f6d755d45ac7cc9fc35b0cbf498e6aa4ef19def/ConfiguringSecurityLogAuditPolicies.md",
          "https://learn.microsoft.com/en-us/previous-versions/windows/it-pro/windows-10/security/threat-protection/auditing/event-4634",
          "https://learn.microsoft.com/en-us/previous-versions/windows/it-pro/windows-10/security/threat-protection/auditing/event-4647"
        ],
        "tags": [
          "attack.impact",
          "attack.t1531"
        ]
      },
      "matched_conditions": [],
      "time": null
    },
    {
      "rule_title": "Unknown",
      "rule_id": "0badd08f-c6a3-4630-90d3-6875cca440be",
      "level": "info",
      "file": "sigma",
      "event": {
        "group": "Sigma",
        "kind": "individual",
        "document": {
          "kind": "evtx",
          "path": "C:\\Users\\SKA580~1.BAT\\AppData\\Local\\Temp\\tmp1hg5atjf\\evtx\\Security.evtx",
          "data": {
            "Event": {
              "EventData": {
                "TargetUserName": "sk.batsiev",
                "LogonType": 7,
                "TargetUserSid": "S-1-5-21-963789628-1060504924-4285088085-1001",
                "TargetDomainName": "DESKTOP-OFJ6N53",
                "TargetLogonId": "0xc3d1ab9"
              },
              "System": {
                "EventID": 4634,
                "Level": 0,
                "Provider_attributes": {
                  "Name": "Microsoft-Windows-Security-Auditing",
                  "Guid": "54849625-5478-4994-A5BA-3E3B0328C30D"
                },
                "Version": 0,
                "Task": 12545,
                "Opcode": 0,
                "TimeCreated_attributes": {
                  "SystemTime": "2025-08-14T10:21:54.109278Z"
                },
                "Execution_attributes": {
                  "ProcessID": 772,
                  "ThreadID": 1584
                },
                "Correlation": null,
                "Keywords": "0x8020000000000000",
                "EventRecordID": 1083659,
                "Channel": "Security",
                "Computer": "DESKTOP-OFJ6N53",
                "Security": null
              }
            },
            "Event_attributes": {
              "xmlns": "http://schemas.microsoft.com/win/2004/08/events/event"
            }
          }
        },
        "name": "User Logoff Event",
        "timestamp": "2025-08-14T10:21:54.109278+00:00",
        "authors": [
          "frack113"
        ],
        "level": "info",
        "source": "sigma",
        "status": "experimental",
        "falsepositives": [
          "Unknown"
        ],
        "id": "0badd08f-c6a3-4630-90d3-6875cca440be",
        "logsource": {
          "product": "windows",
          "service": "security"
        },
        "references": [
          "https://github.com/Yamato-Security/EnableWindowsLogSettings/blob/7f6d755d45ac7cc9fc35b0cbf498e6aa4ef19def/ConfiguringSecurityLogAuditPolicies.md",
          "https://learn.microsoft.com/en-us/previous-versions/windows/it-pro/windows-10/security/threat-protection/auditing/event-4634",
          "https://learn.microsoft.com/en-us/previous-versions/windows/it-pro/windows-10/security/threat-protection/auditing/event-4647"
        ],
        "tags": [
          "attack.impact",
          "attack.t1531"
        ]
      },
      "matched_conditions": [],
      "time": null
    },
    {
      "rule_title": "Unknown",
      "rule_id": "0badd08f-c6a3-4630-90d3-6875cca440be",
      "level": "info",
      "file": "sigma",
      "event": {
        "group": "Sigma",
        "kind": "individual",
        "document": {
          "kind": "evtx",
          "path": "C:\\Users\\SKA580~1.BAT\\AppData\\Local\\Temp\\tmp1hg5atjf\\evtx\\Security.evtx",
          "data": {
            "Event": {
              "EventData": {
                "TargetUserName": "sk.batsiev",
                "LogonType": 3,
                "TargetUserSid": "S-1-5-21-963789628-1060504924-4285088085-1001",
                "TargetDomainName": "DESKTOP-OFJ6N53",
                "TargetLogonId": "0xc3c48ae"
              },
              "System": {
                "EventID": 4634,
                "Level": 0,
                "Provider_attributes": {
                  "Name": "Microsoft-Windows-Security-Auditing",
                  "Guid": "54849625-5478-4994-A5BA-3E3B0328C30D"
                },
                "Version": 0,
                "Task": 12545,
                "Opcode": 0,
                "TimeCreated_attributes": {
                  "SystemTime": "2025-08-14T10:23:31.904556Z"
                },
                "Execution_attributes": {
                  "ProcessID": 772,
                  "ThreadID": 468
                },
                "Correlation": null,
                "Keywords": "0x8020000000000000",
                "EventRecordID": 1083664,
                "Channel": "Security",
                "Computer": "DESKTOP-OFJ6N53",
                "Security": null
              }
            },
            "Event_attributes": {
              "xmlns": "http://schemas.microsoft.com/win/2004/08/events/event"
            }
          }
        },
        "name": "User Logoff Event",
        "timestamp": "2025-08-14T10:23:31.904556+00:00",
        "authors": [
          "frack113"
        ],
        "level": "info",
        "source": "sigma",
        "status": "experimental",
        "falsepositives": [
          "Unknown"
        ],
        "id": "0badd08f-c6a3-4630-90d3-6875cca440be",
        "logsource": {
          "product": "windows",
          "service": "security"
        },
        "references": [
          "https://github.com/Yamato-Security/EnableWindowsLogSettings/blob/7f6d755d45ac7cc9fc35b0cbf498e6aa4ef19def/ConfiguringSecurityLogAuditPolicies.md",
          "https://learn.microsoft.com/en-us/previous-versions/windows/it-pro/windows-10/security/threat-protection/auditing/event-4634",
          "https://learn.microsoft.com/en-us/previous-versions/windows/it-pro/windows-10/security/threat-protection/auditing/event-4647"
        ],
        "tags": [
          "attack.impact",
          "attack.t1531"
        ]
      },
      "matched_conditions": [],
      "time": null
    },
    {
      "rule_title": "Unknown",
      "rule_id": "0badd08f-c6a3-4630-90d3-6875cca440be",
      "level": "info",
      "file": "sigma",
      "event": {
        "group": "Sigma",
        "kind": "individual",
        "document": {
          "kind": "evtx",
          "path": "C:\\Users\\SKA580~1.BAT\\AppData\\Local\\Temp\\tmp1hg5atjf\\evtx\\Security.evtx",
          "data": {
            "Event": {
              "EventData": {
                "TargetUserName": "sk.batsiev",
                "LogonType": 3,
                "TargetUserSid": "S-1-5-21-963789628-1060504924-4285088085-1001",
                "TargetDomainName": "DESKTOP-OFJ6N53",
                "TargetLogonId": "0xc433bf5"
              },
              "System": {
                "EventID": 4634,
                "Level": 0,
                "Provider_attributes": {
                  "Name": "Microsoft-Windows-Security-Auditing",
                  "Guid": "54849625-5478-4994-A5BA-3E3B0328C30D"
                },
                "Version": 0,
                "Task": 12545,
                "Opcode": 0,
                "TimeCreated_attributes": {
                  "SystemTime": "2025-08-14T12:30:10.310021Z"
                },
                "Execution_attributes": {
                  "ProcessID": 772,
                  "ThreadID": 468
                },
                "Correlation": null,
                "Keywords": "0x8020000000000000",
                "EventRecordID": 1083724,
                "Channel": "Security",
                "Computer": "DESKTOP-OFJ6N53",
                "Security": null
              }
            },
            "Event_attributes": {
              "xmlns": "http://schemas.microsoft.com/win/2004/08/events/event"
            }
          }
        },
        "name": "User Logoff Event",
        "timestamp": "2025-08-14T12:30:10.310021+00:00",
        "authors": [
          "frack113"
        ],
        "level": "info",
        "source": "sigma",
        "status": "experimental",
        "falsepositives": [
          "Unknown"
        ],
        "id": "0badd08f-c6a3-4630-90d3-6875cca440be",
        "logsource": {
          "product": "windows",
          "service": "security"
        },
        "references": [
          "https://github.com/Yamato-Security/EnableWindowsLogSettings/blob/7f6d755d45ac7cc9fc35b0cbf498e6aa4ef19def/ConfiguringSecurityLogAuditPolicies.md",
          "https://learn.microsoft.com/en-us/previous-versions/windows/it-pro/windows-10/security/threat-protection/auditing/event-4634",
          "https://learn.microsoft.com/en-us/previous-versions/windows/it-pro/windows-10/security/threat-protection/auditing/event-4647"
        ],
        "tags": [
          "attack.impact",
          "attack.t1531"
        ]
      },
      "matched_conditions": [],
      "time": null
    },
    {
      "rule_title": "Unknown",
      "rule_id": "0badd08f-c6a3-4630-90d3-6875cca440be",
      "level": "info",
      "file": "sigma",
      "event": {
        "group": "Sigma",
        "kind": "individual",
        "document": {
          "kind": "evtx",
          "path": "C:\\Users\\SKA580~1.BAT\\AppData\\Local\\Temp\\tmp1hg5atjf\\evtx\\Security.evtx",
          "data": {
            "Event": {
              "EventData": {
                "TargetUserName": "sk.batsiev",
                "LogonType": 7,
                "TargetUserSid": "S-1-5-21-963789628-1060504924-4285088085-1001",
                "TargetDomainName": "DESKTOP-OFJ6N53",
                "TargetLogonId": "0xd63d12a"
              },
              "System": {
                "EventID": 4634,
                "Level": 0,
                "Provider_attributes": {
                  "Name": "Microsoft-Windows-Security-Auditing",
                  "Guid": "54849625-5478-4994-A5BA-3E3B0328C30D"
                },
                "Version": 0,
                "Task": 12545,
                "Opcode": 0,
                "TimeCreated_attributes": {
                  "SystemTime": "2025-08-14T12:30:18.709844Z"
                },
                "Execution_attributes": {
                  "ProcessID": 772,
                  "ThreadID": 13248
                },
                "Correlation": null,
                "Keywords": "0x8020000000000000",
                "EventRecordID": 1083735,
                "Channel": "Security",
                "Computer": "DESKTOP-OFJ6N53",
                "Security": null
              }
            },
            "Event_attributes": {
              "xmlns": "http://schemas.microsoft.com/win/2004/08/events/event"
            }
          }
        },
        "name": "User Logoff Event",
        "timestamp": "2025-08-14T12:30:18.709844+00:00",
        "authors": [
          "frack113"
        ],
        "level": "info",
        "source": "sigma",
        "status": "experimental",
        "falsepositives": [
          "Unknown"
        ],
        "id": "0badd08f-c6a3-4630-90d3-6875cca440be",
        "logsource": {
          "product": "windows",
          "service": "security"
        },
        "references": [
          "https://github.com/Yamato-Security/EnableWindowsLogSettings/blob/7f6d755d45ac7cc9fc35b0cbf498e6aa4ef19def/ConfiguringSecurityLogAuditPolicies.md",
          "https://learn.microsoft.com/en-us/previous-versions/windows/it-pro/windows-10/security/threat-protection/auditing/event-4634",
          "https://learn.microsoft.com/en-us/previous-versions/windows/it-pro/windows-10/security/threat-protection/auditing/event-4647"
        ],
        "tags": [
          "attack.impact",
          "attack.t1531"
        ]
      },
      "matched_conditions": [],
      "time": null
    },
    {
      "rule_title": "Unknown",
      "rule_id": "0badd08f-c6a3-4630-90d3-6875cca440be",
      "level": "info",
      "file": "sigma",
      "event": {
        "group": "Sigma",
        "kind": "individual",
        "document": {
          "kind": "evtx",
          "path": "C:\\Users\\SKA580~1.BAT\\AppData\\Local\\Temp\\tmp1hg5atjf\\evtx\\Security.evtx",
          "data": {
            "Event": {
              "EventData": {
                "TargetUserName": "sk.batsiev",
                "LogonType": 7,
                "TargetUserSid": "S-1-5-21-963789628-1060504924-4285088085-1001",
                "TargetDomainName": "DESKTOP-OFJ6N53",
                "TargetLogonId": "0xd63ce33"
              },
              "System": {
                "EventID": 4634,
                "Level": 0,
                "Provider_attributes": {
                  "Name": "Microsoft-Windows-Security-Auditing",
                  "Guid": "54849625-5478-4994-A5BA-3E3B0328C30D"
                },
                "Version": 0,
                "Task": 12545,
                "Opcode": 0,
                "TimeCreated_attributes": {
                  "SystemTime": "2025-08-14T12:30:18.709918Z"
                },
                "Execution_attributes": {
                  "ProcessID": 772,
                  "ThreadID": 13248
                },
                "Correlation": null,
                "Keywords": "0x8020000000000000",
                "EventRecordID": 1083736,
                "Channel": "Security",
                "Computer": "DESKTOP-OFJ6N53",
                "Security": null
              }
            },
            "Event_attributes": {
              "xmlns": "http://schemas.microsoft.com/win/2004/08/events/event"
            }
          }
        },
        "name": "User Logoff Event",
        "timestamp": "2025-08-14T12:30:18.709918+00:00",
        "authors": [
          "frack113"
        ],
        "level": "info",
        "source": "sigma",
        "status": "experimental",
        "falsepositives": [
          "Unknown"
        ],
        "id": "0badd08f-c6a3-4630-90d3-6875cca440be",
        "logsource": {
          "product": "windows",
          "service": "security"
        },
        "references": [
          "https://github.com/Yamato-Security/EnableWindowsLogSettings/blob/7f6d755d45ac7cc9fc35b0cbf498e6aa4ef19def/ConfiguringSecurityLogAuditPolicies.md",
          "https://learn.microsoft.com/en-us/previous-versions/windows/it-pro/windows-10/security/threat-protection/auditing/event-4634",
          "https://learn.microsoft.com/en-us/previous-versions/windows/it-pro/windows-10/security/threat-protection/auditing/event-4647"
        ],
        "tags": [
          "attack.impact",
          "attack.t1531"
        ]
      },
      "matched_conditions": [],
      "time": null
    },
    {
      "rule_title": "Unknown",
      "rule_id": "0badd08f-c6a3-4630-90d3-6875cca440be",
      "level": "info",
      "file": "sigma",
      "event": {
        "group": "Sigma",
        "kind": "individual",
        "document": {
          "kind": "evtx",
          "path": "C:\\Users\\SKA580~1.BAT\\AppData\\Local\\Temp\\tmp1hg5atjf\\evtx\\Security.evtx",
          "data": {
            "Event": {
              "EventData": {
                "TargetUserName": "sk.batsiev",
                "LogonType": 3,
                "TargetUserSid": "S-1-5-21-963789628-1060504924-4285088085-1001",
                "TargetDomainName": "DESKTOP-OFJ6N53",
                "TargetLogonId": "0xd61ad20"
              },
              "System": {
                "EventID": 4634,
                "Level": 0,
                "Provider_attributes": {
                  "Name": "Microsoft-Windows-Security-Auditing",
                  "Guid": "54849625-5478-4994-A5BA-3E3B0328C30D"
                },
                "Version": 0,
                "Task": 12545,
                "Opcode": 0,
                "TimeCreated_attributes": {
                  "SystemTime": "2025-08-14T13:35:10.384206Z"
                },
                "Execution_attributes": {
                  "ProcessID": 772,
                  "ThreadID": 384
                },
                "Correlation": null,
                "Keywords": "0x8020000000000000",
                "EventRecordID": 1083861,
                "Channel": "Security",
                "Computer": "DESKTOP-OFJ6N53",
                "Security": null
              }
            },
            "Event_attributes": {
              "xmlns": "http://schemas.microsoft.com/win/2004/08/events/event"
            }
          }
        },
        "name": "User Logoff Event",
        "timestamp": "2025-08-14T13:35:10.384206+00:00",
        "authors": [
          "frack113"
        ],
        "level": "info",
        "source": "sigma",
        "status": "experimental",
        "falsepositives": [
          "Unknown"
        ],
        "id": "0badd08f-c6a3-4630-90d3-6875cca440be",
        "logsource": {
          "product": "windows",
          "service": "security"
        },
        "references": [
          "https://github.com/Yamato-Security/EnableWindowsLogSettings/blob/7f6d755d45ac7cc9fc35b0cbf498e6aa4ef19def/ConfiguringSecurityLogAuditPolicies.md",
          "https://learn.microsoft.com/en-us/previous-versions/windows/it-pro/windows-10/security/threat-protection/auditing/event-4634",
          "https://learn.microsoft.com/en-us/previous-versions/windows/it-pro/windows-10/security/threat-protection/auditing/event-4647"
        ],
        "tags": [
          "attack.impact",
          "attack.t1531"
        ]
      },
      "matched_conditions": [],
      "time": null
    },
    {
      "rule_title": "Unknown",
      "rule_id": "0badd08f-c6a3-4630-90d3-6875cca440be",
      "level": "info",
      "file": "sigma",
      "event": {
        "group": "Sigma",
        "kind": "individual",
        "document": {
          "kind": "evtx",
          "path": "C:\\Users\\SKA580~1.BAT\\AppData\\Local\\Temp\\tmp1hg5atjf\\evtx\\Security.evtx",
          "data": {
            "Event": {
              "EventData": {
                "TargetUserName": "sk.batsiev",
                "LogonType": 7,
                "TargetUserSid": "S-1-5-21-963789628-1060504924-4285088085-1001",
                "TargetDomainName": "DESKTOP-OFJ6N53",
                "TargetLogonId": "0xe6a449f"
              },
              "System": {
                "EventID": 4634,
                "Level": 0,
                "Provider_attributes": {
                  "Name": "Microsoft-Windows-Security-Auditing",
                  "Guid": "54849625-5478-4994-A5BA-3E3B0328C30D"
                },
                "Version": 0,
                "Task": 12545,
                "Opcode": 0,
                "TimeCreated_attributes": {
                  "SystemTime": "2025-08-14T13:44:06.248674Z"
                },
                "Execution_attributes": {
                  "ProcessID": 772,
                  "ThreadID": 468
                },
                "Correlation": null,
                "Keywords": "0x8020000000000000",
                "EventRecordID": 1083880,
                "Channel": "Security",
                "Computer": "DESKTOP-OFJ6N53",
                "Security": null
              }
            },
            "Event_attributes": {
              "xmlns": "http://schemas.microsoft.com/win/2004/08/events/event"
            }
          }
        },
        "name": "User Logoff Event",
        "timestamp": "2025-08-14T13:44:06.248674+00:00",
        "authors": [
          "frack113"
        ],
        "level": "info",
        "source": "sigma",
        "status": "experimental",
        "falsepositives": [
          "Unknown"
        ],
        "id": "0badd08f-c6a3-4630-90d3-6875cca440be",
        "logsource": {
          "product": "windows",
          "service": "security"
        },
        "references": [
          "https://github.com/Yamato-Security/EnableWindowsLogSettings/blob/7f6d755d45ac7cc9fc35b0cbf498e6aa4ef19def/ConfiguringSecurityLogAuditPolicies.md",
          "https://learn.microsoft.com/en-us/previous-versions/windows/it-pro/windows-10/security/threat-protection/auditing/event-4634",
          "https://learn.microsoft.com/en-us/previous-versions/windows/it-pro/windows-10/security/threat-protection/auditing/event-4647"
        ],
        "tags": [
          "attack.impact",
          "attack.t1531"
        ]
      },
      "matched_conditions": [],
      "time": null
    },
    {
      "rule_title": "Unknown",
      "rule_id": "0badd08f-c6a3-4630-90d3-6875cca440be",
      "level": "info",
      "file": "sigma",
      "event": {
        "group": "Sigma",
        "kind": "individual",
        "document": {
          "kind": "evtx",
          "path": "C:\\Users\\SKA580~1.BAT\\AppData\\Local\\Temp\\tmp1hg5atjf\\evtx\\Security.evtx",
          "data": {
            "Event": {
              "EventData": {
                "TargetUserName": "sk.batsiev",
                "LogonType": 7,
                "TargetUserSid": "S-1-5-21-963789628-1060504924-4285088085-1001",
                "TargetDomainName": "DESKTOP-OFJ6N53",
                "TargetLogonId": "0xe6a43e7"
              },
              "System": {
                "EventID": 4634,
                "Level": 0,
                "Provider_attributes": {
                  "Name": "Microsoft-Windows-Security-Auditing",
                  "Guid": "54849625-5478-4994-A5BA-3E3B0328C30D"
                },
                "Version": 0,
                "Task": 12545,
                "Opcode": 0,
                "TimeCreated_attributes": {
                  "SystemTime": "2025-08-14T13:44:06.248739Z"
                },
                "Execution_attributes": {
                  "ProcessID": 772,
                  "ThreadID": 468
                },
                "Correlation": null,
                "Keywords": "0x8020000000000000",
                "EventRecordID": 1083881,
                "Channel": "Security",
                "Computer": "DESKTOP-OFJ6N53",
                "Security": null
              }
            },
            "Event_attributes": {
              "xmlns": "http://schemas.microsoft.com/win/2004/08/events/event"
            }
          }
        },
        "name": "User Logoff Event",
        "timestamp": "2025-08-14T13:44:06.248739+00:00",
        "authors": [
          "frack113"
        ],
        "level": "info",
        "source": "sigma",
        "status": "experimental",
        "falsepositives": [
          "Unknown"
        ],
        "id": "0badd08f-c6a3-4630-90d3-6875cca440be",
        "logsource": {
          "product": "windows",
          "service": "security"
        },
        "references": [
          "https://github.com/Yamato-Security/EnableWindowsLogSettings/blob/7f6d755d45ac7cc9fc35b0cbf498e6aa4ef19def/ConfiguringSecurityLogAuditPolicies.md",
          "https://learn.microsoft.com/en-us/previous-versions/windows/it-pro/windows-10/security/threat-protection/auditing/event-4634",
          "https://learn.microsoft.com/en-us/previous-versions/windows/it-pro/windows-10/security/threat-protection/auditing/event-4647"
        ],
        "tags": [
          "attack.impact",
          "attack.t1531"
        ]
      },
      "matched_conditions": [],
      "time": null
    },
    {
      "rule_title": "Unknown",
      "rule_id": "0badd08f-c6a3-4630-90d3-6875cca440be",
      "level": "info",
      "file": "sigma",
      "event": {
        "group": "Sigma",
        "kind": "individual",
        "document": {
          "kind": "evtx",
          "path": "C:\\Users\\SKA580~1.BAT\\AppData\\Local\\Temp\\tmp1hg5atjf\\evtx\\Security.evtx",
          "data": {
            "Event": {
              "EventData": {
                "TargetUserName": "sk.batsiev",
                "LogonType": 3,
                "TargetUserSid": "S-1-5-21-963789628-1060504924-4285088085-1001",
                "TargetDomainName": "DESKTOP-OFJ6N53",
                "TargetLogonId": "0xe69c131"
              },
              "System": {
                "EventID": 4634,
                "Level": 0,
                "Provider_attributes": {
                  "Name": "Microsoft-Windows-Security-Auditing",
                  "Guid": "54849625-5478-4994-A5BA-3E3B0328C30D"
                },
                "Version": 0,
                "Task": 12545,
                "Opcode": 0,
                "TimeCreated_attributes": {
                  "SystemTime": "2025-08-14T15:11:09.277495Z"
                },
                "Execution_attributes": {
                  "ProcessID": 772,
                  "ThreadID": 6620
                },
                "Correlation": null,
                "Keywords": "0x8020000000000000",
                "EventRecordID": 1083993,
                "Channel": "Security",
                "Computer": "DESKTOP-OFJ6N53",
                "Security": null
              }
            },
            "Event_attributes": {
              "xmlns": "http://schemas.microsoft.com/win/2004/08/events/event"
            }
          }
        },
        "name": "User Logoff Event",
        "timestamp": "2025-08-14T15:11:09.277495+00:00",
        "authors": [
          "frack113"
        ],
        "level": "info",
        "source": "sigma",
        "status": "experimental",
        "falsepositives": [
          "Unknown"
        ],
        "id": "0badd08f-c6a3-4630-90d3-6875cca440be",
        "logsource": {
          "product": "windows",
          "service": "security"
        },
        "references": [
          "https://github.com/Yamato-Security/EnableWindowsLogSettings/blob/7f6d755d45ac7cc9fc35b0cbf498e6aa4ef19def/ConfiguringSecurityLogAuditPolicies.md",
          "https://learn.microsoft.com/en-us/previous-versions/windows/it-pro/windows-10/security/threat-protection/auditing/event-4634",
          "https://learn.microsoft.com/en-us/previous-versions/windows/it-pro/windows-10/security/threat-protection/auditing/event-4647"
        ],
        "tags": [
          "attack.impact",
          "attack.t1531"
        ]
      },
      "matched_conditions": [],
      "time": null
    },
    {
      "rule_title": "Unknown",
      "rule_id": "0badd08f-c6a3-4630-90d3-6875cca440be",
      "level": "info",
      "file": "sigma",
      "event": {
        "group": "Sigma",
        "kind": "individual",
        "document": {
          "kind": "evtx",
          "path": "C:\\Users\\SKA580~1.BAT\\AppData\\Local\\Temp\\tmp1hg5atjf\\evtx\\Security.evtx",
          "data": {
            "Event": {
              "EventData": {
                "TargetUserName": "sk.batsiev",
                "LogonType": 7,
                "TargetUserSid": "S-1-5-21-963789628-1060504924-4285088085-1001",
                "TargetDomainName": "DESKTOP-OFJ6N53",
                "TargetLogonId": "0x1820203a"
              },
              "System": {
                "EventID": 4634,
                "Level": 0,
                "Provider_attributes": {
                  "Name": "Microsoft-Windows-Security-Auditing",
                  "Guid": "54849625-5478-4994-A5BA-3E3B0328C30D"
                },
                "Version": 0,
                "Task": 12545,
                "Opcode": 0,
                "TimeCreated_attributes": {
                  "SystemTime": "2025-08-15T07:28:07.984933Z"
                },
                "Execution_attributes": {
                  "ProcessID": 772,
                  "ThreadID": 6108
                },
                "Correlation": null,
                "Keywords": "0x8020000000000000",
                "EventRecordID": 1084255,
                "Channel": "Security",
                "Computer": "DESKTOP-OFJ6N53",
                "Security": null
              }
            },
            "Event_attributes": {
              "xmlns": "http://schemas.microsoft.com/win/2004/08/events/event"
            }
          }
        },
        "name": "User Logoff Event",
        "timestamp": "2025-08-15T07:28:07.984933+00:00",
        "authors": [
          "frack113"
        ],
        "level": "info",
        "source": "sigma",
        "status": "experimental",
        "falsepositives": [
          "Unknown"
        ],
        "id": "0badd08f-c6a3-4630-90d3-6875cca440be",
        "logsource": {
          "product": "windows",
          "service": "security"
        },
        "references": [
          "https://github.com/Yamato-Security/EnableWindowsLogSettings/blob/7f6d755d45ac7cc9fc35b0cbf498e6aa4ef19def/ConfiguringSecurityLogAuditPolicies.md",
          "https://learn.microsoft.com/en-us/previous-versions/windows/it-pro/windows-10/security/threat-protection/auditing/event-4634",
          "https://learn.microsoft.com/en-us/previous-versions/windows/it-pro/windows-10/security/threat-protection/auditing/event-4647"
        ],
        "tags": [
          "attack.impact",
          "attack.t1531"
        ]
      },
      "matched_conditions": [],
      "time": null
    },
    {
      "rule_title": "Unknown",
      "rule_id": "0badd08f-c6a3-4630-90d3-6875cca440be",
      "level": "info",
      "file": "sigma",
      "event": {
        "group": "Sigma",
        "kind": "individual",
        "document": {
          "kind": "evtx",
          "path": "C:\\Users\\SKA580~1.BAT\\AppData\\Local\\Temp\\tmp1hg5atjf\\evtx\\Security.evtx",
          "data": {
            "Event": {
              "EventData": {
                "TargetUserName": "sk.batsiev",
                "LogonType": 7,
                "TargetUserSid": "S-1-5-21-963789628-1060504924-4285088085-1001",
                "TargetDomainName": "DESKTOP-OFJ6N53",
                "TargetLogonId": "0x18201b77"
              },
              "System": {
                "EventID": 4634,
                "Level": 0,
                "Provider_attributes": {
                  "Name": "Microsoft-Windows-Security-Auditing",
                  "Guid": "54849625-5478-4994-A5BA-3E3B0328C30D"
                },
                "Version": 0,
                "Task": 12545,
                "Opcode": 0,
                "TimeCreated_attributes": {
                  "SystemTime": "2025-08-15T07:28:07.985020Z"
                },
                "Execution_attributes": {
                  "ProcessID": 772,
                  "ThreadID": 6108
                },
                "Correlation": null,
                "Keywords": "0x8020000000000000",
                "EventRecordID": 1084256,
                "Channel": "Security",
                "Computer": "DESKTOP-OFJ6N53",
                "Security": null
              }
            },
            "Event_attributes": {
              "xmlns": "http://schemas.microsoft.com/win/2004/08/events/event"
            }
          }
        },
        "name": "User Logoff Event",
        "timestamp": "2025-08-15T07:28:07.985020+00:00",
        "authors": [
          "frack113"
        ],
        "level": "info",
        "source": "sigma",
        "status": "experimental",
        "falsepositives": [
          "Unknown"
        ],
        "id": "0badd08f-c6a3-4630-90d3-6875cca440be",
        "logsource": {
          "product": "windows",
          "service": "security"
        },
        "references": [
          "https://github.com/Yamato-Security/EnableWindowsLogSettings/blob/7f6d755d45ac7cc9fc35b0cbf498e6aa4ef19def/ConfiguringSecurityLogAuditPolicies.md",
          "https://learn.microsoft.com/en-us/previous-versions/windows/it-pro/windows-10/security/threat-protection/auditing/event-4634",
          "https://learn.microsoft.com/en-us/previous-versions/windows/it-pro/windows-10/security/threat-protection/auditing/event-4647"
        ],
        "tags": [
          "attack.impact",
          "attack.t1531"
        ]
      },
      "matched_conditions": [],
      "time": null
    },
