    {
      "rule_title": "Unknown",
      "rule_id": "0badd08f-c6a3-4630-90d3-6875cca440be",
      "level": "info",
      "file": "sigma",
      "event": {
        "group": "Sigma",
        "kind": "individual",
        "document": {
          "kind": "evtx",
          "path": "C:\\Users\\SKA580~1.BAT\\AppData\\Local\\Temp\\tmp1hg5atjf\\evtx\\Security.evtx",
          "data": {
            "Event": {
              "EventData": {
                "TargetUserName": "sk.batsiev",
                "LogonType": 3,
                "TargetUserSid": "S-1-5-21-963789628-1060504924-4285088085-1001",
                "TargetDomainName": "DESKTOP-OFJ6N53",
                "TargetLogonId": "0x224c0a70"
              },
              "System": {
                "EventID": 4634,
                "Level": 0,
                "Provider_attributes": {
                  "Name": "Microsoft-Windows-Security-Auditing",
                  "Guid": "54849625-5478-4994-A5BA-3E3B0328C30D"
                },
                "Version": 0,
                "Task": 12545,
                "Opcode": 0,
                "TimeCreated_attributes": {
                  "SystemTime": "2025-08-25T15:56:45.609788Z"
                },
                "Execution_attributes": {
                  "ProcessID": 776,
                  "ThreadID": 13288
                },
                "Correlation": null,
                "Keywords": "0x8020000000000000",
                "EventRecordID": 1092597,
                "Channel": "Security",
                "Computer": "DESKTOP-OFJ6N53",
                "Security": null
              }
            },
            "Event_attributes": {
              "xmlns": "http://schemas.microsoft.com/win/2004/08/events/event"
            }
          }
        },
        "name": "User Logoff Event",
        "timestamp": "2025-08-25T15:56:45.609788+00:00",
        "authors": [
          "frack113"
        ],
        "level": "info",
        "source": "sigma",
        "status": "experimental",
        "falsepositives": [
          "Unknown"
        ],
        "id": "0badd08f-c6a3-4630-90d3-6875cca440be",
        "logsource": {
          "product": "windows",
          "service": "security"
        },
        "references": [
          "https://github.com/Yamato-Security/EnableWindowsLogSettings/blob/7f6d755d45ac7cc9fc35b0cbf498e6aa4ef19def/ConfiguringSecurityLogAuditPolicies.md",
          "https://learn.microsoft.com/en-us/previous-versions/windows/it-pro/windows-10/security/threat-protection/auditing/event-4634",
          "https://learn.microsoft.com/en-us/previous-versions/windows/it-pro/windows-10/security/threat-protection/auditing/event-4647"
        ],
        "tags": [
          "attack.impact",
          "attack.t1531"
        ]
      },
      "matched_conditions": [],
      "time": null
    },
    {
      "rule_title": "Unknown",
      "rule_id": "0badd08f-c6a3-4630-90d3-6875cca440be",
      "level": "info",
      "file": "sigma",
      "event": {
        "group": "Sigma",
        "kind": "individual",
        "document": {
          "kind": "evtx",
          "path": "C:\\Users\\SKA580~1.BAT\\AppData\\Local\\Temp\\tmp1hg5atjf\\evtx\\Security.evtx",
          "data": {
            "Event": {
              "EventData": {
                "TargetUserName": "sk.batsiev",
                "LogonType": 7,
                "TargetUserSid": "S-1-5-21-963789628-1060504924-4285088085-1001",
                "TargetDomainName": "DESKTOP-OFJ6N53",
                "TargetLogonId": "0x22584873"
              },
              "System": {
                "EventID": 4634,
                "Level": 0,
                "Provider_attributes": {
                  "Name": "Microsoft-Windows-Security-Auditing",
                  "Guid": "54849625-5478-4994-A5BA-3E3B0328C30D"
                },
                "Version": 0,
                "Task": 12545,
                "Opcode": 0,
                "TimeCreated_attributes": {
                  "SystemTime": "2025-08-25T15:57:42.336748Z"
                },
                "Execution_attributes": {
                  "ProcessID": 776,
                  "ThreadID": 3408
                },
                "Correlation": null,
                "Keywords": "0x8020000000000000",
                "EventRecordID": 1092610,
                "Channel": "Security",
                "Computer": "DESKTOP-OFJ6N53",
                "Security": null
              }
            },
            "Event_attributes": {
              "xmlns": "http://schemas.microsoft.com/win/2004/08/events/event"
            }
          }
        },
        "name": "User Logoff Event",
        "timestamp": "2025-08-25T15:57:42.336748+00:00",
        "authors": [
          "frack113"
        ],
        "level": "info",
        "source": "sigma",
        "status": "experimental",
        "falsepositives": [
          "Unknown"
        ],
        "id": "0badd08f-c6a3-4630-90d3-6875cca440be",
        "logsource": {
          "product": "windows",
          "service": "security"
        },
        "references": [
          "https://github.com/Yamato-Security/EnableWindowsLogSettings/blob/7f6d755d45ac7cc9fc35b0cbf498e6aa4ef19def/ConfiguringSecurityLogAuditPolicies.md",
          "https://learn.microsoft.com/en-us/previous-versions/windows/it-pro/windows-10/security/threat-protection/auditing/event-4634",
          "https://learn.microsoft.com/en-us/previous-versions/windows/it-pro/windows-10/security/threat-protection/auditing/event-4647"
        ],
        "tags": [
          "attack.impact",
          "attack.t1531"
        ]
      },
      "matched_conditions": [],
      "time": null
    },
    {
      "rule_title": "Unknown",
      "rule_id": "0badd08f-c6a3-4630-90d3-6875cca440be",
      "level": "info",
      "file": "sigma",
      "event": {
        "group": "Sigma",
        "kind": "individual",
        "document": {
          "kind": "evtx",
          "path": "C:\\Users\\SKA580~1.BAT\\AppData\\Local\\Temp\\tmp1hg5atjf\\evtx\\Security.evtx",
          "data": {
            "Event": {
              "EventData": {
                "TargetUserName": "sk.batsiev",
                "LogonType": 7,
                "TargetUserSid": "S-1-5-21-963789628-1060504924-4285088085-1001",
                "TargetDomainName": "DESKTOP-OFJ6N53",
                "TargetLogonId": "0x225847af"
              },
              "System": {
                "EventID": 4634,
                "Level": 0,
                "Provider_attributes": {
                  "Name": "Microsoft-Windows-Security-Auditing",
                  "Guid": "54849625-5478-4994-A5BA-3E3B0328C30D"
                },
                "Version": 0,
                "Task": 12545,
                "Opcode": 0,
                "TimeCreated_attributes": {
                  "SystemTime": "2025-08-25T15:57:42.336808Z"
                },
                "Execution_attributes": {
                  "ProcessID": 776,
                  "ThreadID": 3408
                },
                "Correlation": null,
                "Keywords": "0x8020000000000000",
                "EventRecordID": 1092611,
                "Channel": "Security",
                "Computer": "DESKTOP-OFJ6N53",
                "Security": null
              }
            },
            "Event_attributes": {
              "xmlns": "http://schemas.microsoft.com/win/2004/08/events/event"
            }
          }
        },
        "name": "User Logoff Event",
        "timestamp": "2025-08-25T15:57:42.336808+00:00",
        "authors": [
          "frack113"
        ],
        "level": "info",
        "source": "sigma",
        "status": "experimental",
        "falsepositives": [
          "Unknown"
        ],
        "id": "0badd08f-c6a3-4630-90d3-6875cca440be",
        "logsource": {
          "product": "windows",
          "service": "security"
        },
        "references": [
          "https://github.com/Yamato-Security/EnableWindowsLogSettings/blob/7f6d755d45ac7cc9fc35b0cbf498e6aa4ef19def/ConfiguringSecurityLogAuditPolicies.md",
          "https://learn.microsoft.com/en-us/previous-versions/windows/it-pro/windows-10/security/threat-protection/auditing/event-4634",
          "https://learn.microsoft.com/en-us/previous-versions/windows/it-pro/windows-10/security/threat-protection/auditing/event-4647"
        ],
        "tags": [
          "attack.impact",
          "attack.t1531"
        ]
      },
      "matched_conditions": [],
      "time": null
    },
    {
      "rule_title": "Unknown",
      "rule_id": "0badd08f-c6a3-4630-90d3-6875cca440be",
      "level": "info",
      "file": "sigma",
      "event": {
        "group": "Sigma",
        "kind": "individual",
        "document": {
          "kind": "evtx",
          "path": "C:\\Users\\SKA580~1.BAT\\AppData\\Local\\Temp\\tmp1hg5atjf\\evtx\\Security.evtx",
          "data": {
            "Event": {
              "EventData": {
                "TargetUserName": "sk.batsiev",
                "LogonType": 3,
                "TargetUserSid": "S-1-5-21-963789628-1060504924-4285088085-1001",
                "TargetDomainName": "DESKTOP-OFJ6N53",
                "TargetLogonId": "0x2257b05b"
              },
              "System": {
                "EventID": 4634,
                "Level": 0,
                "Provider_attributes": {
                  "Name": "Microsoft-Windows-Security-Auditing",
                  "Guid": "54849625-5478-4994-A5BA-3E3B0328C30D"
                },
                "Version": 0,
                "Task": 12545,
                "Opcode": 0,
                "TimeCreated_attributes": {
                  "SystemTime": "2025-08-25T16:02:21.301467Z"
                },
                "Execution_attributes": {
                  "ProcessID": 776,
                  "ThreadID": 13548
                },
                "Correlation": null,
                "Keywords": "0x8020000000000000",
                "EventRecordID": 1092613,
                "Channel": "Security",
                "Computer": "DESKTOP-OFJ6N53",
                "Security": null
              }
            },
            "Event_attributes": {
              "xmlns": "http://schemas.microsoft.com/win/2004/08/events/event"
            }
          }
        },
        "name": "User Logoff Event",
        "timestamp": "2025-08-25T16:02:21.301467+00:00",
        "authors": [
          "frack113"
        ],
        "level": "info",
        "source": "sigma",
        "status": "experimental",
        "falsepositives": [
          "Unknown"
        ],
        "id": "0badd08f-c6a3-4630-90d3-6875cca440be",
        "logsource": {
          "product": "windows",
          "service": "security"
        },
        "references": [
          "https://github.com/Yamato-Security/EnableWindowsLogSettings/blob/7f6d755d45ac7cc9fc35b0cbf498e6aa4ef19def/ConfiguringSecurityLogAuditPolicies.md",
          "https://learn.microsoft.com/en-us/previous-versions/windows/it-pro/windows-10/security/threat-protection/auditing/event-4634",
          "https://learn.microsoft.com/en-us/previous-versions/windows/it-pro/windows-10/security/threat-protection/auditing/event-4647"
        ],
        "tags": [
          "attack.impact",
          "attack.t1531"
        ]
      },
      "matched_conditions": [],
      "time": null
    },
    {
      "rule_title": "Unknown",
      "rule_id": "0badd08f-c6a3-4630-90d3-6875cca440be",
      "level": "info",
      "file": "sigma",
      "event": {
        "group": "Sigma",
        "kind": "individual",
        "document": {
          "kind": "evtx",
          "path": "C:\\Users\\SKA580~1.BAT\\AppData\\Local\\Temp\\tmp1hg5atjf\\evtx\\Security.evtx",
          "data": {
            "Event": {
              "EventData": {
                "TargetUserName": "sk.batsiev",
                "LogonType": 7,
                "TargetUserSid": "S-1-5-21-963789628-1060504924-4285088085-1001",
                "TargetDomainName": "DESKTOP-OFJ6N53",
                "TargetLogonId": "0x22a134ff"
              },
              "System": {
                "EventID": 4634,
                "Level": 0,
                "Provider_attributes": {
                  "Name": "Microsoft-Windows-Security-Auditing",
                  "Guid": "54849625-5478-4994-A5BA-3E3B0328C30D"
                },
                "Version": 0,
                "Task": 12545,
                "Opcode": 0,
                "TimeCreated_attributes": {
                  "SystemTime": "2025-08-25T16:17:00.467010Z"
                },
                "Execution_attributes": {
                  "ProcessID": 776,
                  "ThreadID": 856
                },
                "Correlation": null,
                "Keywords": "0x8020000000000000",
                "EventRecordID": 1092637,
                "Channel": "Security",
                "Computer": "DESKTOP-OFJ6N53",
                "Security": null
              }
            },
            "Event_attributes": {
              "xmlns": "http://schemas.microsoft.com/win/2004/08/events/event"
            }
          }
        },
        "name": "User Logoff Event",
        "timestamp": "2025-08-25T16:17:00.467010+00:00",
        "authors": [
          "frack113"
        ],
        "level": "info",
        "source": "sigma",
        "status": "experimental",
        "falsepositives": [
          "Unknown"
        ],
        "id": "0badd08f-c6a3-4630-90d3-6875cca440be",
        "logsource": {
          "product": "windows",
          "service": "security"
        },
        "references": [
          "https://github.com/Yamato-Security/EnableWindowsLogSettings/blob/7f6d755d45ac7cc9fc35b0cbf498e6aa4ef19def/ConfiguringSecurityLogAuditPolicies.md",
          "https://learn.microsoft.com/en-us/previous-versions/windows/it-pro/windows-10/security/threat-protection/auditing/event-4634",
          "https://learn.microsoft.com/en-us/previous-versions/windows/it-pro/windows-10/security/threat-protection/auditing/event-4647"
        ],
        "tags": [
          "attack.impact",
          "attack.t1531"
        ]
      },
      "matched_conditions": [],
      "time": null
    },
    {
      "rule_title": "Unknown",
      "rule_id": "0badd08f-c6a3-4630-90d3-6875cca440be",
      "level": "info",
      "file": "sigma",
      "event": {
        "group": "Sigma",
        "kind": "individual",
        "document": {
          "kind": "evtx",
          "path": "C:\\Users\\SKA580~1.BAT\\AppData\\Local\\Temp\\tmp1hg5atjf\\evtx\\Security.evtx",
          "data": {
            "Event": {
              "EventData": {
                "TargetUserName": "sk.batsiev",
                "LogonType": 7,
                "TargetUserSid": "S-1-5-21-963789628-1060504924-4285088085-1001",
                "TargetDomainName": "DESKTOP-OFJ6N53",
                "TargetLogonId": "0x22a12e70"
              },
              "System": {
                "EventID": 4634,
                "Level": 0,
                "Provider_attributes": {
                  "Name": "Microsoft-Windows-Security-Auditing",
                  "Guid": "54849625-5478-4994-A5BA-3E3B0328C30D"
                },
                "Version": 0,
                "Task": 12545,
                "Opcode": 0,
                "TimeCreated_attributes": {
                  "SystemTime": "2025-08-25T16:17:00.467081Z"
                },
                "Execution_attributes": {
                  "ProcessID": 776,
                  "ThreadID": 13404
                },
                "Correlation": null,
                "Keywords": "0x8020000000000000",
                "EventRecordID": 1092638,
                "Channel": "Security",
                "Computer": "DESKTOP-OFJ6N53",
                "Security": null
              }
            },
            "Event_attributes": {
              "xmlns": "http://schemas.microsoft.com/win/2004/08/events/event"
            }
          }
        },
        "name": "User Logoff Event",
        "timestamp": "2025-08-25T16:17:00.467081+00:00",
        "authors": [
          "frack113"
        ],
        "level": "info",
        "source": "sigma",
        "status": "experimental",
        "falsepositives": [
          "Unknown"
        ],
        "id": "0badd08f-c6a3-4630-90d3-6875cca440be",
        "logsource": {
          "product": "windows",
          "service": "security"
        },
        "references": [
          "https://github.com/Yamato-Security/EnableWindowsLogSettings/blob/7f6d755d45ac7cc9fc35b0cbf498e6aa4ef19def/ConfiguringSecurityLogAuditPolicies.md",
          "https://learn.microsoft.com/en-us/previous-versions/windows/it-pro/windows-10/security/threat-protection/auditing/event-4634",
          "https://learn.microsoft.com/en-us/previous-versions/windows/it-pro/windows-10/security/threat-protection/auditing/event-4647"
        ],
        "tags": [
          "attack.impact",
          "attack.t1531"
        ]
      },
      "matched_conditions": [],
      "time": null
    },
    {
      "rule_title": "Unknown",
      "rule_id": "0badd08f-c6a3-4630-90d3-6875cca440be",
      "level": "info",
      "file": "sigma",
      "event": {
        "group": "Sigma",
        "kind": "individual",
        "document": {
          "kind": "evtx",
          "path": "C:\\Users\\SKA580~1.BAT\\AppData\\Local\\Temp\\tmp1hg5atjf\\evtx\\Security.evtx",
          "data": {
            "Event": {
              "EventData": {
                "TargetUserName": "sk.batsiev",
                "LogonType": 3,
                "TargetUserSid": "S-1-5-21-963789628-1060504924-4285088085-1001",
                "TargetDomainName": "DESKTOP-OFJ6N53",
                "TargetLogonId": "0x22a0717d"
              },
              "System": {
                "EventID": 4634,
                "Level": 0,
                "Provider_attributes": {
                  "Name": "Microsoft-Windows-Security-Auditing",
                  "Guid": "54849625-5478-4994-A5BA-3E3B0328C30D"
                },
                "Version": 0,
                "Task": 12545,
                "Opcode": 0,
                "TimeCreated_attributes": {
                  "SystemTime": "2025-08-25T16:51:44.035337Z"
                },
                "Execution_attributes": {
                  "ProcessID": 776,
                  "ThreadID": 13336
                },
                "Correlation": null,
                "Keywords": "0x8020000000000000",
                "EventRecordID": 1092661,
                "Channel": "Security",
                "Computer": "DESKTOP-OFJ6N53",
                "Security": null
              }
            },
            "Event_attributes": {
              "xmlns": "http://schemas.microsoft.com/win/2004/08/events/event"
            }
          }
        },
        "name": "User Logoff Event",
        "timestamp": "2025-08-25T16:51:44.035337+00:00",
        "authors": [
          "frack113"
        ],
        "level": "info",
        "source": "sigma",
        "status": "experimental",
        "falsepositives": [
          "Unknown"
        ],
        "id": "0badd08f-c6a3-4630-90d3-6875cca440be",
        "logsource": {
          "product": "windows",
          "service": "security"
        },
        "references": [
          "https://github.com/Yamato-Security/EnableWindowsLogSettings/blob/7f6d755d45ac7cc9fc35b0cbf498e6aa4ef19def/ConfiguringSecurityLogAuditPolicies.md",
          "https://learn.microsoft.com/en-us/previous-versions/windows/it-pro/windows-10/security/threat-protection/auditing/event-4634",
          "https://learn.microsoft.com/en-us/previous-versions/windows/it-pro/windows-10/security/threat-protection/auditing/event-4647"
        ],
        "tags": [
          "attack.impact",
          "attack.t1531"
        ]
      },
      "matched_conditions": [],
      "time": null
    },
    {
      "rule_title": "Unknown",
      "rule_id": "0badd08f-c6a3-4630-90d3-6875cca440be",
      "level": "info",
      "file": "sigma",
      "event": {
        "group": "Sigma",
        "kind": "individual",
        "document": {
          "kind": "evtx",
          "path": "C:\\Users\\SKA580~1.BAT\\AppData\\Local\\Temp\\tmp1hg5atjf\\evtx\\Security.evtx",
          "data": {
            "Event": {
              "EventData": {
                "TargetUserName": "sk.batsiev",
                "LogonType": 3,
                "TargetUserSid": "S-1-5-21-963789628-1060504924-4285088085-1001",
                "TargetDomainName": "DESKTOP-OFJ6N53",
                "TargetLogonId": "0x239ec9c8"
              },
              "System": {
                "EventID": 4634,
                "Level": 0,
                "Provider_attributes": {
                  "Name": "Microsoft-Windows-Security-Auditing",
                  "Guid": "54849625-5478-4994-A5BA-3E3B0328C30D"
                },
                "Version": 0,
                "Task": 12545,
                "Opcode": 0,
                "TimeCreated_attributes": {
                  "SystemTime": "2025-08-25T17:32:24.039018Z"
                },
                "Execution_attributes": {
                  "ProcessID": 776,
                  "ThreadID": 13348
                },
                "Correlation": null,
                "Keywords": "0x8020000000000000",
                "EventRecordID": 1092677,
                "Channel": "Security",
                "Computer": "DESKTOP-OFJ6N53",
                "Security": null
              }
            },
            "Event_attributes": {
              "xmlns": "http://schemas.microsoft.com/win/2004/08/events/event"
            }
          }
        },
        "name": "User Logoff Event",
        "timestamp": "2025-08-25T17:32:24.039018+00:00",
        "authors": [
          "frack113"
        ],
        "level": "info",
        "source": "sigma",
        "status": "experimental",
        "falsepositives": [
          "Unknown"
        ],
        "id": "0badd08f-c6a3-4630-90d3-6875cca440be",
        "logsource": {
          "product": "windows",
          "service": "security"
        },
        "references": [
          "https://github.com/Yamato-Security/EnableWindowsLogSettings/blob/7f6d755d45ac7cc9fc35b0cbf498e6aa4ef19def/ConfiguringSecurityLogAuditPolicies.md",
          "https://learn.microsoft.com/en-us/previous-versions/windows/it-pro/windows-10/security/threat-protection/auditing/event-4634",
          "https://learn.microsoft.com/en-us/previous-versions/windows/it-pro/windows-10/security/threat-protection/auditing/event-4647"
        ],
        "tags": [
          "attack.impact",
          "attack.t1531"
        ]
      },
      "matched_conditions": [],
      "time": null
    },
    {
      "rule_title": "Unknown",
      "rule_id": "0badd08f-c6a3-4630-90d3-6875cca440be",
      "level": "info",
      "file": "sigma",
      "event": {
        "group": "Sigma",
        "kind": "individual",
        "document": {
          "kind": "evtx",
          "path": "C:\\Users\\SKA580~1.BAT\\AppData\\Local\\Temp\\tmp1hg5atjf\\evtx\\Security.evtx",
          "data": {
            "Event": {
              "EventData": {
                "TargetUserName": "sk.batsiev",
                "LogonType": 7,
                "TargetUserSid": "S-1-5-21-963789628-1060504924-4285088085-1001",
                "TargetDomainName": "DESKTOP-OFJ6N53",
                "TargetLogonId": "0x239f94d1"
              },
              "System": {
                "EventID": 4634,
                "Level": 0,
                "Provider_attributes": {
                  "Name": "Microsoft-Windows-Security-Auditing",
                  "Guid": "54849625-5478-4994-A5BA-3E3B0328C30D"
                },
                "Version": 0,
                "Task": 12545,
                "Opcode": 0,
                "TimeCreated_attributes": {
                  "SystemTime": "2025-08-25T17:32:28.556533Z"
                },
                "Execution_attributes": {
                  "ProcessID": 776,
                  "ThreadID": 13348
                },
                "Correlation": null,
                "Keywords": "0x8020000000000000",
                "EventRecordID": 1092697,
                "Channel": "Security",
                "Computer": "DESKTOP-OFJ6N53",
                "Security": null
              }
            },
            "Event_attributes": {
              "xmlns": "http://schemas.microsoft.com/win/2004/08/events/event"
            }
          }
        },
        "name": "User Logoff Event",
        "timestamp": "2025-08-25T17:32:28.556533+00:00",
        "authors": [
          "frack113"
        ],
        "level": "info",
        "source": "sigma",
        "status": "experimental",
        "falsepositives": [
          "Unknown"
        ],
        "id": "0badd08f-c6a3-4630-90d3-6875cca440be",
        "logsource": {
          "product": "windows",
          "service": "security"
        },
        "references": [
          "https://github.com/Yamato-Security/EnableWindowsLogSettings/blob/7f6d755d45ac7cc9fc35b0cbf498e6aa4ef19def/ConfiguringSecurityLogAuditPolicies.md",
          "https://learn.microsoft.com/en-us/previous-versions/windows/it-pro/windows-10/security/threat-protection/auditing/event-4634",
          "https://learn.microsoft.com/en-us/previous-versions/windows/it-pro/windows-10/security/threat-protection/auditing/event-4647"
        ],
        "tags": [
          "attack.impact",
          "attack.t1531"
        ]
      },
      "matched_conditions": [],
      "time": null
    },
    {
      "rule_title": "Unknown",
      "rule_id": "0badd08f-c6a3-4630-90d3-6875cca440be",
      "level": "info",
      "file": "sigma",
      "event": {
        "group": "Sigma",
        "kind": "individual",
        "document": {
          "kind": "evtx",
          "path": "C:\\Users\\SKA580~1.BAT\\AppData\\Local\\Temp\\tmp1hg5atjf\\evtx\\Security.evtx",
          "data": {
            "Event": {
              "EventData": {
                "TargetUserName": "sk.batsiev",
                "LogonType": 7,
                "TargetUserSid": "S-1-5-21-963789628-1060504924-4285088085-1001",
                "TargetDomainName": "DESKTOP-OFJ6N53",
                "TargetLogonId": "0x239f8feb"
              },
              "System": {
                "EventID": 4634,
                "Level": 0,
                "Provider_attributes": {
                  "Name": "Microsoft-Windows-Security-Auditing",
                  "Guid": "54849625-5478-4994-A5BA-3E3B0328C30D"
                },
                "Version": 0,
                "Task": 12545,
                "Opcode": 0,
                "TimeCreated_attributes": {
                  "SystemTime": "2025-08-25T17:32:28.556628Z"
                },
                "Execution_attributes": {
                  "ProcessID": 776,
                  "ThreadID": 856
                },
                "Correlation": null,
                "Keywords": "0x8020000000000000",
                "EventRecordID": 1092698,
                "Channel": "Security",
                "Computer": "DESKTOP-OFJ6N53",
                "Security": null
              }
            },
            "Event_attributes": {
              "xmlns": "http://schemas.microsoft.com/win/2004/08/events/event"
            }
          }
        },
        "name": "User Logoff Event",
        "timestamp": "2025-08-25T17:32:28.556628+00:00",
        "authors": [
          "frack113"
        ],
        "level": "info",
        "source": "sigma",
        "status": "experimental",
        "falsepositives": [
          "Unknown"
        ],
        "id": "0badd08f-c6a3-4630-90d3-6875cca440be",
        "logsource": {
          "product": "windows",
          "service": "security"
        },
        "references": [
          "https://github.com/Yamato-Security/EnableWindowsLogSettings/blob/7f6d755d45ac7cc9fc35b0cbf498e6aa4ef19def/ConfiguringSecurityLogAuditPolicies.md",
          "https://learn.microsoft.com/en-us/previous-versions/windows/it-pro/windows-10/security/threat-protection/auditing/event-4634",
          "https://learn.microsoft.com/en-us/previous-versions/windows/it-pro/windows-10/security/threat-protection/auditing/event-4647"
        ],
        "tags": [
          "attack.impact",
          "attack.t1531"
        ]
      },
      "matched_conditions": [],
      "time": null
    },
    {
      "rule_title": "Unknown",
      "rule_id": "0badd08f-c6a3-4630-90d3-6875cca440be",
      "level": "info",
      "file": "sigma",
      "event": {
        "group": "Sigma",
        "kind": "individual",
        "document": {
          "kind": "evtx",
          "path": "C:\\Users\\SKA580~1.BAT\\AppData\\Local\\Temp\\tmp1hg5atjf\\evtx\\Security.evtx",
          "data": {
            "Event": {
              "EventData": {
                "TargetUserName": "sk.batsiev",
                "LogonType": 3,
                "TargetUserSid": "S-1-5-21-963789628-1060504924-4285088085-1001",
                "TargetDomainName": "DESKTOP-OFJ6N53",
                "TargetLogonId": "0x239ecaef"
              },
              "System": {
                "EventID": 4634,
                "Level": 0,
                "Provider_attributes": {
                  "Name": "Microsoft-Windows-Security-Auditing",
                  "Guid": "54849625-5478-4994-A5BA-3E3B0328C30D"
                },
                "Version": 0,
                "Task": 12545,
                "Opcode": 0,
                "TimeCreated_attributes": {
                  "SystemTime": "2025-08-25T20:25:22.069161Z"
                },
                "Execution_attributes": {
                  "ProcessID": 776,
                  "ThreadID": 8896
                },
                "Correlation": null,
                "Keywords": "0x8020000000000000",
                "EventRecordID": 1092765,
                "Channel": "Security",
                "Computer": "DESKTOP-OFJ6N53",
                "Security": null
              }
            },
            "Event_attributes": {
              "xmlns": "http://schemas.microsoft.com/win/2004/08/events/event"
            }
          }
        },
        "name": "User Logoff Event",
        "timestamp": "2025-08-25T20:25:22.069161+00:00",
        "authors": [
          "frack113"
        ],
        "level": "info",
        "source": "sigma",
        "status": "experimental",
        "falsepositives": [
          "Unknown"
        ],
        "id": "0badd08f-c6a3-4630-90d3-6875cca440be",
        "logsource": {
          "product": "windows",
          "service": "security"
        },
        "references": [
          "https://github.com/Yamato-Security/EnableWindowsLogSettings/blob/7f6d755d45ac7cc9fc35b0cbf498e6aa4ef19def/ConfiguringSecurityLogAuditPolicies.md",
          "https://learn.microsoft.com/en-us/previous-versions/windows/it-pro/windows-10/security/threat-protection/auditing/event-4634",
          "https://learn.microsoft.com/en-us/previous-versions/windows/it-pro/windows-10/security/threat-protection/auditing/event-4647"
        ],
        "tags": [
          "attack.impact",
          "attack.t1531"
        ]
      },
      "matched_conditions": [],
      "time": null
    },
    {
      "rule_title": "Unknown",
      "rule_id": "0badd08f-c6a3-4630-90d3-6875cca440be",
      "level": "info",
      "file": "sigma",
      "event": {
        "group": "Sigma",
        "kind": "individual",
        "document": {
          "kind": "evtx",
          "path": "C:\\Users\\SKA580~1.BAT\\AppData\\Local\\Temp\\tmp1hg5atjf\\evtx\\Security.evtx",
          "data": {
            "Event": {
              "EventData": {
                "TargetUserName": "sk.batsiev",
                "LogonType": 3,
                "TargetUserSid": "S-1-5-21-963789628-1060504924-4285088085-1001",
                "TargetDomainName": "DESKTOP-OFJ6N53",
                "TargetLogonId": "0x25f24551"
              },
              "System": {
                "EventID": 4634,
                "Level": 0,
                "Provider_attributes": {
                  "Name": "Microsoft-Windows-Security-Auditing",
                  "Guid": "54849625-5478-4994-A5BA-3E3B0328C30D"
                },
                "Version": 0,
                "Task": 12545,
                "Opcode": 0,
                "TimeCreated_attributes": {
                  "SystemTime": "2025-08-25T21:06:21.757942Z"
                },
                "Execution_attributes": {
                  "ProcessID": 776,
                  "ThreadID": 13884
                },
                "Correlation": null,
                "Keywords": "0x8020000000000000",
                "EventRecordID": 1092852,
                "Channel": "Security",
                "Computer": "DESKTOP-OFJ6N53",
                "Security": null
              }
            },
            "Event_attributes": {
              "xmlns": "http://schemas.microsoft.com/win/2004/08/events/event"
            }
          }
        },
        "name": "User Logoff Event",
        "timestamp": "2025-08-25T21:06:21.757942+00:00",
        "authors": [
          "frack113"
        ],
        "level": "info",
        "source": "sigma",
        "status": "experimental",
        "falsepositives": [
          "Unknown"
        ],
        "id": "0badd08f-c6a3-4630-90d3-6875cca440be",
        "logsource": {
          "product": "windows",
          "service": "security"
        },
        "references": [
          "https://github.com/Yamato-Security/EnableWindowsLogSettings/blob/7f6d755d45ac7cc9fc35b0cbf498e6aa4ef19def/ConfiguringSecurityLogAuditPolicies.md",
          "https://learn.microsoft.com/en-us/previous-versions/windows/it-pro/windows-10/security/threat-protection/auditing/event-4634",
          "https://learn.microsoft.com/en-us/previous-versions/windows/it-pro/windows-10/security/threat-protection/auditing/event-4647"
        ],
        "tags": [
          "attack.impact",
          "attack.t1531"
        ]
      },
      "matched_conditions": [],
      "time": null
    },
    {
      "rule_title": "Unknown",
      "rule_id": "0badd08f-c6a3-4630-90d3-6875cca440be",
      "level": "info",
      "file": "sigma",
      "event": {
        "group": "Sigma",
        "kind": "individual",
        "document": {
          "kind": "evtx",
          "path": "C:\\Users\\SKA580~1.BAT\\AppData\\Local\\Temp\\tmp1hg5atjf\\evtx\\Security.evtx",
          "data": {
            "Event": {
              "EventData": {
                "TargetUserName": "sk.batsiev",
                "LogonType": 7,
                "TargetUserSid": "S-1-5-21-963789628-1060504924-4285088085-1001",
                "TargetDomainName": "DESKTOP-OFJ6N53",
                "TargetLogonId": "0x2e0ade0c"
              },
              "System": {
                "EventID": 4634,
                "Level": 0,
                "Provider_attributes": {
                  "Name": "Microsoft-Windows-Security-Auditing",
                  "Guid": "54849625-5478-4994-A5BA-3E3B0328C30D"
                },
                "Version": 0,
                "Task": 12545,
                "Opcode": 0,
                "TimeCreated_attributes": {
                  "SystemTime": "2025-08-26T07:07:45.204514Z"
                },
                "Execution_attributes": {
                  "ProcessID": 776,
                  "ThreadID": 8924
                },
                "Correlation": null,
                "Keywords": "0x8020000000000000",
                "EventRecordID": 1093052,
                "Channel": "Security",
                "Computer": "DESKTOP-OFJ6N53",
                "Security": null
              }
            },
            "Event_attributes": {
              "xmlns": "http://schemas.microsoft.com/win/2004/08/events/event"
            }
          }
        },
        "name": "User Logoff Event",
        "timestamp": "2025-08-26T07:07:45.204514+00:00",
        "authors": [
          "frack113"
        ],
        "level": "info",
        "source": "sigma",
        "status": "experimental",
        "falsepositives": [
          "Unknown"
        ],
        "id": "0badd08f-c6a3-4630-90d3-6875cca440be",
        "logsource": {
          "product": "windows",
          "service": "security"
        },
        "references": [
          "https://github.com/Yamato-Security/EnableWindowsLogSettings/blob/7f6d755d45ac7cc9fc35b0cbf498e6aa4ef19def/ConfiguringSecurityLogAuditPolicies.md",
          "https://learn.microsoft.com/en-us/previous-versions/windows/it-pro/windows-10/security/threat-protection/auditing/event-4634",
          "https://learn.microsoft.com/en-us/previous-versions/windows/it-pro/windows-10/security/threat-protection/auditing/event-4647"
        ],
        "tags": [
          "attack.impact",
          "attack.t1531"
        ]
      },
      "matched_conditions": [],
      "time": null
    },
    {
      "rule_title": "Unknown",
      "rule_id": "0badd08f-c6a3-4630-90d3-6875cca440be",
      "level": "info",
      "file": "sigma",
      "event": {
        "group": "Sigma",
        "kind": "individual",
        "document": {
          "kind": "evtx",
          "path": "C:\\Users\\SKA580~1.BAT\\AppData\\Local\\Temp\\tmp1hg5atjf\\evtx\\Security.evtx",
          "data": {
            "Event": {
              "EventData": {
                "TargetUserName": "sk.batsiev",
                "LogonType": 7,
                "TargetUserSid": "S-1-5-21-963789628-1060504924-4285088085-1001",
                "TargetDomainName": "DESKTOP-OFJ6N53",
                "TargetLogonId": "0x2e0addba"
              },
              "System": {
                "EventID": 4634,
                "Level": 0,
                "Provider_attributes": {
                  "Name": "Microsoft-Windows-Security-Auditing",
                  "Guid": "54849625-5478-4994-A5BA-3E3B0328C30D"
                },
                "Version": 0,
                "Task": 12545,
                "Opcode": 0,
                "TimeCreated_attributes": {
                  "SystemTime": "2025-08-26T07:07:45.204578Z"
                },
                "Execution_attributes": {
                  "ProcessID": 776,
                  "ThreadID": 9756
                },
                "Correlation": null,
                "Keywords": "0x8020000000000000",
                "EventRecordID": 1093053,
                "Channel": "Security",
                "Computer": "DESKTOP-OFJ6N53",
                "Security": null
              }
            },
            "Event_attributes": {
              "xmlns": "http://schemas.microsoft.com/win/2004/08/events/event"
            }
          }
        },
        "name": "User Logoff Event",
        "timestamp": "2025-08-26T07:07:45.204578+00:00",
        "authors": [
          "frack113"
        ],
        "level": "info",
        "source": "sigma",
        "status": "experimental",
        "falsepositives": [
          "Unknown"
        ],
        "id": "0badd08f-c6a3-4630-90d3-6875cca440be",
        "logsource": {
          "product": "windows",
          "service": "security"
        },
        "references": [
          "https://github.com/Yamato-Security/EnableWindowsLogSettings/blob/7f6d755d45ac7cc9fc35b0cbf498e6aa4ef19def/ConfiguringSecurityLogAuditPolicies.md",
          "https://learn.microsoft.com/en-us/previous-versions/windows/it-pro/windows-10/security/threat-protection/auditing/event-4634",
          "https://learn.microsoft.com/en-us/previous-versions/windows/it-pro/windows-10/security/threat-protection/auditing/event-4647"
        ],
        "tags": [
          "attack.impact",
          "attack.t1531"
        ]
      },
      "matched_conditions": [],
      "time": null
    },
    {
      "rule_title": "Unknown",
      "rule_id": "0badd08f-c6a3-4630-90d3-6875cca440be",
      "level": "info",
      "file": "sigma",
      "event": {
        "group": "Sigma",
        "kind": "individual",
        "document": {
          "kind": "evtx",
          "path": "C:\\Users\\SKA580~1.BAT\\AppData\\Local\\Temp\\tmp1hg5atjf\\evtx\\Security.evtx",
          "data": {
            "Event": {
              "EventData": {
                "TargetUserName": "sk.batsiev",
                "LogonType": 3,
                "TargetUserSid": "S-1-5-21-963789628-1060504924-4285088085-1001",
                "TargetDomainName": "DESKTOP-OFJ6N53",
                "TargetLogonId": "0x2e0a188e"
              },
              "System": {
                "EventID": 4634,
                "Level": 0,
                "Provider_attributes": {
                  "Name": "Microsoft-Windows-Security-Auditing",
                  "Guid": "54849625-5478-4994-A5BA-3E3B0328C30D"
                },
                "Version": 0,
                "Task": 12545,
                "Opcode": 0,
                "TimeCreated_attributes": {
                  "SystemTime": "2025-08-26T07:12:44.179431Z"
                },
                "Execution_attributes": {
                  "ProcessID": 776,
                  "ThreadID": 8924
                },
                "Correlation": null,
                "Keywords": "0x8020000000000000",
                "EventRecordID": 1093061,
                "Channel": "Security",
                "Computer": "DESKTOP-OFJ6N53",
                "Security": null
              }
            },
            "Event_attributes": {
              "xmlns": "http://schemas.microsoft.com/win/2004/08/events/event"
            }
          }
        },
        "name": "User Logoff Event",
        "timestamp": "2025-08-26T07:12:44.179431+00:00",
        "authors": [
          "frack113"
        ],
        "level": "info",
        "source": "sigma",
        "status": "experimental",
        "falsepositives": [
          "Unknown"
        ],
        "id": "0badd08f-c6a3-4630-90d3-6875cca440be",
        "logsource": {
          "product": "windows",
          "service": "security"
        },
        "references": [
          "https://github.com/Yamato-Security/EnableWindowsLogSettings/blob/7f6d755d45ac7cc9fc35b0cbf498e6aa4ef19def/ConfiguringSecurityLogAuditPolicies.md",
          "https://learn.microsoft.com/en-us/previous-versions/windows/it-pro/windows-10/security/threat-protection/auditing/event-4634",
          "https://learn.microsoft.com/en-us/previous-versions/windows/it-pro/windows-10/security/threat-protection/auditing/event-4647"
        ],
        "tags": [
          "attack.impact",
          "attack.t1531"
        ]
      },
      "matched_conditions": [],
      "time": null
    },
    {
      "rule_title": "Unknown",
      "rule_id": "0badd08f-c6a3-4630-90d3-6875cca440be",
      "level": "info",
      "file": "sigma",
      "event": {
        "group": "Sigma",
        "kind": "individual",
        "document": {
          "kind": "evtx",
          "path": "C:\\Users\\SKA580~1.BAT\\AppData\\Local\\Temp\\tmp1hg5atjf\\evtx\\Security.evtx",
          "data": {
            "Event": {
              "EventData": {
                "TargetUserName": "sk.batsiev",
                "LogonType": 7,
                "TargetUserSid": "S-1-5-21-963789628-1060504924-4285088085-1001",
                "TargetDomainName": "DESKTOP-OFJ6N53",
                "TargetLogonId": "0x2e2e8532"
              },
              "System": {
                "EventID": 4634,
                "Level": 0,
                "Provider_attributes": {
                  "Name": "Microsoft-Windows-Security-Auditing",
                  "Guid": "54849625-5478-4994-A5BA-3E3B0328C30D"
                },
                "Version": 0,
                "Task": 12545,
                "Opcode": 0,
                "TimeCreated_attributes": {
                  "SystemTime": "2025-08-26T07:15:40.981378Z"
                },
                "Execution_attributes": {
                  "ProcessID": 776,
                  "ThreadID": 11424
                },
                "Correlation": null,
                "Keywords": "0x8020000000000000",
                "EventRecordID": 1093076,
                "Channel": "Security",
                "Computer": "DESKTOP-OFJ6N53",
                "Security": null
              }
            },
            "Event_attributes": {
              "xmlns": "http://schemas.microsoft.com/win/2004/08/events/event"
            }
          }
        },
        "name": "User Logoff Event",
        "timestamp": "2025-08-26T07:15:40.981378+00:00",
        "authors": [
          "frack113"
        ],
        "level": "info",
        "source": "sigma",
        "status": "experimental",
        "falsepositives": [
          "Unknown"
        ],
        "id": "0badd08f-c6a3-4630-90d3-6875cca440be",
        "logsource": {
          "product": "windows",
          "service": "security"
        },
        "references": [
          "https://github.com/Yamato-Security/EnableWindowsLogSettings/blob/7f6d755d45ac7cc9fc35b0cbf498e6aa4ef19def/ConfiguringSecurityLogAuditPolicies.md",
          "https://learn.microsoft.com/en-us/previous-versions/windows/it-pro/windows-10/security/threat-protection/auditing/event-4634",
          "https://learn.microsoft.com/en-us/previous-versions/windows/it-pro/windows-10/security/threat-protection/auditing/event-4647"
        ],
        "tags": [
          "attack.impact",
          "attack.t1531"
        ]
      },
      "matched_conditions": [],
      "time": null
    },
    {
      "rule_title": "Unknown",
      "rule_id": "0badd08f-c6a3-4630-90d3-6875cca440be",
      "level": "info",
      "file": "sigma",
      "event": {
        "group": "Sigma",
        "kind": "individual",
        "document": {
          "kind": "evtx",
          "path": "C:\\Users\\SKA580~1.BAT\\AppData\\Local\\Temp\\tmp1hg5atjf\\evtx\\Security.evtx",
          "data": {
            "Event": {
              "EventData": {
                "TargetUserName": "sk.batsiev",
                "LogonType": 7,
                "TargetUserSid": "S-1-5-21-963789628-1060504924-4285088085-1001",
                "TargetDomainName": "DESKTOP-OFJ6N53",
                "TargetLogonId": "0x2e2e80fa"
              },
              "System": {
                "EventID": 4634,
                "Level": 0,
                "Provider_attributes": {
                  "Name": "Microsoft-Windows-Security-Auditing",
                  "Guid": "54849625-5478-4994-A5BA-3E3B0328C30D"
                },
                "Version": 0,
                "Task": 12545,
                "Opcode": 0,
                "TimeCreated_attributes": {
                  "SystemTime": "2025-08-26T07:15:40.981453Z"
                },
                "Execution_attributes": {
                  "ProcessID": 776,
                  "ThreadID": 13964
                },
                "Correlation": null,
                "Keywords": "0x8020000000000000",
                "EventRecordID": 1093077,
                "Channel": "Security",
                "Computer": "DESKTOP-OFJ6N53",
                "Security": null
              }
            },
            "Event_attributes": {
              "xmlns": "http://schemas.microsoft.com/win/2004/08/events/event"
            }
          }
        },
        "name": "User Logoff Event",
        "timestamp": "2025-08-26T07:15:40.981453+00:00",
        "authors": [
          "frack113"
        ],
        "level": "info",
        "source": "sigma",
        "status": "experimental",
        "falsepositives": [
          "Unknown"
        ],
        "id": "0badd08f-c6a3-4630-90d3-6875cca440be",
        "logsource": {
          "product": "windows",
          "service": "security"
        },
        "references": [
          "https://github.com/Yamato-Security/EnableWindowsLogSettings/blob/7f6d755d45ac7cc9fc35b0cbf498e6aa4ef19def/ConfiguringSecurityLogAuditPolicies.md",
          "https://learn.microsoft.com/en-us/previous-versions/windows/it-pro/windows-10/security/threat-protection/auditing/event-4634",
          "https://learn.microsoft.com/en-us/previous-versions/windows/it-pro/windows-10/security/threat-protection/auditing/event-4647"
        ],
        "tags": [
          "attack.impact",
          "attack.t1531"
        ]
      },
      "matched_conditions": [],
      "time": null
    },
