    {
      "rule_title": "Unknown",
      "rule_id": "0badd08f-c6a3-4630-90d3-6875cca440be",
      "level": "info",
      "file": "sigma",
      "event": {
        "group": "Sigma",
        "kind": "individual",
        "document": {
          "kind": "evtx",
          "path": "C:\\Users\\SKA580~1.BAT\\AppData\\Local\\Temp\\tmp1hg5atjf\\evtx\\Security.evtx",
          "data": {
            "Event": {
              "EventData": {
                "TargetUserName": "АНОНИМНЫЙ ВХОД",
                "LogonType": 3,
                "TargetUserSid": "S-1-5-7",
                "TargetDomainName": "NT AUTHORITY",
                "TargetLogonId": "0x4c326a8"
              },
              "System": {
                "EventID": 4634,
                "Level": 0,
                "Provider_attributes": {
                  "Name": "Microsoft-Windows-Security-Auditing",
                  "Guid": "54849625-5478-4994-A5BA-3E3B0328C30D"
                },
                "Version": 0,
                "Task": 12545,
                "Opcode": 0,
                "TimeCreated_attributes": {
                  "SystemTime": "2025-07-25T02:55:43.567776Z"
                },
                "Execution_attributes": {
                  "ProcessID": 788,
                  "ThreadID": 8052
                },
                "Correlation": null,
                "Keywords": "0x8020000000000000",
                "EventRecordID": 1069106,
                "Channel": "Security",
                "Computer": "DESKTOP-OFJ6N53",
                "Security": null
              }
            },
            "Event_attributes": {
              "xmlns": "http://schemas.microsoft.com/win/2004/08/events/event"
            }
          }
        },
        "name": "User Logoff Event",
        "timestamp": "2025-07-25T02:55:43.567776+00:00",
        "authors": [
          "frack113"
        ],
        "level": "info",
        "source": "sigma",
        "status": "experimental",
        "falsepositives": [
          "Unknown"
        ],
        "id": "0badd08f-c6a3-4630-90d3-6875cca440be",
        "logsource": {
          "product": "windows",
          "service": "security"
        },
        "references": [
          "https://github.com/Yamato-Security/EnableWindowsLogSettings/blob/7f6d755d45ac7cc9fc35b0cbf498e6aa4ef19def/ConfiguringSecurityLogAuditPolicies.md",
          "https://learn.microsoft.com/en-us/previous-versions/windows/it-pro/windows-10/security/threat-protection/auditing/event-4634",
          "https://learn.microsoft.com/en-us/previous-versions/windows/it-pro/windows-10/security/threat-protection/auditing/event-4647"
        ],
        "tags": [
          "attack.impact",
          "attack.t1531"
        ]
      },
      "matched_conditions": [],
      "time": null
    },
    {
      "rule_title": "Unknown",
      "rule_id": "2afe6582-e149-11ea-87d0-0242ac130003",
      "level": "info",
      "file": "sigma",
      "event": {
        "group": "Sigma",
        "kind": "individual",
        "document": {
          "kind": "evtx",
          "path": "C:\\Users\\SKA580~1.BAT\\AppData\\Local\\Temp\\tmp1hg5atjf\\evtx\\Microsoft-Windows-Windows Defender_Operational.evtx",
          "data": {
            "Event": {
              "EventData": {
                "Unused4": "",
                "Unused3": "",
                "SID": "S-1-5-18",
                "Unused2": "",
                "Domain": "NT AUTHORITY",
                "Unused": "",
                "User": "СИСТЕМА",
                "Product Version": "4.18.25060.7",
                "Timestamp": "2025-07-10T17:29:47Z",
                "Product Name": "Антивирусная программа Microsoft Defender"
              },
              "System": {
                "EventID": 1013,
                "Level": 4,
                "Provider_attributes": {
                  "Name": "Microsoft-Windows-Windows Defender",
                  "Guid": "11CD958A-C507-4EF3-B3F2-5FD9DFBD2C78"
                },
                "Version": 0,
                "Task": 0,
                "Opcode": 0,
                "TimeCreated_attributes": {
                  "SystemTime": "2025-07-25T17:29:47.486886Z"
                },
                "Execution_attributes": {
                  "ProcessID": 5800,
                  "ThreadID": 7996
                },
                "Correlation": null,
                "Keywords": "0x8000000000000000",
                "Security_attributes": {
                  "UserID": "S-1-5-18"
                },
                "EventRecordID": 53579,
                "Channel": "Microsoft-Windows-Windows Defender/Operational",
                "Computer": "DESKTOP-OFJ6N53"
              }
            },
            "Event_attributes": {
              "xmlns": "http://schemas.microsoft.com/win/2004/08/events/event"
            }
          }
        },
        "name": "Windows Defender Malware Detection History Deletion",
        "timestamp": "2025-07-25T17:29:47.486886+00:00",
        "authors": [
          "Cian Heasley"
        ],
        "level": "info",
        "source": "sigma",
        "status": "experimental",
        "falsepositives": [
          "Deletion of Defender malware detections history for legitimate reasons"
        ],
        "id": "2afe6582-e149-11ea-87d0-0242ac130003",
        "logsource": {
          "product": "windows",
          "service": "windefend"
        },
        "references": [
          "https://learn.microsoft.com/en-us/defender-endpoint/troubleshoot-microsoft-defender-antivirus",
          "https://web.archive.org/web/20160727113019/https://answers.microsoft.com/en-us/protect/forum/mse-protect_scanning/microsoft-antimalware-has-removed-history-of/f15af6c9-01a9-4065-8c6c-3f2bdc7de45e"
        ],
        "tags": [
          "attack.defense-evasion"
        ]
      },
      "matched_conditions": [],
      "time": null
    },
    {
      "rule_title": "Unknown",
      "rule_id": "0badd08f-c6a3-4630-90d3-6875cca440be",
      "level": "info",
      "file": "sigma",
      "event": {
        "group": "Sigma",
        "kind": "individual",
        "document": {
          "kind": "evtx",
          "path": "C:\\Users\\SKA580~1.BAT\\AppData\\Local\\Temp\\tmp1hg5atjf\\evtx\\Security.evtx",
          "data": {
            "Event": {
              "EventData": {
                "TargetUserName": "АНОНИМНЫЙ ВХОД",
                "LogonType": 3,
                "TargetUserSid": "S-1-5-7",
                "TargetDomainName": "NT AUTHORITY",
                "TargetLogonId": "0x13472cc5"
              },
              "System": {
                "EventID": 4634,
                "Level": 0,
                "Provider_attributes": {
                  "Name": "Microsoft-Windows-Security-Auditing",
                  "Guid": "54849625-5478-4994-A5BA-3E3B0328C30D"
                },
                "Version": 0,
                "Task": 12545,
                "Opcode": 0,
                "TimeCreated_attributes": {
                  "SystemTime": "2025-07-25T23:55:30.792165Z"
                },
                "Execution_attributes": {
                  "ProcessID": 788,
                  "ThreadID": 868
                },
                "Correlation": null,
                "Keywords": "0x8020000000000000",
                "EventRecordID": 1069529,
                "Channel": "Security",
                "Computer": "DESKTOP-OFJ6N53",
                "Security": null
              }
            },
            "Event_attributes": {
              "xmlns": "http://schemas.microsoft.com/win/2004/08/events/event"
            }
          }
        },
        "name": "User Logoff Event",
        "timestamp": "2025-07-25T23:55:30.792165+00:00",
        "authors": [
          "frack113"
        ],
        "level": "info",
        "source": "sigma",
        "status": "experimental",
        "falsepositives": [
          "Unknown"
        ],
        "id": "0badd08f-c6a3-4630-90d3-6875cca440be",
        "logsource": {
          "product": "windows",
          "service": "security"
        },
        "references": [
          "https://github.com/Yamato-Security/EnableWindowsLogSettings/blob/7f6d755d45ac7cc9fc35b0cbf498e6aa4ef19def/ConfiguringSecurityLogAuditPolicies.md",
          "https://learn.microsoft.com/en-us/previous-versions/windows/it-pro/windows-10/security/threat-protection/auditing/event-4634",
          "https://learn.microsoft.com/en-us/previous-versions/windows/it-pro/windows-10/security/threat-protection/auditing/event-4647"
        ],
        "tags": [
          "attack.impact",
          "attack.t1531"
        ]
      },
      "matched_conditions": [],
      "time": null
    },
    {
      "rule_title": "Unknown",
      "rule_id": "0badd08f-c6a3-4630-90d3-6875cca440be",
      "level": "info",
      "file": "sigma",
      "event": {
        "group": "Sigma",
        "kind": "individual",
        "document": {
          "kind": "evtx",
          "path": "C:\\Users\\SKA580~1.BAT\\AppData\\Local\\Temp\\tmp1hg5atjf\\evtx\\Security.evtx",
          "data": {
            "Event": {
              "EventData": {
                "TargetUserName": "АНОНИМНЫЙ ВХОД",
                "LogonType": 3,
                "TargetUserSid": "S-1-5-7",
                "TargetDomainName": "NT AUTHORITY",
                "TargetLogonId": "0x2152f820"
              },
              "System": {
                "EventID": 4634,
                "Level": 0,
                "Provider_attributes": {
                  "Name": "Microsoft-Windows-Security-Auditing",
                  "Guid": "54849625-5478-4994-A5BA-3E3B0328C30D"
                },
                "Version": 0,
                "Task": 12545,
                "Opcode": 0,
                "TimeCreated_attributes": {
                  "SystemTime": "2025-07-26T20:55:44.929524Z"
                },
                "Execution_attributes": {
                  "ProcessID": 788,
                  "ThreadID": 1512
                },
                "Correlation": null,
                "Keywords": "0x8020000000000000",
                "EventRecordID": 1069877,
                "Channel": "Security",
                "Computer": "DESKTOP-OFJ6N53",
                "Security": null
              }
            },
            "Event_attributes": {
              "xmlns": "http://schemas.microsoft.com/win/2004/08/events/event"
            }
          }
        },
        "name": "User Logoff Event",
        "timestamp": "2025-07-26T20:55:44.929524+00:00",
        "authors": [
          "frack113"
        ],
        "level": "info",
        "source": "sigma",
        "status": "experimental",
        "falsepositives": [
          "Unknown"
        ],
        "id": "0badd08f-c6a3-4630-90d3-6875cca440be",
        "logsource": {
          "product": "windows",
          "service": "security"
        },
        "references": [
          "https://github.com/Yamato-Security/EnableWindowsLogSettings/blob/7f6d755d45ac7cc9fc35b0cbf498e6aa4ef19def/ConfiguringSecurityLogAuditPolicies.md",
          "https://learn.microsoft.com/en-us/previous-versions/windows/it-pro/windows-10/security/threat-protection/auditing/event-4634",
          "https://learn.microsoft.com/en-us/previous-versions/windows/it-pro/windows-10/security/threat-protection/auditing/event-4647"
        ],
        "tags": [
          "attack.impact",
          "attack.t1531"
        ]
      },
      "matched_conditions": [],
      "time": null
    },
    {
      "rule_title": "Unknown",
      "rule_id": "0badd08f-c6a3-4630-90d3-6875cca440be",
      "level": "info",
      "file": "sigma",
      "event": {
        "group": "Sigma",
        "kind": "individual",
        "document": {
          "kind": "evtx",
          "path": "C:\\Users\\SKA580~1.BAT\\AppData\\Local\\Temp\\tmp1hg5atjf\\evtx\\Security.evtx",
          "data": {
            "Event": {
              "EventData": {
                "TargetUserName": "АНОНИМНЫЙ ВХОД",
                "LogonType": 3,
                "TargetUserSid": "S-1-5-7",
                "TargetDomainName": "NT AUTHORITY",
                "TargetLogonId": "0x25f4baea"
              },
              "System": {
                "EventID": 4634,
                "Level": 0,
                "Provider_attributes": {
                  "Name": "Microsoft-Windows-Security-Auditing",
                  "Guid": "54849625-5478-4994-A5BA-3E3B0328C30D"
                },
                "Version": 0,
                "Task": 12545,
                "Opcode": 0,
                "TimeCreated_attributes": {
                  "SystemTime": "2025-07-27T03:55:45.926156Z"
                },
                "Execution_attributes": {
                  "ProcessID": 788,
                  "ThreadID": 10364
                },
                "Correlation": null,
                "Keywords": "0x8020000000000000",
                "EventRecordID": 1070020,
                "Channel": "Security",
                "Computer": "DESKTOP-OFJ6N53",
                "Security": null
              }
            },
            "Event_attributes": {
              "xmlns": "http://schemas.microsoft.com/win/2004/08/events/event"
            }
          }
        },
        "name": "User Logoff Event",
        "timestamp": "2025-07-27T03:55:45.926156+00:00",
        "authors": [
          "frack113"
        ],
        "level": "info",
        "source": "sigma",
        "status": "experimental",
        "falsepositives": [
          "Unknown"
        ],
        "id": "0badd08f-c6a3-4630-90d3-6875cca440be",
        "logsource": {
          "product": "windows",
          "service": "security"
        },
        "references": [
          "https://github.com/Yamato-Security/EnableWindowsLogSettings/blob/7f6d755d45ac7cc9fc35b0cbf498e6aa4ef19def/ConfiguringSecurityLogAuditPolicies.md",
          "https://learn.microsoft.com/en-us/previous-versions/windows/it-pro/windows-10/security/threat-protection/auditing/event-4634",
          "https://learn.microsoft.com/en-us/previous-versions/windows/it-pro/windows-10/security/threat-protection/auditing/event-4647"
        ],
        "tags": [
          "attack.impact",
          "attack.t1531"
        ]
      },
      "matched_conditions": [],
      "time": null
    },
    {
      "rule_title": "Unknown",
      "rule_id": "13cfeb75-9e33-4d04-b0f7-ab8faaa95a59",
      "level": "info",
      "file": "sigma",
      "event": {
        "group": "Sigma",
        "kind": "individual",
        "document": {
          "kind": "evtx",
          "path": "C:\\Users\\SKA580~1.BAT\\AppData\\Local\\Temp\\tmp1hg5atjf\\evtx\\System.evtx",
          "data": {
            "Event": {
              "EventData": {
                "updateRevisionNumber": 1,
                "errorCode": "0x80073d02",
                "updateTitle": "9NMPJ99VJBWV-Microsoft.YourPhone",
                "updateGuid": "51EF0E01-B1BE-41C3-A302-92340E258087",
                "serviceGuid": "855E8A7C-ECB4-4CA3-B045-1DFA50104289"
              },
              "System": {
                "EventID": 20,
                "Level": 2,
                "Provider_attributes": {
                  "Name": "Microsoft-Windows-WindowsUpdateClient",
                  "Guid": "945A8954-C147-4ACD-923F-40C45405A658"
                },
                "Version": 1,
                "Task": 1,
                "Opcode": 13,
                "TimeCreated_attributes": {
                  "SystemTime": "2025-07-27T09:30:38.969120Z"
                },
                "Execution_attributes": {
                  "ProcessID": 1964,
                  "ThreadID": 1168
                },
                "Security_attributes": {
                  "UserID": "S-1-5-18"
                },
                "Keywords": "0x8000000000000028",
                "Correlation_attributes": {
                  "ActivityID": "086B94AF-FCE2-0003-839A-6D08E2FCDB01"
                },
                "EventRecordID": 2092707,
                "Channel": "System",
                "Computer": "DESKTOP-OFJ6N53"
              }
            },
            "Event_attributes": {
              "xmlns": "http://schemas.microsoft.com/win/2004/08/events/event"
            }
          }
        },
        "name": "Windows Update Error",
        "timestamp": "2025-07-27T09:30:38.969120+00:00",
        "authors": [
          "frack113"
        ],
        "level": "info",
        "source": "sigma",
        "status": "stable",
        "falsepositives": [
          "Unknown"
        ],
        "id": "13cfeb75-9e33-4d04-b0f7-ab8faaa95a59",
        "logsource": {
          "product": "windows",
          "service": "system"
        },
        "references": [
          "https://github.com/nasbench/EVTX-ETW-Resources/blob/f1b010ce0ee1b71e3024180de1a3e67f99701fe4/ETWProvidersManifests/Windows10/1903/W10_1903_Pro_20200714_18362.959/WEPExplorer/Microsoft-Windows-WindowsUpdateClient.xml"
        ],
        "tags": [
          "attack.impact",
          "attack.resource-development",
          "attack.t1584"
        ]
      },
      "matched_conditions": [],
      "time": null
    },
    {
      "rule_title": "Unknown",
      "rule_id": "13cfeb75-9e33-4d04-b0f7-ab8faaa95a59",
      "level": "info",
      "file": "sigma",
      "event": {
        "group": "Sigma",
        "kind": "individual",
        "document": {
          "kind": "evtx",
          "path": "C:\\Users\\SKA580~1.BAT\\AppData\\Local\\Temp\\tmp1hg5atjf\\evtx\\System.evtx",
          "data": {
            "Event": {
              "EventData": {
                "updateRevisionNumber": 1,
                "errorCode": "0x80073d02",
                "updateTitle": "9NMPJ99VJBWV-Microsoft.YourPhone",
                "updateGuid": "51EF0E01-B1BE-41C3-A302-92340E258087",
                "serviceGuid": "855E8A7C-ECB4-4CA3-B045-1DFA50104289"
              },
              "System": {
                "EventID": 20,
                "Level": 2,
                "Provider_attributes": {
                  "Name": "Microsoft-Windows-WindowsUpdateClient",
                  "Guid": "945A8954-C147-4ACD-923F-40C45405A658"
                },
                "Version": 1,
                "Task": 1,
                "Opcode": 13,
                "TimeCreated_attributes": {
                  "SystemTime": "2025-07-27T10:50:55.992568Z"
                },
                "Execution_attributes": {
                  "ProcessID": 4300,
                  "ThreadID": 7912
                },
                "Security_attributes": {
                  "UserID": "S-1-5-18"
                },
                "Keywords": "0x8000000000000028",
                "Correlation_attributes": {
                  "ActivityID": "086B94AF-FCE2-0000-29AA-6D08E2FCDB01"
                },
                "EventRecordID": 2092712,
                "Channel": "System",
                "Computer": "DESKTOP-OFJ6N53"
              }
            },
            "Event_attributes": {
              "xmlns": "http://schemas.microsoft.com/win/2004/08/events/event"
            }
          }
        },
        "name": "Windows Update Error",
        "timestamp": "2025-07-27T10:50:55.992568+00:00",
        "authors": [
          "frack113"
        ],
        "level": "info",
        "source": "sigma",
        "status": "stable",
        "falsepositives": [
          "Unknown"
        ],
        "id": "13cfeb75-9e33-4d04-b0f7-ab8faaa95a59",
        "logsource": {
          "product": "windows",
          "service": "system"
        },
        "references": [
          "https://github.com/nasbench/EVTX-ETW-Resources/blob/f1b010ce0ee1b71e3024180de1a3e67f99701fe4/ETWProvidersManifests/Windows10/1903/W10_1903_Pro_20200714_18362.959/WEPExplorer/Microsoft-Windows-WindowsUpdateClient.xml"
        ],
        "tags": [
          "attack.impact",
          "attack.resource-development",
          "attack.t1584"
        ]
      },
      "matched_conditions": [],
      "time": null
    },
    {
      "rule_title": "Unknown",
      "rule_id": "0badd08f-c6a3-4630-90d3-6875cca440be",
      "level": "info",
      "file": "sigma",
      "event": {
        "group": "Sigma",
        "kind": "individual",
        "document": {
          "kind": "evtx",
          "path": "C:\\Users\\SKA580~1.BAT\\AppData\\Local\\Temp\\tmp1hg5atjf\\evtx\\Security.evtx",
          "data": {
            "Event": {
              "EventData": {
                "TargetUserName": "АНОНИМНЫЙ ВХОД",
                "LogonType": 3,
                "TargetUserSid": "S-1-5-7",
                "TargetDomainName": "NT AUTHORITY",
                "TargetLogonId": "0x2f3d9f7e"
              },
              "System": {
                "EventID": 4634,
                "Level": 0,
                "Provider_attributes": {
                  "Name": "Microsoft-Windows-Security-Auditing",
                  "Guid": "54849625-5478-4994-A5BA-3E3B0328C30D"
                },
                "Version": 0,
                "Task": 12545,
                "Opcode": 0,
                "TimeCreated_attributes": {
                  "SystemTime": "2025-07-27T17:55:48.524566Z"
                },
                "Execution_attributes": {
                  "ProcessID": 788,
                  "ThreadID": 1584
                },
                "Correlation": null,
                "Keywords": "0x8020000000000000",
                "EventRecordID": 1070325,
                "Channel": "Security",
                "Computer": "DESKTOP-OFJ6N53",
                "Security": null
              }
            },
            "Event_attributes": {
              "xmlns": "http://schemas.microsoft.com/win/2004/08/events/event"
            }
          }
        },
        "name": "User Logoff Event",
        "timestamp": "2025-07-27T17:55:48.524566+00:00",
        "authors": [
          "frack113"
        ],
        "level": "info",
        "source": "sigma",
        "status": "experimental",
        "falsepositives": [
          "Unknown"
        ],
        "id": "0badd08f-c6a3-4630-90d3-6875cca440be",
        "logsource": {
          "product": "windows",
          "service": "security"
        },
        "references": [
          "https://github.com/Yamato-Security/EnableWindowsLogSettings/blob/7f6d755d45ac7cc9fc35b0cbf498e6aa4ef19def/ConfiguringSecurityLogAuditPolicies.md",
          "https://learn.microsoft.com/en-us/previous-versions/windows/it-pro/windows-10/security/threat-protection/auditing/event-4634",
          "https://learn.microsoft.com/en-us/previous-versions/windows/it-pro/windows-10/security/threat-protection/auditing/event-4647"
        ],
        "tags": [
          "attack.impact",
          "attack.t1531"
        ]
      },
      "matched_conditions": [],
      "time": null
    },
    {
      "rule_title": "Unknown",
      "rule_id": "0badd08f-c6a3-4630-90d3-6875cca440be",
      "level": "info",
      "file": "sigma",
      "event": {
        "group": "Sigma",
        "kind": "individual",
        "document": {
          "kind": "evtx",
          "path": "C:\\Users\\SKA580~1.BAT\\AppData\\Local\\Temp\\tmp1hg5atjf\\evtx\\Security.evtx",
          "data": {
            "Event": {
              "EventData": {
                "TargetUserName": "АНОНИМНЫЙ ВХОД",
                "LogonType": 3,
                "TargetUserSid": "S-1-5-7",
                "TargetDomainName": "NT AUTHORITY",
                "TargetLogonId": "0x3e824af3"
              },
              "System": {
                "EventID": 4634,
                "Level": 0,
                "Provider_attributes": {
                  "Name": "Microsoft-Windows-Security-Auditing",
                  "Guid": "54849625-5478-4994-A5BA-3E3B0328C30D"
                },
                "Version": 0,
                "Task": 12545,
                "Opcode": 0,
                "TimeCreated_attributes": {
                  "SystemTime": "2025-07-28T15:20:27.570842Z"
                },
                "Execution_attributes": {
                  "ProcessID": 788,
                  "ThreadID": 12916
                },
                "Correlation": null,
                "Keywords": "0x8020000000000000",
                "EventRecordID": 1070709,
                "Channel": "Security",
                "Computer": "DESKTOP-OFJ6N53",
                "Security": null
              }
            },
            "Event_attributes": {
              "xmlns": "http://schemas.microsoft.com/win/2004/08/events/event"
            }
          }
        },
        "name": "User Logoff Event",
        "timestamp": "2025-07-28T15:20:27.570842+00:00",
        "authors": [
          "frack113"
        ],
        "level": "info",
        "source": "sigma",
        "status": "experimental",
        "falsepositives": [
          "Unknown"
        ],
        "id": "0badd08f-c6a3-4630-90d3-6875cca440be",
        "logsource": {
          "product": "windows",
          "service": "security"
        },
        "references": [
          "https://github.com/Yamato-Security/EnableWindowsLogSettings/blob/7f6d755d45ac7cc9fc35b0cbf498e6aa4ef19def/ConfiguringSecurityLogAuditPolicies.md",
          "https://learn.microsoft.com/en-us/previous-versions/windows/it-pro/windows-10/security/threat-protection/auditing/event-4634",
          "https://learn.microsoft.com/en-us/previous-versions/windows/it-pro/windows-10/security/threat-protection/auditing/event-4647"
        ],
        "tags": [
          "attack.impact",
          "attack.t1531"
        ]
      },
      "matched_conditions": [],
      "time": null
    },
    {
      "rule_title": "Unknown",
      "rule_id": "0badd08f-c6a3-4630-90d3-6875cca440be",
      "level": "info",
      "file": "sigma",
      "event": {
        "group": "Sigma",
        "kind": "individual",
        "document": {
          "kind": "evtx",
          "path": "C:\\Users\\SKA580~1.BAT\\AppData\\Local\\Temp\\tmp1hg5atjf\\evtx\\Security.evtx",
          "data": {
            "Event": {
              "EventData": {
                "TargetUserName": "sk.batsiev",
                "LogonType": 3,
                "TargetUserSid": "S-1-5-21-963789628-1060504924-4285088085-1001",
                "TargetDomainName": "DESKTOP-OFJ6N53",
                "TargetLogonId": "0x500ce8ee"
              },
              "System": {
                "EventID": 4634,
                "Level": 0,
                "Provider_attributes": {
                  "Name": "Microsoft-Windows-Security-Auditing",
                  "Guid": "54849625-5478-4994-A5BA-3E3B0328C30D"
                },
                "Version": 0,
                "Task": 12545,
                "Opcode": 0,
                "TimeCreated_attributes": {
                  "SystemTime": "2025-07-29T11:33:47.279303Z"
                },
                "Execution_attributes": {
                  "ProcessID": 788,
                  "ThreadID": 868
                },
                "Correlation": null,
                "Keywords": "0x8020000000000000",
                "EventRecordID": 1071131,
                "Channel": "Security",
                "Computer": "DESKTOP-OFJ6N53",
                "Security": null
              }
            },
            "Event_attributes": {
              "xmlns": "http://schemas.microsoft.com/win/2004/08/events/event"
            }
          }
        },
        "name": "User Logoff Event",
        "timestamp": "2025-07-29T11:33:47.279303+00:00",
        "authors": [
          "frack113"
        ],
        "level": "info",
        "source": "sigma",
        "status": "experimental",
        "falsepositives": [
          "Unknown"
        ],
        "id": "0badd08f-c6a3-4630-90d3-6875cca440be",
        "logsource": {
          "product": "windows",
          "service": "security"
        },
        "references": [
          "https://github.com/Yamato-Security/EnableWindowsLogSettings/blob/7f6d755d45ac7cc9fc35b0cbf498e6aa4ef19def/ConfiguringSecurityLogAuditPolicies.md",
          "https://learn.microsoft.com/en-us/previous-versions/windows/it-pro/windows-10/security/threat-protection/auditing/event-4634",
          "https://learn.microsoft.com/en-us/previous-versions/windows/it-pro/windows-10/security/threat-protection/auditing/event-4647"
        ],
        "tags": [
          "attack.impact",
          "attack.t1531"
        ]
      },
      "matched_conditions": [],
      "time": null
    },
    {
      "rule_title": "Unknown",
      "rule_id": "0badd08f-c6a3-4630-90d3-6875cca440be",
      "level": "info",
      "file": "sigma",
      "event": {
        "group": "Sigma",
        "kind": "individual",
        "document": {
          "kind": "evtx",
          "path": "C:\\Users\\SKA580~1.BAT\\AppData\\Local\\Temp\\tmp1hg5atjf\\evtx\\Security.evtx",
          "data": {
            "Event": {
              "EventData": {
                "TargetUserName": "sk.batsiev",
                "LogonType": 7,
                "TargetUserSid": "S-1-5-21-963789628-1060504924-4285088085-1001",
                "TargetDomainName": "DESKTOP-OFJ6N53",
                "TargetLogonId": "0x500de0de"
              },
              "System": {
                "EventID": 4634,
                "Level": 0,
                "Provider_attributes": {
                  "Name": "Microsoft-Windows-Security-Auditing",
                  "Guid": "54849625-5478-4994-A5BA-3E3B0328C30D"
                },
                "Version": 0,
                "Task": 12545,
                "Opcode": 0,
                "TimeCreated_attributes": {
                  "SystemTime": "2025-07-29T11:33:50.566724Z"
                },
                "Execution_attributes": {
                  "ProcessID": 788,
                  "ThreadID": 11972
                },
                "Correlation": null,
                "Keywords": "0x8020000000000000",
                "EventRecordID": 1071151,
                "Channel": "Security",
                "Computer": "DESKTOP-OFJ6N53",
                "Security": null
              }
            },
            "Event_attributes": {
              "xmlns": "http://schemas.microsoft.com/win/2004/08/events/event"
            }
          }
        },
        "name": "User Logoff Event",
        "timestamp": "2025-07-29T11:33:50.566724+00:00",
        "authors": [
          "frack113"
        ],
        "level": "info",
        "source": "sigma",
        "status": "experimental",
        "falsepositives": [
          "Unknown"
        ],
        "id": "0badd08f-c6a3-4630-90d3-6875cca440be",
        "logsource": {
          "product": "windows",
          "service": "security"
        },
        "references": [
          "https://github.com/Yamato-Security/EnableWindowsLogSettings/blob/7f6d755d45ac7cc9fc35b0cbf498e6aa4ef19def/ConfiguringSecurityLogAuditPolicies.md",
          "https://learn.microsoft.com/en-us/previous-versions/windows/it-pro/windows-10/security/threat-protection/auditing/event-4634",
          "https://learn.microsoft.com/en-us/previous-versions/windows/it-pro/windows-10/security/threat-protection/auditing/event-4647"
        ],
        "tags": [
          "attack.impact",
          "attack.t1531"
        ]
      },
      "matched_conditions": [],
      "time": null
    },
    {
      "rule_title": "Unknown",
      "rule_id": "0badd08f-c6a3-4630-90d3-6875cca440be",
      "level": "info",
      "file": "sigma",
      "event": {
        "group": "Sigma",
        "kind": "individual",
        "document": {
          "kind": "evtx",
          "path": "C:\\Users\\SKA580~1.BAT\\AppData\\Local\\Temp\\tmp1hg5atjf\\evtx\\Security.evtx",
          "data": {
            "Event": {
              "EventData": {
                "TargetUserName": "sk.batsiev",
                "LogonType": 7,
                "TargetUserSid": "S-1-5-21-963789628-1060504924-4285088085-1001",
                "TargetDomainName": "DESKTOP-OFJ6N53",
                "TargetLogonId": "0x500dd19b"
              },
              "System": {
                "EventID": 4634,
                "Level": 0,
                "Provider_attributes": {
                  "Name": "Microsoft-Windows-Security-Auditing",
                  "Guid": "54849625-5478-4994-A5BA-3E3B0328C30D"
                },
                "Version": 0,
                "Task": 12545,
                "Opcode": 0,
                "TimeCreated_attributes": {
                  "SystemTime": "2025-07-29T11:33:50.566791Z"
                },
                "Execution_attributes": {
                  "ProcessID": 788,
                  "ThreadID": 11972
                },
                "Correlation": null,
                "Keywords": "0x8020000000000000",
                "EventRecordID": 1071152,
                "Channel": "Security",
                "Computer": "DESKTOP-OFJ6N53",
                "Security": null
              }
            },
            "Event_attributes": {
              "xmlns": "http://schemas.microsoft.com/win/2004/08/events/event"
            }
          }
        },
        "name": "User Logoff Event",
        "timestamp": "2025-07-29T11:33:50.566791+00:00",
        "authors": [
          "frack113"
        ],
        "level": "info",
        "source": "sigma",
        "status": "experimental",
        "falsepositives": [
          "Unknown"
        ],
        "id": "0badd08f-c6a3-4630-90d3-6875cca440be",
        "logsource": {
          "product": "windows",
          "service": "security"
        },
        "references": [
          "https://github.com/Yamato-Security/EnableWindowsLogSettings/blob/7f6d755d45ac7cc9fc35b0cbf498e6aa4ef19def/ConfiguringSecurityLogAuditPolicies.md",
          "https://learn.microsoft.com/en-us/previous-versions/windows/it-pro/windows-10/security/threat-protection/auditing/event-4634",
          "https://learn.microsoft.com/en-us/previous-versions/windows/it-pro/windows-10/security/threat-protection/auditing/event-4647"
        ],
        "tags": [
          "attack.impact",
          "attack.t1531"
        ]
      },
      "matched_conditions": [],
      "time": null
    },
    {
      "rule_title": "Unknown",
      "rule_id": "0badd08f-c6a3-4630-90d3-6875cca440be",
      "level": "info",
      "file": "sigma",
      "event": {
        "group": "Sigma",
        "kind": "individual",
        "document": {
          "kind": "evtx",
          "path": "C:\\Users\\SKA580~1.BAT\\AppData\\Local\\Temp\\tmp1hg5atjf\\evtx\\Security.evtx",
          "data": {
            "Event": {
              "EventData": {
                "TargetUserName": "sk.batsiev",
                "LogonType": 3,
                "TargetUserSid": "S-1-5-21-963789628-1060504924-4285088085-1001",
                "TargetDomainName": "DESKTOP-OFJ6N53",
                "TargetLogonId": "0x500cfced"
              },
              "System": {
                "EventID": 4634,
                "Level": 0,
                "Provider_attributes": {
                  "Name": "Microsoft-Windows-Security-Auditing",
                  "Guid": "54849625-5478-4994-A5BA-3E3B0328C30D"
                },
                "Version": 0,
                "Task": 12545,
                "Opcode": 0,
                "TimeCreated_attributes": {
                  "SystemTime": "2025-07-29T15:25:46.288416Z"
                },
                "Execution_attributes": {
                  "ProcessID": 788,
                  "ThreadID": 2728
                },
                "Correlation": null,
                "Keywords": "0x8020000000000000",
                "EventRecordID": 1071305,
                "Channel": "Security",
                "Computer": "DESKTOP-OFJ6N53",
                "Security": null
              }
            },
            "Event_attributes": {
              "xmlns": "http://schemas.microsoft.com/win/2004/08/events/event"
            }
          }
        },
        "name": "User Logoff Event",
        "timestamp": "2025-07-29T15:25:46.288416+00:00",
        "authors": [
          "frack113"
        ],
        "level": "info",
        "source": "sigma",
        "status": "experimental",
        "falsepositives": [
          "Unknown"
        ],
        "id": "0badd08f-c6a3-4630-90d3-6875cca440be",
        "logsource": {
          "product": "windows",
          "service": "security"
        },
        "references": [
          "https://github.com/Yamato-Security/EnableWindowsLogSettings/blob/7f6d755d45ac7cc9fc35b0cbf498e6aa4ef19def/ConfiguringSecurityLogAuditPolicies.md",
          "https://learn.microsoft.com/en-us/previous-versions/windows/it-pro/windows-10/security/threat-protection/auditing/event-4634",
          "https://learn.microsoft.com/en-us/previous-versions/windows/it-pro/windows-10/security/threat-protection/auditing/event-4647"
        ],
        "tags": [
          "attack.impact",
          "attack.t1531"
        ]
      },
      "matched_conditions": [],
      "time": null
    },
    {
      "rule_title": "Unknown",
      "rule_id": "c187c075-bb3e-4c62-b4fa-beae0ffc211f",
      "level": "medium",
      "file": "sigma",
      "event": {
        "group": "Sigma",
        "kind": "individual",
        "document": {
          "kind": "evtx",
          "path": "C:\\Users\\SKA580~1.BAT\\AppData\\Local\\Temp\\tmp1hg5atjf\\evtx\\Microsoft-Windows-Windows Firewall With Advanced Security_Firewall.evtx",
          "data": {
            "Event": {
              "EventData": {
                "ModifyingUser": "S-1-5-18",
                "RuleId": "{CEE4D560-9DBC-40ED-8844-AC3B20F6A22A}",
                "RuleName": "eb0d7fab-0727-4cb5-aa49-db906068dfa6",
                "ModifyingApplication": "C:\\Windows\\SystemTemp\\chrome_Unpacker_BeginUnzipping2800_1673976511\\CR_78155.tmp\\setup.exe"
              },
              "System": {
                "EventID": 2006,
                "Level": 4,
                "Provider_attributes": {
                  "Name": "Microsoft-Windows-Windows Firewall With Advanced Security",
                  "Guid": "D1BC9AFF-2ABF-4D71-9146-ECB2A986EB85"
                },
                "Version": 0,
                "Task": 0,
                "Opcode": 0,
                "TimeCreated_attributes": {
                  "SystemTime": "2025-07-29T23:23:04.921985Z"
                },
                "Execution_attributes": {
                  "ProcessID": 2680,
                  "ThreadID": 13280
                },
                "Correlation": null,
                "Keywords": "0x8000020000000000",
                "Security_attributes": {
                  "UserID": "S-1-5-19"
                },
                "EventRecordID": 31144,
                "Channel": "Microsoft-Windows-Windows Firewall With Advanced Security/Firewall",
                "Computer": "DESKTOP-OFJ6N53"
              }
            },
            "Event_attributes": {
              "xmlns": "http://schemas.microsoft.com/win/2004/08/events/event"
            }
          }
        },
        "name": "A Rule Has Been Deleted From The Windows Firewall Exception List",
        "timestamp": "2025-07-29T23:23:04.921985+00:00",
        "authors": [
          "frack113"
        ],
        "level": "medium",
        "source": "sigma",
        "status": "experimental",
        "id": "c187c075-bb3e-4c62-b4fa-beae0ffc211f",
        "logsource": {
          "product": "windows",
          "service": "firewall-as"
        },
        "references": [
          "https://learn.microsoft.com/en-us/previous-versions/windows/it-pro/windows-server-2008-r2-and-2008/dd364427(v=ws.10)"
        ],
        "tags": [
          "attack.defense-evasion",
          "attack.t1562.004"
        ]
      },
      "matched_conditions": [],
      "time": null
    },
    {
      "rule_title": "Unknown",
      "rule_id": "0badd08f-c6a3-4630-90d3-6875cca440be",
      "level": "info",
      "file": "sigma",
      "event": {
        "group": "Sigma",
        "kind": "individual",
        "document": {
          "kind": "evtx",
          "path": "C:\\Users\\SKA580~1.BAT\\AppData\\Local\\Temp\\tmp1hg5atjf\\evtx\\Security.evtx",
          "data": {
            "Event": {
              "EventData": {
                "TargetUserName": "АНОНИМНЫЙ ВХОД",
                "LogonType": 3,
                "TargetUserSid": "S-1-5-7",
                "TargetDomainName": "NT AUTHORITY",
                "TargetLogonId": "0x5c30757c"
              },
              "System": {
                "EventID": 4634,
                "Level": 0,
                "Provider_attributes": {
                  "Name": "Microsoft-Windows-Security-Auditing",
                  "Guid": "54849625-5478-4994-A5BA-3E3B0328C30D"
                },
                "Version": 0,
                "Task": 12545,
                "Opcode": 0,
                "TimeCreated_attributes": {
                  "SystemTime": "2025-07-30T01:55:55.937870Z"
                },
                "Execution_attributes": {
                  "ProcessID": 788,
                  "ThreadID": 868
                },
                "Correlation": null,
                "Keywords": "0x8020000000000000",
                "EventRecordID": 1071546,
                "Channel": "Security",
                "Computer": "DESKTOP-OFJ6N53",
                "Security": null
              }
            },
            "Event_attributes": {
              "xmlns": "http://schemas.microsoft.com/win/2004/08/events/event"
            }
          }
        },
        "name": "User Logoff Event",
        "timestamp": "2025-07-30T01:55:55.937870+00:00",
        "authors": [
          "frack113"
        ],
        "level": "info",
        "source": "sigma",
        "status": "experimental",
        "falsepositives": [
          "Unknown"
        ],
        "id": "0badd08f-c6a3-4630-90d3-6875cca440be",
        "logsource": {
          "product": "windows",
          "service": "security"
        },
        "references": [
          "https://github.com/Yamato-Security/EnableWindowsLogSettings/blob/7f6d755d45ac7cc9fc35b0cbf498e6aa4ef19def/ConfiguringSecurityLogAuditPolicies.md",
          "https://learn.microsoft.com/en-us/previous-versions/windows/it-pro/windows-10/security/threat-protection/auditing/event-4634",
          "https://learn.microsoft.com/en-us/previous-versions/windows/it-pro/windows-10/security/threat-protection/auditing/event-4647"
        ],
        "tags": [
          "attack.impact",
          "attack.t1531"
        ]
      },
      "matched_conditions": [],
      "time": null
    },
    {
      "rule_title": "Unknown",
      "rule_id": "0badd08f-c6a3-4630-90d3-6875cca440be",
      "level": "info",
      "file": "sigma",
      "event": {
        "group": "Sigma",
        "kind": "individual",
        "document": {
          "kind": "evtx",
          "path": "C:\\Users\\SKA580~1.BAT\\AppData\\Local\\Temp\\tmp1hg5atjf\\evtx\\Security.evtx",
          "data": {
            "Event": {
              "EventData": {
                "TargetUserName": "АНОНИМНЫЙ ВХОД",
                "LogonType": 3,
                "TargetUserSid": "S-1-5-7",
                "TargetDomainName": "NT AUTHORITY",
                "TargetLogonId": "0x5c8587ad"
              },
              "System": {
                "EventID": 4634,
                "Level": 0,
                "Provider_attributes": {
                  "Name": "Microsoft-Windows-Security-Auditing",
                  "Guid": "54849625-5478-4994-A5BA-3E3B0328C30D"
                },
                "Version": 0,
                "Task": 12545,
                "Opcode": 0,
                "TimeCreated_attributes": {
                  "SystemTime": "2025-07-30T02:20:30.335946Z"
                },
                "Execution_attributes": {
                  "ProcessID": 788,
                  "ThreadID": 868
                },
                "Correlation": null,
                "Keywords": "0x8020000000000000",
                "EventRecordID": 1071558,
                "Channel": "Security",
                "Computer": "DESKTOP-OFJ6N53",
                "Security": null
              }
            },
            "Event_attributes": {
              "xmlns": "http://schemas.microsoft.com/win/2004/08/events/event"
            }
          }
        },
        "name": "User Logoff Event",
        "timestamp": "2025-07-30T02:20:30.335946+00:00",
        "authors": [
          "frack113"
        ],
        "level": "info",
        "source": "sigma",
        "status": "experimental",
        "falsepositives": [
          "Unknown"
        ],
        "id": "0badd08f-c6a3-4630-90d3-6875cca440be",
        "logsource": {
          "product": "windows",
          "service": "security"
        },
        "references": [
          "https://github.com/Yamato-Security/EnableWindowsLogSettings/blob/7f6d755d45ac7cc9fc35b0cbf498e6aa4ef19def/ConfiguringSecurityLogAuditPolicies.md",
          "https://learn.microsoft.com/en-us/previous-versions/windows/it-pro/windows-10/security/threat-protection/auditing/event-4634",
          "https://learn.microsoft.com/en-us/previous-versions/windows/it-pro/windows-10/security/threat-protection/auditing/event-4647"
        ],
        "tags": [
          "attack.impact",
          "attack.t1531"
        ]
      },
      "matched_conditions": [],
      "time": null
    },
    {
      "rule_title": "Unknown",
      "rule_id": "0badd08f-c6a3-4630-90d3-6875cca440be",
      "level": "info",
      "file": "sigma",
      "event": {
        "group": "Sigma",
        "kind": "individual",
        "document": {
          "kind": "evtx",
          "path": "C:\\Users\\SKA580~1.BAT\\AppData\\Local\\Temp\\tmp1hg5atjf\\evtx\\Security.evtx",
          "data": {
            "Event": {
              "EventData": {
                "TargetUserName": "АНОНИМНЫЙ ВХОД",
                "LogonType": 3,
                "TargetUserSid": "S-1-5-7",
                "TargetDomainName": "NT AUTHORITY",
                "TargetLogonId": "0x66650e8d"
              },
              "System": {
                "EventID": 4634,
                "Level": 0,
                "Provider_attributes": {
                  "Name": "Microsoft-Windows-Security-Auditing",
                  "Guid": "54849625-5478-4994-A5BA-3E3B0328C30D"
                },
                "Version": 0,
                "Task": 12545,
                "Opcode": 0,
                "TimeCreated_attributes": {
                  "SystemTime": "2025-07-30T15:55:59.318285Z"
                },
                "Execution_attributes": {
                  "ProcessID": 788,
                  "ThreadID": 868
                },
                "Correlation": null,
                "Keywords": "0x8020000000000000",
                "EventRecordID": 1071811,
                "Channel": "Security",
                "Computer": "DESKTOP-OFJ6N53",
                "Security": null
              }
            },
            "Event_attributes": {
              "xmlns": "http://schemas.microsoft.com/win/2004/08/events/event"
            }
          }
        },
        "name": "User Logoff Event",
        "timestamp": "2025-07-30T15:55:59.318285+00:00",
        "authors": [
          "frack113"
        ],
        "level": "info",
        "source": "sigma",
        "status": "experimental",
        "falsepositives": [
          "Unknown"
        ],
        "id": "0badd08f-c6a3-4630-90d3-6875cca440be",
        "logsource": {
          "product": "windows",
          "service": "security"
        },
        "references": [
          "https://github.com/Yamato-Security/EnableWindowsLogSettings/blob/7f6d755d45ac7cc9fc35b0cbf498e6aa4ef19def/ConfiguringSecurityLogAuditPolicies.md",
          "https://learn.microsoft.com/en-us/previous-versions/windows/it-pro/windows-10/security/threat-protection/auditing/event-4634",
          "https://learn.microsoft.com/en-us/previous-versions/windows/it-pro/windows-10/security/threat-protection/auditing/event-4647"
        ],
        "tags": [
          "attack.impact",
          "attack.t1531"
        ]
      },
      "matched_conditions": [],
      "time": null
    },
