    {
      "rule_title": "Unknown",
      "rule_id": "2afe6582-e149-11ea-87d0-0242ac130003",
      "level": "info",
      "file": "sigma",
      "event": {
        "group": "Sigma",
        "kind": "individual",
        "document": {
          "kind": "evtx",
          "path": "C:\\Users\\SKA580~1.BAT\\AppData\\Local\\Temp\\tmp1hg5atjf\\evtx\\Microsoft-Windows-Windows Defender_Operational.evtx",
          "data": {
            "Event": {
              "EventData": {
                "Unused4": "",
                "Unused3": "",
                "SID": "S-1-5-18",
                "Unused2": "",
                "Domain": "NT AUTHORITY",
                "Unused": "",
                "User": "СИСТЕМА",
                "Product Version": "4.18.25040.2",
                "Timestamp": "2025-05-15T16:42:44Z",
                "Product Name": "Microsoft Defender Antivirus"
              },
              "System": {
                "EventID": 1013,
                "Level": 4,
                "Provider_attributes": {
                  "Name": "Microsoft-Windows-Windows Defender",
                  "Guid": "11CD958A-C507-4EF3-B3F2-5FD9DFBD2C78"
                },
                "Version": 0,
                "Task": 0,
                "Opcode": 0,
                "TimeCreated_attributes": {
                  "SystemTime": "2025-05-30T16:42:44.207081Z"
                },
                "Execution_attributes": {
                  "ProcessID": 14136,
                  "ThreadID": 15280
                },
                "Correlation": null,
                "Keywords": "0x8000000000000000",
                "Security_attributes": {
                  "UserID": "S-1-5-18"
                },
                "EventRecordID": 49498,
                "Channel": "Microsoft-Windows-Windows Defender/Operational",
                "Computer": "DESKTOP-OFJ6N53"
              }
            },
            "Event_attributes": {
              "xmlns": "http://schemas.microsoft.com/win/2004/08/events/event"
            }
          }
        },
        "name": "Windows Defender Malware Detection History Deletion",
        "timestamp": "2025-05-30T16:42:44.207081+00:00",
        "authors": [
          "Cian Heasley"
        ],
        "level": "info",
        "source": "sigma",
        "status": "experimental",
        "falsepositives": [
          "Deletion of Defender malware detections history for legitimate reasons"
        ],
        "id": "2afe6582-e149-11ea-87d0-0242ac130003",
        "logsource": {
          "product": "windows",
          "service": "windefend"
        },
        "references": [
          "https://learn.microsoft.com/en-us/defender-endpoint/troubleshoot-microsoft-defender-antivirus",
          "https://web.archive.org/web/20160727113019/https://answers.microsoft.com/en-us/protect/forum/mse-protect_scanning/microsoft-antimalware-has-removed-history-of/f15af6c9-01a9-4065-8c6c-3f2bdc7de45e"
        ],
        "tags": [
          "attack.defense-evasion"
        ]
      },
      "matched_conditions": [],
      "time": null
    },
    {
      "rule_title": "Unknown",
      "rule_id": "57b649ef-ff42-4fb0-8bf6-62da243a1708",
      "level": "high",
      "file": "sigma",
      "event": {
        "group": "Sigma",
        "kind": "individual",
        "document": {
          "kind": "evtx",
          "path": "C:\\Users\\SKA580~1.BAT\\AppData\\Local\\Temp\\tmp1hg5atjf\\evtx\\Microsoft-Windows-Windows Defender_Operational.evtx",
          "data": {
            "Event": {
              "EventData": {
                "Origin Name": "Локальный компьютер",
                "Engine Version": "AM: 1.1.25040.1, NIS: 1.1.25040.1",
                "Status Code": "1",
                "Unused4": "",
                "Post Clean Status": "0",
                "Error Code": "0x00000000",
                "Unused6": "",
                "Unused2": "",
                "Detection User": "DESKTOP-OFJ6N53\\sk.batsiev",
                "Action Name": "Неприменимо",
                "Origin ID": "1",
                "Product Name": "Microsoft Defender Antivirus",
                "Status Description": "",
                "Additional Actions ID": "0",
                "Additional Actions String": "No additional actions required",
                "Detection Time": "2025-06-04T12:37:13.054Z",
                "Category ID": "34",
                "Source ID": "3",
                "Error Description": "Операция успешно завершена.",
                "Unused": "",
                "Severity ID": "4",
                "Type ID": "0",
                "Category Name": "Программное средство",
                "Severity Name": "Высокий",
                "Action ID": "9",
                "Source Name": "Защита в реальном времени:",
                "Execution Name": "Приостановлено",
                "Threat Name": "HackTool:Win32/RemoteAdmin!MSR",
                "Type Name": "Конкретный",
                "Product Version": "4.18.25040.2",
                "FWLink": "https://go.microsoft.com/fwlink/?linkid=37020&name=HackTool:Win32/RemoteAdmin!MSR&threatid=2147743746&enterprise=0",
                "Process Name": "C:\\Users\\sk.batsiev\\Desktop\\Новая папка (3)\\RuScan.exe",
                "Path": "file:_C:\\Program Files (x86)\\Remote Manipulator System - Viewer\\assets\\rutserv.exe",
                "Pre Execution Status": "0",
                "State": "1",
                "Unused5": "",
                "Unused3": "",
                "Execution ID": "1",
                "Security intelligence Version": "AV: 1.429.327.0, AS: 1.429.327.0, NIS: 1.429.327.0",
                "Detection ID": "{308B3348-273C-40F8-9EAB-B35B35973F7B}",
                "Threat ID": "2147743746",
                "Remediation User": ""
              },
              "System": {
                "EventID": 1116,
                "Level": 3,
                "Provider_attributes": {
                  "Name": "Microsoft-Windows-Windows Defender",
                  "Guid": "11CD958A-C507-4EF3-B3F2-5FD9DFBD2C78"
                },
                "Version": 0,
                "Task": 0,
                "Opcode": 0,
                "TimeCreated_attributes": {
                  "SystemTime": "2025-06-04T12:37:15.932753Z"
                },
                "Execution_attributes": {
                  "ProcessID": 14136,
                  "ThreadID": 13184
                },
                "Correlation": null,
                "Keywords": "0x8000000000000000",
                "Security_attributes": {
                  "UserID": "S-1-5-18"
                },
                "EventRecordID": 49817,
                "Channel": "Microsoft-Windows-Windows Defender/Operational",
                "Computer": "DESKTOP-OFJ6N53"
              }
            },
            "Event_attributes": {
              "xmlns": "http://schemas.microsoft.com/win/2004/08/events/event"
            }
          }
        },
        "name": "Windows Defender Threat Detected",
        "timestamp": "2025-06-04T12:37:15.932753+00:00",
        "authors": [
          "Ján Trenčanský"
        ],
        "level": "high",
        "source": "sigma",
        "status": "stable",
        "falsepositives": [
          "Unlikely"
        ],
        "id": "57b649ef-ff42-4fb0-8bf6-62da243a1708",
        "logsource": {
          "product": "windows",
          "service": "windefend"
        },
        "references": [
          "https://learn.microsoft.com/en-us/defender-endpoint/troubleshoot-microsoft-defender-antivirus"
        ],
        "tags": [
          "attack.execution",
          "attack.t1059"
        ]
      },
      "matched_conditions": [],
      "time": null
    },
    {
      "rule_title": "Unknown",
      "rule_id": "57b649ef-ff42-4fb0-8bf6-62da243a1708",
      "level": "high",
      "file": "sigma",
      "event": {
        "group": "Sigma",
        "kind": "individual",
        "document": {
          "kind": "evtx",
          "path": "C:\\Users\\SKA580~1.BAT\\AppData\\Local\\Temp\\tmp1hg5atjf\\evtx\\Microsoft-Windows-Windows Defender_Operational.evtx",
          "data": {
            "Event": {
              "EventData": {
                "Origin Name": "Локальный компьютер",
                "Engine Version": "AM: 1.1.25040.1, NIS: 1.1.25040.1",
                "Status Code": "3",
                "Unused4": "",
                "Post Clean Status": "0",
                "Error Code": "0x00000000",
                "Unused6": "",
                "Unused2": "",
                "Detection User": "DESKTOP-OFJ6N53\\sk.batsiev",
                "Action Name": "Поместить в карантин",
                "Origin ID": "1",
                "Product Name": "Microsoft Defender Antivirus",
                "Status Description": "",
                "Additional Actions ID": "0",
                "Additional Actions String": "No additional actions required",
                "Detection Time": "2025-06-04T12:37:13.054Z",
                "Category ID": "34",
                "Source ID": "3",
                "Error Description": "Операция успешно завершена.",
                "Unused": "",
                "Severity ID": "4",
                "Type ID": "0",
                "Category Name": "Программное средство",
                "Severity Name": "Высокий",
                "Action ID": "2",
                "Source Name": "Защита в реальном времени:",
                "Execution Name": "Приостановлено",
                "Threat Name": "HackTool:Win32/RemoteAdmin!MSR",
                "Type Name": "Конкретный",
                "Product Version": "4.18.25040.2",
                "FWLink": "https://go.microsoft.com/fwlink/?linkid=37020&name=HackTool:Win32/RemoteAdmin!MSR&threatid=2147743746&enterprise=0",
                "Process Name": "C:\\Users\\sk.batsiev\\Desktop\\Новая папка (3)\\RuScan.exe",
                "Path": "file:_C:\\Program Files (x86)\\Remote Manipulator System - Viewer\\assets\\rutserv.exe",
                "Pre Execution Status": "3",
                "State": "2",
                "Unused5": "",
                "Unused3": "",
                "Execution ID": "1",
                "Security intelligence Version": "AV: 1.429.327.0, AS: 1.429.327.0, NIS: 1.429.327.0",
                "Detection ID": "{308B3348-273C-40F8-9EAB-B35B35973F7B}",
                "Threat ID": "2147743746",
                "Remediation User": "NT AUTHORITY\\СИСТЕМА"
              },
              "System": {
                "EventID": 1117,
                "Level": 4,
                "Provider_attributes": {
                  "Name": "Microsoft-Windows-Windows Defender",
                  "Guid": "11CD958A-C507-4EF3-B3F2-5FD9DFBD2C78"
                },
                "Version": 0,
                "Task": 0,
                "Opcode": 0,
                "TimeCreated_attributes": {
                  "SystemTime": "2025-06-04T12:38:13.660508Z"
                },
                "Execution_attributes": {
                  "ProcessID": 14136,
                  "ThreadID": 12764
                },
                "Security_attributes": {
                  "UserID": "S-1-5-18"
                },
                "Keywords": "0x8000000000000000",
                "Correlation_attributes": {
                  "ActivityID": "C62743FB-C26A-4752-AAAC-4B454DBDD17D"
                },
                "EventRecordID": 49818,
                "Channel": "Microsoft-Windows-Windows Defender/Operational",
                "Computer": "DESKTOP-OFJ6N53"
              }
            },
            "Event_attributes": {
              "xmlns": "http://schemas.microsoft.com/win/2004/08/events/event"
            }
          }
        },
        "name": "Windows Defender Threat Detected",
        "timestamp": "2025-06-04T12:38:13.660508+00:00",
        "authors": [
          "Ján Trenčanský"
        ],
        "level": "high",
        "source": "sigma",
        "status": "stable",
        "falsepositives": [
          "Unlikely"
        ],
        "id": "57b649ef-ff42-4fb0-8bf6-62da243a1708",
        "logsource": {
          "product": "windows",
          "service": "windefend"
        },
        "references": [
          "https://learn.microsoft.com/en-us/defender-endpoint/troubleshoot-microsoft-defender-antivirus"
        ],
        "tags": [
          "attack.execution",
          "attack.t1059"
        ]
      },
      "matched_conditions": [],
      "time": null
    },
    {
      "rule_title": "Unknown",
      "rule_id": "2afe6582-e149-11ea-87d0-0242ac130003",
      "level": "info",
      "file": "sigma",
      "event": {
        "group": "Sigma",
        "kind": "individual",
        "document": {
          "kind": "evtx",
          "path": "C:\\Users\\SKA580~1.BAT\\AppData\\Local\\Temp\\tmp1hg5atjf\\evtx\\Microsoft-Windows-Windows Defender_Operational.evtx",
          "data": {
            "Event": {
              "EventData": {
                "Unused4": "",
                "Unused3": "",
                "SID": "S-1-5-18",
                "Unused2": "",
                "Domain": "NT AUTHORITY",
                "Unused": "",
                "User": "СИСТЕМА",
                "Product Version": "4.18.25040.2",
                "Timestamp": "2025-05-22T16:00:29Z",
                "Product Name": "Microsoft Defender Antivirus"
              },
              "System": {
                "EventID": 1013,
                "Level": 4,
                "Provider_attributes": {
                  "Name": "Microsoft-Windows-Windows Defender",
                  "Guid": "11CD958A-C507-4EF3-B3F2-5FD9DFBD2C78"
                },
                "Version": 0,
                "Task": 0,
                "Opcode": 0,
                "TimeCreated_attributes": {
                  "SystemTime": "2025-06-06T16:00:29.660306Z"
                },
                "Execution_attributes": {
                  "ProcessID": 14136,
                  "ThreadID": 3648
                },
                "Correlation": null,
                "Keywords": "0x8000000000000000",
                "Security_attributes": {
                  "UserID": "S-1-5-18"
                },
                "EventRecordID": 49978,
                "Channel": "Microsoft-Windows-Windows Defender/Operational",
                "Computer": "DESKTOP-OFJ6N53"
              }
            },
            "Event_attributes": {
              "xmlns": "http://schemas.microsoft.com/win/2004/08/events/event"
            }
          }
        },
        "name": "Windows Defender Malware Detection History Deletion",
        "timestamp": "2025-06-06T16:00:29.660306+00:00",
        "authors": [
          "Cian Heasley"
        ],
        "level": "info",
        "source": "sigma",
        "status": "experimental",
        "falsepositives": [
          "Deletion of Defender malware detections history for legitimate reasons"
        ],
        "id": "2afe6582-e149-11ea-87d0-0242ac130003",
        "logsource": {
          "product": "windows",
          "service": "windefend"
        },
        "references": [
          "https://learn.microsoft.com/en-us/defender-endpoint/troubleshoot-microsoft-defender-antivirus",
          "https://web.archive.org/web/20160727113019/https://answers.microsoft.com/en-us/protect/forum/mse-protect_scanning/microsoft-antimalware-has-removed-history-of/f15af6c9-01a9-4065-8c6c-3f2bdc7de45e"
        ],
        "tags": [
          "attack.defense-evasion"
        ]
      },
      "matched_conditions": [],
      "time": null
    },
    {
      "rule_title": "Unknown",
      "rule_id": "13cfeb75-9e33-4d04-b0f7-ab8faaa95a59",
      "level": "info",
      "file": "sigma",
      "event": {
        "group": "Sigma",
        "kind": "individual",
        "document": {
          "kind": "evtx",
          "path": "C:\\Users\\SKA580~1.BAT\\AppData\\Local\\Temp\\tmp1hg5atjf\\evtx\\System.evtx",
          "data": {
            "Event": {
              "EventData": {
                "updateRevisionNumber": 1,
                "errorCode": "0x80073d02",
                "updateTitle": "9NMPJ99VJBWV-Microsoft.YourPhone",
                "updateGuid": "2F32D9A3-4859-4B5E-8169-8AF336814E6B",
                "serviceGuid": "855E8A7C-ECB4-4CA3-B045-1DFA50104289"
              },
              "System": {
                "EventID": 20,
                "Level": 2,
                "Provider_attributes": {
                  "Name": "Microsoft-Windows-WindowsUpdateClient",
                  "Guid": "945A8954-C147-4ACD-923F-40C45405A658"
                },
                "Version": 1,
                "Task": 1,
                "Opcode": 13,
                "TimeCreated_attributes": {
                  "SystemTime": "2025-06-11T07:35:16.601784Z"
                },
                "Execution_attributes": {
                  "ProcessID": 13328,
                  "ThreadID": 11088
                },
                "Security_attributes": {
                  "UserID": "S-1-5-18"
                },
                "Keywords": "0x8000000000000028",
                "Correlation_attributes": {
                  "ActivityID": "54C19216-C4DE-0001-4272-D554DEC4DB01"
                },
                "EventRecordID": 2090865,
                "Channel": "System",
                "Computer": "DESKTOP-OFJ6N53"
              }
            },
            "Event_attributes": {
              "xmlns": "http://schemas.microsoft.com/win/2004/08/events/event"
            }
          }
        },
        "name": "Windows Update Error",
        "timestamp": "2025-06-11T07:35:16.601784+00:00",
        "authors": [
          "frack113"
        ],
        "level": "info",
        "source": "sigma",
        "status": "stable",
        "falsepositives": [
          "Unknown"
        ],
        "id": "13cfeb75-9e33-4d04-b0f7-ab8faaa95a59",
        "logsource": {
          "product": "windows",
          "service": "system"
        },
        "references": [
          "https://github.com/nasbench/EVTX-ETW-Resources/blob/f1b010ce0ee1b71e3024180de1a3e67f99701fe4/ETWProvidersManifests/Windows10/1903/W10_1903_Pro_20200714_18362.959/WEPExplorer/Microsoft-Windows-WindowsUpdateClient.xml"
        ],
        "tags": [
          "attack.impact",
          "attack.resource-development",
          "attack.t1584"
        ]
      },
      "matched_conditions": [],
      "time": null
    },
    {
      "rule_title": "Unknown",
      "rule_id": "2afe6582-e149-11ea-87d0-0242ac130003",
      "level": "info",
      "file": "sigma",
      "event": {
        "group": "Sigma",
        "kind": "individual",
        "document": {
          "kind": "evtx",
          "path": "C:\\Users\\SKA580~1.BAT\\AppData\\Local\\Temp\\tmp1hg5atjf\\evtx\\Microsoft-Windows-Windows Defender_Operational.evtx",
          "data": {
            "Event": {
              "EventData": {
                "Unused4": "",
                "Unused3": "",
                "SID": "S-1-5-18",
                "Unused2": "",
                "Domain": "NT AUTHORITY",
                "Unused": "",
                "User": "СИСТЕМА",
                "Product Version": "4.18.25050.5",
                "Timestamp": "2025-05-30T16:45:44Z",
                "Product Name": "Антивирусная программа Microsoft Defender"
              },
              "System": {
                "EventID": 1013,
                "Level": 4,
                "Provider_attributes": {
                  "Name": "Microsoft-Windows-Windows Defender",
                  "Guid": "11CD958A-C507-4EF3-B3F2-5FD9DFBD2C78"
                },
                "Version": 0,
                "Task": 0,
                "Opcode": 0,
                "TimeCreated_attributes": {
                  "SystemTime": "2025-06-14T16:45:44.776410Z"
                },
                "Execution_attributes": {
                  "ProcessID": 3080,
                  "ThreadID": 4012
                },
                "Correlation": null,
                "Keywords": "0x8000000000000000",
                "Security_attributes": {
                  "UserID": "S-1-5-18"
                },
                "EventRecordID": 50544,
                "Channel": "Microsoft-Windows-Windows Defender/Operational",
                "Computer": "DESKTOP-OFJ6N53"
              }
            },
            "Event_attributes": {
              "xmlns": "http://schemas.microsoft.com/win/2004/08/events/event"
            }
          }
        },
        "name": "Windows Defender Malware Detection History Deletion",
        "timestamp": "2025-06-14T16:45:44.776410+00:00",
        "authors": [
          "Cian Heasley"
        ],
        "level": "info",
        "source": "sigma",
        "status": "experimental",
        "falsepositives": [
          "Deletion of Defender malware detections history for legitimate reasons"
        ],
        "id": "2afe6582-e149-11ea-87d0-0242ac130003",
        "logsource": {
          "product": "windows",
          "service": "windefend"
        },
        "references": [
          "https://learn.microsoft.com/en-us/defender-endpoint/troubleshoot-microsoft-defender-antivirus",
          "https://web.archive.org/web/20160727113019/https://answers.microsoft.com/en-us/protect/forum/mse-protect_scanning/microsoft-antimalware-has-removed-history-of/f15af6c9-01a9-4065-8c6c-3f2bdc7de45e"
        ],
        "tags": [
          "attack.defense-evasion"
        ]
      },
      "matched_conditions": [],
      "time": null
    },
    {
      "rule_title": "Unknown",
      "rule_id": "2afe6582-e149-11ea-87d0-0242ac130003",
      "level": "info",
      "file": "sigma",
      "event": {
        "group": "Sigma",
        "kind": "individual",
        "document": {
          "kind": "evtx",
          "path": "C:\\Users\\SKA580~1.BAT\\AppData\\Local\\Temp\\tmp1hg5atjf\\evtx\\Microsoft-Windows-Windows Defender_Operational.evtx",
          "data": {
            "Event": {
              "EventData": {
                "Unused4": "",
                "Unused3": "",
                "SID": "S-1-5-18",
                "Unused2": "",
                "Domain": "NT AUTHORITY",
                "Unused": "",
                "User": "СИСТЕМА",
                "Product Version": "4.18.25050.5",
                "Timestamp": "2025-06-01T16:45:50Z",
                "Product Name": "Антивирусная программа Microsoft Defender"
              },
              "System": {
                "EventID": 1013,
                "Level": 4,
                "Provider_attributes": {
                  "Name": "Microsoft-Windows-Windows Defender",
                  "Guid": "11CD958A-C507-4EF3-B3F2-5FD9DFBD2C78"
                },
                "Version": 0,
                "Task": 0,
                "Opcode": 0,
                "TimeCreated_attributes": {
                  "SystemTime": "2025-06-16T16:45:50.934475Z"
                },
                "Execution_attributes": {
                  "ProcessID": 3080,
                  "ThreadID": 8092
                },
                "Correlation": null,
                "Keywords": "0x8000000000000000",
                "Security_attributes": {
                  "UserID": "S-1-5-18"
                },
                "EventRecordID": 50677,
                "Channel": "Microsoft-Windows-Windows Defender/Operational",
                "Computer": "DESKTOP-OFJ6N53"
              }
            },
            "Event_attributes": {
              "xmlns": "http://schemas.microsoft.com/win/2004/08/events/event"
            }
          }
        },
        "name": "Windows Defender Malware Detection History Deletion",
        "timestamp": "2025-06-16T16:45:50.934475+00:00",
        "authors": [
          "Cian Heasley"
        ],
        "level": "info",
        "source": "sigma",
        "status": "experimental",
        "falsepositives": [
          "Deletion of Defender malware detections history for legitimate reasons"
        ],
        "id": "2afe6582-e149-11ea-87d0-0242ac130003",
        "logsource": {
          "product": "windows",
          "service": "windefend"
        },
        "references": [
          "https://learn.microsoft.com/en-us/defender-endpoint/troubleshoot-microsoft-defender-antivirus",
          "https://web.archive.org/web/20160727113019/https://answers.microsoft.com/en-us/protect/forum/mse-protect_scanning/microsoft-antimalware-has-removed-history-of/f15af6c9-01a9-4065-8c6c-3f2bdc7de45e"
        ],
        "tags": [
          "attack.defense-evasion"
        ]
      },
      "matched_conditions": [],
      "time": null
    },
    {
      "rule_title": "Unknown",
      "rule_id": "2afe6582-e149-11ea-87d0-0242ac130003",
      "level": "info",
      "file": "sigma",
      "event": {
        "group": "Sigma",
        "kind": "individual",
        "document": {
          "kind": "evtx",
          "path": "C:\\Users\\SKA580~1.BAT\\AppData\\Local\\Temp\\tmp1hg5atjf\\evtx\\Microsoft-Windows-Windows Defender_Operational.evtx",
          "data": {
            "Event": {
              "EventData": {
                "Unused4": "",
                "Unused3": "",
                "SID": "S-1-5-18",
                "Unused2": "",
                "Domain": "NT AUTHORITY",
                "Unused": "",
                "User": "СИСТЕМА",
                "Product Version": "4.18.25050.5",
                "Timestamp": "2025-06-04T16:45:59Z",
                "Product Name": "Антивирусная программа Microsoft Defender"
              },
              "System": {
                "EventID": 1013,
                "Level": 4,
                "Provider_attributes": {
                  "Name": "Microsoft-Windows-Windows Defender",
                  "Guid": "11CD958A-C507-4EF3-B3F2-5FD9DFBD2C78"
                },
                "Version": 0,
                "Task": 0,
                "Opcode": 0,
                "TimeCreated_attributes": {
                  "SystemTime": "2025-06-19T16:45:59.753895Z"
                },
                "Execution_attributes": {
                  "ProcessID": 3080,
                  "ThreadID": 8632
                },
                "Correlation": null,
                "Keywords": "0x8000000000000000",
                "Security_attributes": {
                  "UserID": "S-1-5-18"
                },
                "EventRecordID": 50886,
                "Channel": "Microsoft-Windows-Windows Defender/Operational",
                "Computer": "DESKTOP-OFJ6N53"
              }
            },
            "Event_attributes": {
              "xmlns": "http://schemas.microsoft.com/win/2004/08/events/event"
            }
          }
        },
        "name": "Windows Defender Malware Detection History Deletion",
        "timestamp": "2025-06-19T16:45:59.753895+00:00",
        "authors": [
          "Cian Heasley"
        ],
        "level": "info",
        "source": "sigma",
        "status": "experimental",
        "falsepositives": [
          "Deletion of Defender malware detections history for legitimate reasons"
        ],
        "id": "2afe6582-e149-11ea-87d0-0242ac130003",
        "logsource": {
          "product": "windows",
          "service": "windefend"
        },
        "references": [
          "https://learn.microsoft.com/en-us/defender-endpoint/troubleshoot-microsoft-defender-antivirus",
          "https://web.archive.org/web/20160727113019/https://answers.microsoft.com/en-us/protect/forum/mse-protect_scanning/microsoft-antimalware-has-removed-history-of/f15af6c9-01a9-4065-8c6c-3f2bdc7de45e"
        ],
        "tags": [
          "attack.defense-evasion"
        ]
      },
      "matched_conditions": [],
      "time": null
    },
    {
      "rule_title": "Unknown",
      "rule_id": "2afe6582-e149-11ea-87d0-0242ac130003",
      "level": "info",
      "file": "sigma",
      "event": {
        "group": "Sigma",
        "kind": "individual",
        "document": {
          "kind": "evtx",
          "path": "C:\\Users\\SKA580~1.BAT\\AppData\\Local\\Temp\\tmp1hg5atjf\\evtx\\Microsoft-Windows-Windows Defender_Operational.evtx",
          "data": {
            "Event": {
              "EventData": {
                "Unused4": "",
                "Unused3": "",
                "SID": "S-1-5-18",
                "Unused2": "",
                "Domain": "NT AUTHORITY",
                "Unused": "",
                "User": "СИСТЕМА",
                "Product Version": "4.18.25050.5",
                "Timestamp": "2025-06-06T16:46:06Z",
                "Product Name": "Антивирусная программа Microsoft Defender"
              },
              "System": {
                "EventID": 1013,
                "Level": 4,
                "Provider_attributes": {
                  "Name": "Microsoft-Windows-Windows Defender",
                  "Guid": "11CD958A-C507-4EF3-B3F2-5FD9DFBD2C78"
                },
                "Version": 0,
                "Task": 0,
                "Opcode": 0,
                "TimeCreated_attributes": {
                  "SystemTime": "2025-06-21T16:46:06.554586Z"
                },
                "Execution_attributes": {
                  "ProcessID": 3080,
                  "ThreadID": 3360
                },
                "Correlation": null,
                "Keywords": "0x8000000000000000",
                "Security_attributes": {
                  "UserID": "S-1-5-18"
                },
                "EventRecordID": 51029,
                "Channel": "Microsoft-Windows-Windows Defender/Operational",
                "Computer": "DESKTOP-OFJ6N53"
              }
            },
            "Event_attributes": {
              "xmlns": "http://schemas.microsoft.com/win/2004/08/events/event"
            }
          }
        },
        "name": "Windows Defender Malware Detection History Deletion",
        "timestamp": "2025-06-21T16:46:06.554586+00:00",
        "authors": [
          "Cian Heasley"
        ],
        "level": "info",
        "source": "sigma",
        "status": "experimental",
        "falsepositives": [
          "Deletion of Defender malware detections history for legitimate reasons"
        ],
        "id": "2afe6582-e149-11ea-87d0-0242ac130003",
        "logsource": {
          "product": "windows",
          "service": "windefend"
        },
        "references": [
          "https://learn.microsoft.com/en-us/defender-endpoint/troubleshoot-microsoft-defender-antivirus",
          "https://web.archive.org/web/20160727113019/https://answers.microsoft.com/en-us/protect/forum/mse-protect_scanning/microsoft-antimalware-has-removed-history-of/f15af6c9-01a9-4065-8c6c-3f2bdc7de45e"
        ],
        "tags": [
          "attack.defense-evasion"
        ]
      },
      "matched_conditions": [],
      "time": null
    },
    {
      "rule_title": "Unknown",
      "rule_id": "13cfeb75-9e33-4d04-b0f7-ab8faaa95a59",
      "level": "info",
      "file": "sigma",
      "event": {
        "group": "Sigma",
        "kind": "individual",
        "document": {
          "kind": "evtx",
          "path": "C:\\Users\\SKA580~1.BAT\\AppData\\Local\\Temp\\tmp1hg5atjf\\evtx\\System.evtx",
          "data": {
            "Event": {
              "EventData": {
                "updateRevisionNumber": 1,
                "errorCode": "0x80073d02",
                "updateTitle": "9NMPJ99VJBWV-Microsoft.YourPhone",
                "updateGuid": "F73C20FB-F7CE-4EBF-97E5-86F426D79C39",
                "serviceGuid": "855E8A7C-ECB4-4CA3-B045-1DFA50104289"
              },
              "System": {
                "EventID": 20,
                "Level": 2,
                "Provider_attributes": {
                  "Name": "Microsoft-Windows-WindowsUpdateClient",
                  "Guid": "945A8954-C147-4ACD-923F-40C45405A658"
                },
                "Version": 1,
                "Task": 1,
                "Opcode": 13,
                "TimeCreated_attributes": {
                  "SystemTime": "2025-06-24T08:46:45.529428Z"
                },
                "Execution_attributes": {
                  "ProcessID": 720,
                  "ThreadID": 8220
                },
                "Security_attributes": {
                  "UserID": "S-1-5-18"
                },
                "Keywords": "0x8000000000000028",
                "Correlation_attributes": {
                  "ActivityID": "77D831E5-DADF-0001-864B-DE77DFDADB01"
                },
                "EventRecordID": 2091277,
                "Channel": "System",
                "Computer": "DESKTOP-OFJ6N53"
              }
            },
            "Event_attributes": {
              "xmlns": "http://schemas.microsoft.com/win/2004/08/events/event"
            }
          }
        },
        "name": "Windows Update Error",
        "timestamp": "2025-06-24T08:46:45.529428+00:00",
        "authors": [
          "frack113"
        ],
        "level": "info",
        "source": "sigma",
        "status": "stable",
        "falsepositives": [
          "Unknown"
        ],
        "id": "13cfeb75-9e33-4d04-b0f7-ab8faaa95a59",
        "logsource": {
          "product": "windows",
          "service": "system"
        },
        "references": [
          "https://github.com/nasbench/EVTX-ETW-Resources/blob/f1b010ce0ee1b71e3024180de1a3e67f99701fe4/ETWProvidersManifests/Windows10/1903/W10_1903_Pro_20200714_18362.959/WEPExplorer/Microsoft-Windows-WindowsUpdateClient.xml"
        ],
        "tags": [
          "attack.impact",
          "attack.resource-development",
          "attack.t1584"
        ]
      },
      "matched_conditions": [],
      "time": null
    },
    {
      "rule_title": "Unknown",
      "rule_id": "13cfeb75-9e33-4d04-b0f7-ab8faaa95a59",
      "level": "info",
      "file": "sigma",
      "event": {
        "group": "Sigma",
        "kind": "individual",
        "document": {
          "kind": "evtx",
          "path": "C:\\Users\\SKA580~1.BAT\\AppData\\Local\\Temp\\tmp1hg5atjf\\evtx\\System.evtx",
          "data": {
            "Event": {
              "EventData": {
                "updateRevisionNumber": 1,
                "errorCode": "0x80073d02",
                "updateTitle": "9NBLGGH4NNS1-Microsoft.DesktopAppInstaller",
                "updateGuid": "EAC2B4C7-0286-4746-8B0B-08C11D2EE637",
                "serviceGuid": "855E8A7C-ECB4-4CA3-B045-1DFA50104289"
              },
              "System": {
                "EventID": 20,
                "Level": 2,
                "Provider_attributes": {
                  "Name": "Microsoft-Windows-WindowsUpdateClient",
                  "Guid": "945A8954-C147-4ACD-923F-40C45405A658"
                },
                "Version": 1,
                "Task": 1,
                "Opcode": 13,
                "TimeCreated_attributes": {
                  "SystemTime": "2025-06-26T00:08:17.218519Z"
                },
                "Execution_attributes": {
                  "ProcessID": 12900,
                  "ThreadID": 68
                },
                "Security_attributes": {
                  "UserID": "S-1-5-18"
                },
                "Keywords": "0x8000000000000028",
                "Correlation_attributes": {
                  "ActivityID": "77D831E5-DADF-0003-85FE-DE77DFDADB01"
                },
                "EventRecordID": 2091341,
                "Channel": "System",
                "Computer": "DESKTOP-OFJ6N53"
              }
            },
            "Event_attributes": {
              "xmlns": "http://schemas.microsoft.com/win/2004/08/events/event"
            }
          }
        },
        "name": "Windows Update Error",
        "timestamp": "2025-06-26T00:08:17.218519+00:00",
        "authors": [
          "frack113"
        ],
        "level": "info",
        "source": "sigma",
        "status": "stable",
        "falsepositives": [
          "Unknown"
        ],
        "id": "13cfeb75-9e33-4d04-b0f7-ab8faaa95a59",
        "logsource": {
          "product": "windows",
          "service": "system"
        },
        "references": [
          "https://github.com/nasbench/EVTX-ETW-Resources/blob/f1b010ce0ee1b71e3024180de1a3e67f99701fe4/ETWProvidersManifests/Windows10/1903/W10_1903_Pro_20200714_18362.959/WEPExplorer/Microsoft-Windows-WindowsUpdateClient.xml"
        ],
        "tags": [
          "attack.impact",
          "attack.resource-development",
          "attack.t1584"
        ]
      },
      "matched_conditions": [],
      "time": null
    },
    {
      "rule_title": "Unknown",
      "rule_id": "c187c075-bb3e-4c62-b4fa-beae0ffc211f",
      "level": "medium",
      "file": "sigma",
      "event": {
        "group": "Sigma",
        "kind": "individual",
        "document": {
          "kind": "evtx",
          "path": "C:\\Users\\SKA580~1.BAT\\AppData\\Local\\Temp\\tmp1hg5atjf\\evtx\\Microsoft-Windows-Windows Firewall With Advanced Security_Firewall.evtx",
          "data": {
            "Event": {
              "EventData": {
                "ModifyingUser": "S-1-5-18",
                "RuleId": "{D4EB4B27-1CC9-48D2-98EE-34706F75B92E}",
                "RuleName": "638901b7-3db3-468a-8dfc-24dfc7cad472",
                "ModifyingApplication": "C:\\Windows\\SystemTemp\\chrome_Unpacker_BeginUnzipping5352_862523442\\CR_B5BFB.tmp\\setup.exe"
              },
              "System": {
                "EventID": 2006,
                "Level": 4,
                "Provider_attributes": {
                  "Name": "Microsoft-Windows-Windows Firewall With Advanced Security",
                  "Guid": "D1BC9AFF-2ABF-4D71-9146-ECB2A986EB85"
                },
                "Version": 0,
                "Task": 0,
                "Opcode": 0,
                "TimeCreated_attributes": {
                  "SystemTime": "2025-06-26T19:39:10.072652Z"
                },
                "Execution_attributes": {
                  "ProcessID": 3092,
                  "ThreadID": 10572
                },
                "Correlation": null,
                "Keywords": "0x8000020000000000",
                "Security_attributes": {
                  "UserID": "S-1-5-19"
                },
                "EventRecordID": 30592,
                "Channel": "Microsoft-Windows-Windows Firewall With Advanced Security/Firewall",
                "Computer": "DESKTOP-OFJ6N53"
              }
            },
            "Event_attributes": {
              "xmlns": "http://schemas.microsoft.com/win/2004/08/events/event"
            }
          }
        },
        "name": "A Rule Has Been Deleted From The Windows Firewall Exception List",
        "timestamp": "2025-06-26T19:39:10.072652+00:00",
        "authors": [
          "frack113"
        ],
        "level": "medium",
        "source": "sigma",
        "status": "experimental",
        "id": "c187c075-bb3e-4c62-b4fa-beae0ffc211f",
        "logsource": {
          "product": "windows",
          "service": "firewall-as"
        },
        "references": [
          "https://learn.microsoft.com/en-us/previous-versions/windows/it-pro/windows-server-2008-r2-and-2008/dd364427(v=ws.10)"
        ],
        "tags": [
          "attack.defense-evasion",
          "attack.t1562.004"
        ]
      },
      "matched_conditions": [],
      "time": null
    },
    {
      "rule_title": "Unknown",
      "rule_id": "13cfeb75-9e33-4d04-b0f7-ab8faaa95a59",
      "level": "info",
      "file": "sigma",
      "event": {
        "group": "Sigma",
        "kind": "individual",
        "document": {
          "kind": "evtx",
          "path": "C:\\Users\\SKA580~1.BAT\\AppData\\Local\\Temp\\tmp1hg5atjf\\evtx\\System.evtx",
          "data": {
            "Event": {
              "EventData": {
                "updateRevisionNumber": 1,
                "errorCode": "0x80073d02",
                "updateTitle": "9NBLGGH4NNS1-Microsoft.DesktopAppInstaller",
                "updateGuid": "EAC2B4C7-0286-4746-8B0B-08C11D2EE637",
                "serviceGuid": "855E8A7C-ECB4-4CA3-B045-1DFA50104289"
              },
              "System": {
                "EventID": 20,
                "Level": 2,
                "Provider_attributes": {
                  "Name": "Microsoft-Windows-WindowsUpdateClient",
                  "Guid": "945A8954-C147-4ACD-923F-40C45405A658"
                },
                "Version": 1,
                "Task": 1,
                "Opcode": 13,
                "TimeCreated_attributes": {
                  "SystemTime": "2025-06-27T03:27:10.363283Z"
                },
                "Execution_attributes": {
                  "ProcessID": 9720,
                  "ThreadID": 4148
                },
                "Security_attributes": {
                  "UserID": "S-1-5-18"
                },
                "Keywords": "0x8000000000000028",
                "Correlation_attributes": {
                  "ActivityID": "77D831E5-DADF-0000-C5C3-E077DFDADB01"
                },
                "EventRecordID": 2091389,
                "Channel": "System",
                "Computer": "DESKTOP-OFJ6N53"
              }
            },
            "Event_attributes": {
              "xmlns": "http://schemas.microsoft.com/win/2004/08/events/event"
            }
          }
        },
        "name": "Windows Update Error",
        "timestamp": "2025-06-27T03:27:10.363283+00:00",
        "authors": [
          "frack113"
        ],
        "level": "info",
        "source": "sigma",
        "status": "stable",
        "falsepositives": [
          "Unknown"
        ],
        "id": "13cfeb75-9e33-4d04-b0f7-ab8faaa95a59",
        "logsource": {
          "product": "windows",
          "service": "system"
        },
        "references": [
          "https://github.com/nasbench/EVTX-ETW-Resources/blob/f1b010ce0ee1b71e3024180de1a3e67f99701fe4/ETWProvidersManifests/Windows10/1903/W10_1903_Pro_20200714_18362.959/WEPExplorer/Microsoft-Windows-WindowsUpdateClient.xml"
        ],
        "tags": [
          "attack.impact",
          "attack.resource-development",
          "attack.t1584"
        ]
      },
      "matched_conditions": [],
      "time": null
    },
    {
      "rule_title": "Unknown",
      "rule_id": "2afe6582-e149-11ea-87d0-0242ac130003",
      "level": "info",
      "file": "sigma",
      "event": {
        "group": "Sigma",
        "kind": "individual",
        "document": {
          "kind": "evtx",
          "path": "C:\\Users\\SKA580~1.BAT\\AppData\\Local\\Temp\\tmp1hg5atjf\\evtx\\Microsoft-Windows-Windows Defender_Operational.evtx",
          "data": {
            "Event": {
              "EventData": {
                "Unused4": "",
                "Unused3": "",
                "SID": "S-1-5-18",
                "Unused2": "",
                "Domain": "NT AUTHORITY",
                "Unused": "",
                "User": "СИСТЕМА",
                "Product Version": "4.18.25050.5",
                "Timestamp": "2025-06-12T16:45:48Z",
                "Product Name": "Антивирусная программа Microsoft Defender"
              },
              "System": {
                "EventID": 1013,
                "Level": 4,
                "Provider_attributes": {
                  "Name": "Microsoft-Windows-Windows Defender",
                  "Guid": "11CD958A-C507-4EF3-B3F2-5FD9DFBD2C78"
                },
                "Version": 0,
                "Task": 0,
                "Opcode": 0,
                "TimeCreated_attributes": {
                  "SystemTime": "2025-06-27T16:45:48.147893Z"
                },
                "Execution_attributes": {
                  "ProcessID": 3080,
                  "ThreadID": 10360
                },
                "Correlation": null,
                "Keywords": "0x8000000000000000",
                "Security_attributes": {
                  "UserID": "S-1-5-18"
                },
                "EventRecordID": 51452,
                "Channel": "Microsoft-Windows-Windows Defender/Operational",
                "Computer": "DESKTOP-OFJ6N53"
              }
            },
            "Event_attributes": {
              "xmlns": "http://schemas.microsoft.com/win/2004/08/events/event"
            }
          }
        },
        "name": "Windows Defender Malware Detection History Deletion",
        "timestamp": "2025-06-27T16:45:48.147893+00:00",
        "authors": [
          "Cian Heasley"
        ],
        "level": "info",
        "source": "sigma",
        "status": "experimental",
        "falsepositives": [
          "Deletion of Defender malware detections history for legitimate reasons"
        ],
        "id": "2afe6582-e149-11ea-87d0-0242ac130003",
        "logsource": {
          "product": "windows",
          "service": "windefend"
        },
        "references": [
          "https://learn.microsoft.com/en-us/defender-endpoint/troubleshoot-microsoft-defender-antivirus",
          "https://web.archive.org/web/20160727113019/https://answers.microsoft.com/en-us/protect/forum/mse-protect_scanning/microsoft-antimalware-has-removed-history-of/f15af6c9-01a9-4065-8c6c-3f2bdc7de45e"
        ],
        "tags": [
          "attack.defense-evasion"
        ]
      },
      "matched_conditions": [],
      "time": null
    },
    {
      "rule_title": "Unknown",
      "rule_id": "13cfeb75-9e33-4d04-b0f7-ab8faaa95a59",
      "level": "info",
      "file": "sigma",
      "event": {
        "group": "Sigma",
        "kind": "individual",
        "document": {
          "kind": "evtx",
          "path": "C:\\Users\\SKA580~1.BAT\\AppData\\Local\\Temp\\tmp1hg5atjf\\evtx\\System.evtx",
          "data": {
            "Event": {
              "EventData": {
                "updateRevisionNumber": 1,
                "errorCode": "0x80073d02",
                "updateTitle": "9NBLGGH4NNS1-Microsoft.DesktopAppInstaller",
                "updateGuid": "EAC2B4C7-0286-4746-8B0B-08C11D2EE637",
                "serviceGuid": "855E8A7C-ECB4-4CA3-B045-1DFA50104289"
              },
              "System": {
                "EventID": 20,
                "Level": 2,
                "Provider_attributes": {
                  "Name": "Microsoft-Windows-WindowsUpdateClient",
                  "Guid": "945A8954-C147-4ACD-923F-40C45405A658"
                },
                "Version": 1,
                "Task": 1,
                "Opcode": 13,
                "TimeCreated_attributes": {
                  "SystemTime": "2025-06-28T08:46:26.380821Z"
                },
                "Execution_attributes": {
                  "ProcessID": 4540,
                  "ThreadID": 8028
                },
                "Security_attributes": {
                  "UserID": "S-1-5-18"
                },
                "Keywords": "0x8000000000000028",
                "Correlation_attributes": {
                  "ActivityID": "77D831E5-DADF-0002-4ADA-DF77DFDADB01"
                },
                "EventRecordID": 2091428,
                "Channel": "System",
                "Computer": "DESKTOP-OFJ6N53"
              }
            },
            "Event_attributes": {
              "xmlns": "http://schemas.microsoft.com/win/2004/08/events/event"
            }
          }
        },
        "name": "Windows Update Error",
        "timestamp": "2025-06-28T08:46:26.380821+00:00",
        "authors": [
          "frack113"
        ],
        "level": "info",
        "source": "sigma",
        "status": "stable",
        "falsepositives": [
          "Unknown"
        ],
        "id": "13cfeb75-9e33-4d04-b0f7-ab8faaa95a59",
        "logsource": {
          "product": "windows",
          "service": "system"
        },
        "references": [
          "https://github.com/nasbench/EVTX-ETW-Resources/blob/f1b010ce0ee1b71e3024180de1a3e67f99701fe4/ETWProvidersManifests/Windows10/1903/W10_1903_Pro_20200714_18362.959/WEPExplorer/Microsoft-Windows-WindowsUpdateClient.xml"
        ],
        "tags": [
          "attack.impact",
          "attack.resource-development",
          "attack.t1584"
        ]
      },
      "matched_conditions": [],
      "time": null
    },
