    {
      "rule_title": "Unknown",
      "rule_id": "0badd08f-c6a3-4630-90d3-6875cca440be",
      "level": "info",
      "file": "sigma",
      "event": {
        "group": "Sigma",
        "kind": "individual",
        "document": {
          "kind": "evtx",
          "path": "C:\\Users\\SKA580~1.BAT\\AppData\\Local\\Temp\\tmp1hg5atjf\\evtx\\Security.evtx",
          "data": {
            "Event": {
              "EventData": {
                "TargetUserName": "sk.batsiev",
                "LogonType": 3,
                "TargetUserSid": "S-1-5-21-963789628-1060504924-4285088085-1001",
                "TargetDomainName": "DESKTOP-OFJ6N53",
                "TargetLogonId": "0x18585edc"
              },
              "System": {
                "EventID": 4634,
                "Level": 0,
                "Provider_attributes": {
                  "Name": "Microsoft-Windows-Security-Auditing",
                  "Guid": "54849625-5478-4994-A5BA-3E3B0328C30D"
                },
                "Version": 0,
                "Task": 12545,
                "Opcode": 0,
                "TimeCreated_attributes": {
                  "SystemTime": "2025-08-20T16:35:13.614938Z"
                },
                "Execution_attributes": {
                  "ProcessID": 780,
                  "ThreadID": 10656
                },
                "Correlation": null,
                "Keywords": "0x8020000000000000",
                "EventRecordID": 1088541,
                "Channel": "Security",
                "Computer": "DESKTOP-OFJ6N53",
                "Security": null
              }
            },
            "Event_attributes": {
              "xmlns": "http://schemas.microsoft.com/win/2004/08/events/event"
            }
          }
        },
        "name": "User Logoff Event",
        "timestamp": "2025-08-20T16:35:13.614938+00:00",
        "authors": [
          "frack113"
        ],
        "level": "info",
        "source": "sigma",
        "status": "experimental",
        "falsepositives": [
          "Unknown"
        ],
        "id": "0badd08f-c6a3-4630-90d3-6875cca440be",
        "logsource": {
          "product": "windows",
          "service": "security"
        },
        "references": [
          "https://github.com/Yamato-Security/EnableWindowsLogSettings/blob/7f6d755d45ac7cc9fc35b0cbf498e6aa4ef19def/ConfiguringSecurityLogAuditPolicies.md",
          "https://learn.microsoft.com/en-us/previous-versions/windows/it-pro/windows-10/security/threat-protection/auditing/event-4634",
          "https://learn.microsoft.com/en-us/previous-versions/windows/it-pro/windows-10/security/threat-protection/auditing/event-4647"
        ],
        "tags": [
          "attack.impact",
          "attack.t1531"
        ]
      },
      "matched_conditions": [],
      "time": null
    },
    {
      "rule_title": "Unknown",
      "rule_id": "0badd08f-c6a3-4630-90d3-6875cca440be",
      "level": "info",
      "file": "sigma",
      "event": {
        "group": "Sigma",
        "kind": "individual",
        "document": {
          "kind": "evtx",
          "path": "C:\\Users\\SKA580~1.BAT\\AppData\\Local\\Temp\\tmp1hg5atjf\\evtx\\Security.evtx",
          "data": {
            "Event": {
              "EventData": {
                "TargetUserName": "sk.batsiev",
                "LogonType": 7,
                "TargetUserSid": "S-1-5-21-963789628-1060504924-4285088085-1001",
                "TargetDomainName": "DESKTOP-OFJ6N53",
                "TargetLogonId": "0x23d676c8"
              },
              "System": {
                "EventID": 4634,
                "Level": 0,
                "Provider_attributes": {
                  "Name": "Microsoft-Windows-Security-Auditing",
                  "Guid": "54849625-5478-4994-A5BA-3E3B0328C30D"
                },
                "Version": 0,
                "Task": 12545,
                "Opcode": 0,
                "TimeCreated_attributes": {
                  "SystemTime": "2025-08-21T07:47:03.551859Z"
                },
                "Execution_attributes": {
                  "ProcessID": 780,
                  "ThreadID": 2848
                },
                "Correlation": null,
                "Keywords": "0x8020000000000000",
                "EventRecordID": 1088776,
                "Channel": "Security",
                "Computer": "DESKTOP-OFJ6N53",
                "Security": null
              }
            },
            "Event_attributes": {
              "xmlns": "http://schemas.microsoft.com/win/2004/08/events/event"
            }
          }
        },
        "name": "User Logoff Event",
        "timestamp": "2025-08-21T07:47:03.551859+00:00",
        "authors": [
          "frack113"
        ],
        "level": "info",
        "source": "sigma",
        "status": "experimental",
        "falsepositives": [
          "Unknown"
        ],
        "id": "0badd08f-c6a3-4630-90d3-6875cca440be",
        "logsource": {
          "product": "windows",
          "service": "security"
        },
        "references": [
          "https://github.com/Yamato-Security/EnableWindowsLogSettings/blob/7f6d755d45ac7cc9fc35b0cbf498e6aa4ef19def/ConfiguringSecurityLogAuditPolicies.md",
          "https://learn.microsoft.com/en-us/previous-versions/windows/it-pro/windows-10/security/threat-protection/auditing/event-4634",
          "https://learn.microsoft.com/en-us/previous-versions/windows/it-pro/windows-10/security/threat-protection/auditing/event-4647"
        ],
        "tags": [
          "attack.impact",
          "attack.t1531"
        ]
      },
      "matched_conditions": [],
      "time": null
    },
    {
      "rule_title": "Unknown",
      "rule_id": "0badd08f-c6a3-4630-90d3-6875cca440be",
      "level": "info",
      "file": "sigma",
      "event": {
        "group": "Sigma",
        "kind": "individual",
        "document": {
          "kind": "evtx",
          "path": "C:\\Users\\SKA580~1.BAT\\AppData\\Local\\Temp\\tmp1hg5atjf\\evtx\\Security.evtx",
          "data": {
            "Event": {
              "EventData": {
                "TargetUserName": "sk.batsiev",
                "LogonType": 7,
                "TargetUserSid": "S-1-5-21-963789628-1060504924-4285088085-1001",
                "TargetDomainName": "DESKTOP-OFJ6N53",
                "TargetLogonId": "0x23d67650"
              },
              "System": {
                "EventID": 4634,
                "Level": 0,
                "Provider_attributes": {
                  "Name": "Microsoft-Windows-Security-Auditing",
                  "Guid": "54849625-5478-4994-A5BA-3E3B0328C30D"
                },
                "Version": 0,
                "Task": 12545,
                "Opcode": 0,
                "TimeCreated_attributes": {
                  "SystemTime": "2025-08-21T07:47:03.551939Z"
                },
                "Execution_attributes": {
                  "ProcessID": 780,
                  "ThreadID": 11036
                },
                "Correlation": null,
                "Keywords": "0x8020000000000000",
                "EventRecordID": 1088777,
                "Channel": "Security",
                "Computer": "DESKTOP-OFJ6N53",
                "Security": null
              }
            },
            "Event_attributes": {
              "xmlns": "http://schemas.microsoft.com/win/2004/08/events/event"
            }
          }
        },
        "name": "User Logoff Event",
        "timestamp": "2025-08-21T07:47:03.551939+00:00",
        "authors": [
          "frack113"
        ],
        "level": "info",
        "source": "sigma",
        "status": "experimental",
        "falsepositives": [
          "Unknown"
        ],
        "id": "0badd08f-c6a3-4630-90d3-6875cca440be",
        "logsource": {
          "product": "windows",
          "service": "security"
        },
        "references": [
          "https://github.com/Yamato-Security/EnableWindowsLogSettings/blob/7f6d755d45ac7cc9fc35b0cbf498e6aa4ef19def/ConfiguringSecurityLogAuditPolicies.md",
          "https://learn.microsoft.com/en-us/previous-versions/windows/it-pro/windows-10/security/threat-protection/auditing/event-4634",
          "https://learn.microsoft.com/en-us/previous-versions/windows/it-pro/windows-10/security/threat-protection/auditing/event-4647"
        ],
        "tags": [
          "attack.impact",
          "attack.t1531"
        ]
      },
      "matched_conditions": [],
      "time": null
    },
    {
      "rule_title": "Unknown",
      "rule_id": "0badd08f-c6a3-4630-90d3-6875cca440be",
      "level": "info",
      "file": "sigma",
      "event": {
        "group": "Sigma",
        "kind": "individual",
        "document": {
          "kind": "evtx",
          "path": "C:\\Users\\SKA580~1.BAT\\AppData\\Local\\Temp\\tmp1hg5atjf\\evtx\\Security.evtx",
          "data": {
            "Event": {
              "EventData": {
                "TargetUserName": "sk.batsiev",
                "LogonType": 3,
                "TargetUserSid": "S-1-5-21-963789628-1060504924-4285088085-1001",
                "TargetDomainName": "DESKTOP-OFJ6N53",
                "TargetLogonId": "0x23d5a316"
              },
              "System": {
                "EventID": 4634,
                "Level": 0,
                "Provider_attributes": {
                  "Name": "Microsoft-Windows-Security-Auditing",
                  "Guid": "54849625-5478-4994-A5BA-3E3B0328C30D"
                },
                "Version": 0,
                "Task": 12545,
                "Opcode": 0,
                "TimeCreated_attributes": {
                  "SystemTime": "2025-08-21T08:13:10.906368Z"
                },
                "Execution_attributes": {
                  "ProcessID": 780,
                  "ThreadID": 860
                },
                "Correlation": null,
                "Keywords": "0x8020000000000000",
                "EventRecordID": 1088818,
                "Channel": "Security",
                "Computer": "DESKTOP-OFJ6N53",
                "Security": null
              }
            },
            "Event_attributes": {
              "xmlns": "http://schemas.microsoft.com/win/2004/08/events/event"
            }
          }
        },
        "name": "User Logoff Event",
        "timestamp": "2025-08-21T08:13:10.906368+00:00",
        "authors": [
          "frack113"
        ],
        "level": "info",
        "source": "sigma",
        "status": "experimental",
        "falsepositives": [
          "Unknown"
        ],
        "id": "0badd08f-c6a3-4630-90d3-6875cca440be",
        "logsource": {
          "product": "windows",
          "service": "security"
        },
        "references": [
          "https://github.com/Yamato-Security/EnableWindowsLogSettings/blob/7f6d755d45ac7cc9fc35b0cbf498e6aa4ef19def/ConfiguringSecurityLogAuditPolicies.md",
          "https://learn.microsoft.com/en-us/previous-versions/windows/it-pro/windows-10/security/threat-protection/auditing/event-4634",
          "https://learn.microsoft.com/en-us/previous-versions/windows/it-pro/windows-10/security/threat-protection/auditing/event-4647"
        ],
        "tags": [
          "attack.impact",
          "attack.t1531"
        ]
      },
      "matched_conditions": [],
      "time": null
    },
    {
      "rule_title": "Unknown",
      "rule_id": "0badd08f-c6a3-4630-90d3-6875cca440be",
      "level": "info",
      "file": "sigma",
      "event": {
        "group": "Sigma",
        "kind": "individual",
        "document": {
          "kind": "evtx",
          "path": "C:\\Users\\SKA580~1.BAT\\AppData\\Local\\Temp\\tmp1hg5atjf\\evtx\\Security.evtx",
          "data": {
            "Event": {
              "EventData": {
                "TargetUserName": "sk.batsiev",
                "LogonType": 7,
                "TargetUserSid": "S-1-5-21-963789628-1060504924-4285088085-1001",
                "TargetDomainName": "DESKTOP-OFJ6N53",
                "TargetLogonId": "0x24d5087f"
              },
              "System": {
                "EventID": 4634,
                "Level": 0,
                "Provider_attributes": {
                  "Name": "Microsoft-Windows-Security-Auditing",
                  "Guid": "54849625-5478-4994-A5BA-3E3B0328C30D"
                },
                "Version": 0,
                "Task": 12545,
                "Opcode": 0,
                "TimeCreated_attributes": {
                  "SystemTime": "2025-08-21T08:39:49.067309Z"
                },
                "Execution_attributes": {
                  "ProcessID": 780,
                  "ThreadID": 860
                },
                "Correlation": null,
                "Keywords": "0x8020000000000000",
                "EventRecordID": 1088852,
                "Channel": "Security",
                "Computer": "DESKTOP-OFJ6N53",
                "Security": null
              }
            },
            "Event_attributes": {
              "xmlns": "http://schemas.microsoft.com/win/2004/08/events/event"
            }
          }
        },
        "name": "User Logoff Event",
        "timestamp": "2025-08-21T08:39:49.067309+00:00",
        "authors": [
          "frack113"
        ],
        "level": "info",
        "source": "sigma",
        "status": "experimental",
        "falsepositives": [
          "Unknown"
        ],
        "id": "0badd08f-c6a3-4630-90d3-6875cca440be",
        "logsource": {
          "product": "windows",
          "service": "security"
        },
        "references": [
          "https://github.com/Yamato-Security/EnableWindowsLogSettings/blob/7f6d755d45ac7cc9fc35b0cbf498e6aa4ef19def/ConfiguringSecurityLogAuditPolicies.md",
          "https://learn.microsoft.com/en-us/previous-versions/windows/it-pro/windows-10/security/threat-protection/auditing/event-4634",
          "https://learn.microsoft.com/en-us/previous-versions/windows/it-pro/windows-10/security/threat-protection/auditing/event-4647"
        ],
        "tags": [
          "attack.impact",
          "attack.t1531"
        ]
      },
      "matched_conditions": [],
      "time": null
    },
    {
      "rule_title": "Unknown",
      "rule_id": "0badd08f-c6a3-4630-90d3-6875cca440be",
      "level": "info",
      "file": "sigma",
      "event": {
        "group": "Sigma",
        "kind": "individual",
        "document": {
          "kind": "evtx",
          "path": "C:\\Users\\SKA580~1.BAT\\AppData\\Local\\Temp\\tmp1hg5atjf\\evtx\\Security.evtx",
          "data": {
            "Event": {
              "EventData": {
                "TargetUserName": "sk.batsiev",
                "LogonType": 7,
                "TargetUserSid": "S-1-5-21-963789628-1060504924-4285088085-1001",
                "TargetDomainName": "DESKTOP-OFJ6N53",
                "TargetLogonId": "0x24d50415"
              },
              "System": {
                "EventID": 4634,
                "Level": 0,
                "Provider_attributes": {
                  "Name": "Microsoft-Windows-Security-Auditing",
                  "Guid": "54849625-5478-4994-A5BA-3E3B0328C30D"
                },
                "Version": 0,
                "Task": 12545,
                "Opcode": 0,
                "TimeCreated_attributes": {
                  "SystemTime": "2025-08-21T08:39:49.067390Z"
                },
                "Execution_attributes": {
                  "ProcessID": 780,
                  "ThreadID": 1452
                },
                "Correlation": null,
                "Keywords": "0x8020000000000000",
                "EventRecordID": 1088853,
                "Channel": "Security",
                "Computer": "DESKTOP-OFJ6N53",
                "Security": null
              }
            },
            "Event_attributes": {
              "xmlns": "http://schemas.microsoft.com/win/2004/08/events/event"
            }
          }
        },
        "name": "User Logoff Event",
        "timestamp": "2025-08-21T08:39:49.067390+00:00",
        "authors": [
          "frack113"
        ],
        "level": "info",
        "source": "sigma",
        "status": "experimental",
        "falsepositives": [
          "Unknown"
        ],
        "id": "0badd08f-c6a3-4630-90d3-6875cca440be",
        "logsource": {
          "product": "windows",
          "service": "security"
        },
        "references": [
          "https://github.com/Yamato-Security/EnableWindowsLogSettings/blob/7f6d755d45ac7cc9fc35b0cbf498e6aa4ef19def/ConfiguringSecurityLogAuditPolicies.md",
          "https://learn.microsoft.com/en-us/previous-versions/windows/it-pro/windows-10/security/threat-protection/auditing/event-4634",
          "https://learn.microsoft.com/en-us/previous-versions/windows/it-pro/windows-10/security/threat-protection/auditing/event-4647"
        ],
        "tags": [
          "attack.impact",
          "attack.t1531"
        ]
      },
      "matched_conditions": [],
      "time": null
    },
    {
      "rule_title": "Unknown",
      "rule_id": "0badd08f-c6a3-4630-90d3-6875cca440be",
      "level": "info",
      "file": "sigma",
      "event": {
        "group": "Sigma",
        "kind": "individual",
        "document": {
          "kind": "evtx",
          "path": "C:\\Users\\SKA580~1.BAT\\AppData\\Local\\Temp\\tmp1hg5atjf\\evtx\\Security.evtx",
          "data": {
            "Event": {
              "EventData": {
                "TargetUserName": "sk.batsiev",
                "LogonType": 3,
                "TargetUserSid": "S-1-5-21-963789628-1060504924-4285088085-1001",
                "TargetDomainName": "DESKTOP-OFJ6N53",
                "TargetLogonId": "0x24d45621"
              },
              "System": {
                "EventID": 4634,
                "Level": 0,
                "Provider_attributes": {
                  "Name": "Microsoft-Windows-Security-Auditing",
                  "Guid": "54849625-5478-4994-A5BA-3E3B0328C30D"
                },
                "Version": 0,
                "Task": 12545,
                "Opcode": 0,
                "TimeCreated_attributes": {
                  "SystemTime": "2025-08-21T10:03:27.139866Z"
                },
                "Execution_attributes": {
                  "ProcessID": 780,
                  "ThreadID": 860
                },
                "Correlation": null,
                "Keywords": "0x8020000000000000",
                "EventRecordID": 1088926,
                "Channel": "Security",
                "Computer": "DESKTOP-OFJ6N53",
                "Security": null
              }
            },
            "Event_attributes": {
              "xmlns": "http://schemas.microsoft.com/win/2004/08/events/event"
            }
          }
        },
        "name": "User Logoff Event",
        "timestamp": "2025-08-21T10:03:27.139866+00:00",
        "authors": [
          "frack113"
        ],
        "level": "info",
        "source": "sigma",
        "status": "experimental",
        "falsepositives": [
          "Unknown"
        ],
        "id": "0badd08f-c6a3-4630-90d3-6875cca440be",
        "logsource": {
          "product": "windows",
          "service": "security"
        },
        "references": [
          "https://github.com/Yamato-Security/EnableWindowsLogSettings/blob/7f6d755d45ac7cc9fc35b0cbf498e6aa4ef19def/ConfiguringSecurityLogAuditPolicies.md",
          "https://learn.microsoft.com/en-us/previous-versions/windows/it-pro/windows-10/security/threat-protection/auditing/event-4634",
          "https://learn.microsoft.com/en-us/previous-versions/windows/it-pro/windows-10/security/threat-protection/auditing/event-4647"
        ],
        "tags": [
          "attack.impact",
          "attack.t1531"
        ]
      },
      "matched_conditions": [],
      "time": null
    },
    {
      "rule_title": "Unknown",
      "rule_id": "0badd08f-c6a3-4630-90d3-6875cca440be",
      "level": "info",
      "file": "sigma",
      "event": {
        "group": "Sigma",
        "kind": "individual",
        "document": {
          "kind": "evtx",
          "path": "C:\\Users\\SKA580~1.BAT\\AppData\\Local\\Temp\\tmp1hg5atjf\\evtx\\Security.evtx",
          "data": {
            "Event": {
              "EventData": {
                "TargetUserName": "sk.batsiev",
                "LogonType": 7,
                "TargetUserSid": "S-1-5-21-963789628-1060504924-4285088085-1001",
                "TargetDomainName": "DESKTOP-OFJ6N53",
                "TargetLogonId": "0x2604cd8f"
              },
              "System": {
                "EventID": 4634,
                "Level": 0,
                "Provider_attributes": {
                  "Name": "Microsoft-Windows-Security-Auditing",
                  "Guid": "54849625-5478-4994-A5BA-3E3B0328C30D"
                },
                "Version": 0,
                "Task": 12545,
                "Opcode": 0,
                "TimeCreated_attributes": {
                  "SystemTime": "2025-08-21T10:10:34.841696Z"
                },
                "Execution_attributes": {
                  "ProcessID": 780,
                  "ThreadID": 860
                },
                "Correlation": null,
                "Keywords": "0x8020000000000000",
                "EventRecordID": 1088971,
                "Channel": "Security",
                "Computer": "DESKTOP-OFJ6N53",
                "Security": null
              }
            },
            "Event_attributes": {
              "xmlns": "http://schemas.microsoft.com/win/2004/08/events/event"
            }
          }
        },
        "name": "User Logoff Event",
        "timestamp": "2025-08-21T10:10:34.841696+00:00",
        "authors": [
          "frack113"
        ],
        "level": "info",
        "source": "sigma",
        "status": "experimental",
        "falsepositives": [
          "Unknown"
        ],
        "id": "0badd08f-c6a3-4630-90d3-6875cca440be",
        "logsource": {
          "product": "windows",
          "service": "security"
        },
        "references": [
          "https://github.com/Yamato-Security/EnableWindowsLogSettings/blob/7f6d755d45ac7cc9fc35b0cbf498e6aa4ef19def/ConfiguringSecurityLogAuditPolicies.md",
          "https://learn.microsoft.com/en-us/previous-versions/windows/it-pro/windows-10/security/threat-protection/auditing/event-4634",
          "https://learn.microsoft.com/en-us/previous-versions/windows/it-pro/windows-10/security/threat-protection/auditing/event-4647"
        ],
        "tags": [
          "attack.impact",
          "attack.t1531"
        ]
      },
      "matched_conditions": [],
      "time": null
    },
    {
      "rule_title": "Unknown",
      "rule_id": "0badd08f-c6a3-4630-90d3-6875cca440be",
      "level": "info",
      "file": "sigma",
      "event": {
        "group": "Sigma",
        "kind": "individual",
        "document": {
          "kind": "evtx",
          "path": "C:\\Users\\SKA580~1.BAT\\AppData\\Local\\Temp\\tmp1hg5atjf\\evtx\\Security.evtx",
          "data": {
            "Event": {
              "EventData": {
                "TargetUserName": "sk.batsiev",
                "LogonType": 7,
                "TargetUserSid": "S-1-5-21-963789628-1060504924-4285088085-1001",
                "TargetDomainName": "DESKTOP-OFJ6N53",
                "TargetLogonId": "0x2604cd11"
              },
              "System": {
                "EventID": 4634,
                "Level": 0,
                "Provider_attributes": {
                  "Name": "Microsoft-Windows-Security-Auditing",
                  "Guid": "54849625-5478-4994-A5BA-3E3B0328C30D"
                },
                "Version": 0,
                "Task": 12545,
                "Opcode": 0,
                "TimeCreated_attributes": {
                  "SystemTime": "2025-08-21T10:10:34.841800Z"
                },
                "Execution_attributes": {
                  "ProcessID": 780,
                  "ThreadID": 12524
                },
                "Correlation": null,
                "Keywords": "0x8020000000000000",
                "EventRecordID": 1088972,
                "Channel": "Security",
                "Computer": "DESKTOP-OFJ6N53",
                "Security": null
              }
            },
            "Event_attributes": {
              "xmlns": "http://schemas.microsoft.com/win/2004/08/events/event"
            }
          }
        },
        "name": "User Logoff Event",
        "timestamp": "2025-08-21T10:10:34.841800+00:00",
        "authors": [
          "frack113"
        ],
        "level": "info",
        "source": "sigma",
        "status": "experimental",
        "falsepositives": [
          "Unknown"
        ],
        "id": "0badd08f-c6a3-4630-90d3-6875cca440be",
        "logsource": {
          "product": "windows",
          "service": "security"
        },
        "references": [
          "https://github.com/Yamato-Security/EnableWindowsLogSettings/blob/7f6d755d45ac7cc9fc35b0cbf498e6aa4ef19def/ConfiguringSecurityLogAuditPolicies.md",
          "https://learn.microsoft.com/en-us/previous-versions/windows/it-pro/windows-10/security/threat-protection/auditing/event-4634",
          "https://learn.microsoft.com/en-us/previous-versions/windows/it-pro/windows-10/security/threat-protection/auditing/event-4647"
        ],
        "tags": [
          "attack.impact",
          "attack.t1531"
        ]
      },
      "matched_conditions": [],
      "time": null
    },
    {
      "rule_title": "Unknown",
      "rule_id": "0badd08f-c6a3-4630-90d3-6875cca440be",
      "level": "info",
      "file": "sigma",
      "event": {
        "group": "Sigma",
        "kind": "individual",
        "document": {
          "kind": "evtx",
          "path": "C:\\Users\\SKA580~1.BAT\\AppData\\Local\\Temp\\tmp1hg5atjf\\evtx\\Security.evtx",
          "data": {
            "Event": {
              "EventData": {
                "TargetUserName": "sk.batsiev",
                "LogonType": 3,
                "TargetUserSid": "S-1-5-21-963789628-1060504924-4285088085-1001",
                "TargetDomainName": "DESKTOP-OFJ6N53",
                "TargetLogonId": "0x26041e46"
              },
              "System": {
                "EventID": 4634,
                "Level": 0,
                "Provider_attributes": {
                  "Name": "Microsoft-Windows-Security-Auditing",
                  "Guid": "54849625-5478-4994-A5BA-3E3B0328C30D"
                },
                "Version": 0,
                "Task": 12545,
                "Opcode": 0,
                "TimeCreated_attributes": {
                  "SystemTime": "2025-08-21T10:38:03.607151Z"
                },
                "Execution_attributes": {
                  "ProcessID": 780,
                  "ThreadID": 11708
                },
                "Correlation": null,
                "Keywords": "0x8020000000000000",
                "EventRecordID": 1088986,
                "Channel": "Security",
                "Computer": "DESKTOP-OFJ6N53",
                "Security": null
              }
            },
            "Event_attributes": {
              "xmlns": "http://schemas.microsoft.com/win/2004/08/events/event"
            }
          }
        },
        "name": "User Logoff Event",
        "timestamp": "2025-08-21T10:38:03.607151+00:00",
        "authors": [
          "frack113"
        ],
        "level": "info",
        "source": "sigma",
        "status": "experimental",
        "falsepositives": [
          "Unknown"
        ],
        "id": "0badd08f-c6a3-4630-90d3-6875cca440be",
        "logsource": {
          "product": "windows",
          "service": "security"
        },
        "references": [
          "https://github.com/Yamato-Security/EnableWindowsLogSettings/blob/7f6d755d45ac7cc9fc35b0cbf498e6aa4ef19def/ConfiguringSecurityLogAuditPolicies.md",
          "https://learn.microsoft.com/en-us/previous-versions/windows/it-pro/windows-10/security/threat-protection/auditing/event-4634",
          "https://learn.microsoft.com/en-us/previous-versions/windows/it-pro/windows-10/security/threat-protection/auditing/event-4647"
        ],
        "tags": [
          "attack.impact",
          "attack.t1531"
        ]
      },
      "matched_conditions": [],
      "time": null
    },
    {
      "rule_title": "Unknown",
      "rule_id": "0badd08f-c6a3-4630-90d3-6875cca440be",
      "level": "info",
      "file": "sigma",
      "event": {
        "group": "Sigma",
        "kind": "individual",
        "document": {
          "kind": "evtx",
          "path": "C:\\Users\\SKA580~1.BAT\\AppData\\Local\\Temp\\tmp1hg5atjf\\evtx\\Security.evtx",
          "data": {
            "Event": {
              "EventData": {
                "TargetUserName": "sk.batsiev",
                "LogonType": 7,
                "TargetUserSid": "S-1-5-21-963789628-1060504924-4285088085-1001",
                "TargetDomainName": "DESKTOP-OFJ6N53",
                "TargetLogonId": "0x26680ac4"
              },
              "System": {
                "EventID": 4634,
                "Level": 0,
                "Provider_attributes": {
                  "Name": "Microsoft-Windows-Security-Auditing",
                  "Guid": "54849625-5478-4994-A5BA-3E3B0328C30D"
                },
                "Version": 0,
                "Task": 12545,
                "Opcode": 0,
                "TimeCreated_attributes": {
                  "SystemTime": "2025-08-21T10:38:43.175816Z"
                },
                "Execution_attributes": {
                  "ProcessID": 780,
                  "ThreadID": 11708
                },
                "Correlation": null,
                "Keywords": "0x8020000000000000",
                "EventRecordID": 1089003,
                "Channel": "Security",
                "Computer": "DESKTOP-OFJ6N53",
                "Security": null
              }
            },
            "Event_attributes": {
              "xmlns": "http://schemas.microsoft.com/win/2004/08/events/event"
            }
          }
        },
        "name": "User Logoff Event",
        "timestamp": "2025-08-21T10:38:43.175816+00:00",
        "authors": [
          "frack113"
        ],
        "level": "info",
        "source": "sigma",
        "status": "experimental",
        "falsepositives": [
          "Unknown"
        ],
        "id": "0badd08f-c6a3-4630-90d3-6875cca440be",
        "logsource": {
          "product": "windows",
          "service": "security"
        },
        "references": [
          "https://github.com/Yamato-Security/EnableWindowsLogSettings/blob/7f6d755d45ac7cc9fc35b0cbf498e6aa4ef19def/ConfiguringSecurityLogAuditPolicies.md",
          "https://learn.microsoft.com/en-us/previous-versions/windows/it-pro/windows-10/security/threat-protection/auditing/event-4634",
          "https://learn.microsoft.com/en-us/previous-versions/windows/it-pro/windows-10/security/threat-protection/auditing/event-4647"
        ],
        "tags": [
          "attack.impact",
          "attack.t1531"
        ]
      },
      "matched_conditions": [],
      "time": null
    },
    {
      "rule_title": "Unknown",
      "rule_id": "0badd08f-c6a3-4630-90d3-6875cca440be",
      "level": "info",
      "file": "sigma",
      "event": {
        "group": "Sigma",
        "kind": "individual",
        "document": {
          "kind": "evtx",
          "path": "C:\\Users\\SKA580~1.BAT\\AppData\\Local\\Temp\\tmp1hg5atjf\\evtx\\Security.evtx",
          "data": {
            "Event": {
              "EventData": {
                "TargetUserName": "sk.batsiev",
                "LogonType": 7,
                "TargetUserSid": "S-1-5-21-963789628-1060504924-4285088085-1001",
                "TargetDomainName": "DESKTOP-OFJ6N53",
                "TargetLogonId": "0x2668092b"
              },
              "System": {
                "EventID": 4634,
                "Level": 0,
                "Provider_attributes": {
                  "Name": "Microsoft-Windows-Security-Auditing",
                  "Guid": "54849625-5478-4994-A5BA-3E3B0328C30D"
                },
                "Version": 0,
                "Task": 12545,
                "Opcode": 0,
                "TimeCreated_attributes": {
                  "SystemTime": "2025-08-21T10:38:43.175931Z"
                },
                "Execution_attributes": {
                  "ProcessID": 780,
                  "ThreadID": 12772
                },
                "Correlation": null,
                "Keywords": "0x8020000000000000",
                "EventRecordID": 1089004,
                "Channel": "Security",
                "Computer": "DESKTOP-OFJ6N53",
                "Security": null
              }
            },
            "Event_attributes": {
              "xmlns": "http://schemas.microsoft.com/win/2004/08/events/event"
            }
          }
        },
        "name": "User Logoff Event",
        "timestamp": "2025-08-21T10:38:43.175931+00:00",
        "authors": [
          "frack113"
        ],
        "level": "info",
        "source": "sigma",
        "status": "experimental",
        "falsepositives": [
          "Unknown"
        ],
        "id": "0badd08f-c6a3-4630-90d3-6875cca440be",
        "logsource": {
          "product": "windows",
          "service": "security"
        },
        "references": [
          "https://github.com/Yamato-Security/EnableWindowsLogSettings/blob/7f6d755d45ac7cc9fc35b0cbf498e6aa4ef19def/ConfiguringSecurityLogAuditPolicies.md",
          "https://learn.microsoft.com/en-us/previous-versions/windows/it-pro/windows-10/security/threat-protection/auditing/event-4634",
          "https://learn.microsoft.com/en-us/previous-versions/windows/it-pro/windows-10/security/threat-protection/auditing/event-4647"
        ],
        "tags": [
          "attack.impact",
          "attack.t1531"
        ]
      },
      "matched_conditions": [],
      "time": null
    },
    {
      "rule_title": "Unknown",
      "rule_id": "0badd08f-c6a3-4630-90d3-6875cca440be",
      "level": "info",
      "file": "sigma",
      "event": {
        "group": "Sigma",
        "kind": "individual",
        "document": {
          "kind": "evtx",
          "path": "C:\\Users\\SKA580~1.BAT\\AppData\\Local\\Temp\\tmp1hg5atjf\\evtx\\Security.evtx",
          "data": {
            "Event": {
              "EventData": {
                "TargetUserName": "sk.batsiev",
                "LogonType": 3,
                "TargetUserSid": "S-1-5-21-963789628-1060504924-4285088085-1001",
                "TargetDomainName": "DESKTOP-OFJ6N53",
                "TargetLogonId": "0x26671547"
              },
              "System": {
                "EventID": 4634,
                "Level": 0,
                "Provider_attributes": {
                  "Name": "Microsoft-Windows-Security-Auditing",
                  "Guid": "54849625-5478-4994-A5BA-3E3B0328C30D"
                },
                "Version": 0,
                "Task": 12545,
                "Opcode": 0,
                "TimeCreated_attributes": {
                  "SystemTime": "2025-08-21T10:41:23.951102Z"
                },
                "Execution_attributes": {
                  "ProcessID": 780,
                  "ThreadID": 5632
                },
                "Correlation": null,
                "Keywords": "0x8020000000000000",
                "EventRecordID": 1089006,
                "Channel": "Security",
                "Computer": "DESKTOP-OFJ6N53",
                "Security": null
              }
            },
            "Event_attributes": {
              "xmlns": "http://schemas.microsoft.com/win/2004/08/events/event"
            }
          }
        },
        "name": "User Logoff Event",
        "timestamp": "2025-08-21T10:41:23.951102+00:00",
        "authors": [
          "frack113"
        ],
        "level": "info",
        "source": "sigma",
        "status": "experimental",
        "falsepositives": [
          "Unknown"
        ],
        "id": "0badd08f-c6a3-4630-90d3-6875cca440be",
        "logsource": {
          "product": "windows",
          "service": "security"
        },
        "references": [
          "https://github.com/Yamato-Security/EnableWindowsLogSettings/blob/7f6d755d45ac7cc9fc35b0cbf498e6aa4ef19def/ConfiguringSecurityLogAuditPolicies.md",
          "https://learn.microsoft.com/en-us/previous-versions/windows/it-pro/windows-10/security/threat-protection/auditing/event-4634",
          "https://learn.microsoft.com/en-us/previous-versions/windows/it-pro/windows-10/security/threat-protection/auditing/event-4647"
        ],
        "tags": [
          "attack.impact",
          "attack.t1531"
        ]
      },
      "matched_conditions": [],
      "time": null
    },
    {
      "rule_title": "Unknown",
      "rule_id": "0badd08f-c6a3-4630-90d3-6875cca440be",
      "level": "info",
      "file": "sigma",
      "event": {
        "group": "Sigma",
        "kind": "individual",
        "document": {
          "kind": "evtx",
          "path": "C:\\Users\\SKA580~1.BAT\\AppData\\Local\\Temp\\tmp1hg5atjf\\evtx\\Security.evtx",
          "data": {
            "Event": {
              "EventData": {
                "TargetUserName": "sk.batsiev",
                "LogonType": 7,
                "TargetUserSid": "S-1-5-21-963789628-1060504924-4285088085-1001",
                "TargetDomainName": "DESKTOP-OFJ6N53",
                "TargetLogonId": "0x267c8beb"
              },
              "System": {
                "EventID": 4634,
                "Level": 0,
                "Provider_attributes": {
                  "Name": "Microsoft-Windows-Security-Auditing",
                  "Guid": "54849625-5478-4994-A5BA-3E3B0328C30D"
                },
                "Version": 0,
                "Task": 12545,
                "Opcode": 0,
                "TimeCreated_attributes": {
                  "SystemTime": "2025-08-21T10:42:41.934134Z"
                },
                "Execution_attributes": {
                  "ProcessID": 780,
                  "ThreadID": 860
                },
                "Correlation": null,
                "Keywords": "0x8020000000000000",
                "EventRecordID": 1089019,
                "Channel": "Security",
                "Computer": "DESKTOP-OFJ6N53",
                "Security": null
              }
            },
            "Event_attributes": {
              "xmlns": "http://schemas.microsoft.com/win/2004/08/events/event"
            }
          }
        },
        "name": "User Logoff Event",
        "timestamp": "2025-08-21T10:42:41.934134+00:00",
        "authors": [
          "frack113"
        ],
        "level": "info",
        "source": "sigma",
        "status": "experimental",
        "falsepositives": [
          "Unknown"
        ],
        "id": "0badd08f-c6a3-4630-90d3-6875cca440be",
        "logsource": {
          "product": "windows",
          "service": "security"
        },
        "references": [
          "https://github.com/Yamato-Security/EnableWindowsLogSettings/blob/7f6d755d45ac7cc9fc35b0cbf498e6aa4ef19def/ConfiguringSecurityLogAuditPolicies.md",
          "https://learn.microsoft.com/en-us/previous-versions/windows/it-pro/windows-10/security/threat-protection/auditing/event-4634",
          "https://learn.microsoft.com/en-us/previous-versions/windows/it-pro/windows-10/security/threat-protection/auditing/event-4647"
        ],
        "tags": [
          "attack.impact",
          "attack.t1531"
        ]
      },
      "matched_conditions": [],
      "time": null
    },
    {
      "rule_title": "Unknown",
      "rule_id": "0badd08f-c6a3-4630-90d3-6875cca440be",
      "level": "info",
      "file": "sigma",
      "event": {
        "group": "Sigma",
        "kind": "individual",
        "document": {
          "kind": "evtx",
          "path": "C:\\Users\\SKA580~1.BAT\\AppData\\Local\\Temp\\tmp1hg5atjf\\evtx\\Security.evtx",
          "data": {
            "Event": {
              "EventData": {
                "TargetUserName": "sk.batsiev",
                "LogonType": 7,
                "TargetUserSid": "S-1-5-21-963789628-1060504924-4285088085-1001",
                "TargetDomainName": "DESKTOP-OFJ6N53",
                "TargetLogonId": "0x267c8935"
              },
              "System": {
                "EventID": 4634,
                "Level": 0,
                "Provider_attributes": {
                  "Name": "Microsoft-Windows-Security-Auditing",
                  "Guid": "54849625-5478-4994-A5BA-3E3B0328C30D"
                },
                "Version": 0,
                "Task": 12545,
                "Opcode": 0,
                "TimeCreated_attributes": {
                  "SystemTime": "2025-08-21T10:42:41.934215Z"
                },
                "Execution_attributes": {
                  "ProcessID": 780,
                  "ThreadID": 10308
                },
                "Correlation": null,
                "Keywords": "0x8020000000000000",
                "EventRecordID": 1089020,
                "Channel": "Security",
                "Computer": "DESKTOP-OFJ6N53",
                "Security": null
              }
            },
            "Event_attributes": {
              "xmlns": "http://schemas.microsoft.com/win/2004/08/events/event"
            }
          }
        },
        "name": "User Logoff Event",
        "timestamp": "2025-08-21T10:42:41.934215+00:00",
        "authors": [
          "frack113"
        ],
        "level": "info",
        "source": "sigma",
        "status": "experimental",
        "falsepositives": [
          "Unknown"
        ],
        "id": "0badd08f-c6a3-4630-90d3-6875cca440be",
        "logsource": {
          "product": "windows",
          "service": "security"
        },
        "references": [
          "https://github.com/Yamato-Security/EnableWindowsLogSettings/blob/7f6d755d45ac7cc9fc35b0cbf498e6aa4ef19def/ConfiguringSecurityLogAuditPolicies.md",
          "https://learn.microsoft.com/en-us/previous-versions/windows/it-pro/windows-10/security/threat-protection/auditing/event-4634",
          "https://learn.microsoft.com/en-us/previous-versions/windows/it-pro/windows-10/security/threat-protection/auditing/event-4647"
        ],
        "tags": [
          "attack.impact",
          "attack.t1531"
        ]
      },
      "matched_conditions": [],
      "time": null
    },
    {
      "rule_title": "Unknown",
      "rule_id": "0badd08f-c6a3-4630-90d3-6875cca440be",
      "level": "info",
      "file": "sigma",
      "event": {
        "group": "Sigma",
        "kind": "individual",
        "document": {
          "kind": "evtx",
          "path": "C:\\Users\\SKA580~1.BAT\\AppData\\Local\\Temp\\tmp1hg5atjf\\evtx\\Security.evtx",
          "data": {
            "Event": {
              "EventData": {
                "TargetUserName": "sk.batsiev",
                "LogonType": 3,
                "TargetUserSid": "S-1-5-21-963789628-1060504924-4285088085-1001",
                "TargetDomainName": "DESKTOP-OFJ6N53",
                "TargetLogonId": "0x267c10a4"
              },
              "System": {
                "EventID": 4634,
                "Level": 0,
                "Provider_attributes": {
                  "Name": "Microsoft-Windows-Security-Auditing",
                  "Guid": "54849625-5478-4994-A5BA-3E3B0328C30D"
                },
                "Version": 0,
                "Task": 12545,
                "Opcode": 0,
                "TimeCreated_attributes": {
                  "SystemTime": "2025-08-21T10:45:29.217979Z"
                },
                "Execution_attributes": {
                  "ProcessID": 780,
                  "ThreadID": 10308
                },
                "Correlation": null,
                "Keywords": "0x8020000000000000",
                "EventRecordID": 1089022,
                "Channel": "Security",
                "Computer": "DESKTOP-OFJ6N53",
                "Security": null
              }
            },
            "Event_attributes": {
              "xmlns": "http://schemas.microsoft.com/win/2004/08/events/event"
            }
          }
        },
        "name": "User Logoff Event",
        "timestamp": "2025-08-21T10:45:29.217979+00:00",
        "authors": [
          "frack113"
        ],
        "level": "info",
        "source": "sigma",
        "status": "experimental",
        "falsepositives": [
          "Unknown"
        ],
        "id": "0badd08f-c6a3-4630-90d3-6875cca440be",
        "logsource": {
          "product": "windows",
          "service": "security"
        },
        "references": [
          "https://github.com/Yamato-Security/EnableWindowsLogSettings/blob/7f6d755d45ac7cc9fc35b0cbf498e6aa4ef19def/ConfiguringSecurityLogAuditPolicies.md",
          "https://learn.microsoft.com/en-us/previous-versions/windows/it-pro/windows-10/security/threat-protection/auditing/event-4634",
          "https://learn.microsoft.com/en-us/previous-versions/windows/it-pro/windows-10/security/threat-protection/auditing/event-4647"
        ],
        "tags": [
          "attack.impact",
          "attack.t1531"
        ]
      },
      "matched_conditions": [],
      "time": null
    },
    {
      "rule_title": "Unknown",
      "rule_id": "0badd08f-c6a3-4630-90d3-6875cca440be",
      "level": "info",
      "file": "sigma",
      "event": {
        "group": "Sigma",
        "kind": "individual",
        "document": {
          "kind": "evtx",
          "path": "C:\\Users\\SKA580~1.BAT\\AppData\\Local\\Temp\\tmp1hg5atjf\\evtx\\Security.evtx",
          "data": {
            "Event": {
              "EventData": {
                "TargetUserName": "sk.batsiev",
                "LogonType": 7,
                "TargetUserSid": "S-1-5-21-963789628-1060504924-4285088085-1001",
                "TargetDomainName": "DESKTOP-OFJ6N53",
                "TargetLogonId": "0x26992bfb"
              },
              "System": {
                "EventID": 4634,
                "Level": 0,
                "Provider_attributes": {
                  "Name": "Microsoft-Windows-Security-Auditing",
                  "Guid": "54849625-5478-4994-A5BA-3E3B0328C30D"
                },
                "Version": 0,
                "Task": 12545,
                "Opcode": 0,
                "TimeCreated_attributes": {
                  "SystemTime": "2025-08-21T10:46:53.116743Z"
                },
                "Execution_attributes": {
                  "ProcessID": 780,
                  "ThreadID": 12020
                },
                "Correlation": null,
                "Keywords": "0x8020000000000000",
                "EventRecordID": 1089035,
                "Channel": "Security",
                "Computer": "DESKTOP-OFJ6N53",
                "Security": null
              }
            },
            "Event_attributes": {
              "xmlns": "http://schemas.microsoft.com/win/2004/08/events/event"
            }
          }
        },
        "name": "User Logoff Event",
        "timestamp": "2025-08-21T10:46:53.116743+00:00",
        "authors": [
          "frack113"
        ],
        "level": "info",
        "source": "sigma",
        "status": "experimental",
        "falsepositives": [
          "Unknown"
        ],
        "id": "0badd08f-c6a3-4630-90d3-6875cca440be",
        "logsource": {
          "product": "windows",
          "service": "security"
        },
        "references": [
          "https://github.com/Yamato-Security/EnableWindowsLogSettings/blob/7f6d755d45ac7cc9fc35b0cbf498e6aa4ef19def/ConfiguringSecurityLogAuditPolicies.md",
          "https://learn.microsoft.com/en-us/previous-versions/windows/it-pro/windows-10/security/threat-protection/auditing/event-4634",
          "https://learn.microsoft.com/en-us/previous-versions/windows/it-pro/windows-10/security/threat-protection/auditing/event-4647"
        ],
        "tags": [
          "attack.impact",
          "attack.t1531"
        ]
      },
      "matched_conditions": [],
      "time": null
    },
