    {
      "rule_title": "Unknown",
      "rule_id": "0badd08f-c6a3-4630-90d3-6875cca440be",
      "level": "info",
      "file": "sigma",
      "event": {
        "group": "Sigma",
        "kind": "individual",
        "document": {
          "kind": "evtx",
          "path": "C:\\Users\\SKA580~1.BAT\\AppData\\Local\\Temp\\tmp1hg5atjf\\evtx\\Security.evtx",
          "data": {
            "Event": {
              "EventData": {
                "TargetUserName": "sk.batsiev",
                "LogonType": 7,
                "TargetUserSid": "S-1-5-21-963789628-1060504924-4285088085-1001",
                "TargetDomainName": "DESKTOP-OFJ6N53",
                "TargetLogonId": "0x4a70f240"
              },
              "System": {
                "EventID": 4634,
                "Level": 0,
                "Provider_attributes": {
                  "Name": "Microsoft-Windows-Security-Auditing",
                  "Guid": "54849625-5478-4994-A5BA-3E3B0328C30D"
                },
                "Version": 0,
                "Task": 12545,
                "Opcode": 0,
                "TimeCreated_attributes": {
                  "SystemTime": "2025-08-04T12:56:48.598164Z"
                },
                "Execution_attributes": {
                  "ProcessID": 776,
                  "ThreadID": 2808
                },
                "Correlation": null,
                "Keywords": "0x8020000000000000",
                "EventRecordID": 1074842,
                "Channel": "Security",
                "Computer": "DESKTOP-OFJ6N53",
                "Security": null
              }
            },
            "Event_attributes": {
              "xmlns": "http://schemas.microsoft.com/win/2004/08/events/event"
            }
          }
        },
        "name": "User Logoff Event",
        "timestamp": "2025-08-04T12:56:48.598164+00:00",
        "authors": [
          "frack113"
        ],
        "level": "info",
        "source": "sigma",
        "status": "experimental",
        "falsepositives": [
          "Unknown"
        ],
        "id": "0badd08f-c6a3-4630-90d3-6875cca440be",
        "logsource": {
          "product": "windows",
          "service": "security"
        },
        "references": [
          "https://github.com/Yamato-Security/EnableWindowsLogSettings/blob/7f6d755d45ac7cc9fc35b0cbf498e6aa4ef19def/ConfiguringSecurityLogAuditPolicies.md",
          "https://learn.microsoft.com/en-us/previous-versions/windows/it-pro/windows-10/security/threat-protection/auditing/event-4634",
          "https://learn.microsoft.com/en-us/previous-versions/windows/it-pro/windows-10/security/threat-protection/auditing/event-4647"
        ],
        "tags": [
          "attack.impact",
          "attack.t1531"
        ]
      },
      "matched_conditions": [],
      "time": null
    },
    {
      "rule_title": "Unknown",
      "rule_id": "0badd08f-c6a3-4630-90d3-6875cca440be",
      "level": "info",
      "file": "sigma",
      "event": {
        "group": "Sigma",
        "kind": "individual",
        "document": {
          "kind": "evtx",
          "path": "C:\\Users\\SKA580~1.BAT\\AppData\\Local\\Temp\\tmp1hg5atjf\\evtx\\Security.evtx",
          "data": {
            "Event": {
              "EventData": {
                "TargetUserName": "sk.batsiev",
                "LogonType": 7,
                "TargetUserSid": "S-1-5-21-963789628-1060504924-4285088085-1001",
                "TargetDomainName": "DESKTOP-OFJ6N53",
                "TargetLogonId": "0x4a70f183"
              },
              "System": {
                "EventID": 4634,
                "Level": 0,
                "Provider_attributes": {
                  "Name": "Microsoft-Windows-Security-Auditing",
                  "Guid": "54849625-5478-4994-A5BA-3E3B0328C30D"
                },
                "Version": 0,
                "Task": 12545,
                "Opcode": 0,
                "TimeCreated_attributes": {
                  "SystemTime": "2025-08-04T12:56:48.598233Z"
                },
                "Execution_attributes": {
                  "ProcessID": 776,
                  "ThreadID": 1596
                },
                "Correlation": null,
                "Keywords": "0x8020000000000000",
                "EventRecordID": 1074843,
                "Channel": "Security",
                "Computer": "DESKTOP-OFJ6N53",
                "Security": null
              }
            },
            "Event_attributes": {
              "xmlns": "http://schemas.microsoft.com/win/2004/08/events/event"
            }
          }
        },
        "name": "User Logoff Event",
        "timestamp": "2025-08-04T12:56:48.598233+00:00",
        "authors": [
          "frack113"
        ],
        "level": "info",
        "source": "sigma",
        "status": "experimental",
        "falsepositives": [
          "Unknown"
        ],
        "id": "0badd08f-c6a3-4630-90d3-6875cca440be",
        "logsource": {
          "product": "windows",
          "service": "security"
        },
        "references": [
          "https://github.com/Yamato-Security/EnableWindowsLogSettings/blob/7f6d755d45ac7cc9fc35b0cbf498e6aa4ef19def/ConfiguringSecurityLogAuditPolicies.md",
          "https://learn.microsoft.com/en-us/previous-versions/windows/it-pro/windows-10/security/threat-protection/auditing/event-4634",
          "https://learn.microsoft.com/en-us/previous-versions/windows/it-pro/windows-10/security/threat-protection/auditing/event-4647"
        ],
        "tags": [
          "attack.impact",
          "attack.t1531"
        ]
      },
      "matched_conditions": [],
      "time": null
    },
    {
      "rule_title": "Unknown",
      "rule_id": "0badd08f-c6a3-4630-90d3-6875cca440be",
      "level": "info",
      "file": "sigma",
      "event": {
        "group": "Sigma",
        "kind": "individual",
        "document": {
          "kind": "evtx",
          "path": "C:\\Users\\SKA580~1.BAT\\AppData\\Local\\Temp\\tmp1hg5atjf\\evtx\\Security.evtx",
          "data": {
            "Event": {
              "EventData": {
                "TargetUserName": "sk.batsiev",
                "LogonType": 3,
                "TargetUserSid": "S-1-5-21-963789628-1060504924-4285088085-1001",
                "TargetDomainName": "DESKTOP-OFJ6N53",
                "TargetLogonId": "0x4a6e4353"
              },
              "System": {
                "EventID": 4634,
                "Level": 0,
                "Provider_attributes": {
                  "Name": "Microsoft-Windows-Security-Auditing",
                  "Guid": "54849625-5478-4994-A5BA-3E3B0328C30D"
                },
                "Version": 0,
                "Task": 12545,
                "Opcode": 0,
                "TimeCreated_attributes": {
                  "SystemTime": "2025-08-04T13:55:59.127571Z"
                },
                "Execution_attributes": {
                  "ProcessID": 776,
                  "ThreadID": 13348
                },
                "Correlation": null,
                "Keywords": "0x8020000000000000",
                "EventRecordID": 1074864,
                "Channel": "Security",
                "Computer": "DESKTOP-OFJ6N53",
                "Security": null
              }
            },
            "Event_attributes": {
              "xmlns": "http://schemas.microsoft.com/win/2004/08/events/event"
            }
          }
        },
        "name": "User Logoff Event",
        "timestamp": "2025-08-04T13:55:59.127571+00:00",
        "authors": [
          "frack113"
        ],
        "level": "info",
        "source": "sigma",
        "status": "experimental",
        "falsepositives": [
          "Unknown"
        ],
        "id": "0badd08f-c6a3-4630-90d3-6875cca440be",
        "logsource": {
          "product": "windows",
          "service": "security"
        },
        "references": [
          "https://github.com/Yamato-Security/EnableWindowsLogSettings/blob/7f6d755d45ac7cc9fc35b0cbf498e6aa4ef19def/ConfiguringSecurityLogAuditPolicies.md",
          "https://learn.microsoft.com/en-us/previous-versions/windows/it-pro/windows-10/security/threat-protection/auditing/event-4634",
          "https://learn.microsoft.com/en-us/previous-versions/windows/it-pro/windows-10/security/threat-protection/auditing/event-4647"
        ],
        "tags": [
          "attack.impact",
          "attack.t1531"
        ]
      },
      "matched_conditions": [],
      "time": null
    },
    {
      "rule_title": "Unknown",
      "rule_id": "0badd08f-c6a3-4630-90d3-6875cca440be",
      "level": "info",
      "file": "sigma",
      "event": {
        "group": "Sigma",
        "kind": "individual",
        "document": {
          "kind": "evtx",
          "path": "C:\\Users\\SKA580~1.BAT\\AppData\\Local\\Temp\\tmp1hg5atjf\\evtx\\Security.evtx",
          "data": {
            "Event": {
              "EventData": {
                "TargetUserName": "sk.batsiev",
                "LogonType": 7,
                "TargetUserSid": "S-1-5-21-963789628-1060504924-4285088085-1001",
                "TargetDomainName": "DESKTOP-OFJ6N53",
                "TargetLogonId": "0x4b64a5c3"
              },
              "System": {
                "EventID": 4634,
                "Level": 0,
                "Provider_attributes": {
                  "Name": "Microsoft-Windows-Security-Auditing",
                  "Guid": "54849625-5478-4994-A5BA-3E3B0328C30D"
                },
                "Version": 0,
                "Task": 12545,
                "Opcode": 0,
                "TimeCreated_attributes": {
                  "SystemTime": "2025-08-04T14:10:23.434643Z"
                },
                "Execution_attributes": {
                  "ProcessID": 776,
                  "ThreadID": 948
                },
                "Correlation": null,
                "Keywords": "0x8020000000000000",
                "EventRecordID": 1074891,
                "Channel": "Security",
                "Computer": "DESKTOP-OFJ6N53",
                "Security": null
              }
            },
            "Event_attributes": {
              "xmlns": "http://schemas.microsoft.com/win/2004/08/events/event"
            }
          }
        },
        "name": "User Logoff Event",
        "timestamp": "2025-08-04T14:10:23.434643+00:00",
        "authors": [
          "frack113"
        ],
        "level": "info",
        "source": "sigma",
        "status": "experimental",
        "falsepositives": [
          "Unknown"
        ],
        "id": "0badd08f-c6a3-4630-90d3-6875cca440be",
        "logsource": {
          "product": "windows",
          "service": "security"
        },
        "references": [
          "https://github.com/Yamato-Security/EnableWindowsLogSettings/blob/7f6d755d45ac7cc9fc35b0cbf498e6aa4ef19def/ConfiguringSecurityLogAuditPolicies.md",
          "https://learn.microsoft.com/en-us/previous-versions/windows/it-pro/windows-10/security/threat-protection/auditing/event-4634",
          "https://learn.microsoft.com/en-us/previous-versions/windows/it-pro/windows-10/security/threat-protection/auditing/event-4647"
        ],
        "tags": [
          "attack.impact",
          "attack.t1531"
        ]
      },
      "matched_conditions": [],
      "time": null
    },
    {
      "rule_title": "Unknown",
      "rule_id": "0badd08f-c6a3-4630-90d3-6875cca440be",
      "level": "info",
      "file": "sigma",
      "event": {
        "group": "Sigma",
        "kind": "individual",
        "document": {
          "kind": "evtx",
          "path": "C:\\Users\\SKA580~1.BAT\\AppData\\Local\\Temp\\tmp1hg5atjf\\evtx\\Security.evtx",
          "data": {
            "Event": {
              "EventData": {
                "TargetUserName": "sk.batsiev",
                "LogonType": 7,
                "TargetUserSid": "S-1-5-21-963789628-1060504924-4285088085-1001",
                "TargetDomainName": "DESKTOP-OFJ6N53",
                "TargetLogonId": "0x4b64a1c7"
              },
              "System": {
                "EventID": 4634,
                "Level": 0,
                "Provider_attributes": {
                  "Name": "Microsoft-Windows-Security-Auditing",
                  "Guid": "54849625-5478-4994-A5BA-3E3B0328C30D"
                },
                "Version": 0,
                "Task": 12545,
                "Opcode": 0,
                "TimeCreated_attributes": {
                  "SystemTime": "2025-08-04T14:10:23.434724Z"
                },
                "Execution_attributes": {
                  "ProcessID": 776,
                  "ThreadID": 8052
                },
                "Correlation": null,
                "Keywords": "0x8020000000000000",
                "EventRecordID": 1074892,
                "Channel": "Security",
                "Computer": "DESKTOP-OFJ6N53",
                "Security": null
              }
            },
            "Event_attributes": {
              "xmlns": "http://schemas.microsoft.com/win/2004/08/events/event"
            }
          }
        },
        "name": "User Logoff Event",
        "timestamp": "2025-08-04T14:10:23.434724+00:00",
        "authors": [
          "frack113"
        ],
        "level": "info",
        "source": "sigma",
        "status": "experimental",
        "falsepositives": [
          "Unknown"
        ],
        "id": "0badd08f-c6a3-4630-90d3-6875cca440be",
        "logsource": {
          "product": "windows",
          "service": "security"
        },
        "references": [
          "https://github.com/Yamato-Security/EnableWindowsLogSettings/blob/7f6d755d45ac7cc9fc35b0cbf498e6aa4ef19def/ConfiguringSecurityLogAuditPolicies.md",
          "https://learn.microsoft.com/en-us/previous-versions/windows/it-pro/windows-10/security/threat-protection/auditing/event-4634",
          "https://learn.microsoft.com/en-us/previous-versions/windows/it-pro/windows-10/security/threat-protection/auditing/event-4647"
        ],
        "tags": [
          "attack.impact",
          "attack.t1531"
        ]
      },
      "matched_conditions": [],
      "time": null
    },
    {
      "rule_title": "Unknown",
      "rule_id": "0badd08f-c6a3-4630-90d3-6875cca440be",
      "level": "info",
      "file": "sigma",
      "event": {
        "group": "Sigma",
        "kind": "individual",
        "document": {
          "kind": "evtx",
          "path": "C:\\Users\\SKA580~1.BAT\\AppData\\Local\\Temp\\tmp1hg5atjf\\evtx\\Security.evtx",
          "data": {
            "Event": {
              "EventData": {
                "TargetUserName": "sk.batsiev",
                "LogonType": 3,
                "TargetUserSid": "S-1-5-21-963789628-1060504924-4285088085-1001",
                "TargetDomainName": "DESKTOP-OFJ6N53",
                "TargetLogonId": "0x4b63ff9f"
              },
              "System": {
                "EventID": 4634,
                "Level": 0,
                "Provider_attributes": {
                  "Name": "Microsoft-Windows-Security-Auditing",
                  "Guid": "54849625-5478-4994-A5BA-3E3B0328C30D"
                },
                "Version": 0,
                "Task": 12545,
                "Opcode": 0,
                "TimeCreated_attributes": {
                  "SystemTime": "2025-08-04T15:26:38.192043Z"
                },
                "Execution_attributes": {
                  "ProcessID": 776,
                  "ThreadID": 948
                },
                "Correlation": null,
                "Keywords": "0x8020000000000000",
                "EventRecordID": 1074983,
                "Channel": "Security",
                "Computer": "DESKTOP-OFJ6N53",
                "Security": null
              }
            },
            "Event_attributes": {
              "xmlns": "http://schemas.microsoft.com/win/2004/08/events/event"
            }
          }
        },
        "name": "User Logoff Event",
        "timestamp": "2025-08-04T15:26:38.192043+00:00",
        "authors": [
          "frack113"
        ],
        "level": "info",
        "source": "sigma",
        "status": "experimental",
        "falsepositives": [
          "Unknown"
        ],
        "id": "0badd08f-c6a3-4630-90d3-6875cca440be",
        "logsource": {
          "product": "windows",
          "service": "security"
        },
        "references": [
          "https://github.com/Yamato-Security/EnableWindowsLogSettings/blob/7f6d755d45ac7cc9fc35b0cbf498e6aa4ef19def/ConfiguringSecurityLogAuditPolicies.md",
          "https://learn.microsoft.com/en-us/previous-versions/windows/it-pro/windows-10/security/threat-protection/auditing/event-4634",
          "https://learn.microsoft.com/en-us/previous-versions/windows/it-pro/windows-10/security/threat-protection/auditing/event-4647"
        ],
        "tags": [
          "attack.impact",
          "attack.t1531"
        ]
      },
      "matched_conditions": [],
      "time": null
    },
    {
      "rule_title": "Unknown",
      "rule_id": "0badd08f-c6a3-4630-90d3-6875cca440be",
      "level": "info",
      "file": "sigma",
      "event": {
        "group": "Sigma",
        "kind": "individual",
        "document": {
          "kind": "evtx",
          "path": "C:\\Users\\SKA580~1.BAT\\AppData\\Local\\Temp\\tmp1hg5atjf\\evtx\\Security.evtx",
          "data": {
            "Event": {
              "EventData": {
                "TargetUserName": "АНОНИМНЫЙ ВХОД",
                "LogonType": 3,
                "TargetUserSid": "S-1-5-7",
                "TargetDomainName": "NT AUTHORITY",
                "TargetLogonId": "0x56a21a4c"
              },
              "System": {
                "EventID": 4634,
                "Level": 0,
                "Provider_attributes": {
                  "Name": "Microsoft-Windows-Security-Auditing",
                  "Guid": "54849625-5478-4994-A5BA-3E3B0328C30D"
                },
                "Version": 0,
                "Task": 12545,
                "Opcode": 0,
                "TimeCreated_attributes": {
                  "SystemTime": "2025-08-05T04:56:01.548721Z"
                },
                "Execution_attributes": {
                  "ProcessID": 776,
                  "ThreadID": 948
                },
                "Correlation": null,
                "Keywords": "0x8020000000000000",
                "EventRecordID": 1075207,
                "Channel": "Security",
                "Computer": "DESKTOP-OFJ6N53",
                "Security": null
              }
            },
            "Event_attributes": {
              "xmlns": "http://schemas.microsoft.com/win/2004/08/events/event"
            }
          }
        },
        "name": "User Logoff Event",
        "timestamp": "2025-08-05T04:56:01.548721+00:00",
        "authors": [
          "frack113"
        ],
        "level": "info",
        "source": "sigma",
        "status": "experimental",
        "falsepositives": [
          "Unknown"
        ],
        "id": "0badd08f-c6a3-4630-90d3-6875cca440be",
        "logsource": {
          "product": "windows",
          "service": "security"
        },
        "references": [
          "https://github.com/Yamato-Security/EnableWindowsLogSettings/blob/7f6d755d45ac7cc9fc35b0cbf498e6aa4ef19def/ConfiguringSecurityLogAuditPolicies.md",
          "https://learn.microsoft.com/en-us/previous-versions/windows/it-pro/windows-10/security/threat-protection/auditing/event-4634",
          "https://learn.microsoft.com/en-us/previous-versions/windows/it-pro/windows-10/security/threat-protection/auditing/event-4647"
        ],
        "tags": [
          "attack.impact",
          "attack.t1531"
        ]
      },
      "matched_conditions": [],
      "time": null
    },
    {
      "rule_title": "Unknown",
      "rule_id": "0badd08f-c6a3-4630-90d3-6875cca440be",
      "level": "info",
      "file": "sigma",
      "event": {
        "group": "Sigma",
        "kind": "individual",
        "document": {
          "kind": "evtx",
          "path": "C:\\Users\\SKA580~1.BAT\\AppData\\Local\\Temp\\tmp1hg5atjf\\evtx\\Security.evtx",
          "data": {
            "Event": {
              "EventData": {
                "TargetUserName": "sk.batsiev",
                "LogonType": 7,
                "TargetUserSid": "S-1-5-21-963789628-1060504924-4285088085-1001",
                "TargetDomainName": "DESKTOP-OFJ6N53",
                "TargetLogonId": "0x5894f01d"
              },
              "System": {
                "EventID": 4634,
                "Level": 0,
                "Provider_attributes": {
                  "Name": "Microsoft-Windows-Security-Auditing",
                  "Guid": "54849625-5478-4994-A5BA-3E3B0328C30D"
                },
                "Version": 0,
                "Task": 12545,
                "Opcode": 0,
                "TimeCreated_attributes": {
                  "SystemTime": "2025-08-05T07:36:16.080975Z"
                },
                "Execution_attributes": {
                  "ProcessID": 776,
                  "ThreadID": 1596
                },
                "Correlation": null,
                "Keywords": "0x8020000000000000",
                "EventRecordID": 1075268,
                "Channel": "Security",
                "Computer": "DESKTOP-OFJ6N53",
                "Security": null
              }
            },
            "Event_attributes": {
              "xmlns": "http://schemas.microsoft.com/win/2004/08/events/event"
            }
          }
        },
        "name": "User Logoff Event",
        "timestamp": "2025-08-05T07:36:16.080975+00:00",
        "authors": [
          "frack113"
        ],
        "level": "info",
        "source": "sigma",
        "status": "experimental",
        "falsepositives": [
          "Unknown"
        ],
        "id": "0badd08f-c6a3-4630-90d3-6875cca440be",
        "logsource": {
          "product": "windows",
          "service": "security"
        },
        "references": [
          "https://github.com/Yamato-Security/EnableWindowsLogSettings/blob/7f6d755d45ac7cc9fc35b0cbf498e6aa4ef19def/ConfiguringSecurityLogAuditPolicies.md",
          "https://learn.microsoft.com/en-us/previous-versions/windows/it-pro/windows-10/security/threat-protection/auditing/event-4634",
          "https://learn.microsoft.com/en-us/previous-versions/windows/it-pro/windows-10/security/threat-protection/auditing/event-4647"
        ],
        "tags": [
          "attack.impact",
          "attack.t1531"
        ]
      },
      "matched_conditions": [],
      "time": null
    },
    {
      "rule_title": "Unknown",
      "rule_id": "0badd08f-c6a3-4630-90d3-6875cca440be",
      "level": "info",
      "file": "sigma",
      "event": {
        "group": "Sigma",
        "kind": "individual",
        "document": {
          "kind": "evtx",
          "path": "C:\\Users\\SKA580~1.BAT\\AppData\\Local\\Temp\\tmp1hg5atjf\\evtx\\Security.evtx",
          "data": {
            "Event": {
              "EventData": {
                "TargetUserName": "sk.batsiev",
                "LogonType": 7,
                "TargetUserSid": "S-1-5-21-963789628-1060504924-4285088085-1001",
                "TargetDomainName": "DESKTOP-OFJ6N53",
                "TargetLogonId": "0x5894eceb"
              },
              "System": {
                "EventID": 4634,
                "Level": 0,
                "Provider_attributes": {
                  "Name": "Microsoft-Windows-Security-Auditing",
                  "Guid": "54849625-5478-4994-A5BA-3E3B0328C30D"
                },
                "Version": 0,
                "Task": 12545,
                "Opcode": 0,
                "TimeCreated_attributes": {
                  "SystemTime": "2025-08-05T07:36:16.081052Z"
                },
                "Execution_attributes": {
                  "ProcessID": 776,
                  "ThreadID": 948
                },
                "Correlation": null,
                "Keywords": "0x8020000000000000",
                "EventRecordID": 1075269,
                "Channel": "Security",
                "Computer": "DESKTOP-OFJ6N53",
                "Security": null
              }
            },
            "Event_attributes": {
              "xmlns": "http://schemas.microsoft.com/win/2004/08/events/event"
            }
          }
        },
        "name": "User Logoff Event",
        "timestamp": "2025-08-05T07:36:16.081052+00:00",
        "authors": [
          "frack113"
        ],
        "level": "info",
        "source": "sigma",
        "status": "experimental",
        "falsepositives": [
          "Unknown"
        ],
        "id": "0badd08f-c6a3-4630-90d3-6875cca440be",
        "logsource": {
          "product": "windows",
          "service": "security"
        },
        "references": [
          "https://github.com/Yamato-Security/EnableWindowsLogSettings/blob/7f6d755d45ac7cc9fc35b0cbf498e6aa4ef19def/ConfiguringSecurityLogAuditPolicies.md",
          "https://learn.microsoft.com/en-us/previous-versions/windows/it-pro/windows-10/security/threat-protection/auditing/event-4634",
          "https://learn.microsoft.com/en-us/previous-versions/windows/it-pro/windows-10/security/threat-protection/auditing/event-4647"
        ],
        "tags": [
          "attack.impact",
          "attack.t1531"
        ]
      },
      "matched_conditions": [],
      "time": null
    },
    {
      "rule_title": "Unknown",
      "rule_id": "0badd08f-c6a3-4630-90d3-6875cca440be",
      "level": "info",
      "file": "sigma",
      "event": {
        "group": "Sigma",
        "kind": "individual",
        "document": {
          "kind": "evtx",
          "path": "C:\\Users\\SKA580~1.BAT\\AppData\\Local\\Temp\\tmp1hg5atjf\\evtx\\Security.evtx",
          "data": {
            "Event": {
              "EventData": {
                "TargetUserName": "sk.batsiev",
                "LogonType": 3,
                "TargetUserSid": "S-1-5-21-963789628-1060504924-4285088085-1001",
                "TargetDomainName": "DESKTOP-OFJ6N53",
                "TargetLogonId": "0x58945798"
              },
              "System": {
                "EventID": 4634,
                "Level": 0,
                "Provider_attributes": {
                  "Name": "Microsoft-Windows-Security-Auditing",
                  "Guid": "54849625-5478-4994-A5BA-3E3B0328C30D"
                },
                "Version": 0,
                "Task": 12545,
                "Opcode": 0,
                "TimeCreated_attributes": {
                  "SystemTime": "2025-08-05T07:52:34.789674Z"
                },
                "Execution_attributes": {
                  "ProcessID": 776,
                  "ThreadID": 3964
                },
                "Correlation": null,
                "Keywords": "0x8020000000000000",
                "EventRecordID": 1075311,
                "Channel": "Security",
                "Computer": "DESKTOP-OFJ6N53",
                "Security": null
              }
            },
            "Event_attributes": {
              "xmlns": "http://schemas.microsoft.com/win/2004/08/events/event"
            }
          }
        },
        "name": "User Logoff Event",
        "timestamp": "2025-08-05T07:52:34.789674+00:00",
        "authors": [
          "frack113"
        ],
        "level": "info",
        "source": "sigma",
        "status": "experimental",
        "falsepositives": [
          "Unknown"
        ],
        "id": "0badd08f-c6a3-4630-90d3-6875cca440be",
        "logsource": {
          "product": "windows",
          "service": "security"
        },
        "references": [
          "https://github.com/Yamato-Security/EnableWindowsLogSettings/blob/7f6d755d45ac7cc9fc35b0cbf498e6aa4ef19def/ConfiguringSecurityLogAuditPolicies.md",
          "https://learn.microsoft.com/en-us/previous-versions/windows/it-pro/windows-10/security/threat-protection/auditing/event-4634",
          "https://learn.microsoft.com/en-us/previous-versions/windows/it-pro/windows-10/security/threat-protection/auditing/event-4647"
        ],
        "tags": [
          "attack.impact",
          "attack.t1531"
        ]
      },
      "matched_conditions": [],
      "time": null
    },
    {
      "rule_title": "Unknown",
      "rule_id": "0badd08f-c6a3-4630-90d3-6875cca440be",
      "level": "info",
      "file": "sigma",
      "event": {
        "group": "Sigma",
        "kind": "individual",
        "document": {
          "kind": "evtx",
          "path": "C:\\Users\\SKA580~1.BAT\\AppData\\Local\\Temp\\tmp1hg5atjf\\evtx\\Security.evtx",
          "data": {
            "Event": {
              "EventData": {
                "TargetUserName": "sk.batsiev",
                "LogonType": 7,
                "TargetUserSid": "S-1-5-21-963789628-1060504924-4285088085-1001",
                "TargetDomainName": "DESKTOP-OFJ6N53",
                "TargetLogonId": "0x592f5602"
              },
              "System": {
                "EventID": 4634,
                "Level": 0,
                "Provider_attributes": {
                  "Name": "Microsoft-Windows-Security-Auditing",
                  "Guid": "54849625-5478-4994-A5BA-3E3B0328C30D"
                },
                "Version": 0,
                "Task": 12545,
                "Opcode": 0,
                "TimeCreated_attributes": {
                  "SystemTime": "2025-08-05T07:56:51.661470Z"
                },
                "Execution_attributes": {
                  "ProcessID": 776,
                  "ThreadID": 948
                },
                "Correlation": null,
                "Keywords": "0x8020000000000000",
                "EventRecordID": 1075332,
                "Channel": "Security",
                "Computer": "DESKTOP-OFJ6N53",
                "Security": null
              }
            },
            "Event_attributes": {
              "xmlns": "http://schemas.microsoft.com/win/2004/08/events/event"
            }
          }
        },
        "name": "User Logoff Event",
        "timestamp": "2025-08-05T07:56:51.661470+00:00",
        "authors": [
          "frack113"
        ],
        "level": "info",
        "source": "sigma",
        "status": "experimental",
        "falsepositives": [
          "Unknown"
        ],
        "id": "0badd08f-c6a3-4630-90d3-6875cca440be",
        "logsource": {
          "product": "windows",
          "service": "security"
        },
        "references": [
          "https://github.com/Yamato-Security/EnableWindowsLogSettings/blob/7f6d755d45ac7cc9fc35b0cbf498e6aa4ef19def/ConfiguringSecurityLogAuditPolicies.md",
          "https://learn.microsoft.com/en-us/previous-versions/windows/it-pro/windows-10/security/threat-protection/auditing/event-4634",
          "https://learn.microsoft.com/en-us/previous-versions/windows/it-pro/windows-10/security/threat-protection/auditing/event-4647"
        ],
        "tags": [
          "attack.impact",
          "attack.t1531"
        ]
      },
      "matched_conditions": [],
      "time": null
    },
    {
      "rule_title": "Unknown",
      "rule_id": "0badd08f-c6a3-4630-90d3-6875cca440be",
      "level": "info",
      "file": "sigma",
      "event": {
        "group": "Sigma",
        "kind": "individual",
        "document": {
          "kind": "evtx",
          "path": "C:\\Users\\SKA580~1.BAT\\AppData\\Local\\Temp\\tmp1hg5atjf\\evtx\\Security.evtx",
          "data": {
            "Event": {
              "EventData": {
                "TargetUserName": "sk.batsiev",
                "LogonType": 7,
                "TargetUserSid": "S-1-5-21-963789628-1060504924-4285088085-1001",
                "TargetDomainName": "DESKTOP-OFJ6N53",
                "TargetLogonId": "0x592f55e5"
              },
              "System": {
                "EventID": 4634,
                "Level": 0,
                "Provider_attributes": {
                  "Name": "Microsoft-Windows-Security-Auditing",
                  "Guid": "54849625-5478-4994-A5BA-3E3B0328C30D"
                },
                "Version": 0,
                "Task": 12545,
                "Opcode": 0,
                "TimeCreated_attributes": {
                  "SystemTime": "2025-08-05T07:56:51.661541Z"
                },
                "Execution_attributes": {
                  "ProcessID": 776,
                  "ThreadID": 1488
                },
                "Correlation": null,
                "Keywords": "0x8020000000000000",
                "EventRecordID": 1075333,
                "Channel": "Security",
                "Computer": "DESKTOP-OFJ6N53",
                "Security": null
              }
            },
            "Event_attributes": {
              "xmlns": "http://schemas.microsoft.com/win/2004/08/events/event"
            }
          }
        },
        "name": "User Logoff Event",
        "timestamp": "2025-08-05T07:56:51.661541+00:00",
        "authors": [
          "frack113"
        ],
        "level": "info",
        "source": "sigma",
        "status": "experimental",
        "falsepositives": [
          "Unknown"
        ],
        "id": "0badd08f-c6a3-4630-90d3-6875cca440be",
        "logsource": {
          "product": "windows",
          "service": "security"
        },
        "references": [
          "https://github.com/Yamato-Security/EnableWindowsLogSettings/blob/7f6d755d45ac7cc9fc35b0cbf498e6aa4ef19def/ConfiguringSecurityLogAuditPolicies.md",
          "https://learn.microsoft.com/en-us/previous-versions/windows/it-pro/windows-10/security/threat-protection/auditing/event-4634",
          "https://learn.microsoft.com/en-us/previous-versions/windows/it-pro/windows-10/security/threat-protection/auditing/event-4647"
        ],
        "tags": [
          "attack.impact",
          "attack.t1531"
        ]
      },
      "matched_conditions": [],
      "time": null
    },
    {
      "rule_title": "Unknown",
      "rule_id": "0badd08f-c6a3-4630-90d3-6875cca440be",
      "level": "info",
      "file": "sigma",
      "event": {
        "group": "Sigma",
        "kind": "individual",
        "document": {
          "kind": "evtx",
          "path": "C:\\Users\\SKA580~1.BAT\\AppData\\Local\\Temp\\tmp1hg5atjf\\evtx\\Security.evtx",
          "data": {
            "Event": {
              "EventData": {
                "TargetUserName": "sk.batsiev",
                "LogonType": 3,
                "TargetUserSid": "S-1-5-21-963789628-1060504924-4285088085-1001",
                "TargetDomainName": "DESKTOP-OFJ6N53",
                "TargetLogonId": "0x592e4633"
              },
              "System": {
                "EventID": 4634,
                "Level": 0,
                "Provider_attributes": {
                  "Name": "Microsoft-Windows-Security-Auditing",
                  "Guid": "54849625-5478-4994-A5BA-3E3B0328C30D"
                },
                "Version": 0,
                "Task": 12545,
                "Opcode": 0,
                "TimeCreated_attributes": {
                  "SystemTime": "2025-08-05T09:18:31.777659Z"
                },
                "Execution_attributes": {
                  "ProcessID": 776,
                  "ThreadID": 13756
                },
                "Correlation": null,
                "Keywords": "0x8020000000000000",
                "EventRecordID": 1075465,
                "Channel": "Security",
                "Computer": "DESKTOP-OFJ6N53",
                "Security": null
              }
            },
            "Event_attributes": {
              "xmlns": "http://schemas.microsoft.com/win/2004/08/events/event"
            }
          }
        },
        "name": "User Logoff Event",
        "timestamp": "2025-08-05T09:18:31.777659+00:00",
        "authors": [
          "frack113"
        ],
        "level": "info",
        "source": "sigma",
        "status": "experimental",
        "falsepositives": [
          "Unknown"
        ],
        "id": "0badd08f-c6a3-4630-90d3-6875cca440be",
        "logsource": {
          "product": "windows",
          "service": "security"
        },
        "references": [
          "https://github.com/Yamato-Security/EnableWindowsLogSettings/blob/7f6d755d45ac7cc9fc35b0cbf498e6aa4ef19def/ConfiguringSecurityLogAuditPolicies.md",
          "https://learn.microsoft.com/en-us/previous-versions/windows/it-pro/windows-10/security/threat-protection/auditing/event-4634",
          "https://learn.microsoft.com/en-us/previous-versions/windows/it-pro/windows-10/security/threat-protection/auditing/event-4647"
        ],
        "tags": [
          "attack.impact",
          "attack.t1531"
        ]
      },
      "matched_conditions": [],
      "time": null
    },
    {
      "rule_title": "Unknown",
      "rule_id": "0badd08f-c6a3-4630-90d3-6875cca440be",
      "level": "info",
      "file": "sigma",
      "event": {
        "group": "Sigma",
        "kind": "individual",
        "document": {
          "kind": "evtx",
          "path": "C:\\Users\\SKA580~1.BAT\\AppData\\Local\\Temp\\tmp1hg5atjf\\evtx\\Security.evtx",
          "data": {
            "Event": {
              "EventData": {
                "TargetUserName": "sk.batsiev",
                "LogonType": 7,
                "TargetUserSid": "S-1-5-21-963789628-1060504924-4285088085-1001",
                "TargetDomainName": "DESKTOP-OFJ6N53",
                "TargetLogonId": "0x5ae23659"
              },
              "System": {
                "EventID": 4634,
                "Level": 0,
                "Provider_attributes": {
                  "Name": "Microsoft-Windows-Security-Auditing",
                  "Guid": "54849625-5478-4994-A5BA-3E3B0328C30D"
                },
                "Version": 0,
                "Task": 12545,
                "Opcode": 0,
                "TimeCreated_attributes": {
                  "SystemTime": "2025-08-05T09:38:12.532822Z"
                },
                "Execution_attributes": {
                  "ProcessID": 776,
                  "ThreadID": 948
                },
                "Correlation": null,
                "Keywords": "0x8020000000000000",
                "EventRecordID": 1075490,
                "Channel": "Security",
                "Computer": "DESKTOP-OFJ6N53",
                "Security": null
              }
            },
            "Event_attributes": {
              "xmlns": "http://schemas.microsoft.com/win/2004/08/events/event"
            }
          }
        },
        "name": "User Logoff Event",
        "timestamp": "2025-08-05T09:38:12.532822+00:00",
        "authors": [
          "frack113"
        ],
        "level": "info",
        "source": "sigma",
        "status": "experimental",
        "falsepositives": [
          "Unknown"
        ],
        "id": "0badd08f-c6a3-4630-90d3-6875cca440be",
        "logsource": {
          "product": "windows",
          "service": "security"
        },
        "references": [
          "https://github.com/Yamato-Security/EnableWindowsLogSettings/blob/7f6d755d45ac7cc9fc35b0cbf498e6aa4ef19def/ConfiguringSecurityLogAuditPolicies.md",
          "https://learn.microsoft.com/en-us/previous-versions/windows/it-pro/windows-10/security/threat-protection/auditing/event-4634",
          "https://learn.microsoft.com/en-us/previous-versions/windows/it-pro/windows-10/security/threat-protection/auditing/event-4647"
        ],
        "tags": [
          "attack.impact",
          "attack.t1531"
        ]
      },
      "matched_conditions": [],
      "time": null
    },
    {
      "rule_title": "Unknown",
      "rule_id": "0badd08f-c6a3-4630-90d3-6875cca440be",
      "level": "info",
      "file": "sigma",
      "event": {
        "group": "Sigma",
        "kind": "individual",
        "document": {
          "kind": "evtx",
          "path": "C:\\Users\\SKA580~1.BAT\\AppData\\Local\\Temp\\tmp1hg5atjf\\evtx\\Security.evtx",
          "data": {
            "Event": {
              "EventData": {
                "TargetUserName": "sk.batsiev",
                "LogonType": 7,
                "TargetUserSid": "S-1-5-21-963789628-1060504924-4285088085-1001",
                "TargetDomainName": "DESKTOP-OFJ6N53",
                "TargetLogonId": "0x5ae233a4"
              },
              "System": {
                "EventID": 4634,
                "Level": 0,
                "Provider_attributes": {
                  "Name": "Microsoft-Windows-Security-Auditing",
                  "Guid": "54849625-5478-4994-A5BA-3E3B0328C30D"
                },
                "Version": 0,
                "Task": 12545,
                "Opcode": 0,
                "TimeCreated_attributes": {
                  "SystemTime": "2025-08-05T09:38:12.532888Z"
                },
                "Execution_attributes": {
                  "ProcessID": 776,
                  "ThreadID": 10276
                },
                "Correlation": null,
                "Keywords": "0x8020000000000000",
                "EventRecordID": 1075491,
                "Channel": "Security",
                "Computer": "DESKTOP-OFJ6N53",
                "Security": null
              }
            },
            "Event_attributes": {
              "xmlns": "http://schemas.microsoft.com/win/2004/08/events/event"
            }
          }
        },
        "name": "User Logoff Event",
        "timestamp": "2025-08-05T09:38:12.532888+00:00",
        "authors": [
          "frack113"
        ],
        "level": "info",
        "source": "sigma",
        "status": "experimental",
        "falsepositives": [
          "Unknown"
        ],
        "id": "0badd08f-c6a3-4630-90d3-6875cca440be",
        "logsource": {
          "product": "windows",
          "service": "security"
        },
        "references": [
          "https://github.com/Yamato-Security/EnableWindowsLogSettings/blob/7f6d755d45ac7cc9fc35b0cbf498e6aa4ef19def/ConfiguringSecurityLogAuditPolicies.md",
          "https://learn.microsoft.com/en-us/previous-versions/windows/it-pro/windows-10/security/threat-protection/auditing/event-4634",
          "https://learn.microsoft.com/en-us/previous-versions/windows/it-pro/windows-10/security/threat-protection/auditing/event-4647"
        ],
        "tags": [
          "attack.impact",
          "attack.t1531"
        ]
      },
      "matched_conditions": [],
      "time": null
    },
    {
      "rule_title": "Unknown",
      "rule_id": "0badd08f-c6a3-4630-90d3-6875cca440be",
      "level": "info",
      "file": "sigma",
      "event": {
        "group": "Sigma",
        "kind": "individual",
        "document": {
          "kind": "evtx",
          "path": "C:\\Users\\SKA580~1.BAT\\AppData\\Local\\Temp\\tmp1hg5atjf\\evtx\\Security.evtx",
          "data": {
            "Event": {
              "EventData": {
                "TargetUserName": "sk.batsiev",
                "LogonType": 3,
                "TargetUserSid": "S-1-5-21-963789628-1060504924-4285088085-1001",
                "TargetDomainName": "DESKTOP-OFJ6N53",
                "TargetLogonId": "0x5ae15f5c"
              },
              "System": {
                "EventID": 4634,
                "Level": 0,
                "Provider_attributes": {
                  "Name": "Microsoft-Windows-Security-Auditing",
                  "Guid": "54849625-5478-4994-A5BA-3E3B0328C30D"
                },
                "Version": 0,
                "Task": 12545,
                "Opcode": 0,
                "TimeCreated_attributes": {
                  "SystemTime": "2025-08-05T12:55:48.771942Z"
                },
                "Execution_attributes": {
                  "ProcessID": 776,
                  "ThreadID": 8268
                },
                "Correlation": null,
                "Keywords": "0x8020000000000000",
                "EventRecordID": 1075830,
                "Channel": "Security",
                "Computer": "DESKTOP-OFJ6N53",
                "Security": null
              }
            },
            "Event_attributes": {
              "xmlns": "http://schemas.microsoft.com/win/2004/08/events/event"
            }
          }
        },
        "name": "User Logoff Event",
        "timestamp": "2025-08-05T12:55:48.771942+00:00",
        "authors": [
          "frack113"
        ],
        "level": "info",
        "source": "sigma",
        "status": "experimental",
        "falsepositives": [
          "Unknown"
        ],
        "id": "0badd08f-c6a3-4630-90d3-6875cca440be",
        "logsource": {
          "product": "windows",
          "service": "security"
        },
        "references": [
          "https://github.com/Yamato-Security/EnableWindowsLogSettings/blob/7f6d755d45ac7cc9fc35b0cbf498e6aa4ef19def/ConfiguringSecurityLogAuditPolicies.md",
          "https://learn.microsoft.com/en-us/previous-versions/windows/it-pro/windows-10/security/threat-protection/auditing/event-4634",
          "https://learn.microsoft.com/en-us/previous-versions/windows/it-pro/windows-10/security/threat-protection/auditing/event-4647"
        ],
        "tags": [
          "attack.impact",
          "attack.t1531"
        ]
      },
      "matched_conditions": [],
      "time": null
    },
    {
      "rule_title": "Unknown",
      "rule_id": "0badd08f-c6a3-4630-90d3-6875cca440be",
      "level": "info",
      "file": "sigma",
      "event": {
        "group": "Sigma",
        "kind": "individual",
        "document": {
          "kind": "evtx",
          "path": "C:\\Users\\SKA580~1.BAT\\AppData\\Local\\Temp\\tmp1hg5atjf\\evtx\\Security.evtx",
          "data": {
            "Event": {
              "EventData": {
                "TargetUserName": "sk.batsiev",
                "LogonType": 7,
                "TargetUserSid": "S-1-5-21-963789628-1060504924-4285088085-1001",
                "TargetDomainName": "DESKTOP-OFJ6N53",
                "TargetLogonId": "0x5fe54c80"
              },
              "System": {
                "EventID": 4634,
                "Level": 0,
                "Provider_attributes": {
                  "Name": "Microsoft-Windows-Security-Auditing",
                  "Guid": "54849625-5478-4994-A5BA-3E3B0328C30D"
                },
                "Version": 0,
                "Task": 12545,
                "Opcode": 0,
                "TimeCreated_attributes": {
                  "SystemTime": "2025-08-05T15:14:07.652863Z"
                },
                "Execution_attributes": {
                  "ProcessID": 776,
                  "ThreadID": 1596
                },
                "Correlation": null,
                "Keywords": "0x8020000000000000",
                "EventRecordID": 1075905,
                "Channel": "Security",
                "Computer": "DESKTOP-OFJ6N53",
                "Security": null
              }
            },
            "Event_attributes": {
              "xmlns": "http://schemas.microsoft.com/win/2004/08/events/event"
            }
          }
        },
        "name": "User Logoff Event",
        "timestamp": "2025-08-05T15:14:07.652863+00:00",
        "authors": [
          "frack113"
        ],
        "level": "info",
        "source": "sigma",
        "status": "experimental",
        "falsepositives": [
          "Unknown"
        ],
        "id": "0badd08f-c6a3-4630-90d3-6875cca440be",
        "logsource": {
          "product": "windows",
          "service": "security"
        },
        "references": [
          "https://github.com/Yamato-Security/EnableWindowsLogSettings/blob/7f6d755d45ac7cc9fc35b0cbf498e6aa4ef19def/ConfiguringSecurityLogAuditPolicies.md",
          "https://learn.microsoft.com/en-us/previous-versions/windows/it-pro/windows-10/security/threat-protection/auditing/event-4634",
          "https://learn.microsoft.com/en-us/previous-versions/windows/it-pro/windows-10/security/threat-protection/auditing/event-4647"
        ],
        "tags": [
          "attack.impact",
          "attack.t1531"
        ]
      },
      "matched_conditions": [],
      "time": null
    },
