    {
      "rule_title": "Unknown",
      "rule_id": "acfa2210-0d71-4eeb-b477-afab494d596c",
      "level": "low",
      "file": "sigma",
      "event": {
        "group": "Sigma",
        "kind": "individual",
        "document": {
          "kind": "evtx",
          "path": "C:\\Users\\SKA580~1.BAT\\AppData\\Local\\Temp\\tmp1hg5atjf\\evtx\\System.evtx",
          "data": {
            "Event": {
              "EventData": {
                "Binary": "5300670072006D00420072006F006B00650072000000",
                "param1": "Брокер мониторинга среды выполнения System Guard",
                "param2": "%%3489660935"
              },
              "System": {
                "Opcode": 0,
                "Provider_attributes": {
                  "Name": "Service Control Manager",
                  "Guid": "{555908d1-a6d7-4695-8e1e-26931d2012f4}",
                  "EventSourceName": "Service Control Manager"
                },
                "EventID_attributes": {
                  "Qualifiers": 49152
                },
                "Execution_attributes": {
                  "ProcessID": 760,
                  "ThreadID": 3256
                },
                "Correlation": null,
                "Keywords": "0x8080000000000000",
                "EventRecordID": 2088568,
                "Security": null,
                "EventID": 7023,
                "Level": 2,
                "Version": 0,
                "Task": 0,
                "TimeCreated_attributes": {
                  "SystemTime": "2025-04-09T14:38:00.354276Z"
                },
                "Channel": "System",
                "Computer": "DESKTOP-OFJ6N53"
              }
            },
            "Event_attributes": {
              "xmlns": "http://schemas.microsoft.com/win/2004/08/events/event"
            }
          }
        },
        "name": "Windows Service Terminated With Error",
        "timestamp": "2025-04-09T14:38:00.354276+00:00",
        "authors": [
          "Nasreddine Bencherchali (Nextron Systems)"
        ],
        "level": "low",
        "source": "sigma",
        "status": "experimental",
        "falsepositives": [
          "False positives could occur since service termination could happen due to multiple reasons"
        ],
        "id": "acfa2210-0d71-4eeb-b477-afab494d596c",
        "logsource": {
          "product": "windows",
          "service": "system"
        },
        "references": [
          "https://www.microsoft.com/en-us/security/blog/2023/04/11/guidance-for-investigating-attacks-using-cve-2022-21894-the-blacklotus-campaign/"
        ],
        "tags": [
          "attack.defense-evasion"
        ]
      },
      "matched_conditions": [],
      "time": null
    },
    {
      "rule_title": "Unknown",
      "rule_id": "2afe6582-e149-11ea-87d0-0242ac130003",
      "level": "info",
      "file": "sigma",
      "event": {
        "group": "Sigma",
        "kind": "individual",
        "document": {
          "kind": "evtx",
          "path": "C:\\Users\\SKA580~1.BAT\\AppData\\Local\\Temp\\tmp1hg5atjf\\evtx\\Microsoft-Windows-Windows Defender_Operational.evtx",
          "data": {
            "Event": {
              "EventData": {
                "Unused4": "",
                "Unused3": "",
                "SID": "S-1-5-18",
                "Unused2": "",
                "Domain": "NT AUTHORITY",
                "Unused": "",
                "User": "СИСТЕМА",
                "Product Version": "4.18.25020.1009",
                "Timestamp": "2025-03-26T02:36:16Z",
                "Product Name": "Microsoft Defender Antivirus"
              },
              "System": {
                "EventID": 1013,
                "Level": 4,
                "Provider_attributes": {
                  "Name": "Microsoft-Windows-Windows Defender",
                  "Guid": "11CD958A-C507-4EF3-B3F2-5FD9DFBD2C78"
                },
                "Version": 0,
                "Task": 0,
                "Opcode": 0,
                "TimeCreated_attributes": {
                  "SystemTime": "2025-04-10T02:36:16.538499Z"
                },
                "Execution_attributes": {
                  "ProcessID": 5196,
                  "ThreadID": 7824
                },
                "Correlation": null,
                "Keywords": "0x8000000000000000",
                "Security_attributes": {
                  "UserID": "S-1-5-18"
                },
                "EventRecordID": 46088,
                "Channel": "Microsoft-Windows-Windows Defender/Operational",
                "Computer": "DESKTOP-OFJ6N53"
              }
            },
            "Event_attributes": {
              "xmlns": "http://schemas.microsoft.com/win/2004/08/events/event"
            }
          }
        },
        "name": "Windows Defender Malware Detection History Deletion",
        "timestamp": "2025-04-10T02:36:16.538499+00:00",
        "authors": [
          "Cian Heasley"
        ],
        "level": "info",
        "source": "sigma",
        "status": "experimental",
        "falsepositives": [
          "Deletion of Defender malware detections history for legitimate reasons"
        ],
        "id": "2afe6582-e149-11ea-87d0-0242ac130003",
        "logsource": {
          "product": "windows",
          "service": "windefend"
        },
        "references": [
          "https://learn.microsoft.com/en-us/defender-endpoint/troubleshoot-microsoft-defender-antivirus",
          "https://web.archive.org/web/20160727113019/https://answers.microsoft.com/en-us/protect/forum/mse-protect_scanning/microsoft-antimalware-has-removed-history-of/f15af6c9-01a9-4065-8c6c-3f2bdc7de45e"
        ],
        "tags": [
          "attack.defense-evasion"
        ]
      },
      "matched_conditions": [],
      "time": null
    },
    {
      "rule_title": "Unknown",
      "rule_id": "13cfeb75-9e33-4d04-b0f7-ab8faaa95a59",
      "level": "info",
      "file": "sigma",
      "event": {
        "group": "Sigma",
        "kind": "individual",
        "document": {
          "kind": "evtx",
          "path": "C:\\Users\\SKA580~1.BAT\\AppData\\Local\\Temp\\tmp1hg5atjf\\evtx\\System.evtx",
          "data": {
            "Event": {
              "EventData": {
                "updateRevisionNumber": 1,
                "errorCode": "0x80073d02",
                "updateTitle": "9NMPJ99VJBWV-Microsoft.YourPhone",
                "updateGuid": "A483F7DA-BB04-45C5-8C87-90DA65D2A119",
                "serviceGuid": "855E8A7C-ECB4-4CA3-B045-1DFA50104289"
              },
              "System": {
                "EventID": 20,
                "Level": 2,
                "Provider_attributes": {
                  "Name": "Microsoft-Windows-WindowsUpdateClient",
                  "Guid": "945A8954-C147-4ACD-923F-40C45405A658"
                },
                "Version": 1,
                "Task": 1,
                "Opcode": 13,
                "TimeCreated_attributes": {
                  "SystemTime": "2025-04-11T13:54:19.373838Z"
                },
                "Execution_attributes": {
                  "ProcessID": 7564,
                  "ThreadID": 440
                },
                "Security_attributes": {
                  "UserID": "S-1-5-18"
                },
                "Keywords": "0x8000000000000028",
                "Correlation_attributes": {
                  "ActivityID": "A11B4544-A95C-0002-A8B1-20A15CA9DB01"
                },
                "EventRecordID": 2088670,
                "Channel": "System",
                "Computer": "DESKTOP-OFJ6N53"
              }
            },
            "Event_attributes": {
              "xmlns": "http://schemas.microsoft.com/win/2004/08/events/event"
            }
          }
        },
        "name": "Windows Update Error",
        "timestamp": "2025-04-11T13:54:19.373838+00:00",
        "authors": [
          "frack113"
        ],
        "level": "info",
        "source": "sigma",
        "status": "stable",
        "falsepositives": [
          "Unknown"
        ],
        "id": "13cfeb75-9e33-4d04-b0f7-ab8faaa95a59",
        "logsource": {
          "product": "windows",
          "service": "system"
        },
        "references": [
          "https://github.com/nasbench/EVTX-ETW-Resources/blob/f1b010ce0ee1b71e3024180de1a3e67f99701fe4/ETWProvidersManifests/Windows10/1903/W10_1903_Pro_20200714_18362.959/WEPExplorer/Microsoft-Windows-WindowsUpdateClient.xml"
        ],
        "tags": [
          "attack.impact",
          "attack.resource-development",
          "attack.t1584"
        ]
      },
      "matched_conditions": [],
      "time": null
    },
    {
      "rule_title": "Unknown",
      "rule_id": "2afe6582-e149-11ea-87d0-0242ac130003",
      "level": "info",
      "file": "sigma",
      "event": {
        "group": "Sigma",
        "kind": "individual",
        "document": {
          "kind": "evtx",
          "path": "C:\\Users\\SKA580~1.BAT\\AppData\\Local\\Temp\\tmp1hg5atjf\\evtx\\Microsoft-Windows-Windows Defender_Operational.evtx",
          "data": {
            "Event": {
              "EventData": {
                "Unused4": "",
                "Unused3": "",
                "SID": "S-1-5-18",
                "Unused2": "",
                "Domain": "NT AUTHORITY",
                "Unused": "",
                "User": "СИСТЕМА",
                "Product Version": "4.18.25030.2",
                "Timestamp": "2025-03-28T04:35:45Z",
                "Product Name": "Microsoft Defender Antivirus"
              },
              "System": {
                "EventID": 1013,
                "Level": 4,
                "Provider_attributes": {
                  "Name": "Microsoft-Windows-Windows Defender",
                  "Guid": "11CD958A-C507-4EF3-B3F2-5FD9DFBD2C78"
                },
                "Version": 0,
                "Task": 0,
                "Opcode": 0,
                "TimeCreated_attributes": {
                  "SystemTime": "2025-04-12T04:35:45.903711Z"
                },
                "Execution_attributes": {
                  "ProcessID": 652,
                  "ThreadID": 7092
                },
                "Correlation": null,
                "Keywords": "0x8000000000000000",
                "Security_attributes": {
                  "UserID": "S-1-5-18"
                },
                "EventRecordID": 46244,
                "Channel": "Microsoft-Windows-Windows Defender/Operational",
                "Computer": "DESKTOP-OFJ6N53"
              }
            },
            "Event_attributes": {
              "xmlns": "http://schemas.microsoft.com/win/2004/08/events/event"
            }
          }
        },
        "name": "Windows Defender Malware Detection History Deletion",
        "timestamp": "2025-04-12T04:35:45.903711+00:00",
        "authors": [
          "Cian Heasley"
        ],
        "level": "info",
        "source": "sigma",
        "status": "experimental",
        "falsepositives": [
          "Deletion of Defender malware detections history for legitimate reasons"
        ],
        "id": "2afe6582-e149-11ea-87d0-0242ac130003",
        "logsource": {
          "product": "windows",
          "service": "windefend"
        },
        "references": [
          "https://learn.microsoft.com/en-us/defender-endpoint/troubleshoot-microsoft-defender-antivirus",
          "https://web.archive.org/web/20160727113019/https://answers.microsoft.com/en-us/protect/forum/mse-protect_scanning/microsoft-antimalware-has-removed-history-of/f15af6c9-01a9-4065-8c6c-3f2bdc7de45e"
        ],
        "tags": [
          "attack.defense-evasion"
        ]
      },
      "matched_conditions": [],
      "time": null
    },
    {
      "rule_title": "Unknown",
      "rule_id": "13cfeb75-9e33-4d04-b0f7-ab8faaa95a59",
      "level": "info",
      "file": "sigma",
      "event": {
        "group": "Sigma",
        "kind": "individual",
        "document": {
          "kind": "evtx",
          "path": "C:\\Users\\SKA580~1.BAT\\AppData\\Local\\Temp\\tmp1hg5atjf\\evtx\\System.evtx",
          "data": {
            "Event": {
              "EventData": {
                "updateRevisionNumber": 1,
                "errorCode": "0x80073d02",
                "updateTitle": "9NMPJ99VJBWV-Microsoft.YourPhone",
                "updateGuid": "A483F7DA-BB04-45C5-8C87-90DA65D2A119",
                "serviceGuid": "855E8A7C-ECB4-4CA3-B045-1DFA50104289"
              },
              "System": {
                "EventID": 20,
                "Level": 2,
                "Provider_attributes": {
                  "Name": "Microsoft-Windows-WindowsUpdateClient",
                  "Guid": "945A8954-C147-4ACD-923F-40C45405A658"
                },
                "Version": 1,
                "Task": 1,
                "Opcode": 13,
                "TimeCreated_attributes": {
                  "SystemTime": "2025-04-13T08:36:21.297047Z"
                },
                "Execution_attributes": {
                  "ProcessID": 1980,
                  "ThreadID": 12448
                },
                "Security_attributes": {
                  "UserID": "S-1-5-18"
                },
                "Keywords": "0x8000000000000028",
                "Correlation_attributes": {
                  "ActivityID": "A11B4544-A95C-0000-44F7-31A15CA9DB01"
                },
                "EventRecordID": 2088714,
                "Channel": "System",
                "Computer": "DESKTOP-OFJ6N53"
              }
            },
            "Event_attributes": {
              "xmlns": "http://schemas.microsoft.com/win/2004/08/events/event"
            }
          }
        },
        "name": "Windows Update Error",
        "timestamp": "2025-04-13T08:36:21.297047+00:00",
        "authors": [
          "frack113"
        ],
        "level": "info",
        "source": "sigma",
        "status": "stable",
        "falsepositives": [
          "Unknown"
        ],
        "id": "13cfeb75-9e33-4d04-b0f7-ab8faaa95a59",
        "logsource": {
          "product": "windows",
          "service": "system"
        },
        "references": [
          "https://github.com/nasbench/EVTX-ETW-Resources/blob/f1b010ce0ee1b71e3024180de1a3e67f99701fe4/ETWProvidersManifests/Windows10/1903/W10_1903_Pro_20200714_18362.959/WEPExplorer/Microsoft-Windows-WindowsUpdateClient.xml"
        ],
        "tags": [
          "attack.impact",
          "attack.resource-development",
          "attack.t1584"
        ]
      },
      "matched_conditions": [],
      "time": null
    },
    {
      "rule_title": "Unknown",
      "rule_id": "13cfeb75-9e33-4d04-b0f7-ab8faaa95a59",
      "level": "info",
      "file": "sigma",
      "event": {
        "group": "Sigma",
        "kind": "individual",
        "document": {
          "kind": "evtx",
          "path": "C:\\Users\\SKA580~1.BAT\\AppData\\Local\\Temp\\tmp1hg5atjf\\evtx\\System.evtx",
          "data": {
            "Event": {
              "EventData": {
                "updateRevisionNumber": 1,
                "errorCode": "0x80073d02",
                "updateTitle": "9NMPJ99VJBWV-Microsoft.YourPhone",
                "updateGuid": "A483F7DA-BB04-45C5-8C87-90DA65D2A119",
                "serviceGuid": "855E8A7C-ECB4-4CA3-B045-1DFA50104289"
              },
              "System": {
                "EventID": 20,
                "Level": 2,
                "Provider_attributes": {
                  "Name": "Microsoft-Windows-WindowsUpdateClient",
                  "Guid": "945A8954-C147-4ACD-923F-40C45405A658"
                },
                "Version": 1,
                "Task": 1,
                "Opcode": 13,
                "TimeCreated_attributes": {
                  "SystemTime": "2025-04-13T22:26:38.473038Z"
                },
                "Execution_attributes": {
                  "ProcessID": 1192,
                  "ThreadID": 9416
                },
                "Security_attributes": {
                  "UserID": "S-1-5-18"
                },
                "Keywords": "0x8000000000000028",
                "Correlation_attributes": {
                  "ActivityID": "A11B4544-A95C-0003-DB9A-4EA15CA9DB01"
                },
                "EventRecordID": 2088730,
                "Channel": "System",
                "Computer": "DESKTOP-OFJ6N53"
              }
            },
            "Event_attributes": {
              "xmlns": "http://schemas.microsoft.com/win/2004/08/events/event"
            }
          }
        },
        "name": "Windows Update Error",
        "timestamp": "2025-04-13T22:26:38.473038+00:00",
        "authors": [
          "frack113"
        ],
        "level": "info",
        "source": "sigma",
        "status": "stable",
        "falsepositives": [
          "Unknown"
        ],
        "id": "13cfeb75-9e33-4d04-b0f7-ab8faaa95a59",
        "logsource": {
          "product": "windows",
          "service": "system"
        },
        "references": [
          "https://github.com/nasbench/EVTX-ETW-Resources/blob/f1b010ce0ee1b71e3024180de1a3e67f99701fe4/ETWProvidersManifests/Windows10/1903/W10_1903_Pro_20200714_18362.959/WEPExplorer/Microsoft-Windows-WindowsUpdateClient.xml"
        ],
        "tags": [
          "attack.impact",
          "attack.resource-development",
          "attack.t1584"
        ]
      },
      "matched_conditions": [],
      "time": null
    },
    {
      "rule_title": "Unknown",
      "rule_id": "2afe6582-e149-11ea-87d0-0242ac130003",
      "level": "info",
      "file": "sigma",
      "event": {
        "group": "Sigma",
        "kind": "individual",
        "document": {
          "kind": "evtx",
          "path": "C:\\Users\\SKA580~1.BAT\\AppData\\Local\\Temp\\tmp1hg5atjf\\evtx\\Microsoft-Windows-Windows Defender_Operational.evtx",
          "data": {
            "Event": {
              "EventData": {
                "Unused4": "",
                "Unused3": "",
                "SID": "S-1-5-18",
                "Unused2": "",
                "Domain": "NT AUTHORITY",
                "Unused": "",
                "User": "СИСТЕМА",
                "Product Version": "4.18.25030.2",
                "Timestamp": "2025-03-30T04:21:47Z",
                "Product Name": "Microsoft Defender Antivirus"
              },
              "System": {
                "EventID": 1013,
                "Level": 4,
                "Provider_attributes": {
                  "Name": "Microsoft-Windows-Windows Defender",
                  "Guid": "11CD958A-C507-4EF3-B3F2-5FD9DFBD2C78"
                },
                "Version": 0,
                "Task": 0,
                "Opcode": 0,
                "TimeCreated_attributes": {
                  "SystemTime": "2025-04-14T04:21:47.329925Z"
                },
                "Execution_attributes": {
                  "ProcessID": 652,
                  "ThreadID": 12972
                },
                "Correlation": null,
                "Keywords": "0x8000000000000000",
                "Security_attributes": {
                  "UserID": "S-1-5-18"
                },
                "EventRecordID": 46377,
                "Channel": "Microsoft-Windows-Windows Defender/Operational",
                "Computer": "DESKTOP-OFJ6N53"
              }
            },
            "Event_attributes": {
              "xmlns": "http://schemas.microsoft.com/win/2004/08/events/event"
            }
          }
        },
        "name": "Windows Defender Malware Detection History Deletion",
        "timestamp": "2025-04-14T04:21:47.329925+00:00",
        "authors": [
          "Cian Heasley"
        ],
        "level": "info",
        "source": "sigma",
        "status": "experimental",
        "falsepositives": [
          "Deletion of Defender malware detections history for legitimate reasons"
        ],
        "id": "2afe6582-e149-11ea-87d0-0242ac130003",
        "logsource": {
          "product": "windows",
          "service": "windefend"
        },
        "references": [
          "https://learn.microsoft.com/en-us/defender-endpoint/troubleshoot-microsoft-defender-antivirus",
          "https://web.archive.org/web/20160727113019/https://answers.microsoft.com/en-us/protect/forum/mse-protect_scanning/microsoft-antimalware-has-removed-history-of/f15af6c9-01a9-4065-8c6c-3f2bdc7de45e"
        ],
        "tags": [
          "attack.defense-evasion"
        ]
      },
      "matched_conditions": [],
      "time": null
    },
    {
      "rule_title": "Unknown",
      "rule_id": "13cfeb75-9e33-4d04-b0f7-ab8faaa95a59",
      "level": "info",
      "file": "sigma",
      "event": {
        "group": "Sigma",
        "kind": "individual",
        "document": {
          "kind": "evtx",
          "path": "C:\\Users\\SKA580~1.BAT\\AppData\\Local\\Temp\\tmp1hg5atjf\\evtx\\System.evtx",
          "data": {
            "Event": {
              "EventData": {
                "updateRevisionNumber": 1,
                "errorCode": "0x80073d02",
                "updateTitle": "9NMPJ99VJBWV-Microsoft.YourPhone",
                "updateGuid": "A483F7DA-BB04-45C5-8C87-90DA65D2A119",
                "serviceGuid": "855E8A7C-ECB4-4CA3-B045-1DFA50104289"
              },
              "System": {
                "EventID": 20,
                "Level": 2,
                "Provider_attributes": {
                  "Name": "Microsoft-Windows-WindowsUpdateClient",
                  "Guid": "945A8954-C147-4ACD-923F-40C45405A658"
                },
                "Version": 1,
                "Task": 1,
                "Opcode": 13,
                "TimeCreated_attributes": {
                  "SystemTime": "2025-04-15T08:36:25.011936Z"
                },
                "Execution_attributes": {
                  "ProcessID": 11972,
                  "ThreadID": 1228
                },
                "Security_attributes": {
                  "UserID": "S-1-5-18"
                },
                "Keywords": "0x8000000000000028",
                "Correlation_attributes": {
                  "ActivityID": "A11B4544-A95C-0001-E8F1-3EA15CA9DB01"
                },
                "EventRecordID": 2088785,
                "Channel": "System",
                "Computer": "DESKTOP-OFJ6N53"
              }
            },
            "Event_attributes": {
              "xmlns": "http://schemas.microsoft.com/win/2004/08/events/event"
            }
          }
        },
        "name": "Windows Update Error",
        "timestamp": "2025-04-15T08:36:25.011936+00:00",
        "authors": [
          "frack113"
        ],
        "level": "info",
        "source": "sigma",
        "status": "stable",
        "falsepositives": [
          "Unknown"
        ],
        "id": "13cfeb75-9e33-4d04-b0f7-ab8faaa95a59",
        "logsource": {
          "product": "windows",
          "service": "system"
        },
        "references": [
          "https://github.com/nasbench/EVTX-ETW-Resources/blob/f1b010ce0ee1b71e3024180de1a3e67f99701fe4/ETWProvidersManifests/Windows10/1903/W10_1903_Pro_20200714_18362.959/WEPExplorer/Microsoft-Windows-WindowsUpdateClient.xml"
        ],
        "tags": [
          "attack.impact",
          "attack.resource-development",
          "attack.t1584"
        ]
      },
      "matched_conditions": [],
      "time": null
    },
    {
      "rule_title": "Unknown",
      "rule_id": "2afe6582-e149-11ea-87d0-0242ac130003",
      "level": "info",
      "file": "sigma",
      "event": {
        "group": "Sigma",
        "kind": "individual",
        "document": {
          "kind": "evtx",
          "path": "C:\\Users\\SKA580~1.BAT\\AppData\\Local\\Temp\\tmp1hg5atjf\\evtx\\Microsoft-Windows-Windows Defender_Operational.evtx",
          "data": {
            "Event": {
              "EventData": {
                "Unused4": "",
                "Unused3": "",
                "SID": "S-1-5-18",
                "Unused2": "",
                "Domain": "NT AUTHORITY",
                "Unused": "",
                "User": "СИСТЕМА",
                "Product Version": "4.18.25030.2",
                "Timestamp": "2025-04-01T04:35:50Z",
                "Product Name": "Microsoft Defender Antivirus"
              },
              "System": {
                "EventID": 1013,
                "Level": 4,
                "Provider_attributes": {
                  "Name": "Microsoft-Windows-Windows Defender",
                  "Guid": "11CD958A-C507-4EF3-B3F2-5FD9DFBD2C78"
                },
                "Version": 0,
                "Task": 0,
                "Opcode": 0,
                "TimeCreated_attributes": {
                  "SystemTime": "2025-04-16T04:35:50.800471Z"
                },
                "Execution_attributes": {
                  "ProcessID": 652,
                  "ThreadID": 12556
                },
                "Correlation": null,
                "Keywords": "0x8000000000000000",
                "Security_attributes": {
                  "UserID": "S-1-5-18"
                },
                "EventRecordID": 46516,
                "Channel": "Microsoft-Windows-Windows Defender/Operational",
                "Computer": "DESKTOP-OFJ6N53"
              }
            },
            "Event_attributes": {
              "xmlns": "http://schemas.microsoft.com/win/2004/08/events/event"
            }
          }
        },
        "name": "Windows Defender Malware Detection History Deletion",
        "timestamp": "2025-04-16T04:35:50.800471+00:00",
        "authors": [
          "Cian Heasley"
        ],
        "level": "info",
        "source": "sigma",
        "status": "experimental",
        "falsepositives": [
          "Deletion of Defender malware detections history for legitimate reasons"
        ],
        "id": "2afe6582-e149-11ea-87d0-0242ac130003",
        "logsource": {
          "product": "windows",
          "service": "windefend"
        },
        "references": [
          "https://learn.microsoft.com/en-us/defender-endpoint/troubleshoot-microsoft-defender-antivirus",
          "https://web.archive.org/web/20160727113019/https://answers.microsoft.com/en-us/protect/forum/mse-protect_scanning/microsoft-antimalware-has-removed-history-of/f15af6c9-01a9-4065-8c6c-3f2bdc7de45e"
        ],
        "tags": [
          "attack.defense-evasion"
        ]
      },
      "matched_conditions": [],
      "time": null
    },
    {
      "rule_title": "Unknown",
      "rule_id": "2afe6582-e149-11ea-87d0-0242ac130003",
      "level": "info",
      "file": "sigma",
      "event": {
        "group": "Sigma",
        "kind": "individual",
        "document": {
          "kind": "evtx",
          "path": "C:\\Users\\SKA580~1.BAT\\AppData\\Local\\Temp\\tmp1hg5atjf\\evtx\\Microsoft-Windows-Windows Defender_Operational.evtx",
          "data": {
            "Event": {
              "EventData": {
                "Unused4": "",
                "Unused3": "",
                "SID": "S-1-5-18",
                "Unused2": "",
                "Domain": "NT AUTHORITY",
                "Unused": "",
                "User": "СИСТЕМА",
                "Product Version": "4.18.25030.2",
                "Timestamp": "2025-04-02T04:35:58Z",
                "Product Name": "Microsoft Defender Antivirus"
              },
              "System": {
                "EventID": 1013,
                "Level": 4,
                "Provider_attributes": {
                  "Name": "Microsoft-Windows-Windows Defender",
                  "Guid": "11CD958A-C507-4EF3-B3F2-5FD9DFBD2C78"
                },
                "Version": 0,
                "Task": 0,
                "Opcode": 0,
                "TimeCreated_attributes": {
                  "SystemTime": "2025-04-17T04:35:58.287801Z"
                },
                "Execution_attributes": {
                  "ProcessID": 652,
                  "ThreadID": 14552
                },
                "Correlation": null,
                "Keywords": "0x8000000000000000",
                "Security_attributes": {
                  "UserID": "S-1-5-18"
                },
                "EventRecordID": 46585,
                "Channel": "Microsoft-Windows-Windows Defender/Operational",
                "Computer": "DESKTOP-OFJ6N53"
              }
            },
            "Event_attributes": {
              "xmlns": "http://schemas.microsoft.com/win/2004/08/events/event"
            }
          }
        },
        "name": "Windows Defender Malware Detection History Deletion",
        "timestamp": "2025-04-17T04:35:58.287801+00:00",
        "authors": [
          "Cian Heasley"
        ],
        "level": "info",
        "source": "sigma",
        "status": "experimental",
        "falsepositives": [
          "Deletion of Defender malware detections history for legitimate reasons"
        ],
        "id": "2afe6582-e149-11ea-87d0-0242ac130003",
        "logsource": {
          "product": "windows",
          "service": "windefend"
        },
        "references": [
          "https://learn.microsoft.com/en-us/defender-endpoint/troubleshoot-microsoft-defender-antivirus",
          "https://web.archive.org/web/20160727113019/https://answers.microsoft.com/en-us/protect/forum/mse-protect_scanning/microsoft-antimalware-has-removed-history-of/f15af6c9-01a9-4065-8c6c-3f2bdc7de45e"
        ],
        "tags": [
          "attack.defense-evasion"
        ]
      },
      "matched_conditions": [],
      "time": null
    },
    {
      "rule_title": "Unknown",
      "rule_id": "2afe6582-e149-11ea-87d0-0242ac130003",
      "level": "info",
      "file": "sigma",
      "event": {
        "group": "Sigma",
        "kind": "individual",
        "document": {
          "kind": "evtx",
          "path": "C:\\Users\\SKA580~1.BAT\\AppData\\Local\\Temp\\tmp1hg5atjf\\evtx\\Microsoft-Windows-Windows Defender_Operational.evtx",
          "data": {
            "Event": {
              "EventData": {
                "Unused4": "",
                "Unused3": "",
                "SID": "S-1-5-18",
                "Unused2": "",
                "Domain": "NT AUTHORITY",
                "Unused": "",
                "User": "СИСТЕМА",
                "Product Version": "4.18.25030.2",
                "Timestamp": "2025-04-03T04:36:00Z",
                "Product Name": "Microsoft Defender Antivirus"
              },
              "System": {
                "EventID": 1013,
                "Level": 4,
                "Provider_attributes": {
                  "Name": "Microsoft-Windows-Windows Defender",
                  "Guid": "11CD958A-C507-4EF3-B3F2-5FD9DFBD2C78"
                },
                "Version": 0,
                "Task": 0,
                "Opcode": 0,
                "TimeCreated_attributes": {
                  "SystemTime": "2025-04-18T04:36:00.749264Z"
                },
                "Execution_attributes": {
                  "ProcessID": 652,
                  "ThreadID": 10504
                },
                "Correlation": null,
                "Keywords": "0x8000000000000000",
                "Security_attributes": {
                  "UserID": "S-1-5-18"
                },
                "EventRecordID": 46656,
                "Channel": "Microsoft-Windows-Windows Defender/Operational",
                "Computer": "DESKTOP-OFJ6N53"
              }
            },
            "Event_attributes": {
              "xmlns": "http://schemas.microsoft.com/win/2004/08/events/event"
            }
          }
        },
        "name": "Windows Defender Malware Detection History Deletion",
        "timestamp": "2025-04-18T04:36:00.749264+00:00",
        "authors": [
          "Cian Heasley"
        ],
        "level": "info",
        "source": "sigma",
        "status": "experimental",
        "falsepositives": [
          "Deletion of Defender malware detections history for legitimate reasons"
        ],
        "id": "2afe6582-e149-11ea-87d0-0242ac130003",
        "logsource": {
          "product": "windows",
          "service": "windefend"
        },
        "references": [
          "https://learn.microsoft.com/en-us/defender-endpoint/troubleshoot-microsoft-defender-antivirus",
          "https://web.archive.org/web/20160727113019/https://answers.microsoft.com/en-us/protect/forum/mse-protect_scanning/microsoft-antimalware-has-removed-history-of/f15af6c9-01a9-4065-8c6c-3f2bdc7de45e"
        ],
        "tags": [
          "attack.defense-evasion"
        ]
      },
      "matched_conditions": [],
      "time": null
    },
    {
      "rule_title": "Unknown",
      "rule_id": "2afe6582-e149-11ea-87d0-0242ac130003",
      "level": "info",
      "file": "sigma",
      "event": {
        "group": "Sigma",
        "kind": "individual",
        "document": {
          "kind": "evtx",
          "path": "C:\\Users\\SKA580~1.BAT\\AppData\\Local\\Temp\\tmp1hg5atjf\\evtx\\Microsoft-Windows-Windows Defender_Operational.evtx",
          "data": {
            "Event": {
              "EventData": {
                "Unused4": "",
                "Unused3": "",
                "SID": "S-1-5-18",
                "Unused2": "",
                "Domain": "NT AUTHORITY",
                "Unused": "",
                "User": "СИСТЕМА",
                "Product Version": "4.18.25030.2",
                "Timestamp": "2025-04-07T04:36:10Z",
                "Product Name": "Microsoft Defender Antivirus"
              },
              "System": {
                "EventID": 1013,
                "Level": 4,
                "Provider_attributes": {
                  "Name": "Microsoft-Windows-Windows Defender",
                  "Guid": "11CD958A-C507-4EF3-B3F2-5FD9DFBD2C78"
                },
                "Version": 0,
                "Task": 0,
                "Opcode": 0,
                "TimeCreated_attributes": {
                  "SystemTime": "2025-04-22T04:36:10.646331Z"
                },
                "Execution_attributes": {
                  "ProcessID": 652,
                  "ThreadID": 14716
                },
                "Correlation": null,
                "Keywords": "0x8000000000000000",
                "Security_attributes": {
                  "UserID": "S-1-5-18"
                },
                "EventRecordID": 46909,
                "Channel": "Microsoft-Windows-Windows Defender/Operational",
                "Computer": "DESKTOP-OFJ6N53"
              }
            },
            "Event_attributes": {
              "xmlns": "http://schemas.microsoft.com/win/2004/08/events/event"
            }
          }
        },
        "name": "Windows Defender Malware Detection History Deletion",
        "timestamp": "2025-04-22T04:36:10.646331+00:00",
        "authors": [
          "Cian Heasley"
        ],
        "level": "info",
        "source": "sigma",
        "status": "experimental",
        "falsepositives": [
          "Deletion of Defender malware detections history for legitimate reasons"
        ],
        "id": "2afe6582-e149-11ea-87d0-0242ac130003",
        "logsource": {
          "product": "windows",
          "service": "windefend"
        },
        "references": [
          "https://learn.microsoft.com/en-us/defender-endpoint/troubleshoot-microsoft-defender-antivirus",
          "https://web.archive.org/web/20160727113019/https://answers.microsoft.com/en-us/protect/forum/mse-protect_scanning/microsoft-antimalware-has-removed-history-of/f15af6c9-01a9-4065-8c6c-3f2bdc7de45e"
        ],
        "tags": [
          "attack.defense-evasion"
        ]
      },
      "matched_conditions": [],
      "time": null
    },
    {
      "rule_title": "Unknown",
      "rule_id": "acfa2210-0d71-4eeb-b477-afab494d596c",
      "level": "low",
      "file": "sigma",
      "event": {
        "group": "Sigma",
        "kind": "individual",
        "document": {
          "kind": "evtx",
          "path": "C:\\Users\\SKA580~1.BAT\\AppData\\Local\\Temp\\tmp1hg5atjf\\evtx\\System.evtx",
          "data": {
            "Event": {
              "EventData": {
                "Binary": "5300670072006D00420072006F006B00650072000000",
                "param1": "Брокер мониторинга среды выполнения System Guard",
                "param2": "%%3489660935"
              },
              "System": {
                "Opcode": 0,
                "Provider_attributes": {
                  "Name": "Service Control Manager",
                  "Guid": "{555908d1-a6d7-4695-8e1e-26931d2012f4}",
                  "EventSourceName": "Service Control Manager"
                },
                "EventID_attributes": {
                  "Qualifiers": 49152
                },
                "Execution_attributes": {
                  "ProcessID": 736,
                  "ThreadID": 1128
                },
                "Correlation": null,
                "Keywords": "0x8080000000000000",
                "EventRecordID": 2089153,
                "Security": null,
                "EventID": 7023,
                "Level": 2,
                "Version": 0,
                "Task": 0,
                "TimeCreated_attributes": {
                  "SystemTime": "2025-04-23T00:42:36.170002Z"
                },
                "Channel": "System",
                "Computer": "DESKTOP-OFJ6N53"
              }
            },
            "Event_attributes": {
              "xmlns": "http://schemas.microsoft.com/win/2004/08/events/event"
            }
          }
        },
        "name": "Windows Service Terminated With Error",
        "timestamp": "2025-04-23T00:42:36.170002+00:00",
        "authors": [
          "Nasreddine Bencherchali (Nextron Systems)"
        ],
        "level": "low",
        "source": "sigma",
        "status": "experimental",
        "falsepositives": [
          "False positives could occur since service termination could happen due to multiple reasons"
        ],
        "id": "acfa2210-0d71-4eeb-b477-afab494d596c",
        "logsource": {
          "product": "windows",
          "service": "system"
        },
        "references": [
          "https://www.microsoft.com/en-us/security/blog/2023/04/11/guidance-for-investigating-attacks-using-cve-2022-21894-the-blacklotus-campaign/"
        ],
        "tags": [
          "attack.defense-evasion"
        ]
      },
      "matched_conditions": [],
      "time": null
    },
    {
      "rule_title": "Unknown",
      "rule_id": "2afe6582-e149-11ea-87d0-0242ac130003",
      "level": "info",
      "file": "sigma",
      "event": {
        "group": "Sigma",
        "kind": "individual",
        "document": {
          "kind": "evtx",
          "path": "C:\\Users\\SKA580~1.BAT\\AppData\\Local\\Temp\\tmp1hg5atjf\\evtx\\Microsoft-Windows-Windows Defender_Operational.evtx",
          "data": {
            "Event": {
              "EventData": {
                "Unused4": "",
                "Unused3": "",
                "SID": "S-1-5-18",
                "Unused2": "",
                "Domain": "NT AUTHORITY",
                "Unused": "",
                "User": "СИСТЕМА",
                "Product Version": "4.18.25030.2",
                "Timestamp": "2025-04-10T04:40:25Z",
                "Product Name": "Microsoft Defender Antivirus"
              },
              "System": {
                "EventID": 1013,
                "Level": 4,
                "Provider_attributes": {
                  "Name": "Microsoft-Windows-Windows Defender",
                  "Guid": "11CD958A-C507-4EF3-B3F2-5FD9DFBD2C78"
                },
                "Version": 0,
                "Task": 0,
                "Opcode": 0,
                "TimeCreated_attributes": {
                  "SystemTime": "2025-04-25T04:40:25.949818Z"
                },
                "Execution_attributes": {
                  "ProcessID": 5272,
                  "ThreadID": 4780
                },
                "Correlation": null,
                "Keywords": "0x8000000000000000",
                "Security_attributes": {
                  "UserID": "S-1-5-18"
                },
                "EventRecordID": 47119,
                "Channel": "Microsoft-Windows-Windows Defender/Operational",
                "Computer": "DESKTOP-OFJ6N53"
              }
            },
            "Event_attributes": {
              "xmlns": "http://schemas.microsoft.com/win/2004/08/events/event"
            }
          }
        },
        "name": "Windows Defender Malware Detection History Deletion",
        "timestamp": "2025-04-25T04:40:25.949818+00:00",
        "authors": [
          "Cian Heasley"
        ],
        "level": "info",
        "source": "sigma",
        "status": "experimental",
        "falsepositives": [
          "Deletion of Defender malware detections history for legitimate reasons"
        ],
        "id": "2afe6582-e149-11ea-87d0-0242ac130003",
        "logsource": {
          "product": "windows",
          "service": "windefend"
        },
        "references": [
          "https://learn.microsoft.com/en-us/defender-endpoint/troubleshoot-microsoft-defender-antivirus",
          "https://web.archive.org/web/20160727113019/https://answers.microsoft.com/en-us/protect/forum/mse-protect_scanning/microsoft-antimalware-has-removed-history-of/f15af6c9-01a9-4065-8c6c-3f2bdc7de45e"
        ],
        "tags": [
          "attack.defense-evasion"
        ]
      },
      "matched_conditions": [],
      "time": null
    },
    {
      "rule_title": "Unknown",
      "rule_id": "2afe6582-e149-11ea-87d0-0242ac130003",
      "level": "info",
      "file": "sigma",
      "event": {
        "group": "Sigma",
        "kind": "individual",
        "document": {
          "kind": "evtx",
          "path": "C:\\Users\\SKA580~1.BAT\\AppData\\Local\\Temp\\tmp1hg5atjf\\evtx\\Microsoft-Windows-Windows Defender_Operational.evtx",
          "data": {
            "Event": {
              "EventData": {
                "Unused4": "",
                "Unused3": "",
                "SID": "S-1-5-18",
                "Unused2": "",
                "Domain": "NT AUTHORITY",
                "Unused": "",
                "User": "СИСТЕМА",
                "Product Version": "4.18.25030.2",
                "Timestamp": "2025-04-15T04:40:37Z",
                "Product Name": "Microsoft Defender Antivirus"
              },
              "System": {
                "EventID": 1013,
                "Level": 4,
                "Provider_attributes": {
                  "Name": "Microsoft-Windows-Windows Defender",
                  "Guid": "11CD958A-C507-4EF3-B3F2-5FD9DFBD2C78"
                },
                "Version": 0,
                "Task": 0,
                "Opcode": 0,
                "TimeCreated_attributes": {
                  "SystemTime": "2025-04-30T04:40:37.111294Z"
                },
                "Execution_attributes": {
                  "ProcessID": 5272,
                  "ThreadID": 11640
                },
                "Correlation": null,
                "Keywords": "0x8000000000000000",
                "Security_attributes": {
                  "UserID": "S-1-5-18"
                },
                "EventRecordID": 47447,
                "Channel": "Microsoft-Windows-Windows Defender/Operational",
                "Computer": "DESKTOP-OFJ6N53"
              }
            },
            "Event_attributes": {
              "xmlns": "http://schemas.microsoft.com/win/2004/08/events/event"
            }
          }
        },
        "name": "Windows Defender Malware Detection History Deletion",
        "timestamp": "2025-04-30T04:40:37.111294+00:00",
        "authors": [
          "Cian Heasley"
        ],
        "level": "info",
        "source": "sigma",
        "status": "experimental",
        "falsepositives": [
          "Deletion of Defender malware detections history for legitimate reasons"
        ],
        "id": "2afe6582-e149-11ea-87d0-0242ac130003",
        "logsource": {
          "product": "windows",
          "service": "windefend"
        },
        "references": [
          "https://learn.microsoft.com/en-us/defender-endpoint/troubleshoot-microsoft-defender-antivirus",
          "https://web.archive.org/web/20160727113019/https://answers.microsoft.com/en-us/protect/forum/mse-protect_scanning/microsoft-antimalware-has-removed-history-of/f15af6c9-01a9-4065-8c6c-3f2bdc7de45e"
        ],
        "tags": [
          "attack.defense-evasion"
        ]
      },
      "matched_conditions": [],
      "time": null
    },
    {
      "rule_title": "Unknown",
      "rule_id": "2afe6582-e149-11ea-87d0-0242ac130003",
      "level": "info",
      "file": "sigma",
      "event": {
        "group": "Sigma",
        "kind": "individual",
        "document": {
          "kind": "evtx",
          "path": "C:\\Users\\SKA580~1.BAT\\AppData\\Local\\Temp\\tmp1hg5atjf\\evtx\\Microsoft-Windows-Windows Defender_Operational.evtx",
          "data": {
            "Event": {
              "EventData": {
                "Unused4": "",
                "Unused3": "",
                "SID": "S-1-5-18",
                "Unused2": "",
                "Domain": "NT AUTHORITY",
                "Unused": "",
                "User": "СИСТЕМА",
                "Product Version": "4.18.25030.2",
                "Timestamp": "2025-04-16T04:40:39Z",
                "Product Name": "Microsoft Defender Antivirus"
              },
              "System": {
                "EventID": 1013,
                "Level": 4,
                "Provider_attributes": {
                  "Name": "Microsoft-Windows-Windows Defender",
                  "Guid": "11CD958A-C507-4EF3-B3F2-5FD9DFBD2C78"
                },
                "Version": 0,
                "Task": 0,
                "Opcode": 0,
                "TimeCreated_attributes": {
                  "SystemTime": "2025-05-01T04:40:39.387255Z"
                },
                "Execution_attributes": {
                  "ProcessID": 5272,
                  "ThreadID": 10692
                },
                "Correlation": null,
                "Keywords": "0x8000000000000000",
                "Security_attributes": {
                  "UserID": "S-1-5-18"
                },
                "EventRecordID": 47512,
                "Channel": "Microsoft-Windows-Windows Defender/Operational",
                "Computer": "DESKTOP-OFJ6N53"
              }
            },
            "Event_attributes": {
              "xmlns": "http://schemas.microsoft.com/win/2004/08/events/event"
            }
          }
        },
        "name": "Windows Defender Malware Detection History Deletion",
        "timestamp": "2025-05-01T04:40:39.387255+00:00",
        "authors": [
          "Cian Heasley"
        ],
        "level": "info",
        "source": "sigma",
        "status": "experimental",
        "falsepositives": [
          "Deletion of Defender malware detections history for legitimate reasons"
        ],
        "id": "2afe6582-e149-11ea-87d0-0242ac130003",
        "logsource": {
          "product": "windows",
          "service": "windefend"
        },
        "references": [
          "https://learn.microsoft.com/en-us/defender-endpoint/troubleshoot-microsoft-defender-antivirus",
          "https://web.archive.org/web/20160727113019/https://answers.microsoft.com/en-us/protect/forum/mse-protect_scanning/microsoft-antimalware-has-removed-history-of/f15af6c9-01a9-4065-8c6c-3f2bdc7de45e"
        ],
        "tags": [
          "attack.defense-evasion"
        ]
      },
      "matched_conditions": [],
      "time": null
    },
