    {
      "rule_title": "Unknown",
      "rule_id": "0badd08f-c6a3-4630-90d3-6875cca440be",
      "level": "info",
      "file": "sigma",
      "event": {
        "group": "Sigma",
        "kind": "individual",
        "document": {
          "kind": "evtx",
          "path": "C:\\Users\\SKA580~1.BAT\\AppData\\Local\\Temp\\tmp1hg5atjf\\evtx\\Security.evtx",
          "data": {
            "Event": {
              "EventData": {
                "TargetUserName": "sk.batsiev",
                "LogonType": 7,
                "TargetUserSid": "S-1-5-21-963789628-1060504924-4285088085-1001",
                "TargetDomainName": "DESKTOP-OFJ6N53",
                "TargetLogonId": "0x911d611e"
              },
              "System": {
                "EventID": 4634,
                "Level": 0,
                "Provider_attributes": {
                  "Name": "Microsoft-Windows-Security-Auditing",
                  "Guid": "54849625-5478-4994-A5BA-3E3B0328C30D"
                },
                "Version": 0,
                "Task": 12545,
                "Opcode": 0,
                "TimeCreated_attributes": {
                  "SystemTime": "2025-08-08T08:18:29.382054Z"
                },
                "Execution_attributes": {
                  "ProcessID": 776,
                  "ThreadID": 12668
                },
                "Correlation": null,
                "Keywords": "0x8020000000000000",
                "EventRecordID": 1077772,
                "Channel": "Security",
                "Computer": "DESKTOP-OFJ6N53",
                "Security": null
              }
            },
            "Event_attributes": {
              "xmlns": "http://schemas.microsoft.com/win/2004/08/events/event"
            }
          }
        },
        "name": "User Logoff Event",
        "timestamp": "2025-08-08T08:18:29.382054+00:00",
        "authors": [
          "frack113"
        ],
        "level": "info",
        "source": "sigma",
        "status": "experimental",
        "falsepositives": [
          "Unknown"
        ],
        "id": "0badd08f-c6a3-4630-90d3-6875cca440be",
        "logsource": {
          "product": "windows",
          "service": "security"
        },
        "references": [
          "https://github.com/Yamato-Security/EnableWindowsLogSettings/blob/7f6d755d45ac7cc9fc35b0cbf498e6aa4ef19def/ConfiguringSecurityLogAuditPolicies.md",
          "https://learn.microsoft.com/en-us/previous-versions/windows/it-pro/windows-10/security/threat-protection/auditing/event-4634",
          "https://learn.microsoft.com/en-us/previous-versions/windows/it-pro/windows-10/security/threat-protection/auditing/event-4647"
        ],
        "tags": [
          "attack.impact",
          "attack.t1531"
        ]
      },
      "matched_conditions": [],
      "time": null
    },
    {
      "rule_title": "Unknown",
      "rule_id": "0badd08f-c6a3-4630-90d3-6875cca440be",
      "level": "info",
      "file": "sigma",
      "event": {
        "group": "Sigma",
        "kind": "individual",
        "document": {
          "kind": "evtx",
          "path": "C:\\Users\\SKA580~1.BAT\\AppData\\Local\\Temp\\tmp1hg5atjf\\evtx\\Security.evtx",
          "data": {
            "Event": {
              "EventData": {
                "TargetUserName": "sk.batsiev",
                "LogonType": 7,
                "TargetUserSid": "S-1-5-21-963789628-1060504924-4285088085-1001",
                "TargetDomainName": "DESKTOP-OFJ6N53",
                "TargetLogonId": "0x911d6020"
              },
              "System": {
                "EventID": 4634,
                "Level": 0,
                "Provider_attributes": {
                  "Name": "Microsoft-Windows-Security-Auditing",
                  "Guid": "54849625-5478-4994-A5BA-3E3B0328C30D"
                },
                "Version": 0,
                "Task": 12545,
                "Opcode": 0,
                "TimeCreated_attributes": {
                  "SystemTime": "2025-08-08T08:18:29.382180Z"
                },
                "Execution_attributes": {
                  "ProcessID": 776,
                  "ThreadID": 12668
                },
                "Correlation": null,
                "Keywords": "0x8020000000000000",
                "EventRecordID": 1077773,
                "Channel": "Security",
                "Computer": "DESKTOP-OFJ6N53",
                "Security": null
              }
            },
            "Event_attributes": {
              "xmlns": "http://schemas.microsoft.com/win/2004/08/events/event"
            }
          }
        },
        "name": "User Logoff Event",
        "timestamp": "2025-08-08T08:18:29.382180+00:00",
        "authors": [
          "frack113"
        ],
        "level": "info",
        "source": "sigma",
        "status": "experimental",
        "falsepositives": [
          "Unknown"
        ],
        "id": "0badd08f-c6a3-4630-90d3-6875cca440be",
        "logsource": {
          "product": "windows",
          "service": "security"
        },
        "references": [
          "https://github.com/Yamato-Security/EnableWindowsLogSettings/blob/7f6d755d45ac7cc9fc35b0cbf498e6aa4ef19def/ConfiguringSecurityLogAuditPolicies.md",
          "https://learn.microsoft.com/en-us/previous-versions/windows/it-pro/windows-10/security/threat-protection/auditing/event-4634",
          "https://learn.microsoft.com/en-us/previous-versions/windows/it-pro/windows-10/security/threat-protection/auditing/event-4647"
        ],
        "tags": [
          "attack.impact",
          "attack.t1531"
        ]
      },
      "matched_conditions": [],
      "time": null
    },
    {
      "rule_title": "Unknown",
      "rule_id": "2afe6582-e149-11ea-87d0-0242ac130003",
      "level": "info",
      "file": "sigma",
      "event": {
        "group": "Sigma",
        "kind": "individual",
        "document": {
          "kind": "evtx",
          "path": "C:\\Users\\SKA580~1.BAT\\AppData\\Local\\Temp\\tmp1hg5atjf\\evtx\\Microsoft-Windows-Windows Defender_Operational.evtx",
          "data": {
            "Event": {
              "EventData": {
                "Unused4": "",
                "Unused3": "",
                "SID": "S-1-5-18",
                "Unused2": "",
                "Domain": "NT AUTHORITY",
                "Unused": "",
                "User": "СИСТЕМА",
                "Product Version": "4.18.25070.5",
                "Timestamp": "2025-07-24T08:49:06Z",
                "Product Name": "Антивирусная программа Microsoft Defender"
              },
              "System": {
                "EventID": 1013,
                "Level": 4,
                "Provider_attributes": {
                  "Name": "Microsoft-Windows-Windows Defender",
                  "Guid": "11CD958A-C507-4EF3-B3F2-5FD9DFBD2C78"
                },
                "Version": 0,
                "Task": 0,
                "Opcode": 0,
                "TimeCreated_attributes": {
                  "SystemTime": "2025-08-08T08:49:06.790053Z"
                },
                "Execution_attributes": {
                  "ProcessID": 9780,
                  "ThreadID": 10704
                },
                "Correlation": null,
                "Keywords": "0x8000000000000000",
                "Security_attributes": {
                  "UserID": "S-1-5-18"
                },
                "EventRecordID": 54565,
                "Channel": "Microsoft-Windows-Windows Defender/Operational",
                "Computer": "DESKTOP-OFJ6N53"
              }
            },
            "Event_attributes": {
              "xmlns": "http://schemas.microsoft.com/win/2004/08/events/event"
            }
          }
        },
        "name": "Windows Defender Malware Detection History Deletion",
        "timestamp": "2025-08-08T08:49:06.790053+00:00",
        "authors": [
          "Cian Heasley"
        ],
        "level": "info",
        "source": "sigma",
        "status": "experimental",
        "falsepositives": [
          "Deletion of Defender malware detections history for legitimate reasons"
        ],
        "id": "2afe6582-e149-11ea-87d0-0242ac130003",
        "logsource": {
          "product": "windows",
          "service": "windefend"
        },
        "references": [
          "https://learn.microsoft.com/en-us/defender-endpoint/troubleshoot-microsoft-defender-antivirus",
          "https://web.archive.org/web/20160727113019/https://answers.microsoft.com/en-us/protect/forum/mse-protect_scanning/microsoft-antimalware-has-removed-history-of/f15af6c9-01a9-4065-8c6c-3f2bdc7de45e"
        ],
        "tags": [
          "attack.defense-evasion"
        ]
      },
      "matched_conditions": [],
      "time": null
    },
    {
      "rule_title": "Unknown",
      "rule_id": "0badd08f-c6a3-4630-90d3-6875cca440be",
      "level": "info",
      "file": "sigma",
      "event": {
        "group": "Sigma",
        "kind": "individual",
        "document": {
          "kind": "evtx",
          "path": "C:\\Users\\SKA580~1.BAT\\AppData\\Local\\Temp\\tmp1hg5atjf\\evtx\\Security.evtx",
          "data": {
            "Event": {
              "EventData": {
                "TargetUserName": "sk.batsiev",
                "LogonType": 3,
                "TargetUserSid": "S-1-5-21-963789628-1060504924-4285088085-1001",
                "TargetDomainName": "DESKTOP-OFJ6N53",
                "TargetLogonId": "0x911c6dc5"
              },
              "System": {
                "EventID": 4634,
                "Level": 0,
                "Provider_attributes": {
                  "Name": "Microsoft-Windows-Security-Auditing",
                  "Guid": "54849625-5478-4994-A5BA-3E3B0328C30D"
                },
                "Version": 0,
                "Task": 12545,
                "Opcode": 0,
                "TimeCreated_attributes": {
                  "SystemTime": "2025-08-08T09:58:09.552061Z"
                },
                "Execution_attributes": {
                  "ProcessID": 776,
                  "ThreadID": 14060
                },
                "Correlation": null,
                "Keywords": "0x8020000000000000",
                "EventRecordID": 1077876,
                "Channel": "Security",
                "Computer": "DESKTOP-OFJ6N53",
                "Security": null
              }
            },
            "Event_attributes": {
              "xmlns": "http://schemas.microsoft.com/win/2004/08/events/event"
            }
          }
        },
        "name": "User Logoff Event",
        "timestamp": "2025-08-08T09:58:09.552061+00:00",
        "authors": [
          "frack113"
        ],
        "level": "info",
        "source": "sigma",
        "status": "experimental",
        "falsepositives": [
          "Unknown"
        ],
        "id": "0badd08f-c6a3-4630-90d3-6875cca440be",
        "logsource": {
          "product": "windows",
          "service": "security"
        },
        "references": [
          "https://github.com/Yamato-Security/EnableWindowsLogSettings/blob/7f6d755d45ac7cc9fc35b0cbf498e6aa4ef19def/ConfiguringSecurityLogAuditPolicies.md",
          "https://learn.microsoft.com/en-us/previous-versions/windows/it-pro/windows-10/security/threat-protection/auditing/event-4634",
          "https://learn.microsoft.com/en-us/previous-versions/windows/it-pro/windows-10/security/threat-protection/auditing/event-4647"
        ],
        "tags": [
          "attack.impact",
          "attack.t1531"
        ]
      },
      "matched_conditions": [],
      "time": null
    },
    {
      "rule_title": "Unknown",
      "rule_id": "0badd08f-c6a3-4630-90d3-6875cca440be",
      "level": "info",
      "file": "sigma",
      "event": {
        "group": "Sigma",
        "kind": "individual",
        "document": {
          "kind": "evtx",
          "path": "C:\\Users\\SKA580~1.BAT\\AppData\\Local\\Temp\\tmp1hg5atjf\\evtx\\Security.evtx",
          "data": {
            "Event": {
              "EventData": {
                "TargetUserName": "sk.batsiev",
                "LogonType": 7,
                "TargetUserSid": "S-1-5-21-963789628-1060504924-4285088085-1001",
                "TargetDomainName": "DESKTOP-OFJ6N53",
                "TargetLogonId": "0x9366e45c"
              },
              "System": {
                "EventID": 4634,
                "Level": 0,
                "Provider_attributes": {
                  "Name": "Microsoft-Windows-Security-Auditing",
                  "Guid": "54849625-5478-4994-A5BA-3E3B0328C30D"
                },
                "Version": 0,
                "Task": 12545,
                "Opcode": 0,
                "TimeCreated_attributes": {
                  "SystemTime": "2025-08-08T10:30:51.710702Z"
                },
                "Execution_attributes": {
                  "ProcessID": 776,
                  "ThreadID": 948
                },
                "Correlation": null,
                "Keywords": "0x8020000000000000",
                "EventRecordID": 1077941,
                "Channel": "Security",
                "Computer": "DESKTOP-OFJ6N53",
                "Security": null
              }
            },
            "Event_attributes": {
              "xmlns": "http://schemas.microsoft.com/win/2004/08/events/event"
            }
          }
        },
        "name": "User Logoff Event",
        "timestamp": "2025-08-08T10:30:51.710702+00:00",
        "authors": [
          "frack113"
        ],
        "level": "info",
        "source": "sigma",
        "status": "experimental",
        "falsepositives": [
          "Unknown"
        ],
        "id": "0badd08f-c6a3-4630-90d3-6875cca440be",
        "logsource": {
          "product": "windows",
          "service": "security"
        },
        "references": [
          "https://github.com/Yamato-Security/EnableWindowsLogSettings/blob/7f6d755d45ac7cc9fc35b0cbf498e6aa4ef19def/ConfiguringSecurityLogAuditPolicies.md",
          "https://learn.microsoft.com/en-us/previous-versions/windows/it-pro/windows-10/security/threat-protection/auditing/event-4634",
          "https://learn.microsoft.com/en-us/previous-versions/windows/it-pro/windows-10/security/threat-protection/auditing/event-4647"
        ],
        "tags": [
          "attack.impact",
          "attack.t1531"
        ]
      },
      "matched_conditions": [],
      "time": null
    },
    {
      "rule_title": "Unknown",
      "rule_id": "0badd08f-c6a3-4630-90d3-6875cca440be",
      "level": "info",
      "file": "sigma",
      "event": {
        "group": "Sigma",
        "kind": "individual",
        "document": {
          "kind": "evtx",
          "path": "C:\\Users\\SKA580~1.BAT\\AppData\\Local\\Temp\\tmp1hg5atjf\\evtx\\Security.evtx",
          "data": {
            "Event": {
              "EventData": {
                "TargetUserName": "sk.batsiev",
                "LogonType": 7,
                "TargetUserSid": "S-1-5-21-963789628-1060504924-4285088085-1001",
                "TargetDomainName": "DESKTOP-OFJ6N53",
                "TargetLogonId": "0x9366e40f"
              },
              "System": {
                "EventID": 4634,
                "Level": 0,
                "Provider_attributes": {
                  "Name": "Microsoft-Windows-Security-Auditing",
                  "Guid": "54849625-5478-4994-A5BA-3E3B0328C30D"
                },
                "Version": 0,
                "Task": 12545,
                "Opcode": 0,
                "TimeCreated_attributes": {
                  "SystemTime": "2025-08-08T10:30:51.710754Z"
                },
                "Execution_attributes": {
                  "ProcessID": 776,
                  "ThreadID": 948
                },
                "Correlation": null,
                "Keywords": "0x8020000000000000",
                "EventRecordID": 1077942,
                "Channel": "Security",
                "Computer": "DESKTOP-OFJ6N53",
                "Security": null
              }
            },
            "Event_attributes": {
              "xmlns": "http://schemas.microsoft.com/win/2004/08/events/event"
            }
          }
        },
        "name": "User Logoff Event",
        "timestamp": "2025-08-08T10:30:51.710754+00:00",
        "authors": [
          "frack113"
        ],
        "level": "info",
        "source": "sigma",
        "status": "experimental",
        "falsepositives": [
          "Unknown"
        ],
        "id": "0badd08f-c6a3-4630-90d3-6875cca440be",
        "logsource": {
          "product": "windows",
          "service": "security"
        },
        "references": [
          "https://github.com/Yamato-Security/EnableWindowsLogSettings/blob/7f6d755d45ac7cc9fc35b0cbf498e6aa4ef19def/ConfiguringSecurityLogAuditPolicies.md",
          "https://learn.microsoft.com/en-us/previous-versions/windows/it-pro/windows-10/security/threat-protection/auditing/event-4634",
          "https://learn.microsoft.com/en-us/previous-versions/windows/it-pro/windows-10/security/threat-protection/auditing/event-4647"
        ],
        "tags": [
          "attack.impact",
          "attack.t1531"
        ]
      },
      "matched_conditions": [],
      "time": null
    },
    {
      "rule_title": "Unknown",
      "rule_id": "0badd08f-c6a3-4630-90d3-6875cca440be",
      "level": "info",
      "file": "sigma",
      "event": {
        "group": "Sigma",
        "kind": "individual",
        "document": {
          "kind": "evtx",
          "path": "C:\\Users\\SKA580~1.BAT\\AppData\\Local\\Temp\\tmp1hg5atjf\\evtx\\Security.evtx",
          "data": {
            "Event": {
              "EventData": {
                "TargetUserName": "sk.batsiev",
                "LogonType": 3,
                "TargetUserSid": "S-1-5-21-963789628-1060504924-4285088085-1001",
                "TargetDomainName": "DESKTOP-OFJ6N53",
                "TargetLogonId": "0x9364ba82"
              },
              "System": {
                "EventID": 4634,
                "Level": 0,
                "Provider_attributes": {
                  "Name": "Microsoft-Windows-Security-Auditing",
                  "Guid": "54849625-5478-4994-A5BA-3E3B0328C30D"
                },
                "Version": 0,
                "Task": 12545,
                "Opcode": 0,
                "TimeCreated_attributes": {
                  "SystemTime": "2025-08-08T13:10:36.963517Z"
                },
                "Execution_attributes": {
                  "ProcessID": 776,
                  "ThreadID": 948
                },
                "Correlation": null,
                "Keywords": "0x8020000000000000",
                "EventRecordID": 1078076,
                "Channel": "Security",
                "Computer": "DESKTOP-OFJ6N53",
                "Security": null
              }
            },
            "Event_attributes": {
              "xmlns": "http://schemas.microsoft.com/win/2004/08/events/event"
            }
          }
        },
        "name": "User Logoff Event",
        "timestamp": "2025-08-08T13:10:36.963517+00:00",
        "authors": [
          "frack113"
        ],
        "level": "info",
        "source": "sigma",
        "status": "experimental",
        "falsepositives": [
          "Unknown"
        ],
        "id": "0badd08f-c6a3-4630-90d3-6875cca440be",
        "logsource": {
          "product": "windows",
          "service": "security"
        },
        "references": [
          "https://github.com/Yamato-Security/EnableWindowsLogSettings/blob/7f6d755d45ac7cc9fc35b0cbf498e6aa4ef19def/ConfiguringSecurityLogAuditPolicies.md",
          "https://learn.microsoft.com/en-us/previous-versions/windows/it-pro/windows-10/security/threat-protection/auditing/event-4634",
          "https://learn.microsoft.com/en-us/previous-versions/windows/it-pro/windows-10/security/threat-protection/auditing/event-4647"
        ],
        "tags": [
          "attack.impact",
          "attack.t1531"
        ]
      },
      "matched_conditions": [],
      "time": null
    },
    {
      "rule_title": "Unknown",
      "rule_id": "13cfeb75-9e33-4d04-b0f7-ab8faaa95a59",
      "level": "info",
      "file": "sigma",
      "event": {
        "group": "Sigma",
        "kind": "individual",
        "document": {
          "kind": "evtx",
          "path": "C:\\Users\\SKA580~1.BAT\\AppData\\Local\\Temp\\tmp1hg5atjf\\evtx\\System.evtx",
          "data": {
            "Event": {
              "EventData": {
                "updateRevisionNumber": 1,
                "errorCode": "0x80073d02",
                "updateTitle": "9WZDNCRD29V9-MICROSOFT.MICROSOFTOFFICEHUB",
                "updateGuid": "56C0BC95-C226-4F8F-B032-7E2DA313104E",
                "serviceGuid": "855E8A7C-ECB4-4CA3-B045-1DFA50104289"
              },
              "System": {
                "EventID": 20,
                "Level": 2,
                "Provider_attributes": {
                  "Name": "Microsoft-Windows-WindowsUpdateClient",
                  "Guid": "945A8954-C147-4ACD-923F-40C45405A658"
                },
                "Version": 1,
                "Task": 1,
                "Opcode": 13,
                "TimeCreated_attributes": {
                  "SystemTime": "2025-08-08T17:16:22.740143Z"
                },
                "Execution_attributes": {
                  "ProcessID": 4388,
                  "ThreadID": 7852
                },
                "Security_attributes": {
                  "UserID": "S-1-5-18"
                },
                "Keywords": "0x8000000000000028",
                "Correlation_attributes": {
                  "ActivityID": "95E850B0-01F1-0002-453A-F095F101DC01"
                },
                "EventRecordID": 2093295,
                "Channel": "System",
                "Computer": "DESKTOP-OFJ6N53"
              }
            },
            "Event_attributes": {
              "xmlns": "http://schemas.microsoft.com/win/2004/08/events/event"
            }
          }
        },
        "name": "Windows Update Error",
        "timestamp": "2025-08-08T17:16:22.740143+00:00",
        "authors": [
          "frack113"
        ],
        "level": "info",
        "source": "sigma",
        "status": "stable",
        "falsepositives": [
          "Unknown"
        ],
        "id": "13cfeb75-9e33-4d04-b0f7-ab8faaa95a59",
        "logsource": {
          "product": "windows",
          "service": "system"
        },
        "references": [
          "https://github.com/nasbench/EVTX-ETW-Resources/blob/f1b010ce0ee1b71e3024180de1a3e67f99701fe4/ETWProvidersManifests/Windows10/1903/W10_1903_Pro_20200714_18362.959/WEPExplorer/Microsoft-Windows-WindowsUpdateClient.xml"
        ],
        "tags": [
          "attack.impact",
          "attack.resource-development",
          "attack.t1584"
        ]
      },
      "matched_conditions": [],
      "time": null
    },
    {
      "rule_title": "Unknown",
      "rule_id": "0badd08f-c6a3-4630-90d3-6875cca440be",
      "level": "info",
      "file": "sigma",
      "event": {
        "group": "Sigma",
        "kind": "individual",
        "document": {
          "kind": "evtx",
          "path": "C:\\Users\\SKA580~1.BAT\\AppData\\Local\\Temp\\tmp1hg5atjf\\evtx\\Security.evtx",
          "data": {
            "Event": {
              "EventData": {
                "TargetUserName": "АНОНИМНЫЙ ВХОД",
                "LogonType": 3,
                "TargetUserSid": "S-1-5-7",
                "TargetDomainName": "NT AUTHORITY",
                "TargetLogonId": "0xa78daef6"
              },
              "System": {
                "EventID": 4634,
                "Level": 0,
                "Provider_attributes": {
                  "Name": "Microsoft-Windows-Security-Auditing",
                  "Guid": "54849625-5478-4994-A5BA-3E3B0328C30D"
                },
                "Version": 0,
                "Task": 12545,
                "Opcode": 0,
                "TimeCreated_attributes": {
                  "SystemTime": "2025-08-09T13:56:02.251558Z"
                },
                "Execution_attributes": {
                  "ProcessID": 776,
                  "ThreadID": 12368
                },
                "Correlation": null,
                "Keywords": "0x8020000000000000",
                "EventRecordID": 1078674,
                "Channel": "Security",
                "Computer": "DESKTOP-OFJ6N53",
                "Security": null
              }
            },
            "Event_attributes": {
              "xmlns": "http://schemas.microsoft.com/win/2004/08/events/event"
            }
          }
        },
        "name": "User Logoff Event",
        "timestamp": "2025-08-09T13:56:02.251558+00:00",
        "authors": [
          "frack113"
        ],
        "level": "info",
        "source": "sigma",
        "status": "experimental",
        "falsepositives": [
          "Unknown"
        ],
        "id": "0badd08f-c6a3-4630-90d3-6875cca440be",
        "logsource": {
          "product": "windows",
          "service": "security"
        },
        "references": [
          "https://github.com/Yamato-Security/EnableWindowsLogSettings/blob/7f6d755d45ac7cc9fc35b0cbf498e6aa4ef19def/ConfiguringSecurityLogAuditPolicies.md",
          "https://learn.microsoft.com/en-us/previous-versions/windows/it-pro/windows-10/security/threat-protection/auditing/event-4634",
          "https://learn.microsoft.com/en-us/previous-versions/windows/it-pro/windows-10/security/threat-protection/auditing/event-4647"
        ],
        "tags": [
          "attack.impact",
          "attack.t1531"
        ]
      },
      "matched_conditions": [],
      "time": null
    },
    {
      "rule_title": "Unknown",
      "rule_id": "2afe6582-e149-11ea-87d0-0242ac130003",
      "level": "info",
      "file": "sigma",
      "event": {
        "group": "Sigma",
        "kind": "individual",
        "document": {
          "kind": "evtx",
          "path": "C:\\Users\\SKA580~1.BAT\\AppData\\Local\\Temp\\tmp1hg5atjf\\evtx\\Microsoft-Windows-Windows Defender_Operational.evtx",
          "data": {
            "Event": {
              "EventData": {
                "Unused4": "",
                "Unused3": "",
                "SID": "S-1-5-18",
                "Unused2": "",
                "Domain": "NT AUTHORITY",
                "Unused": "",
                "User": "СИСТЕМА",
                "Product Version": "4.18.25070.5",
                "Timestamp": "2025-07-26T10:04:01Z",
                "Product Name": "Антивирусная программа Microsoft Defender"
              },
              "System": {
                "EventID": 1013,
                "Level": 4,
                "Provider_attributes": {
                  "Name": "Microsoft-Windows-Windows Defender",
                  "Guid": "11CD958A-C507-4EF3-B3F2-5FD9DFBD2C78"
                },
                "Version": 0,
                "Task": 0,
                "Opcode": 0,
                "TimeCreated_attributes": {
                  "SystemTime": "2025-08-10T10:04:01.763935Z"
                },
                "Execution_attributes": {
                  "ProcessID": 9780,
                  "ThreadID": 3104
                },
                "Correlation": null,
                "Keywords": "0x8000000000000000",
                "Security_attributes": {
                  "UserID": "S-1-5-18"
                },
                "EventRecordID": 54704,
                "Channel": "Microsoft-Windows-Windows Defender/Operational",
                "Computer": "DESKTOP-OFJ6N53"
              }
            },
            "Event_attributes": {
              "xmlns": "http://schemas.microsoft.com/win/2004/08/events/event"
            }
          }
        },
        "name": "Windows Defender Malware Detection History Deletion",
        "timestamp": "2025-08-10T10:04:01.763935+00:00",
        "authors": [
          "Cian Heasley"
        ],
        "level": "info",
        "source": "sigma",
        "status": "experimental",
        "falsepositives": [
          "Deletion of Defender malware detections history for legitimate reasons"
        ],
        "id": "2afe6582-e149-11ea-87d0-0242ac130003",
        "logsource": {
          "product": "windows",
          "service": "windefend"
        },
        "references": [
          "https://learn.microsoft.com/en-us/defender-endpoint/troubleshoot-microsoft-defender-antivirus",
          "https://web.archive.org/web/20160727113019/https://answers.microsoft.com/en-us/protect/forum/mse-protect_scanning/microsoft-antimalware-has-removed-history-of/f15af6c9-01a9-4065-8c6c-3f2bdc7de45e"
        ],
        "tags": [
          "attack.defense-evasion"
        ]
      },
      "matched_conditions": [],
      "time": null
    },
    {
      "rule_title": "Unknown",
      "rule_id": "13cfeb75-9e33-4d04-b0f7-ab8faaa95a59",
      "level": "info",
      "file": "sigma",
      "event": {
        "group": "Sigma",
        "kind": "individual",
        "document": {
          "kind": "evtx",
          "path": "C:\\Users\\SKA580~1.BAT\\AppData\\Local\\Temp\\tmp1hg5atjf\\evtx\\System.evtx",
          "data": {
            "Event": {
              "EventData": {
                "updateRevisionNumber": 1,
                "errorCode": "0x80073d02",
                "updateTitle": "9WZDNCRD29V9-MICROSOFT.MICROSOFTOFFICEHUB",
                "updateGuid": "56C0BC95-C226-4F8F-B032-7E2DA313104E",
                "serviceGuid": "855E8A7C-ECB4-4CA3-B045-1DFA50104289"
              },
              "System": {
                "EventID": 20,
                "Level": 2,
                "Provider_attributes": {
                  "Name": "Microsoft-Windows-WindowsUpdateClient",
                  "Guid": "945A8954-C147-4ACD-923F-40C45405A658"
                },
                "Version": 1,
                "Task": 1,
                "Opcode": 13,
                "TimeCreated_attributes": {
                  "SystemTime": "2025-08-10T16:34:36.890390Z"
                },
                "Execution_attributes": {
                  "ProcessID": 10112,
                  "ThreadID": 3980
                },
                "Security_attributes": {
                  "UserID": "S-1-5-18"
                },
                "Keywords": "0x8000000000000028",
                "Correlation_attributes": {
                  "ActivityID": "95E850B0-01F1-0003-D50E-F195F101DC01"
                },
                "EventRecordID": 2093371,
                "Channel": "System",
                "Computer": "DESKTOP-OFJ6N53"
              }
            },
            "Event_attributes": {
              "xmlns": "http://schemas.microsoft.com/win/2004/08/events/event"
            }
          }
        },
        "name": "Windows Update Error",
        "timestamp": "2025-08-10T16:34:36.890390+00:00",
        "authors": [
          "frack113"
        ],
        "level": "info",
        "source": "sigma",
        "status": "stable",
        "falsepositives": [
          "Unknown"
        ],
        "id": "13cfeb75-9e33-4d04-b0f7-ab8faaa95a59",
        "logsource": {
          "product": "windows",
          "service": "system"
        },
        "references": [
          "https://github.com/nasbench/EVTX-ETW-Resources/blob/f1b010ce0ee1b71e3024180de1a3e67f99701fe4/ETWProvidersManifests/Windows10/1903/W10_1903_Pro_20200714_18362.959/WEPExplorer/Microsoft-Windows-WindowsUpdateClient.xml"
        ],
        "tags": [
          "attack.impact",
          "attack.resource-development",
          "attack.t1584"
        ]
      },
      "matched_conditions": [],
      "time": null
    },
    {
      "rule_title": "Unknown",
      "rule_id": "0badd08f-c6a3-4630-90d3-6875cca440be",
      "level": "info",
      "file": "sigma",
      "event": {
        "group": "Sigma",
        "kind": "individual",
        "document": {
          "kind": "evtx",
          "path": "C:\\Users\\SKA580~1.BAT\\AppData\\Local\\Temp\\tmp1hg5atjf\\evtx\\Security.evtx",
          "data": {
            "Event": {
              "EventData": {
                "TargetUserName": "sk.batsiev",
                "LogonType": 3,
                "TargetUserSid": "S-1-5-21-963789628-1060504924-4285088085-1001",
                "TargetDomainName": "DESKTOP-OFJ6N53",
                "TargetLogonId": "0xcb671f1a"
              },
              "System": {
                "EventID": 4634,
                "Level": 0,
                "Provider_attributes": {
                  "Name": "Microsoft-Windows-Security-Auditing",
                  "Guid": "54849625-5478-4994-A5BA-3E3B0328C30D"
                },
                "Version": 0,
                "Task": 12545,
                "Opcode": 0,
                "TimeCreated_attributes": {
                  "SystemTime": "2025-08-11T15:17:04.326932Z"
                },
                "Execution_attributes": {
                  "ProcessID": 776,
                  "ThreadID": 948
                },
                "Correlation": null,
                "Keywords": "0x8020000000000000",
                "EventRecordID": 1079923,
                "Channel": "Security",
                "Computer": "DESKTOP-OFJ6N53",
                "Security": null
              }
            },
            "Event_attributes": {
              "xmlns": "http://schemas.microsoft.com/win/2004/08/events/event"
            }
          }
        },
        "name": "User Logoff Event",
        "timestamp": "2025-08-11T15:17:04.326932+00:00",
        "authors": [
          "frack113"
        ],
        "level": "info",
        "source": "sigma",
        "status": "experimental",
        "falsepositives": [
          "Unknown"
        ],
        "id": "0badd08f-c6a3-4630-90d3-6875cca440be",
        "logsource": {
          "product": "windows",
          "service": "security"
        },
        "references": [
          "https://github.com/Yamato-Security/EnableWindowsLogSettings/blob/7f6d755d45ac7cc9fc35b0cbf498e6aa4ef19def/ConfiguringSecurityLogAuditPolicies.md",
          "https://learn.microsoft.com/en-us/previous-versions/windows/it-pro/windows-10/security/threat-protection/auditing/event-4634",
          "https://learn.microsoft.com/en-us/previous-versions/windows/it-pro/windows-10/security/threat-protection/auditing/event-4647"
        ],
        "tags": [
          "attack.impact",
          "attack.t1531"
        ]
      },
      "matched_conditions": [],
      "time": null
    },
    {
      "rule_title": "Unknown",
      "rule_id": "0badd08f-c6a3-4630-90d3-6875cca440be",
      "level": "info",
      "file": "sigma",
      "event": {
        "group": "Sigma",
        "kind": "individual",
        "document": {
          "kind": "evtx",
          "path": "C:\\Users\\SKA580~1.BAT\\AppData\\Local\\Temp\\tmp1hg5atjf\\evtx\\Security.evtx",
          "data": {
            "Event": {
              "EventData": {
                "TargetUserName": "sk.batsiev",
                "LogonType": 7,
                "TargetUserSid": "S-1-5-21-963789628-1060504924-4285088085-1001",
                "TargetDomainName": "DESKTOP-OFJ6N53",
                "TargetLogonId": "0xcb67fe4e"
              },
              "System": {
                "EventID": 4634,
                "Level": 0,
                "Provider_attributes": {
                  "Name": "Microsoft-Windows-Security-Auditing",
                  "Guid": "54849625-5478-4994-A5BA-3E3B0328C30D"
                },
                "Version": 0,
                "Task": 12545,
                "Opcode": 0,
                "TimeCreated_attributes": {
                  "SystemTime": "2025-08-11T15:17:08.921887Z"
                },
                "Execution_attributes": {
                  "ProcessID": 776,
                  "ThreadID": 12412
                },
                "Correlation": null,
                "Keywords": "0x8020000000000000",
                "EventRecordID": 1079942,
                "Channel": "Security",
                "Computer": "DESKTOP-OFJ6N53",
                "Security": null
              }
            },
            "Event_attributes": {
              "xmlns": "http://schemas.microsoft.com/win/2004/08/events/event"
            }
          }
        },
        "name": "User Logoff Event",
        "timestamp": "2025-08-11T15:17:08.921887+00:00",
        "authors": [
          "frack113"
        ],
        "level": "info",
        "source": "sigma",
        "status": "experimental",
        "falsepositives": [
          "Unknown"
        ],
        "id": "0badd08f-c6a3-4630-90d3-6875cca440be",
        "logsource": {
          "product": "windows",
          "service": "security"
        },
        "references": [
          "https://github.com/Yamato-Security/EnableWindowsLogSettings/blob/7f6d755d45ac7cc9fc35b0cbf498e6aa4ef19def/ConfiguringSecurityLogAuditPolicies.md",
          "https://learn.microsoft.com/en-us/previous-versions/windows/it-pro/windows-10/security/threat-protection/auditing/event-4634",
          "https://learn.microsoft.com/en-us/previous-versions/windows/it-pro/windows-10/security/threat-protection/auditing/event-4647"
        ],
        "tags": [
          "attack.impact",
          "attack.t1531"
        ]
      },
      "matched_conditions": [],
      "time": null
    },
    {
      "rule_title": "Unknown",
      "rule_id": "0badd08f-c6a3-4630-90d3-6875cca440be",
      "level": "info",
      "file": "sigma",
      "event": {
        "group": "Sigma",
        "kind": "individual",
        "document": {
          "kind": "evtx",
          "path": "C:\\Users\\SKA580~1.BAT\\AppData\\Local\\Temp\\tmp1hg5atjf\\evtx\\Security.evtx",
          "data": {
            "Event": {
              "EventData": {
                "TargetUserName": "sk.batsiev",
                "LogonType": 7,
                "TargetUserSid": "S-1-5-21-963789628-1060504924-4285088085-1001",
                "TargetDomainName": "DESKTOP-OFJ6N53",
                "TargetLogonId": "0xcb67f51c"
              },
              "System": {
                "EventID": 4634,
                "Level": 0,
                "Provider_attributes": {
                  "Name": "Microsoft-Windows-Security-Auditing",
                  "Guid": "54849625-5478-4994-A5BA-3E3B0328C30D"
                },
                "Version": 0,
                "Task": 12545,
                "Opcode": 0,
                "TimeCreated_attributes": {
                  "SystemTime": "2025-08-11T15:17:08.921950Z"
                },
                "Execution_attributes": {
                  "ProcessID": 776,
                  "ThreadID": 948
                },
                "Correlation": null,
                "Keywords": "0x8020000000000000",
                "EventRecordID": 1079943,
                "Channel": "Security",
                "Computer": "DESKTOP-OFJ6N53",
                "Security": null
              }
            },
            "Event_attributes": {
              "xmlns": "http://schemas.microsoft.com/win/2004/08/events/event"
            }
          }
        },
        "name": "User Logoff Event",
        "timestamp": "2025-08-11T15:17:08.921950+00:00",
        "authors": [
          "frack113"
        ],
        "level": "info",
        "source": "sigma",
        "status": "experimental",
        "falsepositives": [
          "Unknown"
        ],
        "id": "0badd08f-c6a3-4630-90d3-6875cca440be",
        "logsource": {
          "product": "windows",
          "service": "security"
        },
        "references": [
          "https://github.com/Yamato-Security/EnableWindowsLogSettings/blob/7f6d755d45ac7cc9fc35b0cbf498e6aa4ef19def/ConfiguringSecurityLogAuditPolicies.md",
          "https://learn.microsoft.com/en-us/previous-versions/windows/it-pro/windows-10/security/threat-protection/auditing/event-4634",
          "https://learn.microsoft.com/en-us/previous-versions/windows/it-pro/windows-10/security/threat-protection/auditing/event-4647"
        ],
        "tags": [
          "attack.impact",
          "attack.t1531"
        ]
      },
      "matched_conditions": [],
      "time": null
    },
    {
      "rule_title": "Unknown",
      "rule_id": "13cfeb75-9e33-4d04-b0f7-ab8faaa95a59",
      "level": "info",
      "file": "sigma",
      "event": {
        "group": "Sigma",
        "kind": "individual",
        "document": {
          "kind": "evtx",
          "path": "C:\\Users\\SKA580~1.BAT\\AppData\\Local\\Temp\\tmp1hg5atjf\\evtx\\System.evtx",
          "data": {
            "Event": {
              "EventData": {
                "updateRevisionNumber": 1,
                "errorCode": "0x80073d02",
                "updateTitle": "9WZDNCRD29V9-MICROSOFT.MICROSOFTOFFICEHUB",
                "updateGuid": "80E4F66A-97A6-4F38-950B-66D03EB98D22",
                "serviceGuid": "855E8A7C-ECB4-4CA3-B045-1DFA50104289"
              },
              "System": {
                "EventID": 20,
                "Level": 2,
                "Provider_attributes": {
                  "Name": "Microsoft-Windows-WindowsUpdateClient",
                  "Guid": "945A8954-C147-4ACD-923F-40C45405A658"
                },
                "Version": 1,
                "Task": 1,
                "Opcode": 13,
                "TimeCreated_attributes": {
                  "SystemTime": "2025-08-11T16:46:47.374588Z"
                },
                "Execution_attributes": {
                  "ProcessID": 2204,
                  "ThreadID": 13936
                },
                "Security_attributes": {
                  "UserID": "S-1-5-18"
                },
                "Keywords": "0x8000000000000028",
                "Correlation_attributes": {
                  "ActivityID": "95E850B0-01F1-0000-D701-F395F101DC01"
                },
                "EventRecordID": 2093408,
                "Channel": "System",
                "Computer": "DESKTOP-OFJ6N53"
              }
            },
            "Event_attributes": {
              "xmlns": "http://schemas.microsoft.com/win/2004/08/events/event"
            }
          }
        },
        "name": "Windows Update Error",
        "timestamp": "2025-08-11T16:46:47.374588+00:00",
        "authors": [
          "frack113"
        ],
        "level": "info",
        "source": "sigma",
        "status": "stable",
        "falsepositives": [
          "Unknown"
        ],
        "id": "13cfeb75-9e33-4d04-b0f7-ab8faaa95a59",
        "logsource": {
          "product": "windows",
          "service": "system"
        },
        "references": [
          "https://github.com/nasbench/EVTX-ETW-Resources/blob/f1b010ce0ee1b71e3024180de1a3e67f99701fe4/ETWProvidersManifests/Windows10/1903/W10_1903_Pro_20200714_18362.959/WEPExplorer/Microsoft-Windows-WindowsUpdateClient.xml"
        ],
        "tags": [
          "attack.impact",
          "attack.resource-development",
          "attack.t1584"
        ]
      },
      "matched_conditions": [],
      "time": null
    },
    {
      "rule_title": "Unknown",
      "rule_id": "0badd08f-c6a3-4630-90d3-6875cca440be",
      "level": "info",
      "file": "sigma",
      "event": {
        "group": "Sigma",
        "kind": "individual",
        "document": {
          "kind": "evtx",
          "path": "C:\\Users\\SKA580~1.BAT\\AppData\\Local\\Temp\\tmp1hg5atjf\\evtx\\Security.evtx",
          "data": {
            "Event": {
              "EventData": {
                "TargetUserName": "sk.batsiev",
                "LogonType": 3,
                "TargetUserSid": "S-1-5-21-963789628-1060504924-4285088085-1001",
                "TargetDomainName": "DESKTOP-OFJ6N53",
                "TargetLogonId": "0xcb672043"
              },
              "System": {
                "EventID": 4634,
                "Level": 0,
                "Provider_attributes": {
                  "Name": "Microsoft-Windows-Security-Auditing",
                  "Guid": "54849625-5478-4994-A5BA-3E3B0328C30D"
                },
                "Version": 0,
                "Task": 12545,
                "Opcode": 0,
                "TimeCreated_attributes": {
                  "SystemTime": "2025-08-12T00:08:44.136373Z"
                },
                "Execution_attributes": {
                  "ProcessID": 776,
                  "ThreadID": 12108
                },
                "Correlation": null,
                "Keywords": "0x8020000000000000",
                "EventRecordID": 1080243,
                "Channel": "Security",
                "Computer": "DESKTOP-OFJ6N53",
                "Security": null
              }
            },
            "Event_attributes": {
              "xmlns": "http://schemas.microsoft.com/win/2004/08/events/event"
            }
          }
        },
        "name": "User Logoff Event",
        "timestamp": "2025-08-12T00:08:44.136373+00:00",
        "authors": [
          "frack113"
        ],
        "level": "info",
        "source": "sigma",
        "status": "experimental",
        "falsepositives": [
          "Unknown"
        ],
        "id": "0badd08f-c6a3-4630-90d3-6875cca440be",
        "logsource": {
          "product": "windows",
          "service": "security"
        },
        "references": [
          "https://github.com/Yamato-Security/EnableWindowsLogSettings/blob/7f6d755d45ac7cc9fc35b0cbf498e6aa4ef19def/ConfiguringSecurityLogAuditPolicies.md",
          "https://learn.microsoft.com/en-us/previous-versions/windows/it-pro/windows-10/security/threat-protection/auditing/event-4634",
          "https://learn.microsoft.com/en-us/previous-versions/windows/it-pro/windows-10/security/threat-protection/auditing/event-4647"
        ],
        "tags": [
          "attack.impact",
          "attack.t1531"
        ]
      },
      "matched_conditions": [],
      "time": null
    },
    {
      "rule_title": "Unknown",
      "rule_id": "c187c075-bb3e-4c62-b4fa-beae0ffc211f",
      "level": "medium",
      "file": "sigma",
      "event": {
        "group": "Sigma",
        "kind": "individual",
        "document": {
          "kind": "evtx",
          "path": "C:\\Users\\SKA580~1.BAT\\AppData\\Local\\Temp\\tmp1hg5atjf\\evtx\\Microsoft-Windows-Windows Firewall With Advanced Security_Firewall.evtx",
          "data": {
            "Event": {
              "EventData": {
                "ModifyingUser": "S-1-5-18",
                "RuleId": "{65563F70-F308-4D6F-B949-E4E2A40252E3}",
                "RuleName": "fc08c5b8-357a-4ae4-82a1-9202dea54ab3",
                "ModifyingApplication": "C:\\Windows\\SystemTemp\\chrome_Unpacker_BeginUnzipping10152_897020281\\CR_D1CE4.tmp\\setup.exe"
              },
              "System": {
                "EventID": 2006,
                "Level": 4,
                "Provider_attributes": {
                  "Name": "Microsoft-Windows-Windows Firewall With Advanced Security",
                  "Guid": "D1BC9AFF-2ABF-4D71-9146-ECB2A986EB85"
                },
                "Version": 0,
                "Task": 0,
                "Opcode": 0,
                "TimeCreated_attributes": {
                  "SystemTime": "2025-08-12T04:28:24.125141Z"
                },
                "Execution_attributes": {
                  "ProcessID": 2608,
                  "ThreadID": 10944
                },
                "Correlation": null,
                "Keywords": "0x8000020000000000",
                "Security_attributes": {
                  "UserID": "S-1-5-19"
                },
                "EventRecordID": 31291,
                "Channel": "Microsoft-Windows-Windows Firewall With Advanced Security/Firewall",
                "Computer": "DESKTOP-OFJ6N53"
              }
            },
            "Event_attributes": {
              "xmlns": "http://schemas.microsoft.com/win/2004/08/events/event"
            }
          }
        },
        "name": "A Rule Has Been Deleted From The Windows Firewall Exception List",
        "timestamp": "2025-08-12T04:28:24.125141+00:00",
        "authors": [
          "frack113"
        ],
        "level": "medium",
        "source": "sigma",
        "status": "experimental",
        "id": "c187c075-bb3e-4c62-b4fa-beae0ffc211f",
        "logsource": {
          "product": "windows",
          "service": "firewall-as"
        },
        "references": [
          "https://learn.microsoft.com/en-us/previous-versions/windows/it-pro/windows-server-2008-r2-and-2008/dd364427(v=ws.10)"
        ],
        "tags": [
          "attack.defense-evasion",
          "attack.t1562.004"
        ]
      },
      "matched_conditions": [],
      "time": null
    },
