    {
      "rule_title": "Unknown",
      "rule_id": "0badd08f-c6a3-4630-90d3-6875cca440be",
      "level": "info",
      "file": "sigma",
      "event": {
        "group": "Sigma",
        "kind": "individual",
        "document": {
          "kind": "evtx",
          "path": "C:\\Users\\SKA580~1.BAT\\AppData\\Local\\Temp\\tmp1hg5atjf\\evtx\\Security.evtx",
          "data": {
            "Event": {
              "EventData": {
                "TargetUserName": "sk.batsiev",
                "LogonType": 3,
                "TargetUserSid": "S-1-5-21-963789628-1060504924-4285088085-1001",
                "TargetDomainName": "DESKTOP-OFJ6N53",
                "TargetLogonId": "0x449ac6ad"
              },
              "System": {
                "EventID": 4634,
                "Level": 0,
                "Provider_attributes": {
                  "Name": "Microsoft-Windows-Security-Auditing",
                  "Guid": "54849625-5478-4994-A5BA-3E3B0328C30D"
                },
                "Version": 0,
                "Task": 12545,
                "Opcode": 0,
                "TimeCreated_attributes": {
                  "SystemTime": "2025-08-18T12:15:42.103115Z"
                },
                "Execution_attributes": {
                  "ProcessID": 772,
                  "ThreadID": 468
                },
                "Correlation": null,
                "Keywords": "0x8020000000000000",
                "EventRecordID": 1086421,
                "Channel": "Security",
                "Computer": "DESKTOP-OFJ6N53",
                "Security": null
              }
            },
            "Event_attributes": {
              "xmlns": "http://schemas.microsoft.com/win/2004/08/events/event"
            }
          }
        },
        "name": "User Logoff Event",
        "timestamp": "2025-08-18T12:15:42.103115+00:00",
        "authors": [
          "frack113"
        ],
        "level": "info",
        "source": "sigma",
        "status": "experimental",
        "falsepositives": [
          "Unknown"
        ],
        "id": "0badd08f-c6a3-4630-90d3-6875cca440be",
        "logsource": {
          "product": "windows",
          "service": "security"
        },
        "references": [
          "https://github.com/Yamato-Security/EnableWindowsLogSettings/blob/7f6d755d45ac7cc9fc35b0cbf498e6aa4ef19def/ConfiguringSecurityLogAuditPolicies.md",
          "https://learn.microsoft.com/en-us/previous-versions/windows/it-pro/windows-10/security/threat-protection/auditing/event-4634",
          "https://learn.microsoft.com/en-us/previous-versions/windows/it-pro/windows-10/security/threat-protection/auditing/event-4647"
        ],
        "tags": [
          "attack.impact",
          "attack.t1531"
        ]
      },
      "matched_conditions": [],
      "time": null
    },
    {
      "rule_title": "Unknown",
      "rule_id": "0badd08f-c6a3-4630-90d3-6875cca440be",
      "level": "info",
      "file": "sigma",
      "event": {
        "group": "Sigma",
        "kind": "individual",
        "document": {
          "kind": "evtx",
          "path": "C:\\Users\\SKA580~1.BAT\\AppData\\Local\\Temp\\tmp1hg5atjf\\evtx\\Security.evtx",
          "data": {
            "Event": {
              "EventData": {
                "TargetUserName": "sk.batsiev",
                "LogonType": 7,
                "TargetUserSid": "S-1-5-21-963789628-1060504924-4285088085-1001",
                "TargetDomainName": "DESKTOP-OFJ6N53",
                "TargetLogonId": "0x45db4ca9"
              },
              "System": {
                "EventID": 4634,
                "Level": 0,
                "Provider_attributes": {
                  "Name": "Microsoft-Windows-Security-Auditing",
                  "Guid": "54849625-5478-4994-A5BA-3E3B0328C30D"
                },
                "Version": 0,
                "Task": 12545,
                "Opcode": 0,
                "TimeCreated_attributes": {
                  "SystemTime": "2025-08-18T13:03:22.786378Z"
                },
                "Execution_attributes": {
                  "ProcessID": 772,
                  "ThreadID": 468
                },
                "Correlation": null,
                "Keywords": "0x8020000000000000",
                "EventRecordID": 1086448,
                "Channel": "Security",
                "Computer": "DESKTOP-OFJ6N53",
                "Security": null
              }
            },
            "Event_attributes": {
              "xmlns": "http://schemas.microsoft.com/win/2004/08/events/event"
            }
          }
        },
        "name": "User Logoff Event",
        "timestamp": "2025-08-18T13:03:22.786378+00:00",
        "authors": [
          "frack113"
        ],
        "level": "info",
        "source": "sigma",
        "status": "experimental",
        "falsepositives": [
          "Unknown"
        ],
        "id": "0badd08f-c6a3-4630-90d3-6875cca440be",
        "logsource": {
          "product": "windows",
          "service": "security"
        },
        "references": [
          "https://github.com/Yamato-Security/EnableWindowsLogSettings/blob/7f6d755d45ac7cc9fc35b0cbf498e6aa4ef19def/ConfiguringSecurityLogAuditPolicies.md",
          "https://learn.microsoft.com/en-us/previous-versions/windows/it-pro/windows-10/security/threat-protection/auditing/event-4634",
          "https://learn.microsoft.com/en-us/previous-versions/windows/it-pro/windows-10/security/threat-protection/auditing/event-4647"
        ],
        "tags": [
          "attack.impact",
          "attack.t1531"
        ]
      },
      "matched_conditions": [],
      "time": null
    },
    {
      "rule_title": "Unknown",
      "rule_id": "0badd08f-c6a3-4630-90d3-6875cca440be",
      "level": "info",
      "file": "sigma",
      "event": {
        "group": "Sigma",
        "kind": "individual",
        "document": {
          "kind": "evtx",
          "path": "C:\\Users\\SKA580~1.BAT\\AppData\\Local\\Temp\\tmp1hg5atjf\\evtx\\Security.evtx",
          "data": {
            "Event": {
              "EventData": {
                "TargetUserName": "sk.batsiev",
                "LogonType": 7,
                "TargetUserSid": "S-1-5-21-963789628-1060504924-4285088085-1001",
                "TargetDomainName": "DESKTOP-OFJ6N53",
                "TargetLogonId": "0x45db4c65"
              },
              "System": {
                "EventID": 4634,
                "Level": 0,
                "Provider_attributes": {
                  "Name": "Microsoft-Windows-Security-Auditing",
                  "Guid": "54849625-5478-4994-A5BA-3E3B0328C30D"
                },
                "Version": 0,
                "Task": 12545,
                "Opcode": 0,
                "TimeCreated_attributes": {
                  "SystemTime": "2025-08-18T13:03:22.786442Z"
                },
                "Execution_attributes": {
                  "ProcessID": 772,
                  "ThreadID": 468
                },
                "Correlation": null,
                "Keywords": "0x8020000000000000",
                "EventRecordID": 1086449,
                "Channel": "Security",
                "Computer": "DESKTOP-OFJ6N53",
                "Security": null
              }
            },
            "Event_attributes": {
              "xmlns": "http://schemas.microsoft.com/win/2004/08/events/event"
            }
          }
        },
        "name": "User Logoff Event",
        "timestamp": "2025-08-18T13:03:22.786442+00:00",
        "authors": [
          "frack113"
        ],
        "level": "info",
        "source": "sigma",
        "status": "experimental",
        "falsepositives": [
          "Unknown"
        ],
        "id": "0badd08f-c6a3-4630-90d3-6875cca440be",
        "logsource": {
          "product": "windows",
          "service": "security"
        },
        "references": [
          "https://github.com/Yamato-Security/EnableWindowsLogSettings/blob/7f6d755d45ac7cc9fc35b0cbf498e6aa4ef19def/ConfiguringSecurityLogAuditPolicies.md",
          "https://learn.microsoft.com/en-us/previous-versions/windows/it-pro/windows-10/security/threat-protection/auditing/event-4634",
          "https://learn.microsoft.com/en-us/previous-versions/windows/it-pro/windows-10/security/threat-protection/auditing/event-4647"
        ],
        "tags": [
          "attack.impact",
          "attack.t1531"
        ]
      },
      "matched_conditions": [],
      "time": null
    },
    {
      "rule_title": "Unknown",
      "rule_id": "0badd08f-c6a3-4630-90d3-6875cca440be",
      "level": "info",
      "file": "sigma",
      "event": {
        "group": "Sigma",
        "kind": "individual",
        "document": {
          "kind": "evtx",
          "path": "C:\\Users\\SKA580~1.BAT\\AppData\\Local\\Temp\\tmp1hg5atjf\\evtx\\Security.evtx",
          "data": {
            "Event": {
              "EventData": {
                "TargetUserName": "sk.batsiev",
                "LogonType": 3,
                "TargetUserSid": "S-1-5-21-963789628-1060504924-4285088085-1001",
                "TargetDomainName": "DESKTOP-OFJ6N53",
                "TargetLogonId": "0x45da903c"
              },
              "System": {
                "EventID": 4634,
                "Level": 0,
                "Provider_attributes": {
                  "Name": "Microsoft-Windows-Security-Auditing",
                  "Guid": "54849625-5478-4994-A5BA-3E3B0328C30D"
                },
                "Version": 0,
                "Task": 12545,
                "Opcode": 0,
                "TimeCreated_attributes": {
                  "SystemTime": "2025-08-18T14:52:49.352540Z"
                },
                "Execution_attributes": {
                  "ProcessID": 772,
                  "ThreadID": 14188
                },
                "Correlation": null,
                "Keywords": "0x8020000000000000",
                "EventRecordID": 1086566,
                "Channel": "Security",
                "Computer": "DESKTOP-OFJ6N53",
                "Security": null
              }
            },
            "Event_attributes": {
              "xmlns": "http://schemas.microsoft.com/win/2004/08/events/event"
            }
          }
        },
        "name": "User Logoff Event",
        "timestamp": "2025-08-18T14:52:49.352540+00:00",
        "authors": [
          "frack113"
        ],
        "level": "info",
        "source": "sigma",
        "status": "experimental",
        "falsepositives": [
          "Unknown"
        ],
        "id": "0badd08f-c6a3-4630-90d3-6875cca440be",
        "logsource": {
          "product": "windows",
          "service": "security"
        },
        "references": [
          "https://github.com/Yamato-Security/EnableWindowsLogSettings/blob/7f6d755d45ac7cc9fc35b0cbf498e6aa4ef19def/ConfiguringSecurityLogAuditPolicies.md",
          "https://learn.microsoft.com/en-us/previous-versions/windows/it-pro/windows-10/security/threat-protection/auditing/event-4634",
          "https://learn.microsoft.com/en-us/previous-versions/windows/it-pro/windows-10/security/threat-protection/auditing/event-4647"
        ],
        "tags": [
          "attack.impact",
          "attack.t1531"
        ]
      },
      "matched_conditions": [],
      "time": null
    },
    {
      "rule_title": "Unknown",
      "rule_id": "0badd08f-c6a3-4630-90d3-6875cca440be",
      "level": "info",
      "file": "sigma",
      "event": {
        "group": "Sigma",
        "kind": "individual",
        "document": {
          "kind": "evtx",
          "path": "C:\\Users\\SKA580~1.BAT\\AppData\\Local\\Temp\\tmp1hg5atjf\\evtx\\Security.evtx",
          "data": {
            "Event": {
              "EventData": {
                "TargetUserName": "АНОНИМНЫЙ ВХОД",
                "LogonType": 3,
                "TargetUserSid": "S-1-5-7",
                "TargetDomainName": "NT AUTHORITY",
                "TargetLogonId": "0x4ead5074"
              },
              "System": {
                "EventID": 4634,
                "Level": 0,
                "Provider_attributes": {
                  "Name": "Microsoft-Windows-Security-Auditing",
                  "Guid": "54849625-5478-4994-A5BA-3E3B0328C30D"
                },
                "Version": 0,
                "Task": 12545,
                "Opcode": 0,
                "TimeCreated_attributes": {
                  "SystemTime": "2025-08-19T05:21:19.505240Z"
                },
                "Execution_attributes": {
                  "ProcessID": 772,
                  "ThreadID": 10152
                },
                "Correlation": null,
                "Keywords": "0x8020000000000000",
                "EventRecordID": 1086837,
                "Channel": "Security",
                "Computer": "DESKTOP-OFJ6N53",
                "Security": null
              }
            },
            "Event_attributes": {
              "xmlns": "http://schemas.microsoft.com/win/2004/08/events/event"
            }
          }
        },
        "name": "User Logoff Event",
        "timestamp": "2025-08-19T05:21:19.505240+00:00",
        "authors": [
          "frack113"
        ],
        "level": "info",
        "source": "sigma",
        "status": "experimental",
        "falsepositives": [
          "Unknown"
        ],
        "id": "0badd08f-c6a3-4630-90d3-6875cca440be",
        "logsource": {
          "product": "windows",
          "service": "security"
        },
        "references": [
          "https://github.com/Yamato-Security/EnableWindowsLogSettings/blob/7f6d755d45ac7cc9fc35b0cbf498e6aa4ef19def/ConfiguringSecurityLogAuditPolicies.md",
          "https://learn.microsoft.com/en-us/previous-versions/windows/it-pro/windows-10/security/threat-protection/auditing/event-4634",
          "https://learn.microsoft.com/en-us/previous-versions/windows/it-pro/windows-10/security/threat-protection/auditing/event-4647"
        ],
        "tags": [
          "attack.impact",
          "attack.t1531"
        ]
      },
      "matched_conditions": [],
      "time": null
    },
    {
      "rule_title": "Unknown",
      "rule_id": "0badd08f-c6a3-4630-90d3-6875cca440be",
      "level": "info",
      "file": "sigma",
      "event": {
        "group": "Sigma",
        "kind": "individual",
        "document": {
          "kind": "evtx",
          "path": "C:\\Users\\SKA580~1.BAT\\AppData\\Local\\Temp\\tmp1hg5atjf\\evtx\\Security.evtx",
          "data": {
            "Event": {
              "EventData": {
                "TargetUserName": "sk.batsiev",
                "LogonType": 7,
                "TargetUserSid": "S-1-5-21-963789628-1060504924-4285088085-1001",
                "TargetDomainName": "DESKTOP-OFJ6N53",
                "TargetLogonId": "0x4f552ccc"
              },
              "System": {
                "EventID": 4634,
                "Level": 0,
                "Provider_attributes": {
                  "Name": "Microsoft-Windows-Security-Auditing",
                  "Guid": "54849625-5478-4994-A5BA-3E3B0328C30D"
                },
                "Version": 0,
                "Task": 12545,
                "Opcode": 0,
                "TimeCreated_attributes": {
                  "SystemTime": "2025-08-19T06:35:38.065783Z"
                },
                "Execution_attributes": {
                  "ProcessID": 772,
                  "ThreadID": 1880
                },
                "Correlation": null,
                "Keywords": "0x8020000000000000",
                "EventRecordID": 1086865,
                "Channel": "Security",
                "Computer": "DESKTOP-OFJ6N53",
                "Security": null
              }
            },
            "Event_attributes": {
              "xmlns": "http://schemas.microsoft.com/win/2004/08/events/event"
            }
          }
        },
        "name": "User Logoff Event",
        "timestamp": "2025-08-19T06:35:38.065783+00:00",
        "authors": [
          "frack113"
        ],
        "level": "info",
        "source": "sigma",
        "status": "experimental",
        "falsepositives": [
          "Unknown"
        ],
        "id": "0badd08f-c6a3-4630-90d3-6875cca440be",
        "logsource": {
          "product": "windows",
          "service": "security"
        },
        "references": [
          "https://github.com/Yamato-Security/EnableWindowsLogSettings/blob/7f6d755d45ac7cc9fc35b0cbf498e6aa4ef19def/ConfiguringSecurityLogAuditPolicies.md",
          "https://learn.microsoft.com/en-us/previous-versions/windows/it-pro/windows-10/security/threat-protection/auditing/event-4634",
          "https://learn.microsoft.com/en-us/previous-versions/windows/it-pro/windows-10/security/threat-protection/auditing/event-4647"
        ],
        "tags": [
          "attack.impact",
          "attack.t1531"
        ]
      },
      "matched_conditions": [],
      "time": null
    },
    {
      "rule_title": "Unknown",
      "rule_id": "0badd08f-c6a3-4630-90d3-6875cca440be",
      "level": "info",
      "file": "sigma",
      "event": {
        "group": "Sigma",
        "kind": "individual",
        "document": {
          "kind": "evtx",
          "path": "C:\\Users\\SKA580~1.BAT\\AppData\\Local\\Temp\\tmp1hg5atjf\\evtx\\Security.evtx",
          "data": {
            "Event": {
              "EventData": {
                "TargetUserName": "sk.batsiev",
                "LogonType": 7,
                "TargetUserSid": "S-1-5-21-963789628-1060504924-4285088085-1001",
                "TargetDomainName": "DESKTOP-OFJ6N53",
                "TargetLogonId": "0x4f552caa"
              },
              "System": {
                "EventID": 4634,
                "Level": 0,
                "Provider_attributes": {
                  "Name": "Microsoft-Windows-Security-Auditing",
                  "Guid": "54849625-5478-4994-A5BA-3E3B0328C30D"
                },
                "Version": 0,
                "Task": 12545,
                "Opcode": 0,
                "TimeCreated_attributes": {
                  "SystemTime": "2025-08-19T06:35:38.065873Z"
                },
                "Execution_attributes": {
                  "ProcessID": 772,
                  "ThreadID": 12664
                },
                "Correlation": null,
                "Keywords": "0x8020000000000000",
                "EventRecordID": 1086866,
                "Channel": "Security",
                "Computer": "DESKTOP-OFJ6N53",
                "Security": null
              }
            },
            "Event_attributes": {
              "xmlns": "http://schemas.microsoft.com/win/2004/08/events/event"
            }
          }
        },
        "name": "User Logoff Event",
        "timestamp": "2025-08-19T06:35:38.065873+00:00",
        "authors": [
          "frack113"
        ],
        "level": "info",
        "source": "sigma",
        "status": "experimental",
        "falsepositives": [
          "Unknown"
        ],
        "id": "0badd08f-c6a3-4630-90d3-6875cca440be",
        "logsource": {
          "product": "windows",
          "service": "security"
        },
        "references": [
          "https://github.com/Yamato-Security/EnableWindowsLogSettings/blob/7f6d755d45ac7cc9fc35b0cbf498e6aa4ef19def/ConfiguringSecurityLogAuditPolicies.md",
          "https://learn.microsoft.com/en-us/previous-versions/windows/it-pro/windows-10/security/threat-protection/auditing/event-4634",
          "https://learn.microsoft.com/en-us/previous-versions/windows/it-pro/windows-10/security/threat-protection/auditing/event-4647"
        ],
        "tags": [
          "attack.impact",
          "attack.t1531"
        ]
      },
      "matched_conditions": [],
      "time": null
    },
    {
      "rule_title": "Unknown",
      "rule_id": "0badd08f-c6a3-4630-90d3-6875cca440be",
      "level": "info",
      "file": "sigma",
      "event": {
        "group": "Sigma",
        "kind": "individual",
        "document": {
          "kind": "evtx",
          "path": "C:\\Users\\SKA580~1.BAT\\AppData\\Local\\Temp\\tmp1hg5atjf\\evtx\\Security.evtx",
          "data": {
            "Event": {
              "EventData": {
                "TargetUserName": "sk.batsiev",
                "LogonType": 3,
                "TargetUserSid": "S-1-5-21-963789628-1060504924-4285088085-1001",
                "TargetDomainName": "DESKTOP-OFJ6N53",
                "TargetLogonId": "0x4f547d02"
              },
              "System": {
                "EventID": 4634,
                "Level": 0,
                "Provider_attributes": {
                  "Name": "Microsoft-Windows-Security-Auditing",
                  "Guid": "54849625-5478-4994-A5BA-3E3B0328C30D"
                },
                "Version": 0,
                "Task": 12545,
                "Opcode": 0,
                "TimeCreated_attributes": {
                  "SystemTime": "2025-08-19T06:43:16.353284Z"
                },
                "Execution_attributes": {
                  "ProcessID": 772,
                  "ThreadID": 12432
                },
                "Correlation": null,
                "Keywords": "0x8020000000000000",
                "EventRecordID": 1086895,
                "Channel": "Security",
                "Computer": "DESKTOP-OFJ6N53",
                "Security": null
              }
            },
            "Event_attributes": {
              "xmlns": "http://schemas.microsoft.com/win/2004/08/events/event"
            }
          }
        },
        "name": "User Logoff Event",
        "timestamp": "2025-08-19T06:43:16.353284+00:00",
        "authors": [
          "frack113"
        ],
        "level": "info",
        "source": "sigma",
        "status": "experimental",
        "falsepositives": [
          "Unknown"
        ],
        "id": "0badd08f-c6a3-4630-90d3-6875cca440be",
        "logsource": {
          "product": "windows",
          "service": "security"
        },
        "references": [
          "https://github.com/Yamato-Security/EnableWindowsLogSettings/blob/7f6d755d45ac7cc9fc35b0cbf498e6aa4ef19def/ConfiguringSecurityLogAuditPolicies.md",
          "https://learn.microsoft.com/en-us/previous-versions/windows/it-pro/windows-10/security/threat-protection/auditing/event-4634",
          "https://learn.microsoft.com/en-us/previous-versions/windows/it-pro/windows-10/security/threat-protection/auditing/event-4647"
        ],
        "tags": [
          "attack.impact",
          "attack.t1531"
        ]
      },
      "matched_conditions": [],
      "time": null
    },
    {
      "rule_title": "Unknown",
      "rule_id": "0badd08f-c6a3-4630-90d3-6875cca440be",
      "level": "info",
      "file": "sigma",
      "event": {
        "group": "Sigma",
        "kind": "individual",
        "document": {
          "kind": "evtx",
          "path": "C:\\Users\\SKA580~1.BAT\\AppData\\Local\\Temp\\tmp1hg5atjf\\evtx\\Security.evtx",
          "data": {
            "Event": {
              "EventData": {
                "TargetUserName": "sk.batsiev",
                "LogonType": 7,
                "TargetUserSid": "S-1-5-21-963789628-1060504924-4285088085-1001",
                "TargetDomainName": "DESKTOP-OFJ6N53",
                "TargetLogonId": "0x5048a6c5"
              },
              "System": {
                "EventID": 4634,
                "Level": 0,
                "Provider_attributes": {
                  "Name": "Microsoft-Windows-Security-Auditing",
                  "Guid": "54849625-5478-4994-A5BA-3E3B0328C30D"
                },
                "Version": 0,
                "Task": 12545,
                "Opcode": 0,
                "TimeCreated_attributes": {
                  "SystemTime": "2025-08-19T07:06:53.224964Z"
                },
                "Execution_attributes": {
                  "ProcessID": 772,
                  "ThreadID": 14428
                },
                "Correlation": null,
                "Keywords": "0x8020000000000000",
                "EventRecordID": 1086916,
                "Channel": "Security",
                "Computer": "DESKTOP-OFJ6N53",
                "Security": null
              }
            },
            "Event_attributes": {
              "xmlns": "http://schemas.microsoft.com/win/2004/08/events/event"
            }
          }
        },
        "name": "User Logoff Event",
        "timestamp": "2025-08-19T07:06:53.224964+00:00",
        "authors": [
          "frack113"
        ],
        "level": "info",
        "source": "sigma",
        "status": "experimental",
        "falsepositives": [
          "Unknown"
        ],
        "id": "0badd08f-c6a3-4630-90d3-6875cca440be",
        "logsource": {
          "product": "windows",
          "service": "security"
        },
        "references": [
          "https://github.com/Yamato-Security/EnableWindowsLogSettings/blob/7f6d755d45ac7cc9fc35b0cbf498e6aa4ef19def/ConfiguringSecurityLogAuditPolicies.md",
          "https://learn.microsoft.com/en-us/previous-versions/windows/it-pro/windows-10/security/threat-protection/auditing/event-4634",
          "https://learn.microsoft.com/en-us/previous-versions/windows/it-pro/windows-10/security/threat-protection/auditing/event-4647"
        ],
        "tags": [
          "attack.impact",
          "attack.t1531"
        ]
      },
      "matched_conditions": [],
      "time": null
    },
    {
      "rule_title": "Unknown",
      "rule_id": "0badd08f-c6a3-4630-90d3-6875cca440be",
      "level": "info",
      "file": "sigma",
      "event": {
        "group": "Sigma",
        "kind": "individual",
        "document": {
          "kind": "evtx",
          "path": "C:\\Users\\SKA580~1.BAT\\AppData\\Local\\Temp\\tmp1hg5atjf\\evtx\\Security.evtx",
          "data": {
            "Event": {
              "EventData": {
                "TargetUserName": "sk.batsiev",
                "LogonType": 7,
                "TargetUserSid": "S-1-5-21-963789628-1060504924-4285088085-1001",
                "TargetDomainName": "DESKTOP-OFJ6N53",
                "TargetLogonId": "0x5048a5a2"
              },
              "System": {
                "EventID": 4634,
                "Level": 0,
                "Provider_attributes": {
                  "Name": "Microsoft-Windows-Security-Auditing",
                  "Guid": "54849625-5478-4994-A5BA-3E3B0328C30D"
                },
                "Version": 0,
                "Task": 12545,
                "Opcode": 0,
                "TimeCreated_attributes": {
                  "SystemTime": "2025-08-19T07:06:53.225057Z"
                },
                "Execution_attributes": {
                  "ProcessID": 772,
                  "ThreadID": 468
                },
                "Correlation": null,
                "Keywords": "0x8020000000000000",
                "EventRecordID": 1086917,
                "Channel": "Security",
                "Computer": "DESKTOP-OFJ6N53",
                "Security": null
              }
            },
            "Event_attributes": {
              "xmlns": "http://schemas.microsoft.com/win/2004/08/events/event"
            }
          }
        },
        "name": "User Logoff Event",
        "timestamp": "2025-08-19T07:06:53.225057+00:00",
        "authors": [
          "frack113"
        ],
        "level": "info",
        "source": "sigma",
        "status": "experimental",
        "falsepositives": [
          "Unknown"
        ],
        "id": "0badd08f-c6a3-4630-90d3-6875cca440be",
        "logsource": {
          "product": "windows",
          "service": "security"
        },
        "references": [
          "https://github.com/Yamato-Security/EnableWindowsLogSettings/blob/7f6d755d45ac7cc9fc35b0cbf498e6aa4ef19def/ConfiguringSecurityLogAuditPolicies.md",
          "https://learn.microsoft.com/en-us/previous-versions/windows/it-pro/windows-10/security/threat-protection/auditing/event-4634",
          "https://learn.microsoft.com/en-us/previous-versions/windows/it-pro/windows-10/security/threat-protection/auditing/event-4647"
        ],
        "tags": [
          "attack.impact",
          "attack.t1531"
        ]
      },
      "matched_conditions": [],
      "time": null
    },
    {
      "rule_title": "Unknown",
      "rule_id": "0badd08f-c6a3-4630-90d3-6875cca440be",
      "level": "info",
      "file": "sigma",
      "event": {
        "group": "Sigma",
        "kind": "individual",
        "document": {
          "kind": "evtx",
          "path": "C:\\Users\\SKA580~1.BAT\\AppData\\Local\\Temp\\tmp1hg5atjf\\evtx\\Security.evtx",
          "data": {
            "Event": {
              "EventData": {
                "TargetUserName": "sk.batsiev",
                "TargetUserSid": "S-1-5-21-963789628-1060504924-4285088085-1001",
                "TargetDomainName": "DESKTOP-OFJ6N53",
                "TargetLogonId": "0x15834d"
              },
              "System": {
                "EventID": 4647,
                "Level": 0,
                "Provider_attributes": {
                  "Name": "Microsoft-Windows-Security-Auditing",
                  "Guid": "54849625-5478-4994-A5BA-3E3B0328C30D"
                },
                "Version": 0,
                "Task": 12545,
                "Opcode": 0,
                "TimeCreated_attributes": {
                  "SystemTime": "2025-08-19T07:17:58.519819Z"
                },
                "Execution_attributes": {
                  "ProcessID": 772,
                  "ThreadID": 468
                },
                "Keywords": "0x8020000000000000",
                "Correlation_attributes": {
                  "ActivityID": "1A11C235-0C60-0002-55C2-111A600CDC01"
                },
                "EventRecordID": 1086921,
                "Channel": "Security",
                "Computer": "DESKTOP-OFJ6N53",
                "Security": null
              }
            },
            "Event_attributes": {
              "xmlns": "http://schemas.microsoft.com/win/2004/08/events/event"
            }
          }
        },
        "name": "User Logoff Event",
        "timestamp": "2025-08-19T07:17:58.519819+00:00",
        "authors": [
          "frack113"
        ],
        "level": "info",
        "source": "sigma",
        "status": "experimental",
        "falsepositives": [
          "Unknown"
        ],
        "id": "0badd08f-c6a3-4630-90d3-6875cca440be",
        "logsource": {
          "product": "windows",
          "service": "security"
        },
        "references": [
          "https://github.com/Yamato-Security/EnableWindowsLogSettings/blob/7f6d755d45ac7cc9fc35b0cbf498e6aa4ef19def/ConfiguringSecurityLogAuditPolicies.md",
          "https://learn.microsoft.com/en-us/previous-versions/windows/it-pro/windows-10/security/threat-protection/auditing/event-4634",
          "https://learn.microsoft.com/en-us/previous-versions/windows/it-pro/windows-10/security/threat-protection/auditing/event-4647"
        ],
        "tags": [
          "attack.impact",
          "attack.t1531"
        ]
      },
      "matched_conditions": [],
      "time": null
    },
    {
      "rule_title": "Unknown",
      "rule_id": "0badd08f-c6a3-4630-90d3-6875cca440be",
      "level": "info",
      "file": "sigma",
      "event": {
        "group": "Sigma",
        "kind": "individual",
        "document": {
          "kind": "evtx",
          "path": "C:\\Users\\SKA580~1.BAT\\AppData\\Local\\Temp\\tmp1hg5atjf\\evtx\\Security.evtx",
          "data": {
            "Event": {
              "EventData": {
                "TargetUserName": "sk.batsiev",
                "LogonType": 3,
                "TargetUserSid": "S-1-5-21-963789628-1060504924-4285088085-1001",
                "TargetDomainName": "DESKTOP-OFJ6N53",
                "TargetLogonId": "0x5047ef88"
              },
              "System": {
                "EventID": 4634,
                "Level": 0,
                "Provider_attributes": {
                  "Name": "Microsoft-Windows-Security-Auditing",
                  "Guid": "54849625-5478-4994-A5BA-3E3B0328C30D"
                },
                "Version": 0,
                "Task": 12545,
                "Opcode": 0,
                "TimeCreated_attributes": {
                  "SystemTime": "2025-08-19T07:17:59.764160Z"
                },
                "Execution_attributes": {
                  "ProcessID": 772,
                  "ThreadID": 8536
                },
                "Correlation": null,
                "Keywords": "0x8020000000000000",
                "EventRecordID": 1086927,
                "Channel": "Security",
                "Computer": "DESKTOP-OFJ6N53",
                "Security": null
              }
            },
            "Event_attributes": {
              "xmlns": "http://schemas.microsoft.com/win/2004/08/events/event"
            }
          }
        },
        "name": "User Logoff Event",
        "timestamp": "2025-08-19T07:17:59.764160+00:00",
        "authors": [
          "frack113"
        ],
        "level": "info",
        "source": "sigma",
        "status": "experimental",
        "falsepositives": [
          "Unknown"
        ],
        "id": "0badd08f-c6a3-4630-90d3-6875cca440be",
        "logsource": {
          "product": "windows",
          "service": "security"
        },
        "references": [
          "https://github.com/Yamato-Security/EnableWindowsLogSettings/blob/7f6d755d45ac7cc9fc35b0cbf498e6aa4ef19def/ConfiguringSecurityLogAuditPolicies.md",
          "https://learn.microsoft.com/en-us/previous-versions/windows/it-pro/windows-10/security/threat-protection/auditing/event-4634",
          "https://learn.microsoft.com/en-us/previous-versions/windows/it-pro/windows-10/security/threat-protection/auditing/event-4647"
        ],
        "tags": [
          "attack.impact",
          "attack.t1531"
        ]
      },
      "matched_conditions": [],
      "time": null
    },
    {
      "rule_title": "Unknown",
      "rule_id": "0badd08f-c6a3-4630-90d3-6875cca440be",
      "level": "info",
      "file": "sigma",
      "event": {
        "group": "Sigma",
        "kind": "individual",
        "document": {
          "kind": "evtx",
          "path": "C:\\Users\\SKA580~1.BAT\\AppData\\Local\\Temp\\tmp1hg5atjf\\evtx\\Security.evtx",
          "data": {
            "Event": {
              "EventData": {
                "TargetUserName": "UMFD-1",
                "LogonType": 2,
                "TargetUserSid": "S-1-5-96-0-1",
                "TargetDomainName": "Font Driver Host",
                "TargetLogonId": "0xd5e6"
              },
              "System": {
                "EventID": 4634,
                "Level": 0,
                "Provider_attributes": {
                  "Name": "Microsoft-Windows-Security-Auditing",
                  "Guid": "54849625-5478-4994-A5BA-3E3B0328C30D"
                },
                "Version": 0,
                "Task": 12545,
                "Opcode": 0,
                "TimeCreated_attributes": {
                  "SystemTime": "2025-08-19T07:18:09.936927Z"
                },
                "Execution_attributes": {
                  "ProcessID": 772,
                  "ThreadID": 8536
                },
                "Correlation": null,
                "Keywords": "0x8020000000000000",
                "EventRecordID": 1086928,
                "Channel": "Security",
                "Computer": "DESKTOP-OFJ6N53",
                "Security": null
              }
            },
            "Event_attributes": {
              "xmlns": "http://schemas.microsoft.com/win/2004/08/events/event"
            }
          }
        },
        "name": "User Logoff Event",
        "timestamp": "2025-08-19T07:18:09.936927+00:00",
        "authors": [
          "frack113"
        ],
        "level": "info",
        "source": "sigma",
        "status": "experimental",
        "falsepositives": [
          "Unknown"
        ],
        "id": "0badd08f-c6a3-4630-90d3-6875cca440be",
        "logsource": {
          "product": "windows",
          "service": "security"
        },
        "references": [
          "https://github.com/Yamato-Security/EnableWindowsLogSettings/blob/7f6d755d45ac7cc9fc35b0cbf498e6aa4ef19def/ConfiguringSecurityLogAuditPolicies.md",
          "https://learn.microsoft.com/en-us/previous-versions/windows/it-pro/windows-10/security/threat-protection/auditing/event-4634",
          "https://learn.microsoft.com/en-us/previous-versions/windows/it-pro/windows-10/security/threat-protection/auditing/event-4647"
        ],
        "tags": [
          "attack.impact",
          "attack.t1531"
        ]
      },
      "matched_conditions": [],
      "time": null
    },
    {
      "rule_title": "Unknown",
      "rule_id": "0badd08f-c6a3-4630-90d3-6875cca440be",
      "level": "info",
      "file": "sigma",
      "event": {
        "group": "Sigma",
        "kind": "individual",
        "document": {
          "kind": "evtx",
          "path": "C:\\Users\\SKA580~1.BAT\\AppData\\Local\\Temp\\tmp1hg5atjf\\evtx\\Security.evtx",
          "data": {
            "Event": {
              "EventData": {
                "TargetUserName": "DWM-1",
                "LogonType": 2,
                "TargetUserSid": "S-1-5-90-0-1",
                "TargetDomainName": "Window Manager",
                "TargetLogonId": "0x1654d"
              },
              "System": {
                "EventID": 4634,
                "Level": 0,
                "Provider_attributes": {
                  "Name": "Microsoft-Windows-Security-Auditing",
                  "Guid": "54849625-5478-4994-A5BA-3E3B0328C30D"
                },
                "Version": 0,
                "Task": 12545,
                "Opcode": 0,
                "TimeCreated_attributes": {
                  "SystemTime": "2025-08-19T07:18:09.937612Z"
                },
                "Execution_attributes": {
                  "ProcessID": 772,
                  "ThreadID": 468
                },
                "Correlation": null,
                "Keywords": "0x8020000000000000",
                "EventRecordID": 1086929,
                "Channel": "Security",
                "Computer": "DESKTOP-OFJ6N53",
                "Security": null
              }
            },
            "Event_attributes": {
              "xmlns": "http://schemas.microsoft.com/win/2004/08/events/event"
            }
          }
        },
        "name": "User Logoff Event",
        "timestamp": "2025-08-19T07:18:09.937612+00:00",
        "authors": [
          "frack113"
        ],
        "level": "info",
        "source": "sigma",
        "status": "experimental",
        "falsepositives": [
          "Unknown"
        ],
        "id": "0badd08f-c6a3-4630-90d3-6875cca440be",
        "logsource": {
          "product": "windows",
          "service": "security"
        },
        "references": [
          "https://github.com/Yamato-Security/EnableWindowsLogSettings/blob/7f6d755d45ac7cc9fc35b0cbf498e6aa4ef19def/ConfiguringSecurityLogAuditPolicies.md",
          "https://learn.microsoft.com/en-us/previous-versions/windows/it-pro/windows-10/security/threat-protection/auditing/event-4634",
          "https://learn.microsoft.com/en-us/previous-versions/windows/it-pro/windows-10/security/threat-protection/auditing/event-4647"
        ],
        "tags": [
          "attack.impact",
          "attack.t1531"
        ]
      },
      "matched_conditions": [],
      "time": null
    },
    {
      "rule_title": "Unknown",
      "rule_id": "0badd08f-c6a3-4630-90d3-6875cca440be",
      "level": "info",
      "file": "sigma",
      "event": {
        "group": "Sigma",
        "kind": "individual",
        "document": {
          "kind": "evtx",
          "path": "C:\\Users\\SKA580~1.BAT\\AppData\\Local\\Temp\\tmp1hg5atjf\\evtx\\Security.evtx",
          "data": {
            "Event": {
              "EventData": {
                "TargetUserName": "DWM-1",
                "LogonType": 2,
                "TargetUserSid": "S-1-5-90-0-1",
                "TargetDomainName": "Window Manager",
                "TargetLogonId": "0x1652b"
              },
              "System": {
                "EventID": 4634,
                "Level": 0,
                "Provider_attributes": {
                  "Name": "Microsoft-Windows-Security-Auditing",
                  "Guid": "54849625-5478-4994-A5BA-3E3B0328C30D"
                },
                "Version": 0,
                "Task": 12545,
                "Opcode": 0,
                "TimeCreated_attributes": {
                  "SystemTime": "2025-08-19T07:18:09.937677Z"
                },
                "Execution_attributes": {
                  "ProcessID": 772,
                  "ThreadID": 8536
                },
                "Correlation": null,
                "Keywords": "0x8020000000000000",
                "EventRecordID": 1086930,
                "Channel": "Security",
                "Computer": "DESKTOP-OFJ6N53",
                "Security": null
              }
            },
            "Event_attributes": {
              "xmlns": "http://schemas.microsoft.com/win/2004/08/events/event"
            }
          }
        },
        "name": "User Logoff Event",
        "timestamp": "2025-08-19T07:18:09.937677+00:00",
        "authors": [
          "frack113"
        ],
        "level": "info",
        "source": "sigma",
        "status": "experimental",
        "falsepositives": [
          "Unknown"
        ],
        "id": "0badd08f-c6a3-4630-90d3-6875cca440be",
        "logsource": {
          "product": "windows",
          "service": "security"
        },
        "references": [
          "https://github.com/Yamato-Security/EnableWindowsLogSettings/blob/7f6d755d45ac7cc9fc35b0cbf498e6aa4ef19def/ConfiguringSecurityLogAuditPolicies.md",
          "https://learn.microsoft.com/en-us/previous-versions/windows/it-pro/windows-10/security/threat-protection/auditing/event-4634",
          "https://learn.microsoft.com/en-us/previous-versions/windows/it-pro/windows-10/security/threat-protection/auditing/event-4647"
        ],
        "tags": [
          "attack.impact",
          "attack.t1531"
        ]
      },
      "matched_conditions": [],
      "time": null
    },
    {
      "rule_title": "Unknown",
      "rule_id": "00bb5bd5-1379-4fcf-a965-a5b6f7478064",
      "level": "low",
      "file": "sigma",
      "event": {
        "group": "Sigma",
        "kind": "individual",
        "document": {
          "kind": "evtx",
          "path": "C:\\Users\\SKA580~1.BAT\\AppData\\Local\\Temp\\tmp1hg5atjf\\evtx\\Microsoft-Windows-Windows Firewall With Advanced Security_Firewall.evtx",
          "data": {
            "Event": {
              "EventData": {
                "ModifyingUser": "S-1-5-80-3088073201-1464728630-1879813800-1107566885-823218052",
                "SettingValue": "02000000",
                "SettingType": 2,
                "SettingValueSize": 4,
                "SettingValueDisplay": "Частный",
                "Origin": 1,
                "ModifyingApplication": ""
              },
              "System": {
                "EventID": 2002,
                "Level": 4,
                "Provider_attributes": {
                  "Name": "Microsoft-Windows-Windows Firewall With Advanced Security",
                  "Guid": "D1BC9AFF-2ABF-4D71-9146-ECB2A986EB85"
                },
                "Version": 0,
                "Task": 0,
                "Opcode": 0,
                "TimeCreated_attributes": {
                  "SystemTime": "2025-08-19T07:18:57.040177Z"
                },
                "Execution_attributes": {
                  "ProcessID": 3080,
                  "ThreadID": 4052
                },
                "Correlation": null,
                "Keywords": "0x8000000000000000",
                "Security_attributes": {
                  "UserID": "S-1-5-19"
                },
                "EventRecordID": 31399,
                "Channel": "Microsoft-Windows-Windows Firewall With Advanced Security/Firewall",
                "Computer": "DESKTOP-OFJ6N53"
              }
            },
            "Event_attributes": {
              "xmlns": "http://schemas.microsoft.com/win/2004/08/events/event"
            }
          }
        },
        "name": "Windows Firewall Settings Have Been Changed",
        "timestamp": "2025-08-19T07:18:57.040177+00:00",
        "authors": [
          "frack113",
          "Nasreddine Bencherchali (Nextron Systems)"
        ],
        "level": "low",
        "source": "sigma",
        "status": "experimental",
        "id": "00bb5bd5-1379-4fcf-a965-a5b6f7478064",
        "logsource": {
          "product": "windows",
          "service": "firewall-as"
        },
        "references": [
          "https://learn.microsoft.com/en-us/previous-versions/windows/it-pro/windows-server-2008-r2-and-2008/dd364427(v=ws.10)"
        ],
        "tags": [
          "attack.defense-evasion",
          "attack.t1562.004"
        ]
      },
      "matched_conditions": [],
      "time": null
    },
    {
      "rule_title": "Unknown",
      "rule_id": "0badd08f-c6a3-4630-90d3-6875cca440be",
      "level": "info",
      "file": "sigma",
      "event": {
        "group": "Sigma",
        "kind": "individual",
        "document": {
          "kind": "evtx",
          "path": "C:\\Users\\SKA580~1.BAT\\AppData\\Local\\Temp\\tmp1hg5atjf\\evtx\\Security.evtx",
          "data": {
            "Event": {
              "EventData": {
                "TargetUserName": "sk.batsiev",
                "LogonType": 7,
                "TargetUserSid": "S-1-5-21-963789628-1060504924-4285088085-1001",
                "TargetDomainName": "DESKTOP-OFJ6N53",
                "TargetLogonId": "0x195e4e"
              },
              "System": {
                "EventID": 4634,
                "Level": 0,
                "Provider_attributes": {
                  "Name": "Microsoft-Windows-Security-Auditing",
                  "Guid": "54849625-5478-4994-A5BA-3E3B0328C30D"
                },
                "Version": 0,
                "Task": 12545,
                "Opcode": 0,
                "TimeCreated_attributes": {
                  "SystemTime": "2025-08-19T07:20:06.124505Z"
                },
                "Execution_attributes": {
                  "ProcessID": 776,
                  "ThreadID": 860
                },
                "Correlation": null,
                "Keywords": "0x8020000000000000",
                "EventRecordID": 1087094,
                "Channel": "Security",
                "Computer": "DESKTOP-OFJ6N53",
                "Security": null
              }
            },
            "Event_attributes": {
              "xmlns": "http://schemas.microsoft.com/win/2004/08/events/event"
            }
          }
        },
        "name": "User Logoff Event",
        "timestamp": "2025-08-19T07:20:06.124505+00:00",
        "authors": [
          "frack113"
        ],
        "level": "info",
        "source": "sigma",
        "status": "experimental",
        "falsepositives": [
          "Unknown"
        ],
        "id": "0badd08f-c6a3-4630-90d3-6875cca440be",
        "logsource": {
          "product": "windows",
          "service": "security"
        },
        "references": [
          "https://github.com/Yamato-Security/EnableWindowsLogSettings/blob/7f6d755d45ac7cc9fc35b0cbf498e6aa4ef19def/ConfiguringSecurityLogAuditPolicies.md",
          "https://learn.microsoft.com/en-us/previous-versions/windows/it-pro/windows-10/security/threat-protection/auditing/event-4634",
          "https://learn.microsoft.com/en-us/previous-versions/windows/it-pro/windows-10/security/threat-protection/auditing/event-4647"
        ],
        "tags": [
          "attack.impact",
          "attack.t1531"
        ]
      },
      "matched_conditions": [],
      "time": null
    },
